2021-12-15 14:22:55,893 DEBUG Using fontManager instance from /Users/wdiepeveen/.matplotlib/fontlist-v330.json
2021-12-15 14:22:56,239 DEBUG Loaded backend module://backend_interagg version unknown.
2021-12-15 14:22:57,000 INFO Results folder is /Users/wdiepeveen/Documents/PhD/Projects/2 - Cryo-EM/src/src/Cryo-EM/tools/../results/expB1_21-12-15_14-22-57_L65_N512_r1_k90_lamV10_lamD500
2021-12-15 14:22:57,001 INFO Start Experiment
2021-12-15 14:22:57,001 INFO This experiment illustrates orientation refinement using a lifting approach
2021-12-15 14:22:57,154 INFO Computing 512 means of 14761 points in at most 20 steps...
2021-12-15 14:23:26,973 INFO Compute adjoint forward mapping on the images
2021-12-15 14:23:26,973 INFO Running through projections 0/512 = 0.0%
2021-12-15 14:23:27,214 DEBUG Corresponding type is already complex complex64.
2021-12-15 14:23:27,214 INFO Trying NFFT backend finufft
2021-12-15 14:23:27,219 INFO NFFT backend finufft usable.
2021-12-15 14:23:27,219 INFO Trying NFFT backend cufinufft
2021-12-15 14:23:27,220 INFO NFFT backend cufinufft not usable:
	No module named 'pycuda'
2021-12-15 14:23:27,220 INFO Trying NFFT backend pynfft
2021-12-15 14:23:27,220 INFO NFFT backend pynfft not usable:
	No module named 'pynfft'
2021-12-15 14:23:27,220 INFO Selected NFFT backend = finufft.
2021-12-15 14:23:27,282 DEBUG FinufftPlan adjusted eps=1.1920928955078125e-07 from requested 1e-08.
2021-12-15 14:23:27,565 INFO Determined adjoint mappings. Shape = (65, 65, 65)
2021-12-15 14:23:27,568 INFO Running through projections 0/512 = 0.0%
2021-12-15 14:23:27,770 DEBUG Corresponding type is already real float32.
2021-12-15 14:23:27,770 DEBUG anufft passed real_type for signal, converting
2021-12-15 14:23:27,819 DEBUG FinufftPlan adjusted eps=1.1920928955078125e-07 from requested 1e-08.
2021-12-15 14:23:28,353 INFO Computing non-centered Fourier Transform
2021-12-15 14:23:28,632 INFO Start Postprocessing
2021-12-15 14:23:28,632 INFO Postprocessing started
2021-12-15 14:23:31,498 CRITICAL unsupported operand type(s) for /: 'int' and 'NoneType'
Traceback:
  File "/Users/wdiepeveen/Documents/PhD/Projects/2 - Cryo-EM/src/src/Cryo-EM/projects/lifting_v2/experiments/experimentB1/experiment.py", line 51, in <module>
    post_processing(exp=exp)
  File "/Users/wdiepeveen/Documents/PhD/Projects/2 - Cryo-EM/src/src/Cryo-EM/projects/lifting_v2/experiments/experimentB1/E2_post_processing.py", line 38, in post_processing
    postfix = "_{}SNR_{}N".format(int(1 / snr), num_imgs)

