2023-01-10 13:32:31,684 INFO Results folder is /Users/wdiepeveen/Documents/PhD/Projects/2 - Cryo-EM/src/src/Cryo-EM/tools/../results/RELION_comparison_23-01-10_13-32-31
2023-01-10 13:33:06,223 INFO Compute adjoint forward mapping on the images
2023-01-10 13:33:08,102 DEBUG Corresponding type is already complex complex128.
2023-01-10 13:33:08,102 INFO Trying NFFT backend finufft
2023-01-10 13:33:08,147 INFO NFFT backend finufft usable.
2023-01-10 13:33:08,147 INFO Trying NFFT backend cufinufft
2023-01-10 13:33:08,149 INFO NFFT backend cufinufft not usable:
	No module named 'pycuda'
2023-01-10 13:33:08,149 INFO Trying NFFT backend pynfft
2023-01-10 13:33:08,149 INFO NFFT backend pynfft not usable:
	No module named 'pynfft'
2023-01-10 13:33:08,149 INFO Selected NFFT backend = finufft.
2023-01-10 13:33:10,567 INFO Determined adjoint mappings. Shape = (91, 91, 91)
2023-01-10 13:33:10,586 INFO Computing adjoint forward mappings from 2048 rotations at 50%
2023-01-10 13:33:12,325 DEBUG Corresponding type is already complex complex128.
2023-01-10 13:33:14,791 INFO Determined adjoint mappings. Shape = (91, 91, 91)
2023-01-10 13:33:14,808 INFO Computing adjoint forward mappings from 2048 rotations at 100%
2023-01-10 13:33:15,720 DEBUG Corresponding type is already real float64.
2023-01-10 13:33:15,720 DEBUG anufft passed real_type for signal, converting
2023-01-10 13:33:22,103 INFO Computing kernel from 2048 rotations at 50%
2023-01-10 13:33:23,053 DEBUG Corresponding type is already real float64.
2023-01-10 13:33:23,053 DEBUG anufft passed real_type for signal, converting
2023-01-10 13:33:29,454 INFO Computing kernel from 2048 rotations at 100%
2023-01-10 13:33:29,455 INFO Computing non-centered Fourier Transform
2023-01-10 13:33:29,650 INFO Add ramp filter regularisation
