2023-01-10 13:37:35,064 INFO Results folder is /Users/wdiepeveen/Documents/PhD/Projects/2 - Cryo-EM/src/src/Cryo-EM/tools/../results/RELION_comparison_23-01-10_13-37-35
2023-01-10 13:38:09,820 INFO Compute adjoint forward mapping on the images
2023-01-10 13:38:11,719 DEBUG Corresponding type is already complex complex128.
2023-01-10 13:38:11,719 INFO Trying NFFT backend finufft
2023-01-10 13:38:11,752 INFO NFFT backend finufft usable.
2023-01-10 13:38:11,752 INFO Trying NFFT backend cufinufft
2023-01-10 13:38:11,753 INFO NFFT backend cufinufft not usable:
	No module named 'pycuda'
2023-01-10 13:38:11,753 INFO Trying NFFT backend pynfft
2023-01-10 13:38:11,754 INFO NFFT backend pynfft not usable:
	No module named 'pynfft'
2023-01-10 13:38:11,754 INFO Selected NFFT backend = finufft.
2023-01-10 13:38:14,313 INFO Determined adjoint mappings. Shape = (91, 91, 91)
2023-01-10 13:38:14,332 INFO Computing adjoint forward mappings from 2048 rotations at 50%
2023-01-10 13:38:15,986 DEBUG Corresponding type is already complex complex128.
2023-01-10 13:38:18,549 INFO Determined adjoint mappings. Shape = (91, 91, 91)
2023-01-10 13:38:18,566 INFO Computing adjoint forward mappings from 2048 rotations at 100%
2023-01-10 13:38:19,519 DEBUG Corresponding type is already real float64.
2023-01-10 13:38:19,519 DEBUG anufft passed real_type for signal, converting
2023-01-10 13:38:25,905 INFO Computing kernel from 2048 rotations at 50%
2023-01-10 13:38:26,858 DEBUG Corresponding type is already real float64.
2023-01-10 13:38:26,858 DEBUG anufft passed real_type for signal, converting
2023-01-10 13:38:33,277 INFO Computing kernel from 2048 rotations at 100%
2023-01-10 13:38:33,277 INFO Computing non-centered Fourier Transform
2023-01-10 13:38:33,456 INFO Add ramp filter regularisation
