2023-01-10 13:36:09,114 INFO Results folder is /Users/wdiepeveen/Documents/PhD/Projects/2 - Cryo-EM/src/src/Cryo-EM/tools/../results/RELION_comparison_23-01-10_13-36-09
2023-01-10 13:36:42,463 INFO Compute adjoint forward mapping on the images
2023-01-10 13:36:44,137 DEBUG Corresponding type is already complex complex128.
2023-01-10 13:36:44,137 INFO Trying NFFT backend finufft
2023-01-10 13:36:44,180 INFO NFFT backend finufft usable.
2023-01-10 13:36:44,180 INFO Trying NFFT backend cufinufft
2023-01-10 13:36:44,181 INFO NFFT backend cufinufft not usable:
	No module named 'pycuda'
2023-01-10 13:36:44,181 INFO Trying NFFT backend pynfft
2023-01-10 13:36:44,182 INFO NFFT backend pynfft not usable:
	No module named 'pynfft'
2023-01-10 13:36:44,182 INFO Selected NFFT backend = finufft.
2023-01-10 13:36:46,587 INFO Determined adjoint mappings. Shape = (91, 91, 91)
2023-01-10 13:36:46,605 INFO Computing adjoint forward mappings from 2048 rotations at 50%
2023-01-10 13:36:48,120 DEBUG Corresponding type is already complex complex128.
2023-01-10 13:36:50,370 INFO Determined adjoint mappings. Shape = (91, 91, 91)
2023-01-10 13:36:50,386 INFO Computing adjoint forward mappings from 2048 rotations at 100%
2023-01-10 13:36:51,272 DEBUG Corresponding type is already real float64.
2023-01-10 13:36:51,273 DEBUG anufft passed real_type for signal, converting
2023-01-10 13:36:57,124 INFO Computing kernel from 2048 rotations at 50%
2023-01-10 13:36:57,956 DEBUG Corresponding type is already real float64.
2023-01-10 13:36:57,957 DEBUG anufft passed real_type for signal, converting
2023-01-10 13:37:03,944 INFO Computing kernel from 2048 rotations at 100%
2023-01-10 13:37:03,944 INFO Computing non-centered Fourier Transform
2023-01-10 13:37:04,114 INFO Add ramp filter regularisation
