2023-01-10 16:33:33,558 INFO Results folder is /Users/wdiepeveen/Documents/PhD/Projects/2 - Cryo-EM/src/src/Cryo-EM/tools/../results/RELION_comparison_23-01-10_16-33-33
2023-01-10 16:34:06,328 INFO Compute adjoint forward mapping on the images
2023-01-10 16:34:08,230 DEBUG Corresponding type is already complex complex128.
2023-01-10 16:34:08,230 INFO Trying NFFT backend finufft
2023-01-10 16:34:08,279 INFO NFFT backend finufft usable.
2023-01-10 16:34:08,280 INFO Trying NFFT backend cufinufft
2023-01-10 16:34:08,282 INFO NFFT backend cufinufft not usable:
	No module named 'pycuda'
2023-01-10 16:34:08,282 INFO Trying NFFT backend pynfft
2023-01-10 16:34:08,282 INFO NFFT backend pynfft not usable:
	No module named 'pynfft'
2023-01-10 16:34:08,282 INFO Selected NFFT backend = finufft.
2023-01-10 16:34:10,977 INFO Determined adjoint mappings. Shape = (91, 91, 91)
2023-01-10 16:34:10,997 INFO Computing adjoint forward mappings from 2048 rotations at 50%
2023-01-10 16:34:12,564 DEBUG Corresponding type is already complex complex128.
2023-01-10 16:34:15,200 INFO Determined adjoint mappings. Shape = (91, 91, 91)
2023-01-10 16:34:15,219 INFO Computing adjoint forward mappings from 2048 rotations at 100%
2023-01-10 16:34:16,180 DEBUG Corresponding type is already real float64.
2023-01-10 16:34:16,180 DEBUG anufft passed real_type for signal, converting
2023-01-10 16:34:23,886 INFO Computing kernel from 2048 rotations at 50%
2023-01-10 16:34:24,871 DEBUG Corresponding type is already real float64.
2023-01-10 16:34:24,871 DEBUG anufft passed real_type for signal, converting
2023-01-10 16:34:31,519 INFO Computing kernel from 2048 rotations at 100%
2023-01-10 16:34:31,520 INFO Computing non-centered Fourier Transform
2023-01-10 16:34:31,705 INFO Add ramp filter regularisation
