2021-12-15 14:21:48,764 DEBUG Using fontManager instance from /Users/wdiepeveen/.matplotlib/fontlist-v330.json
2021-12-15 14:21:49,073 DEBUG Loaded backend module://backend_interagg version unknown.
2021-12-15 14:21:49,770 INFO Results folder is /Users/wdiepeveen/Documents/PhD/Projects/2 - Cryo-EM/src/src/Cryo-EM/tools/../results/expB1_21-12-15_14-21-49_L65_N512_r1_k90_lamV10_lamD500
2021-12-15 14:21:49,771 INFO Start Experiment
2021-12-15 14:21:49,772 INFO This experiment illustrates orientation refinement using a lifting approach
2021-12-15 14:21:49,921 INFO Computing 512 means of 14761 points in at most 20 steps...
2021-12-15 14:22:20,300 INFO Compute adjoint forward mapping on the images
2021-12-15 14:22:20,300 INFO Running through projections 0/512 = 0.0%
2021-12-15 14:22:20,540 DEBUG Corresponding type is already complex complex64.
2021-12-15 14:22:20,540 INFO Trying NFFT backend finufft
2021-12-15 14:22:20,547 INFO NFFT backend finufft usable.
2021-12-15 14:22:20,547 INFO Trying NFFT backend cufinufft
2021-12-15 14:22:20,548 INFO NFFT backend cufinufft not usable:
	No module named 'pycuda'
2021-12-15 14:22:20,548 INFO Trying NFFT backend pynfft
2021-12-15 14:22:20,548 INFO NFFT backend pynfft not usable:
	No module named 'pynfft'
2021-12-15 14:22:20,548 INFO Selected NFFT backend = finufft.
2021-12-15 14:22:20,605 DEBUG FinufftPlan adjusted eps=1.1920928955078125e-07 from requested 1e-08.
2021-12-15 14:22:20,882 INFO Determined adjoint mappings. Shape = (65, 65, 65)
2021-12-15 14:22:20,886 INFO Running through projections 0/512 = 0.0%
2021-12-15 14:22:21,084 DEBUG Corresponding type is already real float32.
2021-12-15 14:22:21,084 DEBUG anufft passed real_type for signal, converting
2021-12-15 14:22:21,130 DEBUG FinufftPlan adjusted eps=1.1920928955078125e-07 from requested 1e-08.
2021-12-15 14:22:21,680 INFO Computing non-centered Fourier Transform
2021-12-15 14:22:24,764 CRITICAL 'Refinement_Plan1' object has no attribute 'volume_reg_param'
Traceback:
  File "/Users/wdiepeveen/Documents/PhD/Projects/2 - Cryo-EM/src/src/Cryo-EM/projects/lifting_v2/experiments/experimentB1/experiment.py", line 45, in <module>
    data_filename=data_filename,
  File "/Users/wdiepeveen/Documents/PhD/Projects/2 - Cryo-EM/src/src/Cryo-EM/projects/lifting_v2/experiments/experimentB1/E1_run.py", line 76, in run_experiment
    solver.solve()
  File "/Users/wdiepeveen/Documents/PhD/Projects/2 - Cryo-EM/src/src/Cryo-EM/projects/lifting_v2/src/solvers/__init__.py", line 30, in solve
    self.step_solver()
  File "/Users/wdiepeveen/Documents/PhD/Projects/2 - Cryo-EM/src/src/Cryo-EM/projects/lifting_v2/src/solvers/refinement_solver1.py", line 51, in step_solver
    self.volume_step()
  File "/Users/wdiepeveen/Documents/PhD/Projects/2 - Cryo-EM/src/src/Cryo-EM/projects/lifting_v2/src/solvers/refinement_solver1.py", line 114, in volume_step
    f_kernel += self.plan.volume_reg_param * self.plan.squared_noise_level

