2021-02-15 15:31:48,276 DEBUG Using fontManager instance from /Users/wdiepeveen/.matplotlib/fontlist-v330.json
2021-02-15 15:31:48,478 INFO This script illustrates orientation refinement using lRCPA as primal-dual splitting method
2021-02-15 15:31:48,486 DEBUG Corresponding type is already real float32.
2021-02-15 15:31:48,487 DEBUG nufft passed real_type for signal, converting
2021-02-15 15:31:48,487 INFO Trying NFFT backend finufft
2021-02-15 15:31:48,493 INFO NFFT backend finufft usable.
2021-02-15 15:31:48,493 INFO Trying NFFT backend cufinufft
2021-02-15 15:31:48,494 INFO NFFT backend cufinufft not usable:
	No module named 'pycuda'
2021-02-15 15:31:48,494 INFO Trying NFFT backend pynfft
2021-02-15 15:31:48,494 INFO NFFT backend pynfft not usable:
	No module named 'pynfft'
2021-02-15 15:31:48,495 INFO Selected NFFT backend = finufft.
2021-02-15 15:31:48,498 DEBUG FinufftPlan adjusted eps=1.1920928955078125e-07 from requested 1e-08.
2021-02-15 15:31:48,665 INFO Applying forward transformations in pipeline
2021-02-15 15:31:48,665 INFO All forward transformations applied
2021-02-15 15:31:48,665 INFO Loaded 128 images
2021-02-15 15:31:50,601 CRITICAL Missing columns and no default value provided
Traceback:
  File "/Users/wdiepeveen/Documents/PhD/Projects/2 - Cryo-EM/src/src/Cryo-EM/test.py", line 38, in <module>
    print(data_fidelity_l2(prob))
  File "/Users/wdiepeveen/Documents/PhD/Projects/2 - Cryo-EM/src/src/Cryo-EM/functions/cost_functions.py", line 10, in data_fidelity_l2
    Au = src.forward()  # here we should have an Image object of size n x L x L
  File "/Users/wdiepeveen/Documents/PhD/Projects/2 - Cryo-EM/src/src/Cryo-EM/problems/primal_dual_problem.py", line 130, in forward
    im = self.projections(start=start, num=num, indices=indices)
  File "/Users/wdiepeveen/Documents/PhD/Projects/2 - Cryo-EM/src/src/Cryo-EM/problems/primal_dual_problem.py", line 114, in projections
    states = self.states[indices]
  File "/Users/wdiepeveen/PycharmProjects/Cryo-EM/lib/python3.6/site-packages/aspire/source/__init__.py", line 119, in states
    return self.get_metadata("_rlnClassNumber")
  File "/Users/wdiepeveen/PycharmProjects/Cryo-EM/lib/python3.6/site-packages/aspire/source/__init__.py", line 293, in get_metadata
    raise RuntimeError("Missing columns and no default value provided")

