2021-03-01 17:16:15,919 DEBUG Using fontManager instance from /Users/wdiepeveen/.matplotlib/fontlist-v330.json
2021-03-01 17:16:16,276 DEBUG Loaded backend module://backend_interagg version unknown.
2021-03-01 17:16:16,537 INFO Results folder is results/pd_vol_rot_reconstruction_21-03-01_17-16-16
2021-03-01 17:16:16,538 INFO Start Postprocessing
2021-03-01 17:16:16,538 INFO Postprocessing started
2021-03-01 17:16:16,543 DEBUG Corresponding type is already real float32.
2021-03-01 17:16:16,543 DEBUG nufft passed real_type for signal, converting
2021-03-01 17:16:16,544 INFO Trying NFFT backend finufft
2021-03-01 17:16:16,549 INFO NFFT backend finufft usable.
2021-03-01 17:16:16,549 INFO Trying NFFT backend cufinufft
2021-03-01 17:16:16,550 INFO NFFT backend cufinufft not usable:
	No module named 'pycuda'
2021-03-01 17:16:16,550 INFO Trying NFFT backend pynfft
2021-03-01 17:16:16,550 INFO NFFT backend pynfft not usable:
	No module named 'pynfft'
2021-03-01 17:16:16,551 INFO Selected NFFT backend = finufft.
2021-03-01 17:16:16,551 DEBUG FinufftPlan adjusted eps=1.1920928955078125e-07 from requested 1e-08.
2021-03-01 17:16:16,690 INFO Applying forward transformations in pipeline
2021-03-01 17:16:16,691 INFO All forward transformations applied
2021-03-01 17:16:16,691 INFO Loaded 1 images
2021-03-01 17:16:16,703 DEBUG Corresponding type is already real float32.
2021-03-01 17:16:16,703 DEBUG nufft passed real_type for signal, converting
2021-03-01 17:16:16,703 DEBUG FinufftPlan adjusted eps=1.1920928955078125e-07 from requested 1e-08.
2021-03-01 17:16:16,800 INFO Applying forward transformations in pipeline
2021-03-01 17:16:16,800 INFO All forward transformations applied
2021-03-01 17:16:16,800 INFO Loaded 1 images
2021-03-01 17:16:16,805 INFO MSE deviation of the estimated rotations using register_rotations : 2.7283983232920304
2021-03-01 17:16:18,952 CRITICAL list indices must be integers or slices, not tuple
Traceback:
  File "/Users/wdiepeveen/Documents/PhD/Projects/2 - Cryo-EM/src/src/Cryo-EM/main.py", line 4, in <module>
    run_experiment()
  File "/Users/wdiepeveen/Documents/PhD/Projects/2 - Cryo-EM/src/src/Cryo-EM/experiments/primal_dual_volume_and_rotation_reconstruction/__init__.py", line 82, in run_experiment
    results_folder=results_folder
  File "/Users/wdiepeveen/Documents/PhD/Projects/2 - Cryo-EM/src/src/Cryo-EM/experiments/primal_dual_volume_and_rotation_reconstruction/postprocessing.py", line 88, in postprocessing
    exp.save_table("result_table_rot_mse", rot_mse_values, headers=rot_mse_headers)
  File "/Users/wdiepeveen/Documents/PhD/Projects/2 - Cryo-EM/src/src/Cryo-EM/tools/exp_tools.py", line 158, in save_table
    table_data += "{}".format(headers[row, col])

