2021-02-16 10:48:27,577 DEBUG Using fontManager instance from /Users/wdiepeveen/.matplotlib/fontlist-v330.json
2021-02-16 10:48:27,795 INFO This script illustrates orientation refinement using lRCPA as primal-dual splitting method
2021-02-16 10:48:27,803 DEBUG Corresponding type is already real float32.
2021-02-16 10:48:27,803 DEBUG nufft passed real_type for signal, converting
2021-02-16 10:48:27,803 INFO Trying NFFT backend finufft
2021-02-16 10:48:27,809 INFO NFFT backend finufft usable.
2021-02-16 10:48:27,809 INFO Trying NFFT backend cufinufft
2021-02-16 10:48:27,810 INFO NFFT backend cufinufft not usable:
	No module named 'pycuda'
2021-02-16 10:48:27,810 INFO Trying NFFT backend pynfft
2021-02-16 10:48:27,810 INFO NFFT backend pynfft not usable:
	No module named 'pynfft'
2021-02-16 10:48:27,810 INFO Selected NFFT backend = finufft.
2021-02-16 10:48:27,814 DEBUG FinufftPlan adjusted eps=1.1920928955078125e-07 from requested 1e-08.
2021-02-16 10:48:27,988 INFO Applying forward transformations in pipeline
2021-02-16 10:48:27,988 INFO All forward transformations applied
2021-02-16 10:48:27,989 INFO Loaded 128 images
2021-02-16 10:48:27,990 WARNING PrimalDualProblem vols.dtype float64 != self.dtype float32. In the future this will raise an error.
2021-02-16 10:48:28,019 INFO Testing data fidelity
2021-02-16 10:48:28,022 WARNING Volume rot_matrices.dtype float32 != self.dtype float64. In the future this will raise an error.
2021-02-16 10:48:28,028 DEBUG Corresponding type is already real float64.
2021-02-16 10:48:28,028 WARNING nufft passed inconsistent dtypes. fourier_pts: float32 forcing precision of signal data: float64.
2021-02-16 10:48:28,029 DEBUG Corresponding type is already real float64.
2021-02-16 10:48:28,031 DEBUG nufft passed real_type for signal, converting
2021-02-16 10:48:28,176 INFO Testing grad norm fidelity
2021-02-16 10:48:28,178 INFO Testing rotation fidelity
2021-02-16 10:48:28,376 INFO Testing differential
2021-02-16 10:48:28,381 WARNING Volume rot_matrices.dtype float32 != self.dtype float64. In the future this will raise an error.
2021-02-16 10:48:28,386 DEBUG Corresponding type is already real float64.
2021-02-16 10:48:28,386 WARNING nufft passed inconsistent dtypes. fourier_pts: float32 forcing precision of signal data: float64.
2021-02-16 10:48:28,386 DEBUG Corresponding type is already real float64.
2021-02-16 10:48:28,387 DEBUG nufft passed real_type for signal, converting
