2021-02-27 14:58:10,070 INFO This script illustrates orientation refinement using lRCPA as primal-dual splitting method
2021-02-27 14:58:10,140 DEBUG Corresponding type is already real float32.
2021-02-27 14:58:10,140 DEBUG nufft passed real_type for signal, converting
2021-02-27 14:58:10,141 INFO Trying NFFT backend finufft
2021-02-27 14:58:10,147 INFO NFFT backend finufft usable.
2021-02-27 14:58:10,147 INFO Trying NFFT backend cufinufft
2021-02-27 14:58:10,148 INFO NFFT backend cufinufft not usable:
	No module named 'pycuda'
2021-02-27 14:58:10,148 INFO Trying NFFT backend pynfft
2021-02-27 14:58:10,148 INFO NFFT backend pynfft not usable:
	No module named 'pynfft'
2021-02-27 14:58:10,148 INFO Selected NFFT backend = finufft.
2021-02-27 14:58:10,162 DEBUG FinufftPlan adjusted eps=1.1920928955078125e-07 from requested 1e-08.
2021-02-27 14:58:10,466 INFO Applying forward transformations in pipeline
2021-02-27 14:58:10,466 INFO All forward transformations applied
2021-02-27 14:58:10,466 INFO Loaded 128 images
2021-02-27 14:58:10,487 INFO ========= Iteration 1 =========
2021-02-27 14:58:10,487 INFO Iteration 1 | descent step u
2021-02-27 14:58:10,516 DEBUG Corresponding type is already real float32.
2021-02-27 14:58:10,516 DEBUG nufft passed real_type for signal, converting
2021-02-27 14:58:10,530 DEBUG FinufftPlan adjusted eps=1.1920928955078125e-07 from requested 1e-08.
2021-02-27 14:58:10,868 DEBUG Corresponding type is already complex complex64.
2021-02-27 14:58:10,881 DEBUG FinufftPlan adjusted eps=1.1920928955078125e-07 from requested 1e-08.
2021-02-27 14:58:10,989 INFO Determined adjoint mappings. Shape = (65, 65, 65)
2021-02-27 14:58:11,000 INFO Iteration 1 | primal-dual step g
2021-02-27 14:58:11,058 DEBUG Corresponding type is already real float32.
2021-02-27 14:58:11,058 DEBUG nufft passed real_type for signal, converting
2021-02-27 14:58:11,073 DEBUG FinufftPlan adjusted eps=1.1920928955078125e-07 from requested 1e-08.
2021-02-27 14:58:11,315 DEBUG Corresponding type is already real float32.
2021-02-27 14:58:11,315 DEBUG nufft passed real_type for signal, converting
2021-02-27 14:58:11,334 DEBUG FinufftPlan adjusted eps=1.1920928955078125e-07 from requested 1e-08.
2021-02-27 14:58:11,596 DEBUG Corresponding type is already real float32.
2021-02-27 14:58:11,596 DEBUG nufft passed real_type for signal, converting
2021-02-27 14:58:11,615 DEBUG FinufftPlan adjusted eps=1.1920928955078125e-07 from requested 1e-08.
2021-02-27 14:58:11,881 DEBUG Corresponding type is already real float32.
2021-02-27 14:58:11,881 DEBUG nufft passed real_type for signal, converting
2021-02-27 14:58:11,899 DEBUG FinufftPlan adjusted eps=1.1920928955078125e-07 from requested 1e-08.
2021-02-27 14:58:12,128 DEBUG Corresponding type is already real float32.
2021-02-27 14:58:12,128 DEBUG nufft passed real_type for signal, converting
2021-02-27 14:58:12,146 DEBUG FinufftPlan adjusted eps=1.1920928955078125e-07 from requested 1e-08.
2021-02-27 14:58:12,389 DEBUG Corresponding type is already real float32.
2021-02-27 14:58:12,389 DEBUG nufft passed real_type for signal, converting
2021-02-27 14:58:12,407 DEBUG FinufftPlan adjusted eps=1.1920928955078125e-07 from requested 1e-08.
2021-02-27 14:58:13,255 DEBUG Corresponding type is already real float32.
2021-02-27 14:58:13,255 DEBUG nufft passed real_type for signal, converting
2021-02-27 14:58:13,271 DEBUG FinufftPlan adjusted eps=1.1920928955078125e-07 from requested 1e-08.
2021-02-27 14:58:13,512 DEBUG Corresponding type is already real float32.
2021-02-27 14:58:13,512 DEBUG nufft passed real_type for signal, converting
2021-02-27 14:58:13,531 DEBUG FinufftPlan adjusted eps=1.1920928955078125e-07 from requested 1e-08.
2021-02-27 14:58:13,774 DEBUG Corresponding type is already real float32.
2021-02-27 14:58:13,774 DEBUG nufft passed real_type for signal, converting
2021-02-27 14:58:13,797 DEBUG FinufftPlan adjusted eps=1.1920928955078125e-07 from requested 1e-08.
2021-02-27 14:58:14,035 DEBUG Corresponding type is already real float32.
2021-02-27 14:58:14,036 DEBUG nufft passed real_type for signal, converting
2021-02-27 14:58:14,054 DEBUG FinufftPlan adjusted eps=1.1920928955078125e-07 from requested 1e-08.
2021-02-27 14:58:14,292 DEBUG Corresponding type is already real float32.
2021-02-27 14:58:14,292 DEBUG nufft passed real_type for signal, converting
2021-02-27 14:58:14,315 DEBUG FinufftPlan adjusted eps=1.1920928955078125e-07 from requested 1e-08.
2021-02-27 14:58:14,569 DEBUG Corresponding type is already real float32.
2021-02-27 14:58:14,569 DEBUG nufft passed real_type for signal, converting
2021-02-27 14:58:14,588 DEBUG FinufftPlan adjusted eps=1.1920928955078125e-07 from requested 1e-08.
2021-02-27 14:58:14,867 DEBUG Corresponding type is already real float32.
2021-02-27 14:58:14,867 DEBUG nufft passed real_type for signal, converting
2021-02-27 14:58:14,885 DEBUG FinufftPlan adjusted eps=1.1920928955078125e-07 from requested 1e-08.
2021-02-27 14:58:15,334 INFO Iteration 1 | Cost = 1.272592014139877e-10 | Relative Error = 1.0
2021-02-27 14:58:15,335 INFO Iteration 1 | Relative Error u = 1.0 | Relative Error g = 1.0
2021-02-27 14:58:15,335 INFO ========= Iteration 2 =========
2021-02-27 14:58:15,335 INFO Iteration 2 | descent step u
2021-02-27 14:58:15,393 DEBUG Corresponding type is already real float32.
2021-02-27 14:58:15,393 DEBUG nufft passed real_type for signal, converting
2021-02-27 14:58:15,409 DEBUG FinufftPlan adjusted eps=1.1920928955078125e-07 from requested 1e-08.
2021-02-27 14:58:15,752 DEBUG Corresponding type is already complex complex64.
2021-02-27 14:58:15,765 DEBUG FinufftPlan adjusted eps=1.1920928955078125e-07 from requested 1e-08.
2021-02-27 14:58:15,867 INFO Determined adjoint mappings. Shape = (65, 65, 65)
2021-02-27 14:58:15,878 INFO Iteration 2 | primal-dual step g
2021-02-27 14:58:15,931 DEBUG Corresponding type is already real float32.
2021-02-27 14:58:15,931 DEBUG nufft passed real_type for signal, converting
2021-02-27 14:58:15,947 DEBUG FinufftPlan adjusted eps=1.1920928955078125e-07 from requested 1e-08.
2021-02-27 14:58:16,190 DEBUG Corresponding type is already real float32.
2021-02-27 14:58:16,190 DEBUG nufft passed real_type for signal, converting
2021-02-27 14:58:16,209 DEBUG FinufftPlan adjusted eps=1.1920928955078125e-07 from requested 1e-08.
2021-02-27 14:58:16,450 DEBUG Corresponding type is already real float32.
2021-02-27 14:58:16,450 DEBUG nufft passed real_type for signal, converting
2021-02-27 14:58:16,468 DEBUG FinufftPlan adjusted eps=1.1920928955078125e-07 from requested 1e-08.
2021-02-27 14:58:16,728 DEBUG Corresponding type is already real float32.
2021-02-27 14:58:16,729 DEBUG nufft passed real_type for signal, converting
2021-02-27 14:58:16,747 DEBUG FinufftPlan adjusted eps=1.1920928955078125e-07 from requested 1e-08.
2021-02-27 14:58:16,982 DEBUG Corresponding type is already real float32.
2021-02-27 14:58:16,982 DEBUG nufft passed real_type for signal, converting
2021-02-27 14:58:17,004 DEBUG FinufftPlan adjusted eps=1.1920928955078125e-07 from requested 1e-08.
2021-02-27 14:58:17,248 DEBUG Corresponding type is already real float32.
2021-02-27 14:58:17,249 DEBUG nufft passed real_type for signal, converting
2021-02-27 14:58:17,267 DEBUG FinufftPlan adjusted eps=1.1920928955078125e-07 from requested 1e-08.
2021-02-27 14:58:18,100 DEBUG Corresponding type is already real float32.
2021-02-27 14:58:18,100 DEBUG nufft passed real_type for signal, converting
2021-02-27 14:58:18,115 DEBUG FinufftPlan adjusted eps=1.1920928955078125e-07 from requested 1e-08.
2021-02-27 14:58:18,347 DEBUG Corresponding type is already real float32.
2021-02-27 14:58:18,347 DEBUG nufft passed real_type for signal, converting
2021-02-27 14:58:18,365 DEBUG FinufftPlan adjusted eps=1.1920928955078125e-07 from requested 1e-08.
2021-02-27 14:58:18,599 DEBUG Corresponding type is already real float32.
2021-02-27 14:58:18,599 DEBUG nufft passed real_type for signal, converting
2021-02-27 14:58:18,617 DEBUG FinufftPlan adjusted eps=1.1920928955078125e-07 from requested 1e-08.
2021-02-27 14:58:18,845 DEBUG Corresponding type is already real float32.
2021-02-27 14:58:18,845 DEBUG nufft passed real_type for signal, converting
2021-02-27 14:58:18,864 DEBUG FinufftPlan adjusted eps=1.1920928955078125e-07 from requested 1e-08.
2021-02-27 14:58:19,094 DEBUG Corresponding type is already real float32.
2021-02-27 14:58:19,094 DEBUG nufft passed real_type for signal, converting
2021-02-27 14:58:19,112 DEBUG FinufftPlan adjusted eps=1.1920928955078125e-07 from requested 1e-08.
2021-02-27 14:58:19,340 DEBUG Corresponding type is already real float32.
2021-02-27 14:58:19,340 DEBUG nufft passed real_type for signal, converting
2021-02-27 14:58:19,358 DEBUG FinufftPlan adjusted eps=1.1920928955078125e-07 from requested 1e-08.
2021-02-27 14:58:19,616 DEBUG Corresponding type is already real float32.
2021-02-27 14:58:19,616 DEBUG nufft passed real_type for signal, converting
2021-02-27 14:58:19,637 DEBUG FinufftPlan adjusted eps=1.1920928955078125e-07 from requested 1e-08.
2021-02-27 14:58:20,005 INFO Iteration 2 | Cost = 1.2722814068740383e-10 | Relative Error = 0.11602952666123756
2021-02-27 14:58:20,006 INFO Iteration 2 | Relative Error u = 0.999734103679657 | Relative Error g = 0.015461879968528044
2021-02-27 14:58:20,006 INFO ========= Iteration 3 =========
2021-02-27 14:58:20,006 INFO Iteration 3 | descent step u
2021-02-27 14:58:20,029 DEBUG Corresponding type is already real float32.
2021-02-27 14:58:20,029 DEBUG nufft passed real_type for signal, converting
2021-02-27 14:58:20,043 DEBUG FinufftPlan adjusted eps=1.1920928955078125e-07 from requested 1e-08.
2021-02-27 14:58:20,372 DEBUG Corresponding type is already complex complex64.
2021-02-27 14:58:20,385 DEBUG FinufftPlan adjusted eps=1.1920928955078125e-07 from requested 1e-08.
2021-02-27 14:58:20,483 INFO Determined adjoint mappings. Shape = (65, 65, 65)
2021-02-27 14:58:20,493 INFO Iteration 3 | primal-dual step g
2021-02-27 14:58:20,540 DEBUG Corresponding type is already real float32.
2021-02-27 14:58:20,540 DEBUG nufft passed real_type for signal, converting
2021-02-27 14:58:20,555 DEBUG FinufftPlan adjusted eps=1.1920928955078125e-07 from requested 1e-08.
2021-02-27 14:58:20,794 DEBUG Corresponding type is already real float32.
2021-02-27 14:58:20,794 DEBUG nufft passed real_type for signal, converting
2021-02-27 14:58:20,812 DEBUG FinufftPlan adjusted eps=1.1920928955078125e-07 from requested 1e-08.
2021-02-27 14:58:21,048 DEBUG Corresponding type is already real float32.
2021-02-27 14:58:21,048 DEBUG nufft passed real_type for signal, converting
2021-02-27 14:58:21,067 DEBUG FinufftPlan adjusted eps=1.1920928955078125e-07 from requested 1e-08.
2021-02-27 14:58:21,304 DEBUG Corresponding type is already real float32.
2021-02-27 14:58:21,304 DEBUG nufft passed real_type for signal, converting
2021-02-27 14:58:21,322 DEBUG FinufftPlan adjusted eps=1.1920928955078125e-07 from requested 1e-08.
2021-02-27 14:58:21,552 DEBUG Corresponding type is already real float32.
2021-02-27 14:58:21,553 DEBUG nufft passed real_type for signal, converting
2021-02-27 14:58:21,573 DEBUG FinufftPlan adjusted eps=1.1920928955078125e-07 from requested 1e-08.
2021-02-27 14:58:21,822 DEBUG Corresponding type is already real float32.
2021-02-27 14:58:21,822 DEBUG nufft passed real_type for signal, converting
2021-02-27 14:58:21,843 DEBUG FinufftPlan adjusted eps=1.1920928955078125e-07 from requested 1e-08.
2021-02-27 14:58:22,653 DEBUG Corresponding type is already real float32.
2021-02-27 14:58:22,653 DEBUG nufft passed real_type for signal, converting
2021-02-27 14:58:22,665 DEBUG FinufftPlan adjusted eps=1.1920928955078125e-07 from requested 1e-08.
2021-02-27 14:58:22,899 DEBUG Corresponding type is already real float32.
2021-02-27 14:58:22,899 DEBUG nufft passed real_type for signal, converting
2021-02-27 14:58:22,920 DEBUG FinufftPlan adjusted eps=1.1920928955078125e-07 from requested 1e-08.
2021-02-27 14:58:23,153 DEBUG Corresponding type is already real float32.
2021-02-27 14:58:23,153 DEBUG nufft passed real_type for signal, converting
2021-02-27 14:58:23,171 DEBUG FinufftPlan adjusted eps=1.1920928955078125e-07 from requested 1e-08.
2021-02-27 14:58:23,402 DEBUG Corresponding type is already real float32.
2021-02-27 14:58:23,402 DEBUG nufft passed real_type for signal, converting
2021-02-27 14:58:23,423 DEBUG FinufftPlan adjusted eps=1.1920928955078125e-07 from requested 1e-08.
2021-02-27 14:58:23,650 DEBUG Corresponding type is already real float32.
2021-02-27 14:58:23,651 DEBUG nufft passed real_type for signal, converting
2021-02-27 14:58:23,669 DEBUG FinufftPlan adjusted eps=1.1920928955078125e-07 from requested 1e-08.
2021-02-27 14:58:23,921 DEBUG Corresponding type is already real float32.
2021-02-27 14:58:23,921 DEBUG nufft passed real_type for signal, converting
2021-02-27 14:58:23,941 DEBUG FinufftPlan adjusted eps=1.1920928955078125e-07 from requested 1e-08.
2021-02-27 14:58:24,229 DEBUG Corresponding type is already real float32.
2021-02-27 14:58:24,229 DEBUG nufft passed real_type for signal, converting
2021-02-27 14:58:24,248 DEBUG FinufftPlan adjusted eps=1.1920928955078125e-07 from requested 1e-08.
2021-02-27 14:58:24,846 INFO Iteration 3 | Cost = 1.271978872084516e-10 | Relative Error = 0.11498779609429356
2021-02-27 14:58:24,846 INFO Iteration 3 | Relative Error u = 0.9994733929634094 | Relative Error g = 0.0014745552861667015
2021-02-27 14:58:24,846 INFO ========= Iteration 4 =========
2021-02-27 14:58:24,846 INFO Iteration 4 | descent step u
2021-02-27 14:58:24,899 DEBUG Corresponding type is already real float32.
2021-02-27 14:58:24,899 DEBUG nufft passed real_type for signal, converting
2021-02-27 14:58:24,914 DEBUG FinufftPlan adjusted eps=1.1920928955078125e-07 from requested 1e-08.
2021-02-27 14:58:25,268 DEBUG Corresponding type is already complex complex64.
2021-02-27 14:58:25,281 DEBUG FinufftPlan adjusted eps=1.1920928955078125e-07 from requested 1e-08.
2021-02-27 14:58:25,383 INFO Determined adjoint mappings. Shape = (65, 65, 65)
2021-02-27 14:58:25,396 INFO Iteration 4 | primal-dual step g
2021-02-27 14:58:25,454 DEBUG Corresponding type is already real float32.
2021-02-27 14:58:25,454 DEBUG nufft passed real_type for signal, converting
2021-02-27 14:58:25,468 DEBUG FinufftPlan adjusted eps=1.1920928955078125e-07 from requested 1e-08.
2021-02-27 14:58:25,760 DEBUG Corresponding type is already real float32.
2021-02-27 14:58:25,760 DEBUG nufft passed real_type for signal, converting
2021-02-27 14:58:25,783 DEBUG FinufftPlan adjusted eps=1.1920928955078125e-07 from requested 1e-08.
2021-02-27 14:58:26,032 DEBUG Corresponding type is already real float32.
2021-02-27 14:58:26,032 DEBUG nufft passed real_type for signal, converting
2021-02-27 14:58:26,053 DEBUG FinufftPlan adjusted eps=1.1920928955078125e-07 from requested 1e-08.
2021-02-27 14:58:26,309 DEBUG Corresponding type is already real float32.
2021-02-27 14:58:26,309 DEBUG nufft passed real_type for signal, converting
2021-02-27 14:58:26,327 DEBUG FinufftPlan adjusted eps=1.1920928955078125e-07 from requested 1e-08.
2021-02-27 14:58:26,638 DEBUG Corresponding type is already real float32.
2021-02-27 14:58:26,638 DEBUG nufft passed real_type for signal, converting
2021-02-27 14:58:26,660 DEBUG FinufftPlan adjusted eps=1.1920928955078125e-07 from requested 1e-08.
2021-02-27 14:58:26,900 DEBUG Corresponding type is already real float32.
2021-02-27 14:58:26,900 DEBUG nufft passed real_type for signal, converting
2021-02-27 14:58:26,919 DEBUG FinufftPlan adjusted eps=1.1920928955078125e-07 from requested 1e-08.
2021-02-27 14:58:27,785 DEBUG Corresponding type is already real float32.
2021-02-27 14:58:27,785 DEBUG nufft passed real_type for signal, converting
2021-02-27 14:58:27,797 DEBUG FinufftPlan adjusted eps=1.1920928955078125e-07 from requested 1e-08.
2021-02-27 14:58:28,065 DEBUG Corresponding type is already real float32.
2021-02-27 14:58:28,065 DEBUG nufft passed real_type for signal, converting
2021-02-27 14:58:28,086 DEBUG FinufftPlan adjusted eps=1.1920928955078125e-07 from requested 1e-08.
2021-02-27 14:58:28,332 DEBUG Corresponding type is already real float32.
2021-02-27 14:58:28,332 DEBUG nufft passed real_type for signal, converting
2021-02-27 14:58:28,351 DEBUG FinufftPlan adjusted eps=1.1920928955078125e-07 from requested 1e-08.
2021-02-27 14:58:28,581 DEBUG Corresponding type is already real float32.
2021-02-27 14:58:28,581 DEBUG nufft passed real_type for signal, converting
2021-02-27 14:58:28,599 DEBUG FinufftPlan adjusted eps=1.1920928955078125e-07 from requested 1e-08.
2021-02-27 14:58:28,834 DEBUG Corresponding type is already real float32.
2021-02-27 14:58:28,835 DEBUG nufft passed real_type for signal, converting
2021-02-27 14:58:28,853 DEBUG FinufftPlan adjusted eps=1.1920928955078125e-07 from requested 1e-08.
2021-02-27 14:58:29,079 DEBUG Corresponding type is already real float32.
2021-02-27 14:58:29,080 DEBUG nufft passed real_type for signal, converting
2021-02-27 14:58:29,098 DEBUG FinufftPlan adjusted eps=1.1920928955078125e-07 from requested 1e-08.
2021-02-27 14:58:29,349 DEBUG Corresponding type is already real float32.
2021-02-27 14:58:29,349 DEBUG nufft passed real_type for signal, converting
2021-02-27 14:58:29,372 DEBUG FinufftPlan adjusted eps=1.1920928955078125e-07 from requested 1e-08.
2021-02-27 14:58:29,817 INFO Iteration 4 | Cost = 1.271677929183719e-10 | Relative Error = 0.11495857223554815
2021-02-27 14:58:29,817 INFO Iteration 4 | Relative Error u = 0.9992091655731201 | Relative Error g = 0.0015645526644153553
2021-02-27 14:58:29,817 INFO ========= Iteration 5 =========
2021-02-27 14:58:29,817 INFO Iteration 5 | descent step u
2021-02-27 14:58:29,842 DEBUG Corresponding type is already real float32.
2021-02-27 14:58:29,842 DEBUG nufft passed real_type for signal, converting
2021-02-27 14:58:29,859 DEBUG FinufftPlan adjusted eps=1.1920928955078125e-07 from requested 1e-08.
2021-02-27 14:58:30,182 DEBUG Corresponding type is already complex complex64.
2021-02-27 14:58:30,193 DEBUG FinufftPlan adjusted eps=1.1920928955078125e-07 from requested 1e-08.
2021-02-27 14:58:30,291 INFO Determined adjoint mappings. Shape = (65, 65, 65)
2021-02-27 14:58:30,301 INFO Iteration 5 | primal-dual step g
2021-02-27 14:58:30,353 DEBUG Corresponding type is already real float32.
2021-02-27 14:58:30,354 DEBUG nufft passed real_type for signal, converting
2021-02-27 14:58:30,368 DEBUG FinufftPlan adjusted eps=1.1920928955078125e-07 from requested 1e-08.
2021-02-27 14:58:30,596 DEBUG Corresponding type is already real float32.
2021-02-27 14:58:30,597 DEBUG nufft passed real_type for signal, converting
2021-02-27 14:58:30,615 DEBUG FinufftPlan adjusted eps=1.1920928955078125e-07 from requested 1e-08.
2021-02-27 14:58:30,877 DEBUG Corresponding type is already real float32.
2021-02-27 14:58:30,877 DEBUG nufft passed real_type for signal, converting
2021-02-27 14:58:30,897 DEBUG FinufftPlan adjusted eps=1.1920928955078125e-07 from requested 1e-08.
2021-02-27 14:58:31,128 DEBUG Corresponding type is already real float32.
2021-02-27 14:58:31,128 DEBUG nufft passed real_type for signal, converting
2021-02-27 14:58:31,147 DEBUG FinufftPlan adjusted eps=1.1920928955078125e-07 from requested 1e-08.
2021-02-27 14:58:31,380 DEBUG Corresponding type is already real float32.
2021-02-27 14:58:31,380 DEBUG nufft passed real_type for signal, converting
2021-02-27 14:58:31,399 DEBUG FinufftPlan adjusted eps=1.1920928955078125e-07 from requested 1e-08.
2021-02-27 14:58:31,659 DEBUG Corresponding type is already real float32.
2021-02-27 14:58:31,659 DEBUG nufft passed real_type for signal, converting
2021-02-27 14:58:31,682 DEBUG FinufftPlan adjusted eps=1.1920928955078125e-07 from requested 1e-08.
2021-02-27 14:58:32,498 DEBUG Corresponding type is already real float32.
2021-02-27 14:58:32,499 DEBUG nufft passed real_type for signal, converting
2021-02-27 14:58:32,511 DEBUG FinufftPlan adjusted eps=1.1920928955078125e-07 from requested 1e-08.
2021-02-27 14:58:32,741 DEBUG Corresponding type is already real float32.
2021-02-27 14:58:32,741 DEBUG nufft passed real_type for signal, converting
2021-02-27 14:58:32,761 DEBUG FinufftPlan adjusted eps=1.1920928955078125e-07 from requested 1e-08.
2021-02-27 14:58:32,993 DEBUG Corresponding type is already real float32.
2021-02-27 14:58:32,994 DEBUG nufft passed real_type for signal, converting
2021-02-27 14:58:33,012 DEBUG FinufftPlan adjusted eps=1.1920928955078125e-07 from requested 1e-08.
2021-02-27 14:58:33,248 DEBUG Corresponding type is already real float32.
2021-02-27 14:58:33,248 DEBUG nufft passed real_type for signal, converting
2021-02-27 14:58:33,266 DEBUG FinufftPlan adjusted eps=1.1920928955078125e-07 from requested 1e-08.
2021-02-27 14:58:33,498 DEBUG Corresponding type is already real float32.
2021-02-27 14:58:33,498 DEBUG nufft passed real_type for signal, converting
2021-02-27 14:58:33,517 DEBUG FinufftPlan adjusted eps=1.1920928955078125e-07 from requested 1e-08.
2021-02-27 14:58:33,749 DEBUG Corresponding type is already real float32.
2021-02-27 14:58:33,749 DEBUG nufft passed real_type for signal, converting
2021-02-27 14:58:33,772 DEBUG FinufftPlan adjusted eps=1.1920928955078125e-07 from requested 1e-08.
2021-02-27 14:58:34,042 DEBUG Corresponding type is already real float32.
2021-02-27 14:58:34,042 DEBUG nufft passed real_type for signal, converting
2021-02-27 14:58:34,061 DEBUG FinufftPlan adjusted eps=1.1920928955078125e-07 from requested 1e-08.
2021-02-27 14:58:34,420 INFO Iteration 5 | Cost = 1.2713689294923207e-10 | Relative Error = 0.11492835385069239
2021-02-27 14:58:34,421 INFO Iteration 5 | Relative Error u = 0.9989451169967651 | Relative Error g = 0.001576095925693085
2021-02-27 14:58:34,421 INFO ========= Iteration 6 =========
2021-02-27 14:58:34,421 INFO Iteration 6 | descent step u
2021-02-27 14:58:34,446 DEBUG Corresponding type is already real float32.
2021-02-27 14:58:34,446 DEBUG nufft passed real_type for signal, converting
2021-02-27 14:58:34,460 DEBUG FinufftPlan adjusted eps=1.1920928955078125e-07 from requested 1e-08.
2021-02-27 14:58:34,790 DEBUG Corresponding type is already complex complex64.
2021-02-27 14:58:34,801 DEBUG FinufftPlan adjusted eps=1.1920928955078125e-07 from requested 1e-08.
2021-02-27 14:58:34,892 INFO Determined adjoint mappings. Shape = (65, 65, 65)
2021-02-27 14:58:34,902 INFO Iteration 6 | primal-dual step g
2021-02-27 14:58:34,949 DEBUG Corresponding type is already real float32.
2021-02-27 14:58:34,949 DEBUG nufft passed real_type for signal, converting
2021-02-27 14:58:34,963 DEBUG FinufftPlan adjusted eps=1.1920928955078125e-07 from requested 1e-08.
2021-02-27 14:58:35,200 DEBUG Corresponding type is already real float32.
2021-02-27 14:58:35,200 DEBUG nufft passed real_type for signal, converting
2021-02-27 14:58:35,219 DEBUG FinufftPlan adjusted eps=1.1920928955078125e-07 from requested 1e-08.
2021-02-27 14:58:35,453 DEBUG Corresponding type is already real float32.
2021-02-27 14:58:35,454 DEBUG nufft passed real_type for signal, converting
2021-02-27 14:58:35,472 DEBUG FinufftPlan adjusted eps=1.1920928955078125e-07 from requested 1e-08.
2021-02-27 14:58:35,701 DEBUG Corresponding type is already real float32.
2021-02-27 14:58:35,702 DEBUG nufft passed real_type for signal, converting
2021-02-27 14:58:35,720 DEBUG FinufftPlan adjusted eps=1.1920928955078125e-07 from requested 1e-08.
2021-02-27 14:58:35,968 DEBUG Corresponding type is already real float32.
2021-02-27 14:58:35,968 DEBUG nufft passed real_type for signal, converting
2021-02-27 14:58:35,987 DEBUG FinufftPlan adjusted eps=1.1920928955078125e-07 from requested 1e-08.
2021-02-27 14:58:36,225 DEBUG Corresponding type is already real float32.
2021-02-27 14:58:36,225 DEBUG nufft passed real_type for signal, converting
2021-02-27 14:58:36,246 DEBUG FinufftPlan adjusted eps=1.1920928955078125e-07 from requested 1e-08.
2021-02-27 14:58:37,063 DEBUG Corresponding type is already real float32.
2021-02-27 14:58:37,064 DEBUG nufft passed real_type for signal, converting
2021-02-27 14:58:37,076 DEBUG FinufftPlan adjusted eps=1.1920928955078125e-07 from requested 1e-08.
2021-02-27 14:58:37,304 DEBUG Corresponding type is already real float32.
2021-02-27 14:58:37,304 DEBUG nufft passed real_type for signal, converting
2021-02-27 14:58:37,325 DEBUG FinufftPlan adjusted eps=1.1920928955078125e-07 from requested 1e-08.
2021-02-27 14:58:37,568 DEBUG Corresponding type is already real float32.
2021-02-27 14:58:37,568 DEBUG nufft passed real_type for signal, converting
2021-02-27 14:58:37,588 DEBUG FinufftPlan adjusted eps=1.1920928955078125e-07 from requested 1e-08.
2021-02-27 14:58:37,817 DEBUG Corresponding type is already real float32.
2021-02-27 14:58:37,817 DEBUG nufft passed real_type for signal, converting
2021-02-27 14:58:37,835 DEBUG FinufftPlan adjusted eps=1.1920928955078125e-07 from requested 1e-08.
2021-02-27 14:58:38,071 DEBUG Corresponding type is already real float32.
2021-02-27 14:58:38,071 DEBUG nufft passed real_type for signal, converting
2021-02-27 14:58:38,092 DEBUG FinufftPlan adjusted eps=1.1920928955078125e-07 from requested 1e-08.
2021-02-27 14:58:38,329 DEBUG Corresponding type is already real float32.
2021-02-27 14:58:38,329 DEBUG nufft passed real_type for signal, converting
2021-02-27 14:58:38,348 DEBUG FinufftPlan adjusted eps=1.1920928955078125e-07 from requested 1e-08.
2021-02-27 14:58:38,622 DEBUG Corresponding type is already real float32.
2021-02-27 14:58:38,623 DEBUG nufft passed real_type for signal, converting
2021-02-27 14:58:38,641 DEBUG FinufftPlan adjusted eps=1.1920928955078125e-07 from requested 1e-08.
2021-02-27 14:58:38,998 INFO Iteration 6 | Cost = 1.271076550204325e-10 | Relative Error = 0.11489868191259217
2021-02-27 14:58:38,998 INFO Iteration 6 | Relative Error u = 0.998684823513031 | Relative Error g = 0.001595854778669129
2021-02-27 14:58:38,998 INFO ========= Iteration 7 =========
2021-02-27 14:58:38,998 INFO Iteration 7 | descent step u
2021-02-27 14:58:39,022 DEBUG Corresponding type is already real float32.
2021-02-27 14:58:39,022 DEBUG nufft passed real_type for signal, converting
2021-02-27 14:58:39,035 DEBUG FinufftPlan adjusted eps=1.1920928955078125e-07 from requested 1e-08.
2021-02-27 14:58:39,353 DEBUG Corresponding type is already complex complex64.
2021-02-27 14:58:39,365 DEBUG FinufftPlan adjusted eps=1.1920928955078125e-07 from requested 1e-08.
2021-02-27 14:58:39,455 INFO Determined adjoint mappings. Shape = (65, 65, 65)
2021-02-27 14:58:39,465 INFO Iteration 7 | primal-dual step g
2021-02-27 14:58:39,512 DEBUG Corresponding type is already real float32.
2021-02-27 14:58:39,512 DEBUG nufft passed real_type for signal, converting
2021-02-27 14:58:39,526 DEBUG FinufftPlan adjusted eps=1.1920928955078125e-07 from requested 1e-08.
2021-02-27 14:58:39,756 DEBUG Corresponding type is already real float32.
2021-02-27 14:58:39,756 DEBUG nufft passed real_type for signal, converting
2021-02-27 14:58:39,774 DEBUG FinufftPlan adjusted eps=1.1920928955078125e-07 from requested 1e-08.
2021-02-27 14:58:40,004 DEBUG Corresponding type is already real float32.
2021-02-27 14:58:40,004 DEBUG nufft passed real_type for signal, converting
2021-02-27 14:58:40,022 DEBUG FinufftPlan adjusted eps=1.1920928955078125e-07 from requested 1e-08.
2021-02-27 14:58:40,250 DEBUG Corresponding type is already real float32.
2021-02-27 14:58:40,251 DEBUG nufft passed real_type for signal, converting
2021-02-27 14:58:40,269 DEBUG FinufftPlan adjusted eps=1.1920928955078125e-07 from requested 1e-08.
2021-02-27 14:58:40,499 DEBUG Corresponding type is already real float32.
2021-02-27 14:58:40,499 DEBUG nufft passed real_type for signal, converting
2021-02-27 14:58:40,517 DEBUG FinufftPlan adjusted eps=1.1920928955078125e-07 from requested 1e-08.
2021-02-27 14:58:40,758 DEBUG Corresponding type is already real float32.
2021-02-27 14:58:40,758 DEBUG nufft passed real_type for signal, converting
2021-02-27 14:58:40,779 DEBUG FinufftPlan adjusted eps=1.1920928955078125e-07 from requested 1e-08.
2021-02-27 14:58:41,593 DEBUG Corresponding type is already real float32.
2021-02-27 14:58:41,593 DEBUG nufft passed real_type for signal, converting
2021-02-27 14:58:41,605 DEBUG FinufftPlan adjusted eps=1.1920928955078125e-07 from requested 1e-08.
2021-02-27 14:58:41,832 DEBUG Corresponding type is already real float32.
2021-02-27 14:58:41,833 DEBUG nufft passed real_type for signal, converting
2021-02-27 14:58:41,851 DEBUG FinufftPlan adjusted eps=1.1920928955078125e-07 from requested 1e-08.
2021-02-27 14:58:42,078 DEBUG Corresponding type is already real float32.
2021-02-27 14:58:42,078 DEBUG nufft passed real_type for signal, converting
2021-02-27 14:58:42,100 DEBUG FinufftPlan adjusted eps=1.1920928955078125e-07 from requested 1e-08.
2021-02-27 14:58:42,335 DEBUG Corresponding type is already real float32.
2021-02-27 14:58:42,335 DEBUG nufft passed real_type for signal, converting
2021-02-27 14:58:42,357 DEBUG FinufftPlan adjusted eps=1.1920928955078125e-07 from requested 1e-08.
2021-02-27 14:58:42,602 DEBUG Corresponding type is already real float32.
2021-02-27 14:58:42,602 DEBUG nufft passed real_type for signal, converting
2021-02-27 14:58:42,620 DEBUG FinufftPlan adjusted eps=1.1920928955078125e-07 from requested 1e-08.
2021-02-27 14:58:42,863 DEBUG Corresponding type is already real float32.
2021-02-27 14:58:42,863 DEBUG nufft passed real_type for signal, converting
2021-02-27 14:58:42,886 DEBUG FinufftPlan adjusted eps=1.1920928955078125e-07 from requested 1e-08.
2021-02-27 14:58:43,140 DEBUG Corresponding type is already real float32.
2021-02-27 14:58:43,140 DEBUG nufft passed real_type for signal, converting
2021-02-27 14:58:43,162 DEBUG FinufftPlan adjusted eps=1.1920928955078125e-07 from requested 1e-08.
2021-02-27 14:58:43,522 INFO Iteration 7 | Cost = 1.2707713147543107e-10 | Relative Error = 0.11486812327846213
2021-02-27 14:58:43,522 INFO Iteration 7 | Relative Error u = 0.9984232783317566 | Relative Error g = 0.0015606547284583582
2021-02-27 14:58:43,522 INFO ========= Iteration 8 =========
2021-02-27 14:58:43,522 INFO Iteration 8 | descent step u
2021-02-27 14:58:43,547 DEBUG Corresponding type is already real float32.
2021-02-27 14:58:43,547 DEBUG nufft passed real_type for signal, converting
2021-02-27 14:58:43,560 DEBUG FinufftPlan adjusted eps=1.1920928955078125e-07 from requested 1e-08.
2021-02-27 14:58:43,881 DEBUG Corresponding type is already complex complex64.
2021-02-27 14:58:43,892 DEBUG FinufftPlan adjusted eps=1.1920928955078125e-07 from requested 1e-08.
2021-02-27 14:58:43,982 INFO Determined adjoint mappings. Shape = (65, 65, 65)
2021-02-27 14:58:43,993 INFO Iteration 8 | primal-dual step g
2021-02-27 14:58:44,039 DEBUG Corresponding type is already real float32.
2021-02-27 14:58:44,039 DEBUG nufft passed real_type for signal, converting
2021-02-27 14:58:44,053 DEBUG FinufftPlan adjusted eps=1.1920928955078125e-07 from requested 1e-08.
2021-02-27 14:58:44,281 DEBUG Corresponding type is already real float32.
2021-02-27 14:58:44,281 DEBUG nufft passed real_type for signal, converting
2021-02-27 14:58:44,300 DEBUG FinufftPlan adjusted eps=1.1920928955078125e-07 from requested 1e-08.
2021-02-27 14:58:44,535 DEBUG Corresponding type is already real float32.
2021-02-27 14:58:44,535 DEBUG nufft passed real_type for signal, converting
2021-02-27 14:58:44,556 DEBUG FinufftPlan adjusted eps=1.1920928955078125e-07 from requested 1e-08.
2021-02-27 14:58:44,793 DEBUG Corresponding type is already real float32.
2021-02-27 14:58:44,794 DEBUG nufft passed real_type for signal, converting
2021-02-27 14:58:44,812 DEBUG FinufftPlan adjusted eps=1.1920928955078125e-07 from requested 1e-08.
2021-02-27 14:58:45,037 DEBUG Corresponding type is already real float32.
2021-02-27 14:58:45,038 DEBUG nufft passed real_type for signal, converting
2021-02-27 14:58:45,057 DEBUG FinufftPlan adjusted eps=1.1920928955078125e-07 from requested 1e-08.
2021-02-27 14:58:45,299 DEBUG Corresponding type is already real float32.
2021-02-27 14:58:45,299 DEBUG nufft passed real_type for signal, converting
2021-02-27 14:58:45,318 DEBUG FinufftPlan adjusted eps=1.1920928955078125e-07 from requested 1e-08.
2021-02-27 14:58:46,136 DEBUG Corresponding type is already real float32.
2021-02-27 14:58:46,136 DEBUG nufft passed real_type for signal, converting
2021-02-27 14:58:46,148 DEBUG FinufftPlan adjusted eps=1.1920928955078125e-07 from requested 1e-08.
2021-02-27 14:58:46,389 DEBUG Corresponding type is already real float32.
2021-02-27 14:58:46,389 DEBUG nufft passed real_type for signal, converting
2021-02-27 14:58:46,409 DEBUG FinufftPlan adjusted eps=1.1920928955078125e-07 from requested 1e-08.
2021-02-27 14:58:46,658 DEBUG Corresponding type is already real float32.
2021-02-27 14:58:46,659 DEBUG nufft passed real_type for signal, converting
2021-02-27 14:58:46,680 DEBUG FinufftPlan adjusted eps=1.1920928955078125e-07 from requested 1e-08.
2021-02-27 14:58:46,922 DEBUG Corresponding type is already real float32.
2021-02-27 14:58:46,922 DEBUG nufft passed real_type for signal, converting
2021-02-27 14:58:46,942 DEBUG FinufftPlan adjusted eps=1.1920928955078125e-07 from requested 1e-08.
2021-02-27 14:58:47,176 DEBUG Corresponding type is already real float32.
2021-02-27 14:58:47,176 DEBUG nufft passed real_type for signal, converting
2021-02-27 14:58:47,196 DEBUG FinufftPlan adjusted eps=1.1920928955078125e-07 from requested 1e-08.
2021-02-27 14:58:47,435 DEBUG Corresponding type is already real float32.
2021-02-27 14:58:47,436 DEBUG nufft passed real_type for signal, converting
2021-02-27 14:58:47,458 DEBUG FinufftPlan adjusted eps=1.1920928955078125e-07 from requested 1e-08.
2021-02-27 14:58:47,715 DEBUG Corresponding type is already real float32.
2021-02-27 14:58:47,715 DEBUG nufft passed real_type for signal, converting
2021-02-27 14:58:47,734 DEBUG FinufftPlan adjusted eps=1.1920928955078125e-07 from requested 1e-08.
2021-02-27 14:58:48,093 INFO Iteration 8 | Cost = 1.2704752345988335e-10 | Relative Error = 0.11483780306963426
2021-02-27 14:58:48,093 INFO Iteration 8 | Relative Error u = 0.9981629252433777 | Relative Error g = 0.0015330135199088173
2021-02-27 14:58:48,093 INFO ========= Iteration 9 =========
2021-02-27 14:58:48,093 INFO Iteration 9 | descent step u
2021-02-27 14:58:48,117 DEBUG Corresponding type is already real float32.
2021-02-27 14:58:48,117 DEBUG nufft passed real_type for signal, converting
2021-02-27 14:58:48,131 DEBUG FinufftPlan adjusted eps=1.1920928955078125e-07 from requested 1e-08.
2021-02-27 14:58:48,450 DEBUG Corresponding type is already complex complex64.
2021-02-27 14:58:48,463 DEBUG FinufftPlan adjusted eps=1.1920928955078125e-07 from requested 1e-08.
2021-02-27 14:58:48,555 INFO Determined adjoint mappings. Shape = (65, 65, 65)
2021-02-27 14:58:48,566 INFO Iteration 9 | primal-dual step g
2021-02-27 14:58:48,617 DEBUG Corresponding type is already real float32.
2021-02-27 14:58:48,617 DEBUG nufft passed real_type for signal, converting
2021-02-27 14:58:48,632 DEBUG FinufftPlan adjusted eps=1.1920928955078125e-07 from requested 1e-08.
2021-02-27 14:58:48,891 DEBUG Corresponding type is already real float32.
2021-02-27 14:58:48,891 DEBUG nufft passed real_type for signal, converting
2021-02-27 14:58:48,915 DEBUG FinufftPlan adjusted eps=1.1920928955078125e-07 from requested 1e-08.
2021-02-27 14:58:49,152 DEBUG Corresponding type is already real float32.
2021-02-27 14:58:49,152 DEBUG nufft passed real_type for signal, converting
2021-02-27 14:58:49,171 DEBUG FinufftPlan adjusted eps=1.1920928955078125e-07 from requested 1e-08.
2021-02-27 14:58:49,399 DEBUG Corresponding type is already real float32.
2021-02-27 14:58:49,399 DEBUG nufft passed real_type for signal, converting
2021-02-27 14:58:49,418 DEBUG FinufftPlan adjusted eps=1.1920928955078125e-07 from requested 1e-08.
2021-02-27 14:58:49,658 DEBUG Corresponding type is already real float32.
2021-02-27 14:58:49,658 DEBUG nufft passed real_type for signal, converting
2021-02-27 14:58:49,677 DEBUG FinufftPlan adjusted eps=1.1920928955078125e-07 from requested 1e-08.
2021-02-27 14:58:49,927 DEBUG Corresponding type is already real float32.
2021-02-27 14:58:49,927 DEBUG nufft passed real_type for signal, converting
2021-02-27 14:58:49,946 DEBUG FinufftPlan adjusted eps=1.1920928955078125e-07 from requested 1e-08.
2021-02-27 14:58:50,811 DEBUG Corresponding type is already real float32.
2021-02-27 14:58:50,811 DEBUG nufft passed real_type for signal, converting
2021-02-27 14:58:50,830 DEBUG FinufftPlan adjusted eps=1.1920928955078125e-07 from requested 1e-08.
2021-02-27 14:58:51,092 DEBUG Corresponding type is already real float32.
2021-02-27 14:58:51,092 DEBUG nufft passed real_type for signal, converting
2021-02-27 14:58:51,116 DEBUG FinufftPlan adjusted eps=1.1920928955078125e-07 from requested 1e-08.
2021-02-27 14:58:51,361 DEBUG Corresponding type is already real float32.
2021-02-27 14:58:51,361 DEBUG nufft passed real_type for signal, converting
2021-02-27 14:58:51,382 DEBUG FinufftPlan adjusted eps=1.1920928955078125e-07 from requested 1e-08.
2021-02-27 14:58:51,618 DEBUG Corresponding type is already real float32.
2021-02-27 14:58:51,618 DEBUG nufft passed real_type for signal, converting
2021-02-27 14:58:51,636 DEBUG FinufftPlan adjusted eps=1.1920928955078125e-07 from requested 1e-08.
2021-02-27 14:58:51,873 DEBUG Corresponding type is already real float32.
2021-02-27 14:58:51,873 DEBUG nufft passed real_type for signal, converting
2021-02-27 14:58:51,895 DEBUG FinufftPlan adjusted eps=1.1920928955078125e-07 from requested 1e-08.
2021-02-27 14:58:52,134 DEBUG Corresponding type is already real float32.
2021-02-27 14:58:52,134 DEBUG nufft passed real_type for signal, converting
2021-02-27 14:58:52,154 DEBUG FinufftPlan adjusted eps=1.1920928955078125e-07 from requested 1e-08.
2021-02-27 14:58:52,411 DEBUG Corresponding type is already real float32.
2021-02-27 14:58:52,411 DEBUG nufft passed real_type for signal, converting
2021-02-27 14:58:52,430 DEBUG FinufftPlan adjusted eps=1.1920928955078125e-07 from requested 1e-08.
2021-02-27 14:58:52,835 INFO Iteration 9 | Cost = 1.2701725089005587e-10 | Relative Error = 0.11480697073256525
2021-02-27 14:58:52,835 INFO Iteration 9 | Relative Error u = 0.997898519039154 | Relative Error g = 0.0015005582211970378
2021-02-27 14:58:52,835 INFO ========= Iteration 10 =========
2021-02-27 14:58:52,835 INFO Iteration 10 | descent step u
2021-02-27 14:58:52,860 DEBUG Corresponding type is already real float32.
2021-02-27 14:58:52,860 DEBUG nufft passed real_type for signal, converting
2021-02-27 14:58:52,876 DEBUG FinufftPlan adjusted eps=1.1920928955078125e-07 from requested 1e-08.
2021-02-27 14:58:53,249 DEBUG Corresponding type is already complex complex64.
2021-02-27 14:58:53,262 DEBUG FinufftPlan adjusted eps=1.1920928955078125e-07 from requested 1e-08.
2021-02-27 14:58:53,381 INFO Determined adjoint mappings. Shape = (65, 65, 65)
2021-02-27 14:58:53,396 INFO Iteration 10 | primal-dual step g
2021-02-27 14:58:53,460 DEBUG Corresponding type is already real float32.
2021-02-27 14:58:53,461 DEBUG nufft passed real_type for signal, converting
2021-02-27 14:58:53,478 DEBUG FinufftPlan adjusted eps=1.1920928955078125e-07 from requested 1e-08.
2021-02-27 14:58:53,735 DEBUG Corresponding type is already real float32.
2021-02-27 14:58:53,735 DEBUG nufft passed real_type for signal, converting
2021-02-27 14:58:53,755 DEBUG FinufftPlan adjusted eps=1.1920928955078125e-07 from requested 1e-08.
2021-02-27 14:58:54,013 DEBUG Corresponding type is already real float32.
2021-02-27 14:58:54,013 DEBUG nufft passed real_type for signal, converting
2021-02-27 14:58:54,036 DEBUG FinufftPlan adjusted eps=1.1920928955078125e-07 from requested 1e-08.
2021-02-27 14:58:54,281 DEBUG Corresponding type is already real float32.
2021-02-27 14:58:54,281 DEBUG nufft passed real_type for signal, converting
2021-02-27 14:58:54,299 DEBUG FinufftPlan adjusted eps=1.1920928955078125e-07 from requested 1e-08.
2021-02-27 14:58:54,532 DEBUG Corresponding type is already real float32.
2021-02-27 14:58:54,532 DEBUG nufft passed real_type for signal, converting
2021-02-27 14:58:54,551 DEBUG FinufftPlan adjusted eps=1.1920928955078125e-07 from requested 1e-08.
2021-02-27 14:58:54,810 DEBUG Corresponding type is already real float32.
2021-02-27 14:58:54,810 DEBUG nufft passed real_type for signal, converting
2021-02-27 14:58:54,833 DEBUG FinufftPlan adjusted eps=1.1920928955078125e-07 from requested 1e-08.
2021-02-27 14:58:55,696 DEBUG Corresponding type is already real float32.
2021-02-27 14:58:55,696 DEBUG nufft passed real_type for signal, converting
2021-02-27 14:58:55,708 DEBUG FinufftPlan adjusted eps=1.1920928955078125e-07 from requested 1e-08.
2021-02-27 14:58:55,944 DEBUG Corresponding type is already real float32.
2021-02-27 14:58:55,944 DEBUG nufft passed real_type for signal, converting
2021-02-27 14:58:55,963 DEBUG FinufftPlan adjusted eps=1.1920928955078125e-07 from requested 1e-08.
2021-02-27 14:58:56,196 DEBUG Corresponding type is already real float32.
2021-02-27 14:58:56,196 DEBUG nufft passed real_type for signal, converting
2021-02-27 14:58:56,215 DEBUG FinufftPlan adjusted eps=1.1920928955078125e-07 from requested 1e-08.
2021-02-27 14:58:56,443 DEBUG Corresponding type is already real float32.
2021-02-27 14:58:56,443 DEBUG nufft passed real_type for signal, converting
2021-02-27 14:58:56,464 DEBUG FinufftPlan adjusted eps=1.1920928955078125e-07 from requested 1e-08.
2021-02-27 14:58:56,733 DEBUG Corresponding type is already real float32.
2021-02-27 14:58:56,734 DEBUG nufft passed real_type for signal, converting
2021-02-27 14:58:56,754 DEBUG FinufftPlan adjusted eps=1.1920928955078125e-07 from requested 1e-08.
2021-02-27 14:58:56,990 DEBUG Corresponding type is already real float32.
2021-02-27 14:58:56,990 DEBUG nufft passed real_type for signal, converting
2021-02-27 14:58:57,009 DEBUG FinufftPlan adjusted eps=1.1920928955078125e-07 from requested 1e-08.
2021-02-27 14:58:57,279 DEBUG Corresponding type is already real float32.
2021-02-27 14:58:57,279 DEBUG nufft passed real_type for signal, converting
2021-02-27 14:58:57,302 DEBUG FinufftPlan adjusted eps=1.1920928955078125e-07 from requested 1e-08.
2021-02-27 14:58:57,701 INFO Iteration 10 | Cost = 1.2698637854530994e-10 | Relative Error = 0.11477667268697807
2021-02-27 14:58:57,701 INFO Iteration 10 | Relative Error u = 0.9976367354393005 | Relative Error g = 0.001486444581833586
2021-02-27 14:58:57,701 INFO ========= Iteration 11 =========
2021-02-27 14:58:57,701 INFO Iteration 11 | descent step u
2021-02-27 14:58:57,729 DEBUG Corresponding type is already real float32.
2021-02-27 14:58:57,729 DEBUG nufft passed real_type for signal, converting
2021-02-27 14:58:57,747 DEBUG FinufftPlan adjusted eps=1.1920928955078125e-07 from requested 1e-08.
2021-02-27 14:58:58,070 DEBUG Corresponding type is already complex complex64.
2021-02-27 14:58:58,082 DEBUG FinufftPlan adjusted eps=1.1920928955078125e-07 from requested 1e-08.
2021-02-27 14:58:58,185 INFO Determined adjoint mappings. Shape = (65, 65, 65)
2021-02-27 14:58:58,199 INFO Iteration 11 | primal-dual step g
2021-02-27 14:58:58,264 DEBUG Corresponding type is already real float32.
2021-02-27 14:58:58,264 DEBUG nufft passed real_type for signal, converting
2021-02-27 14:58:58,281 DEBUG FinufftPlan adjusted eps=1.1920928955078125e-07 from requested 1e-08.
2021-02-27 14:58:58,540 DEBUG Corresponding type is already real float32.
2021-02-27 14:58:58,540 DEBUG nufft passed real_type for signal, converting
2021-02-27 14:58:58,561 DEBUG FinufftPlan adjusted eps=1.1920928955078125e-07 from requested 1e-08.
2021-02-27 14:58:58,804 DEBUG Corresponding type is already real float32.
2021-02-27 14:58:58,804 DEBUG nufft passed real_type for signal, converting
2021-02-27 14:58:58,828 DEBUG FinufftPlan adjusted eps=1.1920928955078125e-07 from requested 1e-08.
2021-02-27 14:58:59,098 DEBUG Corresponding type is already real float32.
2021-02-27 14:58:59,098 DEBUG nufft passed real_type for signal, converting
2021-02-27 14:58:59,117 DEBUG FinufftPlan adjusted eps=1.1920928955078125e-07 from requested 1e-08.
2021-02-27 14:58:59,377 DEBUG Corresponding type is already real float32.
2021-02-27 14:58:59,378 DEBUG nufft passed real_type for signal, converting
2021-02-27 14:58:59,399 DEBUG FinufftPlan adjusted eps=1.1920928955078125e-07 from requested 1e-08.
2021-02-27 14:58:59,712 DEBUG Corresponding type is already real float32.
2021-02-27 14:58:59,712 DEBUG nufft passed real_type for signal, converting
2021-02-27 14:58:59,733 DEBUG FinufftPlan adjusted eps=1.1920928955078125e-07 from requested 1e-08.
2021-02-27 14:59:00,656 DEBUG Corresponding type is already real float32.
2021-02-27 14:59:00,656 DEBUG nufft passed real_type for signal, converting
2021-02-27 14:59:00,670 DEBUG FinufftPlan adjusted eps=1.1920928955078125e-07 from requested 1e-08.
2021-02-27 14:59:00,926 DEBUG Corresponding type is already real float32.
2021-02-27 14:59:00,927 DEBUG nufft passed real_type for signal, converting
2021-02-27 14:59:00,945 DEBUG FinufftPlan adjusted eps=1.1920928955078125e-07 from requested 1e-08.
2021-02-27 14:59:01,185 DEBUG Corresponding type is already real float32.
2021-02-27 14:59:01,185 DEBUG nufft passed real_type for signal, converting
2021-02-27 14:59:01,206 DEBUG FinufftPlan adjusted eps=1.1920928955078125e-07 from requested 1e-08.
2021-02-27 14:59:01,451 DEBUG Corresponding type is already real float32.
2021-02-27 14:59:01,452 DEBUG nufft passed real_type for signal, converting
2021-02-27 14:59:01,472 DEBUG FinufftPlan adjusted eps=1.1920928955078125e-07 from requested 1e-08.
2021-02-27 14:59:01,710 DEBUG Corresponding type is already real float32.
2021-02-27 14:59:01,711 DEBUG nufft passed real_type for signal, converting
2021-02-27 14:59:01,732 DEBUG FinufftPlan adjusted eps=1.1920928955078125e-07 from requested 1e-08.
2021-02-27 14:59:01,968 DEBUG Corresponding type is already real float32.
2021-02-27 14:59:01,968 DEBUG nufft passed real_type for signal, converting
2021-02-27 14:59:01,987 DEBUG FinufftPlan adjusted eps=1.1920928955078125e-07 from requested 1e-08.
2021-02-27 14:59:02,247 DEBUG Corresponding type is already real float32.
2021-02-27 14:59:02,247 DEBUG nufft passed real_type for signal, converting
2021-02-27 14:59:02,265 DEBUG FinufftPlan adjusted eps=1.1920928955078125e-07 from requested 1e-08.
2021-02-27 14:59:02,671 INFO Iteration 11 | Cost = 1.2695768034942438e-10 | Relative Error = 0.11474663973891706
2021-02-27 14:59:02,671 INFO Iteration 11 | Relative Error u = 0.9973771572113037 | Relative Error g = 0.001472810202393951
2021-02-27 14:59:02,671 INFO ========= Iteration 12 =========
2021-02-27 14:59:02,671 INFO Iteration 12 | descent step u
2021-02-27 14:59:02,696 DEBUG Corresponding type is already real float32.
2021-02-27 14:59:02,696 DEBUG nufft passed real_type for signal, converting
2021-02-27 14:59:02,710 DEBUG FinufftPlan adjusted eps=1.1920928955078125e-07 from requested 1e-08.
2021-02-27 14:59:03,066 DEBUG Corresponding type is already complex complex64.
2021-02-27 14:59:03,080 DEBUG FinufftPlan adjusted eps=1.1920928955078125e-07 from requested 1e-08.
2021-02-27 14:59:03,204 INFO Determined adjoint mappings. Shape = (65, 65, 65)
2021-02-27 14:59:03,217 INFO Iteration 12 | primal-dual step g
2021-02-27 14:59:03,281 DEBUG Corresponding type is already real float32.
2021-02-27 14:59:03,281 DEBUG nufft passed real_type for signal, converting
2021-02-27 14:59:03,296 DEBUG FinufftPlan adjusted eps=1.1920928955078125e-07 from requested 1e-08.
2021-02-27 14:59:03,530 DEBUG Corresponding type is already real float32.
2021-02-27 14:59:03,530 DEBUG nufft passed real_type for signal, converting
2021-02-27 14:59:03,548 DEBUG FinufftPlan adjusted eps=1.1920928955078125e-07 from requested 1e-08.
2021-02-27 14:59:03,831 DEBUG Corresponding type is already real float32.
2021-02-27 14:59:03,831 DEBUG nufft passed real_type for signal, converting
2021-02-27 14:59:03,851 DEBUG FinufftPlan adjusted eps=1.1920928955078125e-07 from requested 1e-08.
2021-02-27 14:59:04,100 DEBUG Corresponding type is already real float32.
2021-02-27 14:59:04,101 DEBUG nufft passed real_type for signal, converting
2021-02-27 14:59:04,122 DEBUG FinufftPlan adjusted eps=1.1920928955078125e-07 from requested 1e-08.
2021-02-27 14:59:04,419 DEBUG Corresponding type is already real float32.
2021-02-27 14:59:04,419 DEBUG nufft passed real_type for signal, converting
2021-02-27 14:59:04,445 DEBUG FinufftPlan adjusted eps=1.1920928955078125e-07 from requested 1e-08.
2021-02-27 14:59:04,728 DEBUG Corresponding type is already real float32.
2021-02-27 14:59:04,728 DEBUG nufft passed real_type for signal, converting
2021-02-27 14:59:04,754 DEBUG FinufftPlan adjusted eps=1.1920928955078125e-07 from requested 1e-08.
2021-02-27 14:59:05,674 DEBUG Corresponding type is already real float32.
2021-02-27 14:59:05,674 DEBUG nufft passed real_type for signal, converting
2021-02-27 14:59:05,687 DEBUG FinufftPlan adjusted eps=1.1920928955078125e-07 from requested 1e-08.
2021-02-27 14:59:05,922 DEBUG Corresponding type is already real float32.
2021-02-27 14:59:05,923 DEBUG nufft passed real_type for signal, converting
2021-02-27 14:59:05,944 DEBUG FinufftPlan adjusted eps=1.1920928955078125e-07 from requested 1e-08.
2021-02-27 14:59:06,225 DEBUG Corresponding type is already real float32.
2021-02-27 14:59:06,226 DEBUG nufft passed real_type for signal, converting
2021-02-27 14:59:06,251 DEBUG FinufftPlan adjusted eps=1.1920928955078125e-07 from requested 1e-08.
2021-02-27 14:59:06,740 DEBUG Corresponding type is already real float32.
2021-02-27 14:59:06,740 DEBUG nufft passed real_type for signal, converting
2021-02-27 14:59:06,765 DEBUG FinufftPlan adjusted eps=1.1920928955078125e-07 from requested 1e-08.
2021-02-27 14:59:07,205 DEBUG Corresponding type is already real float32.
2021-02-27 14:59:07,205 DEBUG nufft passed real_type for signal, converting
2021-02-27 14:59:07,222 DEBUG FinufftPlan adjusted eps=1.1920928955078125e-07 from requested 1e-08.
2021-02-27 14:59:07,502 DEBUG Corresponding type is already real float32.
2021-02-27 14:59:07,502 DEBUG nufft passed real_type for signal, converting
2021-02-27 14:59:07,523 DEBUG FinufftPlan adjusted eps=1.1920928955078125e-07 from requested 1e-08.
2021-02-27 14:59:07,813 DEBUG Corresponding type is already real float32.
2021-02-27 14:59:07,813 DEBUG nufft passed real_type for signal, converting
2021-02-27 14:59:07,835 DEBUG FinufftPlan adjusted eps=1.1920928955078125e-07 from requested 1e-08.
2021-02-27 14:59:08,221 INFO Iteration 12 | Cost = 1.2692754000743514e-10 | Relative Error = 0.1147166778508276
2021-02-27 14:59:08,221 INFO Iteration 12 | Relative Error u = 0.9971204996109009 | Relative Error g = 0.0014375226397390511
2021-02-27 14:59:08,221 INFO ========= Iteration 13 =========
2021-02-27 14:59:08,221 INFO Iteration 13 | descent step u
2021-02-27 14:59:08,247 DEBUG Corresponding type is already real float32.
2021-02-27 14:59:08,247 DEBUG nufft passed real_type for signal, converting
2021-02-27 14:59:08,264 DEBUG FinufftPlan adjusted eps=1.1920928955078125e-07 from requested 1e-08.
2021-02-27 14:59:08,595 DEBUG Corresponding type is already complex complex64.
2021-02-27 14:59:08,607 DEBUG FinufftPlan adjusted eps=1.1920928955078125e-07 from requested 1e-08.
2021-02-27 14:59:08,719 INFO Determined adjoint mappings. Shape = (65, 65, 65)
2021-02-27 14:59:08,730 INFO Iteration 13 | primal-dual step g
2021-02-27 14:59:08,776 DEBUG Corresponding type is already real float32.
2021-02-27 14:59:08,777 DEBUG nufft passed real_type for signal, converting
2021-02-27 14:59:08,791 DEBUG FinufftPlan adjusted eps=1.1920928955078125e-07 from requested 1e-08.
2021-02-27 14:59:09,032 DEBUG Corresponding type is already real float32.
2021-02-27 14:59:09,032 DEBUG nufft passed real_type for signal, converting
2021-02-27 14:59:09,051 DEBUG FinufftPlan adjusted eps=1.1920928955078125e-07 from requested 1e-08.
2021-02-27 14:59:09,283 DEBUG Corresponding type is already real float32.
2021-02-27 14:59:09,283 DEBUG nufft passed real_type for signal, converting
2021-02-27 14:59:09,304 DEBUG FinufftPlan adjusted eps=1.1920928955078125e-07 from requested 1e-08.
2021-02-27 14:59:09,534 DEBUG Corresponding type is already real float32.
2021-02-27 14:59:09,534 DEBUG nufft passed real_type for signal, converting
2021-02-27 14:59:09,553 DEBUG FinufftPlan adjusted eps=1.1920928955078125e-07 from requested 1e-08.
2021-02-27 14:59:09,791 DEBUG Corresponding type is already real float32.
2021-02-27 14:59:09,792 DEBUG nufft passed real_type for signal, converting
2021-02-27 14:59:09,810 DEBUG FinufftPlan adjusted eps=1.1920928955078125e-07 from requested 1e-08.
2021-02-27 14:59:10,056 DEBUG Corresponding type is already real float32.
2021-02-27 14:59:10,056 DEBUG nufft passed real_type for signal, converting
2021-02-27 14:59:10,076 DEBUG FinufftPlan adjusted eps=1.1920928955078125e-07 from requested 1e-08.
2021-02-27 14:59:10,888 DEBUG Corresponding type is already real float32.
2021-02-27 14:59:10,888 DEBUG nufft passed real_type for signal, converting
2021-02-27 14:59:10,900 DEBUG FinufftPlan adjusted eps=1.1920928955078125e-07 from requested 1e-08.
2021-02-27 14:59:11,145 DEBUG Corresponding type is already real float32.
2021-02-27 14:59:11,145 DEBUG nufft passed real_type for signal, converting
2021-02-27 14:59:11,164 DEBUG FinufftPlan adjusted eps=1.1920928955078125e-07 from requested 1e-08.
2021-02-27 14:59:11,394 DEBUG Corresponding type is already real float32.
2021-02-27 14:59:11,394 DEBUG nufft passed real_type for signal, converting
2021-02-27 14:59:11,412 DEBUG FinufftPlan adjusted eps=1.1920928955078125e-07 from requested 1e-08.
2021-02-27 14:59:11,642 DEBUG Corresponding type is already real float32.
2021-02-27 14:59:11,642 DEBUG nufft passed real_type for signal, converting
2021-02-27 14:59:11,661 DEBUG FinufftPlan adjusted eps=1.1920928955078125e-07 from requested 1e-08.
2021-02-27 14:59:11,898 DEBUG Corresponding type is already real float32.
2021-02-27 14:59:11,898 DEBUG nufft passed real_type for signal, converting
2021-02-27 14:59:11,916 DEBUG FinufftPlan adjusted eps=1.1920928955078125e-07 from requested 1e-08.
2021-02-27 14:59:12,145 DEBUG Corresponding type is already real float32.
2021-02-27 14:59:12,146 DEBUG nufft passed real_type for signal, converting
2021-02-27 14:59:12,165 DEBUG FinufftPlan adjusted eps=1.1920928955078125e-07 from requested 1e-08.
2021-02-27 14:59:12,424 DEBUG Corresponding type is already real float32.
2021-02-27 14:59:12,424 DEBUG nufft passed real_type for signal, converting
2021-02-27 14:59:12,447 DEBUG FinufftPlan adjusted eps=1.1920928955078125e-07 from requested 1e-08.
2021-02-27 14:59:12,811 INFO Iteration 13 | Cost = 1.2689744212585238e-10 | Relative Error = 0.11468646568852377
2021-02-27 14:59:12,811 INFO Iteration 13 | Relative Error u = 0.9968593716621399 | Relative Error g = 0.0014231373183945296
2021-02-27 14:59:12,811 INFO ========= Iteration 14 =========
2021-02-27 14:59:12,811 INFO Iteration 14 | descent step u
2021-02-27 14:59:12,835 DEBUG Corresponding type is already real float32.
2021-02-27 14:59:12,836 DEBUG nufft passed real_type for signal, converting
2021-02-27 14:59:12,849 DEBUG FinufftPlan adjusted eps=1.1920928955078125e-07 from requested 1e-08.
2021-02-27 14:59:13,178 DEBUG Corresponding type is already complex complex64.
2021-02-27 14:59:13,190 DEBUG FinufftPlan adjusted eps=1.1920928955078125e-07 from requested 1e-08.
2021-02-27 14:59:13,282 INFO Determined adjoint mappings. Shape = (65, 65, 65)
2021-02-27 14:59:13,292 INFO Iteration 14 | primal-dual step g
2021-02-27 14:59:13,339 DEBUG Corresponding type is already real float32.
2021-02-27 14:59:13,340 DEBUG nufft passed real_type for signal, converting
2021-02-27 14:59:13,354 DEBUG FinufftPlan adjusted eps=1.1920928955078125e-07 from requested 1e-08.
2021-02-27 14:59:13,590 DEBUG Corresponding type is already real float32.
2021-02-27 14:59:13,590 DEBUG nufft passed real_type for signal, converting
2021-02-27 14:59:13,610 DEBUG FinufftPlan adjusted eps=1.1920928955078125e-07 from requested 1e-08.
2021-02-27 14:59:13,862 DEBUG Corresponding type is already real float32.
2021-02-27 14:59:13,863 DEBUG nufft passed real_type for signal, converting
2021-02-27 14:59:13,881 DEBUG FinufftPlan adjusted eps=1.1920928955078125e-07 from requested 1e-08.
2021-02-27 14:59:14,117 DEBUG Corresponding type is already real float32.
2021-02-27 14:59:14,117 DEBUG nufft passed real_type for signal, converting
2021-02-27 14:59:14,136 DEBUG FinufftPlan adjusted eps=1.1920928955078125e-07 from requested 1e-08.
2021-02-27 14:59:14,369 DEBUG Corresponding type is already real float32.
2021-02-27 14:59:14,369 DEBUG nufft passed real_type for signal, converting
2021-02-27 14:59:14,389 DEBUG FinufftPlan adjusted eps=1.1920928955078125e-07 from requested 1e-08.
2021-02-27 14:59:14,642 DEBUG Corresponding type is already real float32.
2021-02-27 14:59:14,642 DEBUG nufft passed real_type for signal, converting
2021-02-27 14:59:14,661 DEBUG FinufftPlan adjusted eps=1.1920928955078125e-07 from requested 1e-08.
2021-02-27 14:59:15,477 DEBUG Corresponding type is already real float32.
2021-02-27 14:59:15,477 DEBUG nufft passed real_type for signal, converting
2021-02-27 14:59:15,489 DEBUG FinufftPlan adjusted eps=1.1920928955078125e-07 from requested 1e-08.
2021-02-27 14:59:15,733 DEBUG Corresponding type is already real float32.
2021-02-27 14:59:15,733 DEBUG nufft passed real_type for signal, converting
2021-02-27 14:59:15,752 DEBUG FinufftPlan adjusted eps=1.1920928955078125e-07 from requested 1e-08.
2021-02-27 14:59:15,983 DEBUG Corresponding type is already real float32.
2021-02-27 14:59:15,984 DEBUG nufft passed real_type for signal, converting
2021-02-27 14:59:16,002 DEBUG FinufftPlan adjusted eps=1.1920928955078125e-07 from requested 1e-08.
2021-02-27 14:59:16,233 DEBUG Corresponding type is already real float32.
2021-02-27 14:59:16,233 DEBUG nufft passed real_type for signal, converting
2021-02-27 14:59:16,251 DEBUG FinufftPlan adjusted eps=1.1920928955078125e-07 from requested 1e-08.
2021-02-27 14:59:16,499 DEBUG Corresponding type is already real float32.
2021-02-27 14:59:16,499 DEBUG nufft passed real_type for signal, converting
2021-02-27 14:59:16,518 DEBUG FinufftPlan adjusted eps=1.1920928955078125e-07 from requested 1e-08.
2021-02-27 14:59:16,760 DEBUG Corresponding type is already real float32.
2021-02-27 14:59:16,760 DEBUG nufft passed real_type for signal, converting
2021-02-27 14:59:16,779 DEBUG FinufftPlan adjusted eps=1.1920928955078125e-07 from requested 1e-08.
2021-02-27 14:59:17,052 DEBUG Corresponding type is already real float32.
2021-02-27 14:59:17,052 DEBUG nufft passed real_type for signal, converting
2021-02-27 14:59:17,072 DEBUG FinufftPlan adjusted eps=1.1920928955078125e-07 from requested 1e-08.
2021-02-27 14:59:17,445 INFO Iteration 14 | Cost = 1.2686876899028298e-10 | Relative Error = 0.11465729884485262
2021-02-27 14:59:17,445 INFO Iteration 14 | Relative Error u = 0.9966031908988953 | Relative Error g = 0.0014479623870322068
2021-02-27 14:59:17,445 INFO ========= Iteration 15 =========
2021-02-27 14:59:17,445 INFO Iteration 15 | descent step u
2021-02-27 14:59:17,470 DEBUG Corresponding type is already real float32.
2021-02-27 14:59:17,470 DEBUG nufft passed real_type for signal, converting
2021-02-27 14:59:17,484 DEBUG FinufftPlan adjusted eps=1.1920928955078125e-07 from requested 1e-08.
2021-02-27 14:59:17,814 DEBUG Corresponding type is already complex complex64.
2021-02-27 14:59:17,826 DEBUG FinufftPlan adjusted eps=1.1920928955078125e-07 from requested 1e-08.
2021-02-27 14:59:17,924 INFO Determined adjoint mappings. Shape = (65, 65, 65)
2021-02-27 14:59:17,935 INFO Iteration 15 | primal-dual step g
2021-02-27 14:59:17,982 DEBUG Corresponding type is already real float32.
2021-02-27 14:59:17,982 DEBUG nufft passed real_type for signal, converting
2021-02-27 14:59:17,996 DEBUG FinufftPlan adjusted eps=1.1920928955078125e-07 from requested 1e-08.
2021-02-27 14:59:18,228 DEBUG Corresponding type is already real float32.
2021-02-27 14:59:18,228 DEBUG nufft passed real_type for signal, converting
2021-02-27 14:59:18,247 DEBUG FinufftPlan adjusted eps=1.1920928955078125e-07 from requested 1e-08.
2021-02-27 14:59:18,494 DEBUG Corresponding type is already real float32.
2021-02-27 14:59:18,494 DEBUG nufft passed real_type for signal, converting
2021-02-27 14:59:18,513 DEBUG FinufftPlan adjusted eps=1.1920928955078125e-07 from requested 1e-08.
2021-02-27 14:59:18,747 DEBUG Corresponding type is already real float32.
2021-02-27 14:59:18,747 DEBUG nufft passed real_type for signal, converting
2021-02-27 14:59:18,766 DEBUG FinufftPlan adjusted eps=1.1920928955078125e-07 from requested 1e-08.
2021-02-27 14:59:18,999 DEBUG Corresponding type is already real float32.
2021-02-27 14:59:18,999 DEBUG nufft passed real_type for signal, converting
2021-02-27 14:59:19,017 DEBUG FinufftPlan adjusted eps=1.1920928955078125e-07 from requested 1e-08.
2021-02-27 14:59:19,269 DEBUG Corresponding type is already real float32.
2021-02-27 14:59:19,269 DEBUG nufft passed real_type for signal, converting
2021-02-27 14:59:19,290 DEBUG FinufftPlan adjusted eps=1.1920928955078125e-07 from requested 1e-08.
2021-02-27 14:59:20,103 DEBUG Corresponding type is already real float32.
2021-02-27 14:59:20,104 DEBUG nufft passed real_type for signal, converting
2021-02-27 14:59:20,116 DEBUG FinufftPlan adjusted eps=1.1920928955078125e-07 from requested 1e-08.
2021-02-27 14:59:20,344 DEBUG Corresponding type is already real float32.
2021-02-27 14:59:20,345 DEBUG nufft passed real_type for signal, converting
2021-02-27 14:59:20,363 DEBUG FinufftPlan adjusted eps=1.1920928955078125e-07 from requested 1e-08.
2021-02-27 14:59:20,599 DEBUG Corresponding type is already real float32.
2021-02-27 14:59:20,599 DEBUG nufft passed real_type for signal, converting
2021-02-27 14:59:20,620 DEBUG FinufftPlan adjusted eps=1.1920928955078125e-07 from requested 1e-08.
2021-02-27 14:59:20,865 DEBUG Corresponding type is already real float32.
2021-02-27 14:59:20,865 DEBUG nufft passed real_type for signal, converting
2021-02-27 14:59:20,883 DEBUG FinufftPlan adjusted eps=1.1920928955078125e-07 from requested 1e-08.
2021-02-27 14:59:21,119 DEBUG Corresponding type is already real float32.
2021-02-27 14:59:21,119 DEBUG nufft passed real_type for signal, converting
2021-02-27 14:59:21,137 DEBUG FinufftPlan adjusted eps=1.1920928955078125e-07 from requested 1e-08.
2021-02-27 14:59:21,394 DEBUG Corresponding type is already real float32.
2021-02-27 14:59:21,394 DEBUG nufft passed real_type for signal, converting
2021-02-27 14:59:21,413 DEBUG FinufftPlan adjusted eps=1.1920928955078125e-07 from requested 1e-08.
2021-02-27 14:59:21,681 DEBUG Corresponding type is already real float32.
2021-02-27 14:59:21,681 DEBUG nufft passed real_type for signal, converting
2021-02-27 14:59:21,700 DEBUG FinufftPlan adjusted eps=1.1920928955078125e-07 from requested 1e-08.
2021-02-27 14:59:22,072 INFO Iteration 15 | Cost = 1.268401649314897e-10 | Relative Error = 0.11462774592553304
2021-02-27 14:59:22,072 INFO Iteration 15 | Relative Error u = 0.9963437914848328 | Relative Error g = 0.001470512104193381
2021-02-27 14:59:22,072 INFO ========= Iteration 16 =========
2021-02-27 14:59:22,072 INFO Iteration 16 | descent step u
2021-02-27 14:59:22,097 DEBUG Corresponding type is already real float32.
2021-02-27 14:59:22,097 DEBUG nufft passed real_type for signal, converting
2021-02-27 14:59:22,111 DEBUG FinufftPlan adjusted eps=1.1920928955078125e-07 from requested 1e-08.
2021-02-27 14:59:22,447 DEBUG Corresponding type is already complex complex64.
2021-02-27 14:59:22,460 DEBUG FinufftPlan adjusted eps=1.1920928955078125e-07 from requested 1e-08.
2021-02-27 14:59:22,557 INFO Determined adjoint mappings. Shape = (65, 65, 65)
2021-02-27 14:59:22,569 INFO Iteration 16 | primal-dual step g
2021-02-27 14:59:22,619 DEBUG Corresponding type is already real float32.
2021-02-27 14:59:22,619 DEBUG nufft passed real_type for signal, converting
2021-02-27 14:59:22,635 DEBUG FinufftPlan adjusted eps=1.1920928955078125e-07 from requested 1e-08.
2021-02-27 14:59:22,882 DEBUG Corresponding type is already real float32.
2021-02-27 14:59:22,883 DEBUG nufft passed real_type for signal, converting
2021-02-27 14:59:22,902 DEBUG FinufftPlan adjusted eps=1.1920928955078125e-07 from requested 1e-08.
2021-02-27 14:59:23,142 DEBUG Corresponding type is already real float32.
2021-02-27 14:59:23,143 DEBUG nufft passed real_type for signal, converting
2021-02-27 14:59:23,161 DEBUG FinufftPlan adjusted eps=1.1920928955078125e-07 from requested 1e-08.
2021-02-27 14:59:23,406 DEBUG Corresponding type is already real float32.
2021-02-27 14:59:23,406 DEBUG nufft passed real_type for signal, converting
2021-02-27 14:59:23,425 DEBUG FinufftPlan adjusted eps=1.1920928955078125e-07 from requested 1e-08.
2021-02-27 14:59:23,665 DEBUG Corresponding type is already real float32.
2021-02-27 14:59:23,666 DEBUG nufft passed real_type for signal, converting
2021-02-27 14:59:23,684 DEBUG FinufftPlan adjusted eps=1.1920928955078125e-07 from requested 1e-08.
2021-02-27 14:59:23,937 DEBUG Corresponding type is already real float32.
2021-02-27 14:59:23,937 DEBUG nufft passed real_type for signal, converting
2021-02-27 14:59:23,956 DEBUG FinufftPlan adjusted eps=1.1920928955078125e-07 from requested 1e-08.
2021-02-27 14:59:24,794 DEBUG Corresponding type is already real float32.
2021-02-27 14:59:24,795 DEBUG nufft passed real_type for signal, converting
2021-02-27 14:59:24,806 DEBUG FinufftPlan adjusted eps=1.1920928955078125e-07 from requested 1e-08.
2021-02-27 14:59:25,049 DEBUG Corresponding type is already real float32.
2021-02-27 14:59:25,049 DEBUG nufft passed real_type for signal, converting
2021-02-27 14:59:25,068 DEBUG FinufftPlan adjusted eps=1.1920928955078125e-07 from requested 1e-08.
2021-02-27 14:59:25,300 DEBUG Corresponding type is already real float32.
2021-02-27 14:59:25,300 DEBUG nufft passed real_type for signal, converting
2021-02-27 14:59:25,318 DEBUG FinufftPlan adjusted eps=1.1920928955078125e-07 from requested 1e-08.
2021-02-27 14:59:25,549 DEBUG Corresponding type is already real float32.
2021-02-27 14:59:25,550 DEBUG nufft passed real_type for signal, converting
2021-02-27 14:59:25,568 DEBUG FinufftPlan adjusted eps=1.1920928955078125e-07 from requested 1e-08.
2021-02-27 14:59:25,812 DEBUG Corresponding type is already real float32.
2021-02-27 14:59:25,812 DEBUG nufft passed real_type for signal, converting
2021-02-27 14:59:25,831 DEBUG FinufftPlan adjusted eps=1.1920928955078125e-07 from requested 1e-08.
2021-02-27 14:59:26,062 DEBUG Corresponding type is already real float32.
2021-02-27 14:59:26,062 DEBUG nufft passed real_type for signal, converting
2021-02-27 14:59:26,082 DEBUG FinufftPlan adjusted eps=1.1920928955078125e-07 from requested 1e-08.
2021-02-27 14:59:26,345 DEBUG Corresponding type is already real float32.
2021-02-27 14:59:26,345 DEBUG nufft passed real_type for signal, converting
2021-02-27 14:59:26,364 DEBUG FinufftPlan adjusted eps=1.1920928955078125e-07 from requested 1e-08.
2021-02-27 14:59:26,726 INFO Iteration 16 | Cost = 1.2681049785727134e-10 | Relative Error = 0.1145974416339866
2021-02-27 14:59:26,726 INFO Iteration 16 | Relative Error u = 0.9960849285125732 | Relative Error g = 0.0014283112819007046
2021-02-27 14:59:26,726 INFO ========= Iteration 17 =========
2021-02-27 14:59:26,726 INFO Iteration 17 | descent step u
2021-02-27 14:59:26,752 DEBUG Corresponding type is already real float32.
2021-02-27 14:59:26,752 DEBUG nufft passed real_type for signal, converting
2021-02-27 14:59:26,766 DEBUG FinufftPlan adjusted eps=1.1920928955078125e-07 from requested 1e-08.
2021-02-27 14:59:27,090 DEBUG Corresponding type is already complex complex64.
2021-02-27 14:59:27,103 DEBUG FinufftPlan adjusted eps=1.1920928955078125e-07 from requested 1e-08.
2021-02-27 14:59:27,200 INFO Determined adjoint mappings. Shape = (65, 65, 65)
2021-02-27 14:59:27,211 INFO Iteration 17 | primal-dual step g
2021-02-27 14:59:27,261 DEBUG Corresponding type is already real float32.
2021-02-27 14:59:27,261 DEBUG nufft passed real_type for signal, converting
2021-02-27 14:59:27,275 DEBUG FinufftPlan adjusted eps=1.1920928955078125e-07 from requested 1e-08.
2021-02-27 14:59:27,532 DEBUG Corresponding type is already real float32.
2021-02-27 14:59:27,532 DEBUG nufft passed real_type for signal, converting
2021-02-27 14:59:27,553 DEBUG FinufftPlan adjusted eps=1.1920928955078125e-07 from requested 1e-08.
2021-02-27 14:59:27,803 DEBUG Corresponding type is already real float32.
2021-02-27 14:59:27,803 DEBUG nufft passed real_type for signal, converting
2021-02-27 14:59:27,821 DEBUG FinufftPlan adjusted eps=1.1920928955078125e-07 from requested 1e-08.
2021-02-27 14:59:28,059 DEBUG Corresponding type is already real float32.
2021-02-27 14:59:28,059 DEBUG nufft passed real_type for signal, converting
2021-02-27 14:59:28,078 DEBUG FinufftPlan adjusted eps=1.1920928955078125e-07 from requested 1e-08.
2021-02-27 14:59:28,310 DEBUG Corresponding type is already real float32.
2021-02-27 14:59:28,310 DEBUG nufft passed real_type for signal, converting
2021-02-27 14:59:28,329 DEBUG FinufftPlan adjusted eps=1.1920928955078125e-07 from requested 1e-08.
2021-02-27 14:59:28,576 DEBUG Corresponding type is already real float32.
2021-02-27 14:59:28,576 DEBUG nufft passed real_type for signal, converting
2021-02-27 14:59:28,595 DEBUG FinufftPlan adjusted eps=1.1920928955078125e-07 from requested 1e-08.
2021-02-27 14:59:29,405 DEBUG Corresponding type is already real float32.
2021-02-27 14:59:29,406 DEBUG nufft passed real_type for signal, converting
2021-02-27 14:59:29,418 DEBUG FinufftPlan adjusted eps=1.1920928955078125e-07 from requested 1e-08.
2021-02-27 14:59:29,654 DEBUG Corresponding type is already real float32.
2021-02-27 14:59:29,654 DEBUG nufft passed real_type for signal, converting
2021-02-27 14:59:29,672 DEBUG FinufftPlan adjusted eps=1.1920928955078125e-07 from requested 1e-08.
2021-02-27 14:59:29,899 DEBUG Corresponding type is already real float32.
2021-02-27 14:59:29,900 DEBUG nufft passed real_type for signal, converting
2021-02-27 14:59:29,918 DEBUG FinufftPlan adjusted eps=1.1920928955078125e-07 from requested 1e-08.
2021-02-27 14:59:30,149 DEBUG Corresponding type is already real float32.
2021-02-27 14:59:30,149 DEBUG nufft passed real_type for signal, converting
2021-02-27 14:59:30,168 DEBUG FinufftPlan adjusted eps=1.1920928955078125e-07 from requested 1e-08.
2021-02-27 14:59:30,420 DEBUG Corresponding type is already real float32.
2021-02-27 14:59:30,420 DEBUG nufft passed real_type for signal, converting
2021-02-27 14:59:30,439 DEBUG FinufftPlan adjusted eps=1.1920928955078125e-07 from requested 1e-08.
2021-02-27 14:59:30,677 DEBUG Corresponding type is already real float32.
2021-02-27 14:59:30,677 DEBUG nufft passed real_type for signal, converting
2021-02-27 14:59:30,696 DEBUG FinufftPlan adjusted eps=1.1920928955078125e-07 from requested 1e-08.
2021-02-27 14:59:30,970 DEBUG Corresponding type is already real float32.
2021-02-27 14:59:30,971 DEBUG nufft passed real_type for signal, converting
2021-02-27 14:59:30,990 DEBUG FinufftPlan adjusted eps=1.1920928955078125e-07 from requested 1e-08.
2021-02-27 14:59:31,350 INFO Iteration 17 | Cost = 1.2678164011223884e-10 | Relative Error = 0.11456724582526985
2021-02-27 14:59:31,351 INFO Iteration 17 | Relative Error u = 0.9958258271217346 | Relative Error g = 0.0013958612580347576
2021-02-27 14:59:31,351 INFO ========= Iteration 18 =========
2021-02-27 14:59:31,351 INFO Iteration 18 | descent step u
2021-02-27 14:59:31,376 DEBUG Corresponding type is already real float32.
2021-02-27 14:59:31,376 DEBUG nufft passed real_type for signal, converting
2021-02-27 14:59:31,391 DEBUG FinufftPlan adjusted eps=1.1920928955078125e-07 from requested 1e-08.
2021-02-27 14:59:31,720 DEBUG Corresponding type is already complex complex64.
2021-02-27 14:59:31,731 DEBUG FinufftPlan adjusted eps=1.1920928955078125e-07 from requested 1e-08.
2021-02-27 14:59:31,830 INFO Determined adjoint mappings. Shape = (65, 65, 65)
2021-02-27 14:59:31,840 INFO Iteration 18 | primal-dual step g
2021-02-27 14:59:31,887 DEBUG Corresponding type is already real float32.
2021-02-27 14:59:31,887 DEBUG nufft passed real_type for signal, converting
2021-02-27 14:59:31,902 DEBUG FinufftPlan adjusted eps=1.1920928955078125e-07 from requested 1e-08.
2021-02-27 14:59:32,144 DEBUG Corresponding type is already real float32.
2021-02-27 14:59:32,144 DEBUG nufft passed real_type for signal, converting
2021-02-27 14:59:32,165 DEBUG FinufftPlan adjusted eps=1.1920928955078125e-07 from requested 1e-08.
2021-02-27 14:59:32,396 DEBUG Corresponding type is already real float32.
2021-02-27 14:59:32,396 DEBUG nufft passed real_type for signal, converting
2021-02-27 14:59:32,415 DEBUG FinufftPlan adjusted eps=1.1920928955078125e-07 from requested 1e-08.
2021-02-27 14:59:32,652 DEBUG Corresponding type is already real float32.
2021-02-27 14:59:32,652 DEBUG nufft passed real_type for signal, converting
2021-02-27 14:59:32,673 DEBUG FinufftPlan adjusted eps=1.1920928955078125e-07 from requested 1e-08.
2021-02-27 14:59:32,901 DEBUG Corresponding type is already real float32.
2021-02-27 14:59:32,901 DEBUG nufft passed real_type for signal, converting
2021-02-27 14:59:32,920 DEBUG FinufftPlan adjusted eps=1.1920928955078125e-07 from requested 1e-08.
2021-02-27 14:59:33,179 DEBUG Corresponding type is already real float32.
2021-02-27 14:59:33,180 DEBUG nufft passed real_type for signal, converting
2021-02-27 14:59:33,200 DEBUG FinufftPlan adjusted eps=1.1920928955078125e-07 from requested 1e-08.
2021-02-27 14:59:34,644 DEBUG Corresponding type is already real float32.
2021-02-27 14:59:34,644 DEBUG nufft passed real_type for signal, converting
2021-02-27 14:59:34,657 DEBUG FinufftPlan adjusted eps=1.1920928955078125e-07 from requested 1e-08.
2021-02-27 14:59:34,922 DEBUG Corresponding type is already real float32.
2021-02-27 14:59:34,922 DEBUG nufft passed real_type for signal, converting
2021-02-27 14:59:34,945 DEBUG FinufftPlan adjusted eps=1.1920928955078125e-07 from requested 1e-08.
2021-02-27 14:59:35,190 DEBUG Corresponding type is already real float32.
2021-02-27 14:59:35,190 DEBUG nufft passed real_type for signal, converting
2021-02-27 14:59:35,211 DEBUG FinufftPlan adjusted eps=1.1920928955078125e-07 from requested 1e-08.
2021-02-27 14:59:35,465 DEBUG Corresponding type is already real float32.
2021-02-27 14:59:35,465 DEBUG nufft passed real_type for signal, converting
2021-02-27 14:59:35,484 DEBUG FinufftPlan adjusted eps=1.1920928955078125e-07 from requested 1e-08.
2021-02-27 14:59:35,717 DEBUG Corresponding type is already real float32.
2021-02-27 14:59:35,717 DEBUG nufft passed real_type for signal, converting
2021-02-27 14:59:35,736 DEBUG FinufftPlan adjusted eps=1.1920928955078125e-07 from requested 1e-08.
2021-02-27 14:59:35,973 DEBUG Corresponding type is already real float32.
2021-02-27 14:59:35,973 DEBUG nufft passed real_type for signal, converting
2021-02-27 14:59:35,992 DEBUG FinufftPlan adjusted eps=1.1920928955078125e-07 from requested 1e-08.
2021-02-27 14:59:36,266 DEBUG Corresponding type is already real float32.
2021-02-27 14:59:36,266 DEBUG nufft passed real_type for signal, converting
2021-02-27 14:59:36,285 DEBUG FinufftPlan adjusted eps=1.1920928955078125e-07 from requested 1e-08.
2021-02-27 14:59:36,674 INFO Iteration 18 | Cost = 1.2675220633172806e-10 | Relative Error = 0.11453716543918771
2021-02-27 14:59:36,674 INFO Iteration 18 | Relative Error u = 0.9955673813819885 | Relative Error g = 0.0013665026115753398
2021-02-27 14:59:36,674 INFO ========= Iteration 19 =========
2021-02-27 14:59:36,674 INFO Iteration 19 | descent step u
2021-02-27 14:59:36,703 DEBUG Corresponding type is already real float32.
2021-02-27 14:59:36,703 DEBUG nufft passed real_type for signal, converting
2021-02-27 14:59:36,717 DEBUG FinufftPlan adjusted eps=1.1920928955078125e-07 from requested 1e-08.
2021-02-27 14:59:37,052 DEBUG Corresponding type is already complex complex64.
2021-02-27 14:59:37,064 DEBUG FinufftPlan adjusted eps=1.1920928955078125e-07 from requested 1e-08.
2021-02-27 14:59:37,169 INFO Determined adjoint mappings. Shape = (65, 65, 65)
2021-02-27 14:59:37,180 INFO Iteration 19 | primal-dual step g
2021-02-27 14:59:37,226 DEBUG Corresponding type is already real float32.
2021-02-27 14:59:37,226 DEBUG nufft passed real_type for signal, converting
2021-02-27 14:59:37,240 DEBUG FinufftPlan adjusted eps=1.1920928955078125e-07 from requested 1e-08.
2021-02-27 14:59:37,477 DEBUG Corresponding type is already real float32.
2021-02-27 14:59:37,478 DEBUG nufft passed real_type for signal, converting
2021-02-27 14:59:37,496 DEBUG FinufftPlan adjusted eps=1.1920928955078125e-07 from requested 1e-08.
2021-02-27 14:59:37,729 DEBUG Corresponding type is already real float32.
2021-02-27 14:59:37,729 DEBUG nufft passed real_type for signal, converting
2021-02-27 14:59:37,749 DEBUG FinufftPlan adjusted eps=1.1920928955078125e-07 from requested 1e-08.
2021-02-27 14:59:37,991 DEBUG Corresponding type is already real float32.
2021-02-27 14:59:37,992 DEBUG nufft passed real_type for signal, converting
2021-02-27 14:59:38,010 DEBUG FinufftPlan adjusted eps=1.1920928955078125e-07 from requested 1e-08.
2021-02-27 14:59:38,258 DEBUG Corresponding type is already real float32.
2021-02-27 14:59:38,258 DEBUG nufft passed real_type for signal, converting
2021-02-27 14:59:38,277 DEBUG FinufftPlan adjusted eps=1.1920928955078125e-07 from requested 1e-08.
2021-02-27 14:59:38,532 DEBUG Corresponding type is already real float32.
2021-02-27 14:59:38,533 DEBUG nufft passed real_type for signal, converting
2021-02-27 14:59:38,556 DEBUG FinufftPlan adjusted eps=1.1920928955078125e-07 from requested 1e-08.
2021-02-27 14:59:39,368 DEBUG Corresponding type is already real float32.
2021-02-27 14:59:39,368 DEBUG nufft passed real_type for signal, converting
2021-02-27 14:59:39,381 DEBUG FinufftPlan adjusted eps=1.1920928955078125e-07 from requested 1e-08.
2021-02-27 14:59:39,624 DEBUG Corresponding type is already real float32.
2021-02-27 14:59:39,624 DEBUG nufft passed real_type for signal, converting
2021-02-27 14:59:39,643 DEBUG FinufftPlan adjusted eps=1.1920928955078125e-07 from requested 1e-08.
2021-02-27 14:59:39,907 DEBUG Corresponding type is already real float32.
2021-02-27 14:59:39,908 DEBUG nufft passed real_type for signal, converting
2021-02-27 14:59:39,929 DEBUG FinufftPlan adjusted eps=1.1920928955078125e-07 from requested 1e-08.
2021-02-27 14:59:40,237 DEBUG Corresponding type is already real float32.
2021-02-27 14:59:40,237 DEBUG nufft passed real_type for signal, converting
2021-02-27 14:59:40,258 DEBUG FinufftPlan adjusted eps=1.1920928955078125e-07 from requested 1e-08.
2021-02-27 14:59:40,538 DEBUG Corresponding type is already real float32.
2021-02-27 14:59:40,538 DEBUG nufft passed real_type for signal, converting
2021-02-27 14:59:40,558 DEBUG FinufftPlan adjusted eps=1.1920928955078125e-07 from requested 1e-08.
2021-02-27 14:59:40,796 DEBUG Corresponding type is already real float32.
2021-02-27 14:59:40,796 DEBUG nufft passed real_type for signal, converting
2021-02-27 14:59:40,816 DEBUG FinufftPlan adjusted eps=1.1920928955078125e-07 from requested 1e-08.
2021-02-27 14:59:41,083 DEBUG Corresponding type is already real float32.
2021-02-27 14:59:41,083 DEBUG nufft passed real_type for signal, converting
2021-02-27 14:59:41,102 DEBUG FinufftPlan adjusted eps=1.1920928955078125e-07 from requested 1e-08.
2021-02-27 14:59:41,505 INFO Iteration 19 | Cost = 1.2672292198639357e-10 | Relative Error = 0.11450787815457518
2021-02-27 14:59:41,505 INFO Iteration 19 | Relative Error u = 0.9953135848045349 | Relative Error g = 0.0013584642506469585
2021-02-27 14:59:41,505 INFO ========= Iteration 20 =========
2021-02-27 14:59:41,506 INFO Iteration 20 | descent step u
2021-02-27 14:59:41,530 DEBUG Corresponding type is already real float32.
2021-02-27 14:59:41,530 DEBUG nufft passed real_type for signal, converting
2021-02-27 14:59:41,544 DEBUG FinufftPlan adjusted eps=1.1920928955078125e-07 from requested 1e-08.
2021-02-27 14:59:41,865 DEBUG Corresponding type is already complex complex64.
2021-02-27 14:59:41,879 DEBUG FinufftPlan adjusted eps=1.1920928955078125e-07 from requested 1e-08.
2021-02-27 14:59:41,998 INFO Determined adjoint mappings. Shape = (65, 65, 65)
2021-02-27 14:59:42,010 INFO Iteration 20 | primal-dual step g
2021-02-27 14:59:42,072 DEBUG Corresponding type is already real float32.
2021-02-27 14:59:42,072 DEBUG nufft passed real_type for signal, converting
2021-02-27 14:59:42,089 DEBUG FinufftPlan adjusted eps=1.1920928955078125e-07 from requested 1e-08.
2021-02-27 14:59:42,364 DEBUG Corresponding type is already real float32.
2021-02-27 14:59:42,364 DEBUG nufft passed real_type for signal, converting
2021-02-27 14:59:42,389 DEBUG FinufftPlan adjusted eps=1.1920928955078125e-07 from requested 1e-08.
2021-02-27 14:59:42,636 DEBUG Corresponding type is already real float32.
2021-02-27 14:59:42,636 DEBUG nufft passed real_type for signal, converting
2021-02-27 14:59:42,655 DEBUG FinufftPlan adjusted eps=1.1920928955078125e-07 from requested 1e-08.
2021-02-27 14:59:42,883 DEBUG Corresponding type is already real float32.
2021-02-27 14:59:42,884 DEBUG nufft passed real_type for signal, converting
2021-02-27 14:59:42,902 DEBUG FinufftPlan adjusted eps=1.1920928955078125e-07 from requested 1e-08.
2021-02-27 14:59:43,133 DEBUG Corresponding type is already real float32.
2021-02-27 14:59:43,134 DEBUG nufft passed real_type for signal, converting
2021-02-27 14:59:43,152 DEBUG FinufftPlan adjusted eps=1.1920928955078125e-07 from requested 1e-08.
2021-02-27 14:59:43,397 DEBUG Corresponding type is already real float32.
2021-02-27 14:59:43,398 DEBUG nufft passed real_type for signal, converting
2021-02-27 14:59:43,416 DEBUG FinufftPlan adjusted eps=1.1920928955078125e-07 from requested 1e-08.
2021-02-27 14:59:44,312 DEBUG Corresponding type is already real float32.
2021-02-27 14:59:44,312 DEBUG nufft passed real_type for signal, converting
2021-02-27 14:59:44,324 DEBUG FinufftPlan adjusted eps=1.1920928955078125e-07 from requested 1e-08.
2021-02-27 14:59:44,591 DEBUG Corresponding type is already real float32.
2021-02-27 14:59:44,592 DEBUG nufft passed real_type for signal, converting
2021-02-27 14:59:44,613 DEBUG FinufftPlan adjusted eps=1.1920928955078125e-07 from requested 1e-08.
2021-02-27 14:59:44,858 DEBUG Corresponding type is already real float32.
2021-02-27 14:59:44,858 DEBUG nufft passed real_type for signal, converting
2021-02-27 14:59:44,881 DEBUG FinufftPlan adjusted eps=1.1920928955078125e-07 from requested 1e-08.
2021-02-27 14:59:45,139 DEBUG Corresponding type is already real float32.
2021-02-27 14:59:45,139 DEBUG nufft passed real_type for signal, converting
2021-02-27 14:59:45,158 DEBUG FinufftPlan adjusted eps=1.1920928955078125e-07 from requested 1e-08.
2021-02-27 14:59:45,405 DEBUG Corresponding type is already real float32.
2021-02-27 14:59:45,405 DEBUG nufft passed real_type for signal, converting
2021-02-27 14:59:45,428 DEBUG FinufftPlan adjusted eps=1.1920928955078125e-07 from requested 1e-08.
2021-02-27 14:59:45,704 DEBUG Corresponding type is already real float32.
2021-02-27 14:59:45,704 DEBUG nufft passed real_type for signal, converting
2021-02-27 14:59:45,727 DEBUG FinufftPlan adjusted eps=1.1920928955078125e-07 from requested 1e-08.
2021-02-27 14:59:45,989 DEBUG Corresponding type is already real float32.
2021-02-27 14:59:45,989 DEBUG nufft passed real_type for signal, converting
2021-02-27 14:59:46,010 DEBUG FinufftPlan adjusted eps=1.1920928955078125e-07 from requested 1e-08.
2021-02-27 14:59:46,372 INFO Iteration 20 | Cost = 1.2669428073573954e-10 | Relative Error = 0.11447811179114822
2021-02-27 14:59:46,372 INFO Iteration 20 | Relative Error u = 0.9950542449951172 | Relative Error g = 0.0013644373664398243
