2021-02-17 16:27:14,164 DEBUG Using fontManager instance from /Users/wdiepeveen/.matplotlib/fontlist-v330.json
2021-02-17 16:27:14,367 INFO This script illustrates orientation refinement using lRCPA as primal-dual splitting method
2021-02-17 16:27:14,374 DEBUG Corresponding type is already real float32.
2021-02-17 16:27:14,374 DEBUG nufft passed real_type for signal, converting
2021-02-17 16:27:14,374 INFO Trying NFFT backend finufft
2021-02-17 16:27:14,379 INFO NFFT backend finufft usable.
2021-02-17 16:27:14,379 INFO Trying NFFT backend cufinufft
2021-02-17 16:27:14,380 INFO NFFT backend cufinufft not usable:
	No module named 'pycuda'
2021-02-17 16:27:14,380 INFO Trying NFFT backend pynfft
2021-02-17 16:27:14,380 INFO NFFT backend pynfft not usable:
	No module named 'pynfft'
2021-02-17 16:27:14,380 INFO Selected NFFT backend = finufft.
2021-02-17 16:27:14,384 DEBUG FinufftPlan adjusted eps=1.1920928955078125e-07 from requested 1e-08.
2021-02-17 16:27:14,561 INFO Applying forward transformations in pipeline
2021-02-17 16:27:14,561 INFO All forward transformations applied
2021-02-17 16:27:14,561 INFO Loaded 128 images
2021-02-17 16:27:14,584 INFO ========= Iteration 1 =========
2021-02-17 16:27:14,584 INFO Iteration 1 | descent step u
2021-02-17 16:27:14,589 DEBUG Corresponding type is already real float32.
2021-02-17 16:27:14,589 DEBUG nufft passed real_type for signal, converting
2021-02-17 16:27:14,594 DEBUG FinufftPlan adjusted eps=1.1920928955078125e-07 from requested 1e-08.
2021-02-17 16:27:14,726 DEBUG Corresponding type is already complex complex64.
2021-02-17 16:27:14,730 DEBUG FinufftPlan adjusted eps=1.1920928955078125e-07 from requested 1e-08.
2021-02-17 16:27:14,754 INFO Determined adjoint mappings. Shape = (33, 33, 33)
2021-02-17 16:27:14,758 INFO Iteration 1 | primal-dual step g
2021-02-17 16:27:14,765 DEBUG Corresponding type is already real float32.
2021-02-17 16:27:14,766 DEBUG nufft passed real_type for signal, converting
2021-02-17 16:27:14,769 DEBUG FinufftPlan adjusted eps=1.1920928955078125e-07 from requested 1e-08.
2021-02-17 16:27:14,862 DEBUG Corresponding type is already real float32.
2021-02-17 16:27:14,862 DEBUG nufft passed real_type for signal, converting
2021-02-17 16:27:14,867 DEBUG FinufftPlan adjusted eps=1.1920928955078125e-07 from requested 1e-08.
2021-02-17 16:27:14,958 DEBUG Corresponding type is already real float32.
2021-02-17 16:27:14,958 DEBUG nufft passed real_type for signal, converting
2021-02-17 16:27:14,963 DEBUG FinufftPlan adjusted eps=1.1920928955078125e-07 from requested 1e-08.
2021-02-17 16:27:15,044 DEBUG Corresponding type is already real float32.
2021-02-17 16:27:15,045 DEBUG nufft passed real_type for signal, converting
2021-02-17 16:27:15,049 DEBUG FinufftPlan adjusted eps=1.1920928955078125e-07 from requested 1e-08.
2021-02-17 16:27:15,138 DEBUG Corresponding type is already real float32.
2021-02-17 16:27:15,138 DEBUG nufft passed real_type for signal, converting
2021-02-17 16:27:15,143 DEBUG FinufftPlan adjusted eps=1.1920928955078125e-07 from requested 1e-08.
2021-02-17 16:27:15,225 DEBUG Corresponding type is already real float32.
2021-02-17 16:27:15,226 DEBUG nufft passed real_type for signal, converting
2021-02-17 16:27:15,230 DEBUG FinufftPlan adjusted eps=1.1920928955078125e-07 from requested 1e-08.
2021-02-17 16:27:15,908 DEBUG Corresponding type is already real float32.
2021-02-17 16:27:15,908 DEBUG nufft passed real_type for signal, converting
2021-02-17 16:27:15,913 DEBUG FinufftPlan adjusted eps=1.1920928955078125e-07 from requested 1e-08.
2021-02-17 16:27:16,011 DEBUG Corresponding type is already real float32.
2021-02-17 16:27:16,011 DEBUG nufft passed real_type for signal, converting
2021-02-17 16:27:16,016 DEBUG FinufftPlan adjusted eps=1.1920928955078125e-07 from requested 1e-08.
2021-02-17 16:27:16,111 DEBUG Corresponding type is already real float32.
2021-02-17 16:27:16,112 DEBUG nufft passed real_type for signal, converting
2021-02-17 16:27:16,116 DEBUG FinufftPlan adjusted eps=1.1920928955078125e-07 from requested 1e-08.
2021-02-17 16:27:16,198 DEBUG Corresponding type is already real float32.
2021-02-17 16:27:16,198 DEBUG nufft passed real_type for signal, converting
2021-02-17 16:27:16,203 DEBUG FinufftPlan adjusted eps=1.1920928955078125e-07 from requested 1e-08.
2021-02-17 16:27:16,289 DEBUG Corresponding type is already real float32.
2021-02-17 16:27:16,290 DEBUG nufft passed real_type for signal, converting
2021-02-17 16:27:16,296 DEBUG FinufftPlan adjusted eps=1.1920928955078125e-07 from requested 1e-08.
2021-02-17 16:27:16,381 DEBUG Corresponding type is already real float32.
2021-02-17 16:27:16,381 DEBUG nufft passed real_type for signal, converting
2021-02-17 16:27:16,387 DEBUG FinufftPlan adjusted eps=1.1920928955078125e-07 from requested 1e-08.
2021-02-17 16:27:18,442 CRITICAL 'InnerProductOperator' object has no attribute 'dtype'
Traceback:
  File "/Users/wdiepeveen/Documents/PhD/Projects/2 - Cryo-EM/src/src/Cryo-EM/test.py", line 66, in <module>
    volume = solver.solve()
  File "/Users/wdiepeveen/Documents/PhD/Projects/2 - Cryo-EM/src/src/Cryo-EM/solvers/primal_dual_solver.py", line 115, in solve
    cost = self.get_cost(self.problem)
  File "/Users/wdiepeveen/Documents/PhD/Projects/2 - Cryo-EM/src/src/Cryo-EM/test.py", line 45, in cost_function
    cost = l2_data_fidelity(src) + lam1*l2_grad_norm(src) + lam2*so3_distance(src)
  File "/Users/wdiepeveen/Documents/PhD/Projects/2 - Cryo-EM/src/src/Cryo-EM/functions/cost_functions.py", line 14, in l2_data_fidelity
    res = src.vol_forward(src.vols, 0, np.inf) - src.data
  File "/Users/wdiepeveen/PycharmProjects/Cryo-EM/lib/python3.6/site-packages/aspire/source/__init__.py", line 523, in vol_forward
    im = vol.project(0, self.rots[all_idx, :, :])
  File "/Users/wdiepeveen/PycharmProjects/Cryo-EM/lib/python3.6/site-packages/aspire/volume/__init__.py", line 152, in project
    im_f = nufft(data, pts_rot) / self.resolution
  File "/Users/wdiepeveen/PycharmProjects/Cryo-EM/lib/python3.6/site-packages/aspire/nufft/__init__.py", line 198, in nufft
    if fourier_pts.dtype != real_type(sig_f.dtype):

