2021-02-17 16:25:03,285 DEBUG Using fontManager instance from /Users/wdiepeveen/.matplotlib/fontlist-v330.json
2021-02-17 16:25:03,523 INFO This script illustrates orientation refinement using lRCPA as primal-dual splitting method
2021-02-17 16:25:03,531 DEBUG Corresponding type is already real float32.
2021-02-17 16:25:03,531 DEBUG nufft passed real_type for signal, converting
2021-02-17 16:25:03,531 INFO Trying NFFT backend finufft
2021-02-17 16:25:03,541 INFO NFFT backend finufft usable.
2021-02-17 16:25:03,542 INFO Trying NFFT backend cufinufft
2021-02-17 16:25:03,542 INFO NFFT backend cufinufft not usable:
	No module named 'pycuda'
2021-02-17 16:25:03,542 INFO Trying NFFT backend pynfft
2021-02-17 16:25:03,542 INFO NFFT backend pynfft not usable:
	No module named 'pynfft'
2021-02-17 16:25:03,542 INFO Selected NFFT backend = finufft.
2021-02-17 16:25:03,546 DEBUG FinufftPlan adjusted eps=1.1920928955078125e-07 from requested 1e-08.
2021-02-17 16:25:03,701 INFO Applying forward transformations in pipeline
2021-02-17 16:25:03,701 INFO All forward transformations applied
2021-02-17 16:25:03,701 INFO Loaded 128 images
2021-02-17 16:25:03,719 INFO ========= Iteration 1 =========
2021-02-17 16:25:03,719 INFO Iteration 1 | descent step u
2021-02-17 16:25:03,724 DEBUG Corresponding type is already real float32.
2021-02-17 16:25:03,724 DEBUG nufft passed real_type for signal, converting
2021-02-17 16:25:03,729 DEBUG FinufftPlan adjusted eps=1.1920928955078125e-07 from requested 1e-08.
2021-02-17 16:25:03,856 DEBUG Corresponding type is already complex complex64.
2021-02-17 16:25:03,861 DEBUG FinufftPlan adjusted eps=1.1920928955078125e-07 from requested 1e-08.
2021-02-17 16:25:03,883 INFO Determined adjoint mappings. Shape = (33, 33, 33)
2021-02-17 16:25:03,887 INFO Iteration 1 | primal-dual step g
2021-02-17 16:25:03,894 DEBUG Corresponding type is already real float32.
2021-02-17 16:25:03,895 DEBUG nufft passed real_type for signal, converting
2021-02-17 16:25:03,898 DEBUG FinufftPlan adjusted eps=1.1920928955078125e-07 from requested 1e-08.
2021-02-17 16:25:03,983 DEBUG Corresponding type is already real float32.
2021-02-17 16:25:03,984 DEBUG nufft passed real_type for signal, converting
2021-02-17 16:25:03,988 DEBUG FinufftPlan adjusted eps=1.1920928955078125e-07 from requested 1e-08.
2021-02-17 16:25:04,081 DEBUG Corresponding type is already real float32.
2021-02-17 16:25:04,082 DEBUG nufft passed real_type for signal, converting
2021-02-17 16:25:04,086 DEBUG FinufftPlan adjusted eps=1.1920928955078125e-07 from requested 1e-08.
2021-02-17 16:25:04,168 DEBUG Corresponding type is already real float32.
2021-02-17 16:25:04,169 DEBUG nufft passed real_type for signal, converting
2021-02-17 16:25:04,173 DEBUG FinufftPlan adjusted eps=1.1920928955078125e-07 from requested 1e-08.
2021-02-17 16:25:04,255 DEBUG Corresponding type is already real float32.
2021-02-17 16:25:04,256 DEBUG nufft passed real_type for signal, converting
2021-02-17 16:25:04,260 DEBUG FinufftPlan adjusted eps=1.1920928955078125e-07 from requested 1e-08.
2021-02-17 16:25:04,348 DEBUG Corresponding type is already real float32.
2021-02-17 16:25:04,348 DEBUG nufft passed real_type for signal, converting
2021-02-17 16:25:04,352 DEBUG FinufftPlan adjusted eps=1.1920928955078125e-07 from requested 1e-08.
2021-02-17 16:25:05,031 DEBUG Corresponding type is already real float32.
2021-02-17 16:25:05,031 DEBUG nufft passed real_type for signal, converting
2021-02-17 16:25:05,034 DEBUG FinufftPlan adjusted eps=1.1920928955078125e-07 from requested 1e-08.
2021-02-17 16:25:05,124 DEBUG Corresponding type is already real float32.
2021-02-17 16:25:05,124 DEBUG nufft passed real_type for signal, converting
2021-02-17 16:25:05,128 DEBUG FinufftPlan adjusted eps=1.1920928955078125e-07 from requested 1e-08.
2021-02-17 16:25:05,224 DEBUG Corresponding type is already real float32.
2021-02-17 16:25:05,224 DEBUG nufft passed real_type for signal, converting
2021-02-17 16:25:05,230 DEBUG FinufftPlan adjusted eps=1.1920928955078125e-07 from requested 1e-08.
2021-02-17 16:25:05,315 DEBUG Corresponding type is already real float32.
2021-02-17 16:25:05,315 DEBUG nufft passed real_type for signal, converting
2021-02-17 16:25:05,320 DEBUG FinufftPlan adjusted eps=1.1920928955078125e-07 from requested 1e-08.
2021-02-17 16:25:05,403 DEBUG Corresponding type is already real float32.
2021-02-17 16:25:05,403 DEBUG nufft passed real_type for signal, converting
2021-02-17 16:25:05,409 DEBUG FinufftPlan adjusted eps=1.1920928955078125e-07 from requested 1e-08.
2021-02-17 16:25:05,495 DEBUG Corresponding type is already real float32.
2021-02-17 16:25:05,495 DEBUG nufft passed real_type for signal, converting
2021-02-17 16:25:05,500 DEBUG FinufftPlan adjusted eps=1.1920928955078125e-07 from requested 1e-08.
2021-02-17 16:25:07,693 CRITICAL 'InnerProductOperator' object has no attribute 'dtype'
Traceback:
  File "/Users/wdiepeveen/Documents/PhD/Projects/2 - Cryo-EM/src/src/Cryo-EM/test.py", line 66, in <module>
    volume = solver.solve()
  File "/Users/wdiepeveen/Documents/PhD/Projects/2 - Cryo-EM/src/src/Cryo-EM/solvers/primal_dual_solver.py", line 115, in solve
    cost = self.get_cost(self.problem)
  File "/Users/wdiepeveen/Documents/PhD/Projects/2 - Cryo-EM/src/src/Cryo-EM/test.py", line 45, in cost_function
    cost = l2_data_fidelity(src) + lam1*l2_grad_norm(src) + lam2*so3_distance(src)
  File "/Users/wdiepeveen/Documents/PhD/Projects/2 - Cryo-EM/src/src/Cryo-EM/functions/cost_functions.py", line 14, in l2_data_fidelity
    res = src.vol_forward(src.vols, 0, np.inf) - src.data
  File "/Users/wdiepeveen/PycharmProjects/Cryo-EM/lib/python3.6/site-packages/aspire/source/__init__.py", line 523, in vol_forward
    im = vol.project(0, self.rots[all_idx, :, :])
  File "/Users/wdiepeveen/PycharmProjects/Cryo-EM/lib/python3.6/site-packages/aspire/volume/__init__.py", line 152, in project
    im_f = nufft(data, pts_rot) / self.resolution
  File "/Users/wdiepeveen/PycharmProjects/Cryo-EM/lib/python3.6/site-packages/aspire/nufft/__init__.py", line 198, in nufft
    if fourier_pts.dtype != real_type(sig_f.dtype):

