2021-02-27 14:45:33,263 INFO This script illustrates orientation refinement using lRCPA as primal-dual splitting method
2021-02-27 14:45:33,342 DEBUG Corresponding type is already real float32.
2021-02-27 14:45:33,342 DEBUG nufft passed real_type for signal, converting
2021-02-27 14:45:33,343 INFO Trying NFFT backend finufft
2021-02-27 14:45:33,350 INFO NFFT backend finufft usable.
2021-02-27 14:45:33,350 INFO Trying NFFT backend cufinufft
2021-02-27 14:45:33,351 INFO NFFT backend cufinufft not usable:
	No module named 'pycuda'
2021-02-27 14:45:33,351 INFO Trying NFFT backend pynfft
2021-02-27 14:45:33,351 INFO NFFT backend pynfft not usable:
	No module named 'pynfft'
2021-02-27 14:45:33,351 INFO Selected NFFT backend = finufft.
2021-02-27 14:45:33,366 DEBUG FinufftPlan adjusted eps=1.1920928955078125e-07 from requested 1e-08.
2021-02-27 14:45:33,658 INFO Applying forward transformations in pipeline
2021-02-27 14:45:33,658 INFO All forward transformations applied
2021-02-27 14:45:33,658 INFO Loaded 128 images
2021-02-27 14:45:33,684 INFO ========= Iteration 1 =========
2021-02-27 14:45:33,685 INFO Iteration 1 | descent step u
2021-02-27 14:45:33,720 DEBUG Corresponding type is already real float32.
2021-02-27 14:45:33,720 DEBUG nufft passed real_type for signal, converting
2021-02-27 14:45:33,736 DEBUG FinufftPlan adjusted eps=1.1920928955078125e-07 from requested 1e-08.
2021-02-27 14:45:34,065 DEBUG Corresponding type is already complex complex64.
2021-02-27 14:45:34,079 DEBUG FinufftPlan adjusted eps=1.1920928955078125e-07 from requested 1e-08.
2021-02-27 14:45:34,178 INFO Determined adjoint mappings. Shape = (65, 65, 65)
2021-02-27 14:45:34,189 INFO Iteration 1 | primal-dual step g
2021-02-27 14:45:34,243 DEBUG Corresponding type is already real float32.
2021-02-27 14:45:34,243 DEBUG nufft passed real_type for signal, converting
2021-02-27 14:45:34,258 DEBUG FinufftPlan adjusted eps=1.1920928955078125e-07 from requested 1e-08.
2021-02-27 14:45:34,487 DEBUG Corresponding type is already real float32.
2021-02-27 14:45:34,487 DEBUG nufft passed real_type for signal, converting
2021-02-27 14:45:34,507 DEBUG FinufftPlan adjusted eps=1.1920928955078125e-07 from requested 1e-08.
2021-02-27 14:45:34,789 DEBUG Corresponding type is already real float32.
2021-02-27 14:45:34,789 DEBUG nufft passed real_type for signal, converting
2021-02-27 14:45:34,807 DEBUG FinufftPlan adjusted eps=1.1920928955078125e-07 from requested 1e-08.
2021-02-27 14:45:35,070 DEBUG Corresponding type is already real float32.
2021-02-27 14:45:35,070 DEBUG nufft passed real_type for signal, converting
2021-02-27 14:45:35,090 DEBUG FinufftPlan adjusted eps=1.1920928955078125e-07 from requested 1e-08.
2021-02-27 14:45:35,319 DEBUG Corresponding type is already real float32.
2021-02-27 14:45:35,319 DEBUG nufft passed real_type for signal, converting
2021-02-27 14:45:35,338 DEBUG FinufftPlan adjusted eps=1.1920928955078125e-07 from requested 1e-08.
2021-02-27 14:45:35,578 DEBUG Corresponding type is already real float32.
2021-02-27 14:45:35,578 DEBUG nufft passed real_type for signal, converting
2021-02-27 14:45:35,600 DEBUG FinufftPlan adjusted eps=1.1920928955078125e-07 from requested 1e-08.
2021-02-27 14:45:36,538 DEBUG Corresponding type is already real float32.
2021-02-27 14:45:36,538 DEBUG nufft passed real_type for signal, converting
2021-02-27 14:45:36,551 DEBUG FinufftPlan adjusted eps=1.1920928955078125e-07 from requested 1e-08.
2021-02-27 14:45:36,780 DEBUG Corresponding type is already real float32.
2021-02-27 14:45:36,780 DEBUG nufft passed real_type for signal, converting
2021-02-27 14:45:36,799 DEBUG FinufftPlan adjusted eps=1.1920928955078125e-07 from requested 1e-08.
2021-02-27 14:45:37,037 DEBUG Corresponding type is already real float32.
2021-02-27 14:45:37,037 DEBUG nufft passed real_type for signal, converting
2021-02-27 14:45:37,057 DEBUG FinufftPlan adjusted eps=1.1920928955078125e-07 from requested 1e-08.
2021-02-27 14:45:37,307 DEBUG Corresponding type is already real float32.
2021-02-27 14:45:37,307 DEBUG nufft passed real_type for signal, converting
2021-02-27 14:45:37,325 DEBUG FinufftPlan adjusted eps=1.1920928955078125e-07 from requested 1e-08.
2021-02-27 14:45:37,571 DEBUG Corresponding type is already real float32.
2021-02-27 14:45:37,571 DEBUG nufft passed real_type for signal, converting
2021-02-27 14:45:37,592 DEBUG FinufftPlan adjusted eps=1.1920928955078125e-07 from requested 1e-08.
2021-02-27 14:45:37,848 DEBUG Corresponding type is already real float32.
2021-02-27 14:45:37,848 DEBUG nufft passed real_type for signal, converting
2021-02-27 14:45:37,870 DEBUG FinufftPlan adjusted eps=1.1920928955078125e-07 from requested 1e-08.
2021-02-27 14:45:38,158 DEBUG Corresponding type is already real float32.
2021-02-27 14:45:38,158 DEBUG nufft passed real_type for signal, converting
2021-02-27 14:45:38,178 DEBUG FinufftPlan adjusted eps=1.1920928955078125e-07 from requested 1e-08.
2021-02-27 14:45:38,552 INFO Iteration 1 | Cost = 1.3609590488015517e-09 | Relative Error = 1.0
2021-02-27 14:45:38,552 INFO Iteration 1 | Relative Error u = 1.0 | Relative Error g = 1.0
2021-02-27 14:45:38,552 INFO ========= Iteration 2 =========
2021-02-27 14:45:38,552 INFO Iteration 2 | descent step u
2021-02-27 14:45:38,578 DEBUG Corresponding type is already real float32.
2021-02-27 14:45:38,578 DEBUG nufft passed real_type for signal, converting
2021-02-27 14:45:38,590 DEBUG FinufftPlan adjusted eps=1.1920928955078125e-07 from requested 1e-08.
2021-02-27 14:45:38,933 DEBUG Corresponding type is already complex complex64.
2021-02-27 14:45:38,945 DEBUG FinufftPlan adjusted eps=1.1920928955078125e-07 from requested 1e-08.
2021-02-27 14:45:39,041 INFO Determined adjoint mappings. Shape = (65, 65, 65)
2021-02-27 14:45:39,052 INFO Iteration 2 | primal-dual step g
2021-02-27 14:45:39,099 DEBUG Corresponding type is already real float32.
2021-02-27 14:45:39,099 DEBUG nufft passed real_type for signal, converting
2021-02-27 14:45:39,113 DEBUG FinufftPlan adjusted eps=1.1920928955078125e-07 from requested 1e-08.
2021-02-27 14:45:39,361 DEBUG Corresponding type is already real float32.
2021-02-27 14:45:39,362 DEBUG nufft passed real_type for signal, converting
2021-02-27 14:45:39,381 DEBUG FinufftPlan adjusted eps=1.1920928955078125e-07 from requested 1e-08.
2021-02-27 14:45:39,611 DEBUG Corresponding type is already real float32.
2021-02-27 14:45:39,611 DEBUG nufft passed real_type for signal, converting
2021-02-27 14:45:39,630 DEBUG FinufftPlan adjusted eps=1.1920928955078125e-07 from requested 1e-08.
2021-02-27 14:45:39,865 DEBUG Corresponding type is already real float32.
2021-02-27 14:45:39,865 DEBUG nufft passed real_type for signal, converting
2021-02-27 14:45:39,885 DEBUG FinufftPlan adjusted eps=1.1920928955078125e-07 from requested 1e-08.
2021-02-27 14:45:40,130 DEBUG Corresponding type is already real float32.
2021-02-27 14:45:40,130 DEBUG nufft passed real_type for signal, converting
2021-02-27 14:45:40,149 DEBUG FinufftPlan adjusted eps=1.1920928955078125e-07 from requested 1e-08.
2021-02-27 14:45:40,387 DEBUG Corresponding type is already real float32.
2021-02-27 14:45:40,388 DEBUG nufft passed real_type for signal, converting
2021-02-27 14:45:40,405 DEBUG FinufftPlan adjusted eps=1.1920928955078125e-07 from requested 1e-08.
2021-02-27 14:45:41,204 DEBUG Corresponding type is already real float32.
2021-02-27 14:45:41,204 DEBUG nufft passed real_type for signal, converting
2021-02-27 14:45:41,216 DEBUG FinufftPlan adjusted eps=1.1920928955078125e-07 from requested 1e-08.
2021-02-27 14:45:41,448 DEBUG Corresponding type is already real float32.
2021-02-27 14:45:41,448 DEBUG nufft passed real_type for signal, converting
2021-02-27 14:45:41,469 DEBUG FinufftPlan adjusted eps=1.1920928955078125e-07 from requested 1e-08.
2021-02-27 14:45:41,699 DEBUG Corresponding type is already real float32.
2021-02-27 14:45:41,699 DEBUG nufft passed real_type for signal, converting
2021-02-27 14:45:41,716 DEBUG FinufftPlan adjusted eps=1.1920928955078125e-07 from requested 1e-08.
2021-02-27 14:45:41,955 DEBUG Corresponding type is already real float32.
2021-02-27 14:45:41,955 DEBUG nufft passed real_type for signal, converting
2021-02-27 14:45:41,973 DEBUG FinufftPlan adjusted eps=1.1920928955078125e-07 from requested 1e-08.
2021-02-27 14:45:42,207 DEBUG Corresponding type is already real float32.
2021-02-27 14:45:42,207 DEBUG nufft passed real_type for signal, converting
2021-02-27 14:45:42,226 DEBUG FinufftPlan adjusted eps=1.1920928955078125e-07 from requested 1e-08.
2021-02-27 14:45:42,482 DEBUG Corresponding type is already real float32.
2021-02-27 14:45:42,482 DEBUG nufft passed real_type for signal, converting
2021-02-27 14:45:42,504 DEBUG FinufftPlan adjusted eps=1.1920928955078125e-07 from requested 1e-08.
2021-02-27 14:45:42,763 DEBUG Corresponding type is already real float32.
2021-02-27 14:45:42,764 DEBUG nufft passed real_type for signal, converting
2021-02-27 14:45:42,782 DEBUG FinufftPlan adjusted eps=1.1920928955078125e-07 from requested 1e-08.
2021-02-27 14:45:43,138 INFO Iteration 2 | Cost = 1.186874894376938e-09 | Relative Error = 0.8738470986013223
2021-02-27 14:45:43,138 INFO Iteration 2 | Relative Error u = 0.8744935393333435 | Relative Error g = 0.015461879969882743
2021-02-27 14:45:43,138 INFO ========= Iteration 3 =========
2021-02-27 14:45:43,138 INFO Iteration 3 | descent step u
2021-02-27 14:45:43,164 DEBUG Corresponding type is already real float32.
2021-02-27 14:45:43,164 DEBUG nufft passed real_type for signal, converting
2021-02-27 14:45:43,176 DEBUG FinufftPlan adjusted eps=1.1920928955078125e-07 from requested 1e-08.
2021-02-27 14:45:43,503 DEBUG Corresponding type is already complex complex64.
2021-02-27 14:45:43,516 DEBUG FinufftPlan adjusted eps=1.1920928955078125e-07 from requested 1e-08.
2021-02-27 14:45:43,606 INFO Determined adjoint mappings. Shape = (65, 65, 65)
2021-02-27 14:45:43,617 INFO Iteration 3 | primal-dual step g
2021-02-27 14:45:43,809 DEBUG Corresponding type is already real float32.
2021-02-27 14:45:43,809 DEBUG nufft passed real_type for signal, converting
2021-02-27 14:45:43,826 DEBUG FinufftPlan adjusted eps=1.1920928955078125e-07 from requested 1e-08.
2021-02-27 14:45:44,074 DEBUG Corresponding type is already real float32.
2021-02-27 14:45:44,074 DEBUG nufft passed real_type for signal, converting
2021-02-27 14:45:44,092 DEBUG FinufftPlan adjusted eps=1.1920928955078125e-07 from requested 1e-08.
2021-02-27 14:45:44,318 DEBUG Corresponding type is already real float32.
2021-02-27 14:45:44,318 DEBUG nufft passed real_type for signal, converting
2021-02-27 14:45:44,337 DEBUG FinufftPlan adjusted eps=1.1920928955078125e-07 from requested 1e-08.
2021-02-27 14:45:44,566 DEBUG Corresponding type is already real float32.
2021-02-27 14:45:44,566 DEBUG nufft passed real_type for signal, converting
2021-02-27 14:45:44,584 DEBUG FinufftPlan adjusted eps=1.1920928955078125e-07 from requested 1e-08.
2021-02-27 14:45:44,877 DEBUG Corresponding type is already real float32.
2021-02-27 14:45:44,877 DEBUG nufft passed real_type for signal, converting
2021-02-27 14:45:44,895 DEBUG FinufftPlan adjusted eps=1.1920928955078125e-07 from requested 1e-08.
2021-02-27 14:45:45,126 DEBUG Corresponding type is already real float32.
2021-02-27 14:45:45,126 DEBUG nufft passed real_type for signal, converting
2021-02-27 14:45:45,144 DEBUG FinufftPlan adjusted eps=1.1920928955078125e-07 from requested 1e-08.
2021-02-27 14:45:45,985 DEBUG Corresponding type is already real float32.
2021-02-27 14:45:45,985 DEBUG nufft passed real_type for signal, converting
2021-02-27 14:45:45,997 DEBUG FinufftPlan adjusted eps=1.1920928955078125e-07 from requested 1e-08.
2021-02-27 14:45:46,232 DEBUG Corresponding type is already real float32.
2021-02-27 14:45:46,232 DEBUG nufft passed real_type for signal, converting
2021-02-27 14:45:46,254 DEBUG FinufftPlan adjusted eps=1.1920928955078125e-07 from requested 1e-08.
2021-02-27 14:45:46,483 DEBUG Corresponding type is already real float32.
2021-02-27 14:45:46,483 DEBUG nufft passed real_type for signal, converting
2021-02-27 14:45:46,504 DEBUG FinufftPlan adjusted eps=1.1920928955078125e-07 from requested 1e-08.
2021-02-27 14:45:46,748 DEBUG Corresponding type is already real float32.
2021-02-27 14:45:46,748 DEBUG nufft passed real_type for signal, converting
2021-02-27 14:45:46,766 DEBUG FinufftPlan adjusted eps=1.1920928955078125e-07 from requested 1e-08.
2021-02-27 14:45:47,025 DEBUG Corresponding type is already real float32.
2021-02-27 14:45:47,025 DEBUG nufft passed real_type for signal, converting
2021-02-27 14:45:47,046 DEBUG FinufftPlan adjusted eps=1.1920928955078125e-07 from requested 1e-08.
2021-02-27 14:45:47,296 DEBUG Corresponding type is already real float32.
2021-02-27 14:45:47,296 DEBUG nufft passed real_type for signal, converting
2021-02-27 14:45:47,319 DEBUG FinufftPlan adjusted eps=1.1920928955078125e-07 from requested 1e-08.
2021-02-27 14:45:47,592 DEBUG Corresponding type is already real float32.
2021-02-27 14:45:47,592 DEBUG nufft passed real_type for signal, converting
2021-02-27 14:45:47,611 DEBUG FinufftPlan adjusted eps=1.1920928955078125e-07 from requested 1e-08.
2021-02-27 14:45:48,039 INFO Iteration 3 | Cost = 1.049965729040332e-09 | Relative Error = 0.773928448796373
2021-02-27 14:45:48,039 INFO Iteration 3 | Relative Error u = 0.7745011448860168 | Relative Error g = 0.0014745552895845135
2021-02-27 14:45:48,039 INFO ========= Iteration 4 =========
2021-02-27 14:45:48,039 INFO Iteration 4 | descent step u
2021-02-27 14:45:48,072 DEBUG Corresponding type is already real float32.
2021-02-27 14:45:48,072 DEBUG nufft passed real_type for signal, converting
2021-02-27 14:45:48,087 DEBUG FinufftPlan adjusted eps=1.1920928955078125e-07 from requested 1e-08.
2021-02-27 14:45:48,436 DEBUG Corresponding type is already complex complex64.
2021-02-27 14:45:48,450 DEBUG FinufftPlan adjusted eps=1.1920928955078125e-07 from requested 1e-08.
2021-02-27 14:45:48,570 INFO Determined adjoint mappings. Shape = (65, 65, 65)
2021-02-27 14:45:48,581 INFO Iteration 4 | primal-dual step g
2021-02-27 14:45:48,628 DEBUG Corresponding type is already real float32.
2021-02-27 14:45:48,628 DEBUG nufft passed real_type for signal, converting
2021-02-27 14:45:48,643 DEBUG FinufftPlan adjusted eps=1.1920928955078125e-07 from requested 1e-08.
2021-02-27 14:45:48,876 DEBUG Corresponding type is already real float32.
2021-02-27 14:45:48,876 DEBUG nufft passed real_type for signal, converting
2021-02-27 14:45:48,895 DEBUG FinufftPlan adjusted eps=1.1920928955078125e-07 from requested 1e-08.
2021-02-27 14:45:49,178 DEBUG Corresponding type is already real float32.
2021-02-27 14:45:49,178 DEBUG nufft passed real_type for signal, converting
2021-02-27 14:45:49,196 DEBUG FinufftPlan adjusted eps=1.1920928955078125e-07 from requested 1e-08.
2021-02-27 14:45:49,434 DEBUG Corresponding type is already real float32.
2021-02-27 14:45:49,434 DEBUG nufft passed real_type for signal, converting
2021-02-27 14:45:49,452 DEBUG FinufftPlan adjusted eps=1.1920928955078125e-07 from requested 1e-08.
2021-02-27 14:45:49,681 DEBUG Corresponding type is already real float32.
2021-02-27 14:45:49,681 DEBUG nufft passed real_type for signal, converting
2021-02-27 14:45:49,698 DEBUG FinufftPlan adjusted eps=1.1920928955078125e-07 from requested 1e-08.
2021-02-27 14:45:49,957 DEBUG Corresponding type is already real float32.
2021-02-27 14:45:49,958 DEBUG nufft passed real_type for signal, converting
2021-02-27 14:45:49,977 DEBUG FinufftPlan adjusted eps=1.1920928955078125e-07 from requested 1e-08.
2021-02-27 14:45:50,797 DEBUG Corresponding type is already real float32.
2021-02-27 14:45:50,798 DEBUG nufft passed real_type for signal, converting
2021-02-27 14:45:50,810 DEBUG FinufftPlan adjusted eps=1.1920928955078125e-07 from requested 1e-08.
2021-02-27 14:45:51,043 DEBUG Corresponding type is already real float32.
2021-02-27 14:45:51,043 DEBUG nufft passed real_type for signal, converting
2021-02-27 14:45:51,064 DEBUG FinufftPlan adjusted eps=1.1920928955078125e-07 from requested 1e-08.
2021-02-27 14:45:51,296 DEBUG Corresponding type is already real float32.
2021-02-27 14:45:51,297 DEBUG nufft passed real_type for signal, converting
2021-02-27 14:45:51,317 DEBUG FinufftPlan adjusted eps=1.1920928955078125e-07 from requested 1e-08.
2021-02-27 14:45:51,550 DEBUG Corresponding type is already real float32.
2021-02-27 14:45:51,550 DEBUG nufft passed real_type for signal, converting
2021-02-27 14:45:51,568 DEBUG FinufftPlan adjusted eps=1.1920928955078125e-07 from requested 1e-08.
2021-02-27 14:45:51,805 DEBUG Corresponding type is already real float32.
2021-02-27 14:45:51,805 DEBUG nufft passed real_type for signal, converting
2021-02-27 14:45:51,823 DEBUG FinufftPlan adjusted eps=1.1920928955078125e-07 from requested 1e-08.
2021-02-27 14:45:52,056 DEBUG Corresponding type is already real float32.
2021-02-27 14:45:52,056 DEBUG nufft passed real_type for signal, converting
2021-02-27 14:45:52,073 DEBUG FinufftPlan adjusted eps=1.1920928955078125e-07 from requested 1e-08.
2021-02-27 14:45:52,331 DEBUG Corresponding type is already real float32.
2021-02-27 14:45:52,331 DEBUG nufft passed real_type for signal, converting
2021-02-27 14:45:52,352 DEBUG FinufftPlan adjusted eps=1.1920928955078125e-07 from requested 1e-08.
2021-02-27 14:45:52,714 INFO Iteration 4 | Cost = 9.401339322837572e-10 | Relative Error = 0.6930250853784908
2021-02-27 14:45:52,714 INFO Iteration 4 | Relative Error u = 0.6935378909111023 | Relative Error g = 0.0015645526678553315
2021-02-27 14:45:52,714 INFO ========= Iteration 5 =========
2021-02-27 14:45:52,714 INFO Iteration 5 | descent step u
2021-02-27 14:45:52,738 DEBUG Corresponding type is already real float32.
2021-02-27 14:45:52,738 DEBUG nufft passed real_type for signal, converting
2021-02-27 14:45:52,750 DEBUG FinufftPlan adjusted eps=1.1920928955078125e-07 from requested 1e-08.
2021-02-27 14:45:53,076 DEBUG Corresponding type is already complex complex64.
2021-02-27 14:45:53,089 DEBUG FinufftPlan adjusted eps=1.1920928955078125e-07 from requested 1e-08.
2021-02-27 14:45:53,179 INFO Determined adjoint mappings. Shape = (65, 65, 65)
2021-02-27 14:45:53,190 INFO Iteration 5 | primal-dual step g
2021-02-27 14:45:53,237 DEBUG Corresponding type is already real float32.
2021-02-27 14:45:53,238 DEBUG nufft passed real_type for signal, converting
2021-02-27 14:45:53,252 DEBUG FinufftPlan adjusted eps=1.1920928955078125e-07 from requested 1e-08.
2021-02-27 14:45:53,484 DEBUG Corresponding type is already real float32.
2021-02-27 14:45:53,484 DEBUG nufft passed real_type for signal, converting
2021-02-27 14:45:53,501 DEBUG FinufftPlan adjusted eps=1.1920928955078125e-07 from requested 1e-08.
2021-02-27 14:45:53,731 DEBUG Corresponding type is already real float32.
2021-02-27 14:45:53,731 DEBUG nufft passed real_type for signal, converting
2021-02-27 14:45:53,750 DEBUG FinufftPlan adjusted eps=1.1920928955078125e-07 from requested 1e-08.
2021-02-27 14:45:53,979 DEBUG Corresponding type is already real float32.
2021-02-27 14:45:53,980 DEBUG nufft passed real_type for signal, converting
2021-02-27 14:45:54,001 DEBUG FinufftPlan adjusted eps=1.1920928955078125e-07 from requested 1e-08.
2021-02-27 14:45:54,232 DEBUG Corresponding type is already real float32.
2021-02-27 14:45:54,232 DEBUG nufft passed real_type for signal, converting
2021-02-27 14:45:54,250 DEBUG FinufftPlan adjusted eps=1.1920928955078125e-07 from requested 1e-08.
2021-02-27 14:45:54,492 DEBUG Corresponding type is already real float32.
2021-02-27 14:45:54,492 DEBUG nufft passed real_type for signal, converting
2021-02-27 14:45:54,510 DEBUG FinufftPlan adjusted eps=1.1920928955078125e-07 from requested 1e-08.
2021-02-27 14:45:55,325 DEBUG Corresponding type is already real float32.
2021-02-27 14:45:55,325 DEBUG nufft passed real_type for signal, converting
2021-02-27 14:45:55,337 DEBUG FinufftPlan adjusted eps=1.1920928955078125e-07 from requested 1e-08.
2021-02-27 14:45:55,579 DEBUG Corresponding type is already real float32.
2021-02-27 14:45:55,579 DEBUG nufft passed real_type for signal, converting
2021-02-27 14:45:55,600 DEBUG FinufftPlan adjusted eps=1.1920928955078125e-07 from requested 1e-08.
2021-02-27 14:45:55,852 DEBUG Corresponding type is already real float32.
2021-02-27 14:45:55,852 DEBUG nufft passed real_type for signal, converting
2021-02-27 14:45:55,871 DEBUG FinufftPlan adjusted eps=1.1920928955078125e-07 from requested 1e-08.
2021-02-27 14:45:56,112 DEBUG Corresponding type is already real float32.
2021-02-27 14:45:56,112 DEBUG nufft passed real_type for signal, converting
2021-02-27 14:45:56,134 DEBUG FinufftPlan adjusted eps=1.1920928955078125e-07 from requested 1e-08.
2021-02-27 14:45:56,361 DEBUG Corresponding type is already real float32.
2021-02-27 14:45:56,361 DEBUG nufft passed real_type for signal, converting
2021-02-27 14:45:56,380 DEBUG FinufftPlan adjusted eps=1.1920928955078125e-07 from requested 1e-08.
2021-02-27 14:45:56,608 DEBUG Corresponding type is already real float32.
2021-02-27 14:45:56,609 DEBUG nufft passed real_type for signal, converting
2021-02-27 14:45:56,626 DEBUG FinufftPlan adjusted eps=1.1920928955078125e-07 from requested 1e-08.
2021-02-27 14:45:56,881 DEBUG Corresponding type is already real float32.
2021-02-27 14:45:56,881 DEBUG nufft passed real_type for signal, converting
2021-02-27 14:45:56,899 DEBUG FinufftPlan adjusted eps=1.1920928955078125e-07 from requested 1e-08.
2021-02-27 14:45:57,261 INFO Iteration 5 | Cost = 8.505203449662142e-10 | Relative Error = 0.6265332155371787
2021-02-27 14:45:57,261 INFO Iteration 5 | Relative Error u = 0.6269968152046204 | Relative Error g = 0.0015760959301013829
2021-02-27 14:45:57,261 INFO ========= Iteration 6 =========
2021-02-27 14:45:57,261 INFO Iteration 6 | descent step u
2021-02-27 14:45:57,285 DEBUG Corresponding type is already real float32.
2021-02-27 14:45:57,285 DEBUG nufft passed real_type for signal, converting
2021-02-27 14:45:57,297 DEBUG FinufftPlan adjusted eps=1.1920928955078125e-07 from requested 1e-08.
2021-02-27 14:45:57,621 DEBUG Corresponding type is already complex complex64.
2021-02-27 14:45:57,632 DEBUG FinufftPlan adjusted eps=1.1920928955078125e-07 from requested 1e-08.
2021-02-27 14:45:57,729 INFO Determined adjoint mappings. Shape = (65, 65, 65)
2021-02-27 14:45:57,740 INFO Iteration 6 | primal-dual step g
2021-02-27 14:45:57,787 DEBUG Corresponding type is already real float32.
2021-02-27 14:45:57,787 DEBUG nufft passed real_type for signal, converting
2021-02-27 14:45:57,802 DEBUG FinufftPlan adjusted eps=1.1920928955078125e-07 from requested 1e-08.
2021-02-27 14:45:58,031 DEBUG Corresponding type is already real float32.
2021-02-27 14:45:58,031 DEBUG nufft passed real_type for signal, converting
2021-02-27 14:45:58,048 DEBUG FinufftPlan adjusted eps=1.1920928955078125e-07 from requested 1e-08.
2021-02-27 14:45:58,280 DEBUG Corresponding type is already real float32.
2021-02-27 14:45:58,280 DEBUG nufft passed real_type for signal, converting
2021-02-27 14:45:58,297 DEBUG FinufftPlan adjusted eps=1.1920928955078125e-07 from requested 1e-08.
2021-02-27 14:45:58,532 DEBUG Corresponding type is already real float32.
2021-02-27 14:45:58,533 DEBUG nufft passed real_type for signal, converting
2021-02-27 14:45:58,550 DEBUG FinufftPlan adjusted eps=1.1920928955078125e-07 from requested 1e-08.
2021-02-27 14:45:58,781 DEBUG Corresponding type is already real float32.
2021-02-27 14:45:58,781 DEBUG nufft passed real_type for signal, converting
2021-02-27 14:45:58,801 DEBUG FinufftPlan adjusted eps=1.1920928955078125e-07 from requested 1e-08.
2021-02-27 14:45:59,045 DEBUG Corresponding type is already real float32.
2021-02-27 14:45:59,045 DEBUG nufft passed real_type for signal, converting
2021-02-27 14:45:59,066 DEBUG FinufftPlan adjusted eps=1.1920928955078125e-07 from requested 1e-08.
2021-02-27 14:45:59,888 DEBUG Corresponding type is already real float32.
2021-02-27 14:45:59,888 DEBUG nufft passed real_type for signal, converting
2021-02-27 14:45:59,901 DEBUG FinufftPlan adjusted eps=1.1920928955078125e-07 from requested 1e-08.
2021-02-27 14:46:00,133 DEBUG Corresponding type is already real float32.
2021-02-27 14:46:00,133 DEBUG nufft passed real_type for signal, converting
2021-02-27 14:46:00,151 DEBUG FinufftPlan adjusted eps=1.1920928955078125e-07 from requested 1e-08.
2021-02-27 14:46:00,381 DEBUG Corresponding type is already real float32.
2021-02-27 14:46:00,381 DEBUG nufft passed real_type for signal, converting
2021-02-27 14:46:00,398 DEBUG FinufftPlan adjusted eps=1.1920928955078125e-07 from requested 1e-08.
2021-02-27 14:46:00,629 DEBUG Corresponding type is already real float32.
2021-02-27 14:46:00,629 DEBUG nufft passed real_type for signal, converting
2021-02-27 14:46:00,647 DEBUG FinufftPlan adjusted eps=1.1920928955078125e-07 from requested 1e-08.
2021-02-27 14:46:00,879 DEBUG Corresponding type is already real float32.
2021-02-27 14:46:00,879 DEBUG nufft passed real_type for signal, converting
2021-02-27 14:46:00,897 DEBUG FinufftPlan adjusted eps=1.1920928955078125e-07 from requested 1e-08.
2021-02-27 14:46:01,132 DEBUG Corresponding type is already real float32.
2021-02-27 14:46:01,132 DEBUG nufft passed real_type for signal, converting
2021-02-27 14:46:01,151 DEBUG FinufftPlan adjusted eps=1.1920928955078125e-07 from requested 1e-08.
2021-02-27 14:46:01,411 DEBUG Corresponding type is already real float32.
2021-02-27 14:46:01,411 DEBUG nufft passed real_type for signal, converting
2021-02-27 14:46:01,429 DEBUG FinufftPlan adjusted eps=1.1920928955078125e-07 from requested 1e-08.
2021-02-27 14:46:01,784 INFO Iteration 6 | Cost = 7.76337915301279e-10 | Relative Error = 0.5711160774547283
2021-02-27 14:46:01,784 INFO Iteration 6 | Relative Error u = 0.5715386867523193 | Relative Error g = 0.0015958547777342048
2021-02-27 14:46:01,785 INFO ========= Iteration 7 =========
2021-02-27 14:46:01,785 INFO Iteration 7 | descent step u
2021-02-27 14:46:01,809 DEBUG Corresponding type is already real float32.
2021-02-27 14:46:01,810 DEBUG nufft passed real_type for signal, converting
2021-02-27 14:46:01,822 DEBUG FinufftPlan adjusted eps=1.1920928955078125e-07 from requested 1e-08.
2021-02-27 14:46:02,138 DEBUG Corresponding type is already complex complex64.
2021-02-27 14:46:02,149 DEBUG FinufftPlan adjusted eps=1.1920928955078125e-07 from requested 1e-08.
2021-02-27 14:46:02,240 INFO Determined adjoint mappings. Shape = (65, 65, 65)
2021-02-27 14:46:02,250 INFO Iteration 7 | primal-dual step g
2021-02-27 14:46:02,297 DEBUG Corresponding type is already real float32.
2021-02-27 14:46:02,297 DEBUG nufft passed real_type for signal, converting
2021-02-27 14:46:02,312 DEBUG FinufftPlan adjusted eps=1.1920928955078125e-07 from requested 1e-08.
2021-02-27 14:46:02,555 DEBUG Corresponding type is already real float32.
2021-02-27 14:46:02,555 DEBUG nufft passed real_type for signal, converting
2021-02-27 14:46:02,573 DEBUG FinufftPlan adjusted eps=1.1920928955078125e-07 from requested 1e-08.
2021-02-27 14:46:02,800 DEBUG Corresponding type is already real float32.
2021-02-27 14:46:02,800 DEBUG nufft passed real_type for signal, converting
2021-02-27 14:46:02,817 DEBUG FinufftPlan adjusted eps=1.1920928955078125e-07 from requested 1e-08.
2021-02-27 14:46:03,065 DEBUG Corresponding type is already real float32.
2021-02-27 14:46:03,066 DEBUG nufft passed real_type for signal, converting
2021-02-27 14:46:03,086 DEBUG FinufftPlan adjusted eps=1.1920928955078125e-07 from requested 1e-08.
2021-02-27 14:46:03,326 DEBUG Corresponding type is already real float32.
2021-02-27 14:46:03,326 DEBUG nufft passed real_type for signal, converting
2021-02-27 14:46:03,343 DEBUG FinufftPlan adjusted eps=1.1920928955078125e-07 from requested 1e-08.
2021-02-27 14:46:03,583 DEBUG Corresponding type is already real float32.
2021-02-27 14:46:03,583 DEBUG nufft passed real_type for signal, converting
2021-02-27 14:46:03,603 DEBUG FinufftPlan adjusted eps=1.1920928955078125e-07 from requested 1e-08.
2021-02-27 14:46:04,397 DEBUG Corresponding type is already real float32.
2021-02-27 14:46:04,397 DEBUG nufft passed real_type for signal, converting
2021-02-27 14:46:04,409 DEBUG FinufftPlan adjusted eps=1.1920928955078125e-07 from requested 1e-08.
2021-02-27 14:46:04,647 DEBUG Corresponding type is already real float32.
2021-02-27 14:46:04,647 DEBUG nufft passed real_type for signal, converting
2021-02-27 14:46:04,669 DEBUG FinufftPlan adjusted eps=1.1920928955078125e-07 from requested 1e-08.
2021-02-27 14:46:04,895 DEBUG Corresponding type is already real float32.
2021-02-27 14:46:04,895 DEBUG nufft passed real_type for signal, converting
2021-02-27 14:46:04,913 DEBUG FinufftPlan adjusted eps=1.1920928955078125e-07 from requested 1e-08.
2021-02-27 14:46:05,140 DEBUG Corresponding type is already real float32.
2021-02-27 14:46:05,140 DEBUG nufft passed real_type for signal, converting
2021-02-27 14:46:05,159 DEBUG FinufftPlan adjusted eps=1.1920928955078125e-07 from requested 1e-08.
2021-02-27 14:46:05,396 DEBUG Corresponding type is already real float32.
2021-02-27 14:46:05,396 DEBUG nufft passed real_type for signal, converting
2021-02-27 14:46:05,418 DEBUG FinufftPlan adjusted eps=1.1920928955078125e-07 from requested 1e-08.
2021-02-27 14:46:05,652 DEBUG Corresponding type is already real float32.
2021-02-27 14:46:05,652 DEBUG nufft passed real_type for signal, converting
2021-02-27 14:46:05,670 DEBUG FinufftPlan adjusted eps=1.1920928955078125e-07 from requested 1e-08.
2021-02-27 14:46:05,922 DEBUG Corresponding type is already real float32.
2021-02-27 14:46:05,923 DEBUG nufft passed real_type for signal, converting
2021-02-27 14:46:05,941 DEBUG FinufftPlan adjusted eps=1.1920928955078125e-07 from requested 1e-08.
2021-02-27 14:46:06,308 INFO Iteration 7 | Cost = 7.141767640007268e-10 | Relative Error = 0.5243266231083685
2021-02-27 14:46:06,308 INFO Iteration 7 | Relative Error u = 0.5247145891189575 | Relative Error g = 0.0015606547286935281
2021-02-27 14:46:06,308 INFO ========= Iteration 8 =========
2021-02-27 14:46:06,309 INFO Iteration 8 | descent step u
2021-02-27 14:46:06,333 DEBUG Corresponding type is already real float32.
2021-02-27 14:46:06,333 DEBUG nufft passed real_type for signal, converting
2021-02-27 14:46:06,345 DEBUG FinufftPlan adjusted eps=1.1920928955078125e-07 from requested 1e-08.
2021-02-27 14:46:06,661 DEBUG Corresponding type is already complex complex64.
2021-02-27 14:46:06,672 DEBUG FinufftPlan adjusted eps=1.1920928955078125e-07 from requested 1e-08.
2021-02-27 14:46:06,772 INFO Determined adjoint mappings. Shape = (65, 65, 65)
2021-02-27 14:46:06,783 INFO Iteration 8 | primal-dual step g
2021-02-27 14:46:06,829 DEBUG Corresponding type is already real float32.
2021-02-27 14:46:06,829 DEBUG nufft passed real_type for signal, converting
2021-02-27 14:46:06,844 DEBUG FinufftPlan adjusted eps=1.1920928955078125e-07 from requested 1e-08.
2021-02-27 14:46:07,071 DEBUG Corresponding type is already real float32.
2021-02-27 14:46:07,071 DEBUG nufft passed real_type for signal, converting
2021-02-27 14:46:07,088 DEBUG FinufftPlan adjusted eps=1.1920928955078125e-07 from requested 1e-08.
2021-02-27 14:46:07,331 DEBUG Corresponding type is already real float32.
2021-02-27 14:46:07,331 DEBUG nufft passed real_type for signal, converting
2021-02-27 14:46:07,348 DEBUG FinufftPlan adjusted eps=1.1920928955078125e-07 from requested 1e-08.
2021-02-27 14:46:07,579 DEBUG Corresponding type is already real float32.
2021-02-27 14:46:07,579 DEBUG nufft passed real_type for signal, converting
2021-02-27 14:46:07,596 DEBUG FinufftPlan adjusted eps=1.1920928955078125e-07 from requested 1e-08.
2021-02-27 14:46:07,823 DEBUG Corresponding type is already real float32.
2021-02-27 14:46:07,823 DEBUG nufft passed real_type for signal, converting
2021-02-27 14:46:07,840 DEBUG FinufftPlan adjusted eps=1.1920928955078125e-07 from requested 1e-08.
2021-02-27 14:46:08,081 DEBUG Corresponding type is already real float32.
2021-02-27 14:46:08,081 DEBUG nufft passed real_type for signal, converting
2021-02-27 14:46:08,099 DEBUG FinufftPlan adjusted eps=1.1920928955078125e-07 from requested 1e-08.
2021-02-27 14:46:08,902 DEBUG Corresponding type is already real float32.
2021-02-27 14:46:08,902 DEBUG nufft passed real_type for signal, converting
2021-02-27 14:46:08,914 DEBUG FinufftPlan adjusted eps=1.1920928955078125e-07 from requested 1e-08.
2021-02-27 14:46:09,143 DEBUG Corresponding type is already real float32.
2021-02-27 14:46:09,143 DEBUG nufft passed real_type for signal, converting
2021-02-27 14:46:09,160 DEBUG FinufftPlan adjusted eps=1.1920928955078125e-07 from requested 1e-08.
2021-02-27 14:46:09,393 DEBUG Corresponding type is already real float32.
2021-02-27 14:46:09,393 DEBUG nufft passed real_type for signal, converting
2021-02-27 14:46:09,411 DEBUG FinufftPlan adjusted eps=1.1920928955078125e-07 from requested 1e-08.
2021-02-27 14:46:09,639 DEBUG Corresponding type is already real float32.
2021-02-27 14:46:09,639 DEBUG nufft passed real_type for signal, converting
2021-02-27 14:46:09,656 DEBUG FinufftPlan adjusted eps=1.1920928955078125e-07 from requested 1e-08.
2021-02-27 14:46:09,888 DEBUG Corresponding type is already real float32.
2021-02-27 14:46:09,888 DEBUG nufft passed real_type for signal, converting
2021-02-27 14:46:09,907 DEBUG FinufftPlan adjusted eps=1.1920928955078125e-07 from requested 1e-08.
2021-02-27 14:46:10,148 DEBUG Corresponding type is already real float32.
2021-02-27 14:46:10,148 DEBUG nufft passed real_type for signal, converting
2021-02-27 14:46:10,166 DEBUG FinufftPlan adjusted eps=1.1920928955078125e-07 from requested 1e-08.
2021-02-27 14:46:10,437 DEBUG Corresponding type is already real float32.
2021-02-27 14:46:10,437 DEBUG nufft passed real_type for signal, converting
2021-02-27 14:46:10,455 DEBUG FinufftPlan adjusted eps=1.1920928955078125e-07 from requested 1e-08.
2021-02-27 14:46:10,810 INFO Iteration 8 | Cost = 6.615432345184168e-10 | Relative Error = 0.48435020538019274
2021-02-27 14:46:10,810 INFO Iteration 8 | Relative Error u = 0.48470860719680786 | Relative Error g = 0.001533013513492835
2021-02-27 14:46:10,810 INFO ========= Iteration 9 =========
2021-02-27 14:46:10,811 INFO Iteration 9 | descent step u
2021-02-27 14:46:10,835 DEBUG Corresponding type is already real float32.
2021-02-27 14:46:10,835 DEBUG nufft passed real_type for signal, converting
2021-02-27 14:46:10,847 DEBUG FinufftPlan adjusted eps=1.1920928955078125e-07 from requested 1e-08.
2021-02-27 14:46:11,175 DEBUG Corresponding type is already complex complex64.
2021-02-27 14:46:11,187 DEBUG FinufftPlan adjusted eps=1.1920928955078125e-07 from requested 1e-08.
2021-02-27 14:46:11,279 INFO Determined adjoint mappings. Shape = (65, 65, 65)
2021-02-27 14:46:11,289 INFO Iteration 9 | primal-dual step g
2021-02-27 14:46:11,336 DEBUG Corresponding type is already real float32.
2021-02-27 14:46:11,336 DEBUG nufft passed real_type for signal, converting
2021-02-27 14:46:11,350 DEBUG FinufftPlan adjusted eps=1.1920928955078125e-07 from requested 1e-08.
2021-02-27 14:46:11,580 DEBUG Corresponding type is already real float32.
2021-02-27 14:46:11,581 DEBUG nufft passed real_type for signal, converting
2021-02-27 14:46:11,599 DEBUG FinufftPlan adjusted eps=1.1920928955078125e-07 from requested 1e-08.
2021-02-27 14:46:11,828 DEBUG Corresponding type is already real float32.
2021-02-27 14:46:11,828 DEBUG nufft passed real_type for signal, converting
2021-02-27 14:46:11,845 DEBUG FinufftPlan adjusted eps=1.1920928955078125e-07 from requested 1e-08.
2021-02-27 14:46:12,080 DEBUG Corresponding type is already real float32.
2021-02-27 14:46:12,080 DEBUG nufft passed real_type for signal, converting
2021-02-27 14:46:12,098 DEBUG FinufftPlan adjusted eps=1.1920928955078125e-07 from requested 1e-08.
2021-02-27 14:46:12,333 DEBUG Corresponding type is already real float32.
2021-02-27 14:46:12,333 DEBUG nufft passed real_type for signal, converting
2021-02-27 14:46:12,355 DEBUG FinufftPlan adjusted eps=1.1920928955078125e-07 from requested 1e-08.
2021-02-27 14:46:12,595 DEBUG Corresponding type is already real float32.
2021-02-27 14:46:12,596 DEBUG nufft passed real_type for signal, converting
2021-02-27 14:46:12,616 DEBUG FinufftPlan adjusted eps=1.1920928955078125e-07 from requested 1e-08.
2021-02-27 14:46:13,417 DEBUG Corresponding type is already real float32.
2021-02-27 14:46:13,418 DEBUG nufft passed real_type for signal, converting
2021-02-27 14:46:13,430 DEBUG FinufftPlan adjusted eps=1.1920928955078125e-07 from requested 1e-08.
2021-02-27 14:46:13,659 DEBUG Corresponding type is already real float32.
2021-02-27 14:46:13,659 DEBUG nufft passed real_type for signal, converting
2021-02-27 14:46:13,677 DEBUG FinufftPlan adjusted eps=1.1920928955078125e-07 from requested 1e-08.
2021-02-27 14:46:13,902 DEBUG Corresponding type is already real float32.
2021-02-27 14:46:13,903 DEBUG nufft passed real_type for signal, converting
2021-02-27 14:46:13,923 DEBUG FinufftPlan adjusted eps=1.1920928955078125e-07 from requested 1e-08.
2021-02-27 14:46:14,164 DEBUG Corresponding type is already real float32.
2021-02-27 14:46:14,165 DEBUG nufft passed real_type for signal, converting
2021-02-27 14:46:14,182 DEBUG FinufftPlan adjusted eps=1.1920928955078125e-07 from requested 1e-08.
2021-02-27 14:46:14,408 DEBUG Corresponding type is already real float32.
2021-02-27 14:46:14,408 DEBUG nufft passed real_type for signal, converting
2021-02-27 14:46:14,425 DEBUG FinufftPlan adjusted eps=1.1920928955078125e-07 from requested 1e-08.
2021-02-27 14:46:14,654 DEBUG Corresponding type is already real float32.
2021-02-27 14:46:14,654 DEBUG nufft passed real_type for signal, converting
2021-02-27 14:46:14,671 DEBUG FinufftPlan adjusted eps=1.1920928955078125e-07 from requested 1e-08.
2021-02-27 14:46:14,936 DEBUG Corresponding type is already real float32.
2021-02-27 14:46:14,936 DEBUG nufft passed real_type for signal, converting
2021-02-27 14:46:14,954 DEBUG FinufftPlan adjusted eps=1.1920928955078125e-07 from requested 1e-08.
2021-02-27 14:46:15,308 INFO Iteration 9 | Cost = 6.165817117487885e-10 | Relative Error = 0.4498115265667744
2021-02-27 14:46:15,309 INFO Iteration 9 | Relative Error u = 0.45014438033103943 | Relative Error g = 0.0015005582160318642
2021-02-27 14:46:15,309 INFO ========= Iteration 10 =========
2021-02-27 14:46:15,309 INFO Iteration 10 | descent step u
2021-02-27 14:46:15,333 DEBUG Corresponding type is already real float32.
2021-02-27 14:46:15,333 DEBUG nufft passed real_type for signal, converting
2021-02-27 14:46:15,345 DEBUG FinufftPlan adjusted eps=1.1920928955078125e-07 from requested 1e-08.
2021-02-27 14:46:15,654 DEBUG Corresponding type is already complex complex64.
2021-02-27 14:46:15,665 DEBUG FinufftPlan adjusted eps=1.1920928955078125e-07 from requested 1e-08.
2021-02-27 14:46:15,755 INFO Determined adjoint mappings. Shape = (65, 65, 65)
2021-02-27 14:46:15,766 INFO Iteration 10 | primal-dual step g
2021-02-27 14:46:15,813 DEBUG Corresponding type is already real float32.
2021-02-27 14:46:15,813 DEBUG nufft passed real_type for signal, converting
2021-02-27 14:46:15,827 DEBUG FinufftPlan adjusted eps=1.1920928955078125e-07 from requested 1e-08.
2021-02-27 14:46:16,058 DEBUG Corresponding type is already real float32.
2021-02-27 14:46:16,058 DEBUG nufft passed real_type for signal, converting
2021-02-27 14:46:16,075 DEBUG FinufftPlan adjusted eps=1.1920928955078125e-07 from requested 1e-08.
2021-02-27 14:46:16,305 DEBUG Corresponding type is already real float32.
2021-02-27 14:46:16,305 DEBUG nufft passed real_type for signal, converting
2021-02-27 14:46:16,322 DEBUG FinufftPlan adjusted eps=1.1920928955078125e-07 from requested 1e-08.
2021-02-27 14:46:16,552 DEBUG Corresponding type is already real float32.
2021-02-27 14:46:16,552 DEBUG nufft passed real_type for signal, converting
2021-02-27 14:46:16,570 DEBUG FinufftPlan adjusted eps=1.1920928955078125e-07 from requested 1e-08.
2021-02-27 14:46:16,797 DEBUG Corresponding type is already real float32.
2021-02-27 14:46:16,797 DEBUG nufft passed real_type for signal, converting
2021-02-27 14:46:16,815 DEBUG FinufftPlan adjusted eps=1.1920928955078125e-07 from requested 1e-08.
2021-02-27 14:46:17,049 DEBUG Corresponding type is already real float32.
2021-02-27 14:46:17,049 DEBUG nufft passed real_type for signal, converting
2021-02-27 14:46:17,067 DEBUG FinufftPlan adjusted eps=1.1920928955078125e-07 from requested 1e-08.
2021-02-27 14:46:17,871 DEBUG Corresponding type is already real float32.
2021-02-27 14:46:17,871 DEBUG nufft passed real_type for signal, converting
2021-02-27 14:46:17,883 DEBUG FinufftPlan adjusted eps=1.1920928955078125e-07 from requested 1e-08.
2021-02-27 14:46:18,116 DEBUG Corresponding type is already real float32.
2021-02-27 14:46:18,116 DEBUG nufft passed real_type for signal, converting
2021-02-27 14:46:18,134 DEBUG FinufftPlan adjusted eps=1.1920928955078125e-07 from requested 1e-08.
2021-02-27 14:46:18,361 DEBUG Corresponding type is already real float32.
2021-02-27 14:46:18,361 DEBUG nufft passed real_type for signal, converting
2021-02-27 14:46:18,379 DEBUG FinufftPlan adjusted eps=1.1920928955078125e-07 from requested 1e-08.
2021-02-27 14:46:18,617 DEBUG Corresponding type is already real float32.
2021-02-27 14:46:18,617 DEBUG nufft passed real_type for signal, converting
2021-02-27 14:46:18,634 DEBUG FinufftPlan adjusted eps=1.1920928955078125e-07 from requested 1e-08.
2021-02-27 14:46:18,874 DEBUG Corresponding type is already real float32.
2021-02-27 14:46:18,875 DEBUG nufft passed real_type for signal, converting
2021-02-27 14:46:18,893 DEBUG FinufftPlan adjusted eps=1.1920928955078125e-07 from requested 1e-08.
2021-02-27 14:46:19,121 DEBUG Corresponding type is already real float32.
2021-02-27 14:46:19,121 DEBUG nufft passed real_type for signal, converting
2021-02-27 14:46:19,139 DEBUG FinufftPlan adjusted eps=1.1920928955078125e-07 from requested 1e-08.
2021-02-27 14:46:19,393 DEBUG Corresponding type is already real float32.
2021-02-27 14:46:19,393 DEBUG nufft passed real_type for signal, converting
2021-02-27 14:46:19,411 DEBUG FinufftPlan adjusted eps=1.1920928955078125e-07 from requested 1e-08.
2021-02-27 14:46:19,764 INFO Iteration 10 | Cost = 5.778882022499688e-10 | Relative Error = 0.41967628735638196
2021-02-27 14:46:19,764 INFO Iteration 10 | Relative Error u = 0.4199868440628052 | Relative Error g = 0.0014864445770971125
2021-02-27 14:46:19,764 INFO ========= Iteration 11 =========
2021-02-27 14:46:19,764 INFO Iteration 11 | descent step u
2021-02-27 14:46:19,789 DEBUG Corresponding type is already real float32.
2021-02-27 14:46:19,789 DEBUG nufft passed real_type for signal, converting
2021-02-27 14:46:19,803 DEBUG FinufftPlan adjusted eps=1.1920928955078125e-07 from requested 1e-08.
2021-02-27 14:46:20,124 DEBUG Corresponding type is already complex complex64.
2021-02-27 14:46:20,135 DEBUG FinufftPlan adjusted eps=1.1920928955078125e-07 from requested 1e-08.
2021-02-27 14:46:20,226 INFO Determined adjoint mappings. Shape = (65, 65, 65)
2021-02-27 14:46:20,237 INFO Iteration 11 | primal-dual step g
2021-02-27 14:46:20,287 DEBUG Corresponding type is already real float32.
2021-02-27 14:46:20,287 DEBUG nufft passed real_type for signal, converting
2021-02-27 14:46:20,301 DEBUG FinufftPlan adjusted eps=1.1920928955078125e-07 from requested 1e-08.
2021-02-27 14:46:20,528 DEBUG Corresponding type is already real float32.
2021-02-27 14:46:20,529 DEBUG nufft passed real_type for signal, converting
2021-02-27 14:46:20,547 DEBUG FinufftPlan adjusted eps=1.1920928955078125e-07 from requested 1e-08.
2021-02-27 14:46:20,770 DEBUG Corresponding type is already real float32.
2021-02-27 14:46:20,771 DEBUG nufft passed real_type for signal, converting
2021-02-27 14:46:20,788 DEBUG FinufftPlan adjusted eps=1.1920928955078125e-07 from requested 1e-08.
2021-02-27 14:46:21,016 DEBUG Corresponding type is already real float32.
2021-02-27 14:46:21,017 DEBUG nufft passed real_type for signal, converting
2021-02-27 14:46:21,034 DEBUG FinufftPlan adjusted eps=1.1920928955078125e-07 from requested 1e-08.
2021-02-27 14:46:21,260 DEBUG Corresponding type is already real float32.
2021-02-27 14:46:21,260 DEBUG nufft passed real_type for signal, converting
2021-02-27 14:46:21,277 DEBUG FinufftPlan adjusted eps=1.1920928955078125e-07 from requested 1e-08.
2021-02-27 14:46:21,510 DEBUG Corresponding type is already real float32.
2021-02-27 14:46:21,510 DEBUG nufft passed real_type for signal, converting
2021-02-27 14:46:21,530 DEBUG FinufftPlan adjusted eps=1.1920928955078125e-07 from requested 1e-08.
2021-02-27 14:46:22,339 DEBUG Corresponding type is already real float32.
2021-02-27 14:46:22,340 DEBUG nufft passed real_type for signal, converting
2021-02-27 14:46:22,352 DEBUG FinufftPlan adjusted eps=1.1920928955078125e-07 from requested 1e-08.
2021-02-27 14:46:22,584 DEBUG Corresponding type is already real float32.
2021-02-27 14:46:22,584 DEBUG nufft passed real_type for signal, converting
2021-02-27 14:46:22,601 DEBUG FinufftPlan adjusted eps=1.1920928955078125e-07 from requested 1e-08.
2021-02-27 14:46:22,829 DEBUG Corresponding type is already real float32.
2021-02-27 14:46:22,829 DEBUG nufft passed real_type for signal, converting
2021-02-27 14:46:22,848 DEBUG FinufftPlan adjusted eps=1.1920928955078125e-07 from requested 1e-08.
2021-02-27 14:46:23,074 DEBUG Corresponding type is already real float32.
2021-02-27 14:46:23,074 DEBUG nufft passed real_type for signal, converting
2021-02-27 14:46:23,092 DEBUG FinufftPlan adjusted eps=1.1920928955078125e-07 from requested 1e-08.
2021-02-27 14:46:23,317 DEBUG Corresponding type is already real float32.
2021-02-27 14:46:23,317 DEBUG nufft passed real_type for signal, converting
2021-02-27 14:46:23,334 DEBUG FinufftPlan adjusted eps=1.1920928955078125e-07 from requested 1e-08.
2021-02-27 14:46:23,560 DEBUG Corresponding type is already real float32.
2021-02-27 14:46:23,560 DEBUG nufft passed real_type for signal, converting
2021-02-27 14:46:23,581 DEBUG FinufftPlan adjusted eps=1.1920928955078125e-07 from requested 1e-08.
2021-02-27 14:46:23,837 DEBUG Corresponding type is already real float32.
2021-02-27 14:46:23,837 DEBUG nufft passed real_type for signal, converting
2021-02-27 14:46:23,856 DEBUG FinufftPlan adjusted eps=1.1920928955078125e-07 from requested 1e-08.
2021-02-27 14:46:24,218 INFO Iteration 11 | Cost = 5.443748860952167e-10 | Relative Error = 0.39314996529255253
2021-02-27 14:46:24,218 INFO Iteration 11 | Relative Error u = 0.3934409022331238 | Relative Error g = 0.0014728101942021283
2021-02-27 14:46:24,218 INFO ========= Iteration 12 =========
2021-02-27 14:46:24,218 INFO Iteration 12 | descent step u
2021-02-27 14:46:24,244 DEBUG Corresponding type is already real float32.
2021-02-27 14:46:24,244 DEBUG nufft passed real_type for signal, converting
2021-02-27 14:46:24,257 DEBUG FinufftPlan adjusted eps=1.1920928955078125e-07 from requested 1e-08.
2021-02-27 14:46:24,575 DEBUG Corresponding type is already complex complex64.
2021-02-27 14:46:24,587 DEBUG FinufftPlan adjusted eps=1.1920928955078125e-07 from requested 1e-08.
2021-02-27 14:46:24,678 INFO Determined adjoint mappings. Shape = (65, 65, 65)
2021-02-27 14:46:24,688 INFO Iteration 12 | primal-dual step g
2021-02-27 14:46:24,733 DEBUG Corresponding type is already real float32.
2021-02-27 14:46:24,733 DEBUG nufft passed real_type for signal, converting
2021-02-27 14:46:24,748 DEBUG FinufftPlan adjusted eps=1.1920928955078125e-07 from requested 1e-08.
2021-02-27 14:46:24,996 DEBUG Corresponding type is already real float32.
2021-02-27 14:46:24,997 DEBUG nufft passed real_type for signal, converting
2021-02-27 14:46:25,015 DEBUG FinufftPlan adjusted eps=1.1920928955078125e-07 from requested 1e-08.
2021-02-27 14:46:25,258 DEBUG Corresponding type is already real float32.
2021-02-27 14:46:25,258 DEBUG nufft passed real_type for signal, converting
2021-02-27 14:46:25,278 DEBUG FinufftPlan adjusted eps=1.1920928955078125e-07 from requested 1e-08.
2021-02-27 14:46:25,513 DEBUG Corresponding type is already real float32.
2021-02-27 14:46:25,513 DEBUG nufft passed real_type for signal, converting
2021-02-27 14:46:25,534 DEBUG FinufftPlan adjusted eps=1.1920928955078125e-07 from requested 1e-08.
2021-02-27 14:46:25,767 DEBUG Corresponding type is already real float32.
2021-02-27 14:46:25,767 DEBUG nufft passed real_type for signal, converting
2021-02-27 14:46:25,785 DEBUG FinufftPlan adjusted eps=1.1920928955078125e-07 from requested 1e-08.
2021-02-27 14:46:26,035 DEBUG Corresponding type is already real float32.
2021-02-27 14:46:26,035 DEBUG nufft passed real_type for signal, converting
2021-02-27 14:46:26,053 DEBUG FinufftPlan adjusted eps=1.1920928955078125e-07 from requested 1e-08.
2021-02-27 14:46:26,852 DEBUG Corresponding type is already real float32.
2021-02-27 14:46:26,853 DEBUG nufft passed real_type for signal, converting
2021-02-27 14:46:26,865 DEBUG FinufftPlan adjusted eps=1.1920928955078125e-07 from requested 1e-08.
2021-02-27 14:46:27,107 DEBUG Corresponding type is already real float32.
2021-02-27 14:46:27,107 DEBUG nufft passed real_type for signal, converting
2021-02-27 14:46:27,126 DEBUG FinufftPlan adjusted eps=1.1920928955078125e-07 from requested 1e-08.
2021-02-27 14:46:27,352 DEBUG Corresponding type is already real float32.
2021-02-27 14:46:27,352 DEBUG nufft passed real_type for signal, converting
2021-02-27 14:46:27,370 DEBUG FinufftPlan adjusted eps=1.1920928955078125e-07 from requested 1e-08.
2021-02-27 14:46:27,606 DEBUG Corresponding type is already real float32.
2021-02-27 14:46:27,606 DEBUG nufft passed real_type for signal, converting
2021-02-27 14:46:27,628 DEBUG FinufftPlan adjusted eps=1.1920928955078125e-07 from requested 1e-08.
2021-02-27 14:46:27,874 DEBUG Corresponding type is already real float32.
2021-02-27 14:46:27,874 DEBUG nufft passed real_type for signal, converting
2021-02-27 14:46:27,896 DEBUG FinufftPlan adjusted eps=1.1920928955078125e-07 from requested 1e-08.
2021-02-27 14:46:28,138 DEBUG Corresponding type is already real float32.
2021-02-27 14:46:28,138 DEBUG nufft passed real_type for signal, converting
2021-02-27 14:46:28,156 DEBUG FinufftPlan adjusted eps=1.1920928955078125e-07 from requested 1e-08.
2021-02-27 14:46:28,418 DEBUG Corresponding type is already real float32.
2021-02-27 14:46:28,418 DEBUG nufft passed real_type for signal, converting
2021-02-27 14:46:28,436 DEBUG FinufftPlan adjusted eps=1.1920928955078125e-07 from requested 1e-08.
2021-02-27 14:46:28,813 INFO Iteration 12 | Cost = 5.151912925003816e-10 | Relative Error = 0.36961013124603226
2021-02-27 14:46:28,814 INFO Iteration 12 | Relative Error u = 0.36988362669944763 | Relative Error g = 0.0014375226282041637
2021-02-27 14:46:28,814 INFO ========= Iteration 13 =========
2021-02-27 14:46:28,814 INFO Iteration 13 | descent step u
2021-02-27 14:46:28,839 DEBUG Corresponding type is already real float32.
2021-02-27 14:46:28,839 DEBUG nufft passed real_type for signal, converting
2021-02-27 14:46:28,851 DEBUG FinufftPlan adjusted eps=1.1920928955078125e-07 from requested 1e-08.
2021-02-27 14:46:29,173 DEBUG Corresponding type is already complex complex64.
2021-02-27 14:46:29,187 DEBUG FinufftPlan adjusted eps=1.1920928955078125e-07 from requested 1e-08.
2021-02-27 14:46:29,276 INFO Determined adjoint mappings. Shape = (65, 65, 65)
2021-02-27 14:46:29,287 INFO Iteration 13 | primal-dual step g
2021-02-27 14:46:29,334 DEBUG Corresponding type is already real float32.
2021-02-27 14:46:29,334 DEBUG nufft passed real_type for signal, converting
2021-02-27 14:46:29,348 DEBUG FinufftPlan adjusted eps=1.1920928955078125e-07 from requested 1e-08.
2021-02-27 14:46:29,579 DEBUG Corresponding type is already real float32.
2021-02-27 14:46:29,579 DEBUG nufft passed real_type for signal, converting
2021-02-27 14:46:29,597 DEBUG FinufftPlan adjusted eps=1.1920928955078125e-07 from requested 1e-08.
2021-02-27 14:46:29,824 DEBUG Corresponding type is already real float32.
2021-02-27 14:46:29,824 DEBUG nufft passed real_type for signal, converting
2021-02-27 14:46:29,842 DEBUG FinufftPlan adjusted eps=1.1920928955078125e-07 from requested 1e-08.
2021-02-27 14:46:30,079 DEBUG Corresponding type is already real float32.
2021-02-27 14:46:30,079 DEBUG nufft passed real_type for signal, converting
2021-02-27 14:46:30,096 DEBUG FinufftPlan adjusted eps=1.1920928955078125e-07 from requested 1e-08.
2021-02-27 14:46:30,323 DEBUG Corresponding type is already real float32.
2021-02-27 14:46:30,323 DEBUG nufft passed real_type for signal, converting
2021-02-27 14:46:30,340 DEBUG FinufftPlan adjusted eps=1.1920928955078125e-07 from requested 1e-08.
2021-02-27 14:46:30,583 DEBUG Corresponding type is already real float32.
2021-02-27 14:46:30,583 DEBUG nufft passed real_type for signal, converting
2021-02-27 14:46:30,604 DEBUG FinufftPlan adjusted eps=1.1920928955078125e-07 from requested 1e-08.
2021-02-27 14:46:31,409 DEBUG Corresponding type is already real float32.
2021-02-27 14:46:31,410 DEBUG nufft passed real_type for signal, converting
2021-02-27 14:46:31,422 DEBUG FinufftPlan adjusted eps=1.1920928955078125e-07 from requested 1e-08.
2021-02-27 14:46:31,652 DEBUG Corresponding type is already real float32.
2021-02-27 14:46:31,652 DEBUG nufft passed real_type for signal, converting
2021-02-27 14:46:31,670 DEBUG FinufftPlan adjusted eps=1.1920928955078125e-07 from requested 1e-08.
2021-02-27 14:46:31,899 DEBUG Corresponding type is already real float32.
2021-02-27 14:46:31,899 DEBUG nufft passed real_type for signal, converting
2021-02-27 14:46:31,916 DEBUG FinufftPlan adjusted eps=1.1920928955078125e-07 from requested 1e-08.
2021-02-27 14:46:32,141 DEBUG Corresponding type is already real float32.
2021-02-27 14:46:32,141 DEBUG nufft passed real_type for signal, converting
2021-02-27 14:46:32,159 DEBUG FinufftPlan adjusted eps=1.1920928955078125e-07 from requested 1e-08.
2021-02-27 14:46:32,388 DEBUG Corresponding type is already real float32.
2021-02-27 14:46:32,388 DEBUG nufft passed real_type for signal, converting
2021-02-27 14:46:32,408 DEBUG FinufftPlan adjusted eps=1.1920928955078125e-07 from requested 1e-08.
2021-02-27 14:46:32,639 DEBUG Corresponding type is already real float32.
2021-02-27 14:46:32,639 DEBUG nufft passed real_type for signal, converting
2021-02-27 14:46:32,656 DEBUG FinufftPlan adjusted eps=1.1920928955078125e-07 from requested 1e-08.
2021-02-27 14:46:32,906 DEBUG Corresponding type is already real float32.
2021-02-27 14:46:32,907 DEBUG nufft passed real_type for signal, converting
2021-02-27 14:46:32,925 DEBUG FinufftPlan adjusted eps=1.1920928955078125e-07 from requested 1e-08.
2021-02-27 14:46:33,277 INFO Iteration 13 | Cost = 4.896610888239515e-10 | Relative Error = 0.34857531823219196
2021-02-27 14:46:33,277 INFO Iteration 13 | Relative Error u = 0.34883326292037964 | Relative Error g = 0.0014231373072452938
2021-02-27 14:46:33,277 INFO ========= Iteration 14 =========
2021-02-27 14:46:33,277 INFO Iteration 14 | descent step u
2021-02-27 14:46:33,301 DEBUG Corresponding type is already real float32.
2021-02-27 14:46:33,301 DEBUG nufft passed real_type for signal, converting
2021-02-27 14:46:33,314 DEBUG FinufftPlan adjusted eps=1.1920928955078125e-07 from requested 1e-08.
2021-02-27 14:46:33,627 DEBUG Corresponding type is already complex complex64.
2021-02-27 14:46:33,639 DEBUG FinufftPlan adjusted eps=1.1920928955078125e-07 from requested 1e-08.
2021-02-27 14:46:33,728 INFO Determined adjoint mappings. Shape = (65, 65, 65)
2021-02-27 14:46:33,739 INFO Iteration 14 | primal-dual step g
2021-02-27 14:46:33,784 DEBUG Corresponding type is already real float32.
2021-02-27 14:46:33,784 DEBUG nufft passed real_type for signal, converting
2021-02-27 14:46:33,799 DEBUG FinufftPlan adjusted eps=1.1920928955078125e-07 from requested 1e-08.
2021-02-27 14:46:34,039 DEBUG Corresponding type is already real float32.
2021-02-27 14:46:34,040 DEBUG nufft passed real_type for signal, converting
2021-02-27 14:46:34,057 DEBUG FinufftPlan adjusted eps=1.1920928955078125e-07 from requested 1e-08.
2021-02-27 14:46:34,291 DEBUG Corresponding type is already real float32.
2021-02-27 14:46:34,291 DEBUG nufft passed real_type for signal, converting
2021-02-27 14:46:34,310 DEBUG FinufftPlan adjusted eps=1.1920928955078125e-07 from requested 1e-08.
2021-02-27 14:46:34,539 DEBUG Corresponding type is already real float32.
2021-02-27 14:46:34,540 DEBUG nufft passed real_type for signal, converting
2021-02-27 14:46:34,557 DEBUG FinufftPlan adjusted eps=1.1920928955078125e-07 from requested 1e-08.
2021-02-27 14:46:34,789 DEBUG Corresponding type is already real float32.
2021-02-27 14:46:34,789 DEBUG nufft passed real_type for signal, converting
2021-02-27 14:46:34,806 DEBUG FinufftPlan adjusted eps=1.1920928955078125e-07 from requested 1e-08.
2021-02-27 14:46:35,054 DEBUG Corresponding type is already real float32.
2021-02-27 14:46:35,054 DEBUG nufft passed real_type for signal, converting
2021-02-27 14:46:35,076 DEBUG FinufftPlan adjusted eps=1.1920928955078125e-07 from requested 1e-08.
2021-02-27 14:46:35,894 DEBUG Corresponding type is already real float32.
2021-02-27 14:46:35,895 DEBUG nufft passed real_type for signal, converting
2021-02-27 14:46:35,907 DEBUG FinufftPlan adjusted eps=1.1920928955078125e-07 from requested 1e-08.
2021-02-27 14:46:36,134 DEBUG Corresponding type is already real float32.
2021-02-27 14:46:36,134 DEBUG nufft passed real_type for signal, converting
2021-02-27 14:46:36,157 DEBUG FinufftPlan adjusted eps=1.1920928955078125e-07 from requested 1e-08.
2021-02-27 14:46:36,388 DEBUG Corresponding type is already real float32.
2021-02-27 14:46:36,388 DEBUG nufft passed real_type for signal, converting
2021-02-27 14:46:36,405 DEBUG FinufftPlan adjusted eps=1.1920928955078125e-07 from requested 1e-08.
2021-02-27 14:46:36,641 DEBUG Corresponding type is already real float32.
2021-02-27 14:46:36,642 DEBUG nufft passed real_type for signal, converting
2021-02-27 14:46:36,663 DEBUG FinufftPlan adjusted eps=1.1920928955078125e-07 from requested 1e-08.
2021-02-27 14:46:36,905 DEBUG Corresponding type is already real float32.
2021-02-27 14:46:36,906 DEBUG nufft passed real_type for signal, converting
2021-02-27 14:46:36,923 DEBUG FinufftPlan adjusted eps=1.1920928955078125e-07 from requested 1e-08.
2021-02-27 14:46:37,154 DEBUG Corresponding type is already real float32.
2021-02-27 14:46:37,154 DEBUG nufft passed real_type for signal, converting
2021-02-27 14:46:37,173 DEBUG FinufftPlan adjusted eps=1.1920928955078125e-07 from requested 1e-08.
2021-02-27 14:46:37,432 DEBUG Corresponding type is already real float32.
2021-02-27 14:46:37,433 DEBUG nufft passed real_type for signal, converting
2021-02-27 14:46:37,453 DEBUG FinufftPlan adjusted eps=1.1920928955078125e-07 from requested 1e-08.
2021-02-27 14:46:37,806 INFO Iteration 14 | Cost = 4.672361346780678e-10 | Relative Error = 0.3296624106552919
2021-02-27 14:46:37,806 INFO Iteration 14 | Relative Error u = 0.3299063444137573 | Relative Error g = 0.0014479623743170657
2021-02-27 14:46:37,806 INFO ========= Iteration 15 =========
2021-02-27 14:46:37,806 INFO Iteration 15 | descent step u
2021-02-27 14:46:37,830 DEBUG Corresponding type is already real float32.
2021-02-27 14:46:37,830 DEBUG nufft passed real_type for signal, converting
2021-02-27 14:46:37,842 DEBUG FinufftPlan adjusted eps=1.1920928955078125e-07 from requested 1e-08.
2021-02-27 14:46:38,161 DEBUG Corresponding type is already complex complex64.
2021-02-27 14:46:38,173 DEBUG FinufftPlan adjusted eps=1.1920928955078125e-07 from requested 1e-08.
2021-02-27 14:46:38,263 INFO Determined adjoint mappings. Shape = (65, 65, 65)
2021-02-27 14:46:38,273 INFO Iteration 15 | primal-dual step g
2021-02-27 14:46:38,323 DEBUG Corresponding type is already real float32.
2021-02-27 14:46:38,323 DEBUG nufft passed real_type for signal, converting
2021-02-27 14:46:38,338 DEBUG FinufftPlan adjusted eps=1.1920928955078125e-07 from requested 1e-08.
2021-02-27 14:46:38,565 DEBUG Corresponding type is already real float32.
2021-02-27 14:46:38,565 DEBUG nufft passed real_type for signal, converting
2021-02-27 14:46:38,582 DEBUG FinufftPlan adjusted eps=1.1920928955078125e-07 from requested 1e-08.
2021-02-27 14:46:38,808 DEBUG Corresponding type is already real float32.
2021-02-27 14:46:38,808 DEBUG nufft passed real_type for signal, converting
2021-02-27 14:46:38,826 DEBUG FinufftPlan adjusted eps=1.1920928955078125e-07 from requested 1e-08.
2021-02-27 14:46:39,058 DEBUG Corresponding type is already real float32.
2021-02-27 14:46:39,058 DEBUG nufft passed real_type for signal, converting
2021-02-27 14:46:39,076 DEBUG FinufftPlan adjusted eps=1.1920928955078125e-07 from requested 1e-08.
2021-02-27 14:46:39,314 DEBUG Corresponding type is already real float32.
2021-02-27 14:46:39,314 DEBUG nufft passed real_type for signal, converting
2021-02-27 14:46:39,335 DEBUG FinufftPlan adjusted eps=1.1920928955078125e-07 from requested 1e-08.
2021-02-27 14:46:39,574 DEBUG Corresponding type is already real float32.
2021-02-27 14:46:39,574 DEBUG nufft passed real_type for signal, converting
2021-02-27 14:46:39,592 DEBUG FinufftPlan adjusted eps=1.1920928955078125e-07 from requested 1e-08.
2021-02-27 14:46:40,402 DEBUG Corresponding type is already real float32.
2021-02-27 14:46:40,402 DEBUG nufft passed real_type for signal, converting
2021-02-27 14:46:40,414 DEBUG FinufftPlan adjusted eps=1.1920928955078125e-07 from requested 1e-08.
2021-02-27 14:46:40,644 DEBUG Corresponding type is already real float32.
2021-02-27 14:46:40,644 DEBUG nufft passed real_type for signal, converting
2021-02-27 14:46:40,662 DEBUG FinufftPlan adjusted eps=1.1920928955078125e-07 from requested 1e-08.
2021-02-27 14:46:40,889 DEBUG Corresponding type is already real float32.
2021-02-27 14:46:40,889 DEBUG nufft passed real_type for signal, converting
2021-02-27 14:46:40,910 DEBUG FinufftPlan adjusted eps=1.1920928955078125e-07 from requested 1e-08.
2021-02-27 14:46:41,156 DEBUG Corresponding type is already real float32.
2021-02-27 14:46:41,157 DEBUG nufft passed real_type for signal, converting
2021-02-27 14:46:41,174 DEBUG FinufftPlan adjusted eps=1.1920928955078125e-07 from requested 1e-08.
2021-02-27 14:46:41,404 DEBUG Corresponding type is already real float32.
2021-02-27 14:46:41,404 DEBUG nufft passed real_type for signal, converting
2021-02-27 14:46:41,421 DEBUG FinufftPlan adjusted eps=1.1920928955078125e-07 from requested 1e-08.
2021-02-27 14:46:41,671 DEBUG Corresponding type is already real float32.
2021-02-27 14:46:41,671 DEBUG nufft passed real_type for signal, converting
2021-02-27 14:46:41,688 DEBUG FinufftPlan adjusted eps=1.1920928955078125e-07 from requested 1e-08.
2021-02-27 14:46:41,949 DEBUG Corresponding type is already real float32.
2021-02-27 14:46:41,949 DEBUG nufft passed real_type for signal, converting
2021-02-27 14:46:41,968 DEBUG FinufftPlan adjusted eps=1.1920928955078125e-07 from requested 1e-08.
2021-02-27 14:46:42,335 INFO Iteration 15 | Cost = 4.474730944081261e-10 | Relative Error = 0.31255872995441836
2021-02-27 14:46:42,335 INFO Iteration 15 | Relative Error u = 0.31279000639915466 | Relative Error g = 0.0014705120857194955
2021-02-27 14:46:42,335 INFO ========= Iteration 16 =========
2021-02-27 14:46:42,336 INFO Iteration 16 | descent step u
2021-02-27 14:46:42,360 DEBUG Corresponding type is already real float32.
2021-02-27 14:46:42,360 DEBUG nufft passed real_type for signal, converting
2021-02-27 14:46:42,373 DEBUG FinufftPlan adjusted eps=1.1920928955078125e-07 from requested 1e-08.
2021-02-27 14:46:42,689 DEBUG Corresponding type is already complex complex64.
2021-02-27 14:46:42,700 DEBUG FinufftPlan adjusted eps=1.1920928955078125e-07 from requested 1e-08.
2021-02-27 14:46:42,790 INFO Determined adjoint mappings. Shape = (65, 65, 65)
2021-02-27 14:46:42,801 INFO Iteration 16 | primal-dual step g
2021-02-27 14:46:42,852 DEBUG Corresponding type is already real float32.
2021-02-27 14:46:42,853 DEBUG nufft passed real_type for signal, converting
2021-02-27 14:46:42,868 DEBUG FinufftPlan adjusted eps=1.1920928955078125e-07 from requested 1e-08.
2021-02-27 14:46:43,105 DEBUG Corresponding type is already real float32.
2021-02-27 14:46:43,105 DEBUG nufft passed real_type for signal, converting
2021-02-27 14:46:43,123 DEBUG FinufftPlan adjusted eps=1.1920928955078125e-07 from requested 1e-08.
2021-02-27 14:46:43,350 DEBUG Corresponding type is already real float32.
2021-02-27 14:46:43,351 DEBUG nufft passed real_type for signal, converting
2021-02-27 14:46:43,368 DEBUG FinufftPlan adjusted eps=1.1920928955078125e-07 from requested 1e-08.
2021-02-27 14:46:43,597 DEBUG Corresponding type is already real float32.
2021-02-27 14:46:43,597 DEBUG nufft passed real_type for signal, converting
2021-02-27 14:46:43,616 DEBUG FinufftPlan adjusted eps=1.1920928955078125e-07 from requested 1e-08.
2021-02-27 14:46:43,847 DEBUG Corresponding type is already real float32.
2021-02-27 14:46:43,847 DEBUG nufft passed real_type for signal, converting
2021-02-27 14:46:43,865 DEBUG FinufftPlan adjusted eps=1.1920928955078125e-07 from requested 1e-08.
2021-02-27 14:46:44,102 DEBUG Corresponding type is already real float32.
2021-02-27 14:46:44,103 DEBUG nufft passed real_type for signal, converting
2021-02-27 14:46:44,122 DEBUG FinufftPlan adjusted eps=1.1920928955078125e-07 from requested 1e-08.
2021-02-27 14:46:44,924 DEBUG Corresponding type is already real float32.
2021-02-27 14:46:44,924 DEBUG nufft passed real_type for signal, converting
2021-02-27 14:46:44,936 DEBUG FinufftPlan adjusted eps=1.1920928955078125e-07 from requested 1e-08.
2021-02-27 14:46:45,167 DEBUG Corresponding type is already real float32.
2021-02-27 14:46:45,167 DEBUG nufft passed real_type for signal, converting
2021-02-27 14:46:45,187 DEBUG FinufftPlan adjusted eps=1.1920928955078125e-07 from requested 1e-08.
2021-02-27 14:46:45,414 DEBUG Corresponding type is already real float32.
2021-02-27 14:46:45,415 DEBUG nufft passed real_type for signal, converting
2021-02-27 14:46:45,433 DEBUG FinufftPlan adjusted eps=1.1920928955078125e-07 from requested 1e-08.
2021-02-27 14:46:45,661 DEBUG Corresponding type is already real float32.
2021-02-27 14:46:45,662 DEBUG nufft passed real_type for signal, converting
2021-02-27 14:46:45,679 DEBUG FinufftPlan adjusted eps=1.1920928955078125e-07 from requested 1e-08.
2021-02-27 14:46:45,908 DEBUG Corresponding type is already real float32.
2021-02-27 14:46:45,909 DEBUG nufft passed real_type for signal, converting
2021-02-27 14:46:45,926 DEBUG FinufftPlan adjusted eps=1.1920928955078125e-07 from requested 1e-08.
2021-02-27 14:46:46,155 DEBUG Corresponding type is already real float32.
2021-02-27 14:46:46,155 DEBUG nufft passed real_type for signal, converting
2021-02-27 14:46:46,175 DEBUG FinufftPlan adjusted eps=1.1920928955078125e-07 from requested 1e-08.
2021-02-27 14:46:46,437 DEBUG Corresponding type is already real float32.
2021-02-27 14:46:46,437 DEBUG nufft passed real_type for signal, converting
2021-02-27 14:46:46,457 DEBUG FinufftPlan adjusted eps=1.1920928955078125e-07 from requested 1e-08.
2021-02-27 14:46:46,808 INFO Iteration 16 | Cost = 4.3000632712604087e-10 | Relative Error = 0.2970139764868386
2021-02-27 14:46:46,809 INFO Iteration 16 | Relative Error u = 0.2972337603569031 | Relative Error g = 0.0014283112655938005
2021-02-27 14:46:46,809 INFO ========= Iteration 17 =========
2021-02-27 14:46:46,809 INFO Iteration 17 | descent step u
2021-02-27 14:46:46,833 DEBUG Corresponding type is already real float32.
2021-02-27 14:46:46,834 DEBUG nufft passed real_type for signal, converting
2021-02-27 14:46:46,847 DEBUG FinufftPlan adjusted eps=1.1920928955078125e-07 from requested 1e-08.
2021-02-27 14:46:47,167 DEBUG Corresponding type is already complex complex64.
2021-02-27 14:46:47,179 DEBUG FinufftPlan adjusted eps=1.1920928955078125e-07 from requested 1e-08.
2021-02-27 14:46:47,270 INFO Determined adjoint mappings. Shape = (65, 65, 65)
2021-02-27 14:46:47,281 INFO Iteration 17 | primal-dual step g
2021-02-27 14:46:47,327 DEBUG Corresponding type is already real float32.
2021-02-27 14:46:47,327 DEBUG nufft passed real_type for signal, converting
2021-02-27 14:46:47,341 DEBUG FinufftPlan adjusted eps=1.1920928955078125e-07 from requested 1e-08.
2021-02-27 14:46:47,565 DEBUG Corresponding type is already real float32.
2021-02-27 14:46:47,565 DEBUG nufft passed real_type for signal, converting
2021-02-27 14:46:47,582 DEBUG FinufftPlan adjusted eps=1.1920928955078125e-07 from requested 1e-08.
2021-02-27 14:46:47,806 DEBUG Corresponding type is already real float32.
2021-02-27 14:46:47,806 DEBUG nufft passed real_type for signal, converting
2021-02-27 14:46:47,824 DEBUG FinufftPlan adjusted eps=1.1920928955078125e-07 from requested 1e-08.
2021-02-27 14:46:48,060 DEBUG Corresponding type is already real float32.
2021-02-27 14:46:48,060 DEBUG nufft passed real_type for signal, converting
2021-02-27 14:46:48,082 DEBUG FinufftPlan adjusted eps=1.1920928955078125e-07 from requested 1e-08.
2021-02-27 14:46:48,338 DEBUG Corresponding type is already real float32.
2021-02-27 14:46:48,338 DEBUG nufft passed real_type for signal, converting
2021-02-27 14:46:48,360 DEBUG FinufftPlan adjusted eps=1.1920928955078125e-07 from requested 1e-08.
2021-02-27 14:46:48,599 DEBUG Corresponding type is already real float32.
2021-02-27 14:46:48,600 DEBUG nufft passed real_type for signal, converting
2021-02-27 14:46:48,618 DEBUG FinufftPlan adjusted eps=1.1920928955078125e-07 from requested 1e-08.
2021-02-27 14:46:49,428 DEBUG Corresponding type is already real float32.
2021-02-27 14:46:49,428 DEBUG nufft passed real_type for signal, converting
2021-02-27 14:46:49,440 DEBUG FinufftPlan adjusted eps=1.1920928955078125e-07 from requested 1e-08.
2021-02-27 14:46:49,673 DEBUG Corresponding type is already real float32.
2021-02-27 14:46:49,674 DEBUG nufft passed real_type for signal, converting
2021-02-27 14:46:49,693 DEBUG FinufftPlan adjusted eps=1.1920928955078125e-07 from requested 1e-08.
2021-02-27 14:46:49,931 DEBUG Corresponding type is already real float32.
2021-02-27 14:46:49,931 DEBUG nufft passed real_type for signal, converting
2021-02-27 14:46:49,949 DEBUG FinufftPlan adjusted eps=1.1920928955078125e-07 from requested 1e-08.
2021-02-27 14:46:50,180 DEBUG Corresponding type is already real float32.
2021-02-27 14:46:50,180 DEBUG nufft passed real_type for signal, converting
2021-02-27 14:46:50,197 DEBUG FinufftPlan adjusted eps=1.1920928955078125e-07 from requested 1e-08.
2021-02-27 14:46:50,429 DEBUG Corresponding type is already real float32.
2021-02-27 14:46:50,429 DEBUG nufft passed real_type for signal, converting
2021-02-27 14:46:50,447 DEBUG FinufftPlan adjusted eps=1.1920928955078125e-07 from requested 1e-08.
2021-02-27 14:46:50,673 DEBUG Corresponding type is already real float32.
2021-02-27 14:46:50,673 DEBUG nufft passed real_type for signal, converting
2021-02-27 14:46:50,692 DEBUG FinufftPlan adjusted eps=1.1920928955078125e-07 from requested 1e-08.
2021-02-27 14:46:50,949 DEBUG Corresponding type is already real float32.
2021-02-27 14:46:50,950 DEBUG nufft passed real_type for signal, converting
2021-02-27 14:46:50,968 DEBUG FinufftPlan adjusted eps=1.1920928955078125e-07 from requested 1e-08.
2021-02-27 14:46:51,329 INFO Iteration 17 | Cost = 4.1452936831814246e-10 | Relative Error = 0.2828267519415851
2021-02-27 14:46:51,329 INFO Iteration 17 | Relative Error u = 0.2830360233783722 | Relative Error g = 0.0013958612459665576
2021-02-27 14:46:51,329 INFO ========= Iteration 18 =========
2021-02-27 14:46:51,329 INFO Iteration 18 | descent step u
2021-02-27 14:46:51,354 DEBUG Corresponding type is already real float32.
2021-02-27 14:46:51,355 DEBUG nufft passed real_type for signal, converting
2021-02-27 14:46:51,367 DEBUG FinufftPlan adjusted eps=1.1920928955078125e-07 from requested 1e-08.
2021-02-27 14:46:51,692 DEBUG Corresponding type is already complex complex64.
2021-02-27 14:46:51,703 DEBUG FinufftPlan adjusted eps=1.1920928955078125e-07 from requested 1e-08.
2021-02-27 14:46:51,796 INFO Determined adjoint mappings. Shape = (65, 65, 65)
2021-02-27 14:46:51,806 INFO Iteration 18 | primal-dual step g
2021-02-27 14:46:51,852 DEBUG Corresponding type is already real float32.
2021-02-27 14:46:51,852 DEBUG nufft passed real_type for signal, converting
2021-02-27 14:46:51,866 DEBUG FinufftPlan adjusted eps=1.1920928955078125e-07 from requested 1e-08.
2021-02-27 14:46:52,100 DEBUG Corresponding type is already real float32.
2021-02-27 14:46:52,101 DEBUG nufft passed real_type for signal, converting
2021-02-27 14:46:52,118 DEBUG FinufftPlan adjusted eps=1.1920928955078125e-07 from requested 1e-08.
2021-02-27 14:46:52,359 DEBUG Corresponding type is already real float32.
2021-02-27 14:46:52,359 DEBUG nufft passed real_type for signal, converting
2021-02-27 14:46:52,377 DEBUG FinufftPlan adjusted eps=1.1920928955078125e-07 from requested 1e-08.
2021-02-27 14:46:52,613 DEBUG Corresponding type is already real float32.
2021-02-27 14:46:52,613 DEBUG nufft passed real_type for signal, converting
2021-02-27 14:46:52,631 DEBUG FinufftPlan adjusted eps=1.1920928955078125e-07 from requested 1e-08.
2021-02-27 14:46:52,859 DEBUG Corresponding type is already real float32.
2021-02-27 14:46:52,860 DEBUG nufft passed real_type for signal, converting
2021-02-27 14:46:52,878 DEBUG FinufftPlan adjusted eps=1.1920928955078125e-07 from requested 1e-08.
2021-02-27 14:46:53,130 DEBUG Corresponding type is already real float32.
2021-02-27 14:46:53,130 DEBUG nufft passed real_type for signal, converting
2021-02-27 14:46:53,153 DEBUG FinufftPlan adjusted eps=1.1920928955078125e-07 from requested 1e-08.
2021-02-27 14:46:53,955 DEBUG Corresponding type is already real float32.
2021-02-27 14:46:53,955 DEBUG nufft passed real_type for signal, converting
2021-02-27 14:46:53,967 DEBUG FinufftPlan adjusted eps=1.1920928955078125e-07 from requested 1e-08.
2021-02-27 14:46:54,197 DEBUG Corresponding type is already real float32.
2021-02-27 14:46:54,197 DEBUG nufft passed real_type for signal, converting
2021-02-27 14:46:54,216 DEBUG FinufftPlan adjusted eps=1.1920928955078125e-07 from requested 1e-08.
2021-02-27 14:46:54,442 DEBUG Corresponding type is already real float32.
2021-02-27 14:46:54,442 DEBUG nufft passed real_type for signal, converting
2021-02-27 14:46:54,460 DEBUG FinufftPlan adjusted eps=1.1920928955078125e-07 from requested 1e-08.
2021-02-27 14:46:54,686 DEBUG Corresponding type is already real float32.
2021-02-27 14:46:54,686 DEBUG nufft passed real_type for signal, converting
2021-02-27 14:46:54,708 DEBUG FinufftPlan adjusted eps=1.1920928955078125e-07 from requested 1e-08.
2021-02-27 14:46:54,946 DEBUG Corresponding type is already real float32.
2021-02-27 14:46:54,946 DEBUG nufft passed real_type for signal, converting
2021-02-27 14:46:54,964 DEBUG FinufftPlan adjusted eps=1.1920928955078125e-07 from requested 1e-08.
2021-02-27 14:46:55,192 DEBUG Corresponding type is already real float32.
2021-02-27 14:46:55,192 DEBUG nufft passed real_type for signal, converting
2021-02-27 14:46:55,209 DEBUG FinufftPlan adjusted eps=1.1920928955078125e-07 from requested 1e-08.
2021-02-27 14:46:55,470 DEBUG Corresponding type is already real float32.
2021-02-27 14:46:55,470 DEBUG nufft passed real_type for signal, converting
2021-02-27 14:46:55,488 DEBUG FinufftPlan adjusted eps=1.1920928955078125e-07 from requested 1e-08.
2021-02-27 14:46:55,842 INFO Iteration 18 | Cost = 4.0078590168026274e-10 | Relative Error = 0.26982258600230846
2021-02-27 14:46:55,842 INFO Iteration 18 | Relative Error u = 0.2700222432613373 | Relative Error g = 0.0013665025963811152
2021-02-27 14:46:55,842 INFO ========= Iteration 19 =========
2021-02-27 14:46:55,842 INFO Iteration 19 | descent step u
2021-02-27 14:46:55,867 DEBUG Corresponding type is already real float32.
2021-02-27 14:46:55,867 DEBUG nufft passed real_type for signal, converting
2021-02-27 14:46:55,880 DEBUG FinufftPlan adjusted eps=1.1920928955078125e-07 from requested 1e-08.
2021-02-27 14:46:56,198 DEBUG Corresponding type is already complex complex64.
2021-02-27 14:46:56,209 DEBUG FinufftPlan adjusted eps=1.1920928955078125e-07 from requested 1e-08.
2021-02-27 14:46:56,300 INFO Determined adjoint mappings. Shape = (65, 65, 65)
2021-02-27 14:46:56,311 INFO Iteration 19 | primal-dual step g
2021-02-27 14:46:56,357 DEBUG Corresponding type is already real float32.
2021-02-27 14:46:56,358 DEBUG nufft passed real_type for signal, converting
2021-02-27 14:46:56,372 DEBUG FinufftPlan adjusted eps=1.1920928955078125e-07 from requested 1e-08.
2021-02-27 14:46:56,599 DEBUG Corresponding type is already real float32.
2021-02-27 14:46:56,599 DEBUG nufft passed real_type for signal, converting
2021-02-27 14:46:56,622 DEBUG FinufftPlan adjusted eps=1.1920928955078125e-07 from requested 1e-08.
2021-02-27 14:46:56,849 DEBUG Corresponding type is already real float32.
2021-02-27 14:46:56,849 DEBUG nufft passed real_type for signal, converting
2021-02-27 14:46:56,870 DEBUG FinufftPlan adjusted eps=1.1920928955078125e-07 from requested 1e-08.
2021-02-27 14:46:57,108 DEBUG Corresponding type is already real float32.
2021-02-27 14:46:57,108 DEBUG nufft passed real_type for signal, converting
2021-02-27 14:46:57,126 DEBUG FinufftPlan adjusted eps=1.1920928955078125e-07 from requested 1e-08.
2021-02-27 14:46:57,354 DEBUG Corresponding type is already real float32.
2021-02-27 14:46:57,354 DEBUG nufft passed real_type for signal, converting
2021-02-27 14:46:57,373 DEBUG FinufftPlan adjusted eps=1.1920928955078125e-07 from requested 1e-08.
2021-02-27 14:46:57,626 DEBUG Corresponding type is already real float32.
2021-02-27 14:46:57,626 DEBUG nufft passed real_type for signal, converting
2021-02-27 14:46:57,647 DEBUG FinufftPlan adjusted eps=1.1920928955078125e-07 from requested 1e-08.
2021-02-27 14:46:58,444 DEBUG Corresponding type is already real float32.
2021-02-27 14:46:58,444 DEBUG nufft passed real_type for signal, converting
2021-02-27 14:46:58,456 DEBUG FinufftPlan adjusted eps=1.1920928955078125e-07 from requested 1e-08.
2021-02-27 14:46:58,694 DEBUG Corresponding type is already real float32.
2021-02-27 14:46:58,695 DEBUG nufft passed real_type for signal, converting
2021-02-27 14:46:58,712 DEBUG FinufftPlan adjusted eps=1.1920928955078125e-07 from requested 1e-08.
2021-02-27 14:46:58,951 DEBUG Corresponding type is already real float32.
2021-02-27 14:46:58,951 DEBUG nufft passed real_type for signal, converting
2021-02-27 14:46:58,971 DEBUG FinufftPlan adjusted eps=1.1920928955078125e-07 from requested 1e-08.
2021-02-27 14:46:59,202 DEBUG Corresponding type is already real float32.
2021-02-27 14:46:59,203 DEBUG nufft passed real_type for signal, converting
2021-02-27 14:46:59,224 DEBUG FinufftPlan adjusted eps=1.1920928955078125e-07 from requested 1e-08.
2021-02-27 14:46:59,451 DEBUG Corresponding type is already real float32.
2021-02-27 14:46:59,451 DEBUG nufft passed real_type for signal, converting
2021-02-27 14:46:59,468 DEBUG FinufftPlan adjusted eps=1.1920928955078125e-07 from requested 1e-08.
2021-02-27 14:46:59,695 DEBUG Corresponding type is already real float32.
2021-02-27 14:46:59,696 DEBUG nufft passed real_type for signal, converting
2021-02-27 14:46:59,713 DEBUG FinufftPlan adjusted eps=1.1920928955078125e-07 from requested 1e-08.
2021-02-27 14:46:59,964 DEBUG Corresponding type is already real float32.
2021-02-27 14:46:59,964 DEBUG nufft passed real_type for signal, converting
2021-02-27 14:46:59,982 DEBUG FinufftPlan adjusted eps=1.1920928955078125e-07 from requested 1e-08.
2021-02-27 14:47:00,335 INFO Iteration 19 | Cost = 3.8856236339932935e-10 | Relative Error = 0.2578610677804629
2021-02-27 14:47:00,335 INFO Iteration 19 | Relative Error u = 0.25805187225341797 | Relative Error g = 0.0013584642382211795
2021-02-27 14:47:00,335 INFO ========= Iteration 20 =========
2021-02-27 14:47:00,335 INFO Iteration 20 | descent step u
2021-02-27 14:47:00,359 DEBUG Corresponding type is already real float32.
2021-02-27 14:47:00,359 DEBUG nufft passed real_type for signal, converting
2021-02-27 14:47:00,371 DEBUG FinufftPlan adjusted eps=1.1920928955078125e-07 from requested 1e-08.
2021-02-27 14:47:00,690 DEBUG Corresponding type is already complex complex64.
2021-02-27 14:47:00,701 DEBUG FinufftPlan adjusted eps=1.1920928955078125e-07 from requested 1e-08.
2021-02-27 14:47:00,791 INFO Determined adjoint mappings. Shape = (65, 65, 65)
2021-02-27 14:47:00,801 INFO Iteration 20 | primal-dual step g
2021-02-27 14:47:00,846 DEBUG Corresponding type is already real float32.
2021-02-27 14:47:00,846 DEBUG nufft passed real_type for signal, converting
2021-02-27 14:47:00,861 DEBUG FinufftPlan adjusted eps=1.1920928955078125e-07 from requested 1e-08.
2021-02-27 14:47:01,094 DEBUG Corresponding type is already real float32.
2021-02-27 14:47:01,094 DEBUG nufft passed real_type for signal, converting
2021-02-27 14:47:01,112 DEBUG FinufftPlan adjusted eps=1.1920928955078125e-07 from requested 1e-08.
2021-02-27 14:47:01,339 DEBUG Corresponding type is already real float32.
2021-02-27 14:47:01,339 DEBUG nufft passed real_type for signal, converting
2021-02-27 14:47:01,357 DEBUG FinufftPlan adjusted eps=1.1920928955078125e-07 from requested 1e-08.
2021-02-27 14:47:01,587 DEBUG Corresponding type is already real float32.
2021-02-27 14:47:01,587 DEBUG nufft passed real_type for signal, converting
2021-02-27 14:47:01,604 DEBUG FinufftPlan adjusted eps=1.1920928955078125e-07 from requested 1e-08.
2021-02-27 14:47:01,834 DEBUG Corresponding type is already real float32.
2021-02-27 14:47:01,834 DEBUG nufft passed real_type for signal, converting
2021-02-27 14:47:01,852 DEBUG FinufftPlan adjusted eps=1.1920928955078125e-07 from requested 1e-08.
2021-02-27 14:47:02,090 DEBUG Corresponding type is already real float32.
2021-02-27 14:47:02,090 DEBUG nufft passed real_type for signal, converting
2021-02-27 14:47:02,113 DEBUG FinufftPlan adjusted eps=1.1920928955078125e-07 from requested 1e-08.
2021-02-27 14:47:02,915 DEBUG Corresponding type is already real float32.
2021-02-27 14:47:02,915 DEBUG nufft passed real_type for signal, converting
2021-02-27 14:47:02,927 DEBUG FinufftPlan adjusted eps=1.1920928955078125e-07 from requested 1e-08.
2021-02-27 14:47:03,165 DEBUG Corresponding type is already real float32.
2021-02-27 14:47:03,165 DEBUG nufft passed real_type for signal, converting
2021-02-27 14:47:03,182 DEBUG FinufftPlan adjusted eps=1.1920928955078125e-07 from requested 1e-08.
2021-02-27 14:47:03,413 DEBUG Corresponding type is already real float32.
2021-02-27 14:47:03,413 DEBUG nufft passed real_type for signal, converting
2021-02-27 14:47:03,431 DEBUG FinufftPlan adjusted eps=1.1920928955078125e-07 from requested 1e-08.
2021-02-27 14:47:03,655 DEBUG Corresponding type is already real float32.
2021-02-27 14:47:03,655 DEBUG nufft passed real_type for signal, converting
2021-02-27 14:47:03,673 DEBUG FinufftPlan adjusted eps=1.1920928955078125e-07 from requested 1e-08.
2021-02-27 14:47:03,907 DEBUG Corresponding type is already real float32.
2021-02-27 14:47:03,908 DEBUG nufft passed real_type for signal, converting
2021-02-27 14:47:03,926 DEBUG FinufftPlan adjusted eps=1.1920928955078125e-07 from requested 1e-08.
2021-02-27 14:47:04,157 DEBUG Corresponding type is already real float32.
2021-02-27 14:47:04,157 DEBUG nufft passed real_type for signal, converting
2021-02-27 14:47:04,175 DEBUG FinufftPlan adjusted eps=1.1920928955078125e-07 from requested 1e-08.
2021-02-27 14:47:04,447 DEBUG Corresponding type is already real float32.
2021-02-27 14:47:04,447 DEBUG nufft passed real_type for signal, converting
2021-02-27 14:47:04,465 DEBUG FinufftPlan adjusted eps=1.1920928955078125e-07 from requested 1e-08.
2021-02-27 14:47:04,823 INFO Iteration 20 | Cost = 3.776759909330878e-10 | Relative Error = 0.2468224536410343
2021-02-27 14:47:04,823 INFO Iteration 20 | Relative Error u = 0.24700509011745453 | Relative Error g = 0.001364437356389473
