2021-02-25 11:13:04,073 DEBUG Using fontManager instance from /Users/wdiepeveen/.matplotlib/fontlist-v330.json
2021-02-25 11:13:04,421 DEBUG Loaded backend module://backend_interagg version unknown.
2021-02-25 11:13:04,848 INFO This script illustrates orientation refinement using lRCPA as primal-dual splitting method
2021-02-25 11:13:04,856 DEBUG Corresponding type is already real float32.
2021-02-25 11:13:04,856 DEBUG nufft passed real_type for signal, converting
2021-02-25 11:13:04,856 INFO Trying NFFT backend finufft
2021-02-25 11:13:04,862 INFO NFFT backend finufft usable.
2021-02-25 11:13:04,862 INFO Trying NFFT backend cufinufft
2021-02-25 11:13:04,862 INFO NFFT backend cufinufft not usable:
	No module named 'pycuda'
2021-02-25 11:13:04,862 INFO Trying NFFT backend pynfft
2021-02-25 11:13:04,863 INFO NFFT backend pynfft not usable:
	No module named 'pynfft'
2021-02-25 11:13:04,863 INFO Selected NFFT backend = finufft.
2021-02-25 11:13:04,866 DEBUG FinufftPlan adjusted eps=1.1920928955078125e-07 from requested 1e-08.
2021-02-25 11:13:05,026 INFO Applying forward transformations in pipeline
2021-02-25 11:13:05,026 INFO All forward transformations applied
2021-02-25 11:13:05,027 INFO Loaded 128 images
2021-02-25 11:13:05,058 INFO ========= Iteration 1 =========
2021-02-25 11:13:05,058 INFO Iteration 1 | descent step u
2021-02-25 11:13:05,064 DEBUG Corresponding type is already real float32.
2021-02-25 11:13:05,064 DEBUG nufft passed real_type for signal, converting
2021-02-25 11:13:05,069 DEBUG FinufftPlan adjusted eps=1.1920928955078125e-07 from requested 1e-08.
2021-02-25 11:13:05,198 DEBUG Corresponding type is already complex complex64.
2021-02-25 11:13:05,202 DEBUG FinufftPlan adjusted eps=1.1920928955078125e-07 from requested 1e-08.
2021-02-25 11:13:05,224 INFO Determined adjoint mappings. Shape = (33, 33, 33)
2021-02-25 11:13:05,228 INFO Iteration 1 | primal-dual step g
2021-02-25 11:13:05,235 DEBUG Corresponding type is already real float32.
2021-02-25 11:13:05,236 DEBUG nufft passed real_type for signal, converting
2021-02-25 11:13:05,239 DEBUG FinufftPlan adjusted eps=1.1920928955078125e-07 from requested 1e-08.
2021-02-25 11:13:05,328 DEBUG Corresponding type is already real float32.
2021-02-25 11:13:05,328 DEBUG nufft passed real_type for signal, converting
2021-02-25 11:13:05,333 DEBUG FinufftPlan adjusted eps=1.1920928955078125e-07 from requested 1e-08.
2021-02-25 11:13:05,416 DEBUG Corresponding type is already real float32.
2021-02-25 11:13:05,416 DEBUG nufft passed real_type for signal, converting
2021-02-25 11:13:05,421 DEBUG FinufftPlan adjusted eps=1.1920928955078125e-07 from requested 1e-08.
2021-02-25 11:13:05,511 DEBUG Corresponding type is already real float32.
2021-02-25 11:13:05,511 DEBUG nufft passed real_type for signal, converting
2021-02-25 11:13:05,516 DEBUG FinufftPlan adjusted eps=1.1920928955078125e-07 from requested 1e-08.
2021-02-25 11:13:05,601 DEBUG Corresponding type is already real float32.
2021-02-25 11:13:05,601 DEBUG nufft passed real_type for signal, converting
2021-02-25 11:13:05,605 DEBUG FinufftPlan adjusted eps=1.1920928955078125e-07 from requested 1e-08.
2021-02-25 11:13:05,691 DEBUG Corresponding type is already real float32.
2021-02-25 11:13:05,691 DEBUG nufft passed real_type for signal, converting
2021-02-25 11:13:05,696 DEBUG FinufftPlan adjusted eps=1.1920928955078125e-07 from requested 1e-08.
2021-02-25 11:13:06,369 DEBUG Corresponding type is already real float32.
2021-02-25 11:13:06,369 DEBUG nufft passed real_type for signal, converting
2021-02-25 11:13:06,373 DEBUG FinufftPlan adjusted eps=1.1920928955078125e-07 from requested 1e-08.
2021-02-25 11:13:06,468 DEBUG Corresponding type is already real float32.
2021-02-25 11:13:06,468 DEBUG nufft passed real_type for signal, converting
2021-02-25 11:13:06,473 DEBUG FinufftPlan adjusted eps=1.1920928955078125e-07 from requested 1e-08.
2021-02-25 11:13:06,555 DEBUG Corresponding type is already real float32.
2021-02-25 11:13:06,555 DEBUG nufft passed real_type for signal, converting
2021-02-25 11:13:06,560 DEBUG FinufftPlan adjusted eps=1.1920928955078125e-07 from requested 1e-08.
2021-02-25 11:13:06,644 DEBUG Corresponding type is already real float32.
2021-02-25 11:13:06,644 DEBUG nufft passed real_type for signal, converting
2021-02-25 11:13:06,649 DEBUG FinufftPlan adjusted eps=1.1920928955078125e-07 from requested 1e-08.
2021-02-25 11:13:06,729 DEBUG Corresponding type is already real float32.
2021-02-25 11:13:06,729 DEBUG nufft passed real_type for signal, converting
2021-02-25 11:13:06,734 DEBUG FinufftPlan adjusted eps=1.1920928955078125e-07 from requested 1e-08.
2021-02-25 11:13:06,818 DEBUG Corresponding type is already real float32.
2021-02-25 11:13:06,818 DEBUG nufft passed real_type for signal, converting
2021-02-25 11:13:06,824 DEBUG FinufftPlan adjusted eps=1.1920928955078125e-07 from requested 1e-08.
2021-02-25 11:13:06,914 DEBUG Corresponding type is already real float32.
2021-02-25 11:13:06,914 DEBUG nufft passed real_type for signal, converting
2021-02-25 11:13:06,919 DEBUG FinufftPlan adjusted eps=1.1920928955078125e-07 from requested 1e-08.
2021-02-25 11:13:07,193 INFO Iteration 1 | Cost = 7.567032239237793e-10 | Relative Error = 1.0
2021-02-25 11:13:07,194 INFO Iteration 1 | Relative Error u = 1.0 | Relative Error g = 1.0
2021-02-25 11:13:07,194 INFO ========= Iteration 2 =========
2021-02-25 11:13:07,194 INFO Iteration 2 | descent step u
2021-02-25 11:13:07,198 DEBUG Corresponding type is already real float32.
2021-02-25 11:13:07,199 DEBUG nufft passed real_type for signal, converting
2021-02-25 11:13:07,202 DEBUG FinufftPlan adjusted eps=1.1920928955078125e-07 from requested 1e-08.
2021-02-25 11:13:07,347 DEBUG Corresponding type is already complex complex64.
2021-02-25 11:13:07,352 DEBUG FinufftPlan adjusted eps=1.1920928955078125e-07 from requested 1e-08.
2021-02-25 11:13:07,373 INFO Determined adjoint mappings. Shape = (33, 33, 33)
2021-02-25 11:13:07,377 INFO Iteration 2 | primal-dual step g
2021-02-25 11:13:07,386 DEBUG Corresponding type is already real float32.
2021-02-25 11:13:07,386 DEBUG nufft passed real_type for signal, converting
2021-02-25 11:13:07,389 DEBUG FinufftPlan adjusted eps=1.1920928955078125e-07 from requested 1e-08.
2021-02-25 11:13:07,471 DEBUG Corresponding type is already real float32.
2021-02-25 11:13:07,471 DEBUG nufft passed real_type for signal, converting
2021-02-25 11:13:07,475 DEBUG FinufftPlan adjusted eps=1.1920928955078125e-07 from requested 1e-08.
2021-02-25 11:13:07,562 DEBUG Corresponding type is already real float32.
2021-02-25 11:13:07,562 DEBUG nufft passed real_type for signal, converting
2021-02-25 11:13:07,568 DEBUG FinufftPlan adjusted eps=1.1920928955078125e-07 from requested 1e-08.
2021-02-25 11:13:07,649 DEBUG Corresponding type is already real float32.
2021-02-25 11:13:07,649 DEBUG nufft passed real_type for signal, converting
2021-02-25 11:13:07,655 DEBUG FinufftPlan adjusted eps=1.1920928955078125e-07 from requested 1e-08.
2021-02-25 11:13:07,742 DEBUG Corresponding type is already real float32.
2021-02-25 11:13:07,742 DEBUG nufft passed real_type for signal, converting
2021-02-25 11:13:07,747 DEBUG FinufftPlan adjusted eps=1.1920928955078125e-07 from requested 1e-08.
2021-02-25 11:13:07,830 DEBUG Corresponding type is already real float32.
2021-02-25 11:13:07,830 DEBUG nufft passed real_type for signal, converting
2021-02-25 11:13:07,834 DEBUG FinufftPlan adjusted eps=1.1920928955078125e-07 from requested 1e-08.
2021-02-25 11:13:08,592 DEBUG Corresponding type is already real float32.
2021-02-25 11:13:08,592 DEBUG nufft passed real_type for signal, converting
2021-02-25 11:13:08,596 DEBUG FinufftPlan adjusted eps=1.1920928955078125e-07 from requested 1e-08.
2021-02-25 11:13:08,702 DEBUG Corresponding type is already real float32.
2021-02-25 11:13:08,702 DEBUG nufft passed real_type for signal, converting
2021-02-25 11:13:08,707 DEBUG FinufftPlan adjusted eps=1.1920928955078125e-07 from requested 1e-08.
2021-02-25 11:13:08,795 DEBUG Corresponding type is already real float32.
2021-02-25 11:13:08,795 DEBUG nufft passed real_type for signal, converting
2021-02-25 11:13:08,799 DEBUG FinufftPlan adjusted eps=1.1920928955078125e-07 from requested 1e-08.
2021-02-25 11:13:08,881 DEBUG Corresponding type is already real float32.
2021-02-25 11:13:08,881 DEBUG nufft passed real_type for signal, converting
2021-02-25 11:13:08,887 DEBUG FinufftPlan adjusted eps=1.1920928955078125e-07 from requested 1e-08.
2021-02-25 11:13:08,976 DEBUG Corresponding type is already real float32.
2021-02-25 11:13:08,976 DEBUG nufft passed real_type for signal, converting
2021-02-25 11:13:08,981 DEBUG FinufftPlan adjusted eps=1.1920928955078125e-07 from requested 1e-08.
2021-02-25 11:13:09,063 DEBUG Corresponding type is already real float32.
2021-02-25 11:13:09,063 DEBUG nufft passed real_type for signal, converting
2021-02-25 11:13:09,068 DEBUG FinufftPlan adjusted eps=1.1920928955078125e-07 from requested 1e-08.
2021-02-25 11:13:09,157 DEBUG Corresponding type is already real float32.
2021-02-25 11:13:09,157 DEBUG nufft passed real_type for signal, converting
2021-02-25 11:13:09,162 DEBUG FinufftPlan adjusted eps=1.1920928955078125e-07 from requested 1e-08.
2021-02-25 11:13:09,435 INFO Iteration 2 | Cost = 7.10219399728632e-10 | Relative Error = 0.9509512628927275
2021-02-25 11:13:09,435 INFO Iteration 2 | Relative Error u = 0.9599603414535522 | Relative Error g = 0.015596113680848223
2021-02-25 11:13:09,435 INFO ========= Iteration 3 =========
2021-02-25 11:13:09,435 INFO Iteration 3 | descent step u
2021-02-25 11:13:09,440 DEBUG Corresponding type is already real float32.
2021-02-25 11:13:09,440 DEBUG nufft passed real_type for signal, converting
2021-02-25 11:13:09,443 DEBUG FinufftPlan adjusted eps=1.1920928955078125e-07 from requested 1e-08.
2021-02-25 11:13:09,585 DEBUG Corresponding type is already complex complex64.
2021-02-25 11:13:09,589 DEBUG FinufftPlan adjusted eps=1.1920928955078125e-07 from requested 1e-08.
2021-02-25 11:13:09,610 INFO Determined adjoint mappings. Shape = (33, 33, 33)
2021-02-25 11:13:09,614 INFO Iteration 3 | primal-dual step g
2021-02-25 11:13:09,622 DEBUG Corresponding type is already real float32.
2021-02-25 11:13:09,623 DEBUG nufft passed real_type for signal, converting
2021-02-25 11:13:09,626 DEBUG FinufftPlan adjusted eps=1.1920928955078125e-07 from requested 1e-08.
2021-02-25 11:13:09,725 DEBUG Corresponding type is already real float32.
2021-02-25 11:13:09,726 DEBUG nufft passed real_type for signal, converting
2021-02-25 11:13:09,730 DEBUG FinufftPlan adjusted eps=1.1920928955078125e-07 from requested 1e-08.
2021-02-25 11:13:09,815 DEBUG Corresponding type is already real float32.
2021-02-25 11:13:09,815 DEBUG nufft passed real_type for signal, converting
2021-02-25 11:13:09,821 DEBUG FinufftPlan adjusted eps=1.1920928955078125e-07 from requested 1e-08.
2021-02-25 11:13:09,914 DEBUG Corresponding type is already real float32.
2021-02-25 11:13:09,914 DEBUG nufft passed real_type for signal, converting
2021-02-25 11:13:09,918 DEBUG FinufftPlan adjusted eps=1.1920928955078125e-07 from requested 1e-08.
2021-02-25 11:13:10,002 DEBUG Corresponding type is already real float32.
2021-02-25 11:13:10,003 DEBUG nufft passed real_type for signal, converting
2021-02-25 11:13:10,008 DEBUG FinufftPlan adjusted eps=1.1920928955078125e-07 from requested 1e-08.
2021-02-25 11:13:10,093 DEBUG Corresponding type is already real float32.
2021-02-25 11:13:10,093 DEBUG nufft passed real_type for signal, converting
2021-02-25 11:13:10,097 DEBUG FinufftPlan adjusted eps=1.1920928955078125e-07 from requested 1e-08.
2021-02-25 11:13:10,790 DEBUG Corresponding type is already real float32.
2021-02-25 11:13:10,790 DEBUG nufft passed real_type for signal, converting
2021-02-25 11:13:10,793 DEBUG FinufftPlan adjusted eps=1.1920928955078125e-07 from requested 1e-08.
2021-02-25 11:13:10,888 DEBUG Corresponding type is already real float32.
2021-02-25 11:13:10,888 DEBUG nufft passed real_type for signal, converting
2021-02-25 11:13:10,893 DEBUG FinufftPlan adjusted eps=1.1920928955078125e-07 from requested 1e-08.
2021-02-25 11:13:10,980 DEBUG Corresponding type is already real float32.
2021-02-25 11:13:10,981 DEBUG nufft passed real_type for signal, converting
2021-02-25 11:13:10,985 DEBUG FinufftPlan adjusted eps=1.1920928955078125e-07 from requested 1e-08.
2021-02-25 11:13:11,073 DEBUG Corresponding type is already real float32.
2021-02-25 11:13:11,073 DEBUG nufft passed real_type for signal, converting
2021-02-25 11:13:11,078 DEBUG FinufftPlan adjusted eps=1.1920928955078125e-07 from requested 1e-08.
2021-02-25 11:13:11,169 DEBUG Corresponding type is already real float32.
2021-02-25 11:13:11,170 DEBUG nufft passed real_type for signal, converting
2021-02-25 11:13:11,174 DEBUG FinufftPlan adjusted eps=1.1920928955078125e-07 from requested 1e-08.
2021-02-25 11:13:11,268 DEBUG Corresponding type is already real float32.
2021-02-25 11:13:11,268 DEBUG nufft passed real_type for signal, converting
2021-02-25 11:13:11,273 DEBUG FinufftPlan adjusted eps=1.1920928955078125e-07 from requested 1e-08.
2021-02-25 11:13:11,370 DEBUG Corresponding type is already real float32.
2021-02-25 11:13:11,370 DEBUG nufft passed real_type for signal, converting
2021-02-25 11:13:11,375 DEBUG FinufftPlan adjusted eps=1.1920928955078125e-07 from requested 1e-08.
2021-02-25 11:13:11,667 INFO Iteration 3 | Cost = 6.677565763446657e-10 | Relative Error = 0.9133878222678465
2021-02-25 11:13:11,667 INFO Iteration 3 | Relative Error u = 0.9220433235168457 | Relative Error g = 0.002580972374491649
2021-02-25 11:13:11,667 INFO ========= Iteration 4 =========
2021-02-25 11:13:11,667 INFO Iteration 4 | descent step u
2021-02-25 11:13:11,673 DEBUG Corresponding type is already real float32.
2021-02-25 11:13:11,673 DEBUG nufft passed real_type for signal, converting
2021-02-25 11:13:11,677 DEBUG FinufftPlan adjusted eps=1.1920928955078125e-07 from requested 1e-08.
2021-02-25 11:13:11,820 DEBUG Corresponding type is already complex complex64.
2021-02-25 11:13:11,825 DEBUG FinufftPlan adjusted eps=1.1920928955078125e-07 from requested 1e-08.
2021-02-25 11:13:11,846 INFO Determined adjoint mappings. Shape = (33, 33, 33)
2021-02-25 11:13:11,849 INFO Iteration 4 | primal-dual step g
2021-02-25 11:13:11,858 DEBUG Corresponding type is already real float32.
2021-02-25 11:13:11,858 DEBUG nufft passed real_type for signal, converting
2021-02-25 11:13:11,862 DEBUG FinufftPlan adjusted eps=1.1920928955078125e-07 from requested 1e-08.
2021-02-25 11:13:11,953 DEBUG Corresponding type is already real float32.
2021-02-25 11:13:11,953 DEBUG nufft passed real_type for signal, converting
2021-02-25 11:13:11,958 DEBUG FinufftPlan adjusted eps=1.1920928955078125e-07 from requested 1e-08.
2021-02-25 11:13:12,044 DEBUG Corresponding type is already real float32.
2021-02-25 11:13:12,044 DEBUG nufft passed real_type for signal, converting
2021-02-25 11:13:12,048 DEBUG FinufftPlan adjusted eps=1.1920928955078125e-07 from requested 1e-08.
2021-02-25 11:13:12,130 DEBUG Corresponding type is already real float32.
2021-02-25 11:13:12,130 DEBUG nufft passed real_type for signal, converting
2021-02-25 11:13:12,134 DEBUG FinufftPlan adjusted eps=1.1920928955078125e-07 from requested 1e-08.
2021-02-25 11:13:12,221 DEBUG Corresponding type is already real float32.
2021-02-25 11:13:12,221 DEBUG nufft passed real_type for signal, converting
2021-02-25 11:13:12,226 DEBUG FinufftPlan adjusted eps=1.1920928955078125e-07 from requested 1e-08.
2021-02-25 11:13:12,311 DEBUG Corresponding type is already real float32.
2021-02-25 11:13:12,312 DEBUG nufft passed real_type for signal, converting
2021-02-25 11:13:12,316 DEBUG FinufftPlan adjusted eps=1.1920928955078125e-07 from requested 1e-08.
2021-02-25 11:13:13,038 DEBUG Corresponding type is already real float32.
2021-02-25 11:13:13,038 DEBUG nufft passed real_type for signal, converting
2021-02-25 11:13:13,042 DEBUG FinufftPlan adjusted eps=1.1920928955078125e-07 from requested 1e-08.
2021-02-25 11:13:13,143 DEBUG Corresponding type is already real float32.
2021-02-25 11:13:13,144 DEBUG nufft passed real_type for signal, converting
2021-02-25 11:13:13,148 DEBUG FinufftPlan adjusted eps=1.1920928955078125e-07 from requested 1e-08.
2021-02-25 11:13:13,243 DEBUG Corresponding type is already real float32.
2021-02-25 11:13:13,243 DEBUG nufft passed real_type for signal, converting
2021-02-25 11:13:13,248 DEBUG FinufftPlan adjusted eps=1.1920928955078125e-07 from requested 1e-08.
2021-02-25 11:13:13,335 DEBUG Corresponding type is already real float32.
2021-02-25 11:13:13,335 DEBUG nufft passed real_type for signal, converting
2021-02-25 11:13:13,340 DEBUG FinufftPlan adjusted eps=1.1920928955078125e-07 from requested 1e-08.
2021-02-25 11:13:13,434 DEBUG Corresponding type is already real float32.
2021-02-25 11:13:13,434 DEBUG nufft passed real_type for signal, converting
2021-02-25 11:13:13,439 DEBUG FinufftPlan adjusted eps=1.1920928955078125e-07 from requested 1e-08.
2021-02-25 11:13:13,528 DEBUG Corresponding type is already real float32.
2021-02-25 11:13:13,529 DEBUG nufft passed real_type for signal, converting
2021-02-25 11:13:13,533 DEBUG FinufftPlan adjusted eps=1.1920928955078125e-07 from requested 1e-08.
2021-02-25 11:13:13,625 DEBUG Corresponding type is already real float32.
2021-02-25 11:13:13,625 DEBUG nufft passed real_type for signal, converting
2021-02-25 11:13:13,629 DEBUG FinufftPlan adjusted eps=1.1920928955078125e-07 from requested 1e-08.
2021-02-25 11:13:13,923 INFO Iteration 4 | Cost = 6.289491336991357e-10 | Relative Error = 0.8777947176791555
2021-02-25 11:13:13,923 INFO Iteration 4 | Relative Error u = 0.8861128687858582 | Relative Error g = 0.002600422482966354
2021-02-25 11:13:13,923 INFO ========= Iteration 5 =========
2021-02-25 11:13:13,923 INFO Iteration 5 | descent step u
2021-02-25 11:13:13,930 DEBUG Corresponding type is already real float32.
2021-02-25 11:13:13,930 DEBUG nufft passed real_type for signal, converting
2021-02-25 11:13:13,934 DEBUG FinufftPlan adjusted eps=1.1920928955078125e-07 from requested 1e-08.
2021-02-25 11:13:14,087 DEBUG Corresponding type is already complex complex64.
2021-02-25 11:13:14,096 DEBUG FinufftPlan adjusted eps=1.1920928955078125e-07 from requested 1e-08.
2021-02-25 11:13:14,153 INFO Determined adjoint mappings. Shape = (33, 33, 33)
2021-02-25 11:13:14,161 INFO Iteration 5 | primal-dual step g
2021-02-25 11:13:14,171 DEBUG Corresponding type is already real float32.
2021-02-25 11:13:14,171 DEBUG nufft passed real_type for signal, converting
2021-02-25 11:13:14,175 DEBUG FinufftPlan adjusted eps=1.1920928955078125e-07 from requested 1e-08.
2021-02-25 11:13:14,275 DEBUG Corresponding type is already real float32.
2021-02-25 11:13:14,276 DEBUG nufft passed real_type for signal, converting
2021-02-25 11:13:14,281 DEBUG FinufftPlan adjusted eps=1.1920928955078125e-07 from requested 1e-08.
2021-02-25 11:13:14,379 DEBUG Corresponding type is already real float32.
2021-02-25 11:13:14,379 DEBUG nufft passed real_type for signal, converting
2021-02-25 11:13:14,383 DEBUG FinufftPlan adjusted eps=1.1920928955078125e-07 from requested 1e-08.
2021-02-25 11:13:14,481 DEBUG Corresponding type is already real float32.
2021-02-25 11:13:14,481 DEBUG nufft passed real_type for signal, converting
2021-02-25 11:13:14,486 DEBUG FinufftPlan adjusted eps=1.1920928955078125e-07 from requested 1e-08.
2021-02-25 11:13:14,587 DEBUG Corresponding type is already real float32.
2021-02-25 11:13:14,587 DEBUG nufft passed real_type for signal, converting
2021-02-25 11:13:14,592 DEBUG FinufftPlan adjusted eps=1.1920928955078125e-07 from requested 1e-08.
2021-02-25 11:13:14,690 DEBUG Corresponding type is already real float32.
2021-02-25 11:13:14,690 DEBUG nufft passed real_type for signal, converting
2021-02-25 11:13:14,696 DEBUG FinufftPlan adjusted eps=1.1920928955078125e-07 from requested 1e-08.
2021-02-25 11:13:15,460 DEBUG Corresponding type is already real float32.
2021-02-25 11:13:15,460 DEBUG nufft passed real_type for signal, converting
2021-02-25 11:13:15,465 DEBUG FinufftPlan adjusted eps=1.1920928955078125e-07 from requested 1e-08.
2021-02-25 11:13:15,567 DEBUG Corresponding type is already real float32.
2021-02-25 11:13:15,567 DEBUG nufft passed real_type for signal, converting
2021-02-25 11:13:15,572 DEBUG FinufftPlan adjusted eps=1.1920928955078125e-07 from requested 1e-08.
2021-02-25 11:13:15,655 DEBUG Corresponding type is already real float32.
2021-02-25 11:13:15,656 DEBUG nufft passed real_type for signal, converting
2021-02-25 11:13:15,661 DEBUG FinufftPlan adjusted eps=1.1920928955078125e-07 from requested 1e-08.
2021-02-25 11:13:15,746 DEBUG Corresponding type is already real float32.
2021-02-25 11:13:15,746 DEBUG nufft passed real_type for signal, converting
2021-02-25 11:13:15,750 DEBUG FinufftPlan adjusted eps=1.1920928955078125e-07 from requested 1e-08.
2021-02-25 11:13:15,901 DEBUG Corresponding type is already real float32.
2021-02-25 11:13:15,902 DEBUG nufft passed real_type for signal, converting
2021-02-25 11:13:15,906 DEBUG FinufftPlan adjusted eps=1.1920928955078125e-07 from requested 1e-08.
2021-02-25 11:13:16,002 DEBUG Corresponding type is already real float32.
2021-02-25 11:13:16,002 DEBUG nufft passed real_type for signal, converting
2021-02-25 11:13:16,007 DEBUG FinufftPlan adjusted eps=1.1920928955078125e-07 from requested 1e-08.
2021-02-25 11:13:16,107 DEBUG Corresponding type is already real float32.
2021-02-25 11:13:16,107 DEBUG nufft passed real_type for signal, converting
2021-02-25 11:13:16,111 DEBUG FinufftPlan adjusted eps=1.1920928955078125e-07 from requested 1e-08.
2021-02-25 11:13:16,392 INFO Iteration 5 | Cost = 5.934673369518086e-10 | Relative Error = 0.8440428075696528
2021-02-25 11:13:16,392 INFO Iteration 5 | Relative Error u = 0.8520411252975464 | Relative Error g = 0.00262236623006602
