2021-02-27 14:14:11,187 INFO This script illustrates images at different SNR levels
2021-02-27 14:14:11,189 INFO Initialize simulation object and CTF filters.
2021-02-27 14:14:11,189 INFO Load 3D map and downsample 3D map to desired grids of 33 x 33 x 33.
2021-02-27 14:14:11,906 INFO Use downsampled map to creat simulation object.
2021-02-27 14:14:11,925 DEBUG Corresponding type is already real float32.
2021-02-27 14:14:11,925 DEBUG nufft passed real_type for signal, converting
2021-02-27 14:14:11,925 INFO Trying NFFT backend finufft
2021-02-27 14:14:11,930 INFO NFFT backend finufft usable.
2021-02-27 14:14:11,930 INFO Trying NFFT backend cufinufft
2021-02-27 14:14:11,931 INFO NFFT backend cufinufft not usable:
	No module named 'pycuda'
2021-02-27 14:14:11,931 INFO Trying NFFT backend pynfft
2021-02-27 14:14:11,931 INFO NFFT backend pynfft not usable:
	No module named 'pynfft'
2021-02-27 14:14:11,931 INFO Selected NFFT backend = finufft.
2021-02-27 14:14:11,934 DEBUG FinufftPlan adjusted eps=1.1920928955078125e-07 from requested 1e-08.
2021-02-27 14:14:12,089 DEBUG Corresponding type is already real float32.
2021-02-27 14:14:12,089 DEBUG nufft passed real_type for signal, converting
2021-02-27 14:14:12,093 DEBUG FinufftPlan adjusted eps=1.1920928955078125e-07 from requested 1e-08.
2021-02-27 14:14:12,635 INFO Applying forward transformations in pipeline
2021-02-27 14:14:12,635 INFO All forward transformations applied
2021-02-27 14:14:12,635 INFO Loaded 128 images
2021-02-27 14:14:12,641 DEBUG Corresponding type is already real float32.
2021-02-27 14:14:12,641 DEBUG nufft passed real_type for signal, converting
2021-02-27 14:14:12,644 DEBUG FinufftPlan adjusted eps=1.1920928955078125e-07 from requested 1e-08.
2021-02-27 14:14:12,728 DEBUG Corresponding type is already real float32.
2021-02-27 14:14:12,728 DEBUG nufft passed real_type for signal, converting
2021-02-27 14:14:12,728 DEBUG FinufftPlan adjusted eps=1.1920928955078125e-07 from requested 1e-08.
2021-02-27 14:14:12,910 INFO Applying forward transformations in pipeline
2021-02-27 14:14:12,910 INFO All forward transformations applied
2021-02-27 14:14:12,910 INFO Loaded 3 images
