2021-02-16 10:58:36,751 DEBUG Using fontManager instance from /Users/wdiepeveen/.matplotlib/fontlist-v330.json
2021-02-16 10:58:36,960 INFO This script illustrates orientation refinement using lRCPA as primal-dual splitting method
2021-02-16 10:58:36,970 DEBUG Corresponding type is already real float32.
2021-02-16 10:58:36,971 DEBUG nufft passed real_type for signal, converting
2021-02-16 10:58:36,971 INFO Trying NFFT backend finufft
2021-02-16 10:58:36,978 INFO NFFT backend finufft usable.
2021-02-16 10:58:36,978 INFO Trying NFFT backend cufinufft
2021-02-16 10:58:36,979 INFO NFFT backend cufinufft not usable:
	No module named 'pycuda'
2021-02-16 10:58:36,979 INFO Trying NFFT backend pynfft
2021-02-16 10:58:36,979 INFO NFFT backend pynfft not usable:
	No module named 'pynfft'
2021-02-16 10:58:36,979 INFO Selected NFFT backend = finufft.
2021-02-16 10:58:36,982 DEBUG FinufftPlan adjusted eps=1.1920928955078125e-07 from requested 1e-08.
2021-02-16 10:58:37,155 INFO Applying forward transformations in pipeline
2021-02-16 10:58:37,156 INFO All forward transformations applied
2021-02-16 10:58:37,156 INFO Loaded 128 images
2021-02-16 10:58:37,157 WARNING PrimalDualProblem vols.dtype float64 != self.dtype float32. In the future this will raise an error.
2021-02-16 10:58:37,184 INFO Testing data fidelity
2021-02-16 10:58:37,187 WARNING Volume rot_matrices.dtype float32 != self.dtype float64. In the future this will raise an error.
2021-02-16 10:58:37,193 DEBUG Corresponding type is already real float64.
2021-02-16 10:58:37,193 WARNING nufft passed inconsistent dtypes. fourier_pts: float32 forcing precision of signal data: float64.
2021-02-16 10:58:37,193 DEBUG Corresponding type is already real float64.
2021-02-16 10:58:37,195 DEBUG nufft passed real_type for signal, converting
2021-02-16 10:58:37,350 INFO Testing grad norm fidelity
2021-02-16 10:58:37,352 INFO Testing rotation fidelity
2021-02-16 10:58:37,567 INFO Testing differential
2021-02-16 10:58:37,575 WARNING Volume rot_matrices.dtype float32 != self.dtype float64. In the future this will raise an error.
2021-02-16 10:58:37,581 DEBUG Corresponding type is already real float64.
2021-02-16 10:58:37,581 WARNING nufft passed inconsistent dtypes. fourier_pts: float32 forcing precision of signal data: float64.
2021-02-16 10:58:37,581 DEBUG Corresponding type is already real float64.
2021-02-16 10:58:37,582 DEBUG nufft passed real_type for signal, converting
