2021-03-01 11:16:51,708 INFO This script illustrates orientation refinement using lRCPA as primal-dual splitting method
2021-03-01 11:16:51,783 DEBUG Corresponding type is already real float32.
2021-03-01 11:16:51,783 DEBUG nufft passed real_type for signal, converting
2021-03-01 11:16:51,785 INFO Trying NFFT backend finufft
2021-03-01 11:16:51,790 INFO NFFT backend finufft usable.
2021-03-01 11:16:51,791 INFO Trying NFFT backend cufinufft
2021-03-01 11:16:51,791 INFO NFFT backend cufinufft not usable:
	No module named 'pycuda'
2021-03-01 11:16:51,791 INFO Trying NFFT backend pynfft
2021-03-01 11:16:51,791 INFO NFFT backend pynfft not usable:
	No module named 'pynfft'
2021-03-01 11:16:51,791 INFO Selected NFFT backend = finufft.
2021-03-01 11:16:51,804 DEBUG FinufftPlan adjusted eps=1.1920928955078125e-07 from requested 1e-08.
2021-03-01 11:16:52,131 INFO Applying forward transformations in pipeline
2021-03-01 11:16:52,131 INFO All forward transformations applied
2021-03-01 11:16:52,131 INFO Loaded 128 images
2021-03-01 11:16:52,152 INFO ========= Iteration 1 =========
2021-03-01 11:16:52,152 INFO Iteration 1 | descent step u
2021-03-01 11:16:52,182 DEBUG Corresponding type is already real float32.
2021-03-01 11:16:52,182 DEBUG nufft passed real_type for signal, converting
2021-03-01 11:16:52,196 DEBUG FinufftPlan adjusted eps=1.1920928955078125e-07 from requested 1e-08.
2021-03-01 11:16:52,568 DEBUG Corresponding type is already complex complex64.
2021-03-01 11:16:52,582 DEBUG FinufftPlan adjusted eps=1.1920928955078125e-07 from requested 1e-08.
2021-03-01 11:16:52,684 INFO Determined adjoint mappings. Shape = (65, 65, 65)
2021-03-01 11:16:52,695 INFO Iteration 1 | primal-dual step g
2021-03-01 11:16:52,749 DEBUG Corresponding type is already real float32.
2021-03-01 11:16:52,749 DEBUG nufft passed real_type for signal, converting
2021-03-01 11:16:52,764 DEBUG FinufftPlan adjusted eps=1.1920928955078125e-07 from requested 1e-08.
2021-03-01 11:16:53,029 DEBUG Corresponding type is already real float32.
2021-03-01 11:16:53,029 DEBUG nufft passed real_type for signal, converting
2021-03-01 11:16:53,050 DEBUG FinufftPlan adjusted eps=1.1920928955078125e-07 from requested 1e-08.
2021-03-01 11:16:53,303 DEBUG Corresponding type is already real float32.
2021-03-01 11:16:53,303 DEBUG nufft passed real_type for signal, converting
2021-03-01 11:16:53,322 DEBUG FinufftPlan adjusted eps=1.1920928955078125e-07 from requested 1e-08.
2021-03-01 11:16:53,604 DEBUG Corresponding type is already real float32.
2021-03-01 11:16:53,604 DEBUG nufft passed real_type for signal, converting
2021-03-01 11:16:53,623 DEBUG FinufftPlan adjusted eps=1.1920928955078125e-07 from requested 1e-08.
2021-03-01 11:16:53,851 DEBUG Corresponding type is already real float32.
2021-03-01 11:16:53,851 DEBUG nufft passed real_type for signal, converting
2021-03-01 11:16:53,870 DEBUG FinufftPlan adjusted eps=1.1920928955078125e-07 from requested 1e-08.
2021-03-01 11:16:54,125 DEBUG Corresponding type is already real float32.
2021-03-01 11:16:54,125 DEBUG nufft passed real_type for signal, converting
2021-03-01 11:16:54,148 DEBUG FinufftPlan adjusted eps=1.1920928955078125e-07 from requested 1e-08.
2021-03-01 11:16:55,002 DEBUG Corresponding type is already real float32.
2021-03-01 11:16:55,002 DEBUG nufft passed real_type for signal, converting
2021-03-01 11:16:55,016 DEBUG FinufftPlan adjusted eps=1.1920928955078125e-07 from requested 1e-08.
2021-03-01 11:16:55,256 DEBUG Corresponding type is already real float32.
2021-03-01 11:16:55,257 DEBUG nufft passed real_type for signal, converting
2021-03-01 11:16:55,280 DEBUG FinufftPlan adjusted eps=1.1920928955078125e-07 from requested 1e-08.
2021-03-01 11:16:55,516 DEBUG Corresponding type is already real float32.
2021-03-01 11:16:55,516 DEBUG nufft passed real_type for signal, converting
2021-03-01 11:16:55,535 DEBUG FinufftPlan adjusted eps=1.1920928955078125e-07 from requested 1e-08.
2021-03-01 11:16:55,763 DEBUG Corresponding type is already real float32.
2021-03-01 11:16:55,764 DEBUG nufft passed real_type for signal, converting
2021-03-01 11:16:55,787 DEBUG FinufftPlan adjusted eps=1.1920928955078125e-07 from requested 1e-08.
2021-03-01 11:16:56,028 DEBUG Corresponding type is already real float32.
2021-03-01 11:16:56,028 DEBUG nufft passed real_type for signal, converting
2021-03-01 11:16:56,047 DEBUG FinufftPlan adjusted eps=1.1920928955078125e-07 from requested 1e-08.
2021-03-01 11:16:56,301 DEBUG Corresponding type is already real float32.
2021-03-01 11:16:56,301 DEBUG nufft passed real_type for signal, converting
2021-03-01 11:16:56,323 DEBUG FinufftPlan adjusted eps=1.1920928955078125e-07 from requested 1e-08.
2021-03-01 11:16:56,585 DEBUG Corresponding type is already real float32.
2021-03-01 11:16:56,585 DEBUG nufft passed real_type for signal, converting
2021-03-01 11:16:56,602 DEBUG FinufftPlan adjusted eps=1.1920928955078125e-07 from requested 1e-08.
2021-03-01 11:16:57,005 INFO Iteration 1 | Cost = 4.5552274856203097e-10 | Relative Error = 1.0
2021-03-01 11:16:57,005 INFO Iteration 1 | Relative Error u = 1.0 | Relative Error g = 1.0
2021-03-01 11:16:57,005 INFO ========= Iteration 2 =========
2021-03-01 11:16:57,005 INFO Iteration 2 | descent step u
2021-03-01 11:16:57,038 DEBUG Corresponding type is already real float32.
2021-03-01 11:16:57,038 DEBUG nufft passed real_type for signal, converting
2021-03-01 11:16:57,056 DEBUG FinufftPlan adjusted eps=1.1920928955078125e-07 from requested 1e-08.
2021-03-01 11:16:57,381 DEBUG Corresponding type is already complex complex64.
2021-03-01 11:16:57,392 DEBUG FinufftPlan adjusted eps=1.1920928955078125e-07 from requested 1e-08.
2021-03-01 11:16:57,485 INFO Determined adjoint mappings. Shape = (65, 65, 65)
2021-03-01 11:16:57,497 INFO Iteration 2 | primal-dual step g
2021-03-01 11:16:57,544 DEBUG Corresponding type is already real float32.
2021-03-01 11:16:57,544 DEBUG nufft passed real_type for signal, converting
2021-03-01 11:16:57,559 DEBUG FinufftPlan adjusted eps=1.1920928955078125e-07 from requested 1e-08.
2021-03-01 11:16:57,805 DEBUG Corresponding type is already real float32.
2021-03-01 11:16:57,805 DEBUG nufft passed real_type for signal, converting
2021-03-01 11:16:57,824 DEBUG FinufftPlan adjusted eps=1.1920928955078125e-07 from requested 1e-08.
2021-03-01 11:16:58,076 DEBUG Corresponding type is already real float32.
2021-03-01 11:16:58,077 DEBUG nufft passed real_type for signal, converting
2021-03-01 11:16:58,096 DEBUG FinufftPlan adjusted eps=1.1920928955078125e-07 from requested 1e-08.
2021-03-01 11:16:58,343 DEBUG Corresponding type is already real float32.
2021-03-01 11:16:58,343 DEBUG nufft passed real_type for signal, converting
2021-03-01 11:16:58,363 DEBUG FinufftPlan adjusted eps=1.1920928955078125e-07 from requested 1e-08.
2021-03-01 11:16:58,612 DEBUG Corresponding type is already real float32.
2021-03-01 11:16:58,613 DEBUG nufft passed real_type for signal, converting
2021-03-01 11:16:58,632 DEBUG FinufftPlan adjusted eps=1.1920928955078125e-07 from requested 1e-08.
2021-03-01 11:16:58,884 DEBUG Corresponding type is already real float32.
2021-03-01 11:16:58,884 DEBUG nufft passed real_type for signal, converting
2021-03-01 11:16:58,903 DEBUG FinufftPlan adjusted eps=1.1920928955078125e-07 from requested 1e-08.
2021-03-01 11:16:59,731 DEBUG Corresponding type is already real float32.
2021-03-01 11:16:59,731 DEBUG nufft passed real_type for signal, converting
2021-03-01 11:16:59,743 DEBUG FinufftPlan adjusted eps=1.1920928955078125e-07 from requested 1e-08.
2021-03-01 11:16:59,985 DEBUG Corresponding type is already real float32.
2021-03-01 11:16:59,985 DEBUG nufft passed real_type for signal, converting
2021-03-01 11:17:00,008 DEBUG FinufftPlan adjusted eps=1.1920928955078125e-07 from requested 1e-08.
2021-03-01 11:17:00,251 DEBUG Corresponding type is already real float32.
2021-03-01 11:17:00,251 DEBUG nufft passed real_type for signal, converting
2021-03-01 11:17:00,270 DEBUG FinufftPlan adjusted eps=1.1920928955078125e-07 from requested 1e-08.
2021-03-01 11:17:00,506 DEBUG Corresponding type is already real float32.
2021-03-01 11:17:00,506 DEBUG nufft passed real_type for signal, converting
2021-03-01 11:17:00,526 DEBUG FinufftPlan adjusted eps=1.1920928955078125e-07 from requested 1e-08.
2021-03-01 11:17:00,765 DEBUG Corresponding type is already real float32.
2021-03-01 11:17:00,765 DEBUG nufft passed real_type for signal, converting
2021-03-01 11:17:00,786 DEBUG FinufftPlan adjusted eps=1.1920928955078125e-07 from requested 1e-08.
2021-03-01 11:17:01,021 DEBUG Corresponding type is already real float32.
2021-03-01 11:17:01,021 DEBUG nufft passed real_type for signal, converting
2021-03-01 11:17:01,040 DEBUG FinufftPlan adjusted eps=1.1920928955078125e-07 from requested 1e-08.
2021-03-01 11:17:01,301 DEBUG Corresponding type is already real float32.
2021-03-01 11:17:01,301 DEBUG nufft passed real_type for signal, converting
2021-03-01 11:17:01,319 DEBUG FinufftPlan adjusted eps=1.1920928955078125e-07 from requested 1e-08.
2021-03-01 11:17:01,708 INFO Iteration 2 | Cost = 4.4166930605432006e-10 | Relative Error = 0.9571749357954963
2021-03-01 11:17:01,708 INFO Iteration 2 | Relative Error u = 0.9697312712669373 | Relative Error g = 0.015461879969011555
2021-03-01 11:17:05,761 CRITICAL 'Figure' object has no attribute 'plot'
Traceback:
  File "/Users/wdiepeveen/Documents/PhD/Projects/2 - Cryo-EM/src/src/Cryo-EM/joint_volume_and_rotations.py", line 114, in <module>
    relerror_fig.plot(np.arange(num_its)+1, relerror_u)

