2021-02-17 16:27:54,494 DEBUG Using fontManager instance from /Users/wdiepeveen/.matplotlib/fontlist-v330.json
2021-02-17 16:27:54,739 INFO This script illustrates orientation refinement using lRCPA as primal-dual splitting method
2021-02-17 16:27:54,749 DEBUG Corresponding type is already real float32.
2021-02-17 16:27:54,749 DEBUG nufft passed real_type for signal, converting
2021-02-17 16:27:54,749 INFO Trying NFFT backend finufft
2021-02-17 16:27:54,763 INFO NFFT backend finufft usable.
2021-02-17 16:27:54,764 INFO Trying NFFT backend cufinufft
2021-02-17 16:27:54,765 INFO NFFT backend cufinufft not usable:
	No module named 'pycuda'
2021-02-17 16:27:54,765 INFO Trying NFFT backend pynfft
2021-02-17 16:27:54,765 INFO NFFT backend pynfft not usable:
	No module named 'pynfft'
2021-02-17 16:27:54,767 INFO Selected NFFT backend = finufft.
2021-02-17 16:27:54,772 DEBUG FinufftPlan adjusted eps=1.1920928955078125e-07 from requested 1e-08.
2021-02-17 16:27:54,941 INFO Applying forward transformations in pipeline
2021-02-17 16:27:54,942 INFO All forward transformations applied
2021-02-17 16:27:54,942 INFO Loaded 128 images
2021-02-17 16:27:54,964 INFO ========= Iteration 1 =========
2021-02-17 16:27:54,964 INFO Iteration 1 | descent step u
2021-02-17 16:27:54,971 DEBUG Corresponding type is already real float32.
2021-02-17 16:27:54,971 DEBUG nufft passed real_type for signal, converting
2021-02-17 16:27:54,976 DEBUG FinufftPlan adjusted eps=1.1920928955078125e-07 from requested 1e-08.
2021-02-17 16:27:55,117 DEBUG Corresponding type is already complex complex64.
2021-02-17 16:27:55,122 DEBUG FinufftPlan adjusted eps=1.1920928955078125e-07 from requested 1e-08.
2021-02-17 16:27:55,145 INFO Determined adjoint mappings. Shape = (33, 33, 33)
2021-02-17 16:27:55,150 INFO Iteration 1 | primal-dual step g
2021-02-17 16:27:55,158 DEBUG Corresponding type is already real float32.
2021-02-17 16:27:55,158 DEBUG nufft passed real_type for signal, converting
2021-02-17 16:27:55,162 DEBUG FinufftPlan adjusted eps=1.1920928955078125e-07 from requested 1e-08.
2021-02-17 16:27:55,263 DEBUG Corresponding type is already real float32.
2021-02-17 16:27:55,263 DEBUG nufft passed real_type for signal, converting
2021-02-17 16:27:55,270 DEBUG FinufftPlan adjusted eps=1.1920928955078125e-07 from requested 1e-08.
2021-02-17 16:27:55,360 DEBUG Corresponding type is already real float32.
2021-02-17 16:27:55,360 DEBUG nufft passed real_type for signal, converting
2021-02-17 16:27:55,365 DEBUG FinufftPlan adjusted eps=1.1920928955078125e-07 from requested 1e-08.
2021-02-17 16:27:55,455 DEBUG Corresponding type is already real float32.
2021-02-17 16:27:55,456 DEBUG nufft passed real_type for signal, converting
2021-02-17 16:27:55,460 DEBUG FinufftPlan adjusted eps=1.1920928955078125e-07 from requested 1e-08.
2021-02-17 16:27:55,547 DEBUG Corresponding type is already real float32.
2021-02-17 16:27:55,547 DEBUG nufft passed real_type for signal, converting
2021-02-17 16:27:55,552 DEBUG FinufftPlan adjusted eps=1.1920928955078125e-07 from requested 1e-08.
2021-02-17 16:27:55,633 DEBUG Corresponding type is already real float32.
2021-02-17 16:27:55,633 DEBUG nufft passed real_type for signal, converting
2021-02-17 16:27:55,638 DEBUG FinufftPlan adjusted eps=1.1920928955078125e-07 from requested 1e-08.
2021-02-17 16:27:56,304 DEBUG Corresponding type is already real float32.
2021-02-17 16:27:56,305 DEBUG nufft passed real_type for signal, converting
2021-02-17 16:27:56,308 DEBUG FinufftPlan adjusted eps=1.1920928955078125e-07 from requested 1e-08.
2021-02-17 16:27:56,400 DEBUG Corresponding type is already real float32.
2021-02-17 16:27:56,400 DEBUG nufft passed real_type for signal, converting
2021-02-17 16:27:56,405 DEBUG FinufftPlan adjusted eps=1.1920928955078125e-07 from requested 1e-08.
2021-02-17 16:27:56,498 DEBUG Corresponding type is already real float32.
2021-02-17 16:27:56,498 DEBUG nufft passed real_type for signal, converting
2021-02-17 16:27:56,503 DEBUG FinufftPlan adjusted eps=1.1920928955078125e-07 from requested 1e-08.
2021-02-17 16:27:56,585 DEBUG Corresponding type is already real float32.
2021-02-17 16:27:56,585 DEBUG nufft passed real_type for signal, converting
2021-02-17 16:27:56,589 DEBUG FinufftPlan adjusted eps=1.1920928955078125e-07 from requested 1e-08.
2021-02-17 16:27:56,681 DEBUG Corresponding type is already real float32.
2021-02-17 16:27:56,681 DEBUG nufft passed real_type for signal, converting
2021-02-17 16:27:56,686 DEBUG FinufftPlan adjusted eps=1.1920928955078125e-07 from requested 1e-08.
2021-02-17 16:27:56,783 DEBUG Corresponding type is already real float32.
2021-02-17 16:27:56,784 DEBUG nufft passed real_type for signal, converting
2021-02-17 16:27:56,788 DEBUG FinufftPlan adjusted eps=1.1920928955078125e-07 from requested 1e-08.
2021-02-17 16:27:58,744 CRITICAL 'InnerProductOperator' object has no attribute 'dtype'
Traceback:
  File "/Users/wdiepeveen/Documents/PhD/Projects/2 - Cryo-EM/src/src/Cryo-EM/test.py", line 66, in <module>
    volume = solver.solve()
  File "/Users/wdiepeveen/Documents/PhD/Projects/2 - Cryo-EM/src/src/Cryo-EM/solvers/primal_dual_solver.py", line 115, in solve
    cost = self.get_cost(self.problem)
  File "/Users/wdiepeveen/Documents/PhD/Projects/2 - Cryo-EM/src/src/Cryo-EM/test.py", line 45, in cost_function
    cost = l2_data_fidelity(src) + lam1*l2_grad_norm(src) + lam2*so3_distance(src)
  File "/Users/wdiepeveen/Documents/PhD/Projects/2 - Cryo-EM/src/src/Cryo-EM/functions/cost_functions.py", line 14, in l2_data_fidelity
    res = src.vol_forward(src.vols, 0, np.inf) - src.data
  File "/Users/wdiepeveen/PycharmProjects/Cryo-EM/lib/python3.6/site-packages/aspire/source/__init__.py", line 523, in vol_forward
    im = vol.project(0, self.rots[all_idx, :, :])
  File "/Users/wdiepeveen/PycharmProjects/Cryo-EM/lib/python3.6/site-packages/aspire/volume/__init__.py", line 152, in project
    im_f = nufft(data, pts_rot) / self.resolution
  File "/Users/wdiepeveen/PycharmProjects/Cryo-EM/lib/python3.6/site-packages/aspire/nufft/__init__.py", line 198, in nufft
    if fourier_pts.dtype != real_type(sig_f.dtype):

