2021-02-17 14:04:19,577 DEBUG Using fontManager instance from /Users/wdiepeveen/.matplotlib/fontlist-v330.json
2021-02-17 14:04:19,805 INFO This script illustrates orientation refinement using lRCPA as primal-dual splitting method
2021-02-17 14:04:19,813 DEBUG Corresponding type is already real float32.
2021-02-17 14:04:19,813 DEBUG nufft passed real_type for signal, converting
2021-02-17 14:04:19,813 INFO Trying NFFT backend finufft
2021-02-17 14:04:19,819 INFO NFFT backend finufft usable.
2021-02-17 14:04:19,819 INFO Trying NFFT backend cufinufft
2021-02-17 14:04:19,820 INFO NFFT backend cufinufft not usable:
	No module named 'pycuda'
2021-02-17 14:04:19,820 INFO Trying NFFT backend pynfft
2021-02-17 14:04:19,820 INFO NFFT backend pynfft not usable:
	No module named 'pynfft'
2021-02-17 14:04:19,820 INFO Selected NFFT backend = finufft.
2021-02-17 14:04:19,824 DEBUG FinufftPlan adjusted eps=1.1920928955078125e-07 from requested 1e-08.
2021-02-17 14:04:19,993 INFO Applying forward transformations in pipeline
2021-02-17 14:04:19,993 INFO All forward transformations applied
2021-02-17 14:04:19,993 INFO Loaded 128 images
2021-02-17 14:04:21,816 CRITICAL list index out of range
Traceback:
  File "/Users/wdiepeveen/Documents/PhD/Projects/2 - Cryo-EM/src/src/Cryo-EM/test.py", line 55, in <module>
    volume = solver.solve()
  File "/Users/wdiepeveen/Documents/PhD/Projects/2 - Cryo-EM/src/src/Cryo-EM/solvers/primal_dual_solver.py", line 104, in solve
    while self.relerror_tot[k-1] > self.tol and k <= self.max_it:

