2021-02-16 10:42:09,627 DEBUG Using fontManager instance from /Users/wdiepeveen/.matplotlib/fontlist-v330.json
2021-02-16 10:42:09,864 INFO This script illustrates orientation refinement using lRCPA as primal-dual splitting method
2021-02-16 10:42:09,874 DEBUG Corresponding type is already real float32.
2021-02-16 10:42:09,874 DEBUG nufft passed real_type for signal, converting
2021-02-16 10:42:09,874 INFO Trying NFFT backend finufft
2021-02-16 10:42:09,881 INFO NFFT backend finufft usable.
2021-02-16 10:42:09,881 INFO Trying NFFT backend cufinufft
2021-02-16 10:42:09,881 INFO NFFT backend cufinufft not usable:
	No module named 'pycuda'
2021-02-16 10:42:09,881 INFO Trying NFFT backend pynfft
2021-02-16 10:42:09,882 INFO NFFT backend pynfft not usable:
	No module named 'pynfft'
2021-02-16 10:42:09,882 INFO Selected NFFT backend = finufft.
2021-02-16 10:42:09,885 DEBUG FinufftPlan adjusted eps=1.1920928955078125e-07 from requested 1e-08.
2021-02-16 10:42:10,043 INFO Applying forward transformations in pipeline
2021-02-16 10:42:10,044 INFO All forward transformations applied
2021-02-16 10:42:10,044 INFO Loaded 128 images
2021-02-16 10:42:10,044 WARNING PrimalDualProblem vols.dtype float64 != self.dtype float32. In the future this will raise an error.
2021-02-16 10:42:10,062 INFO Testing data fidelity
2021-02-16 10:42:10,064 WARNING Volume rot_matrices.dtype float32 != self.dtype float64. In the future this will raise an error.
2021-02-16 10:42:10,068 DEBUG Corresponding type is already real float64.
2021-02-16 10:42:10,069 WARNING nufft passed inconsistent dtypes. fourier_pts: float32 forcing precision of signal data: float64.
2021-02-16 10:42:10,069 DEBUG Corresponding type is already real float64.
2021-02-16 10:42:10,070 DEBUG nufft passed real_type for signal, converting
2021-02-16 10:42:10,218 INFO Testing grad norm fidelity
2021-02-16 10:42:10,221 INFO Testing rotation fidelity
2021-02-16 10:42:10,422 INFO Testing differential
2021-02-16 10:42:10,428 WARNING Volume rot_matrices.dtype float32 != self.dtype float64. In the future this will raise an error.
2021-02-16 10:42:10,433 DEBUG Corresponding type is already real float64.
2021-02-16 10:42:10,433 WARNING nufft passed inconsistent dtypes. fourier_pts: float32 forcing precision of signal data: float64.
2021-02-16 10:42:10,433 DEBUG Corresponding type is already real float64.
2021-02-16 10:42:10,435 DEBUG nufft passed real_type for signal, converting
