2021-02-25 11:50:39,276 INFO This script illustrates orientation refinement using lRCPA as primal-dual splitting method
2021-02-25 11:50:39,439 DEBUG Corresponding type is already real float32.
2021-02-25 11:50:39,439 DEBUG nufft passed real_type for signal, converting
2021-02-25 11:50:39,441 INFO Trying NFFT backend finufft
2021-02-25 11:50:39,447 INFO NFFT backend finufft usable.
2021-02-25 11:50:39,447 INFO Trying NFFT backend cufinufft
2021-02-25 11:50:39,448 INFO NFFT backend cufinufft not usable:
	No module named 'pycuda'
2021-02-25 11:50:39,448 INFO Trying NFFT backend pynfft
2021-02-25 11:50:39,448 INFO NFFT backend pynfft not usable:
	No module named 'pynfft'
2021-02-25 11:50:39,448 INFO Selected NFFT backend = finufft.
2021-02-25 11:50:39,462 DEBUG FinufftPlan adjusted eps=1.1920928955078125e-07 from requested 1e-08.
2021-02-25 11:50:39,846 INFO Applying forward transformations in pipeline
2021-02-25 11:50:39,846 INFO All forward transformations applied
2021-02-25 11:50:39,846 INFO Loaded 128 images
2021-02-25 11:50:39,870 INFO ========= Iteration 1 =========
2021-02-25 11:50:39,870 INFO Iteration 1 | descent step u
2021-02-25 11:50:39,926 DEBUG Corresponding type is already real float32.
2021-02-25 11:50:39,926 DEBUG nufft passed real_type for signal, converting
2021-02-25 11:50:39,953 DEBUG FinufftPlan adjusted eps=1.1920928955078125e-07 from requested 1e-08.
2021-02-25 11:50:40,371 DEBUG Corresponding type is already complex complex64.
2021-02-25 11:50:40,384 DEBUG FinufftPlan adjusted eps=1.1920928955078125e-07 from requested 1e-08.
2021-02-25 11:50:40,505 INFO Determined adjoint mappings. Shape = (65, 65, 65)
2021-02-25 11:50:40,517 INFO Iteration 1 | primal-dual step g
2021-02-25 11:50:40,579 DEBUG Corresponding type is already real float32.
2021-02-25 11:50:40,579 DEBUG nufft passed real_type for signal, converting
2021-02-25 11:50:40,595 DEBUG FinufftPlan adjusted eps=1.1920928955078125e-07 from requested 1e-08.
2021-02-25 11:50:40,892 DEBUG Corresponding type is already real float32.
2021-02-25 11:50:40,892 DEBUG nufft passed real_type for signal, converting
2021-02-25 11:50:40,908 DEBUG FinufftPlan adjusted eps=1.1920928955078125e-07 from requested 1e-08.
2021-02-25 11:50:41,194 DEBUG Corresponding type is already real float32.
2021-02-25 11:50:41,194 DEBUG nufft passed real_type for signal, converting
2021-02-25 11:50:41,211 DEBUG FinufftPlan adjusted eps=1.1920928955078125e-07 from requested 1e-08.
2021-02-25 11:50:41,480 DEBUG Corresponding type is already real float32.
2021-02-25 11:50:41,480 DEBUG nufft passed real_type for signal, converting
2021-02-25 11:50:41,499 DEBUG FinufftPlan adjusted eps=1.1920928955078125e-07 from requested 1e-08.
2021-02-25 11:50:41,789 DEBUG Corresponding type is already real float32.
2021-02-25 11:50:41,790 DEBUG nufft passed real_type for signal, converting
2021-02-25 11:50:41,809 DEBUG FinufftPlan adjusted eps=1.1920928955078125e-07 from requested 1e-08.
2021-02-25 11:50:42,074 DEBUG Corresponding type is already real float32.
2021-02-25 11:50:42,075 DEBUG nufft passed real_type for signal, converting
2021-02-25 11:50:42,098 DEBUG FinufftPlan adjusted eps=1.1920928955078125e-07 from requested 1e-08.
2021-02-25 11:50:43,125 DEBUG Corresponding type is already real float32.
2021-02-25 11:50:43,125 DEBUG nufft passed real_type for signal, converting
2021-02-25 11:50:43,141 DEBUG FinufftPlan adjusted eps=1.1920928955078125e-07 from requested 1e-08.
2021-02-25 11:50:43,469 DEBUG Corresponding type is already real float32.
2021-02-25 11:50:43,469 DEBUG nufft passed real_type for signal, converting
2021-02-25 11:50:43,486 DEBUG FinufftPlan adjusted eps=1.1920928955078125e-07 from requested 1e-08.
2021-02-25 11:50:43,747 DEBUG Corresponding type is already real float32.
2021-02-25 11:50:43,747 DEBUG nufft passed real_type for signal, converting
2021-02-25 11:50:43,770 DEBUG FinufftPlan adjusted eps=1.1920928955078125e-07 from requested 1e-08.
2021-02-25 11:50:44,045 DEBUG Corresponding type is already real float32.
2021-02-25 11:50:44,046 DEBUG nufft passed real_type for signal, converting
2021-02-25 11:50:44,070 DEBUG FinufftPlan adjusted eps=1.1920928955078125e-07 from requested 1e-08.
2021-02-25 11:50:44,372 DEBUG Corresponding type is already real float32.
2021-02-25 11:50:44,372 DEBUG nufft passed real_type for signal, converting
2021-02-25 11:50:44,391 DEBUG FinufftPlan adjusted eps=1.1920928955078125e-07 from requested 1e-08.
2021-02-25 11:50:44,678 DEBUG Corresponding type is already real float32.
2021-02-25 11:50:44,678 DEBUG nufft passed real_type for signal, converting
2021-02-25 11:50:44,697 DEBUG FinufftPlan adjusted eps=1.1920928955078125e-07 from requested 1e-08.
2021-02-25 11:50:45,045 DEBUG Corresponding type is already real float32.
2021-02-25 11:50:45,045 DEBUG nufft passed real_type for signal, converting
2021-02-25 11:50:45,064 DEBUG FinufftPlan adjusted eps=1.1920928955078125e-07 from requested 1e-08.
2021-02-25 11:50:45,519 INFO Iteration 1 | Cost = 8.75067634018921e-10 | Relative Error = 1.0
2021-02-25 11:50:45,519 INFO Iteration 1 | Relative Error u = 1.0 | Relative Error g = 1.0
2021-02-25 11:50:45,519 INFO ========= Iteration 2 =========
2021-02-25 11:50:45,519 INFO Iteration 2 | descent step u
2021-02-25 11:50:45,553 DEBUG Corresponding type is already real float32.
2021-02-25 11:50:45,553 DEBUG nufft passed real_type for signal, converting
2021-02-25 11:50:45,570 DEBUG FinufftPlan adjusted eps=1.1920928955078125e-07 from requested 1e-08.
2021-02-25 11:50:45,905 DEBUG Corresponding type is already complex complex64.
2021-02-25 11:50:45,918 DEBUG FinufftPlan adjusted eps=1.1920928955078125e-07 from requested 1e-08.
2021-02-25 11:50:46,017 INFO Determined adjoint mappings. Shape = (65, 65, 65)
2021-02-25 11:50:46,029 INFO Iteration 2 | primal-dual step g
2021-02-25 11:50:46,079 DEBUG Corresponding type is already real float32.
2021-02-25 11:50:46,079 DEBUG nufft passed real_type for signal, converting
2021-02-25 11:50:46,095 DEBUG FinufftPlan adjusted eps=1.1920928955078125e-07 from requested 1e-08.
2021-02-25 11:50:46,372 DEBUG Corresponding type is already real float32.
2021-02-25 11:50:46,372 DEBUG nufft passed real_type for signal, converting
2021-02-25 11:50:46,392 DEBUG FinufftPlan adjusted eps=1.1920928955078125e-07 from requested 1e-08.
2021-02-25 11:50:46,644 DEBUG Corresponding type is already real float32.
2021-02-25 11:50:46,644 DEBUG nufft passed real_type for signal, converting
2021-02-25 11:50:46,666 DEBUG FinufftPlan adjusted eps=1.1920928955078125e-07 from requested 1e-08.
2021-02-25 11:50:46,924 DEBUG Corresponding type is already real float32.
2021-02-25 11:50:46,924 DEBUG nufft passed real_type for signal, converting
2021-02-25 11:50:46,944 DEBUG FinufftPlan adjusted eps=1.1920928955078125e-07 from requested 1e-08.
2021-02-25 11:50:47,182 DEBUG Corresponding type is already real float32.
2021-02-25 11:50:47,183 DEBUG nufft passed real_type for signal, converting
2021-02-25 11:50:47,200 DEBUG FinufftPlan adjusted eps=1.1920928955078125e-07 from requested 1e-08.
2021-02-25 11:50:47,458 DEBUG Corresponding type is already real float32.
2021-02-25 11:50:47,458 DEBUG nufft passed real_type for signal, converting
2021-02-25 11:50:47,476 DEBUG FinufftPlan adjusted eps=1.1920928955078125e-07 from requested 1e-08.
2021-02-25 11:50:48,312 DEBUG Corresponding type is already real float32.
2021-02-25 11:50:48,313 DEBUG nufft passed real_type for signal, converting
2021-02-25 11:50:48,325 DEBUG FinufftPlan adjusted eps=1.1920928955078125e-07 from requested 1e-08.
2021-02-25 11:50:48,570 DEBUG Corresponding type is already real float32.
2021-02-25 11:50:48,570 DEBUG nufft passed real_type for signal, converting
2021-02-25 11:50:48,591 DEBUG FinufftPlan adjusted eps=1.1920928955078125e-07 from requested 1e-08.
2021-02-25 11:50:48,853 DEBUG Corresponding type is already real float32.
2021-02-25 11:50:48,854 DEBUG nufft passed real_type for signal, converting
2021-02-25 11:50:48,873 DEBUG FinufftPlan adjusted eps=1.1920928955078125e-07 from requested 1e-08.
2021-02-25 11:50:49,136 DEBUG Corresponding type is already real float32.
2021-02-25 11:50:49,136 DEBUG nufft passed real_type for signal, converting
2021-02-25 11:50:49,156 DEBUG FinufftPlan adjusted eps=1.1920928955078125e-07 from requested 1e-08.
2021-02-25 11:50:49,409 DEBUG Corresponding type is already real float32.
2021-02-25 11:50:49,409 DEBUG nufft passed real_type for signal, converting
2021-02-25 11:50:49,429 DEBUG FinufftPlan adjusted eps=1.1920928955078125e-07 from requested 1e-08.
2021-02-25 11:50:49,682 DEBUG Corresponding type is already real float32.
2021-02-25 11:50:49,682 DEBUG nufft passed real_type for signal, converting
2021-02-25 11:50:49,699 DEBUG FinufftPlan adjusted eps=1.1920928955078125e-07 from requested 1e-08.
2021-02-25 11:50:49,977 DEBUG Corresponding type is already real float32.
2021-02-25 11:50:49,977 DEBUG nufft passed real_type for signal, converting
2021-02-25 11:50:49,996 DEBUG FinufftPlan adjusted eps=1.1920928955078125e-07 from requested 1e-08.
2021-02-25 11:50:50,388 INFO Iteration 2 | Cost = 8.169787870601832e-10 | Relative Error = 0.9492626023386813
2021-02-25 11:50:50,388 INFO Iteration 2 | Relative Error u = 0.9518007636070251 | Relative Error g = 0.015487879017129167
2021-02-25 11:50:50,388 INFO ========= Iteration 3 =========
2021-02-25 11:50:50,389 INFO Iteration 3 | descent step u
2021-02-25 11:50:50,413 DEBUG Corresponding type is already real float32.
2021-02-25 11:50:50,414 DEBUG nufft passed real_type for signal, converting
2021-02-25 11:50:50,426 DEBUG FinufftPlan adjusted eps=1.1920928955078125e-07 from requested 1e-08.
2021-02-25 11:50:50,759 DEBUG Corresponding type is already complex complex64.
2021-02-25 11:50:50,773 DEBUG FinufftPlan adjusted eps=1.1920928955078125e-07 from requested 1e-08.
2021-02-25 11:50:50,874 INFO Determined adjoint mappings. Shape = (65, 65, 65)
2021-02-25 11:50:50,885 INFO Iteration 3 | primal-dual step g
2021-02-25 11:50:50,935 DEBUG Corresponding type is already real float32.
2021-02-25 11:50:50,935 DEBUG nufft passed real_type for signal, converting
2021-02-25 11:50:50,950 DEBUG FinufftPlan adjusted eps=1.1920928955078125e-07 from requested 1e-08.
2021-02-25 11:50:51,211 DEBUG Corresponding type is already real float32.
2021-02-25 11:50:51,211 DEBUG nufft passed real_type for signal, converting
2021-02-25 11:50:51,233 DEBUG FinufftPlan adjusted eps=1.1920928955078125e-07 from requested 1e-08.
2021-02-25 11:50:51,467 DEBUG Corresponding type is already real float32.
2021-02-25 11:50:51,468 DEBUG nufft passed real_type for signal, converting
2021-02-25 11:50:51,487 DEBUG FinufftPlan adjusted eps=1.1920928955078125e-07 from requested 1e-08.
2021-02-25 11:50:51,734 DEBUG Corresponding type is already real float32.
2021-02-25 11:50:51,735 DEBUG nufft passed real_type for signal, converting
2021-02-25 11:50:51,753 DEBUG FinufftPlan adjusted eps=1.1920928955078125e-07 from requested 1e-08.
2021-02-25 11:50:51,996 DEBUG Corresponding type is already real float32.
2021-02-25 11:50:51,996 DEBUG nufft passed real_type for signal, converting
2021-02-25 11:50:52,014 DEBUG FinufftPlan adjusted eps=1.1920928955078125e-07 from requested 1e-08.
2021-02-25 11:50:52,310 DEBUG Corresponding type is already real float32.
2021-02-25 11:50:52,310 DEBUG nufft passed real_type for signal, converting
2021-02-25 11:50:52,328 DEBUG FinufftPlan adjusted eps=1.1920928955078125e-07 from requested 1e-08.
2021-02-25 11:50:53,504 DEBUG Corresponding type is already real float32.
2021-02-25 11:50:53,504 DEBUG nufft passed real_type for signal, converting
2021-02-25 11:50:53,517 DEBUG FinufftPlan adjusted eps=1.1920928955078125e-07 from requested 1e-08.
2021-02-25 11:50:53,798 DEBUG Corresponding type is already real float32.
2021-02-25 11:50:53,798 DEBUG nufft passed real_type for signal, converting
2021-02-25 11:50:53,819 DEBUG FinufftPlan adjusted eps=1.1920928955078125e-07 from requested 1e-08.
2021-02-25 11:50:54,233 DEBUG Corresponding type is already real float32.
2021-02-25 11:50:54,233 DEBUG nufft passed real_type for signal, converting
2021-02-25 11:50:54,252 DEBUG FinufftPlan adjusted eps=1.1920928955078125e-07 from requested 1e-08.
2021-02-25 11:50:54,534 DEBUG Corresponding type is already real float32.
2021-02-25 11:50:54,534 DEBUG nufft passed real_type for signal, converting
2021-02-25 11:50:54,555 DEBUG FinufftPlan adjusted eps=1.1920928955078125e-07 from requested 1e-08.
2021-02-25 11:50:54,955 DEBUG Corresponding type is already real float32.
2021-02-25 11:50:54,955 DEBUG nufft passed real_type for signal, converting
2021-02-25 11:50:54,971 DEBUG FinufftPlan adjusted eps=1.1920928955078125e-07 from requested 1e-08.
2021-02-25 11:50:55,272 DEBUG Corresponding type is already real float32.
2021-02-25 11:50:55,272 DEBUG nufft passed real_type for signal, converting
2021-02-25 11:50:55,290 DEBUG FinufftPlan adjusted eps=1.1920928955078125e-07 from requested 1e-08.
2021-02-25 11:50:55,787 DEBUG Corresponding type is already real float32.
2021-02-25 11:50:55,787 DEBUG nufft passed real_type for signal, converting
2021-02-25 11:50:55,804 DEBUG FinufftPlan adjusted eps=1.1920928955078125e-07 from requested 1e-08.
2021-02-25 11:50:56,265 INFO Iteration 3 | Cost = 7.647770081040156e-10 | Relative Error = 0.9047099645730184
2021-02-25 11:50:56,265 INFO Iteration 3 | Relative Error u = 0.9071295857429504 | Relative Error g = 0.001804469526263709
2021-02-25 11:50:56,265 INFO ========= Iteration 4 =========
2021-02-25 11:50:56,265 INFO Iteration 4 | descent step u
2021-02-25 11:50:56,300 DEBUG Corresponding type is already real float32.
2021-02-25 11:50:56,300 DEBUG nufft passed real_type for signal, converting
2021-02-25 11:50:56,313 DEBUG FinufftPlan adjusted eps=1.1920928955078125e-07 from requested 1e-08.
2021-02-25 11:50:56,652 DEBUG Corresponding type is already complex complex64.
2021-02-25 11:50:56,665 DEBUG FinufftPlan adjusted eps=1.1920928955078125e-07 from requested 1e-08.
2021-02-25 11:50:56,762 INFO Determined adjoint mappings. Shape = (65, 65, 65)
2021-02-25 11:50:56,773 INFO Iteration 4 | primal-dual step g
2021-02-25 11:50:56,822 DEBUG Corresponding type is already real float32.
2021-02-25 11:50:56,822 DEBUG nufft passed real_type for signal, converting
2021-02-25 11:50:56,836 DEBUG FinufftPlan adjusted eps=1.1920928955078125e-07 from requested 1e-08.
2021-02-25 11:50:57,119 DEBUG Corresponding type is already real float32.
2021-02-25 11:50:57,120 DEBUG nufft passed real_type for signal, converting
2021-02-25 11:50:57,142 DEBUG FinufftPlan adjusted eps=1.1920928955078125e-07 from requested 1e-08.
2021-02-25 11:50:57,417 DEBUG Corresponding type is already real float32.
2021-02-25 11:50:57,417 DEBUG nufft passed real_type for signal, converting
2021-02-25 11:50:57,436 DEBUG FinufftPlan adjusted eps=1.1920928955078125e-07 from requested 1e-08.
2021-02-25 11:50:57,703 DEBUG Corresponding type is already real float32.
2021-02-25 11:50:57,704 DEBUG nufft passed real_type for signal, converting
2021-02-25 11:50:57,721 DEBUG FinufftPlan adjusted eps=1.1920928955078125e-07 from requested 1e-08.
2021-02-25 11:50:57,959 DEBUG Corresponding type is already real float32.
2021-02-25 11:50:57,959 DEBUG nufft passed real_type for signal, converting
2021-02-25 11:50:57,977 DEBUG FinufftPlan adjusted eps=1.1920928955078125e-07 from requested 1e-08.
2021-02-25 11:50:58,242 DEBUG Corresponding type is already real float32.
2021-02-25 11:50:58,242 DEBUG nufft passed real_type for signal, converting
2021-02-25 11:50:58,267 DEBUG FinufftPlan adjusted eps=1.1920928955078125e-07 from requested 1e-08.
2021-02-25 11:50:59,245 DEBUG Corresponding type is already real float32.
2021-02-25 11:50:59,246 DEBUG nufft passed real_type for signal, converting
2021-02-25 11:50:59,259 DEBUG FinufftPlan adjusted eps=1.1920928955078125e-07 from requested 1e-08.
2021-02-25 11:50:59,549 DEBUG Corresponding type is already real float32.
2021-02-25 11:50:59,549 DEBUG nufft passed real_type for signal, converting
2021-02-25 11:50:59,567 DEBUG FinufftPlan adjusted eps=1.1920928955078125e-07 from requested 1e-08.
2021-02-25 11:50:59,808 DEBUG Corresponding type is already real float32.
2021-02-25 11:50:59,808 DEBUG nufft passed real_type for signal, converting
2021-02-25 11:50:59,826 DEBUG FinufftPlan adjusted eps=1.1920928955078125e-07 from requested 1e-08.
2021-02-25 11:51:00,069 DEBUG Corresponding type is already real float32.
2021-02-25 11:51:00,069 DEBUG nufft passed real_type for signal, converting
2021-02-25 11:51:00,087 DEBUG FinufftPlan adjusted eps=1.1920928955078125e-07 from requested 1e-08.
2021-02-25 11:51:00,328 DEBUG Corresponding type is already real float32.
2021-02-25 11:51:00,328 DEBUG nufft passed real_type for signal, converting
2021-02-25 11:51:00,350 DEBUG FinufftPlan adjusted eps=1.1920928955078125e-07 from requested 1e-08.
2021-02-25 11:51:00,598 DEBUG Corresponding type is already real float32.
2021-02-25 11:51:00,598 DEBUG nufft passed real_type for signal, converting
2021-02-25 11:51:00,618 DEBUG FinufftPlan adjusted eps=1.1920928955078125e-07 from requested 1e-08.
2021-02-25 11:51:00,882 DEBUG Corresponding type is already real float32.
2021-02-25 11:51:00,882 DEBUG nufft passed real_type for signal, converting
2021-02-25 11:51:00,900 DEBUG FinufftPlan adjusted eps=1.1920928955078125e-07 from requested 1e-08.
2021-02-25 11:51:01,264 INFO Iteration 4 | Cost = 7.177941852192618e-10 | Relative Error = 0.8632898107995978
2021-02-25 11:51:01,265 INFO Iteration 4 | Relative Error u = 0.8655986785888672 | Relative Error g = 0.0018057530680780796
2021-02-25 11:51:01,265 INFO ========= Iteration 5 =========
2021-02-25 11:51:01,265 INFO Iteration 5 | descent step u
2021-02-25 11:51:01,292 DEBUG Corresponding type is already real float32.
2021-02-25 11:51:01,293 DEBUG nufft passed real_type for signal, converting
2021-02-25 11:51:01,305 DEBUG FinufftPlan adjusted eps=1.1920928955078125e-07 from requested 1e-08.
2021-02-25 11:51:01,627 DEBUG Corresponding type is already complex complex64.
2021-02-25 11:51:01,638 DEBUG FinufftPlan adjusted eps=1.1920928955078125e-07 from requested 1e-08.
2021-02-25 11:51:01,729 INFO Determined adjoint mappings. Shape = (65, 65, 65)
2021-02-25 11:51:01,740 INFO Iteration 5 | primal-dual step g
2021-02-25 11:51:01,789 DEBUG Corresponding type is already real float32.
2021-02-25 11:51:01,789 DEBUG nufft passed real_type for signal, converting
2021-02-25 11:51:01,804 DEBUG FinufftPlan adjusted eps=1.1920928955078125e-07 from requested 1e-08.
2021-02-25 11:51:02,047 DEBUG Corresponding type is already real float32.
2021-02-25 11:51:02,047 DEBUG nufft passed real_type for signal, converting
2021-02-25 11:51:02,065 DEBUG FinufftPlan adjusted eps=1.1920928955078125e-07 from requested 1e-08.
2021-02-25 11:51:02,303 DEBUG Corresponding type is already real float32.
2021-02-25 11:51:02,303 DEBUG nufft passed real_type for signal, converting
2021-02-25 11:51:02,323 DEBUG FinufftPlan adjusted eps=1.1920928955078125e-07 from requested 1e-08.
2021-02-25 11:51:02,556 DEBUG Corresponding type is already real float32.
2021-02-25 11:51:02,556 DEBUG nufft passed real_type for signal, converting
2021-02-25 11:51:02,577 DEBUG FinufftPlan adjusted eps=1.1920928955078125e-07 from requested 1e-08.
2021-02-25 11:51:02,835 DEBUG Corresponding type is already real float32.
2021-02-25 11:51:02,836 DEBUG nufft passed real_type for signal, converting
2021-02-25 11:51:02,854 DEBUG FinufftPlan adjusted eps=1.1920928955078125e-07 from requested 1e-08.
2021-02-25 11:51:03,112 DEBUG Corresponding type is already real float32.
2021-02-25 11:51:03,112 DEBUG nufft passed real_type for signal, converting
2021-02-25 11:51:03,129 DEBUG FinufftPlan adjusted eps=1.1920928955078125e-07 from requested 1e-08.
2021-02-25 11:51:03,961 DEBUG Corresponding type is already real float32.
2021-02-25 11:51:03,961 DEBUG nufft passed real_type for signal, converting
2021-02-25 11:51:03,973 DEBUG FinufftPlan adjusted eps=1.1920928955078125e-07 from requested 1e-08.
2021-02-25 11:51:04,207 DEBUG Corresponding type is already real float32.
2021-02-25 11:51:04,207 DEBUG nufft passed real_type for signal, converting
2021-02-25 11:51:04,226 DEBUG FinufftPlan adjusted eps=1.1920928955078125e-07 from requested 1e-08.
2021-02-25 11:51:04,460 DEBUG Corresponding type is already real float32.
2021-02-25 11:51:04,460 DEBUG nufft passed real_type for signal, converting
2021-02-25 11:51:04,477 DEBUG FinufftPlan adjusted eps=1.1920928955078125e-07 from requested 1e-08.
2021-02-25 11:51:04,711 DEBUG Corresponding type is already real float32.
2021-02-25 11:51:04,711 DEBUG nufft passed real_type for signal, converting
2021-02-25 11:51:04,728 DEBUG FinufftPlan adjusted eps=1.1920928955078125e-07 from requested 1e-08.
2021-02-25 11:51:04,973 DEBUG Corresponding type is already real float32.
2021-02-25 11:51:04,973 DEBUG nufft passed real_type for signal, converting
2021-02-25 11:51:04,991 DEBUG FinufftPlan adjusted eps=1.1920928955078125e-07 from requested 1e-08.
2021-02-25 11:51:05,224 DEBUG Corresponding type is already real float32.
2021-02-25 11:51:05,224 DEBUG nufft passed real_type for signal, converting
2021-02-25 11:51:05,241 DEBUG FinufftPlan adjusted eps=1.1920928955078125e-07 from requested 1e-08.
2021-02-25 11:51:05,500 DEBUG Corresponding type is already real float32.
2021-02-25 11:51:05,500 DEBUG nufft passed real_type for signal, converting
2021-02-25 11:51:05,519 DEBUG FinufftPlan adjusted eps=1.1920928955078125e-07 from requested 1e-08.
2021-02-25 11:51:05,884 INFO Iteration 5 | Cost = 6.754562189769424e-10 | Relative Error = 0.8246831442570239
2021-02-25 11:51:05,884 INFO Iteration 5 | Relative Error u = 0.8268887400627136 | Relative Error g = 0.0017894878944343293
2021-02-25 11:51:05,884 INFO ========= Iteration 6 =========
2021-02-25 11:51:05,884 INFO Iteration 6 | descent step u
2021-02-25 11:51:05,909 DEBUG Corresponding type is already real float32.
2021-02-25 11:51:05,909 DEBUG nufft passed real_type for signal, converting
2021-02-25 11:51:05,922 DEBUG FinufftPlan adjusted eps=1.1920928955078125e-07 from requested 1e-08.
2021-02-25 11:51:06,248 DEBUG Corresponding type is already complex complex64.
2021-02-25 11:51:06,260 DEBUG FinufftPlan adjusted eps=1.1920928955078125e-07 from requested 1e-08.
2021-02-25 11:51:06,354 INFO Determined adjoint mappings. Shape = (65, 65, 65)
2021-02-25 11:51:06,365 INFO Iteration 6 | primal-dual step g
2021-02-25 11:51:06,412 DEBUG Corresponding type is already real float32.
2021-02-25 11:51:06,412 DEBUG nufft passed real_type for signal, converting
2021-02-25 11:51:06,426 DEBUG FinufftPlan adjusted eps=1.1920928955078125e-07 from requested 1e-08.
2021-02-25 11:51:06,672 DEBUG Corresponding type is already real float32.
2021-02-25 11:51:06,672 DEBUG nufft passed real_type for signal, converting
2021-02-25 11:51:06,689 DEBUG FinufftPlan adjusted eps=1.1920928955078125e-07 from requested 1e-08.
2021-02-25 11:51:06,929 DEBUG Corresponding type is already real float32.
2021-02-25 11:51:06,929 DEBUG nufft passed real_type for signal, converting
2021-02-25 11:51:06,949 DEBUG FinufftPlan adjusted eps=1.1920928955078125e-07 from requested 1e-08.
2021-02-25 11:51:07,186 DEBUG Corresponding type is already real float32.
2021-02-25 11:51:07,186 DEBUG nufft passed real_type for signal, converting
2021-02-25 11:51:07,203 DEBUG FinufftPlan adjusted eps=1.1920928955078125e-07 from requested 1e-08.
2021-02-25 11:51:07,438 DEBUG Corresponding type is already real float32.
2021-02-25 11:51:07,438 DEBUG nufft passed real_type for signal, converting
2021-02-25 11:51:07,456 DEBUG FinufftPlan adjusted eps=1.1920928955078125e-07 from requested 1e-08.
2021-02-25 11:51:07,702 DEBUG Corresponding type is already real float32.
2021-02-25 11:51:07,703 DEBUG nufft passed real_type for signal, converting
2021-02-25 11:51:07,722 DEBUG FinufftPlan adjusted eps=1.1920928955078125e-07 from requested 1e-08.
2021-02-25 11:51:08,552 DEBUG Corresponding type is already real float32.
2021-02-25 11:51:08,552 DEBUG nufft passed real_type for signal, converting
2021-02-25 11:51:08,565 DEBUG FinufftPlan adjusted eps=1.1920928955078125e-07 from requested 1e-08.
2021-02-25 11:51:08,797 DEBUG Corresponding type is already real float32.
2021-02-25 11:51:08,797 DEBUG nufft passed real_type for signal, converting
2021-02-25 11:51:08,816 DEBUG FinufftPlan adjusted eps=1.1920928955078125e-07 from requested 1e-08.
2021-02-25 11:51:09,048 DEBUG Corresponding type is already real float32.
2021-02-25 11:51:09,048 DEBUG nufft passed real_type for signal, converting
2021-02-25 11:51:09,069 DEBUG FinufftPlan adjusted eps=1.1920928955078125e-07 from requested 1e-08.
2021-02-25 11:51:09,313 DEBUG Corresponding type is already real float32.
2021-02-25 11:51:09,313 DEBUG nufft passed real_type for signal, converting
2021-02-25 11:51:09,330 DEBUG FinufftPlan adjusted eps=1.1920928955078125e-07 from requested 1e-08.
2021-02-25 11:51:09,564 DEBUG Corresponding type is already real float32.
2021-02-25 11:51:09,564 DEBUG nufft passed real_type for signal, converting
2021-02-25 11:51:09,581 DEBUG FinufftPlan adjusted eps=1.1920928955078125e-07 from requested 1e-08.
2021-02-25 11:51:09,820 DEBUG Corresponding type is already real float32.
2021-02-25 11:51:09,820 DEBUG nufft passed real_type for signal, converting
2021-02-25 11:51:09,838 DEBUG FinufftPlan adjusted eps=1.1920928955078125e-07 from requested 1e-08.
2021-02-25 11:51:10,101 DEBUG Corresponding type is already real float32.
2021-02-25 11:51:10,101 DEBUG nufft passed real_type for signal, converting
2021-02-25 11:51:10,120 DEBUG FinufftPlan adjusted eps=1.1920928955078125e-07 from requested 1e-08.
2021-02-25 11:51:10,496 INFO Iteration 6 | Cost = 6.372592365433581e-10 | Relative Error = 0.7886080053904241
2021-02-25 11:51:10,496 INFO Iteration 6 | Relative Error u = 0.7907171249389648 | Relative Error g = 0.0017566386930506202
2021-02-25 11:51:10,496 INFO ========= Iteration 7 =========
2021-02-25 11:51:10,496 INFO Iteration 7 | descent step u
2021-02-25 11:51:10,520 DEBUG Corresponding type is already real float32.
2021-02-25 11:51:10,520 DEBUG nufft passed real_type for signal, converting
2021-02-25 11:51:10,533 DEBUG FinufftPlan adjusted eps=1.1920928955078125e-07 from requested 1e-08.
2021-02-25 11:51:10,853 DEBUG Corresponding type is already complex complex64.
2021-02-25 11:51:10,865 DEBUG FinufftPlan adjusted eps=1.1920928955078125e-07 from requested 1e-08.
2021-02-25 11:51:10,957 INFO Determined adjoint mappings. Shape = (65, 65, 65)
2021-02-25 11:51:10,968 INFO Iteration 7 | primal-dual step g
2021-02-25 11:51:11,014 DEBUG Corresponding type is already real float32.
2021-02-25 11:51:11,014 DEBUG nufft passed real_type for signal, converting
2021-02-25 11:51:11,028 DEBUG FinufftPlan adjusted eps=1.1920928955078125e-07 from requested 1e-08.
2021-02-25 11:51:11,261 DEBUG Corresponding type is already real float32.
2021-02-25 11:51:11,261 DEBUG nufft passed real_type for signal, converting
2021-02-25 11:51:11,279 DEBUG FinufftPlan adjusted eps=1.1920928955078125e-07 from requested 1e-08.
2021-02-25 11:51:11,513 DEBUG Corresponding type is already real float32.
2021-02-25 11:51:11,513 DEBUG nufft passed real_type for signal, converting
2021-02-25 11:51:11,532 DEBUG FinufftPlan adjusted eps=1.1920928955078125e-07 from requested 1e-08.
2021-02-25 11:51:11,769 DEBUG Corresponding type is already real float32.
2021-02-25 11:51:11,769 DEBUG nufft passed real_type for signal, converting
2021-02-25 11:51:11,788 DEBUG FinufftPlan adjusted eps=1.1920928955078125e-07 from requested 1e-08.
2021-02-25 11:51:12,027 DEBUG Corresponding type is already real float32.
2021-02-25 11:51:12,027 DEBUG nufft passed real_type for signal, converting
2021-02-25 11:51:12,047 DEBUG FinufftPlan adjusted eps=1.1920928955078125e-07 from requested 1e-08.
2021-02-25 11:51:12,308 DEBUG Corresponding type is already real float32.
2021-02-25 11:51:12,308 DEBUG nufft passed real_type for signal, converting
2021-02-25 11:51:12,330 DEBUG FinufftPlan adjusted eps=1.1920928955078125e-07 from requested 1e-08.
2021-02-25 11:51:13,167 DEBUG Corresponding type is already real float32.
2021-02-25 11:51:13,167 DEBUG nufft passed real_type for signal, converting
2021-02-25 11:51:13,179 DEBUG FinufftPlan adjusted eps=1.1920928955078125e-07 from requested 1e-08.
2021-02-25 11:51:13,416 DEBUG Corresponding type is already real float32.
2021-02-25 11:51:13,416 DEBUG nufft passed real_type for signal, converting
2021-02-25 11:51:13,433 DEBUG FinufftPlan adjusted eps=1.1920928955078125e-07 from requested 1e-08.
2021-02-25 11:51:13,673 DEBUG Corresponding type is already real float32.
2021-02-25 11:51:13,673 DEBUG nufft passed real_type for signal, converting
2021-02-25 11:51:13,691 DEBUG FinufftPlan adjusted eps=1.1920928955078125e-07 from requested 1e-08.
2021-02-25 11:51:13,926 DEBUG Corresponding type is already real float32.
2021-02-25 11:51:13,926 DEBUG nufft passed real_type for signal, converting
2021-02-25 11:51:13,943 DEBUG FinufftPlan adjusted eps=1.1920928955078125e-07 from requested 1e-08.
2021-02-25 11:51:14,177 DEBUG Corresponding type is already real float32.
2021-02-25 11:51:14,177 DEBUG nufft passed real_type for signal, converting
2021-02-25 11:51:14,194 DEBUG FinufftPlan adjusted eps=1.1920928955078125e-07 from requested 1e-08.
2021-02-25 11:51:14,434 DEBUG Corresponding type is already real float32.
2021-02-25 11:51:14,434 DEBUG nufft passed real_type for signal, converting
2021-02-25 11:51:14,451 DEBUG FinufftPlan adjusted eps=1.1920928955078125e-07 from requested 1e-08.
2021-02-25 11:51:14,713 DEBUG Corresponding type is already real float32.
2021-02-25 11:51:14,713 DEBUG nufft passed real_type for signal, converting
2021-02-25 11:51:14,732 DEBUG FinufftPlan adjusted eps=1.1920928955078125e-07 from requested 1e-08.
2021-02-25 11:51:15,106 INFO Iteration 7 | Cost = 6.027656493853317e-10 | Relative Error = 0.7548380677627896
2021-02-25 11:51:15,106 INFO Iteration 7 | Relative Error u = 0.7568568587303162 | Relative Error g = 0.0017554626649999455
2021-02-25 11:51:15,106 INFO ========= Iteration 8 =========
2021-02-25 11:51:15,106 INFO Iteration 8 | descent step u
2021-02-25 11:51:15,131 DEBUG Corresponding type is already real float32.
2021-02-25 11:51:15,131 DEBUG nufft passed real_type for signal, converting
2021-02-25 11:51:15,144 DEBUG FinufftPlan adjusted eps=1.1920928955078125e-07 from requested 1e-08.
2021-02-25 11:51:15,465 DEBUG Corresponding type is already complex complex64.
2021-02-25 11:51:15,477 DEBUG FinufftPlan adjusted eps=1.1920928955078125e-07 from requested 1e-08.
2021-02-25 11:51:15,574 INFO Determined adjoint mappings. Shape = (65, 65, 65)
2021-02-25 11:51:15,585 INFO Iteration 8 | primal-dual step g
2021-02-25 11:51:15,632 DEBUG Corresponding type is already real float32.
2021-02-25 11:51:15,632 DEBUG nufft passed real_type for signal, converting
2021-02-25 11:51:15,646 DEBUG FinufftPlan adjusted eps=1.1920928955078125e-07 from requested 1e-08.
2021-02-25 11:51:15,888 DEBUG Corresponding type is already real float32.
2021-02-25 11:51:15,888 DEBUG nufft passed real_type for signal, converting
2021-02-25 11:51:15,909 DEBUG FinufftPlan adjusted eps=1.1920928955078125e-07 from requested 1e-08.
2021-02-25 11:51:16,143 DEBUG Corresponding type is already real float32.
2021-02-25 11:51:16,143 DEBUG nufft passed real_type for signal, converting
2021-02-25 11:51:16,161 DEBUG FinufftPlan adjusted eps=1.1920928955078125e-07 from requested 1e-08.
2021-02-25 11:51:16,396 DEBUG Corresponding type is already real float32.
2021-02-25 11:51:16,396 DEBUG nufft passed real_type for signal, converting
2021-02-25 11:51:16,418 DEBUG FinufftPlan adjusted eps=1.1920928955078125e-07 from requested 1e-08.
2021-02-25 11:51:16,652 DEBUG Corresponding type is already real float32.
2021-02-25 11:51:16,652 DEBUG nufft passed real_type for signal, converting
2021-02-25 11:51:16,670 DEBUG FinufftPlan adjusted eps=1.1920928955078125e-07 from requested 1e-08.
2021-02-25 11:51:16,928 DEBUG Corresponding type is already real float32.
2021-02-25 11:51:16,928 DEBUG nufft passed real_type for signal, converting
2021-02-25 11:51:16,945 DEBUG FinufftPlan adjusted eps=1.1920928955078125e-07 from requested 1e-08.
2021-02-25 11:51:17,776 DEBUG Corresponding type is already real float32.
2021-02-25 11:51:17,776 DEBUG nufft passed real_type for signal, converting
2021-02-25 11:51:17,795 DEBUG FinufftPlan adjusted eps=1.1920928955078125e-07 from requested 1e-08.
2021-02-25 11:51:18,040 DEBUG Corresponding type is already real float32.
2021-02-25 11:51:18,041 DEBUG nufft passed real_type for signal, converting
2021-02-25 11:51:18,060 DEBUG FinufftPlan adjusted eps=1.1920928955078125e-07 from requested 1e-08.
2021-02-25 11:51:18,297 DEBUG Corresponding type is already real float32.
2021-02-25 11:51:18,297 DEBUG nufft passed real_type for signal, converting
2021-02-25 11:51:18,314 DEBUG FinufftPlan adjusted eps=1.1920928955078125e-07 from requested 1e-08.
2021-02-25 11:51:18,550 DEBUG Corresponding type is already real float32.
2021-02-25 11:51:18,550 DEBUG nufft passed real_type for signal, converting
2021-02-25 11:51:18,569 DEBUG FinufftPlan adjusted eps=1.1920928955078125e-07 from requested 1e-08.
2021-02-25 11:51:18,808 DEBUG Corresponding type is already real float32.
2021-02-25 11:51:18,808 DEBUG nufft passed real_type for signal, converting
2021-02-25 11:51:18,826 DEBUG FinufftPlan adjusted eps=1.1920928955078125e-07 from requested 1e-08.
2021-02-25 11:51:19,065 DEBUG Corresponding type is already real float32.
2021-02-25 11:51:19,065 DEBUG nufft passed real_type for signal, converting
2021-02-25 11:51:19,083 DEBUG FinufftPlan adjusted eps=1.1920928955078125e-07 from requested 1e-08.
2021-02-25 11:51:19,352 DEBUG Corresponding type is already real float32.
2021-02-25 11:51:19,352 DEBUG nufft passed real_type for signal, converting
2021-02-25 11:51:19,372 DEBUG FinufftPlan adjusted eps=1.1920928955078125e-07 from requested 1e-08.
2021-02-25 11:51:19,733 INFO Iteration 8 | Cost = 5.715898871520301e-10 | Relative Error = 0.7231640066324472
2021-02-25 11:51:19,734 INFO Iteration 8 | Relative Error u = 0.7250981330871582 | Relative Error g = 0.001692645362235417
2021-02-25 11:51:19,734 INFO ========= Iteration 9 =========
2021-02-25 11:51:19,734 INFO Iteration 9 | descent step u
2021-02-25 11:51:19,758 DEBUG Corresponding type is already real float32.
2021-02-25 11:51:19,758 DEBUG nufft passed real_type for signal, converting
2021-02-25 11:51:19,770 DEBUG FinufftPlan adjusted eps=1.1920928955078125e-07 from requested 1e-08.
2021-02-25 11:51:20,092 DEBUG Corresponding type is already complex complex64.
2021-02-25 11:51:20,104 DEBUG FinufftPlan adjusted eps=1.1920928955078125e-07 from requested 1e-08.
2021-02-25 11:51:20,202 INFO Determined adjoint mappings. Shape = (65, 65, 65)
2021-02-25 11:51:20,214 INFO Iteration 9 | primal-dual step g
2021-02-25 11:51:20,269 DEBUG Corresponding type is already real float32.
2021-02-25 11:51:20,269 DEBUG nufft passed real_type for signal, converting
2021-02-25 11:51:20,284 DEBUG FinufftPlan adjusted eps=1.1920928955078125e-07 from requested 1e-08.
2021-02-25 11:51:20,518 DEBUG Corresponding type is already real float32.
2021-02-25 11:51:20,518 DEBUG nufft passed real_type for signal, converting
2021-02-25 11:51:20,536 DEBUG FinufftPlan adjusted eps=1.1920928955078125e-07 from requested 1e-08.
2021-02-25 11:51:20,769 DEBUG Corresponding type is already real float32.
2021-02-25 11:51:20,769 DEBUG nufft passed real_type for signal, converting
2021-02-25 11:51:20,786 DEBUG FinufftPlan adjusted eps=1.1920928955078125e-07 from requested 1e-08.
2021-02-25 11:51:21,035 DEBUG Corresponding type is already real float32.
2021-02-25 11:51:21,035 DEBUG nufft passed real_type for signal, converting
2021-02-25 11:51:21,053 DEBUG FinufftPlan adjusted eps=1.1920928955078125e-07 from requested 1e-08.
2021-02-25 11:51:21,291 DEBUG Corresponding type is already real float32.
2021-02-25 11:51:21,291 DEBUG nufft passed real_type for signal, converting
2021-02-25 11:51:21,308 DEBUG FinufftPlan adjusted eps=1.1920928955078125e-07 from requested 1e-08.
2021-02-25 11:51:21,561 DEBUG Corresponding type is already real float32.
2021-02-25 11:51:21,561 DEBUG nufft passed real_type for signal, converting
2021-02-25 11:51:21,579 DEBUG FinufftPlan adjusted eps=1.1920928955078125e-07 from requested 1e-08.
2021-02-25 11:51:22,416 DEBUG Corresponding type is already real float32.
2021-02-25 11:51:22,416 DEBUG nufft passed real_type for signal, converting
2021-02-25 11:51:22,428 DEBUG FinufftPlan adjusted eps=1.1920928955078125e-07 from requested 1e-08.
2021-02-25 11:51:22,671 DEBUG Corresponding type is already real float32.
2021-02-25 11:51:22,671 DEBUG nufft passed real_type for signal, converting
2021-02-25 11:51:22,688 DEBUG FinufftPlan adjusted eps=1.1920928955078125e-07 from requested 1e-08.
2021-02-25 11:51:22,928 DEBUG Corresponding type is already real float32.
2021-02-25 11:51:22,928 DEBUG nufft passed real_type for signal, converting
2021-02-25 11:51:22,950 DEBUG FinufftPlan adjusted eps=1.1920928955078125e-07 from requested 1e-08.
2021-02-25 11:51:23,184 DEBUG Corresponding type is already real float32.
2021-02-25 11:51:23,184 DEBUG nufft passed real_type for signal, converting
2021-02-25 11:51:23,202 DEBUG FinufftPlan adjusted eps=1.1920928955078125e-07 from requested 1e-08.
2021-02-25 11:51:23,448 DEBUG Corresponding type is already real float32.
2021-02-25 11:51:23,448 DEBUG nufft passed real_type for signal, converting
2021-02-25 11:51:23,465 DEBUG FinufftPlan adjusted eps=1.1920928955078125e-07 from requested 1e-08.
2021-02-25 11:51:23,709 DEBUG Corresponding type is already real float32.
2021-02-25 11:51:23,709 DEBUG nufft passed real_type for signal, converting
2021-02-25 11:51:23,730 DEBUG FinufftPlan adjusted eps=1.1920928955078125e-07 from requested 1e-08.
2021-02-25 11:51:23,992 DEBUG Corresponding type is already real float32.
2021-02-25 11:51:23,992 DEBUG nufft passed real_type for signal, converting
2021-02-25 11:51:24,011 DEBUG FinufftPlan adjusted eps=1.1920928955078125e-07 from requested 1e-08.
2021-02-25 11:51:24,375 INFO Iteration 9 | Cost = 5.433936842142337e-10 | Relative Error = 0.6934139734315927
2021-02-25 11:51:24,375 INFO Iteration 9 | Relative Error u = 0.6952685117721558 | Relative Error g = 0.0016876310790523079
2021-02-25 11:51:24,375 INFO ========= Iteration 10 =========
2021-02-25 11:51:24,375 INFO Iteration 10 | descent step u
2021-02-25 11:51:24,402 DEBUG Corresponding type is already real float32.
2021-02-25 11:51:24,402 DEBUG nufft passed real_type for signal, converting
2021-02-25 11:51:24,415 DEBUG FinufftPlan adjusted eps=1.1920928955078125e-07 from requested 1e-08.
2021-02-25 11:51:24,747 DEBUG Corresponding type is already complex complex64.
2021-02-25 11:51:24,759 DEBUG FinufftPlan adjusted eps=1.1920928955078125e-07 from requested 1e-08.
2021-02-25 11:51:24,851 INFO Determined adjoint mappings. Shape = (65, 65, 65)
2021-02-25 11:51:24,862 INFO Iteration 10 | primal-dual step g
2021-02-25 11:51:24,913 DEBUG Corresponding type is already real float32.
2021-02-25 11:51:24,913 DEBUG nufft passed real_type for signal, converting
2021-02-25 11:51:24,927 DEBUG FinufftPlan adjusted eps=1.1920928955078125e-07 from requested 1e-08.
2021-02-25 11:51:25,164 DEBUG Corresponding type is already real float32.
2021-02-25 11:51:25,164 DEBUG nufft passed real_type for signal, converting
2021-02-25 11:51:25,182 DEBUG FinufftPlan adjusted eps=1.1920928955078125e-07 from requested 1e-08.
2021-02-25 11:51:25,421 DEBUG Corresponding type is already real float32.
2021-02-25 11:51:25,421 DEBUG nufft passed real_type for signal, converting
2021-02-25 11:51:25,438 DEBUG FinufftPlan adjusted eps=1.1920928955078125e-07 from requested 1e-08.
2021-02-25 11:51:25,673 DEBUG Corresponding type is already real float32.
2021-02-25 11:51:25,673 DEBUG nufft passed real_type for signal, converting
2021-02-25 11:51:25,691 DEBUG FinufftPlan adjusted eps=1.1920928955078125e-07 from requested 1e-08.
2021-02-25 11:51:25,931 DEBUG Corresponding type is already real float32.
2021-02-25 11:51:25,931 DEBUG nufft passed real_type for signal, converting
2021-02-25 11:51:25,949 DEBUG FinufftPlan adjusted eps=1.1920928955078125e-07 from requested 1e-08.
2021-02-25 11:51:26,206 DEBUG Corresponding type is already real float32.
2021-02-25 11:51:26,206 DEBUG nufft passed real_type for signal, converting
2021-02-25 11:51:26,224 DEBUG FinufftPlan adjusted eps=1.1920928955078125e-07 from requested 1e-08.
2021-02-25 11:51:27,089 DEBUG Corresponding type is already real float32.
2021-02-25 11:51:27,089 DEBUG nufft passed real_type for signal, converting
2021-02-25 11:51:27,101 DEBUG FinufftPlan adjusted eps=1.1920928955078125e-07 from requested 1e-08.
2021-02-25 11:51:27,338 DEBUG Corresponding type is already real float32.
2021-02-25 11:51:27,338 DEBUG nufft passed real_type for signal, converting
2021-02-25 11:51:27,356 DEBUG FinufftPlan adjusted eps=1.1920928955078125e-07 from requested 1e-08.
2021-02-25 11:51:27,597 DEBUG Corresponding type is already real float32.
2021-02-25 11:51:27,597 DEBUG nufft passed real_type for signal, converting
2021-02-25 11:51:27,614 DEBUG FinufftPlan adjusted eps=1.1920928955078125e-07 from requested 1e-08.
2021-02-25 11:51:27,852 DEBUG Corresponding type is already real float32.
2021-02-25 11:51:27,852 DEBUG nufft passed real_type for signal, converting
2021-02-25 11:51:27,870 DEBUG FinufftPlan adjusted eps=1.1920928955078125e-07 from requested 1e-08.
2021-02-25 11:51:28,107 DEBUG Corresponding type is already real float32.
2021-02-25 11:51:28,107 DEBUG nufft passed real_type for signal, converting
2021-02-25 11:51:28,128 DEBUG FinufftPlan adjusted eps=1.1920928955078125e-07 from requested 1e-08.
2021-02-25 11:51:28,361 DEBUG Corresponding type is already real float32.
2021-02-25 11:51:28,361 DEBUG nufft passed real_type for signal, converting
2021-02-25 11:51:28,378 DEBUG FinufftPlan adjusted eps=1.1920928955078125e-07 from requested 1e-08.
2021-02-25 11:51:28,647 DEBUG Corresponding type is already real float32.
2021-02-25 11:51:28,647 DEBUG nufft passed real_type for signal, converting
2021-02-25 11:51:28,666 DEBUG FinufftPlan adjusted eps=1.1920928955078125e-07 from requested 1e-08.
2021-02-25 11:51:29,034 INFO Iteration 10 | Cost = 5.178762917074523e-10 | Relative Error = 0.6654277828420577
2021-02-25 11:51:29,034 INFO Iteration 10 | Relative Error u = 0.6672074794769287 | Relative Error g = 0.0016574130134235957
2021-02-25 11:51:29,034 INFO ========= Iteration 11 =========
2021-02-25 11:51:29,034 INFO Iteration 11 | descent step u
2021-02-25 11:51:29,059 DEBUG Corresponding type is already real float32.
2021-02-25 11:51:29,059 DEBUG nufft passed real_type for signal, converting
2021-02-25 11:51:29,071 DEBUG FinufftPlan adjusted eps=1.1920928955078125e-07 from requested 1e-08.
2021-02-25 11:51:29,394 DEBUG Corresponding type is already complex complex64.
2021-02-25 11:51:29,405 DEBUG FinufftPlan adjusted eps=1.1920928955078125e-07 from requested 1e-08.
2021-02-25 11:51:29,499 INFO Determined adjoint mappings. Shape = (65, 65, 65)
2021-02-25 11:51:29,511 INFO Iteration 11 | primal-dual step g
2021-02-25 11:51:29,558 DEBUG Corresponding type is already real float32.
2021-02-25 11:51:29,558 DEBUG nufft passed real_type for signal, converting
2021-02-25 11:51:29,572 DEBUG FinufftPlan adjusted eps=1.1920928955078125e-07 from requested 1e-08.
2021-02-25 11:51:29,809 DEBUG Corresponding type is already real float32.
2021-02-25 11:51:29,809 DEBUG nufft passed real_type for signal, converting
2021-02-25 11:51:29,827 DEBUG FinufftPlan adjusted eps=1.1920928955078125e-07 from requested 1e-08.
2021-02-25 11:51:30,064 DEBUG Corresponding type is already real float32.
2021-02-25 11:51:30,064 DEBUG nufft passed real_type for signal, converting
2021-02-25 11:51:30,082 DEBUG FinufftPlan adjusted eps=1.1920928955078125e-07 from requested 1e-08.
2021-02-25 11:51:30,317 DEBUG Corresponding type is already real float32.
2021-02-25 11:51:30,317 DEBUG nufft passed real_type for signal, converting
2021-02-25 11:51:30,334 DEBUG FinufftPlan adjusted eps=1.1920928955078125e-07 from requested 1e-08.
2021-02-25 11:51:30,577 DEBUG Corresponding type is already real float32.
2021-02-25 11:51:30,577 DEBUG nufft passed real_type for signal, converting
2021-02-25 11:51:30,594 DEBUG FinufftPlan adjusted eps=1.1920928955078125e-07 from requested 1e-08.
2021-02-25 11:51:30,846 DEBUG Corresponding type is already real float32.
2021-02-25 11:51:30,846 DEBUG nufft passed real_type for signal, converting
2021-02-25 11:51:30,863 DEBUG FinufftPlan adjusted eps=1.1920928955078125e-07 from requested 1e-08.
2021-02-25 11:51:31,697 DEBUG Corresponding type is already real float32.
2021-02-25 11:51:31,697 DEBUG nufft passed real_type for signal, converting
2021-02-25 11:51:31,709 DEBUG FinufftPlan adjusted eps=1.1920928955078125e-07 from requested 1e-08.
2021-02-25 11:51:31,946 DEBUG Corresponding type is already real float32.
2021-02-25 11:51:31,947 DEBUG nufft passed real_type for signal, converting
2021-02-25 11:51:31,964 DEBUG FinufftPlan adjusted eps=1.1920928955078125e-07 from requested 1e-08.
2021-02-25 11:51:32,201 DEBUG Corresponding type is already real float32.
2021-02-25 11:51:32,201 DEBUG nufft passed real_type for signal, converting
2021-02-25 11:51:32,218 DEBUG FinufftPlan adjusted eps=1.1920928955078125e-07 from requested 1e-08.
2021-02-25 11:51:32,462 DEBUG Corresponding type is already real float32.
2021-02-25 11:51:32,462 DEBUG nufft passed real_type for signal, converting
2021-02-25 11:51:32,480 DEBUG FinufftPlan adjusted eps=1.1920928955078125e-07 from requested 1e-08.
2021-02-25 11:51:32,716 DEBUG Corresponding type is already real float32.
2021-02-25 11:51:32,716 DEBUG nufft passed real_type for signal, converting
2021-02-25 11:51:32,733 DEBUG FinufftPlan adjusted eps=1.1920928955078125e-07 from requested 1e-08.
2021-02-25 11:51:32,985 DEBUG Corresponding type is already real float32.
2021-02-25 11:51:32,986 DEBUG nufft passed real_type for signal, converting
2021-02-25 11:51:33,005 DEBUG FinufftPlan adjusted eps=1.1920928955078125e-07 from requested 1e-08.
2021-02-25 11:51:33,282 DEBUG Corresponding type is already real float32.
2021-02-25 11:51:33,282 DEBUG nufft passed real_type for signal, converting
2021-02-25 11:51:33,301 DEBUG FinufftPlan adjusted eps=1.1920928955078125e-07 from requested 1e-08.
2021-02-25 11:51:33,666 INFO Iteration 11 | Cost = 4.947725571523981e-10 | Relative Error = 0.639068087366804
2021-02-25 11:51:33,666 INFO Iteration 11 | Relative Error u = 0.6407772898674011 | Relative Error g = 0.0016390456465840476
2021-02-25 11:51:33,667 INFO ========= Iteration 12 =========
2021-02-25 11:51:33,667 INFO Iteration 12 | descent step u
2021-02-25 11:51:33,691 DEBUG Corresponding type is already real float32.
2021-02-25 11:51:33,691 DEBUG nufft passed real_type for signal, converting
2021-02-25 11:51:33,704 DEBUG FinufftPlan adjusted eps=1.1920928955078125e-07 from requested 1e-08.
2021-02-25 11:51:34,025 DEBUG Corresponding type is already complex complex64.
2021-02-25 11:51:34,036 DEBUG FinufftPlan adjusted eps=1.1920928955078125e-07 from requested 1e-08.
2021-02-25 11:51:34,130 INFO Determined adjoint mappings. Shape = (65, 65, 65)
2021-02-25 11:51:34,141 INFO Iteration 12 | primal-dual step g
2021-02-25 11:51:34,188 DEBUG Corresponding type is already real float32.
2021-02-25 11:51:34,188 DEBUG nufft passed real_type for signal, converting
2021-02-25 11:51:34,203 DEBUG FinufftPlan adjusted eps=1.1920928955078125e-07 from requested 1e-08.
2021-02-25 11:51:34,446 DEBUG Corresponding type is already real float32.
2021-02-25 11:51:34,446 DEBUG nufft passed real_type for signal, converting
2021-02-25 11:51:34,465 DEBUG FinufftPlan adjusted eps=1.1920928955078125e-07 from requested 1e-08.
2021-02-25 11:51:34,708 DEBUG Corresponding type is already real float32.
2021-02-25 11:51:34,708 DEBUG nufft passed real_type for signal, converting
2021-02-25 11:51:34,726 DEBUG FinufftPlan adjusted eps=1.1920928955078125e-07 from requested 1e-08.
2021-02-25 11:51:34,968 DEBUG Corresponding type is already real float32.
2021-02-25 11:51:34,968 DEBUG nufft passed real_type for signal, converting
2021-02-25 11:51:34,985 DEBUG FinufftPlan adjusted eps=1.1920928955078125e-07 from requested 1e-08.
2021-02-25 11:51:35,220 DEBUG Corresponding type is already real float32.
2021-02-25 11:51:35,220 DEBUG nufft passed real_type for signal, converting
2021-02-25 11:51:35,239 DEBUG FinufftPlan adjusted eps=1.1920928955078125e-07 from requested 1e-08.
2021-02-25 11:51:35,491 DEBUG Corresponding type is already real float32.
2021-02-25 11:51:35,491 DEBUG nufft passed real_type for signal, converting
2021-02-25 11:51:35,511 DEBUG FinufftPlan adjusted eps=1.1920928955078125e-07 from requested 1e-08.
2021-02-25 11:51:36,342 DEBUG Corresponding type is already real float32.
2021-02-25 11:51:36,343 DEBUG nufft passed real_type for signal, converting
2021-02-25 11:51:36,355 DEBUG FinufftPlan adjusted eps=1.1920928955078125e-07 from requested 1e-08.
2021-02-25 11:51:36,592 DEBUG Corresponding type is already real float32.
2021-02-25 11:51:36,592 DEBUG nufft passed real_type for signal, converting
2021-02-25 11:51:36,613 DEBUG FinufftPlan adjusted eps=1.1920928955078125e-07 from requested 1e-08.
2021-02-25 11:51:36,853 DEBUG Corresponding type is already real float32.
2021-02-25 11:51:36,853 DEBUG nufft passed real_type for signal, converting
2021-02-25 11:51:36,871 DEBUG FinufftPlan adjusted eps=1.1920928955078125e-07 from requested 1e-08.
2021-02-25 11:51:37,106 DEBUG Corresponding type is already real float32.
2021-02-25 11:51:37,106 DEBUG nufft passed real_type for signal, converting
2021-02-25 11:51:37,123 DEBUG FinufftPlan adjusted eps=1.1920928955078125e-07 from requested 1e-08.
2021-02-25 11:51:37,355 DEBUG Corresponding type is already real float32.
2021-02-25 11:51:37,356 DEBUG nufft passed real_type for signal, converting
2021-02-25 11:51:37,373 DEBUG FinufftPlan adjusted eps=1.1920928955078125e-07 from requested 1e-08.
2021-02-25 11:51:37,611 DEBUG Corresponding type is already real float32.
2021-02-25 11:51:37,612 DEBUG nufft passed real_type for signal, converting
2021-02-25 11:51:37,629 DEBUG FinufftPlan adjusted eps=1.1920928955078125e-07 from requested 1e-08.
2021-02-25 11:51:37,893 DEBUG Corresponding type is already real float32.
2021-02-25 11:51:37,893 DEBUG nufft passed real_type for signal, converting
2021-02-25 11:51:37,912 DEBUG FinufftPlan adjusted eps=1.1920928955078125e-07 from requested 1e-08.
2021-02-25 11:51:38,274 INFO Iteration 12 | Cost = 4.738449866194711e-10 | Relative Error = 0.6142056821530092
2021-02-25 11:51:38,274 INFO Iteration 12 | Relative Error u = 0.6158483624458313 | Relative Error g = 0.001566034736242324
2021-02-25 11:51:38,274 INFO ========= Iteration 13 =========
2021-02-25 11:51:38,274 INFO Iteration 13 | descent step u
2021-02-25 11:51:38,298 DEBUG Corresponding type is already real float32.
2021-02-25 11:51:38,298 DEBUG nufft passed real_type for signal, converting
2021-02-25 11:51:38,311 DEBUG FinufftPlan adjusted eps=1.1920928955078125e-07 from requested 1e-08.
2021-02-25 11:51:38,632 DEBUG Corresponding type is already complex complex64.
2021-02-25 11:51:38,644 DEBUG FinufftPlan adjusted eps=1.1920928955078125e-07 from requested 1e-08.
2021-02-25 11:51:38,738 INFO Determined adjoint mappings. Shape = (65, 65, 65)
2021-02-25 11:51:38,750 INFO Iteration 13 | primal-dual step g
2021-02-25 11:51:38,805 DEBUG Corresponding type is already real float32.
2021-02-25 11:51:38,806 DEBUG nufft passed real_type for signal, converting
2021-02-25 11:51:38,820 DEBUG FinufftPlan adjusted eps=1.1920928955078125e-07 from requested 1e-08.
2021-02-25 11:51:39,064 DEBUG Corresponding type is already real float32.
2021-02-25 11:51:39,064 DEBUG nufft passed real_type for signal, converting
2021-02-25 11:51:39,081 DEBUG FinufftPlan adjusted eps=1.1920928955078125e-07 from requested 1e-08.
2021-02-25 11:51:39,330 DEBUG Corresponding type is already real float32.
2021-02-25 11:51:39,330 DEBUG nufft passed real_type for signal, converting
2021-02-25 11:51:39,348 DEBUG FinufftPlan adjusted eps=1.1920928955078125e-07 from requested 1e-08.
2021-02-25 11:51:39,587 DEBUG Corresponding type is already real float32.
2021-02-25 11:51:39,588 DEBUG nufft passed real_type for signal, converting
2021-02-25 11:51:39,605 DEBUG FinufftPlan adjusted eps=1.1920928955078125e-07 from requested 1e-08.
2021-02-25 11:51:39,840 DEBUG Corresponding type is already real float32.
2021-02-25 11:51:39,840 DEBUG nufft passed real_type for signal, converting
2021-02-25 11:51:39,858 DEBUG FinufftPlan adjusted eps=1.1920928955078125e-07 from requested 1e-08.
2021-02-25 11:51:40,113 DEBUG Corresponding type is already real float32.
2021-02-25 11:51:40,113 DEBUG nufft passed real_type for signal, converting
2021-02-25 11:51:40,131 DEBUG FinufftPlan adjusted eps=1.1920928955078125e-07 from requested 1e-08.
2021-02-25 11:51:40,961 DEBUG Corresponding type is already real float32.
2021-02-25 11:51:40,961 DEBUG nufft passed real_type for signal, converting
2021-02-25 11:51:40,973 DEBUG FinufftPlan adjusted eps=1.1920928955078125e-07 from requested 1e-08.
2021-02-25 11:51:41,212 DEBUG Corresponding type is already real float32.
2021-02-25 11:51:41,212 DEBUG nufft passed real_type for signal, converting
2021-02-25 11:51:41,230 DEBUG FinufftPlan adjusted eps=1.1920928955078125e-07 from requested 1e-08.
2021-02-25 11:51:41,465 DEBUG Corresponding type is already real float32.
2021-02-25 11:51:41,465 DEBUG nufft passed real_type for signal, converting
2021-02-25 11:51:41,483 DEBUG FinufftPlan adjusted eps=1.1920928955078125e-07 from requested 1e-08.
2021-02-25 11:51:41,716 DEBUG Corresponding type is already real float32.
2021-02-25 11:51:41,716 DEBUG nufft passed real_type for signal, converting
2021-02-25 11:51:41,734 DEBUG FinufftPlan adjusted eps=1.1920928955078125e-07 from requested 1e-08.
2021-02-25 11:51:41,966 DEBUG Corresponding type is already real float32.
2021-02-25 11:51:41,966 DEBUG nufft passed real_type for signal, converting
2021-02-25 11:51:41,983 DEBUG FinufftPlan adjusted eps=1.1920928955078125e-07 from requested 1e-08.
2021-02-25 11:51:42,228 DEBUG Corresponding type is already real float32.
2021-02-25 11:51:42,228 DEBUG nufft passed real_type for signal, converting
2021-02-25 11:51:42,246 DEBUG FinufftPlan adjusted eps=1.1920928955078125e-07 from requested 1e-08.
2021-02-25 11:51:42,506 DEBUG Corresponding type is already real float32.
2021-02-25 11:51:42,506 DEBUG nufft passed real_type for signal, converting
2021-02-25 11:51:42,526 DEBUG FinufftPlan adjusted eps=1.1920928955078125e-07 from requested 1e-08.
2021-02-25 11:51:42,889 INFO Iteration 13 | Cost = 4.5488404556253137e-10 | Relative Error = 0.5907316148963789
2021-02-25 11:51:42,889 INFO Iteration 13 | Relative Error u = 0.5923115015029907 | Relative Error g = 0.0015568750848187298
2021-02-25 11:51:42,889 INFO ========= Iteration 14 =========
2021-02-25 11:51:42,889 INFO Iteration 14 | descent step u
2021-02-25 11:51:42,913 DEBUG Corresponding type is already real float32.
2021-02-25 11:51:42,913 DEBUG nufft passed real_type for signal, converting
2021-02-25 11:51:42,926 DEBUG FinufftPlan adjusted eps=1.1920928955078125e-07 from requested 1e-08.
2021-02-25 11:51:43,259 DEBUG Corresponding type is already complex complex64.
2021-02-25 11:51:43,270 DEBUG FinufftPlan adjusted eps=1.1920928955078125e-07 from requested 1e-08.
2021-02-25 11:51:43,363 INFO Determined adjoint mappings. Shape = (65, 65, 65)
2021-02-25 11:51:43,375 INFO Iteration 14 | primal-dual step g
2021-02-25 11:51:43,423 DEBUG Corresponding type is already real float32.
2021-02-25 11:51:43,423 DEBUG nufft passed real_type for signal, converting
2021-02-25 11:51:43,437 DEBUG FinufftPlan adjusted eps=1.1920928955078125e-07 from requested 1e-08.
2021-02-25 11:51:43,679 DEBUG Corresponding type is already real float32.
2021-02-25 11:51:43,680 DEBUG nufft passed real_type for signal, converting
2021-02-25 11:51:43,697 DEBUG FinufftPlan adjusted eps=1.1920928955078125e-07 from requested 1e-08.
2021-02-25 11:51:43,930 DEBUG Corresponding type is already real float32.
2021-02-25 11:51:43,930 DEBUG nufft passed real_type for signal, converting
2021-02-25 11:51:43,948 DEBUG FinufftPlan adjusted eps=1.1920928955078125e-07 from requested 1e-08.
2021-02-25 11:51:44,197 DEBUG Corresponding type is already real float32.
2021-02-25 11:51:44,197 DEBUG nufft passed real_type for signal, converting
2021-02-25 11:51:44,218 DEBUG FinufftPlan adjusted eps=1.1920928955078125e-07 from requested 1e-08.
2021-02-25 11:51:44,458 DEBUG Corresponding type is already real float32.
2021-02-25 11:51:44,458 DEBUG nufft passed real_type for signal, converting
2021-02-25 11:51:44,475 DEBUG FinufftPlan adjusted eps=1.1920928955078125e-07 from requested 1e-08.
2021-02-25 11:51:44,726 DEBUG Corresponding type is already real float32.
2021-02-25 11:51:44,726 DEBUG nufft passed real_type for signal, converting
2021-02-25 11:51:44,744 DEBUG FinufftPlan adjusted eps=1.1920928955078125e-07 from requested 1e-08.
2021-02-25 11:51:45,584 DEBUG Corresponding type is already real float32.
2021-02-25 11:51:45,584 DEBUG nufft passed real_type for signal, converting
2021-02-25 11:51:45,597 DEBUG FinufftPlan adjusted eps=1.1920928955078125e-07 from requested 1e-08.
2021-02-25 11:51:45,832 DEBUG Corresponding type is already real float32.
2021-02-25 11:51:45,832 DEBUG nufft passed real_type for signal, converting
2021-02-25 11:51:45,854 DEBUG FinufftPlan adjusted eps=1.1920928955078125e-07 from requested 1e-08.
2021-02-25 11:51:46,092 DEBUG Corresponding type is already real float32.
2021-02-25 11:51:46,092 DEBUG nufft passed real_type for signal, converting
2021-02-25 11:51:46,114 DEBUG FinufftPlan adjusted eps=1.1920928955078125e-07 from requested 1e-08.
2021-02-25 11:51:46,346 DEBUG Corresponding type is already real float32.
2021-02-25 11:51:46,347 DEBUG nufft passed real_type for signal, converting
2021-02-25 11:51:46,364 DEBUG FinufftPlan adjusted eps=1.1920928955078125e-07 from requested 1e-08.
2021-02-25 11:51:46,599 DEBUG Corresponding type is already real float32.
2021-02-25 11:51:46,599 DEBUG nufft passed real_type for signal, converting
2021-02-25 11:51:46,617 DEBUG FinufftPlan adjusted eps=1.1920928955078125e-07 from requested 1e-08.
2021-02-25 11:51:46,863 DEBUG Corresponding type is already real float32.
2021-02-25 11:51:46,863 DEBUG nufft passed real_type for signal, converting
2021-02-25 11:51:46,880 DEBUG FinufftPlan adjusted eps=1.1920928955078125e-07 from requested 1e-08.
2021-02-25 11:51:47,140 DEBUG Corresponding type is already real float32.
2021-02-25 11:51:47,140 DEBUG nufft passed real_type for signal, converting
2021-02-25 11:51:47,159 DEBUG FinufftPlan adjusted eps=1.1920928955078125e-07 from requested 1e-08.
2021-02-25 11:51:47,525 INFO Iteration 14 | Cost = 4.376996996799439e-10 | Relative Error = 0.5685454043893526
2021-02-25 11:51:47,526 INFO Iteration 14 | Relative Error u = 0.570065975189209 | Relative Error g = 0.0015041121459645546
2021-02-25 11:51:47,526 INFO ========= Iteration 15 =========
2021-02-25 11:51:47,526 INFO Iteration 15 | descent step u
2021-02-25 11:51:47,551 DEBUG Corresponding type is already real float32.
2021-02-25 11:51:47,551 DEBUG nufft passed real_type for signal, converting
2021-02-25 11:51:47,564 DEBUG FinufftPlan adjusted eps=1.1920928955078125e-07 from requested 1e-08.
2021-02-25 11:51:47,900 DEBUG Corresponding type is already complex complex64.
2021-02-25 11:51:47,912 DEBUG FinufftPlan adjusted eps=1.1920928955078125e-07 from requested 1e-08.
2021-02-25 11:51:48,005 INFO Determined adjoint mappings. Shape = (65, 65, 65)
2021-02-25 11:51:48,016 INFO Iteration 15 | primal-dual step g
2021-02-25 11:51:48,066 DEBUG Corresponding type is already real float32.
2021-02-25 11:51:48,066 DEBUG nufft passed real_type for signal, converting
2021-02-25 11:51:48,081 DEBUG FinufftPlan adjusted eps=1.1920928955078125e-07 from requested 1e-08.
2021-02-25 11:51:48,326 DEBUG Corresponding type is already real float32.
2021-02-25 11:51:48,326 DEBUG nufft passed real_type for signal, converting
2021-02-25 11:51:48,344 DEBUG FinufftPlan adjusted eps=1.1920928955078125e-07 from requested 1e-08.
2021-02-25 11:51:48,577 DEBUG Corresponding type is already real float32.
2021-02-25 11:51:48,577 DEBUG nufft passed real_type for signal, converting
2021-02-25 11:51:48,595 DEBUG FinufftPlan adjusted eps=1.1920928955078125e-07 from requested 1e-08.
2021-02-25 11:51:48,834 DEBUG Corresponding type is already real float32.
2021-02-25 11:51:48,834 DEBUG nufft passed real_type for signal, converting
2021-02-25 11:51:48,852 DEBUG FinufftPlan adjusted eps=1.1920928955078125e-07 from requested 1e-08.
2021-02-25 11:51:49,086 DEBUG Corresponding type is already real float32.
2021-02-25 11:51:49,086 DEBUG nufft passed real_type for signal, converting
2021-02-25 11:51:49,103 DEBUG FinufftPlan adjusted eps=1.1920928955078125e-07 from requested 1e-08.
2021-02-25 11:51:49,353 DEBUG Corresponding type is already real float32.
2021-02-25 11:51:49,353 DEBUG nufft passed real_type for signal, converting
2021-02-25 11:51:49,371 DEBUG FinufftPlan adjusted eps=1.1920928955078125e-07 from requested 1e-08.
2021-02-25 11:51:50,199 DEBUG Corresponding type is already real float32.
2021-02-25 11:51:50,199 DEBUG nufft passed real_type for signal, converting
2021-02-25 11:51:50,211 DEBUG FinufftPlan adjusted eps=1.1920928955078125e-07 from requested 1e-08.
2021-02-25 11:51:50,448 DEBUG Corresponding type is already real float32.
2021-02-25 11:51:50,448 DEBUG nufft passed real_type for signal, converting
2021-02-25 11:51:50,465 DEBUG FinufftPlan adjusted eps=1.1920928955078125e-07 from requested 1e-08.
2021-02-25 11:51:50,703 DEBUG Corresponding type is already real float32.
2021-02-25 11:51:50,704 DEBUG nufft passed real_type for signal, converting
2021-02-25 11:51:50,721 DEBUG FinufftPlan adjusted eps=1.1920928955078125e-07 from requested 1e-08.
2021-02-25 11:51:50,959 DEBUG Corresponding type is already real float32.
2021-02-25 11:51:50,959 DEBUG nufft passed real_type for signal, converting
2021-02-25 11:51:50,977 DEBUG FinufftPlan adjusted eps=1.1920928955078125e-07 from requested 1e-08.
2021-02-25 11:51:51,216 DEBUG Corresponding type is already real float32.
2021-02-25 11:51:51,216 DEBUG nufft passed real_type for signal, converting
2021-02-25 11:51:51,239 DEBUG FinufftPlan adjusted eps=1.1920928955078125e-07 from requested 1e-08.
2021-02-25 11:51:51,472 DEBUG Corresponding type is already real float32.
2021-02-25 11:51:51,472 DEBUG nufft passed real_type for signal, converting
2021-02-25 11:51:51,490 DEBUG FinufftPlan adjusted eps=1.1920928955078125e-07 from requested 1e-08.
2021-02-25 11:51:51,748 DEBUG Corresponding type is already real float32.
2021-02-25 11:51:51,749 DEBUG nufft passed real_type for signal, converting
2021-02-25 11:51:51,767 DEBUG FinufftPlan adjusted eps=1.1920928955078125e-07 from requested 1e-08.
2021-02-25 11:51:52,137 INFO Iteration 15 | Cost = 4.221257342517128e-10 | Relative Error = 0.5475582930592996
2021-02-25 11:51:52,137 INFO Iteration 15 | Relative Error u = 0.5490227341651917 | Relative Error g = 0.0015037510920048842
2021-02-25 11:51:52,137 INFO ========= Iteration 16 =========
2021-02-25 11:51:52,137 INFO Iteration 16 | descent step u
2021-02-25 11:51:52,163 DEBUG Corresponding type is already real float32.
2021-02-25 11:51:52,163 DEBUG nufft passed real_type for signal, converting
2021-02-25 11:51:52,176 DEBUG FinufftPlan adjusted eps=1.1920928955078125e-07 from requested 1e-08.
2021-02-25 11:51:52,503 DEBUG Corresponding type is already complex complex64.
2021-02-25 11:51:52,514 DEBUG FinufftPlan adjusted eps=1.1920928955078125e-07 from requested 1e-08.
2021-02-25 11:51:52,610 INFO Determined adjoint mappings. Shape = (65, 65, 65)
2021-02-25 11:51:52,621 INFO Iteration 16 | primal-dual step g
2021-02-25 11:51:52,669 DEBUG Corresponding type is already real float32.
2021-02-25 11:51:52,669 DEBUG nufft passed real_type for signal, converting
2021-02-25 11:51:52,683 DEBUG FinufftPlan adjusted eps=1.1920928955078125e-07 from requested 1e-08.
2021-02-25 11:51:52,921 DEBUG Corresponding type is already real float32.
2021-02-25 11:51:52,922 DEBUG nufft passed real_type for signal, converting
2021-02-25 11:51:52,939 DEBUG FinufftPlan adjusted eps=1.1920928955078125e-07 from requested 1e-08.
2021-02-25 11:51:53,184 DEBUG Corresponding type is already real float32.
2021-02-25 11:51:53,184 DEBUG nufft passed real_type for signal, converting
2021-02-25 11:51:53,202 DEBUG FinufftPlan adjusted eps=1.1920928955078125e-07 from requested 1e-08.
2021-02-25 11:51:53,436 DEBUG Corresponding type is already real float32.
2021-02-25 11:51:53,436 DEBUG nufft passed real_type for signal, converting
2021-02-25 11:51:53,453 DEBUG FinufftPlan adjusted eps=1.1920928955078125e-07 from requested 1e-08.
2021-02-25 11:51:53,698 DEBUG Corresponding type is already real float32.
2021-02-25 11:51:53,698 DEBUG nufft passed real_type for signal, converting
2021-02-25 11:51:53,715 DEBUG FinufftPlan adjusted eps=1.1920928955078125e-07 from requested 1e-08.
2021-02-25 11:51:53,965 DEBUG Corresponding type is already real float32.
2021-02-25 11:51:53,965 DEBUG nufft passed real_type for signal, converting
2021-02-25 11:51:53,983 DEBUG FinufftPlan adjusted eps=1.1920928955078125e-07 from requested 1e-08.
2021-02-25 11:51:54,811 DEBUG Corresponding type is already real float32.
2021-02-25 11:51:54,811 DEBUG nufft passed real_type for signal, converting
2021-02-25 11:51:54,823 DEBUG FinufftPlan adjusted eps=1.1920928955078125e-07 from requested 1e-08.
2021-02-25 11:51:55,062 DEBUG Corresponding type is already real float32.
2021-02-25 11:51:55,062 DEBUG nufft passed real_type for signal, converting
2021-02-25 11:51:55,080 DEBUG FinufftPlan adjusted eps=1.1920928955078125e-07 from requested 1e-08.
2021-02-25 11:51:55,313 DEBUG Corresponding type is already real float32.
2021-02-25 11:51:55,313 DEBUG nufft passed real_type for signal, converting
2021-02-25 11:51:55,331 DEBUG FinufftPlan adjusted eps=1.1920928955078125e-07 from requested 1e-08.
2021-02-25 11:51:55,568 DEBUG Corresponding type is already real float32.
2021-02-25 11:51:55,568 DEBUG nufft passed real_type for signal, converting
2021-02-25 11:51:55,585 DEBUG FinufftPlan adjusted eps=1.1920928955078125e-07 from requested 1e-08.
2021-02-25 11:51:55,824 DEBUG Corresponding type is already real float32.
2021-02-25 11:51:55,824 DEBUG nufft passed real_type for signal, converting
2021-02-25 11:51:55,841 DEBUG FinufftPlan adjusted eps=1.1920928955078125e-07 from requested 1e-08.
2021-02-25 11:51:56,079 DEBUG Corresponding type is already real float32.
2021-02-25 11:51:56,079 DEBUG nufft passed real_type for signal, converting
2021-02-25 11:51:56,101 DEBUG FinufftPlan adjusted eps=1.1920928955078125e-07 from requested 1e-08.
2021-02-25 11:51:56,360 DEBUG Corresponding type is already real float32.
2021-02-25 11:51:56,360 DEBUG nufft passed real_type for signal, converting
2021-02-25 11:51:56,378 DEBUG FinufftPlan adjusted eps=1.1920928955078125e-07 from requested 1e-08.
2021-02-25 11:51:56,742 INFO Iteration 16 | Cost = 4.0800903930828746e-10 | Relative Error = 0.5276821262139691
2021-02-25 11:51:56,743 INFO Iteration 16 | Relative Error u = 0.5290933847427368 | Relative Error g = 0.0014807640802746683
2021-02-25 11:51:56,743 INFO ========= Iteration 17 =========
2021-02-25 11:51:56,743 INFO Iteration 17 | descent step u
2021-02-25 11:51:56,767 DEBUG Corresponding type is already real float32.
2021-02-25 11:51:56,767 DEBUG nufft passed real_type for signal, converting
2021-02-25 11:51:56,780 DEBUG FinufftPlan adjusted eps=1.1920928955078125e-07 from requested 1e-08.
2021-02-25 11:51:57,111 DEBUG Corresponding type is already complex complex64.
2021-02-25 11:51:57,123 DEBUG FinufftPlan adjusted eps=1.1920928955078125e-07 from requested 1e-08.
2021-02-25 11:51:57,222 INFO Determined adjoint mappings. Shape = (65, 65, 65)
2021-02-25 11:51:57,233 INFO Iteration 17 | primal-dual step g
2021-02-25 11:51:57,279 DEBUG Corresponding type is already real float32.
2021-02-25 11:51:57,280 DEBUG nufft passed real_type for signal, converting
2021-02-25 11:51:57,294 DEBUG FinufftPlan adjusted eps=1.1920928955078125e-07 from requested 1e-08.
2021-02-25 11:51:57,531 DEBUG Corresponding type is already real float32.
2021-02-25 11:51:57,531 DEBUG nufft passed real_type for signal, converting
2021-02-25 11:51:57,550 DEBUG FinufftPlan adjusted eps=1.1920928955078125e-07 from requested 1e-08.
2021-02-25 11:51:57,792 DEBUG Corresponding type is already real float32.
2021-02-25 11:51:57,792 DEBUG nufft passed real_type for signal, converting
2021-02-25 11:51:57,814 DEBUG FinufftPlan adjusted eps=1.1920928955078125e-07 from requested 1e-08.
2021-02-25 11:51:58,047 DEBUG Corresponding type is already real float32.
2021-02-25 11:51:58,048 DEBUG nufft passed real_type for signal, converting
2021-02-25 11:51:58,065 DEBUG FinufftPlan adjusted eps=1.1920928955078125e-07 from requested 1e-08.
2021-02-25 11:51:58,306 DEBUG Corresponding type is already real float32.
2021-02-25 11:51:58,306 DEBUG nufft passed real_type for signal, converting
2021-02-25 11:51:58,326 DEBUG FinufftPlan adjusted eps=1.1920928955078125e-07 from requested 1e-08.
2021-02-25 11:51:58,581 DEBUG Corresponding type is already real float32.
2021-02-25 11:51:58,581 DEBUG nufft passed real_type for signal, converting
2021-02-25 11:51:58,600 DEBUG FinufftPlan adjusted eps=1.1920928955078125e-07 from requested 1e-08.
2021-02-25 11:51:59,424 DEBUG Corresponding type is already real float32.
2021-02-25 11:51:59,424 DEBUG nufft passed real_type for signal, converting
2021-02-25 11:51:59,436 DEBUG FinufftPlan adjusted eps=1.1920928955078125e-07 from requested 1e-08.
2021-02-25 11:51:59,682 DEBUG Corresponding type is already real float32.
2021-02-25 11:51:59,682 DEBUG nufft passed real_type for signal, converting
2021-02-25 11:51:59,701 DEBUG FinufftPlan adjusted eps=1.1920928955078125e-07 from requested 1e-08.
2021-02-25 11:51:59,935 DEBUG Corresponding type is already real float32.
2021-02-25 11:51:59,935 DEBUG nufft passed real_type for signal, converting
2021-02-25 11:51:59,953 DEBUG FinufftPlan adjusted eps=1.1920928955078125e-07 from requested 1e-08.
2021-02-25 11:52:00,200 DEBUG Corresponding type is already real float32.
2021-02-25 11:52:00,200 DEBUG nufft passed real_type for signal, converting
2021-02-25 11:52:00,220 DEBUG FinufftPlan adjusted eps=1.1920928955078125e-07 from requested 1e-08.
2021-02-25 11:52:00,453 DEBUG Corresponding type is already real float32.
2021-02-25 11:52:00,453 DEBUG nufft passed real_type for signal, converting
2021-02-25 11:52:00,470 DEBUG FinufftPlan adjusted eps=1.1920928955078125e-07 from requested 1e-08.
2021-02-25 11:52:00,712 DEBUG Corresponding type is already real float32.
2021-02-25 11:52:00,712 DEBUG nufft passed real_type for signal, converting
2021-02-25 11:52:00,734 DEBUG FinufftPlan adjusted eps=1.1920928955078125e-07 from requested 1e-08.
2021-02-25 11:52:00,997 DEBUG Corresponding type is already real float32.
2021-02-25 11:52:00,997 DEBUG nufft passed real_type for signal, converting
2021-02-25 11:52:01,018 DEBUG FinufftPlan adjusted eps=1.1920928955078125e-07 from requested 1e-08.
2021-02-25 11:52:01,383 INFO Iteration 17 | Cost = 3.9521539601249e-10 | Relative Error = 0.5088464145560915
2021-02-25 11:52:01,383 INFO Iteration 17 | Relative Error u = 0.5102072954177856 | Relative Error g = 0.0014752215240365378
2021-02-25 11:52:01,383 INFO ========= Iteration 18 =========
2021-02-25 11:52:01,383 INFO Iteration 18 | descent step u
2021-02-25 11:52:01,407 DEBUG Corresponding type is already real float32.
2021-02-25 11:52:01,408 DEBUG nufft passed real_type for signal, converting
2021-02-25 11:52:01,420 DEBUG FinufftPlan adjusted eps=1.1920928955078125e-07 from requested 1e-08.
2021-02-25 11:52:01,756 DEBUG Corresponding type is already complex complex64.
2021-02-25 11:52:01,767 DEBUG FinufftPlan adjusted eps=1.1920928955078125e-07 from requested 1e-08.
2021-02-25 11:52:01,862 INFO Determined adjoint mappings. Shape = (65, 65, 65)
2021-02-25 11:52:01,873 INFO Iteration 18 | primal-dual step g
2021-02-25 11:52:01,921 DEBUG Corresponding type is already real float32.
2021-02-25 11:52:01,921 DEBUG nufft passed real_type for signal, converting
2021-02-25 11:52:01,936 DEBUG FinufftPlan adjusted eps=1.1920928955078125e-07 from requested 1e-08.
2021-02-25 11:52:02,179 DEBUG Corresponding type is already real float32.
2021-02-25 11:52:02,179 DEBUG nufft passed real_type for signal, converting
2021-02-25 11:52:02,197 DEBUG FinufftPlan adjusted eps=1.1920928955078125e-07 from requested 1e-08.
2021-02-25 11:52:02,432 DEBUG Corresponding type is already real float32.
2021-02-25 11:52:02,432 DEBUG nufft passed real_type for signal, converting
2021-02-25 11:52:02,449 DEBUG FinufftPlan adjusted eps=1.1920928955078125e-07 from requested 1e-08.
2021-02-25 11:52:02,688 DEBUG Corresponding type is already real float32.
2021-02-25 11:52:02,689 DEBUG nufft passed real_type for signal, converting
2021-02-25 11:52:02,706 DEBUG FinufftPlan adjusted eps=1.1920928955078125e-07 from requested 1e-08.
2021-02-25 11:52:02,958 DEBUG Corresponding type is already real float32.
2021-02-25 11:52:02,958 DEBUG nufft passed real_type for signal, converting
2021-02-25 11:52:02,976 DEBUG FinufftPlan adjusted eps=1.1920928955078125e-07 from requested 1e-08.
2021-02-25 11:52:03,232 DEBUG Corresponding type is already real float32.
2021-02-25 11:52:03,232 DEBUG nufft passed real_type for signal, converting
2021-02-25 11:52:03,254 DEBUG FinufftPlan adjusted eps=1.1920928955078125e-07 from requested 1e-08.
2021-02-25 11:52:04,298 DEBUG Corresponding type is already real float32.
2021-02-25 11:52:04,298 DEBUG nufft passed real_type for signal, converting
2021-02-25 11:52:04,312 DEBUG FinufftPlan adjusted eps=1.1920928955078125e-07 from requested 1e-08.
2021-02-25 11:52:04,613 DEBUG Corresponding type is already real float32.
2021-02-25 11:52:04,614 DEBUG nufft passed real_type for signal, converting
2021-02-25 11:52:04,632 DEBUG FinufftPlan adjusted eps=1.1920928955078125e-07 from requested 1e-08.
2021-02-25 11:52:04,907 DEBUG Corresponding type is already real float32.
2021-02-25 11:52:04,907 DEBUG nufft passed real_type for signal, converting
2021-02-25 11:52:04,930 DEBUG FinufftPlan adjusted eps=1.1920928955078125e-07 from requested 1e-08.
2021-02-25 11:52:05,196 DEBUG Corresponding type is already real float32.
2021-02-25 11:52:05,196 DEBUG nufft passed real_type for signal, converting
2021-02-25 11:52:05,217 DEBUG FinufftPlan adjusted eps=1.1920928955078125e-07 from requested 1e-08.
2021-02-25 11:52:05,503 DEBUG Corresponding type is already real float32.
2021-02-25 11:52:05,503 DEBUG nufft passed real_type for signal, converting
2021-02-25 11:52:05,526 DEBUG FinufftPlan adjusted eps=1.1920928955078125e-07 from requested 1e-08.
2021-02-25 11:52:05,815 DEBUG Corresponding type is already real float32.
2021-02-25 11:52:05,816 DEBUG nufft passed real_type for signal, converting
2021-02-25 11:52:05,833 DEBUG FinufftPlan adjusted eps=1.1920928955078125e-07 from requested 1e-08.
2021-02-25 11:52:06,095 DEBUG Corresponding type is already real float32.
2021-02-25 11:52:06,095 DEBUG nufft passed real_type for signal, converting
2021-02-25 11:52:06,117 DEBUG FinufftPlan adjusted eps=1.1920928955078125e-07 from requested 1e-08.
2021-02-25 11:52:06,504 INFO Iteration 18 | Cost = 3.836229566594234e-10 | Relative Error = 0.4909784660907482
2021-02-25 11:52:06,505 INFO Iteration 18 | Relative Error u = 0.49229156970977783 | Relative Error g = 0.0014208608942283662
2021-02-25 11:52:06,505 INFO ========= Iteration 19 =========
2021-02-25 11:52:06,505 INFO Iteration 19 | descent step u
2021-02-25 11:52:06,537 DEBUG Corresponding type is already real float32.
2021-02-25 11:52:06,537 DEBUG nufft passed real_type for signal, converting
2021-02-25 11:52:06,551 DEBUG FinufftPlan adjusted eps=1.1920928955078125e-07 from requested 1e-08.
2021-02-25 11:52:06,953 DEBUG Corresponding type is already complex complex64.
2021-02-25 11:52:06,966 DEBUG FinufftPlan adjusted eps=1.1920928955078125e-07 from requested 1e-08.
2021-02-25 11:52:07,061 INFO Determined adjoint mappings. Shape = (65, 65, 65)
2021-02-25 11:52:07,072 INFO Iteration 19 | primal-dual step g
2021-02-25 11:52:07,123 DEBUG Corresponding type is already real float32.
2021-02-25 11:52:07,123 DEBUG nufft passed real_type for signal, converting
2021-02-25 11:52:07,137 DEBUG FinufftPlan adjusted eps=1.1920928955078125e-07 from requested 1e-08.
2021-02-25 11:52:07,372 DEBUG Corresponding type is already real float32.
2021-02-25 11:52:07,372 DEBUG nufft passed real_type for signal, converting
2021-02-25 11:52:07,391 DEBUG FinufftPlan adjusted eps=1.1920928955078125e-07 from requested 1e-08.
2021-02-25 11:52:07,666 DEBUG Corresponding type is already real float32.
2021-02-25 11:52:07,666 DEBUG nufft passed real_type for signal, converting
2021-02-25 11:52:07,690 DEBUG FinufftPlan adjusted eps=1.1920928955078125e-07 from requested 1e-08.
2021-02-25 11:52:07,955 DEBUG Corresponding type is already real float32.
2021-02-25 11:52:07,955 DEBUG nufft passed real_type for signal, converting
2021-02-25 11:52:07,976 DEBUG FinufftPlan adjusted eps=1.1920928955078125e-07 from requested 1e-08.
2021-02-25 11:52:08,284 DEBUG Corresponding type is already real float32.
2021-02-25 11:52:08,285 DEBUG nufft passed real_type for signal, converting
2021-02-25 11:52:08,306 DEBUG FinufftPlan adjusted eps=1.1920928955078125e-07 from requested 1e-08.
2021-02-25 11:52:08,612 DEBUG Corresponding type is already real float32.
2021-02-25 11:52:08,612 DEBUG nufft passed real_type for signal, converting
2021-02-25 11:52:08,631 DEBUG FinufftPlan adjusted eps=1.1920928955078125e-07 from requested 1e-08.
2021-02-25 11:52:09,653 DEBUG Corresponding type is already real float32.
2021-02-25 11:52:09,653 DEBUG nufft passed real_type for signal, converting
2021-02-25 11:52:09,666 DEBUG FinufftPlan adjusted eps=1.1920928955078125e-07 from requested 1e-08.
2021-02-25 11:52:09,904 DEBUG Corresponding type is already real float32.
2021-02-25 11:52:09,904 DEBUG nufft passed real_type for signal, converting
2021-02-25 11:52:09,923 DEBUG FinufftPlan adjusted eps=1.1920928955078125e-07 from requested 1e-08.
2021-02-25 11:52:10,174 DEBUG Corresponding type is already real float32.
2021-02-25 11:52:10,174 DEBUG nufft passed real_type for signal, converting
2021-02-25 11:52:10,191 DEBUG FinufftPlan adjusted eps=1.1920928955078125e-07 from requested 1e-08.
2021-02-25 11:52:10,453 DEBUG Corresponding type is already real float32.
2021-02-25 11:52:10,453 DEBUG nufft passed real_type for signal, converting
2021-02-25 11:52:10,474 DEBUG FinufftPlan adjusted eps=1.1920928955078125e-07 from requested 1e-08.
2021-02-25 11:52:10,736 DEBUG Corresponding type is already real float32.
2021-02-25 11:52:10,736 DEBUG nufft passed real_type for signal, converting
2021-02-25 11:52:10,754 DEBUG FinufftPlan adjusted eps=1.1920928955078125e-07 from requested 1e-08.
2021-02-25 11:52:10,997 DEBUG Corresponding type is already real float32.
2021-02-25 11:52:10,997 DEBUG nufft passed real_type for signal, converting
2021-02-25 11:52:11,014 DEBUG FinufftPlan adjusted eps=1.1920928955078125e-07 from requested 1e-08.
2021-02-25 11:52:11,287 DEBUG Corresponding type is already real float32.
2021-02-25 11:52:11,287 DEBUG nufft passed real_type for signal, converting
2021-02-25 11:52:11,307 DEBUG FinufftPlan adjusted eps=1.1920928955078125e-07 from requested 1e-08.
2021-02-25 11:52:11,693 INFO Iteration 19 | Cost = 3.731218876101814e-10 | Relative Error = 0.47401423004723275
2021-02-25 11:52:11,693 INFO Iteration 19 | Relative Error u = 0.4752819836139679 | Relative Error g = 0.001378530484996653
2021-02-25 11:52:11,693 INFO ========= Iteration 20 =========
2021-02-25 11:52:11,693 INFO Iteration 20 | descent step u
2021-02-25 11:52:11,718 DEBUG Corresponding type is already real float32.
2021-02-25 11:52:11,719 DEBUG nufft passed real_type for signal, converting
2021-02-25 11:52:11,731 DEBUG FinufftPlan adjusted eps=1.1920928955078125e-07 from requested 1e-08.
2021-02-25 11:52:12,056 DEBUG Corresponding type is already complex complex64.
2021-02-25 11:52:12,067 DEBUG FinufftPlan adjusted eps=1.1920928955078125e-07 from requested 1e-08.
2021-02-25 11:52:12,180 INFO Determined adjoint mappings. Shape = (65, 65, 65)
2021-02-25 11:52:12,193 INFO Iteration 20 | primal-dual step g
2021-02-25 11:52:12,244 DEBUG Corresponding type is already real float32.
2021-02-25 11:52:12,244 DEBUG nufft passed real_type for signal, converting
2021-02-25 11:52:12,259 DEBUG FinufftPlan adjusted eps=1.1920928955078125e-07 from requested 1e-08.
2021-02-25 11:52:12,519 DEBUG Corresponding type is already real float32.
2021-02-25 11:52:12,519 DEBUG nufft passed real_type for signal, converting
2021-02-25 11:52:12,541 DEBUG FinufftPlan adjusted eps=1.1920928955078125e-07 from requested 1e-08.
2021-02-25 11:52:12,837 DEBUG Corresponding type is already real float32.
2021-02-25 11:52:12,837 DEBUG nufft passed real_type for signal, converting
2021-02-25 11:52:12,855 DEBUG FinufftPlan adjusted eps=1.1920928955078125e-07 from requested 1e-08.
2021-02-25 11:52:13,100 DEBUG Corresponding type is already real float32.
2021-02-25 11:52:13,100 DEBUG nufft passed real_type for signal, converting
2021-02-25 11:52:13,118 DEBUG FinufftPlan adjusted eps=1.1920928955078125e-07 from requested 1e-08.
2021-02-25 11:52:13,392 DEBUG Corresponding type is already real float32.
2021-02-25 11:52:13,392 DEBUG nufft passed real_type for signal, converting
2021-02-25 11:52:13,413 DEBUG FinufftPlan adjusted eps=1.1920928955078125e-07 from requested 1e-08.
2021-02-25 11:52:13,667 DEBUG Corresponding type is already real float32.
2021-02-25 11:52:13,667 DEBUG nufft passed real_type for signal, converting
2021-02-25 11:52:13,685 DEBUG FinufftPlan adjusted eps=1.1920928955078125e-07 from requested 1e-08.
2021-02-25 11:52:14,754 DEBUG Corresponding type is already real float32.
2021-02-25 11:52:14,754 DEBUG nufft passed real_type for signal, converting
2021-02-25 11:52:14,771 DEBUG FinufftPlan adjusted eps=1.1920928955078125e-07 from requested 1e-08.
2021-02-25 11:52:15,050 DEBUG Corresponding type is already real float32.
2021-02-25 11:52:15,050 DEBUG nufft passed real_type for signal, converting
2021-02-25 11:52:15,087 DEBUG FinufftPlan adjusted eps=1.1920928955078125e-07 from requested 1e-08.
2021-02-25 11:52:15,469 DEBUG Corresponding type is already real float32.
2021-02-25 11:52:15,469 DEBUG nufft passed real_type for signal, converting
2021-02-25 11:52:15,487 DEBUG FinufftPlan adjusted eps=1.1920928955078125e-07 from requested 1e-08.
2021-02-25 11:52:15,853 DEBUG Corresponding type is already real float32.
2021-02-25 11:52:15,854 DEBUG nufft passed real_type for signal, converting
2021-02-25 11:52:15,878 DEBUG FinufftPlan adjusted eps=1.1920928955078125e-07 from requested 1e-08.
2021-02-25 11:52:16,206 DEBUG Corresponding type is already real float32.
2021-02-25 11:52:16,206 DEBUG nufft passed real_type for signal, converting
2021-02-25 11:52:16,227 DEBUG FinufftPlan adjusted eps=1.1920928955078125e-07 from requested 1e-08.
2021-02-25 11:52:16,554 DEBUG Corresponding type is already real float32.
2021-02-25 11:52:16,554 DEBUG nufft passed real_type for signal, converting
2021-02-25 11:52:16,572 DEBUG FinufftPlan adjusted eps=1.1920928955078125e-07 from requested 1e-08.
2021-02-25 11:52:16,920 DEBUG Corresponding type is already real float32.
2021-02-25 11:52:16,920 DEBUG nufft passed real_type for signal, converting
2021-02-25 11:52:16,940 DEBUG FinufftPlan adjusted eps=1.1920928955078125e-07 from requested 1e-08.
2021-02-25 11:52:17,367 INFO Iteration 20 | Cost = 3.6361233151159377e-10 | Relative Error = 0.45790096298486205
2021-02-25 11:52:17,367 INFO Iteration 20 | Relative Error u = 0.4591256082057953 | Relative Error g = 0.0013583400069138417
