2021-03-01 15:13:12,584 DEBUG Using fontManager instance from /Users/wdiepeveen/.matplotlib/fontlist-v330.json
2021-03-01 15:13:13,005 DEBUG Loaded backend module://backend_interagg version unknown.
2021-03-01 15:13:13,322 INFO Results folder is results/pd_vol_rot_reconstruction_21-03-01_15-13-13
2021-03-01 15:13:13,324 INFO Start Postprocessing
2021-03-01 15:13:13,324 INFO Postprocessing started
2021-03-01 15:13:13,329 DEBUG Corresponding type is already real float32.
2021-03-01 15:13:13,330 DEBUG nufft passed real_type for signal, converting
2021-03-01 15:13:13,330 INFO Trying NFFT backend finufft
2021-03-01 15:13:13,337 INFO NFFT backend finufft usable.
2021-03-01 15:13:13,337 INFO Trying NFFT backend cufinufft
2021-03-01 15:13:13,338 INFO NFFT backend cufinufft not usable:
	No module named 'pycuda'
2021-03-01 15:13:13,338 INFO Trying NFFT backend pynfft
2021-03-01 15:13:13,338 INFO NFFT backend pynfft not usable:
	No module named 'pynfft'
2021-03-01 15:13:13,338 INFO Selected NFFT backend = finufft.
2021-03-01 15:13:13,338 DEBUG FinufftPlan adjusted eps=1.1920928955078125e-07 from requested 1e-08.
2021-03-01 15:13:13,484 INFO Applying forward transformations in pipeline
2021-03-01 15:13:13,484 INFO All forward transformations applied
2021-03-01 15:13:13,485 INFO Loaded 1 images
2021-03-01 15:13:16,051 CRITICAL save_mrc() missing 1 required positional argument: 'volume'
Traceback:
  File "/Users/wdiepeveen/Documents/PhD/Projects/2 - Cryo-EM/src/src/Cryo-EM/main.py", line 4, in <module>
    run_experiment()
  File "/Users/wdiepeveen/Documents/PhD/Projects/2 - Cryo-EM/src/src/Cryo-EM/experiments/primal_dual_volume_and_rotation_reconstruction/__init__.py", line 82, in run_experiment
    results_folder=results_folder
  File "/Users/wdiepeveen/Documents/PhD/Projects/2 - Cryo-EM/src/src/Cryo-EM/experiments/primal_dual_volume_and_rotation_reconstruction/postprocessing.py", line 57, in postprocessing
    exp.save_mrc("data_vol_orig")

