2021-02-17 14:07:54,482 DEBUG Using fontManager instance from /Users/wdiepeveen/.matplotlib/fontlist-v330.json
2021-02-17 14:07:54,700 INFO This script illustrates orientation refinement using lRCPA as primal-dual splitting method
2021-02-17 14:07:54,708 DEBUG Corresponding type is already real float32.
2021-02-17 14:07:54,708 DEBUG nufft passed real_type for signal, converting
2021-02-17 14:07:54,708 INFO Trying NFFT backend finufft
2021-02-17 14:07:54,714 INFO NFFT backend finufft usable.
2021-02-17 14:07:54,714 INFO Trying NFFT backend cufinufft
2021-02-17 14:07:54,714 INFO NFFT backend cufinufft not usable:
	No module named 'pycuda'
2021-02-17 14:07:54,715 INFO Trying NFFT backend pynfft
2021-02-17 14:07:54,715 INFO NFFT backend pynfft not usable:
	No module named 'pynfft'
2021-02-17 14:07:54,715 INFO Selected NFFT backend = finufft.
2021-02-17 14:07:54,718 DEBUG FinufftPlan adjusted eps=1.1920928955078125e-07 from requested 1e-08.
2021-02-17 14:07:54,886 INFO Applying forward transformations in pipeline
2021-02-17 14:07:54,886 INFO All forward transformations applied
2021-02-17 14:07:54,886 INFO Loaded 128 images
2021-02-17 14:07:54,907 INFO ========= Iteration 1 =========
2021-02-17 14:07:54,907 INFO Iteration 1 | descent step u
2021-02-17 14:07:54,914 DEBUG Corresponding type is already real float32.
2021-02-17 14:07:54,914 DEBUG nufft passed real_type for signal, converting
2021-02-17 14:07:54,918 DEBUG FinufftPlan adjusted eps=1.1920928955078125e-07 from requested 1e-08.
2021-02-17 14:07:55,046 DEBUG Corresponding type is already complex complex64.
2021-02-17 14:07:55,051 DEBUG FinufftPlan adjusted eps=1.1920928955078125e-07 from requested 1e-08.
2021-02-17 14:07:55,072 INFO Determined adjoint mappings. Shape = (33, 33, 33)
2021-02-17 14:07:56,985 CRITICAL 'Volume' object has no attribute 'data'
Traceback:
  File "/Users/wdiepeveen/Documents/PhD/Projects/2 - Cryo-EM/src/src/Cryo-EM/test.py", line 55, in <module>
    volume = solver.solve()
  File "/Users/wdiepeveen/Documents/PhD/Projects/2 - Cryo-EM/src/src/Cryo-EM/solvers/primal_dual_solver.py", line 108, in solve
    self.gradient_descent_step_u()
  File "/Users/wdiepeveen/Documents/PhD/Projects/2 - Cryo-EM/src/src/Cryo-EM/solvers/primal_dual_solver.py", line 126, in gradient_descent_step_u
    error = norm(u.data - self.problem.vols.data)

