2021-02-24 16:56:49,025 DEBUG Using fontManager instance from /Users/wdiepeveen/.matplotlib/fontlist-v330.json
2021-02-24 16:56:49,374 DEBUG Loaded backend module://backend_interagg version unknown.
2021-02-24 16:56:49,376 INFO This script illustrates orientation estimation using synchronization matrix and voting method
2021-02-24 16:56:49,379 INFO Initialize simulation object and CTF filters.
2021-02-24 16:56:49,379 INFO Load 3D map and downsample 3D map to desired grids of 33 x 33 x 33.
2021-02-24 16:56:50,254 INFO Use downsampled map to creat simulation object.
2021-02-24 16:56:50,269 INFO Get true rotation angles generated randomly by the simulation object.
2021-02-24 16:56:50,269 INFO Estimate rotation angles using synchronization matrix and voting method.
2021-02-24 16:56:50,274 DEBUG Corresponding type is already real float32.
2021-02-24 16:56:50,274 DEBUG nufft passed real_type for signal, converting
2021-02-24 16:56:50,274 INFO Trying NFFT backend finufft
2021-02-24 16:56:50,280 INFO NFFT backend finufft usable.
2021-02-24 16:56:50,280 INFO Trying NFFT backend cufinufft
2021-02-24 16:56:50,281 INFO NFFT backend cufinufft not usable:
	No module named 'pycuda'
2021-02-24 16:56:50,281 INFO Trying NFFT backend pynfft
2021-02-24 16:56:50,281 INFO NFFT backend pynfft not usable:
	No module named 'pynfft'
2021-02-24 16:56:50,281 INFO Selected NFFT backend = finufft.
2021-02-24 16:56:50,284 DEBUG FinufftPlan adjusted eps=1.1920928955078125e-07 from requested 1e-08.
2021-02-24 16:56:50,431 INFO Applying forward transformations in pipeline
2021-02-24 16:56:50,431 INFO All forward transformations applied
2021-02-24 16:56:50,431 INFO Loaded 128 images
2021-02-24 16:56:50,431 INFO Represent 2D image in a polar Fourier grid
2021-02-24 16:56:50,431 DEBUG Corresponding type is already real float32.
2021-02-24 16:56:50,431 DEBUG nufft passed real_type for signal, converting
2021-02-24 16:56:50,432 DEBUG FinufftPlan adjusted eps=1.1920928955078125e-07 from requested 1e-08.
2021-02-24 16:56:56,285 INFO Top 10 eigenvalues from synchronization voting matrix: [ 71.54754   66.33838   63.705856  19.602924  15.250185  14.751359
  13.775312  12.423205  12.283918 -12.384874]
2021-02-24 16:56:56,289 INFO MSE deviation of the estimated rotations using register_rotations : 0.0542492913676143
2021-02-24 16:56:56,291 INFO Expanding 3D map in a spatial-domain Fourier–Bessel basis using the direct method.
2021-02-24 16:57:09,385 DEBUG Corresponding type is already real float32.
2021-02-24 16:57:09,385 DEBUG nufft passed real_type for signal, converting
2021-02-24 16:57:09,388 DEBUG FinufftPlan adjusted eps=1.1920928955078125e-07 from requested 1e-08.
2021-02-24 16:57:09,467 INFO Applying forward transformations in pipeline
2021-02-24 16:57:09,467 INFO All forward transformations applied
2021-02-24 16:57:09,467 INFO Loaded 128 images
2021-02-24 16:57:09,519 DEBUG Corresponding type is already complex complex64.
2021-02-24 16:57:09,524 DEBUG FinufftPlan adjusted eps=1.1920928955078125e-07 from requested 1e-08.
2021-02-24 16:57:10,850 INFO Determined adjoint mappings. Shape = (9269,)
2021-02-24 16:57:10,850 INFO Computing kernel
2021-02-24 16:57:10,866 DEBUG Corresponding type is already real float32.
2021-02-24 16:57:10,866 DEBUG anufft passed real_type for signal, converting
2021-02-24 16:57:10,869 DEBUG FinufftPlan adjusted eps=1.1920928955078125e-07 from requested 1e-08.
2021-02-24 16:57:10,940 INFO Computing non-centered Fourier Transform
2021-02-24 16:57:10,949 INFO Computing Preconditioner kernel
2021-02-24 16:57:10,949 INFO Circularizing kernel
2021-02-24 16:57:10,961 INFO Circularizing dimension 0
2021-02-24 16:57:10,962 INFO Circularizing dimension 1
2021-02-24 16:57:10,962 INFO Circularizing dimension 2
2021-02-24 16:57:19,853 INFO Delta 6.094104264775524e-06 (target 2.8633570764213803e-10)
2021-02-24 16:57:28,644 INFO Delta 3.3677877127047395e-06 (target 2.8633570764213803e-10)
2021-02-24 16:57:37,472 INFO Delta 1.4904093177392497e-06 (target 2.8633570764213803e-10)
2021-02-24 16:57:46,495 INFO Delta 8.100300874502864e-07 (target 2.8633570764213803e-10)
2021-02-24 16:57:55,326 INFO Delta 4.100248531813122e-07 (target 2.8633570764213803e-10)
2021-02-24 16:58:04,130 INFO Delta 2.343487324196758e-07 (target 2.8633570764213803e-10)
2021-02-24 16:58:12,916 INFO Delta 1.3430360468191793e-07 (target 2.8633570764213803e-10)
2021-02-24 16:58:21,681 INFO Delta 7.292825898730371e-08 (target 2.8633570764213803e-10)
2021-02-24 16:58:30,463 INFO Delta 4.5422098082781304e-08 (target 2.8633570764213803e-10)
2021-02-24 16:58:39,294 INFO Delta 2.636847362680328e-08 (target 2.8633570764213803e-10)
2021-02-24 16:58:48,420 INFO Delta 1.5695297506113093e-08 (target 2.8633570764213803e-10)
2021-02-24 16:58:57,209 INFO Delta 9.078253704331019e-09 (target 2.8633570764213803e-10)
2021-02-24 16:59:06,069 INFO Delta 5.156998383881728e-09 (target 2.8633570764213803e-10)
2021-02-24 16:59:14,938 INFO Delta 3.3513782859984076e-09 (target 2.8633570764213803e-10)
2021-02-24 16:59:23,723 INFO Delta 2.281163924422458e-09 (target 2.8633570764213803e-10)
2021-02-24 16:59:32,514 INFO Delta 1.5392699337368754e-09 (target 2.8633570764213803e-10)
2021-02-24 16:59:41,295 INFO Delta 1.078598321768709e-09 (target 2.8633570764213803e-10)
2021-02-24 16:59:50,102 INFO Delta 6.947500907905635e-10 (target 2.8633570764213803e-10)
2021-02-24 16:59:58,827 INFO Delta 4.5913819968212977e-10 (target 2.8633570764213803e-10)
2021-02-24 17:00:07,722 INFO Delta 3.028075568067834e-10 (target 2.8633570764213803e-10)
2021-02-24 17:00:19,518 INFO Delta 1.963050555442436e-10 (target 2.8633570764213803e-10)
