2021-02-27 14:04:29,796 INFO This script illustrates images at different SNR levels
2021-02-27 14:04:29,798 INFO Initialize simulation object and CTF filters.
2021-02-27 14:04:29,798 INFO Load 3D map and downsample 3D map to desired grids of 33 x 33 x 33.
2021-02-27 14:04:30,526 INFO Use downsampled map to creat simulation object.
2021-02-27 14:04:30,545 DEBUG Corresponding type is already real float32.
2021-02-27 14:04:30,545 DEBUG nufft passed real_type for signal, converting
2021-02-27 14:04:30,546 INFO Trying NFFT backend finufft
2021-02-27 14:04:30,551 INFO NFFT backend finufft usable.
2021-02-27 14:04:30,551 INFO Trying NFFT backend cufinufft
2021-02-27 14:04:30,552 INFO NFFT backend cufinufft not usable:
	No module named 'pycuda'
2021-02-27 14:04:30,552 INFO Trying NFFT backend pynfft
2021-02-27 14:04:30,552 INFO NFFT backend pynfft not usable:
	No module named 'pynfft'
2021-02-27 14:04:30,552 INFO Selected NFFT backend = finufft.
2021-02-27 14:04:30,555 DEBUG FinufftPlan adjusted eps=1.1920928955078125e-07 from requested 1e-08.
2021-02-27 14:04:31,126 INFO Applying forward transformations in pipeline
2021-02-27 14:04:31,126 INFO All forward transformations applied
2021-02-27 14:04:31,126 INFO Loaded 128 images
2021-02-27 14:04:31,132 DEBUG Corresponding type is already real float32.
2021-02-27 14:04:31,132 DEBUG nufft passed real_type for signal, converting
2021-02-27 14:04:31,135 DEBUG FinufftPlan adjusted eps=1.1920928955078125e-07 from requested 1e-08.
2021-02-27 14:04:31,579 INFO Applying forward transformations in pipeline
2021-02-27 14:04:31,579 INFO All forward transformations applied
2021-02-27 14:04:31,579 INFO Loaded 128 images
2021-02-27 14:04:31,585 DEBUG Corresponding type is already real float32.
2021-02-27 14:04:31,585 DEBUG nufft passed real_type for signal, converting
2021-02-27 14:04:31,588 DEBUG FinufftPlan adjusted eps=1.1920928955078125e-07 from requested 1e-08.
2021-02-27 14:04:31,681 DEBUG Corresponding type is already real float32.
2021-02-27 14:04:31,681 DEBUG nufft passed real_type for signal, converting
2021-02-27 14:04:31,681 DEBUG FinufftPlan adjusted eps=1.1920928955078125e-07 from requested 1e-08.
2021-02-27 14:04:31,866 INFO Applying forward transformations in pipeline
2021-02-27 14:04:31,866 INFO All forward transformations applied
2021-02-27 14:04:31,866 INFO Loaded 3 images
