2021-02-25 14:07:19,531 INFO This script illustrates orientation estimation using synchronization matrix and voting method
2021-02-25 14:07:19,538 INFO Initialize simulation object and CTF filters.
2021-02-25 14:07:19,539 INFO Load 3D map and downsample 3D map to desired grids of 33 x 33 x 33.
2021-02-25 14:07:20,298 INFO Use downsampled map to creat simulation object.
2021-02-25 14:07:20,318 DEBUG Corresponding type is already real float32.
2021-02-25 14:07:20,318 DEBUG nufft passed real_type for signal, converting
2021-02-25 14:07:20,318 INFO Trying NFFT backend finufft
2021-02-25 14:07:20,325 INFO NFFT backend finufft usable.
2021-02-25 14:07:20,325 INFO Trying NFFT backend cufinufft
2021-02-25 14:07:20,325 INFO NFFT backend cufinufft not usable:
	No module named 'pycuda'
2021-02-25 14:07:20,325 INFO Trying NFFT backend pynfft
2021-02-25 14:07:20,325 INFO NFFT backend pynfft not usable:
	No module named 'pynfft'
2021-02-25 14:07:20,325 INFO Selected NFFT backend = finufft.
2021-02-25 14:07:20,326 DEBUG FinufftPlan adjusted eps=1.1920928955078125e-07 from requested 1e-08.
2021-02-25 14:07:20,614 INFO Applying forward transformations in pipeline
2021-02-25 14:07:20,614 INFO All forward transformations applied
2021-02-25 14:07:20,614 INFO Loaded 3 images
2021-02-25 14:07:20,830 INFO Get true rotation angles generated randomly by the simulation object.
2021-02-25 14:07:20,830 INFO Estimate rotation angles using synchronization matrix and voting method.
2021-02-25 14:07:20,838 DEBUG Corresponding type is already real float32.
2021-02-25 14:07:20,838 DEBUG nufft passed real_type for signal, converting
2021-02-25 14:07:20,842 DEBUG FinufftPlan adjusted eps=1.1920928955078125e-07 from requested 1e-08.
2021-02-25 14:07:21,298 INFO Applying forward transformations in pipeline
2021-02-25 14:07:21,298 INFO All forward transformations applied
2021-02-25 14:07:21,298 INFO Loaded 128 images
2021-02-25 14:07:21,298 INFO Represent 2D image in a polar Fourier grid
2021-02-25 14:07:21,299 DEBUG Corresponding type is already real float32.
2021-02-25 14:07:21,299 DEBUG nufft passed real_type for signal, converting
2021-02-25 14:07:21,299 DEBUG FinufftPlan adjusted eps=1.1920928955078125e-07 from requested 1e-08.
2021-02-25 14:07:27,429 INFO Top 10 eigenvalues from synchronization voting matrix: [ 71.54754   66.33838   63.705856  19.602924  15.250185  14.751359
  13.775312  12.423205  12.283918 -12.384874]
2021-02-25 14:07:27,435 INFO MSE deviation of the estimated rotations using register_rotations : 0.0542492913676143
2021-02-25 14:07:27,438 INFO Expanding 3D map in a spatial-domain Fourier–Bessel basis using the direct method.
