2021-02-15 15:34:38,404 DEBUG Using fontManager instance from /Users/wdiepeveen/.matplotlib/fontlist-v330.json
2021-02-15 15:34:38,637 INFO This script illustrates orientation refinement using lRCPA as primal-dual splitting method
2021-02-15 15:34:38,646 DEBUG Corresponding type is already real float32.
2021-02-15 15:34:38,647 DEBUG nufft passed real_type for signal, converting
2021-02-15 15:34:38,647 INFO Trying NFFT backend finufft
2021-02-15 15:34:38,653 INFO NFFT backend finufft usable.
2021-02-15 15:34:38,653 INFO Trying NFFT backend cufinufft
2021-02-15 15:34:38,653 INFO NFFT backend cufinufft not usable:
	No module named 'pycuda'
2021-02-15 15:34:38,654 INFO Trying NFFT backend pynfft
2021-02-15 15:34:38,654 INFO NFFT backend pynfft not usable:
	No module named 'pynfft'
2021-02-15 15:34:38,654 INFO Selected NFFT backend = finufft.
2021-02-15 15:34:38,657 DEBUG FinufftPlan adjusted eps=1.1920928955078125e-07 from requested 1e-08.
2021-02-15 15:34:38,832 INFO Applying forward transformations in pipeline
2021-02-15 15:34:38,832 INFO All forward transformations applied
2021-02-15 15:34:38,832 INFO Loaded 128 images
2021-02-15 15:34:40,712 CRITICAL name 'L' is not defined
Traceback:
  File "/Users/wdiepeveen/Documents/PhD/Projects/2 - Cryo-EM/src/src/Cryo-EM/test.py", line 34, in <module>
    prob = PrimalDualProblem(vols=vol, data=sim.images(0,np.inf), rots=sim.rots)
  File "/Users/wdiepeveen/Documents/PhD/Projects/2 - Cryo-EM/src/src/Cryo-EM/problems/primal_dual_problem.py", line 54, in __init__
    offsets = L / 16 * randn(2, self.n, seed=seed).astype(dtype).T

