2021-02-27 14:09:16,110 INFO This script illustrates images at different SNR levels
2021-02-27 14:09:16,112 INFO Initialize simulation object and CTF filters.
2021-02-27 14:09:16,112 INFO Load 3D map and downsample 3D map to desired grids of 33 x 33 x 33.
2021-02-27 14:09:16,782 INFO Use downsampled map to creat simulation object.
2021-02-27 14:09:16,804 DEBUG Corresponding type is already real float32.
2021-02-27 14:09:16,804 DEBUG nufft passed real_type for signal, converting
2021-02-27 14:09:16,804 INFO Trying NFFT backend finufft
2021-02-27 14:09:16,810 INFO NFFT backend finufft usable.
2021-02-27 14:09:16,810 INFO Trying NFFT backend cufinufft
2021-02-27 14:09:16,810 INFO NFFT backend cufinufft not usable:
	No module named 'pycuda'
2021-02-27 14:09:16,810 INFO Trying NFFT backend pynfft
2021-02-27 14:09:16,811 INFO NFFT backend pynfft not usable:
	No module named 'pynfft'
2021-02-27 14:09:16,811 INFO Selected NFFT backend = finufft.
2021-02-27 14:09:16,815 DEBUG FinufftPlan adjusted eps=1.1920928955078125e-07 from requested 1e-08.
2021-02-27 14:09:17,378 INFO Applying forward transformations in pipeline
2021-02-27 14:09:17,378 INFO All forward transformations applied
2021-02-27 14:09:17,378 INFO Loaded 128 images
2021-02-27 14:09:17,383 DEBUG Corresponding type is already real float32.
2021-02-27 14:09:17,383 DEBUG nufft passed real_type for signal, converting
2021-02-27 14:09:17,386 DEBUG FinufftPlan adjusted eps=1.1920928955078125e-07 from requested 1e-08.
2021-02-27 14:09:17,822 INFO Applying forward transformations in pipeline
2021-02-27 14:09:17,822 INFO All forward transformations applied
2021-02-27 14:09:17,822 INFO Loaded 128 images
2021-02-27 14:09:17,827 DEBUG Corresponding type is already real float32.
2021-02-27 14:09:17,828 DEBUG nufft passed real_type for signal, converting
2021-02-27 14:09:17,831 DEBUG FinufftPlan adjusted eps=1.1920928955078125e-07 from requested 1e-08.
2021-02-27 14:09:17,914 DEBUG Corresponding type is already real float32.
2021-02-27 14:09:17,914 DEBUG nufft passed real_type for signal, converting
2021-02-27 14:09:17,914 DEBUG FinufftPlan adjusted eps=1.1920928955078125e-07 from requested 1e-08.
2021-02-27 14:09:18,094 INFO Applying forward transformations in pipeline
2021-02-27 14:09:18,094 INFO All forward transformations applied
2021-02-27 14:09:18,094 INFO Loaded 3 images
