2021-02-17 16:26:43,994 DEBUG Using fontManager instance from /Users/wdiepeveen/.matplotlib/fontlist-v330.json
2021-02-17 16:26:44,189 INFO This script illustrates orientation refinement using lRCPA as primal-dual splitting method
2021-02-17 16:26:44,200 DEBUG Corresponding type is already real float32.
2021-02-17 16:26:44,200 DEBUG nufft passed real_type for signal, converting
2021-02-17 16:26:44,201 INFO Trying NFFT backend finufft
2021-02-17 16:26:44,206 INFO NFFT backend finufft usable.
2021-02-17 16:26:44,206 INFO Trying NFFT backend cufinufft
2021-02-17 16:26:44,206 INFO NFFT backend cufinufft not usable:
	No module named 'pycuda'
2021-02-17 16:26:44,207 INFO Trying NFFT backend pynfft
2021-02-17 16:26:44,207 INFO NFFT backend pynfft not usable:
	No module named 'pynfft'
2021-02-17 16:26:44,207 INFO Selected NFFT backend = finufft.
2021-02-17 16:26:44,211 DEBUG FinufftPlan adjusted eps=1.1920928955078125e-07 from requested 1e-08.
2021-02-17 16:26:44,387 INFO Applying forward transformations in pipeline
2021-02-17 16:26:44,387 INFO All forward transformations applied
2021-02-17 16:26:44,387 INFO Loaded 128 images
2021-02-17 16:26:44,412 INFO ========= Iteration 1 =========
2021-02-17 16:26:44,412 INFO Iteration 1 | descent step u
2021-02-17 16:26:44,416 DEBUG Corresponding type is already real float32.
2021-02-17 16:26:44,416 DEBUG nufft passed real_type for signal, converting
2021-02-17 16:26:44,420 DEBUG FinufftPlan adjusted eps=1.1920928955078125e-07 from requested 1e-08.
2021-02-17 16:26:44,561 DEBUG Corresponding type is already complex complex64.
2021-02-17 16:26:44,566 DEBUG FinufftPlan adjusted eps=1.1920928955078125e-07 from requested 1e-08.
2021-02-17 16:26:44,598 INFO Determined adjoint mappings. Shape = (33, 33, 33)
2021-02-17 16:26:44,611 INFO Iteration 1 | primal-dual step g
2021-02-17 16:26:44,618 DEBUG Corresponding type is already real float32.
2021-02-17 16:26:44,619 DEBUG nufft passed real_type for signal, converting
2021-02-17 16:26:44,622 DEBUG FinufftPlan adjusted eps=1.1920928955078125e-07 from requested 1e-08.
2021-02-17 16:26:44,725 DEBUG Corresponding type is already real float32.
2021-02-17 16:26:44,725 DEBUG nufft passed real_type for signal, converting
2021-02-17 16:26:44,730 DEBUG FinufftPlan adjusted eps=1.1920928955078125e-07 from requested 1e-08.
2021-02-17 16:26:44,810 DEBUG Corresponding type is already real float32.
2021-02-17 16:26:44,810 DEBUG nufft passed real_type for signal, converting
2021-02-17 16:26:44,815 DEBUG FinufftPlan adjusted eps=1.1920928955078125e-07 from requested 1e-08.
2021-02-17 16:26:44,902 DEBUG Corresponding type is already real float32.
2021-02-17 16:26:44,902 DEBUG nufft passed real_type for signal, converting
2021-02-17 16:26:44,907 DEBUG FinufftPlan adjusted eps=1.1920928955078125e-07 from requested 1e-08.
2021-02-17 16:26:44,989 DEBUG Corresponding type is already real float32.
2021-02-17 16:26:44,989 DEBUG nufft passed real_type for signal, converting
2021-02-17 16:26:44,994 DEBUG FinufftPlan adjusted eps=1.1920928955078125e-07 from requested 1e-08.
2021-02-17 16:26:45,073 DEBUG Corresponding type is already real float32.
2021-02-17 16:26:45,073 DEBUG nufft passed real_type for signal, converting
2021-02-17 16:26:45,078 DEBUG FinufftPlan adjusted eps=1.1920928955078125e-07 from requested 1e-08.
2021-02-17 16:26:45,805 DEBUG Corresponding type is already real float32.
2021-02-17 16:26:45,805 DEBUG nufft passed real_type for signal, converting
2021-02-17 16:26:45,809 DEBUG FinufftPlan adjusted eps=1.1920928955078125e-07 from requested 1e-08.
2021-02-17 16:26:45,905 DEBUG Corresponding type is already real float32.
2021-02-17 16:26:45,906 DEBUG nufft passed real_type for signal, converting
2021-02-17 16:26:45,910 DEBUG FinufftPlan adjusted eps=1.1920928955078125e-07 from requested 1e-08.
2021-02-17 16:26:45,998 DEBUG Corresponding type is already real float32.
2021-02-17 16:26:45,998 DEBUG nufft passed real_type for signal, converting
2021-02-17 16:26:46,002 DEBUG FinufftPlan adjusted eps=1.1920928955078125e-07 from requested 1e-08.
2021-02-17 16:26:46,092 DEBUG Corresponding type is already real float32.
2021-02-17 16:26:46,092 DEBUG nufft passed real_type for signal, converting
2021-02-17 16:26:46,097 DEBUG FinufftPlan adjusted eps=1.1920928955078125e-07 from requested 1e-08.
2021-02-17 16:26:46,178 DEBUG Corresponding type is already real float32.
2021-02-17 16:26:46,178 DEBUG nufft passed real_type for signal, converting
2021-02-17 16:26:46,183 DEBUG FinufftPlan adjusted eps=1.1920928955078125e-07 from requested 1e-08.
2021-02-17 16:26:46,275 DEBUG Corresponding type is already real float32.
2021-02-17 16:26:46,275 DEBUG nufft passed real_type for signal, converting
2021-02-17 16:26:46,280 DEBUG FinufftPlan adjusted eps=1.1920928955078125e-07 from requested 1e-08.
2021-02-17 16:26:48,497 CRITICAL 'InnerProductOperator' object has no attribute 'dtype'
Traceback:
  File "/Users/wdiepeveen/Documents/PhD/Projects/2 - Cryo-EM/src/src/Cryo-EM/test.py", line 66, in <module>
    volume = solver.solve()
  File "/Users/wdiepeveen/Documents/PhD/Projects/2 - Cryo-EM/src/src/Cryo-EM/solvers/primal_dual_solver.py", line 115, in solve
    cost = self.get_cost(self.problem)
  File "/Users/wdiepeveen/Documents/PhD/Projects/2 - Cryo-EM/src/src/Cryo-EM/test.py", line 45, in cost_function
    cost = l2_data_fidelity(src) + lam1*l2_grad_norm(src) + lam2*so3_distance(src)
  File "/Users/wdiepeveen/Documents/PhD/Projects/2 - Cryo-EM/src/src/Cryo-EM/functions/cost_functions.py", line 14, in l2_data_fidelity
    res = src.vol_forward(src.vols, 0, np.inf) - src.data
  File "/Users/wdiepeveen/PycharmProjects/Cryo-EM/lib/python3.6/site-packages/aspire/source/__init__.py", line 523, in vol_forward
    im = vol.project(0, self.rots[all_idx, :, :])
  File "/Users/wdiepeveen/PycharmProjects/Cryo-EM/lib/python3.6/site-packages/aspire/volume/__init__.py", line 152, in project
    im_f = nufft(data, pts_rot) / self.resolution
  File "/Users/wdiepeveen/PycharmProjects/Cryo-EM/lib/python3.6/site-packages/aspire/nufft/__init__.py", line 198, in nufft
    if fourier_pts.dtype != real_type(sig_f.dtype):

