2021-02-17 15:22:19,601 DEBUG Using fontManager instance from /Users/wdiepeveen/.matplotlib/fontlist-v330.json
2021-02-17 15:22:19,788 INFO This script illustrates orientation refinement using lRCPA as primal-dual splitting method
2021-02-17 15:22:19,795 DEBUG Corresponding type is already real float32.
2021-02-17 15:22:19,795 DEBUG nufft passed real_type for signal, converting
2021-02-17 15:22:19,795 INFO Trying NFFT backend finufft
2021-02-17 15:22:19,800 INFO NFFT backend finufft usable.
2021-02-17 15:22:19,800 INFO Trying NFFT backend cufinufft
2021-02-17 15:22:19,801 INFO NFFT backend cufinufft not usable:
	No module named 'pycuda'
2021-02-17 15:22:19,801 INFO Trying NFFT backend pynfft
2021-02-17 15:22:19,801 INFO NFFT backend pynfft not usable:
	No module named 'pynfft'
2021-02-17 15:22:19,801 INFO Selected NFFT backend = finufft.
2021-02-17 15:22:19,804 DEBUG FinufftPlan adjusted eps=1.1920928955078125e-07 from requested 1e-08.
2021-02-17 15:22:19,977 INFO Applying forward transformations in pipeline
2021-02-17 15:22:19,978 INFO All forward transformations applied
2021-02-17 15:22:19,978 INFO Loaded 128 images
2021-02-17 15:22:19,997 INFO ========= Iteration 1 =========
2021-02-17 15:22:19,997 INFO Iteration 1 | descent step u
2021-02-17 15:22:20,003 DEBUG Corresponding type is already real float32.
2021-02-17 15:22:20,003 DEBUG nufft passed real_type for signal, converting
2021-02-17 15:22:20,007 DEBUG FinufftPlan adjusted eps=1.1920928955078125e-07 from requested 1e-08.
2021-02-17 15:22:20,134 DEBUG Corresponding type is already complex complex64.
2021-02-17 15:22:20,139 DEBUG FinufftPlan adjusted eps=1.1920928955078125e-07 from requested 1e-08.
2021-02-17 15:22:20,163 INFO Determined adjoint mappings. Shape = (33, 33, 33)
2021-02-17 15:22:20,163 INFO Iteration 1 | primal-dual step g
2021-02-17 15:22:20,172 DEBUG Corresponding type is already real float32.
2021-02-17 15:22:20,173 DEBUG nufft passed real_type for signal, converting
2021-02-17 15:22:20,177 DEBUG FinufftPlan adjusted eps=1.1920928955078125e-07 from requested 1e-08.
2021-02-17 15:22:20,269 DEBUG Corresponding type is already real float32.
2021-02-17 15:22:20,269 DEBUG nufft passed real_type for signal, converting
2021-02-17 15:22:20,274 DEBUG FinufftPlan adjusted eps=1.1920928955078125e-07 from requested 1e-08.
2021-02-17 15:22:20,368 DEBUG Corresponding type is already real float32.
2021-02-17 15:22:20,368 DEBUG nufft passed real_type for signal, converting
2021-02-17 15:22:20,374 DEBUG FinufftPlan adjusted eps=1.1920928955078125e-07 from requested 1e-08.
2021-02-17 15:22:20,455 DEBUG Corresponding type is already real float32.
2021-02-17 15:22:20,455 DEBUG nufft passed real_type for signal, converting
2021-02-17 15:22:20,459 DEBUG FinufftPlan adjusted eps=1.1920928955078125e-07 from requested 1e-08.
2021-02-17 15:22:20,540 DEBUG Corresponding type is already real float32.
2021-02-17 15:22:20,540 DEBUG nufft passed real_type for signal, converting
2021-02-17 15:22:20,545 DEBUG FinufftPlan adjusted eps=1.1920928955078125e-07 from requested 1e-08.
2021-02-17 15:22:20,631 DEBUG Corresponding type is already real float32.
2021-02-17 15:22:20,631 DEBUG nufft passed real_type for signal, converting
2021-02-17 15:22:20,636 DEBUG FinufftPlan adjusted eps=1.1920928955078125e-07 from requested 1e-08.
2021-02-17 15:22:21,353 DEBUG Corresponding type is already real float32.
2021-02-17 15:22:21,353 DEBUG nufft passed real_type for signal, converting
2021-02-17 15:22:21,357 DEBUG FinufftPlan adjusted eps=1.1920928955078125e-07 from requested 1e-08.
2021-02-17 15:22:21,452 DEBUG Corresponding type is already real float32.
2021-02-17 15:22:21,452 DEBUG nufft passed real_type for signal, converting
2021-02-17 15:22:21,456 DEBUG FinufftPlan adjusted eps=1.1920928955078125e-07 from requested 1e-08.
2021-02-17 15:22:21,541 DEBUG Corresponding type is already real float32.
2021-02-17 15:22:21,541 DEBUG nufft passed real_type for signal, converting
2021-02-17 15:22:21,546 DEBUG FinufftPlan adjusted eps=1.1920928955078125e-07 from requested 1e-08.
2021-02-17 15:22:21,637 DEBUG Corresponding type is already real float32.
2021-02-17 15:22:21,637 DEBUG nufft passed real_type for signal, converting
2021-02-17 15:22:21,642 DEBUG FinufftPlan adjusted eps=1.1920928955078125e-07 from requested 1e-08.
2021-02-17 15:22:21,729 DEBUG Corresponding type is already real float32.
2021-02-17 15:22:21,729 DEBUG nufft passed real_type for signal, converting
2021-02-17 15:22:21,733 DEBUG FinufftPlan adjusted eps=1.1920928955078125e-07 from requested 1e-08.
2021-02-17 15:22:21,824 DEBUG Corresponding type is already real float32.
2021-02-17 15:22:21,824 DEBUG nufft passed real_type for signal, converting
2021-02-17 15:22:21,829 DEBUG FinufftPlan adjusted eps=1.1920928955078125e-07 from requested 1e-08.
2021-02-17 15:22:22,097 DEBUG Corresponding type is already real float32.
2021-02-17 15:22:22,098 DEBUG nufft passed real_type for signal, converting
2021-02-17 15:22:22,101 DEBUG FinufftPlan adjusted eps=1.1920928955078125e-07 from requested 1e-08.
2021-02-17 15:22:22,200 DEBUG Corresponding type is already real float32.
2021-02-17 15:22:22,201 DEBUG nufft passed real_type for signal, converting
2021-02-17 15:22:22,205 DEBUG FinufftPlan adjusted eps=1.1920928955078125e-07 from requested 1e-08.
2021-02-17 15:22:22,294 DEBUG Corresponding type is already real float32.
2021-02-17 15:22:22,294 DEBUG nufft passed real_type for signal, converting
2021-02-17 15:22:22,300 DEBUG FinufftPlan adjusted eps=1.1920928955078125e-07 from requested 1e-08.
2021-02-17 15:22:22,389 DEBUG Corresponding type is already real float32.
2021-02-17 15:22:22,389 DEBUG nufft passed real_type for signal, converting
2021-02-17 15:22:22,394 DEBUG FinufftPlan adjusted eps=1.1920928955078125e-07 from requested 1e-08.
2021-02-17 15:22:22,482 DEBUG Corresponding type is already real float32.
2021-02-17 15:22:22,482 DEBUG nufft passed real_type for signal, converting
2021-02-17 15:22:22,488 DEBUG FinufftPlan adjusted eps=1.1920928955078125e-07 from requested 1e-08.
2021-02-17 15:22:22,570 DEBUG Corresponding type is already real float32.
2021-02-17 15:22:22,570 DEBUG nufft passed real_type for signal, converting
2021-02-17 15:22:22,575 DEBUG FinufftPlan adjusted eps=1.1920928955078125e-07 from requested 1e-08.
2021-02-17 15:22:24,563 CRITICAL unsupported operand type(s) for *: 'float' and 'Image'
Traceback:
  File "/Users/wdiepeveen/Documents/PhD/Projects/2 - Cryo-EM/src/src/Cryo-EM/test.py", line 56, in <module>
    volume = solver.solve()
  File "/Users/wdiepeveen/Documents/PhD/Projects/2 - Cryo-EM/src/src/Cryo-EM/solvers/primal_dual_solver.py", line 110, in solve
    self.primal_dual_step_g()
  File "/Users/wdiepeveen/Documents/PhD/Projects/2 - Cryo-EM/src/src/Cryo-EM/solvers/primal_dual_solver.py", line 149, in primal_dual_step_g
    manifold.log(m, new_rots))
  File "/Users/wdiepeveen/Documents/PhD/Projects/2 - Cryo-EM/src/src/Cryo-EM/functions/proximal_maps.py", line 11, in prox_dual_l2_data_fidelity
    dual_prox_res = 1 / (1 + a * src.n) * (xi.data - a * src.data)

