2021-02-27 14:08:26,697 INFO This script illustrates images at different SNR levels
2021-02-27 14:08:26,698 INFO Initialize simulation object and CTF filters.
2021-02-27 14:08:26,699 INFO Load 3D map and downsample 3D map to desired grids of 33 x 33 x 33.
2021-02-27 14:08:27,499 INFO Use downsampled map to creat simulation object.
2021-02-27 14:08:27,530 DEBUG Corresponding type is already real float32.
2021-02-27 14:08:27,530 DEBUG nufft passed real_type for signal, converting
2021-02-27 14:08:27,530 INFO Trying NFFT backend finufft
2021-02-27 14:08:27,538 INFO NFFT backend finufft usable.
2021-02-27 14:08:27,538 INFO Trying NFFT backend cufinufft
2021-02-27 14:08:27,539 INFO NFFT backend cufinufft not usable:
	No module named 'pycuda'
2021-02-27 14:08:27,539 INFO Trying NFFT backend pynfft
2021-02-27 14:08:27,540 INFO NFFT backend pynfft not usable:
	No module named 'pynfft'
2021-02-27 14:08:27,540 INFO Selected NFFT backend = finufft.
2021-02-27 14:08:27,545 DEBUG FinufftPlan adjusted eps=1.1920928955078125e-07 from requested 1e-08.
2021-02-27 14:08:31,167 CRITICAL local variable 'noisy_im' referenced before assignment
Traceback:
  File "/Users/wdiepeveen/Documents/PhD/Projects/2 - Cryo-EM/src/src/Cryo-EM/SNR_test.py", line 83, in <module>
    im_var = np.var(sim.images(0,np.inf).asnumpy(),axis=(1,2))
  File "/Users/wdiepeveen/PycharmProjects/Cryo-EM/lib/python3.6/site-packages/aspire/source/__init__.py", line 367, in images
    im = self._images(indices=indices, *args, **kwargs)
  File "/Users/wdiepeveen/PycharmProjects/Cryo-EM/lib/python3.6/site-packages/aspire/source/simulation.py", line 188, in _images
    im = self.noise_adder.forward(im, indices=indices)
  File "/Users/wdiepeveen/PycharmProjects/Cryo-EM/lib/python3.6/site-packages/aspire/image/xform.py", line 67, in forward
    return self._forward(im, indices=indices)
  File "/Users/wdiepeveen/Documents/PhD/Projects/2 - Cryo-EM/src/src/Cryo-EM/noise/noise.py", line 43, in _forward
    noise_var = np.var(noisy_im)

