2021-02-27 14:12:08,058 INFO This script illustrates images at different SNR levels
2021-02-27 14:12:08,060 INFO Initialize simulation object and CTF filters.
2021-02-27 14:12:08,060 INFO Load 3D map and downsample 3D map to desired grids of 33 x 33 x 33.
2021-02-27 14:12:08,813 INFO Use downsampled map to creat simulation object.
2021-02-27 14:12:08,834 DEBUG Corresponding type is already real float32.
2021-02-27 14:12:08,834 DEBUG nufft passed real_type for signal, converting
2021-02-27 14:12:08,834 INFO Trying NFFT backend finufft
2021-02-27 14:12:08,839 INFO NFFT backend finufft usable.
2021-02-27 14:12:08,840 INFO Trying NFFT backend cufinufft
2021-02-27 14:12:08,840 INFO NFFT backend cufinufft not usable:
	No module named 'pycuda'
2021-02-27 14:12:08,840 INFO Trying NFFT backend pynfft
2021-02-27 14:12:08,840 INFO NFFT backend pynfft not usable:
	No module named 'pynfft'
2021-02-27 14:12:08,840 INFO Selected NFFT backend = finufft.
2021-02-27 14:12:08,844 DEBUG FinufftPlan adjusted eps=1.1920928955078125e-07 from requested 1e-08.
2021-02-27 14:12:09,002 DEBUG Corresponding type is already real float32.
2021-02-27 14:12:09,002 DEBUG nufft passed real_type for signal, converting
2021-02-27 14:12:09,007 DEBUG FinufftPlan adjusted eps=1.1920928955078125e-07 from requested 1e-08.
2021-02-27 14:12:09,551 INFO Applying forward transformations in pipeline
2021-02-27 14:12:09,551 INFO All forward transformations applied
2021-02-27 14:12:09,551 INFO Loaded 128 images
2021-02-27 14:12:09,557 DEBUG Corresponding type is already real float32.
2021-02-27 14:12:09,557 DEBUG nufft passed real_type for signal, converting
2021-02-27 14:12:09,561 DEBUG FinufftPlan adjusted eps=1.1920928955078125e-07 from requested 1e-08.
2021-02-27 14:12:09,646 DEBUG Corresponding type is already real float32.
2021-02-27 14:12:09,646 DEBUG nufft passed real_type for signal, converting
2021-02-27 14:12:09,646 DEBUG FinufftPlan adjusted eps=1.1920928955078125e-07 from requested 1e-08.
2021-02-27 14:12:09,823 INFO Applying forward transformations in pipeline
2021-02-27 14:12:09,823 INFO All forward transformations applied
2021-02-27 14:12:09,823 INFO Loaded 3 images
