2021-02-17 14:10:45,021 DEBUG Using fontManager instance from /Users/wdiepeveen/.matplotlib/fontlist-v330.json
2021-02-17 14:10:45,219 INFO This script illustrates orientation refinement using lRCPA as primal-dual splitting method
2021-02-17 14:10:45,226 DEBUG Corresponding type is already real float32.
2021-02-17 14:10:45,226 DEBUG nufft passed real_type for signal, converting
2021-02-17 14:10:45,226 INFO Trying NFFT backend finufft
2021-02-17 14:10:45,233 INFO NFFT backend finufft usable.
2021-02-17 14:10:45,233 INFO Trying NFFT backend cufinufft
2021-02-17 14:10:45,233 INFO NFFT backend cufinufft not usable:
	No module named 'pycuda'
2021-02-17 14:10:45,233 INFO Trying NFFT backend pynfft
2021-02-17 14:10:45,233 INFO NFFT backend pynfft not usable:
	No module named 'pynfft'
2021-02-17 14:10:45,233 INFO Selected NFFT backend = finufft.
2021-02-17 14:10:45,237 DEBUG FinufftPlan adjusted eps=1.1920928955078125e-07 from requested 1e-08.
2021-02-17 14:10:45,404 INFO Applying forward transformations in pipeline
2021-02-17 14:10:45,404 INFO All forward transformations applied
2021-02-17 14:10:45,404 INFO Loaded 128 images
2021-02-17 14:10:45,422 INFO ========= Iteration 1 =========
2021-02-17 14:10:45,422 INFO Iteration 1 | descent step u
2021-02-17 14:10:45,426 DEBUG Corresponding type is already real float32.
2021-02-17 14:10:45,426 DEBUG nufft passed real_type for signal, converting
2021-02-17 14:10:45,430 DEBUG FinufftPlan adjusted eps=1.1920928955078125e-07 from requested 1e-08.
2021-02-17 14:10:45,564 DEBUG Corresponding type is already complex complex64.
2021-02-17 14:10:45,568 DEBUG FinufftPlan adjusted eps=1.1920928955078125e-07 from requested 1e-08.
2021-02-17 14:10:45,590 INFO Determined adjoint mappings. Shape = (33, 33, 33)
2021-02-17 14:10:45,591 INFO Iteration 1 | primal-dual step g
2021-02-17 14:10:45,599 DEBUG Corresponding type is already real float32.
2021-02-17 14:10:45,599 DEBUG nufft passed real_type for signal, converting
2021-02-17 14:10:45,603 DEBUG FinufftPlan adjusted eps=1.1920928955078125e-07 from requested 1e-08.
2021-02-17 14:10:45,697 DEBUG Corresponding type is already real float32.
2021-02-17 14:10:45,697 DEBUG nufft passed real_type for signal, converting
2021-02-17 14:10:45,701 DEBUG FinufftPlan adjusted eps=1.1920928955078125e-07 from requested 1e-08.
2021-02-17 14:10:45,785 DEBUG Corresponding type is already real float32.
2021-02-17 14:10:45,785 DEBUG nufft passed real_type for signal, converting
2021-02-17 14:10:45,790 DEBUG FinufftPlan adjusted eps=1.1920928955078125e-07 from requested 1e-08.
2021-02-17 14:10:45,876 DEBUG Corresponding type is already real float32.
2021-02-17 14:10:45,876 DEBUG nufft passed real_type for signal, converting
2021-02-17 14:10:45,881 DEBUG FinufftPlan adjusted eps=1.1920928955078125e-07 from requested 1e-08.
2021-02-17 14:10:45,966 DEBUG Corresponding type is already real float32.
2021-02-17 14:10:45,966 DEBUG nufft passed real_type for signal, converting
2021-02-17 14:10:45,972 DEBUG FinufftPlan adjusted eps=1.1920928955078125e-07 from requested 1e-08.
2021-02-17 14:10:46,057 DEBUG Corresponding type is already real float32.
2021-02-17 14:10:46,057 DEBUG nufft passed real_type for signal, converting
2021-02-17 14:10:46,063 DEBUG FinufftPlan adjusted eps=1.1920928955078125e-07 from requested 1e-08.
2021-02-17 14:10:48,629 CRITICAL eta is not 3-by-3
Traceback:
  File "/Users/wdiepeveen/Documents/PhD/Projects/2 - Cryo-EM/src/src/Cryo-EM/test.py", line 55, in <module>
    volume = solver.solve()
  File "/Users/wdiepeveen/Documents/PhD/Projects/2 - Cryo-EM/src/src/Cryo-EM/solvers/primal_dual_solver.py", line 110, in solve
    self.primal_dual_step_g()
  File "/Users/wdiepeveen/Documents/PhD/Projects/2 - Cryo-EM/src/src/Cryo-EM/solvers/primal_dual_solver.py", line 146, in primal_dual_step_g
    manifold.log(m, self.problem.rots))
  File "/Users/wdiepeveen/Documents/PhD/Projects/2 - Cryo-EM/src/src/Cryo-EM/functions/differentials.py", line 10, in differential_forward_rot
    raise RuntimeError("eta is not 3-by-3")

