2021-02-16 09:37:38,721 DEBUG Using fontManager instance from /Users/wdiepeveen/.matplotlib/fontlist-v330.json
2021-02-16 09:37:38,929 INFO This script illustrates orientation refinement using lRCPA as primal-dual splitting method
2021-02-16 09:37:38,937 DEBUG Corresponding type is already real float32.
2021-02-16 09:37:38,937 DEBUG nufft passed real_type for signal, converting
2021-02-16 09:37:38,938 INFO Trying NFFT backend finufft
2021-02-16 09:37:38,944 INFO NFFT backend finufft usable.
2021-02-16 09:37:38,944 INFO Trying NFFT backend cufinufft
2021-02-16 09:37:38,944 INFO NFFT backend cufinufft not usable:
	No module named 'pycuda'
2021-02-16 09:37:38,944 INFO Trying NFFT backend pynfft
2021-02-16 09:37:38,944 INFO NFFT backend pynfft not usable:
	No module named 'pynfft'
2021-02-16 09:37:38,945 INFO Selected NFFT backend = finufft.
2021-02-16 09:37:38,948 DEBUG FinufftPlan adjusted eps=1.1920928955078125e-07 from requested 1e-08.
2021-02-16 09:37:39,124 INFO Applying forward transformations in pipeline
2021-02-16 09:37:39,124 INFO All forward transformations applied
2021-02-16 09:37:39,124 INFO Loaded 128 images
2021-02-16 09:37:39,151 INFO Testing data fidelity
2021-02-16 09:37:39,159 DEBUG Corresponding type is already real float32.
2021-02-16 09:37:39,159 DEBUG nufft passed real_type for signal, converting
2021-02-16 09:37:39,164 DEBUG FinufftPlan adjusted eps=1.1920928955078125e-07 from requested 1e-08.
2021-02-16 09:37:39,245 INFO Testing grad norm fidelity
2021-02-16 09:37:39,247 INFO Testing rotation fidelity
2021-02-16 09:37:39,436 INFO Testing differential
