2021-02-27 14:12:38,487 INFO This script illustrates images at different SNR levels
2021-02-27 14:12:38,489 INFO Initialize simulation object and CTF filters.
2021-02-27 14:12:38,489 INFO Load 3D map and downsample 3D map to desired grids of 33 x 33 x 33.
2021-02-27 14:12:39,203 INFO Use downsampled map to creat simulation object.
2021-02-27 14:12:39,221 DEBUG Corresponding type is already real float32.
2021-02-27 14:12:39,222 DEBUG nufft passed real_type for signal, converting
2021-02-27 14:12:39,222 INFO Trying NFFT backend finufft
2021-02-27 14:12:39,227 INFO NFFT backend finufft usable.
2021-02-27 14:12:39,227 INFO Trying NFFT backend cufinufft
2021-02-27 14:12:39,227 INFO NFFT backend cufinufft not usable:
	No module named 'pycuda'
2021-02-27 14:12:39,228 INFO Trying NFFT backend pynfft
2021-02-27 14:12:39,228 INFO NFFT backend pynfft not usable:
	No module named 'pynfft'
2021-02-27 14:12:39,228 INFO Selected NFFT backend = finufft.
2021-02-27 14:12:39,231 DEBUG FinufftPlan adjusted eps=1.1920928955078125e-07 from requested 1e-08.
2021-02-27 14:12:39,386 DEBUG Corresponding type is already real float32.
2021-02-27 14:12:39,386 DEBUG nufft passed real_type for signal, converting
2021-02-27 14:12:39,389 DEBUG FinufftPlan adjusted eps=1.1920928955078125e-07 from requested 1e-08.
2021-02-27 14:12:39,907 INFO Applying forward transformations in pipeline
2021-02-27 14:12:39,908 INFO All forward transformations applied
2021-02-27 14:12:39,908 INFO Loaded 128 images
2021-02-27 14:12:39,912 DEBUG Corresponding type is already real float32.
2021-02-27 14:12:39,913 DEBUG nufft passed real_type for signal, converting
2021-02-27 14:12:39,916 DEBUG FinufftPlan adjusted eps=1.1920928955078125e-07 from requested 1e-08.
2021-02-27 14:12:39,999 DEBUG Corresponding type is already real float32.
2021-02-27 14:12:39,999 DEBUG nufft passed real_type for signal, converting
2021-02-27 14:12:40,000 DEBUG FinufftPlan adjusted eps=1.1920928955078125e-07 from requested 1e-08.
2021-02-27 14:12:40,178 INFO Applying forward transformations in pipeline
2021-02-27 14:12:40,178 INFO All forward transformations applied
2021-02-27 14:12:40,178 INFO Loaded 3 images
