2021-02-27 14:37:10,043 INFO This script illustrates orientation estimation using synchronization matrix and voting method
2021-02-27 14:37:10,045 INFO Initialize simulation object and CTF filters.
2021-02-27 14:37:10,045 INFO Load 3D map and downsample 3D map to desired grids of 33 x 33 x 33.
2021-02-27 14:37:10,793 INFO Use downsampled map to creat simulation object.
2021-02-27 14:37:10,809 DEBUG Corresponding type is already real float32.
2021-02-27 14:37:10,809 DEBUG nufft passed real_type for signal, converting
2021-02-27 14:37:10,809 INFO Trying NFFT backend finufft
2021-02-27 14:37:10,814 INFO NFFT backend finufft usable.
2021-02-27 14:37:10,814 INFO Trying NFFT backend cufinufft
2021-02-27 14:37:10,815 INFO NFFT backend cufinufft not usable:
	No module named 'pycuda'
2021-02-27 14:37:10,815 INFO Trying NFFT backend pynfft
2021-02-27 14:37:10,815 INFO NFFT backend pynfft not usable:
	No module named 'pynfft'
2021-02-27 14:37:10,815 INFO Selected NFFT backend = finufft.
2021-02-27 14:37:10,815 DEBUG FinufftPlan adjusted eps=1.1920928955078125e-07 from requested 1e-08.
2021-02-27 14:37:11,099 INFO Applying forward transformations in pipeline
2021-02-27 14:37:11,099 INFO All forward transformations applied
2021-02-27 14:37:11,099 INFO Loaded 3 images
2021-02-27 14:37:11,283 INFO Get true rotation angles generated randomly by the simulation object.
2021-02-27 14:37:11,283 INFO Estimate rotation angles using synchronization matrix and voting method.
2021-02-27 14:37:11,289 DEBUG Corresponding type is already real float32.
2021-02-27 14:37:11,289 DEBUG nufft passed real_type for signal, converting
2021-02-27 14:37:11,293 DEBUG FinufftPlan adjusted eps=1.1920928955078125e-07 from requested 1e-08.
2021-02-27 14:37:11,860 INFO Applying forward transformations in pipeline
2021-02-27 14:37:11,860 INFO All forward transformations applied
2021-02-27 14:37:11,860 INFO Loaded 128 images
2021-02-27 14:37:11,861 INFO Represent 2D image in a polar Fourier grid
2021-02-27 14:37:11,861 DEBUG Corresponding type is already real float32.
2021-02-27 14:37:11,861 DEBUG nufft passed real_type for signal, converting
2021-02-27 14:37:11,861 DEBUG FinufftPlan adjusted eps=1.1920928955078125e-07 from requested 1e-08.
2021-02-27 14:37:17,510 INFO Top 10 eigenvalues from synchronization voting matrix: [39.914627 27.365444 25.135752 22.997679 20.831154 19.092468 18.79435
 17.676073 16.973358 16.523045]
2021-02-27 14:37:17,515 INFO MSE deviation of the estimated rotations using register_rotations : 3.2530289097571483
2021-02-27 14:37:17,517 INFO Expanding 3D map in a spatial-domain Fourier–Bessel basis using the direct method.
2021-02-27 14:37:30,363 DEBUG Corresponding type is already real float32.
2021-02-27 14:37:30,363 DEBUG nufft passed real_type for signal, converting
2021-02-27 14:37:30,366 DEBUG FinufftPlan adjusted eps=1.1920928955078125e-07 from requested 1e-08.
2021-02-27 14:37:30,859 INFO Applying forward transformations in pipeline
2021-02-27 14:37:30,860 INFO All forward transformations applied
2021-02-27 14:37:30,860 INFO Loaded 128 images
2021-02-27 14:37:30,905 DEBUG Corresponding type is already complex complex64.
2021-02-27 14:37:30,908 DEBUG FinufftPlan adjusted eps=1.1920928955078125e-07 from requested 1e-08.
2021-02-27 14:37:32,292 INFO Determined adjoint mappings. Shape = (9269,)
2021-02-27 14:37:32,292 INFO Computing kernel
2021-02-27 14:37:32,306 DEBUG Corresponding type is already real float32.
2021-02-27 14:37:32,306 DEBUG anufft passed real_type for signal, converting
2021-02-27 14:37:32,309 DEBUG FinufftPlan adjusted eps=1.1920928955078125e-07 from requested 1e-08.
2021-02-27 14:37:32,378 INFO Computing non-centered Fourier Transform
2021-02-27 14:37:32,388 INFO Computing Preconditioner kernel
2021-02-27 14:37:32,388 INFO Circularizing kernel
2021-02-27 14:37:32,398 INFO Circularizing dimension 0
2021-02-27 14:37:32,399 INFO Circularizing dimension 1
2021-02-27 14:37:32,400 INFO Circularizing dimension 2
2021-02-27 14:37:41,540 INFO Delta 5.769983999925898e-06 (target 3.013632885995321e-10)
2021-02-27 14:37:50,837 INFO Delta 3.1361125820694724e-06 (target 3.013632885995321e-10)
2021-02-27 14:37:59,183 INFO Delta 1.5651773992431117e-06 (target 3.013632885995321e-10)
2021-02-27 14:38:08,371 INFO Delta 8.928817010200873e-07 (target 3.013632885995321e-10)
2021-02-27 14:38:17,366 INFO Delta 4.7534609848298714e-07 (target 3.013632885995321e-10)
2021-02-27 14:38:26,279 INFO Delta 2.639680189986393e-07 (target 3.013632885995321e-10)
2021-02-27 14:38:37,134 INFO Delta 1.598111225575849e-07 (target 3.013632885995321e-10)
2021-02-27 14:38:46,416 INFO Delta 1.02114341871129e-07 (target 3.013632885995321e-10)
2021-02-27 14:38:56,092 INFO Delta 7.930714929216265e-08 (target 3.013632885995321e-10)
2021-02-27 14:39:05,665 INFO Delta 6.249779715972181e-08 (target 3.013632885995321e-10)
2021-02-27 14:39:14,043 INFO Delta 4.8867182300682543e-08 (target 3.013632885995321e-10)
2021-02-27 14:39:22,545 INFO Delta 3.766806955241009e-08 (target 3.013632885995321e-10)
2021-02-27 14:39:30,972 INFO Delta 2.9603157258861756e-08 (target 3.013632885995321e-10)
2021-02-27 14:39:39,344 INFO Delta 2.5266484016128743e-08 (target 3.013632885995321e-10)
2021-02-27 14:39:47,775 INFO Delta 1.9884335955566712e-08 (target 3.013632885995321e-10)
2021-02-27 14:39:56,137 INFO Delta 1.597119769769506e-08 (target 3.013632885995321e-10)
2021-02-27 14:40:04,986 INFO Delta 1.2178581698663038e-08 (target 3.013632885995321e-10)
2021-02-27 14:40:14,046 INFO Delta 8.841852583429954e-09 (target 3.013632885995321e-10)
2021-02-27 14:40:22,657 INFO Delta 6.718443135156349e-09 (target 3.013632885995321e-10)
2021-02-27 14:40:31,093 INFO Delta 4.936194120119808e-09 (target 3.013632885995321e-10)
2021-02-27 14:40:39,523 INFO Delta 4.119653063128226e-09 (target 3.013632885995321e-10)
2021-02-27 14:40:48,007 INFO Delta 3.649242907854955e-09 (target 3.013632885995321e-10)
2021-02-27 14:40:56,439 INFO Delta 3.1686540058473156e-09 (target 3.013632885995321e-10)
2021-02-27 14:41:05,770 INFO Delta 2.6873190339671282e-09 (target 3.013632885995321e-10)
2021-02-27 14:41:15,357 INFO Delta 2.1503741010064914e-09 (target 3.013632885995321e-10)
2021-02-27 14:41:24,534 INFO Delta 1.5778881534700417e-09 (target 3.013632885995321e-10)
2021-02-27 14:41:33,635 INFO Delta 1.1988094961168372e-09 (target 3.013632885995321e-10)
2021-02-27 14:41:42,797 INFO Delta 8.78376094082256e-10 (target 3.013632885995321e-10)
2021-02-27 14:41:52,052 INFO Delta 6.739812041800519e-10 (target 3.013632885995321e-10)
2021-02-27 14:42:01,145 INFO Delta 4.934226360830962e-10 (target 3.013632885995321e-10)
2021-02-27 14:42:10,310 INFO Delta 3.545954363470827e-10 (target 3.013632885995321e-10)
2021-02-27 14:42:22,407 INFO Delta 2.880050087306074e-10 (target 3.013632885995321e-10)
