2021-02-17 14:15:19,189 DEBUG Using fontManager instance from /Users/wdiepeveen/.matplotlib/fontlist-v330.json
2021-02-17 14:15:19,380 INFO This script illustrates orientation refinement using lRCPA as primal-dual splitting method
2021-02-17 14:15:19,387 DEBUG Corresponding type is already real float32.
2021-02-17 14:15:19,387 DEBUG nufft passed real_type for signal, converting
2021-02-17 14:15:19,387 INFO Trying NFFT backend finufft
2021-02-17 14:15:19,392 INFO NFFT backend finufft usable.
2021-02-17 14:15:19,392 INFO Trying NFFT backend cufinufft
2021-02-17 14:15:19,393 INFO NFFT backend cufinufft not usable:
	No module named 'pycuda'
2021-02-17 14:15:19,393 INFO Trying NFFT backend pynfft
2021-02-17 14:15:19,393 INFO NFFT backend pynfft not usable:
	No module named 'pynfft'
2021-02-17 14:15:19,393 INFO Selected NFFT backend = finufft.
2021-02-17 14:15:19,397 DEBUG FinufftPlan adjusted eps=1.1920928955078125e-07 from requested 1e-08.
2021-02-17 14:15:19,573 INFO Applying forward transformations in pipeline
2021-02-17 14:15:19,573 INFO All forward transformations applied
2021-02-17 14:15:19,574 INFO Loaded 128 images
2021-02-17 14:15:19,595 INFO ========= Iteration 1 =========
2021-02-17 14:15:19,595 INFO Iteration 1 | descent step u
2021-02-17 14:15:19,601 DEBUG Corresponding type is already real float32.
2021-02-17 14:15:19,601 DEBUG nufft passed real_type for signal, converting
2021-02-17 14:15:19,605 DEBUG FinufftPlan adjusted eps=1.1920928955078125e-07 from requested 1e-08.
2021-02-17 14:15:19,739 DEBUG Corresponding type is already complex complex64.
2021-02-17 14:15:19,743 DEBUG FinufftPlan adjusted eps=1.1920928955078125e-07 from requested 1e-08.
2021-02-17 14:15:19,769 INFO Determined adjoint mappings. Shape = (33, 33, 33)
2021-02-17 14:15:19,769 INFO Iteration 1 | primal-dual step g
2021-02-17 14:15:19,777 DEBUG Corresponding type is already real float32.
2021-02-17 14:15:19,777 DEBUG nufft passed real_type for signal, converting
2021-02-17 14:15:19,781 DEBUG FinufftPlan adjusted eps=1.1920928955078125e-07 from requested 1e-08.
2021-02-17 14:15:19,874 DEBUG Corresponding type is already real float32.
2021-02-17 14:15:19,874 DEBUG nufft passed real_type for signal, converting
2021-02-17 14:15:19,880 DEBUG FinufftPlan adjusted eps=1.1920928955078125e-07 from requested 1e-08.
2021-02-17 14:15:19,966 DEBUG Corresponding type is already real float32.
2021-02-17 14:15:19,966 DEBUG nufft passed real_type for signal, converting
2021-02-17 14:15:19,971 DEBUG FinufftPlan adjusted eps=1.1920928955078125e-07 from requested 1e-08.
2021-02-17 14:15:20,057 DEBUG Corresponding type is already real float32.
2021-02-17 14:15:20,057 DEBUG nufft passed real_type for signal, converting
2021-02-17 14:15:20,062 DEBUG FinufftPlan adjusted eps=1.1920928955078125e-07 from requested 1e-08.
2021-02-17 14:15:20,144 DEBUG Corresponding type is already real float32.
2021-02-17 14:15:20,144 DEBUG nufft passed real_type for signal, converting
2021-02-17 14:15:20,148 DEBUG FinufftPlan adjusted eps=1.1920928955078125e-07 from requested 1e-08.
2021-02-17 14:15:20,230 DEBUG Corresponding type is already real float32.
2021-02-17 14:15:20,230 DEBUG nufft passed real_type for signal, converting
2021-02-17 14:15:20,236 DEBUG FinufftPlan adjusted eps=1.1920928955078125e-07 from requested 1e-08.
2021-02-17 14:15:22,811 CRITICAL operands could not be broadcast together with shapes (33,33,33) (3,) 
Traceback:
  File "/Users/wdiepeveen/Documents/PhD/Projects/2 - Cryo-EM/src/src/Cryo-EM/test.py", line 55, in <module>
    volume = solver.solve()
  File "/Users/wdiepeveen/Documents/PhD/Projects/2 - Cryo-EM/src/src/Cryo-EM/solvers/primal_dual_solver.py", line 110, in solve
    self.primal_dual_step_g()
  File "/Users/wdiepeveen/Documents/PhD/Projects/2 - Cryo-EM/src/src/Cryo-EM/solvers/primal_dual_solver.py", line 147, in primal_dual_step_g
    manifold.log(m, new_rots))
  File "/Users/wdiepeveen/Documents/PhD/Projects/2 - Cryo-EM/src/src/Cryo-EM/functions/differentials.py", line 37, in differential_forward_rot
    vol21 * eta[1, 0] + vol31 * eta[2, 0] + vol32 * eta[2, 1]

