2021-02-16 10:25:29,170 DEBUG Using fontManager instance from /Users/wdiepeveen/.matplotlib/fontlist-v330.json
2021-02-16 10:25:29,380 INFO This script illustrates orientation refinement using lRCPA as primal-dual splitting method
2021-02-16 10:25:29,388 DEBUG Corresponding type is already real float32.
2021-02-16 10:25:29,388 DEBUG nufft passed real_type for signal, converting
2021-02-16 10:25:29,388 INFO Trying NFFT backend finufft
2021-02-16 10:25:29,394 INFO NFFT backend finufft usable.
2021-02-16 10:25:29,394 INFO Trying NFFT backend cufinufft
2021-02-16 10:25:29,395 INFO NFFT backend cufinufft not usable:
	No module named 'pycuda'
2021-02-16 10:25:29,395 INFO Trying NFFT backend pynfft
2021-02-16 10:25:29,395 INFO NFFT backend pynfft not usable:
	No module named 'pynfft'
2021-02-16 10:25:29,395 INFO Selected NFFT backend = finufft.
2021-02-16 10:25:29,399 DEBUG FinufftPlan adjusted eps=1.1920928955078125e-07 from requested 1e-08.
2021-02-16 10:25:29,573 INFO Applying forward transformations in pipeline
2021-02-16 10:25:29,573 INFO All forward transformations applied
2021-02-16 10:25:29,573 INFO Loaded 128 images
2021-02-16 10:25:29,574 WARNING PrimalDualProblem vols.dtype float64 != self.dtype float32. In the future this will raise an error.
2021-02-16 10:25:29,599 INFO Testing data fidelity
2021-02-16 10:25:29,601 WARNING Volume rot_matrices.dtype float32 != self.dtype float64. In the future this will raise an error.
2021-02-16 10:25:29,607 DEBUG Corresponding type is already real float64.
2021-02-16 10:25:29,607 WARNING nufft passed inconsistent dtypes. fourier_pts: float32 forcing precision of signal data: float64.
2021-02-16 10:25:29,607 DEBUG Corresponding type is already real float64.
2021-02-16 10:25:29,609 DEBUG nufft passed real_type for signal, converting
2021-02-16 10:25:29,767 INFO Testing grad norm fidelity
2021-02-16 10:25:29,770 INFO Testing rotation fidelity
2021-02-16 10:25:29,978 INFO Testing differential
2021-02-16 10:25:29,983 WARNING Volume rot_matrices.dtype float32 != self.dtype float64. In the future this will raise an error.
2021-02-16 10:25:31,978 CRITICAL 'InnerProductOperator' object has no attribute 'dtype'
Traceback:
  File "/Users/wdiepeveen/Documents/PhD/Projects/2 - Cryo-EM/src/src/Cryo-EM/test.py", line 62, in <module>
    print(differential_forward_rot(prob, eta))
  File "/Users/wdiepeveen/Documents/PhD/Projects/2 - Cryo-EM/src/src/Cryo-EM/functions/differentials.py", line 34, in differential_forward_rot
    differential = src.forward(vol=new_vol)
  File "/Users/wdiepeveen/Documents/PhD/Projects/2 - Cryo-EM/src/src/Cryo-EM/problems/primal_dual_problem.py", line 131, in forward
    im = self.projections(start=start, num=num, indices=indices, vol=vol)
  File "/Users/wdiepeveen/Documents/PhD/Projects/2 - Cryo-EM/src/src/Cryo-EM/problems/primal_dual_problem.py", line 123, in projections
    im = vol.project(vol_idx=0, rot_matrices=self.rots)
  File "/Users/wdiepeveen/PycharmProjects/Cryo-EM/lib/python3.6/site-packages/aspire/volume/__init__.py", line 152, in project
    im_f = nufft(data, pts_rot) / self.resolution
  File "/Users/wdiepeveen/PycharmProjects/Cryo-EM/lib/python3.6/site-packages/aspire/nufft/__init__.py", line 198, in nufft
    if fourier_pts.dtype != real_type(sig_f.dtype):

