2021-02-17 14:43:58,554 DEBUG Using fontManager instance from /Users/wdiepeveen/.matplotlib/fontlist-v330.json
2021-02-17 14:43:58,761 INFO This script illustrates orientation refinement using lRCPA as primal-dual splitting method
2021-02-17 14:43:58,771 DEBUG Corresponding type is already real float32.
2021-02-17 14:43:58,772 DEBUG nufft passed real_type for signal, converting
2021-02-17 14:43:58,772 INFO Trying NFFT backend finufft
2021-02-17 14:43:58,779 INFO NFFT backend finufft usable.
2021-02-17 14:43:58,779 INFO Trying NFFT backend cufinufft
2021-02-17 14:43:58,780 INFO NFFT backend cufinufft not usable:
	No module named 'pycuda'
2021-02-17 14:43:58,780 INFO Trying NFFT backend pynfft
2021-02-17 14:43:58,780 INFO NFFT backend pynfft not usable:
	No module named 'pynfft'
2021-02-17 14:43:58,780 INFO Selected NFFT backend = finufft.
2021-02-17 14:43:58,784 DEBUG FinufftPlan adjusted eps=1.1920928955078125e-07 from requested 1e-08.
2021-02-17 14:43:58,977 INFO Applying forward transformations in pipeline
2021-02-17 14:43:58,977 INFO All forward transformations applied
2021-02-17 14:43:58,978 INFO Loaded 128 images
2021-02-17 14:43:59,012 INFO ========= Iteration 1 =========
2021-02-17 14:43:59,012 INFO Iteration 1 | descent step u
2021-02-17 14:43:59,020 DEBUG Corresponding type is already real float32.
2021-02-17 14:43:59,020 DEBUG nufft passed real_type for signal, converting
2021-02-17 14:43:59,025 DEBUG FinufftPlan adjusted eps=1.1920928955078125e-07 from requested 1e-08.
2021-02-17 14:43:59,191 DEBUG Corresponding type is already complex complex64.
2021-02-17 14:43:59,196 DEBUG FinufftPlan adjusted eps=1.1920928955078125e-07 from requested 1e-08.
2021-02-17 14:43:59,219 INFO Determined adjoint mappings. Shape = (33, 33, 33)
2021-02-17 14:43:59,220 INFO Iteration 1 | primal-dual step g
2021-02-17 14:43:59,230 DEBUG Corresponding type is already real float32.
2021-02-17 14:43:59,230 DEBUG nufft passed real_type for signal, converting
2021-02-17 14:43:59,234 DEBUG FinufftPlan adjusted eps=1.1920928955078125e-07 from requested 1e-08.
2021-02-17 14:43:59,331 DEBUG Corresponding type is already real float32.
2021-02-17 14:43:59,331 DEBUG nufft passed real_type for signal, converting
2021-02-17 14:43:59,335 DEBUG FinufftPlan adjusted eps=1.1920928955078125e-07 from requested 1e-08.
2021-02-17 14:43:59,417 DEBUG Corresponding type is already real float32.
2021-02-17 14:43:59,417 DEBUG nufft passed real_type for signal, converting
2021-02-17 14:43:59,422 DEBUG FinufftPlan adjusted eps=1.1920928955078125e-07 from requested 1e-08.
2021-02-17 14:43:59,506 DEBUG Corresponding type is already real float32.
2021-02-17 14:43:59,506 DEBUG nufft passed real_type for signal, converting
2021-02-17 14:43:59,510 DEBUG FinufftPlan adjusted eps=1.1920928955078125e-07 from requested 1e-08.
2021-02-17 14:43:59,596 DEBUG Corresponding type is already real float32.
2021-02-17 14:43:59,596 DEBUG nufft passed real_type for signal, converting
2021-02-17 14:43:59,601 DEBUG FinufftPlan adjusted eps=1.1920928955078125e-07 from requested 1e-08.
2021-02-17 14:43:59,683 DEBUG Corresponding type is already real float32.
2021-02-17 14:43:59,683 DEBUG nufft passed real_type for signal, converting
2021-02-17 14:43:59,688 DEBUG FinufftPlan adjusted eps=1.1920928955078125e-07 from requested 1e-08.
2021-02-17 14:44:00,418 DEBUG Corresponding type is already real float32.
2021-02-17 14:44:00,418 DEBUG nufft passed real_type for signal, converting
2021-02-17 14:44:00,421 DEBUG FinufftPlan adjusted eps=1.1920928955078125e-07 from requested 1e-08.
2021-02-17 14:44:00,515 DEBUG Corresponding type is already real float32.
2021-02-17 14:44:00,515 DEBUG nufft passed real_type for signal, converting
2021-02-17 14:44:00,519 DEBUG FinufftPlan adjusted eps=1.1920928955078125e-07 from requested 1e-08.
2021-02-17 14:44:00,607 DEBUG Corresponding type is already real float32.
2021-02-17 14:44:00,607 DEBUG nufft passed real_type for signal, converting
2021-02-17 14:44:00,611 DEBUG FinufftPlan adjusted eps=1.1920928955078125e-07 from requested 1e-08.
2021-02-17 14:44:00,696 DEBUG Corresponding type is already real float32.
2021-02-17 14:44:00,697 DEBUG nufft passed real_type for signal, converting
2021-02-17 14:44:00,701 DEBUG FinufftPlan adjusted eps=1.1920928955078125e-07 from requested 1e-08.
2021-02-17 14:44:00,788 DEBUG Corresponding type is already real float32.
2021-02-17 14:44:00,788 DEBUG nufft passed real_type for signal, converting
2021-02-17 14:44:00,793 DEBUG FinufftPlan adjusted eps=1.1920928955078125e-07 from requested 1e-08.
2021-02-17 14:44:00,882 DEBUG Corresponding type is already real float32.
2021-02-17 14:44:00,882 DEBUG nufft passed real_type for signal, converting
2021-02-17 14:44:00,887 DEBUG FinufftPlan adjusted eps=1.1920928955078125e-07 from requested 1e-08.
2021-02-17 14:44:02,782 CRITICAL unsupported operand type(s) for *: 'float' and 'Image'
Traceback:
  File "/Users/wdiepeveen/Documents/PhD/Projects/2 - Cryo-EM/src/src/Cryo-EM/test.py", line 55, in <module>
    volume = solver.solve()
  File "/Users/wdiepeveen/Documents/PhD/Projects/2 - Cryo-EM/src/src/Cryo-EM/solvers/primal_dual_solver.py", line 110, in solve
    self.primal_dual_step_g()
  File "/Users/wdiepeveen/Documents/PhD/Projects/2 - Cryo-EM/src/src/Cryo-EM/solvers/primal_dual_solver.py", line 146, in primal_dual_step_g
    manifold.log(m, new_rots))

