2021-02-17 14:50:11,048 DEBUG Using fontManager instance from /Users/wdiepeveen/.matplotlib/fontlist-v330.json
2021-02-17 14:50:11,288 INFO This script illustrates orientation refinement using lRCPA as primal-dual splitting method
2021-02-17 14:50:11,299 DEBUG Corresponding type is already real float32.
2021-02-17 14:50:11,299 DEBUG nufft passed real_type for signal, converting
2021-02-17 14:50:11,299 INFO Trying NFFT backend finufft
2021-02-17 14:50:11,306 INFO NFFT backend finufft usable.
2021-02-17 14:50:11,307 INFO Trying NFFT backend cufinufft
2021-02-17 14:50:11,307 INFO NFFT backend cufinufft not usable:
	No module named 'pycuda'
2021-02-17 14:50:11,307 INFO Trying NFFT backend pynfft
2021-02-17 14:50:11,307 INFO NFFT backend pynfft not usable:
	No module named 'pynfft'
2021-02-17 14:50:11,307 INFO Selected NFFT backend = finufft.
2021-02-17 14:50:11,311 DEBUG FinufftPlan adjusted eps=1.1920928955078125e-07 from requested 1e-08.
2021-02-17 14:50:11,477 INFO Applying forward transformations in pipeline
2021-02-17 14:50:11,478 INFO All forward transformations applied
2021-02-17 14:50:11,478 INFO Loaded 128 images
2021-02-17 14:50:11,502 INFO ========= Iteration 1 =========
2021-02-17 14:50:11,503 INFO Iteration 1 | descent step u
2021-02-17 14:50:11,509 DEBUG Corresponding type is already real float32.
2021-02-17 14:50:11,509 DEBUG nufft passed real_type for signal, converting
2021-02-17 14:50:11,515 DEBUG FinufftPlan adjusted eps=1.1920928955078125e-07 from requested 1e-08.
2021-02-17 14:50:11,650 DEBUG Corresponding type is already complex complex64.
2021-02-17 14:50:11,654 DEBUG FinufftPlan adjusted eps=1.1920928955078125e-07 from requested 1e-08.
2021-02-17 14:50:11,676 INFO Determined adjoint mappings. Shape = (33, 33, 33)
2021-02-17 14:50:11,676 INFO Iteration 1 | primal-dual step g
2021-02-17 14:50:11,687 DEBUG Corresponding type is already real float32.
2021-02-17 14:50:11,687 DEBUG nufft passed real_type for signal, converting
2021-02-17 14:50:11,691 DEBUG FinufftPlan adjusted eps=1.1920928955078125e-07 from requested 1e-08.
2021-02-17 14:50:11,778 DEBUG Corresponding type is already real float32.
2021-02-17 14:50:11,778 DEBUG nufft passed real_type for signal, converting
2021-02-17 14:50:11,783 DEBUG FinufftPlan adjusted eps=1.1920928955078125e-07 from requested 1e-08.
2021-02-17 14:50:11,874 DEBUG Corresponding type is already real float32.
2021-02-17 14:50:11,874 DEBUG nufft passed real_type for signal, converting
2021-02-17 14:50:11,878 DEBUG FinufftPlan adjusted eps=1.1920928955078125e-07 from requested 1e-08.
2021-02-17 14:50:11,961 DEBUG Corresponding type is already real float32.
2021-02-17 14:50:11,961 DEBUG nufft passed real_type for signal, converting
2021-02-17 14:50:11,965 DEBUG FinufftPlan adjusted eps=1.1920928955078125e-07 from requested 1e-08.
2021-02-17 14:50:12,051 DEBUG Corresponding type is already real float32.
2021-02-17 14:50:12,051 DEBUG nufft passed real_type for signal, converting
2021-02-17 14:50:12,056 DEBUG FinufftPlan adjusted eps=1.1920928955078125e-07 from requested 1e-08.
2021-02-17 14:50:12,145 DEBUG Corresponding type is already real float32.
2021-02-17 14:50:12,146 DEBUG nufft passed real_type for signal, converting
2021-02-17 14:50:12,150 DEBUG FinufftPlan adjusted eps=1.1920928955078125e-07 from requested 1e-08.
2021-02-17 14:50:12,928 DEBUG Corresponding type is already real float32.
2021-02-17 14:50:12,928 DEBUG nufft passed real_type for signal, converting
2021-02-17 14:50:12,931 DEBUG FinufftPlan adjusted eps=1.1920928955078125e-07 from requested 1e-08.
2021-02-17 14:50:13,030 DEBUG Corresponding type is already real float32.
2021-02-17 14:50:13,030 DEBUG nufft passed real_type for signal, converting
2021-02-17 14:50:13,036 DEBUG FinufftPlan adjusted eps=1.1920928955078125e-07 from requested 1e-08.
2021-02-17 14:50:13,129 DEBUG Corresponding type is already real float32.
2021-02-17 14:50:13,130 DEBUG nufft passed real_type for signal, converting
2021-02-17 14:50:13,135 DEBUG FinufftPlan adjusted eps=1.1920928955078125e-07 from requested 1e-08.
2021-02-17 14:50:13,221 DEBUG Corresponding type is already real float32.
2021-02-17 14:50:13,221 DEBUG nufft passed real_type for signal, converting
2021-02-17 14:50:13,226 DEBUG FinufftPlan adjusted eps=1.1920928955078125e-07 from requested 1e-08.
2021-02-17 14:50:13,313 DEBUG Corresponding type is already real float32.
2021-02-17 14:50:13,313 DEBUG nufft passed real_type for signal, converting
2021-02-17 14:50:13,317 DEBUG FinufftPlan adjusted eps=1.1920928955078125e-07 from requested 1e-08.
2021-02-17 14:50:13,402 DEBUG Corresponding type is already real float32.
2021-02-17 14:50:13,402 DEBUG nufft passed real_type for signal, converting
2021-02-17 14:50:13,407 DEBUG FinufftPlan adjusted eps=1.1920928955078125e-07 from requested 1e-08.
2021-02-17 14:50:13,676 DEBUG Corresponding type is already real float32.
2021-02-17 14:50:13,676 DEBUG nufft passed real_type for signal, converting
2021-02-17 14:50:13,680 DEBUG FinufftPlan adjusted eps=1.1920928955078125e-07 from requested 1e-08.
2021-02-17 14:50:13,774 DEBUG Corresponding type is already real float32.
2021-02-17 14:50:13,774 DEBUG nufft passed real_type for signal, converting
2021-02-17 14:50:13,780 DEBUG FinufftPlan adjusted eps=1.1920928955078125e-07 from requested 1e-08.
2021-02-17 14:50:13,874 DEBUG Corresponding type is already real float32.
2021-02-17 14:50:13,874 DEBUG nufft passed real_type for signal, converting
2021-02-17 14:50:13,878 DEBUG FinufftPlan adjusted eps=1.1920928955078125e-07 from requested 1e-08.
2021-02-17 14:50:13,970 DEBUG Corresponding type is already real float32.
2021-02-17 14:50:13,971 DEBUG nufft passed real_type for signal, converting
2021-02-17 14:50:13,975 DEBUG FinufftPlan adjusted eps=1.1920928955078125e-07 from requested 1e-08.
2021-02-17 14:50:14,062 DEBUG Corresponding type is already real float32.
2021-02-17 14:50:14,062 DEBUG nufft passed real_type for signal, converting
2021-02-17 14:50:14,067 DEBUG FinufftPlan adjusted eps=1.1920928955078125e-07 from requested 1e-08.
2021-02-17 14:50:14,156 DEBUG Corresponding type is already real float32.
2021-02-17 14:50:14,156 DEBUG nufft passed real_type for signal, converting
2021-02-17 14:50:14,161 DEBUG FinufftPlan adjusted eps=1.1920928955078125e-07 from requested 1e-08.
2021-02-17 14:50:16,162 CRITICAL unsupported operand type(s) for *: 'float' and 'Image'
Traceback:
  File "/Users/wdiepeveen/Documents/PhD/Projects/2 - Cryo-EM/src/src/Cryo-EM/test.py", line 56, in <module>
    volume = solver.solve()
  File "/Users/wdiepeveen/Documents/PhD/Projects/2 - Cryo-EM/src/src/Cryo-EM/solvers/primal_dual_solver.py", line 110, in solve
    self.primal_dual_step_g()
  File "/Users/wdiepeveen/Documents/PhD/Projects/2 - Cryo-EM/src/src/Cryo-EM/solvers/primal_dual_solver.py", line 149, in primal_dual_step_g
    manifold.log(m, new_rots))

