2021-02-17 16:49:20,472 DEBUG Using fontManager instance from /Users/wdiepeveen/.matplotlib/fontlist-v330.json
2021-02-17 16:49:20,704 INFO This script illustrates orientation refinement using lRCPA as primal-dual splitting method
2021-02-17 16:49:20,715 DEBUG Corresponding type is already real float32.
2021-02-17 16:49:20,715 DEBUG nufft passed real_type for signal, converting
2021-02-17 16:49:20,715 INFO Trying NFFT backend finufft
2021-02-17 16:49:20,723 INFO NFFT backend finufft usable.
2021-02-17 16:49:20,723 INFO Trying NFFT backend cufinufft
2021-02-17 16:49:20,724 INFO NFFT backend cufinufft not usable:
	No module named 'pycuda'
2021-02-17 16:49:20,724 INFO Trying NFFT backend pynfft
2021-02-17 16:49:20,725 INFO NFFT backend pynfft not usable:
	No module named 'pynfft'
2021-02-17 16:49:20,725 INFO Selected NFFT backend = finufft.
2021-02-17 16:49:20,729 DEBUG FinufftPlan adjusted eps=1.1920928955078125e-07 from requested 1e-08.
2021-02-17 16:49:20,894 INFO Applying forward transformations in pipeline
2021-02-17 16:49:20,894 INFO All forward transformations applied
2021-02-17 16:49:20,894 INFO Loaded 128 images
2021-02-17 16:49:20,921 INFO ========= Iteration 1 =========
2021-02-17 16:49:20,922 INFO Iteration 1 | descent step u
2021-02-17 16:49:20,928 DEBUG Corresponding type is already real float32.
2021-02-17 16:49:20,928 DEBUG nufft passed real_type for signal, converting
2021-02-17 16:49:20,933 DEBUG FinufftPlan adjusted eps=1.1920928955078125e-07 from requested 1e-08.
2021-02-17 16:49:21,069 DEBUG Corresponding type is already complex complex64.
2021-02-17 16:49:21,073 DEBUG FinufftPlan adjusted eps=1.1920928955078125e-07 from requested 1e-08.
2021-02-17 16:49:21,099 INFO Determined adjoint mappings. Shape = (33, 33, 33)
2021-02-17 16:49:21,103 INFO Iteration 1 | primal-dual step g
2021-02-17 16:49:21,111 DEBUG Corresponding type is already real float32.
2021-02-17 16:49:21,111 DEBUG nufft passed real_type for signal, converting
2021-02-17 16:49:21,114 DEBUG FinufftPlan adjusted eps=1.1920928955078125e-07 from requested 1e-08.
2021-02-17 16:49:21,202 DEBUG Corresponding type is already real float32.
2021-02-17 16:49:21,202 DEBUG nufft passed real_type for signal, converting
2021-02-17 16:49:21,207 DEBUG FinufftPlan adjusted eps=1.1920928955078125e-07 from requested 1e-08.
2021-02-17 16:49:21,292 DEBUG Corresponding type is already real float32.
2021-02-17 16:49:21,292 DEBUG nufft passed real_type for signal, converting
2021-02-17 16:49:21,298 DEBUG FinufftPlan adjusted eps=1.1920928955078125e-07 from requested 1e-08.
2021-02-17 16:49:21,380 DEBUG Corresponding type is already real float32.
2021-02-17 16:49:21,381 DEBUG nufft passed real_type for signal, converting
2021-02-17 16:49:21,385 DEBUG FinufftPlan adjusted eps=1.1920928955078125e-07 from requested 1e-08.
2021-02-17 16:49:21,469 DEBUG Corresponding type is already real float32.
2021-02-17 16:49:21,469 DEBUG nufft passed real_type for signal, converting
2021-02-17 16:49:21,474 DEBUG FinufftPlan adjusted eps=1.1920928955078125e-07 from requested 1e-08.
2021-02-17 16:49:21,558 DEBUG Corresponding type is already real float32.
2021-02-17 16:49:21,558 DEBUG nufft passed real_type for signal, converting
2021-02-17 16:49:21,564 DEBUG FinufftPlan adjusted eps=1.1920928955078125e-07 from requested 1e-08.
2021-02-17 16:49:22,264 WARNING Volume.dtype float64 inconsistent with float32
2021-02-17 16:49:22,265 WARNING Volume rot_matrices.dtype float32 != self.dtype float64. In the future this will raise an error.
2021-02-17 16:49:22,270 DEBUG Corresponding type is already real float64.
2021-02-17 16:49:22,270 WARNING nufft passed inconsistent dtypes. fourier_pts: float32 forcing precision of signal data: float64.
2021-02-17 16:49:22,270 DEBUG Corresponding type is already real float64.
2021-02-17 16:49:22,272 DEBUG nufft passed real_type for signal, converting
2021-02-17 16:49:22,438 WARNING Volume.dtype float64 inconsistent with float32
2021-02-17 16:49:22,438 WARNING Volume rot_matrices.dtype float32 != self.dtype float64. In the future this will raise an error.
2021-02-17 16:49:22,442 DEBUG Corresponding type is already real float64.
2021-02-17 16:49:22,442 WARNING nufft passed inconsistent dtypes. fourier_pts: float32 forcing precision of signal data: float64.
2021-02-17 16:49:22,442 DEBUG Corresponding type is already real float64.
2021-02-17 16:49:22,443 DEBUG nufft passed real_type for signal, converting
2021-02-17 16:49:22,559 WARNING Volume.dtype float64 inconsistent with float32
2021-02-17 16:49:22,559 WARNING Volume rot_matrices.dtype float32 != self.dtype float64. In the future this will raise an error.
2021-02-17 16:49:22,564 DEBUG Corresponding type is already real float64.
2021-02-17 16:49:22,564 WARNING nufft passed inconsistent dtypes. fourier_pts: float32 forcing precision of signal data: float64.
2021-02-17 16:49:22,564 DEBUG Corresponding type is already real float64.
2021-02-17 16:49:22,565 DEBUG nufft passed real_type for signal, converting
2021-02-17 16:49:22,673 WARNING Volume.dtype float64 inconsistent with float32
2021-02-17 16:49:22,673 WARNING Volume rot_matrices.dtype float32 != self.dtype float64. In the future this will raise an error.
2021-02-17 16:49:22,678 DEBUG Corresponding type is already real float64.
2021-02-17 16:49:22,678 WARNING nufft passed inconsistent dtypes. fourier_pts: float32 forcing precision of signal data: float64.
2021-02-17 16:49:22,678 DEBUG Corresponding type is already real float64.
2021-02-17 16:49:22,682 DEBUG nufft passed real_type for signal, converting
2021-02-17 16:49:22,806 WARNING Volume.dtype float64 inconsistent with float32
2021-02-17 16:49:22,806 WARNING Volume rot_matrices.dtype float32 != self.dtype float64. In the future this will raise an error.
2021-02-17 16:49:22,811 DEBUG Corresponding type is already real float64.
2021-02-17 16:49:22,811 WARNING nufft passed inconsistent dtypes. fourier_pts: float32 forcing precision of signal data: float64.
2021-02-17 16:49:22,812 DEBUG Corresponding type is already real float64.
2021-02-17 16:49:22,812 DEBUG nufft passed real_type for signal, converting
2021-02-17 16:49:22,927 WARNING Volume.dtype float64 inconsistent with float32
2021-02-17 16:49:22,927 WARNING Volume rot_matrices.dtype float32 != self.dtype float64. In the future this will raise an error.
2021-02-17 16:49:22,931 DEBUG Corresponding type is already real float64.
2021-02-17 16:49:22,931 WARNING nufft passed inconsistent dtypes. fourier_pts: float32 forcing precision of signal data: float64.
2021-02-17 16:49:22,931 DEBUG Corresponding type is already real float64.
2021-02-17 16:49:22,932 DEBUG nufft passed real_type for signal, converting
2021-02-17 16:49:23,054 DEBUG Corresponding type is already real float32.
2021-02-17 16:49:23,054 DEBUG nufft passed real_type for signal, converting
2021-02-17 16:49:23,059 DEBUG FinufftPlan adjusted eps=1.1920928955078125e-07 from requested 1e-08.
2021-02-17 16:49:23,355 INFO Iteration 1 | Cost = 3.0854372791208237e-10 | Relative Error = 1.0
2021-02-17 16:49:23,355 INFO ========= Iteration 2 =========
2021-02-17 16:49:23,355 INFO Iteration 2 | descent step u
2021-02-17 16:49:23,360 DEBUG Corresponding type is already real float32.
2021-02-17 16:49:23,360 DEBUG nufft passed real_type for signal, converting
2021-02-17 16:49:23,363 DEBUG FinufftPlan adjusted eps=1.1920928955078125e-07 from requested 1e-08.
2021-02-17 16:49:23,507 DEBUG Corresponding type is already complex complex64.
2021-02-17 16:49:23,512 DEBUG FinufftPlan adjusted eps=1.1920928955078125e-07 from requested 1e-08.
2021-02-17 16:49:23,536 INFO Determined adjoint mappings. Shape = (33, 33, 33)
2021-02-17 16:49:23,539 INFO Iteration 2 | primal-dual step g
2021-02-17 16:49:23,547 DEBUG Corresponding type is already real float32.
2021-02-17 16:49:23,547 DEBUG nufft passed real_type for signal, converting
2021-02-17 16:49:23,551 DEBUG FinufftPlan adjusted eps=1.1920928955078125e-07 from requested 1e-08.
2021-02-17 16:49:23,635 DEBUG Corresponding type is already real float32.
2021-02-17 16:49:23,635 DEBUG nufft passed real_type for signal, converting
2021-02-17 16:49:23,641 DEBUG FinufftPlan adjusted eps=1.1920928955078125e-07 from requested 1e-08.
2021-02-17 16:49:23,728 DEBUG Corresponding type is already real float32.
2021-02-17 16:49:23,728 DEBUG nufft passed real_type for signal, converting
2021-02-17 16:49:23,734 DEBUG FinufftPlan adjusted eps=1.1920928955078125e-07 from requested 1e-08.
2021-02-17 16:49:23,824 DEBUG Corresponding type is already real float32.
2021-02-17 16:49:23,824 DEBUG nufft passed real_type for signal, converting
2021-02-17 16:49:23,828 DEBUG FinufftPlan adjusted eps=1.1920928955078125e-07 from requested 1e-08.
2021-02-17 16:49:23,909 DEBUG Corresponding type is already real float32.
2021-02-17 16:49:23,909 DEBUG nufft passed real_type for signal, converting
2021-02-17 16:49:23,914 DEBUG FinufftPlan adjusted eps=1.1920928955078125e-07 from requested 1e-08.
2021-02-17 16:49:23,994 DEBUG Corresponding type is already real float32.
2021-02-17 16:49:23,994 DEBUG nufft passed real_type for signal, converting
2021-02-17 16:49:23,999 DEBUG FinufftPlan adjusted eps=1.1920928955078125e-07 from requested 1e-08.
2021-02-17 16:49:24,689 WARNING Volume.dtype float64 inconsistent with float32
2021-02-17 16:49:24,689 WARNING Volume rot_matrices.dtype float32 != self.dtype float64. In the future this will raise an error.
2021-02-17 16:49:24,694 DEBUG Corresponding type is already real float64.
2021-02-17 16:49:24,694 WARNING nufft passed inconsistent dtypes. fourier_pts: float32 forcing precision of signal data: float64.
2021-02-17 16:49:24,694 DEBUG Corresponding type is already real float64.
2021-02-17 16:49:24,695 DEBUG nufft passed real_type for signal, converting
2021-02-17 16:49:24,813 WARNING Volume.dtype float64 inconsistent with float32
2021-02-17 16:49:24,813 WARNING Volume rot_matrices.dtype float32 != self.dtype float64. In the future this will raise an error.
2021-02-17 16:49:24,819 DEBUG Corresponding type is already real float64.
2021-02-17 16:49:24,819 WARNING nufft passed inconsistent dtypes. fourier_pts: float32 forcing precision of signal data: float64.
2021-02-17 16:49:24,819 DEBUG Corresponding type is already real float64.
2021-02-17 16:49:24,819 DEBUG nufft passed real_type for signal, converting
2021-02-17 16:49:24,937 WARNING Volume.dtype float64 inconsistent with float32
2021-02-17 16:49:24,937 WARNING Volume rot_matrices.dtype float32 != self.dtype float64. In the future this will raise an error.
2021-02-17 16:49:24,941 DEBUG Corresponding type is already real float64.
2021-02-17 16:49:24,941 WARNING nufft passed inconsistent dtypes. fourier_pts: float32 forcing precision of signal data: float64.
2021-02-17 16:49:24,942 DEBUG Corresponding type is already real float64.
2021-02-17 16:49:24,946 DEBUG nufft passed real_type for signal, converting
2021-02-17 16:49:25,057 WARNING Volume.dtype float64 inconsistent with float32
2021-02-17 16:49:25,058 WARNING Volume rot_matrices.dtype float32 != self.dtype float64. In the future this will raise an error.
2021-02-17 16:49:25,062 DEBUG Corresponding type is already real float64.
2021-02-17 16:49:25,062 WARNING nufft passed inconsistent dtypes. fourier_pts: float32 forcing precision of signal data: float64.
2021-02-17 16:49:25,062 DEBUG Corresponding type is already real float64.
2021-02-17 16:49:25,062 DEBUG nufft passed real_type for signal, converting
2021-02-17 16:49:25,175 WARNING Volume.dtype float64 inconsistent with float32
2021-02-17 16:49:25,176 WARNING Volume rot_matrices.dtype float32 != self.dtype float64. In the future this will raise an error.
2021-02-17 16:49:25,181 DEBUG Corresponding type is already real float64.
2021-02-17 16:49:25,181 WARNING nufft passed inconsistent dtypes. fourier_pts: float32 forcing precision of signal data: float64.
2021-02-17 16:49:25,181 DEBUG Corresponding type is already real float64.
2021-02-17 16:49:25,181 DEBUG nufft passed real_type for signal, converting
2021-02-17 16:49:25,291 WARNING Volume.dtype float64 inconsistent with float32
2021-02-17 16:49:25,291 WARNING Volume rot_matrices.dtype float32 != self.dtype float64. In the future this will raise an error.
2021-02-17 16:49:25,295 DEBUG Corresponding type is already real float64.
2021-02-17 16:49:25,295 WARNING nufft passed inconsistent dtypes. fourier_pts: float32 forcing precision of signal data: float64.
2021-02-17 16:49:25,295 DEBUG Corresponding type is already real float64.
2021-02-17 16:49:25,296 DEBUG nufft passed real_type for signal, converting
2021-02-17 16:49:25,417 DEBUG Corresponding type is already real float32.
2021-02-17 16:49:25,417 DEBUG nufft passed real_type for signal, converting
2021-02-17 16:49:25,421 DEBUG FinufftPlan adjusted eps=1.1920928955078125e-07 from requested 1e-08.
2021-02-17 16:49:25,686 INFO Iteration 2 | Cost = 2.423877731173102e-10 | Relative Error = 0.8414875103990979
2021-02-17 16:49:25,686 INFO ========= Iteration 3 =========
2021-02-17 16:49:25,686 INFO Iteration 3 | descent step u
2021-02-17 16:49:25,690 DEBUG Corresponding type is already real float32.
2021-02-17 16:49:25,691 DEBUG nufft passed real_type for signal, converting
2021-02-17 16:49:25,694 DEBUG FinufftPlan adjusted eps=1.1920928955078125e-07 from requested 1e-08.
2021-02-17 16:49:25,825 DEBUG Corresponding type is already complex complex64.
2021-02-17 16:49:25,831 DEBUG FinufftPlan adjusted eps=1.1920928955078125e-07 from requested 1e-08.
2021-02-17 16:49:25,856 INFO Determined adjoint mappings. Shape = (33, 33, 33)
2021-02-17 16:49:25,859 INFO Iteration 3 | primal-dual step g
2021-02-17 16:49:25,867 DEBUG Corresponding type is already real float32.
2021-02-17 16:49:25,867 DEBUG nufft passed real_type for signal, converting
2021-02-17 16:49:25,871 DEBUG FinufftPlan adjusted eps=1.1920928955078125e-07 from requested 1e-08.
2021-02-17 16:49:25,957 DEBUG Corresponding type is already real float32.
2021-02-17 16:49:25,957 DEBUG nufft passed real_type for signal, converting
2021-02-17 16:49:25,962 DEBUG FinufftPlan adjusted eps=1.1920928955078125e-07 from requested 1e-08.
2021-02-17 16:49:26,044 DEBUG Corresponding type is already real float32.
2021-02-17 16:49:26,044 DEBUG nufft passed real_type for signal, converting
2021-02-17 16:49:26,049 DEBUG FinufftPlan adjusted eps=1.1920928955078125e-07 from requested 1e-08.
2021-02-17 16:49:26,133 DEBUG Corresponding type is already real float32.
2021-02-17 16:49:26,133 DEBUG nufft passed real_type for signal, converting
2021-02-17 16:49:26,137 DEBUG FinufftPlan adjusted eps=1.1920928955078125e-07 from requested 1e-08.
2021-02-17 16:49:26,219 DEBUG Corresponding type is already real float32.
2021-02-17 16:49:26,220 DEBUG nufft passed real_type for signal, converting
2021-02-17 16:49:26,224 DEBUG FinufftPlan adjusted eps=1.1920928955078125e-07 from requested 1e-08.
2021-02-17 16:49:26,304 DEBUG Corresponding type is already real float32.
2021-02-17 16:49:26,305 DEBUG nufft passed real_type for signal, converting
2021-02-17 16:49:26,311 DEBUG FinufftPlan adjusted eps=1.1920928955078125e-07 from requested 1e-08.
2021-02-17 16:49:27,134 WARNING Volume.dtype float64 inconsistent with float32
2021-02-17 16:49:27,135 WARNING Volume rot_matrices.dtype float32 != self.dtype float64. In the future this will raise an error.
2021-02-17 16:49:27,140 DEBUG Corresponding type is already real float64.
2021-02-17 16:49:27,140 WARNING nufft passed inconsistent dtypes. fourier_pts: float32 forcing precision of signal data: float64.
2021-02-17 16:49:27,140 DEBUG Corresponding type is already real float64.
2021-02-17 16:49:27,141 DEBUG nufft passed real_type for signal, converting
2021-02-17 16:49:27,265 WARNING Volume.dtype float64 inconsistent with float32
2021-02-17 16:49:27,265 WARNING Volume rot_matrices.dtype float32 != self.dtype float64. In the future this will raise an error.
2021-02-17 16:49:27,269 DEBUG Corresponding type is already real float64.
2021-02-17 16:49:27,270 WARNING nufft passed inconsistent dtypes. fourier_pts: float32 forcing precision of signal data: float64.
2021-02-17 16:49:27,270 DEBUG Corresponding type is already real float64.
2021-02-17 16:49:27,271 DEBUG nufft passed real_type for signal, converting
2021-02-17 16:49:27,406 WARNING Volume.dtype float64 inconsistent with float32
2021-02-17 16:49:27,407 WARNING Volume rot_matrices.dtype float32 != self.dtype float64. In the future this will raise an error.
2021-02-17 16:49:27,414 DEBUG Corresponding type is already real float64.
2021-02-17 16:49:27,415 WARNING nufft passed inconsistent dtypes. fourier_pts: float32 forcing precision of signal data: float64.
2021-02-17 16:49:27,415 DEBUG Corresponding type is already real float64.
2021-02-17 16:49:27,416 DEBUG nufft passed real_type for signal, converting
2021-02-17 16:49:27,532 WARNING Volume.dtype float64 inconsistent with float32
2021-02-17 16:49:27,532 WARNING Volume rot_matrices.dtype float32 != self.dtype float64. In the future this will raise an error.
2021-02-17 16:49:27,537 DEBUG Corresponding type is already real float64.
2021-02-17 16:49:27,537 WARNING nufft passed inconsistent dtypes. fourier_pts: float32 forcing precision of signal data: float64.
2021-02-17 16:49:27,537 DEBUG Corresponding type is already real float64.
2021-02-17 16:49:27,537 DEBUG nufft passed real_type for signal, converting
2021-02-17 16:49:27,672 WARNING Volume.dtype float64 inconsistent with float32
2021-02-17 16:49:27,673 WARNING Volume rot_matrices.dtype float32 != self.dtype float64. In the future this will raise an error.
2021-02-17 16:49:27,678 DEBUG Corresponding type is already real float64.
2021-02-17 16:49:27,678 WARNING nufft passed inconsistent dtypes. fourier_pts: float32 forcing precision of signal data: float64.
2021-02-17 16:49:27,678 DEBUG Corresponding type is already real float64.
2021-02-17 16:49:27,678 DEBUG nufft passed real_type for signal, converting
2021-02-17 16:49:27,799 WARNING Volume.dtype float64 inconsistent with float32
2021-02-17 16:49:27,800 WARNING Volume rot_matrices.dtype float32 != self.dtype float64. In the future this will raise an error.
2021-02-17 16:49:27,805 DEBUG Corresponding type is already real float64.
2021-02-17 16:49:27,805 WARNING nufft passed inconsistent dtypes. fourier_pts: float32 forcing precision of signal data: float64.
2021-02-17 16:49:27,805 DEBUG Corresponding type is already real float64.
2021-02-17 16:49:27,805 DEBUG nufft passed real_type for signal, converting
2021-02-17 16:49:27,927 DEBUG Corresponding type is already real float32.
2021-02-17 16:49:27,927 DEBUG nufft passed real_type for signal, converting
2021-02-17 16:49:27,931 DEBUG FinufftPlan adjusted eps=1.1920928955078125e-07 from requested 1e-08.
2021-02-17 16:49:28,235 INFO Iteration 3 | Cost = 1.9560649243527953e-10 | Relative Error = 0.7165107848874941
2021-02-17 16:49:28,236 INFO ========= Iteration 4 =========
2021-02-17 16:49:28,236 INFO Iteration 4 | descent step u
2021-02-17 16:49:28,246 DEBUG Corresponding type is already real float32.
2021-02-17 16:49:28,247 DEBUG nufft passed real_type for signal, converting
2021-02-17 16:49:28,251 DEBUG FinufftPlan adjusted eps=1.1920928955078125e-07 from requested 1e-08.
2021-02-17 16:49:28,404 DEBUG Corresponding type is already complex complex64.
2021-02-17 16:49:28,410 DEBUG FinufftPlan adjusted eps=1.1920928955078125e-07 from requested 1e-08.
2021-02-17 16:49:28,437 INFO Determined adjoint mappings. Shape = (33, 33, 33)
2021-02-17 16:49:28,442 INFO Iteration 4 | primal-dual step g
2021-02-17 16:49:28,453 DEBUG Corresponding type is already real float32.
2021-02-17 16:49:28,453 DEBUG nufft passed real_type for signal, converting
2021-02-17 16:49:28,457 DEBUG FinufftPlan adjusted eps=1.1920928955078125e-07 from requested 1e-08.
2021-02-17 16:49:28,555 DEBUG Corresponding type is already real float32.
2021-02-17 16:49:28,555 DEBUG nufft passed real_type for signal, converting
2021-02-17 16:49:28,560 DEBUG FinufftPlan adjusted eps=1.1920928955078125e-07 from requested 1e-08.
2021-02-17 16:49:28,666 DEBUG Corresponding type is already real float32.
2021-02-17 16:49:28,666 DEBUG nufft passed real_type for signal, converting
2021-02-17 16:49:28,672 DEBUG FinufftPlan adjusted eps=1.1920928955078125e-07 from requested 1e-08.
2021-02-17 16:49:28,770 DEBUG Corresponding type is already real float32.
2021-02-17 16:49:28,770 DEBUG nufft passed real_type for signal, converting
2021-02-17 16:49:28,774 DEBUG FinufftPlan adjusted eps=1.1920928955078125e-07 from requested 1e-08.
2021-02-17 16:49:28,861 DEBUG Corresponding type is already real float32.
2021-02-17 16:49:28,861 DEBUG nufft passed real_type for signal, converting
2021-02-17 16:49:28,866 DEBUG FinufftPlan adjusted eps=1.1920928955078125e-07 from requested 1e-08.
2021-02-17 16:49:28,966 DEBUG Corresponding type is already real float32.
2021-02-17 16:49:28,967 DEBUG nufft passed real_type for signal, converting
2021-02-17 16:49:28,973 DEBUG FinufftPlan adjusted eps=1.1920928955078125e-07 from requested 1e-08.
2021-02-17 16:49:29,821 WARNING Volume.dtype float64 inconsistent with float32
2021-02-17 16:49:29,821 WARNING Volume rot_matrices.dtype float32 != self.dtype float64. In the future this will raise an error.
2021-02-17 16:49:29,826 DEBUG Corresponding type is already real float64.
2021-02-17 16:49:29,827 WARNING nufft passed inconsistent dtypes. fourier_pts: float32 forcing precision of signal data: float64.
2021-02-17 16:49:29,827 DEBUG Corresponding type is already real float64.
2021-02-17 16:49:29,828 DEBUG nufft passed real_type for signal, converting
2021-02-17 16:49:29,956 WARNING Volume.dtype float64 inconsistent with float32
2021-02-17 16:49:29,957 WARNING Volume rot_matrices.dtype float32 != self.dtype float64. In the future this will raise an error.
2021-02-17 16:49:29,961 DEBUG Corresponding type is already real float64.
2021-02-17 16:49:29,962 WARNING nufft passed inconsistent dtypes. fourier_pts: float32 forcing precision of signal data: float64.
2021-02-17 16:49:29,962 DEBUG Corresponding type is already real float64.
2021-02-17 16:49:29,962 DEBUG nufft passed real_type for signal, converting
2021-02-17 16:49:30,091 WARNING Volume.dtype float64 inconsistent with float32
2021-02-17 16:49:30,091 WARNING Volume rot_matrices.dtype float32 != self.dtype float64. In the future this will raise an error.
2021-02-17 16:49:30,097 DEBUG Corresponding type is already real float64.
2021-02-17 16:49:30,097 WARNING nufft passed inconsistent dtypes. fourier_pts: float32 forcing precision of signal data: float64.
2021-02-17 16:49:30,097 DEBUG Corresponding type is already real float64.
2021-02-17 16:49:30,100 DEBUG nufft passed real_type for signal, converting
2021-02-17 16:49:30,229 WARNING Volume.dtype float64 inconsistent with float32
2021-02-17 16:49:30,229 WARNING Volume rot_matrices.dtype float32 != self.dtype float64. In the future this will raise an error.
2021-02-17 16:49:30,234 DEBUG Corresponding type is already real float64.
2021-02-17 16:49:30,234 WARNING nufft passed inconsistent dtypes. fourier_pts: float32 forcing precision of signal data: float64.
2021-02-17 16:49:30,234 DEBUG Corresponding type is already real float64.
2021-02-17 16:49:30,234 DEBUG nufft passed real_type for signal, converting
2021-02-17 16:49:30,350 WARNING Volume.dtype float64 inconsistent with float32
2021-02-17 16:49:30,350 WARNING Volume rot_matrices.dtype float32 != self.dtype float64. In the future this will raise an error.
2021-02-17 16:49:30,354 DEBUG Corresponding type is already real float64.
2021-02-17 16:49:30,355 WARNING nufft passed inconsistent dtypes. fourier_pts: float32 forcing precision of signal data: float64.
2021-02-17 16:49:30,355 DEBUG Corresponding type is already real float64.
2021-02-17 16:49:30,355 DEBUG nufft passed real_type for signal, converting
2021-02-17 16:49:30,459 WARNING Volume.dtype float64 inconsistent with float32
2021-02-17 16:49:30,459 WARNING Volume rot_matrices.dtype float32 != self.dtype float64. In the future this will raise an error.
2021-02-17 16:49:30,463 DEBUG Corresponding type is already real float64.
2021-02-17 16:49:30,463 WARNING nufft passed inconsistent dtypes. fourier_pts: float32 forcing precision of signal data: float64.
2021-02-17 16:49:30,463 DEBUG Corresponding type is already real float64.
2021-02-17 16:49:30,464 DEBUG nufft passed real_type for signal, converting
2021-02-17 16:49:30,583 DEBUG Corresponding type is already real float32.
2021-02-17 16:49:30,583 DEBUG nufft passed real_type for signal, converting
2021-02-17 16:49:30,587 DEBUG FinufftPlan adjusted eps=1.1920928955078125e-07 from requested 1e-08.
2021-02-17 16:49:30,841 INFO Iteration 4 | Cost = 1.6209156566643212e-10 | Relative Error = 0.6162129969712298
2021-02-17 16:49:30,841 INFO ========= Iteration 5 =========
2021-02-17 16:49:30,841 INFO Iteration 5 | descent step u
2021-02-17 16:49:30,846 DEBUG Corresponding type is already real float32.
2021-02-17 16:49:30,846 DEBUG nufft passed real_type for signal, converting
2021-02-17 16:49:30,849 DEBUG FinufftPlan adjusted eps=1.1920928955078125e-07 from requested 1e-08.
2021-02-17 16:49:30,977 DEBUG Corresponding type is already complex complex64.
2021-02-17 16:49:30,981 DEBUG FinufftPlan adjusted eps=1.1920928955078125e-07 from requested 1e-08.
2021-02-17 16:49:31,003 INFO Determined adjoint mappings. Shape = (33, 33, 33)
2021-02-17 16:49:31,007 INFO Iteration 5 | primal-dual step g
2021-02-17 16:49:31,014 DEBUG Corresponding type is already real float32.
2021-02-17 16:49:31,014 DEBUG nufft passed real_type for signal, converting
2021-02-17 16:49:31,018 DEBUG FinufftPlan adjusted eps=1.1920928955078125e-07 from requested 1e-08.
2021-02-17 16:49:31,100 DEBUG Corresponding type is already real float32.
2021-02-17 16:49:31,100 DEBUG nufft passed real_type for signal, converting
2021-02-17 16:49:31,105 DEBUG FinufftPlan adjusted eps=1.1920928955078125e-07 from requested 1e-08.
2021-02-17 16:49:31,188 DEBUG Corresponding type is already real float32.
2021-02-17 16:49:31,188 DEBUG nufft passed real_type for signal, converting
2021-02-17 16:49:31,193 DEBUG FinufftPlan adjusted eps=1.1920928955078125e-07 from requested 1e-08.
2021-02-17 16:49:31,275 DEBUG Corresponding type is already real float32.
2021-02-17 16:49:31,275 DEBUG nufft passed real_type for signal, converting
2021-02-17 16:49:31,279 DEBUG FinufftPlan adjusted eps=1.1920928955078125e-07 from requested 1e-08.
2021-02-17 16:49:31,366 DEBUG Corresponding type is already real float32.
2021-02-17 16:49:31,367 DEBUG nufft passed real_type for signal, converting
2021-02-17 16:49:31,371 DEBUG FinufftPlan adjusted eps=1.1920928955078125e-07 from requested 1e-08.
2021-02-17 16:49:31,459 DEBUG Corresponding type is already real float32.
2021-02-17 16:49:31,459 DEBUG nufft passed real_type for signal, converting
2021-02-17 16:49:31,465 DEBUG FinufftPlan adjusted eps=1.1920928955078125e-07 from requested 1e-08.
2021-02-17 16:49:32,123 WARNING Volume.dtype float64 inconsistent with float32
2021-02-17 16:49:32,123 WARNING Volume rot_matrices.dtype float32 != self.dtype float64. In the future this will raise an error.
2021-02-17 16:49:32,127 DEBUG Corresponding type is already real float64.
2021-02-17 16:49:32,128 WARNING nufft passed inconsistent dtypes. fourier_pts: float32 forcing precision of signal data: float64.
2021-02-17 16:49:32,128 DEBUG Corresponding type is already real float64.
2021-02-17 16:49:32,129 DEBUG nufft passed real_type for signal, converting
2021-02-17 16:49:32,240 WARNING Volume.dtype float64 inconsistent with float32
2021-02-17 16:49:32,240 WARNING Volume rot_matrices.dtype float32 != self.dtype float64. In the future this will raise an error.
2021-02-17 16:49:32,245 DEBUG Corresponding type is already real float64.
2021-02-17 16:49:32,245 WARNING nufft passed inconsistent dtypes. fourier_pts: float32 forcing precision of signal data: float64.
2021-02-17 16:49:32,245 DEBUG Corresponding type is already real float64.
2021-02-17 16:49:32,245 DEBUG nufft passed real_type for signal, converting
2021-02-17 16:49:32,351 WARNING Volume.dtype float64 inconsistent with float32
2021-02-17 16:49:32,352 WARNING Volume rot_matrices.dtype float32 != self.dtype float64. In the future this will raise an error.
2021-02-17 16:49:32,356 DEBUG Corresponding type is already real float64.
2021-02-17 16:49:32,356 WARNING nufft passed inconsistent dtypes. fourier_pts: float32 forcing precision of signal data: float64.
2021-02-17 16:49:32,356 DEBUG Corresponding type is already real float64.
2021-02-17 16:49:32,357 DEBUG nufft passed real_type for signal, converting
2021-02-17 16:49:32,465 WARNING Volume.dtype float64 inconsistent with float32
2021-02-17 16:49:32,466 WARNING Volume rot_matrices.dtype float32 != self.dtype float64. In the future this will raise an error.
2021-02-17 16:49:32,470 DEBUG Corresponding type is already real float64.
2021-02-17 16:49:32,470 WARNING nufft passed inconsistent dtypes. fourier_pts: float32 forcing precision of signal data: float64.
2021-02-17 16:49:32,470 DEBUG Corresponding type is already real float64.
2021-02-17 16:49:32,470 DEBUG nufft passed real_type for signal, converting
2021-02-17 16:49:32,582 WARNING Volume.dtype float64 inconsistent with float32
2021-02-17 16:49:32,583 WARNING Volume rot_matrices.dtype float32 != self.dtype float64. In the future this will raise an error.
2021-02-17 16:49:32,587 DEBUG Corresponding type is already real float64.
2021-02-17 16:49:32,587 WARNING nufft passed inconsistent dtypes. fourier_pts: float32 forcing precision of signal data: float64.
2021-02-17 16:49:32,587 DEBUG Corresponding type is already real float64.
2021-02-17 16:49:32,588 DEBUG nufft passed real_type for signal, converting
2021-02-17 16:49:32,696 WARNING Volume.dtype float64 inconsistent with float32
2021-02-17 16:49:32,697 WARNING Volume rot_matrices.dtype float32 != self.dtype float64. In the future this will raise an error.
2021-02-17 16:49:32,702 DEBUG Corresponding type is already real float64.
2021-02-17 16:49:32,702 WARNING nufft passed inconsistent dtypes. fourier_pts: float32 forcing precision of signal data: float64.
2021-02-17 16:49:32,702 DEBUG Corresponding type is already real float64.
2021-02-17 16:49:32,703 DEBUG nufft passed real_type for signal, converting
2021-02-17 16:49:32,822 DEBUG Corresponding type is already real float32.
2021-02-17 16:49:32,822 DEBUG nufft passed real_type for signal, converting
2021-02-17 16:49:32,828 DEBUG FinufftPlan adjusted eps=1.1920928955078125e-07 from requested 1e-08.
2021-02-17 16:49:33,076 INFO Iteration 5 | Cost = 1.378352625351115e-10 | Relative Error = 0.53472475075337
