2021-02-15 14:12:19,642 DEBUG Using fontManager instance from /Users/wdiepeveen/.matplotlib/fontlist-v330.json
2021-02-15 14:12:19,854 INFO This script illustrates orientation refinement using lRCPA as primal-dual splitting method
2021-02-15 14:12:19,861 DEBUG Corresponding type is already real float32.
2021-02-15 14:12:19,861 DEBUG nufft passed real_type for signal, converting
2021-02-15 14:12:19,862 INFO Trying NFFT backend finufft
2021-02-15 14:12:19,900 INFO NFFT backend finufft usable.
2021-02-15 14:12:19,900 INFO Trying NFFT backend cufinufft
2021-02-15 14:12:19,901 INFO NFFT backend cufinufft not usable:
	No module named 'pycuda'
2021-02-15 14:12:19,902 INFO Trying NFFT backend pynfft
2021-02-15 14:12:19,902 INFO NFFT backend pynfft not usable:
	No module named 'pynfft'
2021-02-15 14:12:19,902 INFO Selected NFFT backend = finufft.
2021-02-15 14:12:19,906 DEBUG FinufftPlan adjusted eps=1.1920928955078125e-07 from requested 1e-08.
2021-02-15 14:12:20,065 INFO Applying forward transformations in pipeline
2021-02-15 14:12:20,065 INFO All forward transformations applied
2021-02-15 14:12:20,065 INFO Loaded 128 images
2021-02-15 14:12:21,962 CRITICAL No states provided
Traceback:
  File "/Users/wdiepeveen/Documents/PhD/Projects/2 - Cryo-EM/src/src/Cryo-EM/test.py", line 34, in <module>
    prob = PrimalDualProblem(vols=vol, data=sim.images(0,np.inf), rots=sim.rots)
  File "/Users/wdiepeveen/Documents/PhD/Projects/2 - Cryo-EM/src/src/Cryo-EM/problems/primal_dual_problem.py", line 75, in __init__
    raise RuntimeError("No states provided")

