2021-02-17 14:48:48,246 DEBUG Using fontManager instance from /Users/wdiepeveen/.matplotlib/fontlist-v330.json
2021-02-17 14:48:48,459 INFO This script illustrates orientation refinement using lRCPA as primal-dual splitting method
2021-02-17 14:48:48,468 DEBUG Corresponding type is already real float32.
2021-02-17 14:48:48,468 DEBUG nufft passed real_type for signal, converting
2021-02-17 14:48:48,468 INFO Trying NFFT backend finufft
2021-02-17 14:48:48,474 INFO NFFT backend finufft usable.
2021-02-17 14:48:48,474 INFO Trying NFFT backend cufinufft
2021-02-17 14:48:48,474 INFO NFFT backend cufinufft not usable:
	No module named 'pycuda'
2021-02-17 14:48:48,475 INFO Trying NFFT backend pynfft
2021-02-17 14:48:48,475 INFO NFFT backend pynfft not usable:
	No module named 'pynfft'
2021-02-17 14:48:48,475 INFO Selected NFFT backend = finufft.
2021-02-17 14:48:48,479 DEBUG FinufftPlan adjusted eps=1.1920928955078125e-07 from requested 1e-08.
2021-02-17 14:48:48,657 INFO Applying forward transformations in pipeline
2021-02-17 14:48:48,657 INFO All forward transformations applied
2021-02-17 14:48:48,657 INFO Loaded 128 images
2021-02-17 14:48:48,687 INFO ========= Iteration 1 =========
2021-02-17 14:48:48,687 INFO Iteration 1 | descent step u
2021-02-17 14:48:48,692 DEBUG Corresponding type is already real float32.
2021-02-17 14:48:48,692 DEBUG nufft passed real_type for signal, converting
2021-02-17 14:48:48,697 DEBUG FinufftPlan adjusted eps=1.1920928955078125e-07 from requested 1e-08.
2021-02-17 14:48:48,852 DEBUG Corresponding type is already complex complex64.
2021-02-17 14:48:48,856 DEBUG FinufftPlan adjusted eps=1.1920928955078125e-07 from requested 1e-08.
2021-02-17 14:48:48,886 INFO Determined adjoint mappings. Shape = (33, 33, 33)
2021-02-17 14:48:48,887 INFO Iteration 1 | primal-dual step g
2021-02-17 14:48:48,896 DEBUG Corresponding type is already real float32.
2021-02-17 14:48:48,896 DEBUG nufft passed real_type for signal, converting
2021-02-17 14:48:48,900 DEBUG FinufftPlan adjusted eps=1.1920928955078125e-07 from requested 1e-08.
2021-02-17 14:48:48,996 DEBUG Corresponding type is already real float32.
2021-02-17 14:48:48,996 DEBUG nufft passed real_type for signal, converting
2021-02-17 14:48:49,001 DEBUG FinufftPlan adjusted eps=1.1920928955078125e-07 from requested 1e-08.
2021-02-17 14:48:49,088 DEBUG Corresponding type is already real float32.
2021-02-17 14:48:49,088 DEBUG nufft passed real_type for signal, converting
2021-02-17 14:48:49,094 DEBUG FinufftPlan adjusted eps=1.1920928955078125e-07 from requested 1e-08.
2021-02-17 14:48:49,186 DEBUG Corresponding type is already real float32.
2021-02-17 14:48:49,186 DEBUG nufft passed real_type for signal, converting
2021-02-17 14:48:49,191 DEBUG FinufftPlan adjusted eps=1.1920928955078125e-07 from requested 1e-08.
2021-02-17 14:48:49,274 DEBUG Corresponding type is already real float32.
2021-02-17 14:48:49,274 DEBUG nufft passed real_type for signal, converting
2021-02-17 14:48:49,279 DEBUG FinufftPlan adjusted eps=1.1920928955078125e-07 from requested 1e-08.
2021-02-17 14:48:49,363 DEBUG Corresponding type is already real float32.
2021-02-17 14:48:49,363 DEBUG nufft passed real_type for signal, converting
2021-02-17 14:48:49,369 DEBUG FinufftPlan adjusted eps=1.1920928955078125e-07 from requested 1e-08.
2021-02-17 14:48:50,215 DEBUG Corresponding type is already real float32.
2021-02-17 14:48:50,216 DEBUG nufft passed real_type for signal, converting
2021-02-17 14:48:50,220 DEBUG FinufftPlan adjusted eps=1.1920928955078125e-07 from requested 1e-08.
2021-02-17 14:48:50,316 DEBUG Corresponding type is already real float32.
2021-02-17 14:48:50,316 DEBUG nufft passed real_type for signal, converting
2021-02-17 14:48:50,320 DEBUG FinufftPlan adjusted eps=1.1920928955078125e-07 from requested 1e-08.
2021-02-17 14:48:50,409 DEBUG Corresponding type is already real float32.
2021-02-17 14:48:50,409 DEBUG nufft passed real_type for signal, converting
2021-02-17 14:48:50,413 DEBUG FinufftPlan adjusted eps=1.1920928955078125e-07 from requested 1e-08.
2021-02-17 14:48:50,500 DEBUG Corresponding type is already real float32.
2021-02-17 14:48:50,501 DEBUG nufft passed real_type for signal, converting
2021-02-17 14:48:50,506 DEBUG FinufftPlan adjusted eps=1.1920928955078125e-07 from requested 1e-08.
2021-02-17 14:48:50,596 DEBUG Corresponding type is already real float32.
2021-02-17 14:48:50,597 DEBUG nufft passed real_type for signal, converting
2021-02-17 14:48:50,601 DEBUG FinufftPlan adjusted eps=1.1920928955078125e-07 from requested 1e-08.
2021-02-17 14:48:50,685 DEBUG Corresponding type is already real float32.
2021-02-17 14:48:50,685 DEBUG nufft passed real_type for signal, converting
2021-02-17 14:48:50,689 DEBUG FinufftPlan adjusted eps=1.1920928955078125e-07 from requested 1e-08.
2021-02-17 14:48:52,648 CRITICAL unsupported operand type(s) for *: 'float' and 'Image'
Traceback:
  File "/Users/wdiepeveen/Documents/PhD/Projects/2 - Cryo-EM/src/src/Cryo-EM/test.py", line 56, in <module>
    volume = solver.solve()
  File "/Users/wdiepeveen/Documents/PhD/Projects/2 - Cryo-EM/src/src/Cryo-EM/solvers/primal_dual_solver.py", line 110, in solve
    self.primal_dual_step_g()
  File "/Users/wdiepeveen/Documents/PhD/Projects/2 - Cryo-EM/src/src/Cryo-EM/solvers/primal_dual_solver.py", line 149, in primal_dual_step_g
    manifold.log(m, new_rots))

