2021-02-17 16:13:41,040 DEBUG Using fontManager instance from /Users/wdiepeveen/.matplotlib/fontlist-v330.json
2021-02-17 16:13:41,252 INFO This script illustrates orientation refinement using lRCPA as primal-dual splitting method
2021-02-17 16:13:41,262 DEBUG Corresponding type is already real float32.
2021-02-17 16:13:41,262 DEBUG nufft passed real_type for signal, converting
2021-02-17 16:13:41,263 INFO Trying NFFT backend finufft
2021-02-17 16:13:41,268 INFO NFFT backend finufft usable.
2021-02-17 16:13:41,269 INFO Trying NFFT backend cufinufft
2021-02-17 16:13:41,269 INFO NFFT backend cufinufft not usable:
	No module named 'pycuda'
2021-02-17 16:13:41,269 INFO Trying NFFT backend pynfft
2021-02-17 16:13:41,269 INFO NFFT backend pynfft not usable:
	No module named 'pynfft'
2021-02-17 16:13:41,269 INFO Selected NFFT backend = finufft.
2021-02-17 16:13:41,273 DEBUG FinufftPlan adjusted eps=1.1920928955078125e-07 from requested 1e-08.
2021-02-17 16:13:41,444 INFO Applying forward transformations in pipeline
2021-02-17 16:13:41,444 INFO All forward transformations applied
2021-02-17 16:13:41,444 INFO Loaded 128 images
2021-02-17 16:13:41,462 INFO ========= Iteration 1 =========
2021-02-17 16:13:41,462 INFO Iteration 1 | descent step u
2021-02-17 16:13:41,468 DEBUG Corresponding type is already real float32.
2021-02-17 16:13:41,468 DEBUG nufft passed real_type for signal, converting
2021-02-17 16:13:41,473 DEBUG FinufftPlan adjusted eps=1.1920928955078125e-07 from requested 1e-08.
2021-02-17 16:13:41,608 DEBUG Corresponding type is already complex complex64.
2021-02-17 16:13:41,614 DEBUG FinufftPlan adjusted eps=1.1920928955078125e-07 from requested 1e-08.
2021-02-17 16:13:41,652 INFO Determined adjoint mappings. Shape = (33, 33, 33)
2021-02-17 16:13:41,659 INFO Iteration 1 | primal-dual step g
2021-02-17 16:13:41,667 DEBUG Corresponding type is already real float32.
2021-02-17 16:13:41,667 DEBUG nufft passed real_type for signal, converting
2021-02-17 16:13:41,671 DEBUG FinufftPlan adjusted eps=1.1920928955078125e-07 from requested 1e-08.
2021-02-17 16:13:41,770 DEBUG Corresponding type is already real float32.
2021-02-17 16:13:41,770 DEBUG nufft passed real_type for signal, converting
2021-02-17 16:13:41,775 DEBUG FinufftPlan adjusted eps=1.1920928955078125e-07 from requested 1e-08.
2021-02-17 16:13:41,862 DEBUG Corresponding type is already real float32.
2021-02-17 16:13:41,862 DEBUG nufft passed real_type for signal, converting
2021-02-17 16:13:41,866 DEBUG FinufftPlan adjusted eps=1.1920928955078125e-07 from requested 1e-08.
2021-02-17 16:13:41,953 DEBUG Corresponding type is already real float32.
2021-02-17 16:13:41,953 DEBUG nufft passed real_type for signal, converting
2021-02-17 16:13:41,957 DEBUG FinufftPlan adjusted eps=1.1920928955078125e-07 from requested 1e-08.
2021-02-17 16:13:42,043 DEBUG Corresponding type is already real float32.
2021-02-17 16:13:42,043 DEBUG nufft passed real_type for signal, converting
2021-02-17 16:13:42,048 DEBUG FinufftPlan adjusted eps=1.1920928955078125e-07 from requested 1e-08.
2021-02-17 16:13:42,130 DEBUG Corresponding type is already real float32.
2021-02-17 16:13:42,130 DEBUG nufft passed real_type for signal, converting
2021-02-17 16:13:42,135 DEBUG FinufftPlan adjusted eps=1.1920928955078125e-07 from requested 1e-08.
2021-02-17 16:13:42,808 DEBUG Corresponding type is already real float32.
2021-02-17 16:13:42,808 DEBUG nufft passed real_type for signal, converting
2021-02-17 16:13:42,811 DEBUG FinufftPlan adjusted eps=1.1920928955078125e-07 from requested 1e-08.
2021-02-17 16:13:42,915 DEBUG Corresponding type is already real float32.
2021-02-17 16:13:42,915 DEBUG nufft passed real_type for signal, converting
2021-02-17 16:13:42,920 DEBUG FinufftPlan adjusted eps=1.1920928955078125e-07 from requested 1e-08.
2021-02-17 16:13:43,009 DEBUG Corresponding type is already real float32.
2021-02-17 16:13:43,009 DEBUG nufft passed real_type for signal, converting
2021-02-17 16:13:43,013 DEBUG FinufftPlan adjusted eps=1.1920928955078125e-07 from requested 1e-08.
2021-02-17 16:13:43,096 DEBUG Corresponding type is already real float32.
2021-02-17 16:13:43,096 DEBUG nufft passed real_type for signal, converting
2021-02-17 16:13:43,100 DEBUG FinufftPlan adjusted eps=1.1920928955078125e-07 from requested 1e-08.
2021-02-17 16:13:43,183 DEBUG Corresponding type is already real float32.
2021-02-17 16:13:43,183 DEBUG nufft passed real_type for signal, converting
2021-02-17 16:13:43,188 DEBUG FinufftPlan adjusted eps=1.1920928955078125e-07 from requested 1e-08.
2021-02-17 16:13:43,275 DEBUG Corresponding type is already real float32.
2021-02-17 16:13:43,275 DEBUG nufft passed real_type for signal, converting
2021-02-17 16:13:43,280 DEBUG FinufftPlan adjusted eps=1.1920928955078125e-07 from requested 1e-08.
2021-02-17 16:13:45,271 CRITICAL 'InnerProductOperator' object has no attribute 'dtype'
Traceback:
  File "/Users/wdiepeveen/Documents/PhD/Projects/2 - Cryo-EM/src/src/Cryo-EM/test.py", line 66, in <module>
    volume = solver.solve()
  File "/Users/wdiepeveen/Documents/PhD/Projects/2 - Cryo-EM/src/src/Cryo-EM/solvers/primal_dual_solver.py", line 114, in solve
    cost = self.get_cost(self.problem)
  File "/Users/wdiepeveen/Documents/PhD/Projects/2 - Cryo-EM/src/src/Cryo-EM/test.py", line 45, in cost_function
    cost = l2_data_fidelity(src) + lam1*l2_grad_norm(src) + lam2*so3_distance(src)
  File "/Users/wdiepeveen/Documents/PhD/Projects/2 - Cryo-EM/src/src/Cryo-EM/functions/cost_functions.py", line 14, in l2_data_fidelity
    res = src.vol_forward(src.vols, 0, np.inf) - src.data
  File "/Users/wdiepeveen/PycharmProjects/Cryo-EM/lib/python3.6/site-packages/aspire/source/__init__.py", line 523, in vol_forward
    im = vol.project(0, self.rots[all_idx, :, :])
  File "/Users/wdiepeveen/PycharmProjects/Cryo-EM/lib/python3.6/site-packages/aspire/volume/__init__.py", line 152, in project
    im_f = nufft(data, pts_rot) / self.resolution
  File "/Users/wdiepeveen/PycharmProjects/Cryo-EM/lib/python3.6/site-packages/aspire/nufft/__init__.py", line 198, in nufft
    if fourier_pts.dtype != real_type(sig_f.dtype):

