2021-02-16 14:47:03,941 DEBUG Using fontManager instance from /Users/wdiepeveen/.matplotlib/fontlist-v330.json
2021-02-16 14:47:04,188 INFO This script illustrates orientation refinement using lRCPA as primal-dual splitting method
2021-02-16 14:47:04,202 DEBUG Corresponding type is already real float32.
2021-02-16 14:47:04,203 DEBUG nufft passed real_type for signal, converting
2021-02-16 14:47:04,203 INFO Trying NFFT backend finufft
2021-02-16 14:47:04,211 INFO NFFT backend finufft usable.
2021-02-16 14:47:04,211 INFO Trying NFFT backend cufinufft
2021-02-16 14:47:04,212 INFO NFFT backend cufinufft not usable:
	No module named 'pycuda'
2021-02-16 14:47:04,212 INFO Trying NFFT backend pynfft
2021-02-16 14:47:04,212 INFO NFFT backend pynfft not usable:
	No module named 'pynfft'
2021-02-16 14:47:04,213 INFO Selected NFFT backend = finufft.
2021-02-16 14:47:04,219 DEBUG FinufftPlan adjusted eps=1.1920928955078125e-07 from requested 1e-08.
2021-02-16 14:47:04,408 INFO Applying forward transformations in pipeline
2021-02-16 14:47:04,409 INFO All forward transformations applied
2021-02-16 14:47:04,409 INFO Loaded 128 images
2021-02-16 14:47:04,410 WARNING PrimalDualProblem vols.dtype float64 != self.dtype float32. In the future this will raise an error.
2021-02-16 14:47:04,436 INFO Testing data fidelity
2021-02-16 14:47:04,438 WARNING Volume rot_matrices.dtype float32 != self.dtype float64. In the future this will raise an error.
2021-02-16 14:47:04,443 DEBUG Corresponding type is already real float64.
2021-02-16 14:47:04,444 WARNING nufft passed inconsistent dtypes. fourier_pts: float32 forcing precision of signal data: float64.
2021-02-16 14:47:04,444 DEBUG Corresponding type is already real float64.
2021-02-16 14:47:04,445 DEBUG nufft passed real_type for signal, converting
2021-02-16 14:47:04,589 INFO Testing grad norm fidelity
2021-02-16 14:47:04,592 INFO Testing rotation fidelity
2021-02-16 14:47:04,779 INFO Testing differential
2021-02-16 14:47:04,787 DEBUG Corresponding type is already real float32.
2021-02-16 14:47:04,788 DEBUG nufft passed real_type for signal, converting
2021-02-16 14:47:04,793 DEBUG FinufftPlan adjusted eps=1.1920928955078125e-07 from requested 1e-08.
2021-02-16 14:47:04,892 INFO Testing adjoint differential
2021-02-16 14:47:04,900 DEBUG Corresponding type is already real float32.
2021-02-16 14:47:04,900 DEBUG nufft passed real_type for signal, converting
2021-02-16 14:47:04,905 DEBUG FinufftPlan adjusted eps=1.1920928955078125e-07 from requested 1e-08.
2021-02-16 14:47:05,013 DEBUG Corresponding type is already real float32.
2021-02-16 14:47:05,013 DEBUG nufft passed real_type for signal, converting
2021-02-16 14:47:05,018 DEBUG FinufftPlan adjusted eps=1.1920928955078125e-07 from requested 1e-08.
2021-02-16 14:47:05,112 DEBUG Corresponding type is already real float32.
2021-02-16 14:47:05,112 DEBUG nufft passed real_type for signal, converting
2021-02-16 14:47:05,117 DEBUG FinufftPlan adjusted eps=1.1920928955078125e-07 from requested 1e-08.
2021-02-16 14:47:05,206 DEBUG Corresponding type is already real float32.
2021-02-16 14:47:05,206 DEBUG nufft passed real_type for signal, converting
2021-02-16 14:47:05,210 DEBUG FinufftPlan adjusted eps=1.1920928955078125e-07 from requested 1e-08.
2021-02-16 14:47:05,295 DEBUG Corresponding type is already real float32.
2021-02-16 14:47:05,295 DEBUG nufft passed real_type for signal, converting
2021-02-16 14:47:05,300 DEBUG FinufftPlan adjusted eps=1.1920928955078125e-07 from requested 1e-08.
2021-02-16 14:47:05,388 DEBUG Corresponding type is already real float32.
2021-02-16 14:47:05,388 DEBUG nufft passed real_type for signal, converting
2021-02-16 14:47:05,396 DEBUG FinufftPlan adjusted eps=1.1920928955078125e-07 from requested 1e-08.
2021-02-16 14:47:07,448 CRITICAL axis 1 is out of bounds for array of dimension 0
Traceback:
  File "/Users/wdiepeveen/Documents/PhD/Projects/2 - Cryo-EM/src/src/Cryo-EM/test.py", line 70, in <module>
    print(adjoint_differential_forward_rot(prob,xi))
  File "/Users/wdiepeveen/Documents/PhD/Projects/2 - Cryo-EM/src/src/Cryo-EM/functions/differentials.py", line 80, in adjoint_differential_forward_rot
    K13 = -1 / (src.L ** 2) * ainner(xi, im13, axes=(1, 2))
  File "/Users/wdiepeveen/PycharmProjects/Cryo-EM/lib/python3.6/site-packages/aspire/utils/matrix.py", line 345, in ainner
    return np.sum(x * y, axis=axes)
  File "/Users/wdiepeveen/PycharmProjects/Cryo-EM/lib/python3.6/site-packages/numpy/core/fromnumeric.py", line 2076, in sum
    initial=initial)
  File "/Users/wdiepeveen/PycharmProjects/Cryo-EM/lib/python3.6/site-packages/numpy/core/fromnumeric.py", line 86, in _wrapreduction
    return ufunc.reduce(obj, axis, dtype, out, **passkwargs)

