2021-02-17 15:24:07,453 DEBUG Using fontManager instance from /Users/wdiepeveen/.matplotlib/fontlist-v330.json
2021-02-17 15:24:07,668 INFO This script illustrates orientation refinement using lRCPA as primal-dual splitting method
2021-02-17 15:24:07,677 DEBUG Corresponding type is already real float32.
2021-02-17 15:24:07,678 DEBUG nufft passed real_type for signal, converting
2021-02-17 15:24:07,678 INFO Trying NFFT backend finufft
2021-02-17 15:24:07,684 INFO NFFT backend finufft usable.
2021-02-17 15:24:07,684 INFO Trying NFFT backend cufinufft
2021-02-17 15:24:07,685 INFO NFFT backend cufinufft not usable:
	No module named 'pycuda'
2021-02-17 15:24:07,685 INFO Trying NFFT backend pynfft
2021-02-17 15:24:07,685 INFO NFFT backend pynfft not usable:
	No module named 'pynfft'
2021-02-17 15:24:07,685 INFO Selected NFFT backend = finufft.
2021-02-17 15:24:07,689 DEBUG FinufftPlan adjusted eps=1.1920928955078125e-07 from requested 1e-08.
2021-02-17 15:24:07,876 INFO Applying forward transformations in pipeline
2021-02-17 15:24:07,876 INFO All forward transformations applied
2021-02-17 15:24:07,876 INFO Loaded 128 images
2021-02-17 15:24:07,906 INFO ========= Iteration 1 =========
2021-02-17 15:24:07,906 INFO Iteration 1 | descent step u
2021-02-17 15:24:07,911 DEBUG Corresponding type is already real float32.
2021-02-17 15:24:07,912 DEBUG nufft passed real_type for signal, converting
2021-02-17 15:24:07,916 DEBUG FinufftPlan adjusted eps=1.1920928955078125e-07 from requested 1e-08.
2021-02-17 15:24:08,051 DEBUG Corresponding type is already complex complex64.
2021-02-17 15:24:08,055 DEBUG FinufftPlan adjusted eps=1.1920928955078125e-07 from requested 1e-08.
2021-02-17 15:24:08,076 INFO Determined adjoint mappings. Shape = (33, 33, 33)
2021-02-17 15:24:08,077 INFO Iteration 1 | primal-dual step g
2021-02-17 15:24:08,085 DEBUG Corresponding type is already real float32.
2021-02-17 15:24:08,085 DEBUG nufft passed real_type for signal, converting
2021-02-17 15:24:08,090 DEBUG FinufftPlan adjusted eps=1.1920928955078125e-07 from requested 1e-08.
2021-02-17 15:24:08,187 DEBUG Corresponding type is already real float32.
2021-02-17 15:24:08,188 DEBUG nufft passed real_type for signal, converting
2021-02-17 15:24:08,192 DEBUG FinufftPlan adjusted eps=1.1920928955078125e-07 from requested 1e-08.
2021-02-17 15:24:08,276 DEBUG Corresponding type is already real float32.
2021-02-17 15:24:08,276 DEBUG nufft passed real_type for signal, converting
2021-02-17 15:24:08,282 DEBUG FinufftPlan adjusted eps=1.1920928955078125e-07 from requested 1e-08.
2021-02-17 15:24:08,367 DEBUG Corresponding type is already real float32.
2021-02-17 15:24:08,367 DEBUG nufft passed real_type for signal, converting
2021-02-17 15:24:08,372 DEBUG FinufftPlan adjusted eps=1.1920928955078125e-07 from requested 1e-08.
2021-02-17 15:24:08,457 DEBUG Corresponding type is already real float32.
2021-02-17 15:24:08,457 DEBUG nufft passed real_type for signal, converting
2021-02-17 15:24:08,462 DEBUG FinufftPlan adjusted eps=1.1920928955078125e-07 from requested 1e-08.
2021-02-17 15:24:08,549 DEBUG Corresponding type is already real float32.
2021-02-17 15:24:08,549 DEBUG nufft passed real_type for signal, converting
2021-02-17 15:24:08,553 DEBUG FinufftPlan adjusted eps=1.1920928955078125e-07 from requested 1e-08.
2021-02-17 15:24:09,305 DEBUG Corresponding type is already real float32.
2021-02-17 15:24:09,305 DEBUG nufft passed real_type for signal, converting
2021-02-17 15:24:09,308 DEBUG FinufftPlan adjusted eps=1.1920928955078125e-07 from requested 1e-08.
2021-02-17 15:24:09,402 DEBUG Corresponding type is already real float32.
2021-02-17 15:24:09,403 DEBUG nufft passed real_type for signal, converting
2021-02-17 15:24:09,407 DEBUG FinufftPlan adjusted eps=1.1920928955078125e-07 from requested 1e-08.
2021-02-17 15:24:09,497 DEBUG Corresponding type is already real float32.
2021-02-17 15:24:09,497 DEBUG nufft passed real_type for signal, converting
2021-02-17 15:24:09,502 DEBUG FinufftPlan adjusted eps=1.1920928955078125e-07 from requested 1e-08.
2021-02-17 15:24:09,587 DEBUG Corresponding type is already real float32.
2021-02-17 15:24:09,587 DEBUG nufft passed real_type for signal, converting
2021-02-17 15:24:09,591 DEBUG FinufftPlan adjusted eps=1.1920928955078125e-07 from requested 1e-08.
2021-02-17 15:24:09,678 DEBUG Corresponding type is already real float32.
2021-02-17 15:24:09,678 DEBUG nufft passed real_type for signal, converting
2021-02-17 15:24:09,683 DEBUG FinufftPlan adjusted eps=1.1920928955078125e-07 from requested 1e-08.
2021-02-17 15:24:09,765 DEBUG Corresponding type is already real float32.
2021-02-17 15:24:09,765 DEBUG nufft passed real_type for signal, converting
2021-02-17 15:24:09,770 DEBUG FinufftPlan adjusted eps=1.1920928955078125e-07 from requested 1e-08.
2021-02-17 15:24:10,055 DEBUG Corresponding type is already real float32.
2021-02-17 15:24:10,055 DEBUG nufft passed real_type for signal, converting
2021-02-17 15:24:10,059 DEBUG FinufftPlan adjusted eps=1.1920928955078125e-07 from requested 1e-08.
2021-02-17 15:24:10,177 DEBUG Corresponding type is already real float32.
2021-02-17 15:24:10,177 DEBUG nufft passed real_type for signal, converting
2021-02-17 15:24:10,184 DEBUG FinufftPlan adjusted eps=1.1920928955078125e-07 from requested 1e-08.
2021-02-17 15:24:10,302 DEBUG Corresponding type is already real float32.
2021-02-17 15:24:10,303 DEBUG nufft passed real_type for signal, converting
2021-02-17 15:24:10,309 DEBUG FinufftPlan adjusted eps=1.1920928955078125e-07 from requested 1e-08.
2021-02-17 15:24:10,415 DEBUG Corresponding type is already real float32.
2021-02-17 15:24:10,415 DEBUG nufft passed real_type for signal, converting
2021-02-17 15:24:10,420 DEBUG FinufftPlan adjusted eps=1.1920928955078125e-07 from requested 1e-08.
2021-02-17 15:24:10,511 DEBUG Corresponding type is already real float32.
2021-02-17 15:24:10,511 DEBUG nufft passed real_type for signal, converting
2021-02-17 15:24:10,515 DEBUG FinufftPlan adjusted eps=1.1920928955078125e-07 from requested 1e-08.
2021-02-17 15:24:10,598 DEBUG Corresponding type is already real float32.
2021-02-17 15:24:10,598 DEBUG nufft passed real_type for signal, converting
2021-02-17 15:24:10,602 DEBUG FinufftPlan adjusted eps=1.1920928955078125e-07 from requested 1e-08.
2021-02-17 15:24:10,695 DEBUG Corresponding type is already real float32.
2021-02-17 15:24:10,695 DEBUG nufft passed real_type for signal, converting
2021-02-17 15:24:10,700 DEBUG FinufftPlan adjusted eps=1.1920928955078125e-07 from requested 1e-08.
2021-02-17 15:24:10,957 INFO Iteration 1 | Cost = 4.0343678267435414e-06 | Relative Error = 1.0
2021-02-17 15:24:10,957 INFO ========= Iteration 2 =========
2021-02-17 15:24:10,957 INFO Iteration 2 | descent step u
2021-02-17 15:24:10,963 DEBUG Corresponding type is already real float32.
2021-02-17 15:24:10,963 DEBUG nufft passed real_type for signal, converting
2021-02-17 15:24:10,966 DEBUG FinufftPlan adjusted eps=1.1920928955078125e-07 from requested 1e-08.
2021-02-17 15:24:11,122 DEBUG Corresponding type is already complex complex64.
2021-02-17 15:24:11,127 DEBUG FinufftPlan adjusted eps=1.1920928955078125e-07 from requested 1e-08.
2021-02-17 15:24:11,155 INFO Determined adjoint mappings. Shape = (33, 33, 33)
2021-02-17 15:24:11,156 INFO Iteration 2 | primal-dual step g
2021-02-17 15:24:11,166 DEBUG Corresponding type is already real float32.
2021-02-17 15:24:11,166 DEBUG nufft passed real_type for signal, converting
2021-02-17 15:24:11,171 DEBUG FinufftPlan adjusted eps=1.1920928955078125e-07 from requested 1e-08.
2021-02-17 15:24:11,280 DEBUG Corresponding type is already real float32.
2021-02-17 15:24:11,280 DEBUG nufft passed real_type for signal, converting
2021-02-17 15:24:11,286 DEBUG FinufftPlan adjusted eps=1.1920928955078125e-07 from requested 1e-08.
2021-02-17 15:24:11,384 DEBUG Corresponding type is already real float32.
2021-02-17 15:24:11,385 DEBUG nufft passed real_type for signal, converting
2021-02-17 15:24:11,389 DEBUG FinufftPlan adjusted eps=1.1920928955078125e-07 from requested 1e-08.
2021-02-17 15:24:11,473 DEBUG Corresponding type is already real float32.
2021-02-17 15:24:11,473 DEBUG nufft passed real_type for signal, converting
2021-02-17 15:24:11,479 DEBUG FinufftPlan adjusted eps=1.1920928955078125e-07 from requested 1e-08.
2021-02-17 15:24:11,562 DEBUG Corresponding type is already real float32.
2021-02-17 15:24:11,562 DEBUG nufft passed real_type for signal, converting
2021-02-17 15:24:11,568 DEBUG FinufftPlan adjusted eps=1.1920928955078125e-07 from requested 1e-08.
2021-02-17 15:24:11,651 DEBUG Corresponding type is already real float32.
2021-02-17 15:24:11,651 DEBUG nufft passed real_type for signal, converting
2021-02-17 15:24:11,656 DEBUG FinufftPlan adjusted eps=1.1920928955078125e-07 from requested 1e-08.
2021-02-17 15:24:12,381 DEBUG Corresponding type is already real float32.
2021-02-17 15:24:12,381 DEBUG nufft passed real_type for signal, converting
2021-02-17 15:24:12,384 DEBUG FinufftPlan adjusted eps=1.1920928955078125e-07 from requested 1e-08.
2021-02-17 15:24:12,486 DEBUG Corresponding type is already real float32.
2021-02-17 15:24:12,486 DEBUG nufft passed real_type for signal, converting
2021-02-17 15:24:12,491 DEBUG FinufftPlan adjusted eps=1.1920928955078125e-07 from requested 1e-08.
2021-02-17 15:24:12,575 DEBUG Corresponding type is already real float32.
2021-02-17 15:24:12,575 DEBUG nufft passed real_type for signal, converting
2021-02-17 15:24:12,580 DEBUG FinufftPlan adjusted eps=1.1920928955078125e-07 from requested 1e-08.
2021-02-17 15:24:12,662 DEBUG Corresponding type is already real float32.
2021-02-17 15:24:12,662 DEBUG nufft passed real_type for signal, converting
2021-02-17 15:24:12,667 DEBUG FinufftPlan adjusted eps=1.1920928955078125e-07 from requested 1e-08.
2021-02-17 15:24:12,758 DEBUG Corresponding type is already real float32.
2021-02-17 15:24:12,759 DEBUG nufft passed real_type for signal, converting
2021-02-17 15:24:12,765 DEBUG FinufftPlan adjusted eps=1.1920928955078125e-07 from requested 1e-08.
2021-02-17 15:24:12,859 DEBUG Corresponding type is already real float32.
2021-02-17 15:24:12,859 DEBUG nufft passed real_type for signal, converting
2021-02-17 15:24:12,864 DEBUG FinufftPlan adjusted eps=1.1920928955078125e-07 from requested 1e-08.
2021-02-17 15:24:13,123 DEBUG Corresponding type is already real float32.
2021-02-17 15:24:13,123 DEBUG nufft passed real_type for signal, converting
2021-02-17 15:24:13,126 DEBUG FinufftPlan adjusted eps=1.1920928955078125e-07 from requested 1e-08.
2021-02-17 15:24:13,230 DEBUG Corresponding type is already real float32.
2021-02-17 15:24:13,230 DEBUG nufft passed real_type for signal, converting
2021-02-17 15:24:13,235 DEBUG FinufftPlan adjusted eps=1.1920928955078125e-07 from requested 1e-08.
2021-02-17 15:24:13,322 DEBUG Corresponding type is already real float32.
2021-02-17 15:24:13,323 DEBUG nufft passed real_type for signal, converting
2021-02-17 15:24:13,327 DEBUG FinufftPlan adjusted eps=1.1920928955078125e-07 from requested 1e-08.
2021-02-17 15:24:13,409 DEBUG Corresponding type is already real float32.
2021-02-17 15:24:13,409 DEBUG nufft passed real_type for signal, converting
2021-02-17 15:24:13,414 DEBUG FinufftPlan adjusted eps=1.1920928955078125e-07 from requested 1e-08.
2021-02-17 15:24:13,505 DEBUG Corresponding type is already real float32.
2021-02-17 15:24:13,506 DEBUG nufft passed real_type for signal, converting
2021-02-17 15:24:13,510 DEBUG FinufftPlan adjusted eps=1.1920928955078125e-07 from requested 1e-08.
2021-02-17 15:24:13,595 DEBUG Corresponding type is already real float32.
2021-02-17 15:24:13,595 DEBUG nufft passed real_type for signal, converting
2021-02-17 15:24:13,600 DEBUG FinufftPlan adjusted eps=1.1920928955078125e-07 from requested 1e-08.
2021-02-17 15:24:13,693 DEBUG Corresponding type is already real float32.
2021-02-17 15:24:13,693 DEBUG nufft passed real_type for signal, converting
2021-02-17 15:24:13,698 DEBUG FinufftPlan adjusted eps=1.1920928955078125e-07 from requested 1e-08.
2021-02-17 15:24:13,956 INFO Iteration 2 | Cost = 4.034367829463769e-06 | Relative Error = 0.01679816093521987
2021-02-17 15:24:13,956 INFO ========= Iteration 3 =========
2021-02-17 15:24:13,957 INFO Iteration 3 | descent step u
2021-02-17 15:24:13,962 DEBUG Corresponding type is already real float32.
2021-02-17 15:24:13,962 DEBUG nufft passed real_type for signal, converting
2021-02-17 15:24:13,965 DEBUG FinufftPlan adjusted eps=1.1920928955078125e-07 from requested 1e-08.
2021-02-17 15:24:14,118 DEBUG Corresponding type is already complex complex64.
2021-02-17 15:24:14,122 DEBUG FinufftPlan adjusted eps=1.1920928955078125e-07 from requested 1e-08.
2021-02-17 15:24:14,144 INFO Determined adjoint mappings. Shape = (33, 33, 33)
2021-02-17 15:24:14,144 INFO Iteration 3 | primal-dual step g
2021-02-17 15:24:14,151 DEBUG Corresponding type is already real float32.
2021-02-17 15:24:14,151 DEBUG nufft passed real_type for signal, converting
2021-02-17 15:24:14,155 DEBUG FinufftPlan adjusted eps=1.1920928955078125e-07 from requested 1e-08.
2021-02-17 15:24:14,239 DEBUG Corresponding type is already real float32.
2021-02-17 15:24:14,239 DEBUG nufft passed real_type for signal, converting
2021-02-17 15:24:14,245 DEBUG FinufftPlan adjusted eps=1.1920928955078125e-07 from requested 1e-08.
2021-02-17 15:24:14,327 DEBUG Corresponding type is already real float32.
2021-02-17 15:24:14,327 DEBUG nufft passed real_type for signal, converting
2021-02-17 15:24:14,332 DEBUG FinufftPlan adjusted eps=1.1920928955078125e-07 from requested 1e-08.
2021-02-17 15:24:14,424 DEBUG Corresponding type is already real float32.
2021-02-17 15:24:14,424 DEBUG nufft passed real_type for signal, converting
2021-02-17 15:24:14,430 DEBUG FinufftPlan adjusted eps=1.1920928955078125e-07 from requested 1e-08.
2021-02-17 15:24:14,530 DEBUG Corresponding type is already real float32.
2021-02-17 15:24:14,530 DEBUG nufft passed real_type for signal, converting
2021-02-17 15:24:14,535 DEBUG FinufftPlan adjusted eps=1.1920928955078125e-07 from requested 1e-08.
2021-02-17 15:24:14,622 DEBUG Corresponding type is already real float32.
2021-02-17 15:24:14,622 DEBUG nufft passed real_type for signal, converting
2021-02-17 15:24:14,627 DEBUG FinufftPlan adjusted eps=1.1920928955078125e-07 from requested 1e-08.
2021-02-17 15:24:15,436 DEBUG Corresponding type is already real float32.
2021-02-17 15:24:15,436 DEBUG nufft passed real_type for signal, converting
2021-02-17 15:24:15,440 DEBUG FinufftPlan adjusted eps=1.1920928955078125e-07 from requested 1e-08.
2021-02-17 15:24:15,551 DEBUG Corresponding type is already real float32.
2021-02-17 15:24:15,551 DEBUG nufft passed real_type for signal, converting
2021-02-17 15:24:15,557 DEBUG FinufftPlan adjusted eps=1.1920928955078125e-07 from requested 1e-08.
2021-02-17 15:24:15,659 DEBUG Corresponding type is already real float32.
2021-02-17 15:24:15,659 DEBUG nufft passed real_type for signal, converting
2021-02-17 15:24:15,664 DEBUG FinufftPlan adjusted eps=1.1920928955078125e-07 from requested 1e-08.
2021-02-17 15:24:15,764 DEBUG Corresponding type is already real float32.
2021-02-17 15:24:15,764 DEBUG nufft passed real_type for signal, converting
2021-02-17 15:24:15,769 DEBUG FinufftPlan adjusted eps=1.1920928955078125e-07 from requested 1e-08.
2021-02-17 15:24:15,869 DEBUG Corresponding type is already real float32.
2021-02-17 15:24:15,869 DEBUG nufft passed real_type for signal, converting
2021-02-17 15:24:15,875 DEBUG FinufftPlan adjusted eps=1.1920928955078125e-07 from requested 1e-08.
2021-02-17 15:24:15,974 DEBUG Corresponding type is already real float32.
2021-02-17 15:24:15,974 DEBUG nufft passed real_type for signal, converting
2021-02-17 15:24:15,980 DEBUG FinufftPlan adjusted eps=1.1920928955078125e-07 from requested 1e-08.
2021-02-17 15:24:16,264 DEBUG Corresponding type is already real float32.
2021-02-17 15:24:16,264 DEBUG nufft passed real_type for signal, converting
2021-02-17 15:24:16,267 DEBUG FinufftPlan adjusted eps=1.1920928955078125e-07 from requested 1e-08.
2021-02-17 15:24:16,376 DEBUG Corresponding type is already real float32.
2021-02-17 15:24:16,376 DEBUG nufft passed real_type for signal, converting
2021-02-17 15:24:16,381 DEBUG FinufftPlan adjusted eps=1.1920928955078125e-07 from requested 1e-08.
2021-02-17 15:24:16,475 DEBUG Corresponding type is already real float32.
2021-02-17 15:24:16,475 DEBUG nufft passed real_type for signal, converting
2021-02-17 15:24:16,480 DEBUG FinufftPlan adjusted eps=1.1920928955078125e-07 from requested 1e-08.
2021-02-17 15:24:16,586 DEBUG Corresponding type is already real float32.
2021-02-17 15:24:16,586 DEBUG nufft passed real_type for signal, converting
2021-02-17 15:24:16,594 DEBUG FinufftPlan adjusted eps=1.1920928955078125e-07 from requested 1e-08.
2021-02-17 15:24:16,697 DEBUG Corresponding type is already real float32.
2021-02-17 15:24:16,697 DEBUG nufft passed real_type for signal, converting
2021-02-17 15:24:16,703 DEBUG FinufftPlan adjusted eps=1.1920928955078125e-07 from requested 1e-08.
2021-02-17 15:24:16,810 DEBUG Corresponding type is already real float32.
2021-02-17 15:24:16,810 DEBUG nufft passed real_type for signal, converting
2021-02-17 15:24:16,817 DEBUG FinufftPlan adjusted eps=1.1920928955078125e-07 from requested 1e-08.
2021-02-17 15:24:16,927 DEBUG Corresponding type is already real float32.
2021-02-17 15:24:16,928 DEBUG nufft passed real_type for signal, converting
2021-02-17 15:24:16,934 DEBUG FinufftPlan adjusted eps=1.1920928955078125e-07 from requested 1e-08.
2021-02-17 15:24:17,219 INFO Iteration 3 | Cost = 4.034367843277e-06 | Relative Error = 0.006753260301854865
2021-02-17 15:24:17,219 INFO ========= Iteration 4 =========
2021-02-17 15:24:17,219 INFO Iteration 4 | descent step u
2021-02-17 15:24:17,224 DEBUG Corresponding type is already real float32.
2021-02-17 15:24:17,224 DEBUG nufft passed real_type for signal, converting
2021-02-17 15:24:17,227 DEBUG FinufftPlan adjusted eps=1.1920928955078125e-07 from requested 1e-08.
2021-02-17 15:24:17,379 DEBUG Corresponding type is already complex complex64.
2021-02-17 15:24:17,384 DEBUG FinufftPlan adjusted eps=1.1920928955078125e-07 from requested 1e-08.
2021-02-17 15:24:17,404 INFO Determined adjoint mappings. Shape = (33, 33, 33)
2021-02-17 15:24:17,405 INFO Iteration 4 | primal-dual step g
2021-02-17 15:24:17,412 DEBUG Corresponding type is already real float32.
2021-02-17 15:24:17,412 DEBUG nufft passed real_type for signal, converting
2021-02-17 15:24:17,416 DEBUG FinufftPlan adjusted eps=1.1920928955078125e-07 from requested 1e-08.
2021-02-17 15:24:17,501 DEBUG Corresponding type is already real float32.
2021-02-17 15:24:17,501 DEBUG nufft passed real_type for signal, converting
2021-02-17 15:24:17,505 DEBUG FinufftPlan adjusted eps=1.1920928955078125e-07 from requested 1e-08.
2021-02-17 15:24:17,588 DEBUG Corresponding type is already real float32.
2021-02-17 15:24:17,588 DEBUG nufft passed real_type for signal, converting
2021-02-17 15:24:17,593 DEBUG FinufftPlan adjusted eps=1.1920928955078125e-07 from requested 1e-08.
2021-02-17 15:24:17,689 DEBUG Corresponding type is already real float32.
2021-02-17 15:24:17,689 DEBUG nufft passed real_type for signal, converting
2021-02-17 15:24:17,695 DEBUG FinufftPlan adjusted eps=1.1920928955078125e-07 from requested 1e-08.
2021-02-17 15:24:17,782 DEBUG Corresponding type is already real float32.
2021-02-17 15:24:17,782 DEBUG nufft passed real_type for signal, converting
2021-02-17 15:24:17,787 DEBUG FinufftPlan adjusted eps=1.1920928955078125e-07 from requested 1e-08.
2021-02-17 15:24:17,874 DEBUG Corresponding type is already real float32.
2021-02-17 15:24:17,874 DEBUG nufft passed real_type for signal, converting
2021-02-17 15:24:17,878 DEBUG FinufftPlan adjusted eps=1.1920928955078125e-07 from requested 1e-08.
2021-02-17 15:24:18,826 DEBUG Corresponding type is already real float32.
2021-02-17 15:24:18,826 DEBUG nufft passed real_type for signal, converting
2021-02-17 15:24:18,829 DEBUG FinufftPlan adjusted eps=1.1920928955078125e-07 from requested 1e-08.
2021-02-17 15:24:18,939 DEBUG Corresponding type is already real float32.
2021-02-17 15:24:18,939 DEBUG nufft passed real_type for signal, converting
2021-02-17 15:24:18,945 DEBUG FinufftPlan adjusted eps=1.1920928955078125e-07 from requested 1e-08.
2021-02-17 15:24:19,029 DEBUG Corresponding type is already real float32.
2021-02-17 15:24:19,030 DEBUG nufft passed real_type for signal, converting
2021-02-17 15:24:19,034 DEBUG FinufftPlan adjusted eps=1.1920928955078125e-07 from requested 1e-08.
2021-02-17 15:24:19,115 DEBUG Corresponding type is already real float32.
2021-02-17 15:24:19,116 DEBUG nufft passed real_type for signal, converting
2021-02-17 15:24:19,120 DEBUG FinufftPlan adjusted eps=1.1920928955078125e-07 from requested 1e-08.
2021-02-17 15:24:19,204 DEBUG Corresponding type is already real float32.
2021-02-17 15:24:19,204 DEBUG nufft passed real_type for signal, converting
2021-02-17 15:24:19,208 DEBUG FinufftPlan adjusted eps=1.1920928955078125e-07 from requested 1e-08.
2021-02-17 15:24:19,290 DEBUG Corresponding type is already real float32.
2021-02-17 15:24:19,290 DEBUG nufft passed real_type for signal, converting
2021-02-17 15:24:19,295 DEBUG FinufftPlan adjusted eps=1.1920928955078125e-07 from requested 1e-08.
2021-02-17 15:24:19,543 DEBUG Corresponding type is already real float32.
2021-02-17 15:24:19,543 DEBUG nufft passed real_type for signal, converting
2021-02-17 15:24:19,546 DEBUG FinufftPlan adjusted eps=1.1920928955078125e-07 from requested 1e-08.
2021-02-17 15:24:19,652 DEBUG Corresponding type is already real float32.
2021-02-17 15:24:19,653 DEBUG nufft passed real_type for signal, converting
2021-02-17 15:24:19,658 DEBUG FinufftPlan adjusted eps=1.1920928955078125e-07 from requested 1e-08.
2021-02-17 15:24:19,753 DEBUG Corresponding type is already real float32.
2021-02-17 15:24:19,753 DEBUG nufft passed real_type for signal, converting
2021-02-17 15:24:19,758 DEBUG FinufftPlan adjusted eps=1.1920928955078125e-07 from requested 1e-08.
2021-02-17 15:24:19,844 DEBUG Corresponding type is already real float32.
2021-02-17 15:24:19,844 DEBUG nufft passed real_type for signal, converting
2021-02-17 15:24:19,849 DEBUG FinufftPlan adjusted eps=1.1920928955078125e-07 from requested 1e-08.
2021-02-17 15:24:19,933 DEBUG Corresponding type is already real float32.
2021-02-17 15:24:19,933 DEBUG nufft passed real_type for signal, converting
2021-02-17 15:24:19,937 DEBUG FinufftPlan adjusted eps=1.1920928955078125e-07 from requested 1e-08.
2021-02-17 15:24:20,026 DEBUG Corresponding type is already real float32.
2021-02-17 15:24:20,026 DEBUG nufft passed real_type for signal, converting
2021-02-17 15:24:20,030 DEBUG FinufftPlan adjusted eps=1.1920928955078125e-07 from requested 1e-08.
2021-02-17 15:24:20,120 DEBUG Corresponding type is already real float32.
2021-02-17 15:24:20,120 DEBUG nufft passed real_type for signal, converting
2021-02-17 15:24:20,125 DEBUG FinufftPlan adjusted eps=1.1920928955078125e-07 from requested 1e-08.
2021-02-17 15:24:20,373 INFO Iteration 4 | Cost = 4.034367863727246e-06 | Relative Error = 0.006760461210956647
2021-02-17 15:24:20,373 INFO ========= Iteration 5 =========
2021-02-17 15:24:20,373 INFO Iteration 5 | descent step u
2021-02-17 15:24:20,378 DEBUG Corresponding type is already real float32.
2021-02-17 15:24:20,378 DEBUG nufft passed real_type for signal, converting
2021-02-17 15:24:20,381 DEBUG FinufftPlan adjusted eps=1.1920928955078125e-07 from requested 1e-08.
2021-02-17 15:24:20,532 DEBUG Corresponding type is already complex complex64.
2021-02-17 15:24:20,537 DEBUG FinufftPlan adjusted eps=1.1920928955078125e-07 from requested 1e-08.
2021-02-17 15:24:20,560 INFO Determined adjoint mappings. Shape = (33, 33, 33)
2021-02-17 15:24:20,560 INFO Iteration 5 | primal-dual step g
2021-02-17 15:24:20,568 DEBUG Corresponding type is already real float32.
2021-02-17 15:24:20,568 DEBUG nufft passed real_type for signal, converting
2021-02-17 15:24:20,572 DEBUG FinufftPlan adjusted eps=1.1920928955078125e-07 from requested 1e-08.
2021-02-17 15:24:20,659 DEBUG Corresponding type is already real float32.
2021-02-17 15:24:20,659 DEBUG nufft passed real_type for signal, converting
2021-02-17 15:24:20,664 DEBUG FinufftPlan adjusted eps=1.1920928955078125e-07 from requested 1e-08.
2021-02-17 15:24:20,749 DEBUG Corresponding type is already real float32.
2021-02-17 15:24:20,749 DEBUG nufft passed real_type for signal, converting
2021-02-17 15:24:20,755 DEBUG FinufftPlan adjusted eps=1.1920928955078125e-07 from requested 1e-08.
2021-02-17 15:24:20,837 DEBUG Corresponding type is already real float32.
2021-02-17 15:24:20,838 DEBUG nufft passed real_type for signal, converting
2021-02-17 15:24:20,842 DEBUG FinufftPlan adjusted eps=1.1920928955078125e-07 from requested 1e-08.
2021-02-17 15:24:20,928 DEBUG Corresponding type is already real float32.
2021-02-17 15:24:20,929 DEBUG nufft passed real_type for signal, converting
2021-02-17 15:24:20,933 DEBUG FinufftPlan adjusted eps=1.1920928955078125e-07 from requested 1e-08.
2021-02-17 15:24:21,023 DEBUG Corresponding type is already real float32.
2021-02-17 15:24:21,024 DEBUG nufft passed real_type for signal, converting
2021-02-17 15:24:21,028 DEBUG FinufftPlan adjusted eps=1.1920928955078125e-07 from requested 1e-08.
2021-02-17 15:24:21,700 DEBUG Corresponding type is already real float32.
2021-02-17 15:24:21,700 DEBUG nufft passed real_type for signal, converting
2021-02-17 15:24:21,703 DEBUG FinufftPlan adjusted eps=1.1920928955078125e-07 from requested 1e-08.
2021-02-17 15:24:21,797 DEBUG Corresponding type is already real float32.
2021-02-17 15:24:21,797 DEBUG nufft passed real_type for signal, converting
2021-02-17 15:24:21,802 DEBUG FinufftPlan adjusted eps=1.1920928955078125e-07 from requested 1e-08.
2021-02-17 15:24:21,887 DEBUG Corresponding type is already real float32.
2021-02-17 15:24:21,887 DEBUG nufft passed real_type for signal, converting
2021-02-17 15:24:21,892 DEBUG FinufftPlan adjusted eps=1.1920928955078125e-07 from requested 1e-08.
2021-02-17 15:24:21,977 DEBUG Corresponding type is already real float32.
2021-02-17 15:24:21,978 DEBUG nufft passed real_type for signal, converting
2021-02-17 15:24:21,982 DEBUG FinufftPlan adjusted eps=1.1920928955078125e-07 from requested 1e-08.
2021-02-17 15:24:22,069 DEBUG Corresponding type is already real float32.
2021-02-17 15:24:22,069 DEBUG nufft passed real_type for signal, converting
2021-02-17 15:24:22,073 DEBUG FinufftPlan adjusted eps=1.1920928955078125e-07 from requested 1e-08.
2021-02-17 15:24:22,155 DEBUG Corresponding type is already real float32.
2021-02-17 15:24:22,155 DEBUG nufft passed real_type for signal, converting
2021-02-17 15:24:22,160 DEBUG FinufftPlan adjusted eps=1.1920928955078125e-07 from requested 1e-08.
2021-02-17 15:24:22,409 DEBUG Corresponding type is already real float32.
2021-02-17 15:24:22,410 DEBUG nufft passed real_type for signal, converting
2021-02-17 15:24:22,413 DEBUG FinufftPlan adjusted eps=1.1920928955078125e-07 from requested 1e-08.
2021-02-17 15:24:22,510 DEBUG Corresponding type is already real float32.
2021-02-17 15:24:22,510 DEBUG nufft passed real_type for signal, converting
2021-02-17 15:24:22,515 DEBUG FinufftPlan adjusted eps=1.1920928955078125e-07 from requested 1e-08.
2021-02-17 15:24:22,608 DEBUG Corresponding type is already real float32.
2021-02-17 15:24:22,609 DEBUG nufft passed real_type for signal, converting
2021-02-17 15:24:22,613 DEBUG FinufftPlan adjusted eps=1.1920928955078125e-07 from requested 1e-08.
2021-02-17 15:24:22,702 DEBUG Corresponding type is already real float32.
2021-02-17 15:24:22,703 DEBUG nufft passed real_type for signal, converting
2021-02-17 15:24:22,707 DEBUG FinufftPlan adjusted eps=1.1920928955078125e-07 from requested 1e-08.
2021-02-17 15:24:22,789 DEBUG Corresponding type is already real float32.
2021-02-17 15:24:22,790 DEBUG nufft passed real_type for signal, converting
2021-02-17 15:24:22,794 DEBUG FinufftPlan adjusted eps=1.1920928955078125e-07 from requested 1e-08.
2021-02-17 15:24:22,878 DEBUG Corresponding type is already real float32.
2021-02-17 15:24:22,879 DEBUG nufft passed real_type for signal, converting
2021-02-17 15:24:22,883 DEBUG FinufftPlan adjusted eps=1.1920928955078125e-07 from requested 1e-08.
2021-02-17 15:24:22,982 DEBUG Corresponding type is already real float32.
2021-02-17 15:24:22,982 DEBUG nufft passed real_type for signal, converting
2021-02-17 15:24:22,987 DEBUG FinufftPlan adjusted eps=1.1920928955078125e-07 from requested 1e-08.
2021-02-17 15:24:23,259 INFO Iteration 5 | Cost = 4.03436789274685e-06 | Relative Error = 0.006768717411110281
2021-02-17 15:24:23,259 INFO ========= Iteration 6 =========
2021-02-17 15:24:23,259 INFO Iteration 6 | descent step u
2021-02-17 15:24:23,264 DEBUG Corresponding type is already real float32.
2021-02-17 15:24:23,264 DEBUG nufft passed real_type for signal, converting
2021-02-17 15:24:23,267 DEBUG FinufftPlan adjusted eps=1.1920928955078125e-07 from requested 1e-08.
2021-02-17 15:24:23,416 DEBUG Corresponding type is already complex complex64.
2021-02-17 15:24:23,420 DEBUG FinufftPlan adjusted eps=1.1920928955078125e-07 from requested 1e-08.
2021-02-17 15:24:23,444 INFO Determined adjoint mappings. Shape = (33, 33, 33)
2021-02-17 15:24:23,444 INFO Iteration 6 | primal-dual step g
2021-02-17 15:24:23,454 DEBUG Corresponding type is already real float32.
2021-02-17 15:24:23,454 DEBUG nufft passed real_type for signal, converting
2021-02-17 15:24:23,459 DEBUG FinufftPlan adjusted eps=1.1920928955078125e-07 from requested 1e-08.
2021-02-17 15:24:23,548 DEBUG Corresponding type is already real float32.
2021-02-17 15:24:23,548 DEBUG nufft passed real_type for signal, converting
2021-02-17 15:24:23,554 DEBUG FinufftPlan adjusted eps=1.1920928955078125e-07 from requested 1e-08.
