2021-02-16 09:38:09,369 DEBUG Using fontManager instance from /Users/wdiepeveen/.matplotlib/fontlist-v330.json
2021-02-16 09:38:09,589 INFO This script illustrates orientation refinement using lRCPA as primal-dual splitting method
2021-02-16 09:38:09,597 DEBUG Corresponding type is already real float32.
2021-02-16 09:38:09,597 DEBUG nufft passed real_type for signal, converting
2021-02-16 09:38:09,598 INFO Trying NFFT backend finufft
2021-02-16 09:38:09,603 INFO NFFT backend finufft usable.
2021-02-16 09:38:09,603 INFO Trying NFFT backend cufinufft
2021-02-16 09:38:09,604 INFO NFFT backend cufinufft not usable:
	No module named 'pycuda'
2021-02-16 09:38:09,604 INFO Trying NFFT backend pynfft
2021-02-16 09:38:09,604 INFO NFFT backend pynfft not usable:
	No module named 'pynfft'
2021-02-16 09:38:09,604 INFO Selected NFFT backend = finufft.
2021-02-16 09:38:09,608 DEBUG FinufftPlan adjusted eps=1.1920928955078125e-07 from requested 1e-08.
2021-02-16 09:38:09,790 INFO Applying forward transformations in pipeline
2021-02-16 09:38:09,790 INFO All forward transformations applied
2021-02-16 09:38:09,791 INFO Loaded 128 images
2021-02-16 09:38:09,816 INFO Testing data fidelity
2021-02-16 09:38:09,824 DEBUG Corresponding type is already real float32.
2021-02-16 09:38:09,824 DEBUG nufft passed real_type for signal, converting
2021-02-16 09:38:09,828 DEBUG FinufftPlan adjusted eps=1.1920928955078125e-07 from requested 1e-08.
2021-02-16 09:38:09,912 INFO Testing grad norm fidelity
2021-02-16 09:38:09,915 INFO Testing rotation fidelity
2021-02-16 09:38:10,101 INFO Testing differential
