2021-02-17 16:05:24,714 DEBUG Using fontManager instance from /Users/wdiepeveen/.matplotlib/fontlist-v330.json
2021-02-17 16:05:24,938 INFO This script illustrates orientation refinement using lRCPA as primal-dual splitting method
2021-02-17 16:05:24,947 DEBUG Corresponding type is already real float32.
2021-02-17 16:05:24,948 DEBUG nufft passed real_type for signal, converting
2021-02-17 16:05:24,948 INFO Trying NFFT backend finufft
2021-02-17 16:05:24,955 INFO NFFT backend finufft usable.
2021-02-17 16:05:24,955 INFO Trying NFFT backend cufinufft
2021-02-17 16:05:24,955 INFO NFFT backend cufinufft not usable:
	No module named 'pycuda'
2021-02-17 16:05:24,955 INFO Trying NFFT backend pynfft
2021-02-17 16:05:24,956 INFO NFFT backend pynfft not usable:
	No module named 'pynfft'
2021-02-17 16:05:24,956 INFO Selected NFFT backend = finufft.
2021-02-17 16:05:24,960 DEBUG FinufftPlan adjusted eps=1.1920928955078125e-07 from requested 1e-08.
2021-02-17 16:05:25,134 INFO Applying forward transformations in pipeline
2021-02-17 16:05:25,134 INFO All forward transformations applied
2021-02-17 16:05:25,134 INFO Loaded 128 images
2021-02-17 16:05:25,153 INFO ========= Iteration 1 =========
2021-02-17 16:05:25,153 INFO Iteration 1 | descent step u
2021-02-17 16:05:25,159 DEBUG Corresponding type is already real float32.
2021-02-17 16:05:25,159 DEBUG nufft passed real_type for signal, converting
2021-02-17 16:05:25,164 DEBUG FinufftPlan adjusted eps=1.1920928955078125e-07 from requested 1e-08.
2021-02-17 16:05:25,305 DEBUG Corresponding type is already complex complex64.
2021-02-17 16:05:25,309 DEBUG FinufftPlan adjusted eps=1.1920928955078125e-07 from requested 1e-08.
2021-02-17 16:05:25,335 INFO Determined adjoint mappings. Shape = (33, 33, 33)
2021-02-17 16:05:25,339 INFO Iteration 1 | primal-dual step g
2021-02-17 16:05:25,347 DEBUG Corresponding type is already real float32.
2021-02-17 16:05:25,347 DEBUG nufft passed real_type for signal, converting
2021-02-17 16:05:25,351 DEBUG FinufftPlan adjusted eps=1.1920928955078125e-07 from requested 1e-08.
2021-02-17 16:05:25,445 DEBUG Corresponding type is already real float32.
2021-02-17 16:05:25,445 DEBUG nufft passed real_type for signal, converting
2021-02-17 16:05:25,452 DEBUG FinufftPlan adjusted eps=1.1920928955078125e-07 from requested 1e-08.
2021-02-17 16:05:25,547 DEBUG Corresponding type is already real float32.
2021-02-17 16:05:25,547 DEBUG nufft passed real_type for signal, converting
2021-02-17 16:05:25,552 DEBUG FinufftPlan adjusted eps=1.1920928955078125e-07 from requested 1e-08.
2021-02-17 16:05:25,644 DEBUG Corresponding type is already real float32.
2021-02-17 16:05:25,644 DEBUG nufft passed real_type for signal, converting
2021-02-17 16:05:25,649 DEBUG FinufftPlan adjusted eps=1.1920928955078125e-07 from requested 1e-08.
2021-02-17 16:05:25,735 DEBUG Corresponding type is already real float32.
2021-02-17 16:05:25,735 DEBUG nufft passed real_type for signal, converting
2021-02-17 16:05:25,741 DEBUG FinufftPlan adjusted eps=1.1920928955078125e-07 from requested 1e-08.
2021-02-17 16:05:25,838 DEBUG Corresponding type is already real float32.
2021-02-17 16:05:25,838 DEBUG nufft passed real_type for signal, converting
2021-02-17 16:05:25,843 DEBUG FinufftPlan adjusted eps=1.1920928955078125e-07 from requested 1e-08.
2021-02-17 16:05:26,554 DEBUG Corresponding type is already real float32.
2021-02-17 16:05:26,554 DEBUG nufft passed real_type for signal, converting
2021-02-17 16:05:26,557 DEBUG FinufftPlan adjusted eps=1.1920928955078125e-07 from requested 1e-08.
2021-02-17 16:05:26,644 DEBUG Corresponding type is already real float32.
2021-02-17 16:05:26,645 DEBUG nufft passed real_type for signal, converting
2021-02-17 16:05:26,649 DEBUG FinufftPlan adjusted eps=1.1920928955078125e-07 from requested 1e-08.
2021-02-17 16:05:26,735 DEBUG Corresponding type is already real float32.
2021-02-17 16:05:26,735 DEBUG nufft passed real_type for signal, converting
2021-02-17 16:05:26,740 DEBUG FinufftPlan adjusted eps=1.1920928955078125e-07 from requested 1e-08.
2021-02-17 16:05:26,822 DEBUG Corresponding type is already real float32.
2021-02-17 16:05:26,822 DEBUG nufft passed real_type for signal, converting
2021-02-17 16:05:26,826 DEBUG FinufftPlan adjusted eps=1.1920928955078125e-07 from requested 1e-08.
2021-02-17 16:05:26,910 DEBUG Corresponding type is already real float32.
2021-02-17 16:05:26,910 DEBUG nufft passed real_type for signal, converting
2021-02-17 16:05:26,915 DEBUG FinufftPlan adjusted eps=1.1920928955078125e-07 from requested 1e-08.
2021-02-17 16:05:27,010 DEBUG Corresponding type is already real float32.
2021-02-17 16:05:27,011 DEBUG nufft passed real_type for signal, converting
2021-02-17 16:05:27,015 DEBUG FinufftPlan adjusted eps=1.1920928955078125e-07 from requested 1e-08.
2021-02-17 16:05:27,103 WARNING Volume.dtype float64 inconsistent with float32
2021-02-17 16:05:27,103 WARNING Volume rot_matrices.dtype float32 != self.dtype float64. In the future this will raise an error.
2021-02-17 16:05:29,013 CRITICAL 'InnerProductOperator' object has no attribute 'dtype'
Traceback:
  File "/Users/wdiepeveen/Documents/PhD/Projects/2 - Cryo-EM/src/src/Cryo-EM/test.py", line 66, in <module>
    volume = solver.solve()
  File "/Users/wdiepeveen/Documents/PhD/Projects/2 - Cryo-EM/src/src/Cryo-EM/solvers/primal_dual_solver.py", line 114, in solve
    cost = self.get_cost(self.problem)
  File "/Users/wdiepeveen/Documents/PhD/Projects/2 - Cryo-EM/src/src/Cryo-EM/test.py", line 45, in cost_function
    cost = l2_data_fidelity(src) + lam1*l2_grad_norm(src) + lam2*so3_distance(src)
  File "/Users/wdiepeveen/Documents/PhD/Projects/2 - Cryo-EM/src/src/Cryo-EM/functions/cost_functions.py", line 14, in l2_data_fidelity
    res = src.vol_forward(src.vols, 0, np.inf) - src.data
  File "/Users/wdiepeveen/PycharmProjects/Cryo-EM/lib/python3.6/site-packages/aspire/source/__init__.py", line 523, in vol_forward
    im = vol.project(0, self.rots[all_idx, :, :])
  File "/Users/wdiepeveen/PycharmProjects/Cryo-EM/lib/python3.6/site-packages/aspire/volume/__init__.py", line 152, in project
    im_f = nufft(data, pts_rot) / self.resolution
  File "/Users/wdiepeveen/PycharmProjects/Cryo-EM/lib/python3.6/site-packages/aspire/nufft/__init__.py", line 198, in nufft
    if fourier_pts.dtype != real_type(sig_f.dtype):

