2021-02-17 17:41:27,217 DEBUG Using fontManager instance from /Users/wdiepeveen/.matplotlib/fontlist-v330.json
2021-02-17 17:41:27,452 INFO This script illustrates orientation refinement using lRCPA as primal-dual splitting method
2021-02-17 17:41:27,462 DEBUG Corresponding type is already real float32.
2021-02-17 17:41:27,462 DEBUG nufft passed real_type for signal, converting
2021-02-17 17:41:27,463 INFO Trying NFFT backend finufft
2021-02-17 17:41:27,473 INFO NFFT backend finufft usable.
2021-02-17 17:41:27,473 INFO Trying NFFT backend cufinufft
2021-02-17 17:41:27,474 INFO NFFT backend cufinufft not usable:
	No module named 'pycuda'
2021-02-17 17:41:27,474 INFO Trying NFFT backend pynfft
2021-02-17 17:41:27,474 INFO NFFT backend pynfft not usable:
	No module named 'pynfft'
2021-02-17 17:41:27,474 INFO Selected NFFT backend = finufft.
2021-02-17 17:41:27,478 DEBUG FinufftPlan adjusted eps=1.1920928955078125e-07 from requested 1e-08.
2021-02-17 17:41:27,647 INFO Applying forward transformations in pipeline
2021-02-17 17:41:27,647 INFO All forward transformations applied
2021-02-17 17:41:27,647 INFO Loaded 128 images
2021-02-17 17:41:27,671 INFO ========= Iteration 1 =========
2021-02-17 17:41:27,671 INFO Iteration 1 | descent step u
2021-02-17 17:41:27,676 DEBUG Corresponding type is already real float32.
2021-02-17 17:41:27,676 DEBUG nufft passed real_type for signal, converting
2021-02-17 17:41:27,681 DEBUG FinufftPlan adjusted eps=1.1920928955078125e-07 from requested 1e-08.
2021-02-17 17:41:27,808 DEBUG Corresponding type is already complex complex64.
2021-02-17 17:41:27,812 DEBUG FinufftPlan adjusted eps=1.1920928955078125e-07 from requested 1e-08.
2021-02-17 17:41:27,834 INFO Determined adjoint mappings. Shape = (33, 33, 33)
2021-02-17 17:41:27,838 INFO Iteration 1 | primal-dual step g
2021-02-17 17:41:27,845 DEBUG Corresponding type is already real float32.
2021-02-17 17:41:27,846 DEBUG nufft passed real_type for signal, converting
2021-02-17 17:41:27,849 DEBUG FinufftPlan adjusted eps=1.1920928955078125e-07 from requested 1e-08.
2021-02-17 17:41:27,943 DEBUG Corresponding type is already real float32.
2021-02-17 17:41:27,944 DEBUG nufft passed real_type for signal, converting
2021-02-17 17:41:27,949 DEBUG FinufftPlan adjusted eps=1.1920928955078125e-07 from requested 1e-08.
2021-02-17 17:41:28,044 DEBUG Corresponding type is already real float32.
2021-02-17 17:41:28,044 DEBUG nufft passed real_type for signal, converting
2021-02-17 17:41:28,050 DEBUG FinufftPlan adjusted eps=1.1920928955078125e-07 from requested 1e-08.
2021-02-17 17:41:28,137 DEBUG Corresponding type is already real float32.
2021-02-17 17:41:28,137 DEBUG nufft passed real_type for signal, converting
2021-02-17 17:41:28,142 DEBUG FinufftPlan adjusted eps=1.1920928955078125e-07 from requested 1e-08.
2021-02-17 17:41:28,232 DEBUG Corresponding type is already real float32.
2021-02-17 17:41:28,232 DEBUG nufft passed real_type for signal, converting
2021-02-17 17:41:28,236 DEBUG FinufftPlan adjusted eps=1.1920928955078125e-07 from requested 1e-08.
2021-02-17 17:41:28,320 DEBUG Corresponding type is already real float32.
2021-02-17 17:41:28,320 DEBUG nufft passed real_type for signal, converting
2021-02-17 17:41:28,325 DEBUG FinufftPlan adjusted eps=1.1920928955078125e-07 from requested 1e-08.
2021-02-17 17:41:29,004 DEBUG Corresponding type is already real float32.
2021-02-17 17:41:29,004 DEBUG nufft passed real_type for signal, converting
2021-02-17 17:41:29,007 DEBUG FinufftPlan adjusted eps=1.1920928955078125e-07 from requested 1e-08.
2021-02-17 17:41:29,097 DEBUG Corresponding type is already real float32.
2021-02-17 17:41:29,097 DEBUG nufft passed real_type for signal, converting
2021-02-17 17:41:29,102 DEBUG FinufftPlan adjusted eps=1.1920928955078125e-07 from requested 1e-08.
2021-02-17 17:41:29,192 DEBUG Corresponding type is already real float32.
2021-02-17 17:41:29,192 DEBUG nufft passed real_type for signal, converting
2021-02-17 17:41:29,196 DEBUG FinufftPlan adjusted eps=1.1920928955078125e-07 from requested 1e-08.
2021-02-17 17:41:29,282 DEBUG Corresponding type is already real float32.
2021-02-17 17:41:29,283 DEBUG nufft passed real_type for signal, converting
2021-02-17 17:41:29,287 DEBUG FinufftPlan adjusted eps=1.1920928955078125e-07 from requested 1e-08.
2021-02-17 17:41:29,374 DEBUG Corresponding type is already real float32.
2021-02-17 17:41:29,374 DEBUG nufft passed real_type for signal, converting
2021-02-17 17:41:29,379 DEBUG FinufftPlan adjusted eps=1.1920928955078125e-07 from requested 1e-08.
2021-02-17 17:41:29,465 DEBUG Corresponding type is already real float32.
2021-02-17 17:41:29,466 DEBUG nufft passed real_type for signal, converting
2021-02-17 17:41:29,470 DEBUG FinufftPlan adjusted eps=1.1920928955078125e-07 from requested 1e-08.
2021-02-17 17:41:29,564 DEBUG Corresponding type is already real float32.
2021-02-17 17:41:29,565 DEBUG nufft passed real_type for signal, converting
2021-02-17 17:41:29,570 DEBUG FinufftPlan adjusted eps=1.1920928955078125e-07 from requested 1e-08.
2021-02-17 17:41:29,822 INFO Iteration 1 | Cost = 7.567032230543161e-10 | Relative Error = 1.0
2021-02-17 17:41:29,822 INFO Iteration 1 | Relative Error u = 1.0 | Relative Error g= 1.0
2021-02-17 17:41:29,822 INFO ========= Iteration 2 =========
2021-02-17 17:41:29,822 INFO Iteration 2 | descent step u
2021-02-17 17:41:29,827 DEBUG Corresponding type is already real float32.
2021-02-17 17:41:29,827 DEBUG nufft passed real_type for signal, converting
2021-02-17 17:41:29,830 DEBUG FinufftPlan adjusted eps=1.1920928955078125e-07 from requested 1e-08.
2021-02-17 17:41:29,973 DEBUG Corresponding type is already complex complex64.
2021-02-17 17:41:29,977 DEBUG FinufftPlan adjusted eps=1.1920928955078125e-07 from requested 1e-08.
2021-02-17 17:41:30,001 INFO Determined adjoint mappings. Shape = (33, 33, 33)
2021-02-17 17:41:30,005 INFO Iteration 2 | primal-dual step g
2021-02-17 17:41:30,014 DEBUG Corresponding type is already real float32.
2021-02-17 17:41:30,014 DEBUG nufft passed real_type for signal, converting
2021-02-17 17:41:30,018 DEBUG FinufftPlan adjusted eps=1.1920928955078125e-07 from requested 1e-08.
2021-02-17 17:41:30,107 DEBUG Corresponding type is already real float32.
2021-02-17 17:41:30,107 DEBUG nufft passed real_type for signal, converting
2021-02-17 17:41:30,112 DEBUG FinufftPlan adjusted eps=1.1920928955078125e-07 from requested 1e-08.
2021-02-17 17:41:30,195 DEBUG Corresponding type is already real float32.
2021-02-17 17:41:30,195 DEBUG nufft passed real_type for signal, converting
2021-02-17 17:41:30,199 DEBUG FinufftPlan adjusted eps=1.1920928955078125e-07 from requested 1e-08.
2021-02-17 17:41:30,286 DEBUG Corresponding type is already real float32.
2021-02-17 17:41:30,286 DEBUG nufft passed real_type for signal, converting
2021-02-17 17:41:30,291 DEBUG FinufftPlan adjusted eps=1.1920928955078125e-07 from requested 1e-08.
2021-02-17 17:41:30,380 DEBUG Corresponding type is already real float32.
2021-02-17 17:41:30,380 DEBUG nufft passed real_type for signal, converting
2021-02-17 17:41:30,384 DEBUG FinufftPlan adjusted eps=1.1920928955078125e-07 from requested 1e-08.
2021-02-17 17:41:30,475 DEBUG Corresponding type is already real float32.
2021-02-17 17:41:30,476 DEBUG nufft passed real_type for signal, converting
2021-02-17 17:41:30,481 DEBUG FinufftPlan adjusted eps=1.1920928955078125e-07 from requested 1e-08.
2021-02-17 17:41:31,239 DEBUG Corresponding type is already real float32.
2021-02-17 17:41:31,239 DEBUG nufft passed real_type for signal, converting
2021-02-17 17:41:31,243 DEBUG FinufftPlan adjusted eps=1.1920928955078125e-07 from requested 1e-08.
2021-02-17 17:41:31,343 DEBUG Corresponding type is already real float32.
2021-02-17 17:41:31,343 DEBUG nufft passed real_type for signal, converting
2021-02-17 17:41:31,348 DEBUG FinufftPlan adjusted eps=1.1920928955078125e-07 from requested 1e-08.
2021-02-17 17:41:31,434 DEBUG Corresponding type is already real float32.
2021-02-17 17:41:31,434 DEBUG nufft passed real_type for signal, converting
2021-02-17 17:41:31,439 DEBUG FinufftPlan adjusted eps=1.1920928955078125e-07 from requested 1e-08.
2021-02-17 17:41:31,532 DEBUG Corresponding type is already real float32.
2021-02-17 17:41:31,532 DEBUG nufft passed real_type for signal, converting
2021-02-17 17:41:31,536 DEBUG FinufftPlan adjusted eps=1.1920928955078125e-07 from requested 1e-08.
2021-02-17 17:41:31,620 DEBUG Corresponding type is already real float32.
2021-02-17 17:41:31,620 DEBUG nufft passed real_type for signal, converting
2021-02-17 17:41:31,624 DEBUG FinufftPlan adjusted eps=1.1920928955078125e-07 from requested 1e-08.
2021-02-17 17:41:31,714 DEBUG Corresponding type is already real float32.
2021-02-17 17:41:31,714 DEBUG nufft passed real_type for signal, converting
2021-02-17 17:41:31,719 DEBUG FinufftPlan adjusted eps=1.1920928955078125e-07 from requested 1e-08.
2021-02-17 17:41:31,807 DEBUG Corresponding type is already real float32.
2021-02-17 17:41:31,808 DEBUG nufft passed real_type for signal, converting
2021-02-17 17:41:31,812 DEBUG FinufftPlan adjusted eps=1.1920928955078125e-07 from requested 1e-08.
2021-02-17 17:41:32,070 INFO Iteration 2 | Cost = 7.102193994443831e-10 | Relative Error = 0.9509512628927275
2021-02-17 17:41:32,070 INFO Iteration 2 | Relative Error u = 0.9599603414535522 | Relative Error g= 0.015596113680848234
2021-02-17 17:41:32,070 INFO ========= Iteration 3 =========
2021-02-17 17:41:32,070 INFO Iteration 3 | descent step u
2021-02-17 17:41:32,076 DEBUG Corresponding type is already real float32.
2021-02-17 17:41:32,076 DEBUG nufft passed real_type for signal, converting
2021-02-17 17:41:32,081 DEBUG FinufftPlan adjusted eps=1.1920928955078125e-07 from requested 1e-08.
2021-02-17 17:41:32,248 DEBUG Corresponding type is already complex complex64.
2021-02-17 17:41:32,252 DEBUG FinufftPlan adjusted eps=1.1920928955078125e-07 from requested 1e-08.
2021-02-17 17:41:32,278 INFO Determined adjoint mappings. Shape = (33, 33, 33)
2021-02-17 17:41:32,282 INFO Iteration 3 | primal-dual step g
2021-02-17 17:41:32,290 DEBUG Corresponding type is already real float32.
2021-02-17 17:41:32,290 DEBUG nufft passed real_type for signal, converting
2021-02-17 17:41:32,294 DEBUG FinufftPlan adjusted eps=1.1920928955078125e-07 from requested 1e-08.
2021-02-17 17:41:32,385 DEBUG Corresponding type is already real float32.
2021-02-17 17:41:32,386 DEBUG nufft passed real_type for signal, converting
2021-02-17 17:41:32,390 DEBUG FinufftPlan adjusted eps=1.1920928955078125e-07 from requested 1e-08.
2021-02-17 17:41:32,497 DEBUG Corresponding type is already real float32.
2021-02-17 17:41:32,497 DEBUG nufft passed real_type for signal, converting
2021-02-17 17:41:32,503 DEBUG FinufftPlan adjusted eps=1.1920928955078125e-07 from requested 1e-08.
2021-02-17 17:41:32,596 DEBUG Corresponding type is already real float32.
2021-02-17 17:41:32,596 DEBUG nufft passed real_type for signal, converting
2021-02-17 17:41:32,601 DEBUG FinufftPlan adjusted eps=1.1920928955078125e-07 from requested 1e-08.
2021-02-17 17:41:32,687 DEBUG Corresponding type is already real float32.
2021-02-17 17:41:32,687 DEBUG nufft passed real_type for signal, converting
2021-02-17 17:41:32,692 DEBUG FinufftPlan adjusted eps=1.1920928955078125e-07 from requested 1e-08.
2021-02-17 17:41:32,786 DEBUG Corresponding type is already real float32.
2021-02-17 17:41:32,786 DEBUG nufft passed real_type for signal, converting
2021-02-17 17:41:32,793 DEBUG FinufftPlan adjusted eps=1.1920928955078125e-07 from requested 1e-08.
2021-02-17 17:41:33,515 DEBUG Corresponding type is already real float32.
2021-02-17 17:41:33,516 DEBUG nufft passed real_type for signal, converting
2021-02-17 17:41:33,519 DEBUG FinufftPlan adjusted eps=1.1920928955078125e-07 from requested 1e-08.
2021-02-17 17:41:33,606 DEBUG Corresponding type is already real float32.
2021-02-17 17:41:33,607 DEBUG nufft passed real_type for signal, converting
2021-02-17 17:41:33,611 DEBUG FinufftPlan adjusted eps=1.1920928955078125e-07 from requested 1e-08.
2021-02-17 17:41:33,698 DEBUG Corresponding type is already real float32.
2021-02-17 17:41:33,698 DEBUG nufft passed real_type for signal, converting
2021-02-17 17:41:33,702 DEBUG FinufftPlan adjusted eps=1.1920928955078125e-07 from requested 1e-08.
2021-02-17 17:41:33,791 DEBUG Corresponding type is already real float32.
2021-02-17 17:41:33,791 DEBUG nufft passed real_type for signal, converting
2021-02-17 17:41:33,796 DEBUG FinufftPlan adjusted eps=1.1920928955078125e-07 from requested 1e-08.
2021-02-17 17:41:33,884 DEBUG Corresponding type is already real float32.
2021-02-17 17:41:33,884 DEBUG nufft passed real_type for signal, converting
2021-02-17 17:41:33,889 DEBUG FinufftPlan adjusted eps=1.1920928955078125e-07 from requested 1e-08.
2021-02-17 17:41:33,974 DEBUG Corresponding type is already real float32.
2021-02-17 17:41:33,974 DEBUG nufft passed real_type for signal, converting
2021-02-17 17:41:33,979 DEBUG FinufftPlan adjusted eps=1.1920928955078125e-07 from requested 1e-08.
2021-02-17 17:41:34,071 DEBUG Corresponding type is already real float32.
2021-02-17 17:41:34,072 DEBUG nufft passed real_type for signal, converting
2021-02-17 17:41:34,077 DEBUG FinufftPlan adjusted eps=1.1920928955078125e-07 from requested 1e-08.
2021-02-17 17:41:34,354 INFO Iteration 3 | Cost = 6.677565765110355e-10 | Relative Error = 0.9133877380604818
2021-02-17 17:41:34,354 INFO Iteration 3 | Relative Error u = 0.9220432043075562 | Relative Error g= 0.0025809723744916495
2021-02-17 17:41:34,354 INFO ========= Iteration 4 =========
2021-02-17 17:41:34,354 INFO Iteration 4 | descent step u
2021-02-17 17:41:34,359 DEBUG Corresponding type is already real float32.
2021-02-17 17:41:34,359 DEBUG nufft passed real_type for signal, converting
2021-02-17 17:41:34,362 DEBUG FinufftPlan adjusted eps=1.1920928955078125e-07 from requested 1e-08.
2021-02-17 17:41:34,507 DEBUG Corresponding type is already complex complex64.
2021-02-17 17:41:34,511 DEBUG FinufftPlan adjusted eps=1.1920928955078125e-07 from requested 1e-08.
2021-02-17 17:41:34,533 INFO Determined adjoint mappings. Shape = (33, 33, 33)
2021-02-17 17:41:34,536 INFO Iteration 4 | primal-dual step g
2021-02-17 17:41:34,544 DEBUG Corresponding type is already real float32.
2021-02-17 17:41:34,544 DEBUG nufft passed real_type for signal, converting
2021-02-17 17:41:34,547 DEBUG FinufftPlan adjusted eps=1.1920928955078125e-07 from requested 1e-08.
2021-02-17 17:41:34,635 DEBUG Corresponding type is already real float32.
2021-02-17 17:41:34,635 DEBUG nufft passed real_type for signal, converting
2021-02-17 17:41:34,640 DEBUG FinufftPlan adjusted eps=1.1920928955078125e-07 from requested 1e-08.
2021-02-17 17:41:34,727 DEBUG Corresponding type is already real float32.
2021-02-17 17:41:34,728 DEBUG nufft passed real_type for signal, converting
2021-02-17 17:41:34,732 DEBUG FinufftPlan adjusted eps=1.1920928955078125e-07 from requested 1e-08.
2021-02-17 17:41:34,818 DEBUG Corresponding type is already real float32.
2021-02-17 17:41:34,819 DEBUG nufft passed real_type for signal, converting
2021-02-17 17:41:34,824 DEBUG FinufftPlan adjusted eps=1.1920928955078125e-07 from requested 1e-08.
2021-02-17 17:41:34,909 DEBUG Corresponding type is already real float32.
2021-02-17 17:41:34,910 DEBUG nufft passed real_type for signal, converting
2021-02-17 17:41:34,915 DEBUG FinufftPlan adjusted eps=1.1920928955078125e-07 from requested 1e-08.
2021-02-17 17:41:35,000 DEBUG Corresponding type is already real float32.
2021-02-17 17:41:35,000 DEBUG nufft passed real_type for signal, converting
2021-02-17 17:41:35,005 DEBUG FinufftPlan adjusted eps=1.1920928955078125e-07 from requested 1e-08.
2021-02-17 17:41:35,667 DEBUG Corresponding type is already real float32.
2021-02-17 17:41:35,667 DEBUG nufft passed real_type for signal, converting
2021-02-17 17:41:35,670 DEBUG FinufftPlan adjusted eps=1.1920928955078125e-07 from requested 1e-08.
2021-02-17 17:41:35,761 DEBUG Corresponding type is already real float32.
2021-02-17 17:41:35,761 DEBUG nufft passed real_type for signal, converting
2021-02-17 17:41:35,766 DEBUG FinufftPlan adjusted eps=1.1920928955078125e-07 from requested 1e-08.
2021-02-17 17:41:35,856 DEBUG Corresponding type is already real float32.
2021-02-17 17:41:35,856 DEBUG nufft passed real_type for signal, converting
2021-02-17 17:41:35,862 DEBUG FinufftPlan adjusted eps=1.1920928955078125e-07 from requested 1e-08.
2021-02-17 17:41:35,947 DEBUG Corresponding type is already real float32.
2021-02-17 17:41:35,947 DEBUG nufft passed real_type for signal, converting
2021-02-17 17:41:35,954 DEBUG FinufftPlan adjusted eps=1.1920928955078125e-07 from requested 1e-08.
2021-02-17 17:41:36,037 DEBUG Corresponding type is already real float32.
2021-02-17 17:41:36,037 DEBUG nufft passed real_type for signal, converting
2021-02-17 17:41:36,042 DEBUG FinufftPlan adjusted eps=1.1920928955078125e-07 from requested 1e-08.
2021-02-17 17:41:36,127 DEBUG Corresponding type is already real float32.
2021-02-17 17:41:36,127 DEBUG nufft passed real_type for signal, converting
2021-02-17 17:41:36,131 DEBUG FinufftPlan adjusted eps=1.1920928955078125e-07 from requested 1e-08.
2021-02-17 17:41:36,223 DEBUG Corresponding type is already real float32.
2021-02-17 17:41:36,224 DEBUG nufft passed real_type for signal, converting
2021-02-17 17:41:36,229 DEBUG FinufftPlan adjusted eps=1.1920928955078125e-07 from requested 1e-08.
2021-02-17 17:41:36,478 INFO Iteration 4 | Cost = 6.289491347424525e-10 | Relative Error = 0.8777947176791555
2021-02-17 17:41:36,478 INFO Iteration 4 | Relative Error u = 0.8861128687858582 | Relative Error g= 0.0026004224829663546
2021-02-17 17:41:36,478 INFO ========= Iteration 5 =========
2021-02-17 17:41:36,478 INFO Iteration 5 | descent step u
2021-02-17 17:41:36,483 DEBUG Corresponding type is already real float32.
2021-02-17 17:41:36,483 DEBUG nufft passed real_type for signal, converting
2021-02-17 17:41:36,486 DEBUG FinufftPlan adjusted eps=1.1920928955078125e-07 from requested 1e-08.
2021-02-17 17:41:36,628 DEBUG Corresponding type is already complex complex64.
2021-02-17 17:41:36,633 DEBUG FinufftPlan adjusted eps=1.1920928955078125e-07 from requested 1e-08.
2021-02-17 17:41:36,655 INFO Determined adjoint mappings. Shape = (33, 33, 33)
2021-02-17 17:41:36,658 INFO Iteration 5 | primal-dual step g
2021-02-17 17:41:36,665 DEBUG Corresponding type is already real float32.
2021-02-17 17:41:36,665 DEBUG nufft passed real_type for signal, converting
2021-02-17 17:41:36,669 DEBUG FinufftPlan adjusted eps=1.1920928955078125e-07 from requested 1e-08.
2021-02-17 17:41:36,753 DEBUG Corresponding type is already real float32.
2021-02-17 17:41:36,753 DEBUG nufft passed real_type for signal, converting
2021-02-17 17:41:36,757 DEBUG FinufftPlan adjusted eps=1.1920928955078125e-07 from requested 1e-08.
2021-02-17 17:41:36,839 DEBUG Corresponding type is already real float32.
2021-02-17 17:41:36,839 DEBUG nufft passed real_type for signal, converting
2021-02-17 17:41:36,843 DEBUG FinufftPlan adjusted eps=1.1920928955078125e-07 from requested 1e-08.
2021-02-17 17:41:36,928 DEBUG Corresponding type is already real float32.
2021-02-17 17:41:36,928 DEBUG nufft passed real_type for signal, converting
2021-02-17 17:41:36,933 DEBUG FinufftPlan adjusted eps=1.1920928955078125e-07 from requested 1e-08.
2021-02-17 17:41:37,018 DEBUG Corresponding type is already real float32.
2021-02-17 17:41:37,018 DEBUG nufft passed real_type for signal, converting
2021-02-17 17:41:37,023 DEBUG FinufftPlan adjusted eps=1.1920928955078125e-07 from requested 1e-08.
2021-02-17 17:41:37,105 DEBUG Corresponding type is already real float32.
2021-02-17 17:41:37,105 DEBUG nufft passed real_type for signal, converting
2021-02-17 17:41:37,109 DEBUG FinufftPlan adjusted eps=1.1920928955078125e-07 from requested 1e-08.
2021-02-17 17:41:37,787 DEBUG Corresponding type is already real float32.
2021-02-17 17:41:37,788 DEBUG nufft passed real_type for signal, converting
2021-02-17 17:41:37,791 DEBUG FinufftPlan adjusted eps=1.1920928955078125e-07 from requested 1e-08.
2021-02-17 17:41:37,878 DEBUG Corresponding type is already real float32.
2021-02-17 17:41:37,879 DEBUG nufft passed real_type for signal, converting
2021-02-17 17:41:37,883 DEBUG FinufftPlan adjusted eps=1.1920928955078125e-07 from requested 1e-08.
2021-02-17 17:41:37,975 DEBUG Corresponding type is already real float32.
2021-02-17 17:41:37,975 DEBUG nufft passed real_type for signal, converting
2021-02-17 17:41:37,980 DEBUG FinufftPlan adjusted eps=1.1920928955078125e-07 from requested 1e-08.
2021-02-17 17:41:38,065 DEBUG Corresponding type is already real float32.
2021-02-17 17:41:38,065 DEBUG nufft passed real_type for signal, converting
2021-02-17 17:41:38,069 DEBUG FinufftPlan adjusted eps=1.1920928955078125e-07 from requested 1e-08.
2021-02-17 17:41:38,153 DEBUG Corresponding type is already real float32.
2021-02-17 17:41:38,153 DEBUG nufft passed real_type for signal, converting
2021-02-17 17:41:38,157 DEBUG FinufftPlan adjusted eps=1.1920928955078125e-07 from requested 1e-08.
2021-02-17 17:41:38,239 DEBUG Corresponding type is already real float32.
2021-02-17 17:41:38,240 DEBUG nufft passed real_type for signal, converting
2021-02-17 17:41:38,245 DEBUG FinufftPlan adjusted eps=1.1920928955078125e-07 from requested 1e-08.
2021-02-17 17:41:38,335 DEBUG Corresponding type is already real float32.
2021-02-17 17:41:38,335 DEBUG nufft passed real_type for signal, converting
2021-02-17 17:41:38,340 DEBUG FinufftPlan adjusted eps=1.1920928955078125e-07 from requested 1e-08.
2021-02-17 17:41:38,589 INFO Iteration 5 | Cost = 5.934673360490862e-10 | Relative Error = 0.8440428075696528
2021-02-17 17:41:38,589 INFO Iteration 5 | Relative Error u = 0.8520411252975464 | Relative Error g= 0.0026223662300660206
