2021-02-17 10:04:10,844 DEBUG Using fontManager instance from /Users/wdiepeveen/.matplotlib/fontlist-v330.json
2021-02-17 10:04:11,074 INFO This script illustrates orientation refinement using lRCPA as primal-dual splitting method
2021-02-17 10:04:11,083 DEBUG Corresponding type is already real float32.
2021-02-17 10:04:11,083 DEBUG nufft passed real_type for signal, converting
2021-02-17 10:04:11,083 INFO Trying NFFT backend finufft
2021-02-17 10:04:11,089 INFO NFFT backend finufft usable.
2021-02-17 10:04:11,089 INFO Trying NFFT backend cufinufft
2021-02-17 10:04:11,089 INFO NFFT backend cufinufft not usable:
	No module named 'pycuda'
2021-02-17 10:04:11,089 INFO Trying NFFT backend pynfft
2021-02-17 10:04:11,089 INFO NFFT backend pynfft not usable:
	No module named 'pynfft'
2021-02-17 10:04:11,090 INFO Selected NFFT backend = finufft.
2021-02-17 10:04:11,093 DEBUG FinufftPlan adjusted eps=1.1920928955078125e-07 from requested 1e-08.
2021-02-17 10:04:11,260 INFO Applying forward transformations in pipeline
2021-02-17 10:04:11,260 INFO All forward transformations applied
2021-02-17 10:04:11,260 INFO Loaded 128 images
2021-02-17 10:04:11,261 WARNING PrimalDualProblem vols.dtype float64 != self.dtype float32. In the future this will raise an error.
2021-02-17 10:04:11,286 INFO Testing data fidelity
2021-02-17 10:04:11,287 WARNING Volume.dtype float64 inconsistent with float32
2021-02-17 10:04:11,287 WARNING Volume rot_matrices.dtype float32 != self.dtype float64. In the future this will raise an error.
2021-02-17 10:04:11,292 DEBUG Corresponding type is already real float64.
2021-02-17 10:04:11,292 WARNING nufft passed inconsistent dtypes. fourier_pts: float32 forcing precision of signal data: float64.
2021-02-17 10:04:11,292 DEBUG Corresponding type is already real float64.
2021-02-17 10:04:11,294 DEBUG nufft passed real_type for signal, converting
2021-02-17 10:04:11,470 INFO Testing grad norm fidelity
2021-02-17 10:04:11,473 INFO Testing rotation fidelity
2021-02-17 10:04:11,662 INFO Testing differential
2021-02-17 10:04:11,669 DEBUG Corresponding type is already real float32.
2021-02-17 10:04:11,669 DEBUG nufft passed real_type for signal, converting
2021-02-17 10:04:11,671 DEBUG FinufftPlan adjusted eps=1.1920928955078125e-07 from requested 1e-08.
2021-02-17 10:04:11,770 INFO Testing adjoint differential
2021-02-17 10:04:11,782 DEBUG Corresponding type is already real float32.
2021-02-17 10:04:11,782 DEBUG nufft passed real_type for signal, converting
2021-02-17 10:04:11,788 DEBUG FinufftPlan adjusted eps=1.1920928955078125e-07 from requested 1e-08.
2021-02-17 10:04:11,880 DEBUG Corresponding type is already real float32.
2021-02-17 10:04:11,880 DEBUG nufft passed real_type for signal, converting
2021-02-17 10:04:11,885 DEBUG FinufftPlan adjusted eps=1.1920928955078125e-07 from requested 1e-08.
2021-02-17 10:04:11,974 DEBUG Corresponding type is already real float32.
2021-02-17 10:04:11,974 DEBUG nufft passed real_type for signal, converting
2021-02-17 10:04:11,979 DEBUG FinufftPlan adjusted eps=1.1920928955078125e-07 from requested 1e-08.
2021-02-17 10:04:12,066 DEBUG Corresponding type is already real float32.
2021-02-17 10:04:12,066 DEBUG nufft passed real_type for signal, converting
2021-02-17 10:04:12,072 DEBUG FinufftPlan adjusted eps=1.1920928955078125e-07 from requested 1e-08.
2021-02-17 10:04:12,165 DEBUG Corresponding type is already real float32.
2021-02-17 10:04:12,166 DEBUG nufft passed real_type for signal, converting
2021-02-17 10:04:12,170 DEBUG FinufftPlan adjusted eps=1.1920928955078125e-07 from requested 1e-08.
2021-02-17 10:04:12,252 DEBUG Corresponding type is already real float32.
2021-02-17 10:04:12,252 DEBUG nufft passed real_type for signal, converting
2021-02-17 10:04:12,258 DEBUG FinufftPlan adjusted eps=1.1920928955078125e-07 from requested 1e-08.
2021-02-17 10:04:12,338 INFO Testing gradient
2021-02-17 10:04:14,211 CRITICAL 'PrimalDualProblem' object has no attribute 'vol'
Traceback:
  File "/Users/wdiepeveen/Documents/PhD/Projects/2 - Cryo-EM/src/src/Cryo-EM/test.py", line 77, in <module>
    print(gradient_l2_data_fidelity(prob))
  File "/Users/wdiepeveen/Documents/PhD/Projects/2 - Cryo-EM/src/src/Cryo-EM/functions/gradients.py", line 5, in gradient_l2_data_fidelity
    im = src.vol_forward(src.vol, 0, np.inf) - src.data

