2021-02-17 15:58:24,017 DEBUG Using fontManager instance from /Users/wdiepeveen/.matplotlib/fontlist-v330.json
2021-02-17 15:58:24,366 INFO This script illustrates orientation refinement using lRCPA as primal-dual splitting method
2021-02-17 15:58:24,374 DEBUG Corresponding type is already real float32.
2021-02-17 15:58:24,374 DEBUG nufft passed real_type for signal, converting
2021-02-17 15:58:24,374 INFO Trying NFFT backend finufft
2021-02-17 15:58:24,380 INFO NFFT backend finufft usable.
2021-02-17 15:58:24,380 INFO Trying NFFT backend cufinufft
2021-02-17 15:58:24,381 INFO NFFT backend cufinufft not usable:
	No module named 'pycuda'
2021-02-17 15:58:24,381 INFO Trying NFFT backend pynfft
2021-02-17 15:58:24,381 INFO NFFT backend pynfft not usable:
	No module named 'pynfft'
2021-02-17 15:58:24,381 INFO Selected NFFT backend = finufft.
2021-02-17 15:58:24,384 DEBUG FinufftPlan adjusted eps=1.1920928955078125e-07 from requested 1e-08.
2021-02-17 15:58:24,543 INFO Applying forward transformations in pipeline
2021-02-17 15:58:24,544 INFO All forward transformations applied
2021-02-17 15:58:24,544 INFO Loaded 128 images
2021-02-17 15:58:24,565 INFO ========= Iteration 1 =========
2021-02-17 15:58:24,565 INFO Iteration 1 | descent step u
2021-02-17 15:58:24,570 DEBUG Corresponding type is already real float32.
2021-02-17 15:58:24,571 DEBUG nufft passed real_type for signal, converting
2021-02-17 15:58:24,576 DEBUG FinufftPlan adjusted eps=1.1920928955078125e-07 from requested 1e-08.
2021-02-17 15:58:24,721 DEBUG Corresponding type is already complex complex64.
2021-02-17 15:58:24,726 DEBUG FinufftPlan adjusted eps=1.1920928955078125e-07 from requested 1e-08.
2021-02-17 15:58:24,748 INFO Determined adjoint mappings. Shape = (33, 33, 33)
2021-02-17 15:58:26,792 CRITICAL shape of `inp` not equal to space shape: (1, 33, 33, 33) != (33, 33, 33)
Traceback:
  File "/Users/wdiepeveen/Documents/PhD/Projects/2 - Cryo-EM/src/src/Cryo-EM/test.py", line 66, in <module>
    volume = solver.solve()
  File "/Users/wdiepeveen/Documents/PhD/Projects/2 - Cryo-EM/src/src/Cryo-EM/solvers/primal_dual_solver.py", line 108, in solve
    self.gradient_descent_step_u()
  File "/Users/wdiepeveen/Documents/PhD/Projects/2 - Cryo-EM/src/src/Cryo-EM/solvers/primal_dual_solver.py", line 125, in gradient_descent_step_u
    u = self.problem.vols - self.alpha * self.gradient_u(self.problem)
  File "/Users/wdiepeveen/PycharmProjects/Cryo-EM/lib/python3.6/site-packages/aspire/volume/__init__.py", line 116, in __sub__
    res = Volume(self._data - other)
  File "/Users/wdiepeveen/PycharmProjects/Cryo-EM/lib/python3.6/site-packages/odl/discr/lp_discr.py", line 1034, in __array_ufunc__
    ufunc, '__call__', *input_tensors, **kwargs)
  File "/Users/wdiepeveen/PycharmProjects/Cryo-EM/lib/python3.6/site-packages/odl/space/npy_tensors.py", line 1695, in __array_ufunc__
    out = out_space.element(res)
  File "/Users/wdiepeveen/PycharmProjects/Cryo-EM/lib/python3.6/site-packages/odl/space/npy_tensors.py", line 436, in element
    '{} != {}'.format(arr.shape, self.shape))

