2021-02-17 14:42:45,588 DEBUG Using fontManager instance from /Users/wdiepeveen/.matplotlib/fontlist-v330.json
2021-02-17 14:42:45,806 INFO This script illustrates orientation refinement using lRCPA as primal-dual splitting method
2021-02-17 14:42:45,816 DEBUG Corresponding type is already real float32.
2021-02-17 14:42:45,816 DEBUG nufft passed real_type for signal, converting
2021-02-17 14:42:45,816 INFO Trying NFFT backend finufft
2021-02-17 14:42:45,824 INFO NFFT backend finufft usable.
2021-02-17 14:42:45,824 INFO Trying NFFT backend cufinufft
2021-02-17 14:42:45,825 INFO NFFT backend cufinufft not usable:
	No module named 'pycuda'
2021-02-17 14:42:45,825 INFO Trying NFFT backend pynfft
2021-02-17 14:42:45,825 INFO NFFT backend pynfft not usable:
	No module named 'pynfft'
2021-02-17 14:42:45,825 INFO Selected NFFT backend = finufft.
2021-02-17 14:42:45,829 DEBUG FinufftPlan adjusted eps=1.1920928955078125e-07 from requested 1e-08.
2021-02-17 14:42:45,989 INFO Applying forward transformations in pipeline
2021-02-17 14:42:45,990 INFO All forward transformations applied
2021-02-17 14:42:45,990 INFO Loaded 128 images
2021-02-17 14:42:46,007 INFO ========= Iteration 1 =========
2021-02-17 14:42:46,007 INFO Iteration 1 | descent step u
2021-02-17 14:42:46,013 DEBUG Corresponding type is already real float32.
2021-02-17 14:42:46,013 DEBUG nufft passed real_type for signal, converting
2021-02-17 14:42:46,018 DEBUG FinufftPlan adjusted eps=1.1920928955078125e-07 from requested 1e-08.
2021-02-17 14:42:46,156 DEBUG Corresponding type is already complex complex64.
2021-02-17 14:42:46,161 DEBUG FinufftPlan adjusted eps=1.1920928955078125e-07 from requested 1e-08.
2021-02-17 14:42:46,184 INFO Determined adjoint mappings. Shape = (33, 33, 33)
2021-02-17 14:42:46,185 INFO Iteration 1 | primal-dual step g
2021-02-17 14:42:46,194 DEBUG Corresponding type is already real float32.
2021-02-17 14:42:46,194 DEBUG nufft passed real_type for signal, converting
2021-02-17 14:42:46,198 DEBUG FinufftPlan adjusted eps=1.1920928955078125e-07 from requested 1e-08.
2021-02-17 14:42:46,296 DEBUG Corresponding type is already real float32.
2021-02-17 14:42:46,296 DEBUG nufft passed real_type for signal, converting
2021-02-17 14:42:46,301 DEBUG FinufftPlan adjusted eps=1.1920928955078125e-07 from requested 1e-08.
2021-02-17 14:42:46,386 DEBUG Corresponding type is already real float32.
2021-02-17 14:42:46,386 DEBUG nufft passed real_type for signal, converting
2021-02-17 14:42:46,391 DEBUG FinufftPlan adjusted eps=1.1920928955078125e-07 from requested 1e-08.
2021-02-17 14:42:46,476 DEBUG Corresponding type is already real float32.
2021-02-17 14:42:46,477 DEBUG nufft passed real_type for signal, converting
2021-02-17 14:42:46,481 DEBUG FinufftPlan adjusted eps=1.1920928955078125e-07 from requested 1e-08.
2021-02-17 14:42:46,564 DEBUG Corresponding type is already real float32.
2021-02-17 14:42:46,564 DEBUG nufft passed real_type for signal, converting
2021-02-17 14:42:46,569 DEBUG FinufftPlan adjusted eps=1.1920928955078125e-07 from requested 1e-08.
2021-02-17 14:42:46,656 DEBUG Corresponding type is already real float32.
2021-02-17 14:42:46,656 DEBUG nufft passed real_type for signal, converting
2021-02-17 14:42:46,661 DEBUG FinufftPlan adjusted eps=1.1920928955078125e-07 from requested 1e-08.
2021-02-17 14:42:47,331 DEBUG Corresponding type is already real float32.
2021-02-17 14:42:47,331 DEBUG nufft passed real_type for signal, converting
2021-02-17 14:42:47,334 DEBUG FinufftPlan adjusted eps=1.1920928955078125e-07 from requested 1e-08.
2021-02-17 14:42:47,421 DEBUG Corresponding type is already real float32.
2021-02-17 14:42:47,421 DEBUG nufft passed real_type for signal, converting
2021-02-17 14:42:47,427 DEBUG FinufftPlan adjusted eps=1.1920928955078125e-07 from requested 1e-08.
2021-02-17 14:42:47,523 DEBUG Corresponding type is already real float32.
2021-02-17 14:42:47,523 DEBUG nufft passed real_type for signal, converting
2021-02-17 14:42:47,529 DEBUG FinufftPlan adjusted eps=1.1920928955078125e-07 from requested 1e-08.
2021-02-17 14:42:47,614 DEBUG Corresponding type is already real float32.
2021-02-17 14:42:47,614 DEBUG nufft passed real_type for signal, converting
2021-02-17 14:42:47,619 DEBUG FinufftPlan adjusted eps=1.1920928955078125e-07 from requested 1e-08.
2021-02-17 14:42:47,701 DEBUG Corresponding type is already real float32.
2021-02-17 14:42:47,701 DEBUG nufft passed real_type for signal, converting
2021-02-17 14:42:47,705 DEBUG FinufftPlan adjusted eps=1.1920928955078125e-07 from requested 1e-08.
2021-02-17 14:42:47,795 DEBUG Corresponding type is already real float32.
2021-02-17 14:42:47,795 DEBUG nufft passed real_type for signal, converting
2021-02-17 14:42:47,799 DEBUG FinufftPlan adjusted eps=1.1920928955078125e-07 from requested 1e-08.
2021-02-17 14:42:49,726 CRITICAL operands could not be broadcast together with shapes (128,33,33) (128,) 
Traceback:
  File "/Users/wdiepeveen/Documents/PhD/Projects/2 - Cryo-EM/src/src/Cryo-EM/test.py", line 55, in <module>
    volume = solver.solve()
  File "/Users/wdiepeveen/Documents/PhD/Projects/2 - Cryo-EM/src/src/Cryo-EM/solvers/primal_dual_solver.py", line 110, in solve
    self.primal_dual_step_g()
  File "/Users/wdiepeveen/Documents/PhD/Projects/2 - Cryo-EM/src/src/Cryo-EM/solvers/primal_dual_solver.py", line 146, in primal_dual_step_g
    manifold.log(m, new_rots))
  File "/Users/wdiepeveen/Documents/PhD/Projects/2 - Cryo-EM/src/src/Cryo-EM/functions/differentials.py", line 46, in differential_forward_rot
    + (im21.T * eta[:, 1, 0]).T + (im31.T * eta[:, 2, 0]).T + (im32.T * eta[:, 2, 1]).T

