2021-02-17 16:33:29,477 DEBUG Using fontManager instance from /Users/wdiepeveen/.matplotlib/fontlist-v330.json
2021-02-17 16:33:29,681 INFO This script illustrates orientation refinement using lRCPA as primal-dual splitting method
2021-02-17 16:33:29,690 DEBUG Corresponding type is already real float32.
2021-02-17 16:33:29,690 DEBUG nufft passed real_type for signal, converting
2021-02-17 16:33:29,690 INFO Trying NFFT backend finufft
2021-02-17 16:33:29,697 INFO NFFT backend finufft usable.
2021-02-17 16:33:29,698 INFO Trying NFFT backend cufinufft
2021-02-17 16:33:29,698 INFO NFFT backend cufinufft not usable:
	No module named 'pycuda'
2021-02-17 16:33:29,698 INFO Trying NFFT backend pynfft
2021-02-17 16:33:29,699 INFO NFFT backend pynfft not usable:
	No module named 'pynfft'
2021-02-17 16:33:29,699 INFO Selected NFFT backend = finufft.
2021-02-17 16:33:29,702 DEBUG FinufftPlan adjusted eps=1.1920928955078125e-07 from requested 1e-08.
2021-02-17 16:33:29,874 INFO Applying forward transformations in pipeline
2021-02-17 16:33:29,874 INFO All forward transformations applied
2021-02-17 16:33:29,874 INFO Loaded 128 images
2021-02-17 16:33:29,898 INFO ========= Iteration 1 =========
2021-02-17 16:33:29,898 INFO Iteration 1 | descent step u
2021-02-17 16:33:29,904 DEBUG Corresponding type is already real float32.
2021-02-17 16:33:29,904 DEBUG nufft passed real_type for signal, converting
2021-02-17 16:33:29,909 DEBUG FinufftPlan adjusted eps=1.1920928955078125e-07 from requested 1e-08.
2021-02-17 16:33:30,044 DEBUG Corresponding type is already complex complex64.
2021-02-17 16:33:30,049 DEBUG FinufftPlan adjusted eps=1.1920928955078125e-07 from requested 1e-08.
2021-02-17 16:33:30,072 INFO Determined adjoint mappings. Shape = (33, 33, 33)
2021-02-17 16:33:30,076 INFO Iteration 1 | primal-dual step g
2021-02-17 16:33:30,083 DEBUG Corresponding type is already real float32.
2021-02-17 16:33:30,084 DEBUG nufft passed real_type for signal, converting
2021-02-17 16:33:30,087 DEBUG FinufftPlan adjusted eps=1.1920928955078125e-07 from requested 1e-08.
2021-02-17 16:33:30,182 DEBUG Corresponding type is already real float32.
2021-02-17 16:33:30,182 DEBUG nufft passed real_type for signal, converting
2021-02-17 16:33:30,187 DEBUG FinufftPlan adjusted eps=1.1920928955078125e-07 from requested 1e-08.
2021-02-17 16:33:30,275 DEBUG Corresponding type is already real float32.
2021-02-17 16:33:30,275 DEBUG nufft passed real_type for signal, converting
2021-02-17 16:33:30,281 DEBUG FinufftPlan adjusted eps=1.1920928955078125e-07 from requested 1e-08.
2021-02-17 16:33:30,362 DEBUG Corresponding type is already real float32.
2021-02-17 16:33:30,362 DEBUG nufft passed real_type for signal, converting
2021-02-17 16:33:30,368 DEBUG FinufftPlan adjusted eps=1.1920928955078125e-07 from requested 1e-08.
2021-02-17 16:33:30,462 DEBUG Corresponding type is already real float32.
2021-02-17 16:33:30,463 DEBUG nufft passed real_type for signal, converting
2021-02-17 16:33:30,467 DEBUG FinufftPlan adjusted eps=1.1920928955078125e-07 from requested 1e-08.
2021-02-17 16:33:30,556 DEBUG Corresponding type is already real float32.
2021-02-17 16:33:30,557 DEBUG nufft passed real_type for signal, converting
2021-02-17 16:33:30,562 DEBUG FinufftPlan adjusted eps=1.1920928955078125e-07 from requested 1e-08.
2021-02-17 16:33:31,254 DEBUG Corresponding type is already real float32.
2021-02-17 16:33:31,255 DEBUG nufft passed real_type for signal, converting
2021-02-17 16:33:31,258 DEBUG FinufftPlan adjusted eps=1.1920928955078125e-07 from requested 1e-08.
2021-02-17 16:33:31,351 DEBUG Corresponding type is already real float32.
2021-02-17 16:33:31,351 DEBUG nufft passed real_type for signal, converting
2021-02-17 16:33:31,355 DEBUG FinufftPlan adjusted eps=1.1920928955078125e-07 from requested 1e-08.
2021-02-17 16:33:31,438 DEBUG Corresponding type is already real float32.
2021-02-17 16:33:31,438 DEBUG nufft passed real_type for signal, converting
2021-02-17 16:33:31,442 DEBUG FinufftPlan adjusted eps=1.1920928955078125e-07 from requested 1e-08.
2021-02-17 16:33:31,527 DEBUG Corresponding type is already real float32.
2021-02-17 16:33:31,527 DEBUG nufft passed real_type for signal, converting
2021-02-17 16:33:31,531 DEBUG FinufftPlan adjusted eps=1.1920928955078125e-07 from requested 1e-08.
2021-02-17 16:33:31,616 DEBUG Corresponding type is already real float32.
2021-02-17 16:33:31,617 DEBUG nufft passed real_type for signal, converting
2021-02-17 16:33:31,621 DEBUG FinufftPlan adjusted eps=1.1920928955078125e-07 from requested 1e-08.
2021-02-17 16:33:31,709 DEBUG Corresponding type is already real float32.
2021-02-17 16:33:31,709 DEBUG nufft passed real_type for signal, converting
2021-02-17 16:33:31,714 DEBUG FinufftPlan adjusted eps=1.1920928955078125e-07 from requested 1e-08.
2021-02-17 16:33:31,812 DEBUG Corresponding type is already real float32.
2021-02-17 16:33:31,813 DEBUG nufft passed real_type for signal, converting
2021-02-17 16:33:31,818 DEBUG FinufftPlan adjusted eps=1.1920928955078125e-07 from requested 1e-08.
2021-02-17 16:33:32,085 INFO Iteration 1 | Cost = 3.085437276795572e-10 | Relative Error = 1.0
2021-02-17 16:33:32,085 INFO ========= Iteration 2 =========
2021-02-17 16:33:32,085 INFO Iteration 2 | descent step u
2021-02-17 16:33:32,092 DEBUG Corresponding type is already real float32.
2021-02-17 16:33:32,092 DEBUG nufft passed real_type for signal, converting
2021-02-17 16:33:32,096 DEBUG FinufftPlan adjusted eps=1.1920928955078125e-07 from requested 1e-08.
2021-02-17 16:33:32,231 DEBUG Corresponding type is already complex complex64.
2021-02-17 16:33:32,236 DEBUG FinufftPlan adjusted eps=1.1920928955078125e-07 from requested 1e-08.
2021-02-17 16:33:32,263 INFO Determined adjoint mappings. Shape = (33, 33, 33)
2021-02-17 16:33:32,269 INFO Iteration 2 | primal-dual step g
2021-02-17 16:33:32,278 DEBUG Corresponding type is already real float32.
2021-02-17 16:33:32,278 DEBUG nufft passed real_type for signal, converting
2021-02-17 16:33:32,283 DEBUG FinufftPlan adjusted eps=1.1920928955078125e-07 from requested 1e-08.
2021-02-17 16:33:32,374 DEBUG Corresponding type is already real float32.
2021-02-17 16:33:32,374 DEBUG nufft passed real_type for signal, converting
2021-02-17 16:33:32,379 DEBUG FinufftPlan adjusted eps=1.1920928955078125e-07 from requested 1e-08.
2021-02-17 16:33:32,461 DEBUG Corresponding type is already real float32.
2021-02-17 16:33:32,461 DEBUG nufft passed real_type for signal, converting
2021-02-17 16:33:32,466 DEBUG FinufftPlan adjusted eps=1.1920928955078125e-07 from requested 1e-08.
2021-02-17 16:33:32,553 DEBUG Corresponding type is already real float32.
2021-02-17 16:33:32,553 DEBUG nufft passed real_type for signal, converting
2021-02-17 16:33:32,557 DEBUG FinufftPlan adjusted eps=1.1920928955078125e-07 from requested 1e-08.
2021-02-17 16:33:32,638 DEBUG Corresponding type is already real float32.
2021-02-17 16:33:32,638 DEBUG nufft passed real_type for signal, converting
2021-02-17 16:33:32,643 DEBUG FinufftPlan adjusted eps=1.1920928955078125e-07 from requested 1e-08.
2021-02-17 16:33:32,729 DEBUG Corresponding type is already real float32.
2021-02-17 16:33:32,729 DEBUG nufft passed real_type for signal, converting
2021-02-17 16:33:32,734 DEBUG FinufftPlan adjusted eps=1.1920928955078125e-07 from requested 1e-08.
2021-02-17 16:33:33,389 DEBUG Corresponding type is already real float32.
2021-02-17 16:33:33,389 DEBUG nufft passed real_type for signal, converting
2021-02-17 16:33:33,392 DEBUG FinufftPlan adjusted eps=1.1920928955078125e-07 from requested 1e-08.
2021-02-17 16:33:33,486 DEBUG Corresponding type is already real float32.
2021-02-17 16:33:33,487 DEBUG nufft passed real_type for signal, converting
2021-02-17 16:33:33,492 DEBUG FinufftPlan adjusted eps=1.1920928955078125e-07 from requested 1e-08.
2021-02-17 16:33:33,583 DEBUG Corresponding type is already real float32.
2021-02-17 16:33:33,584 DEBUG nufft passed real_type for signal, converting
2021-02-17 16:33:33,588 DEBUG FinufftPlan adjusted eps=1.1920928955078125e-07 from requested 1e-08.
2021-02-17 16:33:33,671 DEBUG Corresponding type is already real float32.
2021-02-17 16:33:33,671 DEBUG nufft passed real_type for signal, converting
2021-02-17 16:33:33,676 DEBUG FinufftPlan adjusted eps=1.1920928955078125e-07 from requested 1e-08.
2021-02-17 16:33:33,761 DEBUG Corresponding type is already real float32.
2021-02-17 16:33:33,761 DEBUG nufft passed real_type for signal, converting
2021-02-17 16:33:33,766 DEBUG FinufftPlan adjusted eps=1.1920928955078125e-07 from requested 1e-08.
2021-02-17 16:33:33,848 DEBUG Corresponding type is already real float32.
2021-02-17 16:33:33,848 DEBUG nufft passed real_type for signal, converting
2021-02-17 16:33:33,852 DEBUG FinufftPlan adjusted eps=1.1920928955078125e-07 from requested 1e-08.
2021-02-17 16:33:33,940 DEBUG Corresponding type is already real float32.
2021-02-17 16:33:33,940 DEBUG nufft passed real_type for signal, converting
2021-02-17 16:33:33,945 DEBUG FinufftPlan adjusted eps=1.1920928955078125e-07 from requested 1e-08.
2021-02-17 16:33:34,205 INFO Iteration 2 | Cost = 2.4238777271996116e-10 | Relative Error = 0.8414875103990979
2021-02-17 16:33:34,205 INFO ========= Iteration 3 =========
2021-02-17 16:33:34,205 INFO Iteration 3 | descent step u
2021-02-17 16:33:34,212 DEBUG Corresponding type is already real float32.
2021-02-17 16:33:34,212 DEBUG nufft passed real_type for signal, converting
2021-02-17 16:33:34,215 DEBUG FinufftPlan adjusted eps=1.1920928955078125e-07 from requested 1e-08.
2021-02-17 16:33:34,350 DEBUG Corresponding type is already complex complex64.
2021-02-17 16:33:34,357 DEBUG FinufftPlan adjusted eps=1.1920928955078125e-07 from requested 1e-08.
2021-02-17 16:33:34,382 INFO Determined adjoint mappings. Shape = (33, 33, 33)
2021-02-17 16:33:34,385 INFO Iteration 3 | primal-dual step g
2021-02-17 16:33:34,393 DEBUG Corresponding type is already real float32.
2021-02-17 16:33:34,393 DEBUG nufft passed real_type for signal, converting
2021-02-17 16:33:34,397 DEBUG FinufftPlan adjusted eps=1.1920928955078125e-07 from requested 1e-08.
2021-02-17 16:33:34,484 DEBUG Corresponding type is already real float32.
2021-02-17 16:33:34,484 DEBUG nufft passed real_type for signal, converting
2021-02-17 16:33:34,489 DEBUG FinufftPlan adjusted eps=1.1920928955078125e-07 from requested 1e-08.
2021-02-17 16:33:34,570 DEBUG Corresponding type is already real float32.
2021-02-17 16:33:34,571 DEBUG nufft passed real_type for signal, converting
2021-02-17 16:33:34,575 DEBUG FinufftPlan adjusted eps=1.1920928955078125e-07 from requested 1e-08.
2021-02-17 16:33:34,658 DEBUG Corresponding type is already real float32.
2021-02-17 16:33:34,659 DEBUG nufft passed real_type for signal, converting
2021-02-17 16:33:34,663 DEBUG FinufftPlan adjusted eps=1.1920928955078125e-07 from requested 1e-08.
2021-02-17 16:33:34,745 DEBUG Corresponding type is already real float32.
2021-02-17 16:33:34,745 DEBUG nufft passed real_type for signal, converting
2021-02-17 16:33:34,750 DEBUG FinufftPlan adjusted eps=1.1920928955078125e-07 from requested 1e-08.
2021-02-17 16:33:34,832 DEBUG Corresponding type is already real float32.
2021-02-17 16:33:34,833 DEBUG nufft passed real_type for signal, converting
2021-02-17 16:33:34,837 DEBUG FinufftPlan adjusted eps=1.1920928955078125e-07 from requested 1e-08.
2021-02-17 16:33:35,494 DEBUG Corresponding type is already real float32.
2021-02-17 16:33:35,495 DEBUG nufft passed real_type for signal, converting
2021-02-17 16:33:35,498 DEBUG FinufftPlan adjusted eps=1.1920928955078125e-07 from requested 1e-08.
2021-02-17 16:33:35,588 DEBUG Corresponding type is already real float32.
2021-02-17 16:33:35,588 DEBUG nufft passed real_type for signal, converting
2021-02-17 16:33:35,593 DEBUG FinufftPlan adjusted eps=1.1920928955078125e-07 from requested 1e-08.
2021-02-17 16:33:35,689 DEBUG Corresponding type is already real float32.
2021-02-17 16:33:35,689 DEBUG nufft passed real_type for signal, converting
2021-02-17 16:33:35,693 DEBUG FinufftPlan adjusted eps=1.1920928955078125e-07 from requested 1e-08.
2021-02-17 16:33:35,780 DEBUG Corresponding type is already real float32.
2021-02-17 16:33:35,780 DEBUG nufft passed real_type for signal, converting
2021-02-17 16:33:35,784 DEBUG FinufftPlan adjusted eps=1.1920928955078125e-07 from requested 1e-08.
2021-02-17 16:33:35,868 DEBUG Corresponding type is already real float32.
2021-02-17 16:33:35,868 DEBUG nufft passed real_type for signal, converting
2021-02-17 16:33:35,873 DEBUG FinufftPlan adjusted eps=1.1920928955078125e-07 from requested 1e-08.
2021-02-17 16:33:35,955 DEBUG Corresponding type is already real float32.
2021-02-17 16:33:35,955 DEBUG nufft passed real_type for signal, converting
2021-02-17 16:33:35,959 DEBUG FinufftPlan adjusted eps=1.1920928955078125e-07 from requested 1e-08.
2021-02-17 16:33:36,048 DEBUG Corresponding type is already real float32.
2021-02-17 16:33:36,049 DEBUG nufft passed real_type for signal, converting
2021-02-17 16:33:36,053 DEBUG FinufftPlan adjusted eps=1.1920928955078125e-07 from requested 1e-08.
2021-02-17 16:33:36,310 INFO Iteration 3 | Cost = 1.9560649356574405e-10 | Relative Error = 0.7165107848874941
2021-02-17 16:33:36,310 INFO ========= Iteration 4 =========
2021-02-17 16:33:36,310 INFO Iteration 4 | descent step u
2021-02-17 16:33:36,315 DEBUG Corresponding type is already real float32.
2021-02-17 16:33:36,315 DEBUG nufft passed real_type for signal, converting
2021-02-17 16:33:36,320 DEBUG FinufftPlan adjusted eps=1.1920928955078125e-07 from requested 1e-08.
2021-02-17 16:33:36,453 DEBUG Corresponding type is already complex complex64.
2021-02-17 16:33:36,459 DEBUG FinufftPlan adjusted eps=1.1920928955078125e-07 from requested 1e-08.
2021-02-17 16:33:36,485 INFO Determined adjoint mappings. Shape = (33, 33, 33)
2021-02-17 16:33:36,488 INFO Iteration 4 | primal-dual step g
2021-02-17 16:33:36,497 DEBUG Corresponding type is already real float32.
2021-02-17 16:33:36,497 DEBUG nufft passed real_type for signal, converting
2021-02-17 16:33:36,500 DEBUG FinufftPlan adjusted eps=1.1920928955078125e-07 from requested 1e-08.
2021-02-17 16:33:36,590 DEBUG Corresponding type is already real float32.
2021-02-17 16:33:36,590 DEBUG nufft passed real_type for signal, converting
2021-02-17 16:33:36,595 DEBUG FinufftPlan adjusted eps=1.1920928955078125e-07 from requested 1e-08.
2021-02-17 16:33:36,677 DEBUG Corresponding type is already real float32.
2021-02-17 16:33:36,677 DEBUG nufft passed real_type for signal, converting
2021-02-17 16:33:36,681 DEBUG FinufftPlan adjusted eps=1.1920928955078125e-07 from requested 1e-08.
2021-02-17 16:33:36,769 DEBUG Corresponding type is already real float32.
2021-02-17 16:33:36,770 DEBUG nufft passed real_type for signal, converting
2021-02-17 16:33:36,774 DEBUG FinufftPlan adjusted eps=1.1920928955078125e-07 from requested 1e-08.
2021-02-17 16:33:36,859 DEBUG Corresponding type is already real float32.
2021-02-17 16:33:36,859 DEBUG nufft passed real_type for signal, converting
2021-02-17 16:33:36,863 DEBUG FinufftPlan adjusted eps=1.1920928955078125e-07 from requested 1e-08.
2021-02-17 16:33:36,944 DEBUG Corresponding type is already real float32.
2021-02-17 16:33:36,944 DEBUG nufft passed real_type for signal, converting
2021-02-17 16:33:36,949 DEBUG FinufftPlan adjusted eps=1.1920928955078125e-07 from requested 1e-08.
2021-02-17 16:33:37,616 DEBUG Corresponding type is already real float32.
2021-02-17 16:33:37,616 DEBUG nufft passed real_type for signal, converting
2021-02-17 16:33:37,619 DEBUG FinufftPlan adjusted eps=1.1920928955078125e-07 from requested 1e-08.
2021-02-17 16:33:37,708 DEBUG Corresponding type is already real float32.
2021-02-17 16:33:37,708 DEBUG nufft passed real_type for signal, converting
2021-02-17 16:33:37,713 DEBUG FinufftPlan adjusted eps=1.1920928955078125e-07 from requested 1e-08.
2021-02-17 16:33:37,804 DEBUG Corresponding type is already real float32.
2021-02-17 16:33:37,805 DEBUG nufft passed real_type for signal, converting
2021-02-17 16:33:37,810 DEBUG FinufftPlan adjusted eps=1.1920928955078125e-07 from requested 1e-08.
2021-02-17 16:33:37,896 DEBUG Corresponding type is already real float32.
2021-02-17 16:33:37,896 DEBUG nufft passed real_type for signal, converting
2021-02-17 16:33:37,900 DEBUG FinufftPlan adjusted eps=1.1920928955078125e-07 from requested 1e-08.
2021-02-17 16:33:37,983 DEBUG Corresponding type is already real float32.
2021-02-17 16:33:37,983 DEBUG nufft passed real_type for signal, converting
2021-02-17 16:33:37,987 DEBUG FinufftPlan adjusted eps=1.1920928955078125e-07 from requested 1e-08.
2021-02-17 16:33:38,070 DEBUG Corresponding type is already real float32.
2021-02-17 16:33:38,071 DEBUG nufft passed real_type for signal, converting
2021-02-17 16:33:38,075 DEBUG FinufftPlan adjusted eps=1.1920928955078125e-07 from requested 1e-08.
2021-02-17 16:33:38,166 DEBUG Corresponding type is already real float32.
2021-02-17 16:33:38,166 DEBUG nufft passed real_type for signal, converting
2021-02-17 16:33:38,171 DEBUG FinufftPlan adjusted eps=1.1920928955078125e-07 from requested 1e-08.
2021-02-17 16:33:38,426 INFO Iteration 4 | Cost = 1.6209156429431847e-10 | Relative Error = 0.6162129969712298
2021-02-17 16:33:38,426 INFO ========= Iteration 5 =========
2021-02-17 16:33:38,426 INFO Iteration 5 | descent step u
2021-02-17 16:33:38,431 DEBUG Corresponding type is already real float32.
2021-02-17 16:33:38,431 DEBUG nufft passed real_type for signal, converting
2021-02-17 16:33:38,434 DEBUG FinufftPlan adjusted eps=1.1920928955078125e-07 from requested 1e-08.
2021-02-17 16:33:38,565 DEBUG Corresponding type is already complex complex64.
2021-02-17 16:33:38,570 DEBUG FinufftPlan adjusted eps=1.1920928955078125e-07 from requested 1e-08.
2021-02-17 16:33:38,598 INFO Determined adjoint mappings. Shape = (33, 33, 33)
2021-02-17 16:33:38,602 INFO Iteration 5 | primal-dual step g
2021-02-17 16:33:38,609 DEBUG Corresponding type is already real float32.
2021-02-17 16:33:38,610 DEBUG nufft passed real_type for signal, converting
2021-02-17 16:33:38,614 DEBUG FinufftPlan adjusted eps=1.1920928955078125e-07 from requested 1e-08.
2021-02-17 16:33:38,704 DEBUG Corresponding type is already real float32.
2021-02-17 16:33:38,704 DEBUG nufft passed real_type for signal, converting
2021-02-17 16:33:38,709 DEBUG FinufftPlan adjusted eps=1.1920928955078125e-07 from requested 1e-08.
2021-02-17 16:33:38,792 DEBUG Corresponding type is already real float32.
2021-02-17 16:33:38,792 DEBUG nufft passed real_type for signal, converting
2021-02-17 16:33:38,796 DEBUG FinufftPlan adjusted eps=1.1920928955078125e-07 from requested 1e-08.
2021-02-17 16:33:38,880 DEBUG Corresponding type is already real float32.
2021-02-17 16:33:38,880 DEBUG nufft passed real_type for signal, converting
2021-02-17 16:33:38,885 DEBUG FinufftPlan adjusted eps=1.1920928955078125e-07 from requested 1e-08.
2021-02-17 16:33:38,968 DEBUG Corresponding type is already real float32.
2021-02-17 16:33:38,968 DEBUG nufft passed real_type for signal, converting
2021-02-17 16:33:38,973 DEBUG FinufftPlan adjusted eps=1.1920928955078125e-07 from requested 1e-08.
2021-02-17 16:33:39,053 DEBUG Corresponding type is already real float32.
2021-02-17 16:33:39,053 DEBUG nufft passed real_type for signal, converting
2021-02-17 16:33:39,057 DEBUG FinufftPlan adjusted eps=1.1920928955078125e-07 from requested 1e-08.
2021-02-17 16:33:39,719 DEBUG Corresponding type is already real float32.
2021-02-17 16:33:39,719 DEBUG nufft passed real_type for signal, converting
2021-02-17 16:33:39,722 DEBUG FinufftPlan adjusted eps=1.1920928955078125e-07 from requested 1e-08.
2021-02-17 16:33:39,810 DEBUG Corresponding type is already real float32.
2021-02-17 16:33:39,811 DEBUG nufft passed real_type for signal, converting
2021-02-17 16:33:39,815 DEBUG FinufftPlan adjusted eps=1.1920928955078125e-07 from requested 1e-08.
2021-02-17 16:33:39,905 DEBUG Corresponding type is already real float32.
2021-02-17 16:33:39,906 DEBUG nufft passed real_type for signal, converting
2021-02-17 16:33:39,911 DEBUG FinufftPlan adjusted eps=1.1920928955078125e-07 from requested 1e-08.
2021-02-17 16:33:39,996 DEBUG Corresponding type is already real float32.
2021-02-17 16:33:39,997 DEBUG nufft passed real_type for signal, converting
2021-02-17 16:33:40,001 DEBUG FinufftPlan adjusted eps=1.1920928955078125e-07 from requested 1e-08.
2021-02-17 16:33:40,088 DEBUG Corresponding type is already real float32.
2021-02-17 16:33:40,088 DEBUG nufft passed real_type for signal, converting
2021-02-17 16:33:40,093 DEBUG FinufftPlan adjusted eps=1.1920928955078125e-07 from requested 1e-08.
2021-02-17 16:33:40,179 DEBUG Corresponding type is already real float32.
2021-02-17 16:33:40,179 DEBUG nufft passed real_type for signal, converting
2021-02-17 16:33:40,184 DEBUG FinufftPlan adjusted eps=1.1920928955078125e-07 from requested 1e-08.
2021-02-17 16:33:40,276 DEBUG Corresponding type is already real float32.
2021-02-17 16:33:40,276 DEBUG nufft passed real_type for signal, converting
2021-02-17 16:33:40,281 DEBUG FinufftPlan adjusted eps=1.1920928955078125e-07 from requested 1e-08.
2021-02-17 16:33:40,554 INFO Iteration 5 | Cost = 1.3783525928076895e-10 | Relative Error = 0.53472475075337
