2021-02-25 14:13:41,305 INFO This script illustrates orientation estimation using synchronization matrix and voting method
2021-02-25 14:13:41,307 INFO Initialize simulation object and CTF filters.
2021-02-25 14:13:41,308 INFO Load 3D map and downsample 3D map to desired grids of 33 x 33 x 33.
2021-02-25 14:13:42,023 INFO Use downsampled map to creat simulation object.
2021-02-25 14:13:42,040 DEBUG Corresponding type is already real float32.
2021-02-25 14:13:42,041 DEBUG nufft passed real_type for signal, converting
2021-02-25 14:13:42,041 INFO Trying NFFT backend finufft
2021-02-25 14:13:42,047 INFO NFFT backend finufft usable.
2021-02-25 14:13:42,047 INFO Trying NFFT backend cufinufft
2021-02-25 14:13:42,047 INFO NFFT backend cufinufft not usable:
	No module named 'pycuda'
2021-02-25 14:13:42,047 INFO Trying NFFT backend pynfft
2021-02-25 14:13:42,048 INFO NFFT backend pynfft not usable:
	No module named 'pynfft'
2021-02-25 14:13:42,048 INFO Selected NFFT backend = finufft.
2021-02-25 14:13:42,048 DEBUG FinufftPlan adjusted eps=1.1920928955078125e-07 from requested 1e-08.
2021-02-25 14:13:42,346 INFO Applying forward transformations in pipeline
2021-02-25 14:13:42,346 INFO All forward transformations applied
2021-02-25 14:13:42,347 INFO Loaded 3 images
2021-02-25 14:13:42,510 INFO Get true rotation angles generated randomly by the simulation object.
2021-02-25 14:13:42,510 INFO Estimate rotation angles using synchronization matrix and voting method.
2021-02-25 14:13:42,515 DEBUG Corresponding type is already real float32.
2021-02-25 14:13:42,516 DEBUG nufft passed real_type for signal, converting
2021-02-25 14:13:42,520 DEBUG FinufftPlan adjusted eps=1.1920928955078125e-07 from requested 1e-08.
2021-02-25 14:13:43,004 INFO Applying forward transformations in pipeline
2021-02-25 14:13:43,004 INFO All forward transformations applied
2021-02-25 14:13:43,005 INFO Loaded 128 images
2021-02-25 14:13:43,005 INFO Represent 2D image in a polar Fourier grid
2021-02-25 14:13:43,005 DEBUG Corresponding type is already real float32.
2021-02-25 14:13:43,005 DEBUG nufft passed real_type for signal, converting
2021-02-25 14:13:43,005 DEBUG FinufftPlan adjusted eps=1.1920928955078125e-07 from requested 1e-08.
2021-02-25 14:13:48,972 INFO Top 10 eigenvalues from synchronization voting matrix: [ 71.54754   66.33838   63.705856  19.602924  15.250185  14.751359
  13.775312  12.423205  12.283918 -12.384874]
2021-02-25 14:13:48,977 INFO MSE deviation of the estimated rotations using register_rotations : 0.0542492913676143
2021-02-25 14:13:48,978 INFO Expanding 3D map in a spatial-domain Fourier–Bessel basis using the direct method.
