2021-02-24 11:09:44,475 DEBUG Using fontManager instance from /Users/wdiepeveen/.matplotlib/fontlist-v330.json
2021-02-24 11:09:44,779 INFO This script illustrates orientation refinement using lRCPA as primal-dual splitting method
2021-02-24 11:09:44,790 DEBUG Corresponding type is already real float32.
2021-02-24 11:09:44,790 DEBUG nufft passed real_type for signal, converting
2021-02-24 11:09:44,790 INFO Trying NFFT backend finufft
2021-02-24 11:09:44,801 INFO NFFT backend finufft usable.
2021-02-24 11:09:44,801 INFO Trying NFFT backend cufinufft
2021-02-24 11:09:44,802 INFO NFFT backend cufinufft not usable:
	No module named 'pycuda'
2021-02-24 11:09:44,802 INFO Trying NFFT backend pynfft
2021-02-24 11:09:44,802 INFO NFFT backend pynfft not usable:
	No module named 'pynfft'
2021-02-24 11:09:44,802 INFO Selected NFFT backend = finufft.
2021-02-24 11:09:44,806 DEBUG FinufftPlan adjusted eps=1.1920928955078125e-07 from requested 1e-08.
2021-02-24 11:09:44,965 INFO Applying forward transformations in pipeline
2021-02-24 11:09:44,965 INFO All forward transformations applied
2021-02-24 11:09:44,966 INFO Loaded 128 images
2021-02-24 11:09:44,984 INFO ========= Iteration 1 =========
2021-02-24 11:09:44,984 INFO Iteration 1 | descent step u
2021-02-24 11:09:44,990 DEBUG Corresponding type is already real float32.
2021-02-24 11:09:44,991 DEBUG nufft passed real_type for signal, converting
2021-02-24 11:09:44,995 DEBUG FinufftPlan adjusted eps=1.1920928955078125e-07 from requested 1e-08.
2021-02-24 11:09:45,124 DEBUG Corresponding type is already complex complex64.
2021-02-24 11:09:45,128 DEBUG FinufftPlan adjusted eps=1.1920928955078125e-07 from requested 1e-08.
2021-02-24 11:09:45,150 INFO Determined adjoint mappings. Shape = (33, 33, 33)
2021-02-24 11:09:45,154 INFO Iteration 1 | primal-dual step g
2021-02-24 11:09:45,161 DEBUG Corresponding type is already real float32.
2021-02-24 11:09:45,162 DEBUG nufft passed real_type for signal, converting
2021-02-24 11:09:45,165 DEBUG FinufftPlan adjusted eps=1.1920928955078125e-07 from requested 1e-08.
2021-02-24 11:09:45,253 DEBUG Corresponding type is already real float32.
2021-02-24 11:09:45,253 DEBUG nufft passed real_type for signal, converting
2021-02-24 11:09:45,258 DEBUG FinufftPlan adjusted eps=1.1920928955078125e-07 from requested 1e-08.
2021-02-24 11:09:45,342 DEBUG Corresponding type is already real float32.
2021-02-24 11:09:45,342 DEBUG nufft passed real_type for signal, converting
2021-02-24 11:09:45,348 DEBUG FinufftPlan adjusted eps=1.1920928955078125e-07 from requested 1e-08.
2021-02-24 11:09:45,430 DEBUG Corresponding type is already real float32.
2021-02-24 11:09:45,430 DEBUG nufft passed real_type for signal, converting
2021-02-24 11:09:45,435 DEBUG FinufftPlan adjusted eps=1.1920928955078125e-07 from requested 1e-08.
2021-02-24 11:09:45,517 DEBUG Corresponding type is already real float32.
2021-02-24 11:09:45,517 DEBUG nufft passed real_type for signal, converting
2021-02-24 11:09:45,522 DEBUG FinufftPlan adjusted eps=1.1920928955078125e-07 from requested 1e-08.
2021-02-24 11:09:45,606 DEBUG Corresponding type is already real float32.
2021-02-24 11:09:45,606 DEBUG nufft passed real_type for signal, converting
2021-02-24 11:09:45,610 DEBUG FinufftPlan adjusted eps=1.1920928955078125e-07 from requested 1e-08.
2021-02-24 11:09:48,360 CRITICAL unsupported operand type(s) for *: 'memoryview' and 'memoryview'
Traceback:
  File "/Users/wdiepeveen/Documents/PhD/Projects/2 - Cryo-EM/src/src/Cryo-EM/test.py", line 68, in <module>
    volume = solver.solve()
  File "/Users/wdiepeveen/Documents/PhD/Projects/2 - Cryo-EM/src/src/Cryo-EM/solvers/primal_dual_solver.py", line 111, in solve
    self.primal_dual_step_g()
  File "/Users/wdiepeveen/Documents/PhD/Projects/2 - Cryo-EM/src/src/Cryo-EM/solvers/primal_dual_solver.py", line 141, in primal_dual_step_g
    self.adjoint_g(self.problem, self.xi_)
  File "/Users/wdiepeveen/Documents/PhD/Projects/2 - Cryo-EM/src/src/Cryo-EM/functions/differentials.py", line 59, in adjoint_differential_forward_rot
    K12 = -1 / (src.L ** 2) * ainner(xi.data, im12.data, axes=(1, 2))
  File "/Users/wdiepeveen/PycharmProjects/Cryo-EM/lib/python3.6/site-packages/aspire/utils/matrix.py", line 345, in ainner
    return np.sum(x * y, axis=axes)

