2021-02-17 16:32:14,867 DEBUG Using fontManager instance from /Users/wdiepeveen/.matplotlib/fontlist-v330.json
2021-02-17 16:32:15,118 INFO This script illustrates orientation refinement using lRCPA as primal-dual splitting method
2021-02-17 16:32:15,127 DEBUG Corresponding type is already real float32.
2021-02-17 16:32:15,128 DEBUG nufft passed real_type for signal, converting
2021-02-17 16:32:15,128 INFO Trying NFFT backend finufft
2021-02-17 16:32:15,137 INFO NFFT backend finufft usable.
2021-02-17 16:32:15,137 INFO Trying NFFT backend cufinufft
2021-02-17 16:32:15,137 INFO NFFT backend cufinufft not usable:
	No module named 'pycuda'
2021-02-17 16:32:15,137 INFO Trying NFFT backend pynfft
2021-02-17 16:32:15,138 INFO NFFT backend pynfft not usable:
	No module named 'pynfft'
2021-02-17 16:32:15,138 INFO Selected NFFT backend = finufft.
2021-02-17 16:32:15,142 DEBUG FinufftPlan adjusted eps=1.1920928955078125e-07 from requested 1e-08.
2021-02-17 16:32:15,306 INFO Applying forward transformations in pipeline
2021-02-17 16:32:15,306 INFO All forward transformations applied
2021-02-17 16:32:15,306 INFO Loaded 128 images
2021-02-17 16:32:15,323 INFO ========= Iteration 1 =========
2021-02-17 16:32:15,323 INFO Iteration 1 | descent step u
2021-02-17 16:32:15,331 DEBUG Corresponding type is already real float32.
2021-02-17 16:32:15,331 DEBUG nufft passed real_type for signal, converting
2021-02-17 16:32:15,337 DEBUG FinufftPlan adjusted eps=1.1920928955078125e-07 from requested 1e-08.
2021-02-17 16:32:15,477 DEBUG Corresponding type is already complex complex64.
2021-02-17 16:32:15,482 DEBUG FinufftPlan adjusted eps=1.1920928955078125e-07 from requested 1e-08.
2021-02-17 16:32:15,504 INFO Determined adjoint mappings. Shape = (33, 33, 33)
2021-02-17 16:32:15,507 INFO Iteration 1 | primal-dual step g
2021-02-17 16:32:15,514 DEBUG Corresponding type is already real float32.
2021-02-17 16:32:15,515 DEBUG nufft passed real_type for signal, converting
2021-02-17 16:32:15,520 DEBUG FinufftPlan adjusted eps=1.1920928955078125e-07 from requested 1e-08.
2021-02-17 16:32:15,623 DEBUG Corresponding type is already real float32.
2021-02-17 16:32:15,623 DEBUG nufft passed real_type for signal, converting
2021-02-17 16:32:15,628 DEBUG FinufftPlan adjusted eps=1.1920928955078125e-07 from requested 1e-08.
2021-02-17 16:32:15,731 DEBUG Corresponding type is already real float32.
2021-02-17 16:32:15,731 DEBUG nufft passed real_type for signal, converting
2021-02-17 16:32:15,735 DEBUG FinufftPlan adjusted eps=1.1920928955078125e-07 from requested 1e-08.
2021-02-17 16:32:15,829 DEBUG Corresponding type is already real float32.
2021-02-17 16:32:15,830 DEBUG nufft passed real_type for signal, converting
2021-02-17 16:32:15,834 DEBUG FinufftPlan adjusted eps=1.1920928955078125e-07 from requested 1e-08.
2021-02-17 16:32:15,920 DEBUG Corresponding type is already real float32.
2021-02-17 16:32:15,920 DEBUG nufft passed real_type for signal, converting
2021-02-17 16:32:15,925 DEBUG FinufftPlan adjusted eps=1.1920928955078125e-07 from requested 1e-08.
2021-02-17 16:32:16,010 DEBUG Corresponding type is already real float32.
2021-02-17 16:32:16,011 DEBUG nufft passed real_type for signal, converting
2021-02-17 16:32:16,015 DEBUG FinufftPlan adjusted eps=1.1920928955078125e-07 from requested 1e-08.
2021-02-17 16:32:16,737 DEBUG Corresponding type is already real float32.
2021-02-17 16:32:16,737 DEBUG nufft passed real_type for signal, converting
2021-02-17 16:32:16,740 DEBUG FinufftPlan adjusted eps=1.1920928955078125e-07 from requested 1e-08.
2021-02-17 16:32:16,840 DEBUG Corresponding type is already real float32.
2021-02-17 16:32:16,840 DEBUG nufft passed real_type for signal, converting
2021-02-17 16:32:16,845 DEBUG FinufftPlan adjusted eps=1.1920928955078125e-07 from requested 1e-08.
2021-02-17 16:32:16,935 DEBUG Corresponding type is already real float32.
2021-02-17 16:32:16,935 DEBUG nufft passed real_type for signal, converting
2021-02-17 16:32:16,940 DEBUG FinufftPlan adjusted eps=1.1920928955078125e-07 from requested 1e-08.
2021-02-17 16:32:17,026 DEBUG Corresponding type is already real float32.
2021-02-17 16:32:17,026 DEBUG nufft passed real_type for signal, converting
2021-02-17 16:32:17,031 DEBUG FinufftPlan adjusted eps=1.1920928955078125e-07 from requested 1e-08.
2021-02-17 16:32:17,116 DEBUG Corresponding type is already real float32.
2021-02-17 16:32:17,116 DEBUG nufft passed real_type for signal, converting
2021-02-17 16:32:17,121 DEBUG FinufftPlan adjusted eps=1.1920928955078125e-07 from requested 1e-08.
2021-02-17 16:32:17,203 DEBUG Corresponding type is already real float32.
2021-02-17 16:32:17,203 DEBUG nufft passed real_type for signal, converting
2021-02-17 16:32:17,208 DEBUG FinufftPlan adjusted eps=1.1920928955078125e-07 from requested 1e-08.
2021-02-17 16:32:17,299 DEBUG Corresponding type is already real float32.
2021-02-17 16:32:17,299 DEBUG nufft passed real_type for signal, converting
2021-02-17 16:32:17,303 DEBUG FinufftPlan adjusted eps=1.1920928955078125e-07 from requested 1e-08.
2021-02-17 16:32:17,557 INFO Iteration 1 | Cost = 3.950345247519624e-11 | Relative Error = 1.0
2021-02-17 16:32:17,557 INFO ========= Iteration 2 =========
2021-02-17 16:32:17,557 INFO Iteration 2 | descent step u
2021-02-17 16:32:17,562 DEBUG Corresponding type is already real float32.
2021-02-17 16:32:17,562 DEBUG nufft passed real_type for signal, converting
2021-02-17 16:32:17,565 DEBUG FinufftPlan adjusted eps=1.1920928955078125e-07 from requested 1e-08.
2021-02-17 16:32:17,701 DEBUG Corresponding type is already complex complex64.
2021-02-17 16:32:17,707 DEBUG FinufftPlan adjusted eps=1.1920928955078125e-07 from requested 1e-08.
2021-02-17 16:32:17,734 INFO Determined adjoint mappings. Shape = (33, 33, 33)
2021-02-17 16:32:17,737 INFO Iteration 2 | primal-dual step g
2021-02-17 16:32:17,745 DEBUG Corresponding type is already real float32.
2021-02-17 16:32:17,745 DEBUG nufft passed real_type for signal, converting
2021-02-17 16:32:17,749 DEBUG FinufftPlan adjusted eps=1.1920928955078125e-07 from requested 1e-08.
2021-02-17 16:32:17,845 DEBUG Corresponding type is already real float32.
2021-02-17 16:32:17,845 DEBUG nufft passed real_type for signal, converting
2021-02-17 16:32:17,850 DEBUG FinufftPlan adjusted eps=1.1920928955078125e-07 from requested 1e-08.
2021-02-17 16:32:17,935 DEBUG Corresponding type is already real float32.
2021-02-17 16:32:17,935 DEBUG nufft passed real_type for signal, converting
2021-02-17 16:32:17,941 DEBUG FinufftPlan adjusted eps=1.1920928955078125e-07 from requested 1e-08.
2021-02-17 16:32:18,038 DEBUG Corresponding type is already real float32.
2021-02-17 16:32:18,038 DEBUG nufft passed real_type for signal, converting
2021-02-17 16:32:18,042 DEBUG FinufftPlan adjusted eps=1.1920928955078125e-07 from requested 1e-08.
2021-02-17 16:32:18,124 DEBUG Corresponding type is already real float32.
2021-02-17 16:32:18,124 DEBUG nufft passed real_type for signal, converting
2021-02-17 16:32:18,129 DEBUG FinufftPlan adjusted eps=1.1920928955078125e-07 from requested 1e-08.
2021-02-17 16:32:18,209 DEBUG Corresponding type is already real float32.
2021-02-17 16:32:18,209 DEBUG nufft passed real_type for signal, converting
2021-02-17 16:32:18,214 DEBUG FinufftPlan adjusted eps=1.1920928955078125e-07 from requested 1e-08.
2021-02-17 16:32:18,903 DEBUG Corresponding type is already real float32.
2021-02-17 16:32:18,903 DEBUG nufft passed real_type for signal, converting
2021-02-17 16:32:18,906 DEBUG FinufftPlan adjusted eps=1.1920928955078125e-07 from requested 1e-08.
2021-02-17 16:32:19,006 DEBUG Corresponding type is already real float32.
2021-02-17 16:32:19,006 DEBUG nufft passed real_type for signal, converting
2021-02-17 16:32:19,012 DEBUG FinufftPlan adjusted eps=1.1920928955078125e-07 from requested 1e-08.
2021-02-17 16:32:19,100 DEBUG Corresponding type is already real float32.
2021-02-17 16:32:19,100 DEBUG nufft passed real_type for signal, converting
2021-02-17 16:32:19,105 DEBUG FinufftPlan adjusted eps=1.1920928955078125e-07 from requested 1e-08.
2021-02-17 16:32:19,189 DEBUG Corresponding type is already real float32.
2021-02-17 16:32:19,189 DEBUG nufft passed real_type for signal, converting
2021-02-17 16:32:19,193 DEBUG FinufftPlan adjusted eps=1.1920928955078125e-07 from requested 1e-08.
2021-02-17 16:32:19,278 DEBUG Corresponding type is already real float32.
2021-02-17 16:32:19,278 DEBUG nufft passed real_type for signal, converting
2021-02-17 16:32:19,283 DEBUG FinufftPlan adjusted eps=1.1920928955078125e-07 from requested 1e-08.
2021-02-17 16:32:19,367 DEBUG Corresponding type is already real float32.
2021-02-17 16:32:19,367 DEBUG nufft passed real_type for signal, converting
2021-02-17 16:32:19,372 DEBUG FinufftPlan adjusted eps=1.1920928955078125e-07 from requested 1e-08.
2021-02-17 16:32:19,469 DEBUG Corresponding type is already real float32.
2021-02-17 16:32:19,469 DEBUG nufft passed real_type for signal, converting
2021-02-17 16:32:19,475 DEBUG FinufftPlan adjusted eps=1.1920928955078125e-07 from requested 1e-08.
2021-02-17 16:32:19,731 INFO Iteration 2 | Cost = 3.8528239886978946e-11 | Relative Error = 0.9301334702906274
2021-02-17 16:32:19,732 INFO ========= Iteration 3 =========
2021-02-17 16:32:19,732 INFO Iteration 3 | descent step u
2021-02-17 16:32:19,738 DEBUG Corresponding type is already real float32.
2021-02-17 16:32:19,738 DEBUG nufft passed real_type for signal, converting
2021-02-17 16:32:19,741 DEBUG FinufftPlan adjusted eps=1.1920928955078125e-07 from requested 1e-08.
2021-02-17 16:32:19,871 DEBUG Corresponding type is already complex complex64.
2021-02-17 16:32:19,875 DEBUG FinufftPlan adjusted eps=1.1920928955078125e-07 from requested 1e-08.
2021-02-17 16:32:19,902 INFO Determined adjoint mappings. Shape = (33, 33, 33)
2021-02-17 16:32:19,906 INFO Iteration 3 | primal-dual step g
2021-02-17 16:32:19,915 DEBUG Corresponding type is already real float32.
2021-02-17 16:32:19,915 DEBUG nufft passed real_type for signal, converting
2021-02-17 16:32:19,919 DEBUG FinufftPlan adjusted eps=1.1920928955078125e-07 from requested 1e-08.
2021-02-17 16:32:20,005 DEBUG Corresponding type is already real float32.
2021-02-17 16:32:20,005 DEBUG nufft passed real_type for signal, converting
2021-02-17 16:32:20,009 DEBUG FinufftPlan adjusted eps=1.1920928955078125e-07 from requested 1e-08.
2021-02-17 16:32:20,096 DEBUG Corresponding type is already real float32.
2021-02-17 16:32:20,096 DEBUG nufft passed real_type for signal, converting
2021-02-17 16:32:20,102 DEBUG FinufftPlan adjusted eps=1.1920928955078125e-07 from requested 1e-08.
2021-02-17 16:32:20,186 DEBUG Corresponding type is already real float32.
2021-02-17 16:32:20,186 DEBUG nufft passed real_type for signal, converting
2021-02-17 16:32:20,190 DEBUG FinufftPlan adjusted eps=1.1920928955078125e-07 from requested 1e-08.
2021-02-17 16:32:20,270 DEBUG Corresponding type is already real float32.
2021-02-17 16:32:20,270 DEBUG nufft passed real_type for signal, converting
2021-02-17 16:32:20,276 DEBUG FinufftPlan adjusted eps=1.1920928955078125e-07 from requested 1e-08.
2021-02-17 16:32:20,356 DEBUG Corresponding type is already real float32.
2021-02-17 16:32:20,356 DEBUG nufft passed real_type for signal, converting
2021-02-17 16:32:20,362 DEBUG FinufftPlan adjusted eps=1.1920928955078125e-07 from requested 1e-08.
2021-02-17 16:32:21,035 DEBUG Corresponding type is already real float32.
2021-02-17 16:32:21,036 DEBUG nufft passed real_type for signal, converting
2021-02-17 16:32:21,039 DEBUG FinufftPlan adjusted eps=1.1920928955078125e-07 from requested 1e-08.
2021-02-17 16:32:21,125 DEBUG Corresponding type is already real float32.
2021-02-17 16:32:21,125 DEBUG nufft passed real_type for signal, converting
2021-02-17 16:32:21,130 DEBUG FinufftPlan adjusted eps=1.1920928955078125e-07 from requested 1e-08.
2021-02-17 16:32:21,221 DEBUG Corresponding type is already real float32.
2021-02-17 16:32:21,221 DEBUG nufft passed real_type for signal, converting
2021-02-17 16:32:21,227 DEBUG FinufftPlan adjusted eps=1.1920928955078125e-07 from requested 1e-08.
2021-02-17 16:32:21,311 DEBUG Corresponding type is already real float32.
2021-02-17 16:32:21,311 DEBUG nufft passed real_type for signal, converting
2021-02-17 16:32:21,316 DEBUG FinufftPlan adjusted eps=1.1920928955078125e-07 from requested 1e-08.
2021-02-17 16:32:21,398 DEBUG Corresponding type is already real float32.
2021-02-17 16:32:21,398 DEBUG nufft passed real_type for signal, converting
2021-02-17 16:32:21,402 DEBUG FinufftPlan adjusted eps=1.1920928955078125e-07 from requested 1e-08.
2021-02-17 16:32:21,485 DEBUG Corresponding type is already real float32.
2021-02-17 16:32:21,486 DEBUG nufft passed real_type for signal, converting
2021-02-17 16:32:21,490 DEBUG FinufftPlan adjusted eps=1.1920928955078125e-07 from requested 1e-08.
2021-02-17 16:32:21,578 DEBUG Corresponding type is already real float32.
2021-02-17 16:32:21,578 DEBUG nufft passed real_type for signal, converting
2021-02-17 16:32:21,583 DEBUG FinufftPlan adjusted eps=1.1920928955078125e-07 from requested 1e-08.
2021-02-17 16:32:21,838 INFO Iteration 3 | Cost = 3.7601887403591523e-11 | Relative Error = 0.9152370941701922
2021-02-17 16:32:21,838 INFO ========= Iteration 4 =========
2021-02-17 16:32:21,838 INFO Iteration 4 | descent step u
2021-02-17 16:32:21,843 DEBUG Corresponding type is already real float32.
2021-02-17 16:32:21,844 DEBUG nufft passed real_type for signal, converting
2021-02-17 16:32:21,847 DEBUG FinufftPlan adjusted eps=1.1920928955078125e-07 from requested 1e-08.
2021-02-17 16:32:21,979 DEBUG Corresponding type is already complex complex64.
2021-02-17 16:32:21,983 DEBUG FinufftPlan adjusted eps=1.1920928955078125e-07 from requested 1e-08.
2021-02-17 16:32:22,009 INFO Determined adjoint mappings. Shape = (33, 33, 33)
2021-02-17 16:32:22,012 INFO Iteration 4 | primal-dual step g
2021-02-17 16:32:22,022 DEBUG Corresponding type is already real float32.
2021-02-17 16:32:22,022 DEBUG nufft passed real_type for signal, converting
2021-02-17 16:32:22,026 DEBUG FinufftPlan adjusted eps=1.1920928955078125e-07 from requested 1e-08.
2021-02-17 16:32:22,116 DEBUG Corresponding type is already real float32.
2021-02-17 16:32:22,116 DEBUG nufft passed real_type for signal, converting
2021-02-17 16:32:22,121 DEBUG FinufftPlan adjusted eps=1.1920928955078125e-07 from requested 1e-08.
2021-02-17 16:32:22,204 DEBUG Corresponding type is already real float32.
2021-02-17 16:32:22,204 DEBUG nufft passed real_type for signal, converting
2021-02-17 16:32:22,208 DEBUG FinufftPlan adjusted eps=1.1920928955078125e-07 from requested 1e-08.
2021-02-17 16:32:22,291 DEBUG Corresponding type is already real float32.
2021-02-17 16:32:22,292 DEBUG nufft passed real_type for signal, converting
2021-02-17 16:32:22,296 DEBUG FinufftPlan adjusted eps=1.1920928955078125e-07 from requested 1e-08.
2021-02-17 16:32:22,376 DEBUG Corresponding type is already real float32.
2021-02-17 16:32:22,377 DEBUG nufft passed real_type for signal, converting
2021-02-17 16:32:22,381 DEBUG FinufftPlan adjusted eps=1.1920928955078125e-07 from requested 1e-08.
2021-02-17 16:32:22,464 DEBUG Corresponding type is already real float32.
2021-02-17 16:32:22,464 DEBUG nufft passed real_type for signal, converting
2021-02-17 16:32:22,470 DEBUG FinufftPlan adjusted eps=1.1920928955078125e-07 from requested 1e-08.
2021-02-17 16:32:23,138 DEBUG Corresponding type is already real float32.
2021-02-17 16:32:23,139 DEBUG nufft passed real_type for signal, converting
2021-02-17 16:32:23,141 DEBUG FinufftPlan adjusted eps=1.1920928955078125e-07 from requested 1e-08.
2021-02-17 16:32:23,230 DEBUG Corresponding type is already real float32.
2021-02-17 16:32:23,230 DEBUG nufft passed real_type for signal, converting
2021-02-17 16:32:23,235 DEBUG FinufftPlan adjusted eps=1.1920928955078125e-07 from requested 1e-08.
2021-02-17 16:32:23,326 DEBUG Corresponding type is already real float32.
2021-02-17 16:32:23,326 DEBUG nufft passed real_type for signal, converting
2021-02-17 16:32:23,331 DEBUG FinufftPlan adjusted eps=1.1920928955078125e-07 from requested 1e-08.
2021-02-17 16:32:23,418 DEBUG Corresponding type is already real float32.
2021-02-17 16:32:23,418 DEBUG nufft passed real_type for signal, converting
2021-02-17 16:32:23,423 DEBUG FinufftPlan adjusted eps=1.1920928955078125e-07 from requested 1e-08.
2021-02-17 16:32:23,505 DEBUG Corresponding type is already real float32.
2021-02-17 16:32:23,505 DEBUG nufft passed real_type for signal, converting
2021-02-17 16:32:23,509 DEBUG FinufftPlan adjusted eps=1.1920928955078125e-07 from requested 1e-08.
2021-02-17 16:32:23,590 DEBUG Corresponding type is already real float32.
2021-02-17 16:32:23,590 DEBUG nufft passed real_type for signal, converting
2021-02-17 16:32:23,594 DEBUG FinufftPlan adjusted eps=1.1920928955078125e-07 from requested 1e-08.
2021-02-17 16:32:23,684 DEBUG Corresponding type is already real float32.
2021-02-17 16:32:23,684 DEBUG nufft passed real_type for signal, converting
2021-02-17 16:32:23,690 DEBUG FinufftPlan adjusted eps=1.1920928955078125e-07 from requested 1e-08.
2021-02-17 16:32:23,944 INFO Iteration 4 | Cost = 3.6722814987142964e-11 | Relative Error = 0.900667745603643
2021-02-17 16:32:23,944 INFO ========= Iteration 5 =========
2021-02-17 16:32:23,945 INFO Iteration 5 | descent step u
2021-02-17 16:32:23,949 DEBUG Corresponding type is already real float32.
2021-02-17 16:32:23,949 DEBUG nufft passed real_type for signal, converting
2021-02-17 16:32:23,953 DEBUG FinufftPlan adjusted eps=1.1920928955078125e-07 from requested 1e-08.
2021-02-17 16:32:24,083 DEBUG Corresponding type is already complex complex64.
2021-02-17 16:32:24,088 DEBUG FinufftPlan adjusted eps=1.1920928955078125e-07 from requested 1e-08.
2021-02-17 16:32:24,111 INFO Determined adjoint mappings. Shape = (33, 33, 33)
2021-02-17 16:32:24,115 INFO Iteration 5 | primal-dual step g
2021-02-17 16:32:24,123 DEBUG Corresponding type is already real float32.
2021-02-17 16:32:24,123 DEBUG nufft passed real_type for signal, converting
2021-02-17 16:32:24,127 DEBUG FinufftPlan adjusted eps=1.1920928955078125e-07 from requested 1e-08.
2021-02-17 16:32:24,217 DEBUG Corresponding type is already real float32.
2021-02-17 16:32:24,217 DEBUG nufft passed real_type for signal, converting
2021-02-17 16:32:24,222 DEBUG FinufftPlan adjusted eps=1.1920928955078125e-07 from requested 1e-08.
2021-02-17 16:32:24,315 DEBUG Corresponding type is already real float32.
2021-02-17 16:32:24,315 DEBUG nufft passed real_type for signal, converting
2021-02-17 16:32:24,319 DEBUG FinufftPlan adjusted eps=1.1920928955078125e-07 from requested 1e-08.
2021-02-17 16:32:24,403 DEBUG Corresponding type is already real float32.
2021-02-17 16:32:24,403 DEBUG nufft passed real_type for signal, converting
2021-02-17 16:32:24,408 DEBUG FinufftPlan adjusted eps=1.1920928955078125e-07 from requested 1e-08.
2021-02-17 16:32:24,491 DEBUG Corresponding type is already real float32.
2021-02-17 16:32:24,491 DEBUG nufft passed real_type for signal, converting
2021-02-17 16:32:24,497 DEBUG FinufftPlan adjusted eps=1.1920928955078125e-07 from requested 1e-08.
2021-02-17 16:32:24,583 DEBUG Corresponding type is already real float32.
2021-02-17 16:32:24,583 DEBUG nufft passed real_type for signal, converting
2021-02-17 16:32:24,588 DEBUG FinufftPlan adjusted eps=1.1920928955078125e-07 from requested 1e-08.
2021-02-17 16:32:25,251 DEBUG Corresponding type is already real float32.
2021-02-17 16:32:25,251 DEBUG nufft passed real_type for signal, converting
2021-02-17 16:32:25,254 DEBUG FinufftPlan adjusted eps=1.1920928955078125e-07 from requested 1e-08.
2021-02-17 16:32:25,342 DEBUG Corresponding type is already real float32.
2021-02-17 16:32:25,342 DEBUG nufft passed real_type for signal, converting
2021-02-17 16:32:25,346 DEBUG FinufftPlan adjusted eps=1.1920928955078125e-07 from requested 1e-08.
2021-02-17 16:32:25,437 DEBUG Corresponding type is already real float32.
2021-02-17 16:32:25,437 DEBUG nufft passed real_type for signal, converting
2021-02-17 16:32:25,443 DEBUG FinufftPlan adjusted eps=1.1920928955078125e-07 from requested 1e-08.
2021-02-17 16:32:25,523 DEBUG Corresponding type is already real float32.
2021-02-17 16:32:25,523 DEBUG nufft passed real_type for signal, converting
2021-02-17 16:32:25,528 DEBUG FinufftPlan adjusted eps=1.1920928955078125e-07 from requested 1e-08.
2021-02-17 16:32:25,607 DEBUG Corresponding type is already real float32.
2021-02-17 16:32:25,607 DEBUG nufft passed real_type for signal, converting
2021-02-17 16:32:25,612 DEBUG FinufftPlan adjusted eps=1.1920928955078125e-07 from requested 1e-08.
2021-02-17 16:32:25,692 DEBUG Corresponding type is already real float32.
2021-02-17 16:32:25,692 DEBUG nufft passed real_type for signal, converting
2021-02-17 16:32:25,696 DEBUG FinufftPlan adjusted eps=1.1920928955078125e-07 from requested 1e-08.
2021-02-17 16:32:25,785 DEBUG Corresponding type is already real float32.
2021-02-17 16:32:25,785 DEBUG nufft passed real_type for signal, converting
2021-02-17 16:32:25,789 DEBUG FinufftPlan adjusted eps=1.1920928955078125e-07 from requested 1e-08.
2021-02-17 16:32:26,041 INFO Iteration 5 | Cost = 3.5888840550554834e-11 | Relative Error = 0.8864049629100687
