2021-02-27 14:51:25,104 INFO This script illustrates orientation refinement using lRCPA as primal-dual splitting method
2021-02-27 14:51:25,198 DEBUG Corresponding type is already real float32.
2021-02-27 14:51:25,198 DEBUG nufft passed real_type for signal, converting
2021-02-27 14:51:25,199 INFO Trying NFFT backend finufft
2021-02-27 14:51:25,206 INFO NFFT backend finufft usable.
2021-02-27 14:51:25,207 INFO Trying NFFT backend cufinufft
2021-02-27 14:51:25,207 INFO NFFT backend cufinufft not usable:
	No module named 'pycuda'
2021-02-27 14:51:25,207 INFO Trying NFFT backend pynfft
2021-02-27 14:51:25,207 INFO NFFT backend pynfft not usable:
	No module named 'pynfft'
2021-02-27 14:51:25,207 INFO Selected NFFT backend = finufft.
2021-02-27 14:51:25,223 DEBUG FinufftPlan adjusted eps=1.1920928955078125e-07 from requested 1e-08.
2021-02-27 14:51:25,557 INFO Applying forward transformations in pipeline
2021-02-27 14:51:25,557 INFO All forward transformations applied
2021-02-27 14:51:25,557 INFO Loaded 128 images
2021-02-27 14:51:25,594 INFO ========= Iteration 1 =========
2021-02-27 14:51:25,594 INFO Iteration 1 | descent step u
2021-02-27 14:51:25,658 DEBUG Corresponding type is already real float32.
2021-02-27 14:51:25,659 DEBUG nufft passed real_type for signal, converting
2021-02-27 14:51:25,678 DEBUG FinufftPlan adjusted eps=1.1920928955078125e-07 from requested 1e-08.
2021-02-27 14:51:26,087 DEBUG Corresponding type is already complex complex64.
2021-02-27 14:51:26,107 DEBUG FinufftPlan adjusted eps=1.1920928955078125e-07 from requested 1e-08.
2021-02-27 14:51:26,247 INFO Determined adjoint mappings. Shape = (65, 65, 65)
2021-02-27 14:51:26,272 INFO Iteration 1 | primal-dual step g
2021-02-27 14:51:26,357 DEBUG Corresponding type is already real float32.
2021-02-27 14:51:26,357 DEBUG nufft passed real_type for signal, converting
2021-02-27 14:51:26,374 DEBUG FinufftPlan adjusted eps=1.1920928955078125e-07 from requested 1e-08.
2021-02-27 14:51:26,682 DEBUG Corresponding type is already real float32.
2021-02-27 14:51:26,682 DEBUG nufft passed real_type for signal, converting
2021-02-27 14:51:26,704 DEBUG FinufftPlan adjusted eps=1.1920928955078125e-07 from requested 1e-08.
2021-02-27 14:51:27,056 DEBUG Corresponding type is already real float32.
2021-02-27 14:51:27,056 DEBUG nufft passed real_type for signal, converting
2021-02-27 14:51:27,077 DEBUG FinufftPlan adjusted eps=1.1920928955078125e-07 from requested 1e-08.
2021-02-27 14:51:27,431 DEBUG Corresponding type is already real float32.
2021-02-27 14:51:27,431 DEBUG nufft passed real_type for signal, converting
2021-02-27 14:51:27,452 DEBUG FinufftPlan adjusted eps=1.1920928955078125e-07 from requested 1e-08.
2021-02-27 14:51:27,782 DEBUG Corresponding type is already real float32.
2021-02-27 14:51:27,783 DEBUG nufft passed real_type for signal, converting
2021-02-27 14:51:27,804 DEBUG FinufftPlan adjusted eps=1.1920928955078125e-07 from requested 1e-08.
2021-02-27 14:51:28,113 DEBUG Corresponding type is already real float32.
2021-02-27 14:51:28,113 DEBUG nufft passed real_type for signal, converting
2021-02-27 14:51:28,127 DEBUG FinufftPlan adjusted eps=1.1920928955078125e-07 from requested 1e-08.
2021-02-27 14:51:29,357 DEBUG Corresponding type is already real float32.
2021-02-27 14:51:29,357 DEBUG nufft passed real_type for signal, converting
2021-02-27 14:51:29,375 DEBUG FinufftPlan adjusted eps=1.1920928955078125e-07 from requested 1e-08.
2021-02-27 14:51:29,691 DEBUG Corresponding type is already real float32.
2021-02-27 14:51:29,691 DEBUG nufft passed real_type for signal, converting
2021-02-27 14:51:29,715 DEBUG FinufftPlan adjusted eps=1.1920928955078125e-07 from requested 1e-08.
2021-02-27 14:51:30,040 DEBUG Corresponding type is already real float32.
2021-02-27 14:51:30,040 DEBUG nufft passed real_type for signal, converting
2021-02-27 14:51:30,063 DEBUG FinufftPlan adjusted eps=1.1920928955078125e-07 from requested 1e-08.
2021-02-27 14:51:30,383 DEBUG Corresponding type is already real float32.
2021-02-27 14:51:30,383 DEBUG nufft passed real_type for signal, converting
2021-02-27 14:51:30,405 DEBUG FinufftPlan adjusted eps=1.1920928955078125e-07 from requested 1e-08.
2021-02-27 14:51:30,670 DEBUG Corresponding type is already real float32.
2021-02-27 14:51:30,670 DEBUG nufft passed real_type for signal, converting
2021-02-27 14:51:30,688 DEBUG FinufftPlan adjusted eps=1.1920928955078125e-07 from requested 1e-08.
2021-02-27 14:51:30,945 DEBUG Corresponding type is already real float32.
2021-02-27 14:51:30,945 DEBUG nufft passed real_type for signal, converting
2021-02-27 14:51:30,964 DEBUG FinufftPlan adjusted eps=1.1920928955078125e-07 from requested 1e-08.
2021-02-27 14:51:31,249 DEBUG Corresponding type is already real float32.
2021-02-27 14:51:31,249 DEBUG nufft passed real_type for signal, converting
2021-02-27 14:51:31,270 DEBUG FinufftPlan adjusted eps=1.1920928955078125e-07 from requested 1e-08.
2021-02-27 14:51:31,701 INFO Iteration 1 | Cost = 1.3609590488087192e-09 | Relative Error = 1.0
2021-02-27 14:51:31,701 INFO Iteration 1 | Relative Error u = 1.0 | Relative Error g = 1.0
2021-02-27 14:51:31,701 INFO ========= Iteration 2 =========
2021-02-27 14:51:31,701 INFO Iteration 2 | descent step u
2021-02-27 14:51:31,742 DEBUG Corresponding type is already real float32.
2021-02-27 14:51:31,742 DEBUG nufft passed real_type for signal, converting
2021-02-27 14:51:31,756 DEBUG FinufftPlan adjusted eps=1.1920928955078125e-07 from requested 1e-08.
2021-02-27 14:51:32,101 DEBUG Corresponding type is already complex complex64.
2021-02-27 14:51:32,112 DEBUG FinufftPlan adjusted eps=1.1920928955078125e-07 from requested 1e-08.
2021-02-27 14:51:32,209 INFO Determined adjoint mappings. Shape = (65, 65, 65)
2021-02-27 14:51:32,226 INFO Iteration 2 | primal-dual step g
2021-02-27 14:51:32,281 DEBUG Corresponding type is already real float32.
2021-02-27 14:51:32,281 DEBUG nufft passed real_type for signal, converting
2021-02-27 14:51:32,296 DEBUG FinufftPlan adjusted eps=1.1920928955078125e-07 from requested 1e-08.
2021-02-27 14:51:32,537 DEBUG Corresponding type is already real float32.
2021-02-27 14:51:32,537 DEBUG nufft passed real_type for signal, converting
2021-02-27 14:51:32,556 DEBUG FinufftPlan adjusted eps=1.1920928955078125e-07 from requested 1e-08.
2021-02-27 14:51:32,804 DEBUG Corresponding type is already real float32.
2021-02-27 14:51:32,804 DEBUG nufft passed real_type for signal, converting
2021-02-27 14:51:32,822 DEBUG FinufftPlan adjusted eps=1.1920928955078125e-07 from requested 1e-08.
2021-02-27 14:51:33,075 DEBUG Corresponding type is already real float32.
2021-02-27 14:51:33,076 DEBUG nufft passed real_type for signal, converting
2021-02-27 14:51:33,097 DEBUG FinufftPlan adjusted eps=1.1920928955078125e-07 from requested 1e-08.
2021-02-27 14:51:33,330 DEBUG Corresponding type is already real float32.
2021-02-27 14:51:33,330 DEBUG nufft passed real_type for signal, converting
2021-02-27 14:51:33,350 DEBUG FinufftPlan adjusted eps=1.1920928955078125e-07 from requested 1e-08.
2021-02-27 14:51:33,601 DEBUG Corresponding type is already real float32.
2021-02-27 14:51:33,601 DEBUG nufft passed real_type for signal, converting
2021-02-27 14:51:33,619 DEBUG FinufftPlan adjusted eps=1.1920928955078125e-07 from requested 1e-08.
2021-02-27 14:51:34,487 DEBUG Corresponding type is already real float32.
2021-02-27 14:51:34,487 DEBUG nufft passed real_type for signal, converting
2021-02-27 14:51:34,499 DEBUG FinufftPlan adjusted eps=1.1920928955078125e-07 from requested 1e-08.
2021-02-27 14:51:34,741 DEBUG Corresponding type is already real float32.
2021-02-27 14:51:34,741 DEBUG nufft passed real_type for signal, converting
2021-02-27 14:51:34,759 DEBUG FinufftPlan adjusted eps=1.1920928955078125e-07 from requested 1e-08.
2021-02-27 14:51:35,008 DEBUG Corresponding type is already real float32.
2021-02-27 14:51:35,009 DEBUG nufft passed real_type for signal, converting
2021-02-27 14:51:35,030 DEBUG FinufftPlan adjusted eps=1.1920928955078125e-07 from requested 1e-08.
2021-02-27 14:51:35,286 DEBUG Corresponding type is already real float32.
2021-02-27 14:51:35,286 DEBUG nufft passed real_type for signal, converting
2021-02-27 14:51:35,304 DEBUG FinufftPlan adjusted eps=1.1920928955078125e-07 from requested 1e-08.
2021-02-27 14:51:35,547 DEBUG Corresponding type is already real float32.
2021-02-27 14:51:35,548 DEBUG nufft passed real_type for signal, converting
2021-02-27 14:51:35,565 DEBUG FinufftPlan adjusted eps=1.1920928955078125e-07 from requested 1e-08.
2021-02-27 14:51:35,805 DEBUG Corresponding type is already real float32.
2021-02-27 14:51:35,805 DEBUG nufft passed real_type for signal, converting
2021-02-27 14:51:35,824 DEBUG FinufftPlan adjusted eps=1.1920928955078125e-07 from requested 1e-08.
2021-02-27 14:51:36,093 DEBUG Corresponding type is already real float32.
2021-02-27 14:51:36,093 DEBUG nufft passed real_type for signal, converting
2021-02-27 14:51:36,111 DEBUG FinufftPlan adjusted eps=1.1920928955078125e-07 from requested 1e-08.
2021-02-27 14:51:36,475 INFO Iteration 2 | Cost = 1.1868748943756257e-09 | Relative Error = 0.8738470986013223
2021-02-27 14:51:36,475 INFO Iteration 2 | Relative Error u = 0.8744935393333435 | Relative Error g = 0.015461879969882731
2021-02-27 14:51:36,475 INFO ========= Iteration 3 =========
2021-02-27 14:51:36,475 INFO Iteration 3 | descent step u
2021-02-27 14:51:36,500 DEBUG Corresponding type is already real float32.
2021-02-27 14:51:36,500 DEBUG nufft passed real_type for signal, converting
2021-02-27 14:51:36,513 DEBUG FinufftPlan adjusted eps=1.1920928955078125e-07 from requested 1e-08.
2021-02-27 14:51:36,828 DEBUG Corresponding type is already complex complex64.
2021-02-27 14:51:36,840 DEBUG FinufftPlan adjusted eps=1.1920928955078125e-07 from requested 1e-08.
2021-02-27 14:51:36,934 INFO Determined adjoint mappings. Shape = (65, 65, 65)
2021-02-27 14:51:36,948 INFO Iteration 3 | primal-dual step g
2021-02-27 14:51:37,000 DEBUG Corresponding type is already real float32.
2021-02-27 14:51:37,001 DEBUG nufft passed real_type for signal, converting
2021-02-27 14:51:37,015 DEBUG FinufftPlan adjusted eps=1.1920928955078125e-07 from requested 1e-08.
2021-02-27 14:51:37,256 DEBUG Corresponding type is already real float32.
2021-02-27 14:51:37,256 DEBUG nufft passed real_type for signal, converting
2021-02-27 14:51:37,275 DEBUG FinufftPlan adjusted eps=1.1920928955078125e-07 from requested 1e-08.
2021-02-27 14:51:37,518 DEBUG Corresponding type is already real float32.
2021-02-27 14:51:37,518 DEBUG nufft passed real_type for signal, converting
2021-02-27 14:51:37,540 DEBUG FinufftPlan adjusted eps=1.1920928955078125e-07 from requested 1e-08.
2021-02-27 14:51:37,779 DEBUG Corresponding type is already real float32.
2021-02-27 14:51:37,779 DEBUG nufft passed real_type for signal, converting
2021-02-27 14:51:37,797 DEBUG FinufftPlan adjusted eps=1.1920928955078125e-07 from requested 1e-08.
2021-02-27 14:51:38,036 DEBUG Corresponding type is already real float32.
2021-02-27 14:51:38,037 DEBUG nufft passed real_type for signal, converting
2021-02-27 14:51:38,054 DEBUG FinufftPlan adjusted eps=1.1920928955078125e-07 from requested 1e-08.
2021-02-27 14:51:38,301 DEBUG Corresponding type is already real float32.
2021-02-27 14:51:38,301 DEBUG nufft passed real_type for signal, converting
2021-02-27 14:51:38,318 DEBUG FinufftPlan adjusted eps=1.1920928955078125e-07 from requested 1e-08.
2021-02-27 14:51:39,138 DEBUG Corresponding type is already real float32.
2021-02-27 14:51:39,138 DEBUG nufft passed real_type for signal, converting
2021-02-27 14:51:39,150 DEBUG FinufftPlan adjusted eps=1.1920928955078125e-07 from requested 1e-08.
2021-02-27 14:51:39,383 DEBUG Corresponding type is already real float32.
2021-02-27 14:51:39,383 DEBUG nufft passed real_type for signal, converting
2021-02-27 14:51:39,400 DEBUG FinufftPlan adjusted eps=1.1920928955078125e-07 from requested 1e-08.
2021-02-27 14:51:39,634 DEBUG Corresponding type is already real float32.
2021-02-27 14:51:39,634 DEBUG nufft passed real_type for signal, converting
2021-02-27 14:51:39,652 DEBUG FinufftPlan adjusted eps=1.1920928955078125e-07 from requested 1e-08.
2021-02-27 14:51:39,889 DEBUG Corresponding type is already real float32.
2021-02-27 14:51:39,889 DEBUG nufft passed real_type for signal, converting
2021-02-27 14:51:39,907 DEBUG FinufftPlan adjusted eps=1.1920928955078125e-07 from requested 1e-08.
2021-02-27 14:51:40,146 DEBUG Corresponding type is already real float32.
2021-02-27 14:51:40,147 DEBUG nufft passed real_type for signal, converting
2021-02-27 14:51:40,164 DEBUG FinufftPlan adjusted eps=1.1920928955078125e-07 from requested 1e-08.
2021-02-27 14:51:40,403 DEBUG Corresponding type is already real float32.
2021-02-27 14:51:40,403 DEBUG nufft passed real_type for signal, converting
2021-02-27 14:51:40,421 DEBUG FinufftPlan adjusted eps=1.1920928955078125e-07 from requested 1e-08.
2021-02-27 14:51:40,678 DEBUG Corresponding type is already real float32.
2021-02-27 14:51:40,678 DEBUG nufft passed real_type for signal, converting
2021-02-27 14:51:40,697 DEBUG FinufftPlan adjusted eps=1.1920928955078125e-07 from requested 1e-08.
2021-02-27 14:51:41,059 INFO Iteration 3 | Cost = 1.0499657476280682e-09 | Relative Error = 0.773928448796373
2021-02-27 14:51:41,059 INFO Iteration 3 | Relative Error u = 0.7745011448860168 | Relative Error g = 0.0014745552895845133
2021-02-27 14:51:41,059 INFO ========= Iteration 4 =========
2021-02-27 14:51:41,059 INFO Iteration 4 | descent step u
2021-02-27 14:51:41,084 DEBUG Corresponding type is already real float32.
2021-02-27 14:51:41,084 DEBUG nufft passed real_type for signal, converting
2021-02-27 14:51:41,097 DEBUG FinufftPlan adjusted eps=1.1920928955078125e-07 from requested 1e-08.
2021-02-27 14:51:41,418 DEBUG Corresponding type is already complex complex64.
2021-02-27 14:51:41,430 DEBUG FinufftPlan adjusted eps=1.1920928955078125e-07 from requested 1e-08.
2021-02-27 14:51:41,530 INFO Determined adjoint mappings. Shape = (65, 65, 65)
2021-02-27 14:51:41,544 INFO Iteration 4 | primal-dual step g
2021-02-27 14:51:41,593 DEBUG Corresponding type is already real float32.
2021-02-27 14:51:41,593 DEBUG nufft passed real_type for signal, converting
2021-02-27 14:51:41,607 DEBUG FinufftPlan adjusted eps=1.1920928955078125e-07 from requested 1e-08.
2021-02-27 14:51:41,840 DEBUG Corresponding type is already real float32.
2021-02-27 14:51:41,840 DEBUG nufft passed real_type for signal, converting
2021-02-27 14:51:41,857 DEBUG FinufftPlan adjusted eps=1.1920928955078125e-07 from requested 1e-08.
2021-02-27 14:51:42,088 DEBUG Corresponding type is already real float32.
2021-02-27 14:51:42,088 DEBUG nufft passed real_type for signal, converting
2021-02-27 14:51:42,107 DEBUG FinufftPlan adjusted eps=1.1920928955078125e-07 from requested 1e-08.
2021-02-27 14:51:42,339 DEBUG Corresponding type is already real float32.
2021-02-27 14:51:42,340 DEBUG nufft passed real_type for signal, converting
2021-02-27 14:51:42,357 DEBUG FinufftPlan adjusted eps=1.1920928955078125e-07 from requested 1e-08.
2021-02-27 14:51:42,594 DEBUG Corresponding type is already real float32.
2021-02-27 14:51:42,594 DEBUG nufft passed real_type for signal, converting
2021-02-27 14:51:42,612 DEBUG FinufftPlan adjusted eps=1.1920928955078125e-07 from requested 1e-08.
2021-02-27 14:51:42,878 DEBUG Corresponding type is already real float32.
2021-02-27 14:51:42,878 DEBUG nufft passed real_type for signal, converting
2021-02-27 14:51:42,896 DEBUG FinufftPlan adjusted eps=1.1920928955078125e-07 from requested 1e-08.
2021-02-27 14:51:43,709 DEBUG Corresponding type is already real float32.
2021-02-27 14:51:43,709 DEBUG nufft passed real_type for signal, converting
2021-02-27 14:51:43,721 DEBUG FinufftPlan adjusted eps=1.1920928955078125e-07 from requested 1e-08.
2021-02-27 14:51:43,958 DEBUG Corresponding type is already real float32.
2021-02-27 14:51:43,958 DEBUG nufft passed real_type for signal, converting
2021-02-27 14:51:43,980 DEBUG FinufftPlan adjusted eps=1.1920928955078125e-07 from requested 1e-08.
2021-02-27 14:51:44,212 DEBUG Corresponding type is already real float32.
2021-02-27 14:51:44,212 DEBUG nufft passed real_type for signal, converting
2021-02-27 14:51:44,229 DEBUG FinufftPlan adjusted eps=1.1920928955078125e-07 from requested 1e-08.
2021-02-27 14:51:44,462 DEBUG Corresponding type is already real float32.
2021-02-27 14:51:44,462 DEBUG nufft passed real_type for signal, converting
2021-02-27 14:51:44,480 DEBUG FinufftPlan adjusted eps=1.1920928955078125e-07 from requested 1e-08.
2021-02-27 14:51:44,715 DEBUG Corresponding type is already real float32.
2021-02-27 14:51:44,715 DEBUG nufft passed real_type for signal, converting
2021-02-27 14:51:44,733 DEBUG FinufftPlan adjusted eps=1.1920928955078125e-07 from requested 1e-08.
2021-02-27 14:51:44,967 DEBUG Corresponding type is already real float32.
2021-02-27 14:51:44,967 DEBUG nufft passed real_type for signal, converting
2021-02-27 14:51:44,984 DEBUG FinufftPlan adjusted eps=1.1920928955078125e-07 from requested 1e-08.
2021-02-27 14:51:45,240 DEBUG Corresponding type is already real float32.
2021-02-27 14:51:45,240 DEBUG nufft passed real_type for signal, converting
2021-02-27 14:51:45,259 DEBUG FinufftPlan adjusted eps=1.1920928955078125e-07 from requested 1e-08.
2021-02-27 14:51:45,626 INFO Iteration 4 | Cost = 9.401339506555706e-10 | Relative Error = 0.6930250853784908
2021-02-27 14:51:45,627 INFO Iteration 4 | Relative Error u = 0.6935378909111023 | Relative Error g = 0.0015645526678553312
2021-02-27 14:51:45,627 INFO ========= Iteration 5 =========
2021-02-27 14:51:45,627 INFO Iteration 5 | descent step u
2021-02-27 14:51:45,651 DEBUG Corresponding type is already real float32.
2021-02-27 14:51:45,651 DEBUG nufft passed real_type for signal, converting
2021-02-27 14:51:45,664 DEBUG FinufftPlan adjusted eps=1.1920928955078125e-07 from requested 1e-08.
2021-02-27 14:51:45,988 DEBUG Corresponding type is already complex complex64.
2021-02-27 14:51:46,000 DEBUG FinufftPlan adjusted eps=1.1920928955078125e-07 from requested 1e-08.
2021-02-27 14:51:46,092 INFO Determined adjoint mappings. Shape = (65, 65, 65)
2021-02-27 14:51:46,104 INFO Iteration 5 | primal-dual step g
2021-02-27 14:51:46,151 DEBUG Corresponding type is already real float32.
2021-02-27 14:51:46,151 DEBUG nufft passed real_type for signal, converting
2021-02-27 14:51:46,166 DEBUG FinufftPlan adjusted eps=1.1920928955078125e-07 from requested 1e-08.
2021-02-27 14:51:46,402 DEBUG Corresponding type is already real float32.
2021-02-27 14:51:46,402 DEBUG nufft passed real_type for signal, converting
2021-02-27 14:51:46,424 DEBUG FinufftPlan adjusted eps=1.1920928955078125e-07 from requested 1e-08.
2021-02-27 14:51:46,684 DEBUG Corresponding type is already real float32.
2021-02-27 14:51:46,684 DEBUG nufft passed real_type for signal, converting
2021-02-27 14:51:46,706 DEBUG FinufftPlan adjusted eps=1.1920928955078125e-07 from requested 1e-08.
2021-02-27 14:51:46,953 DEBUG Corresponding type is already real float32.
2021-02-27 14:51:46,953 DEBUG nufft passed real_type for signal, converting
2021-02-27 14:51:46,971 DEBUG FinufftPlan adjusted eps=1.1920928955078125e-07 from requested 1e-08.
2021-02-27 14:51:47,213 DEBUG Corresponding type is already real float32.
2021-02-27 14:51:47,213 DEBUG nufft passed real_type for signal, converting
2021-02-27 14:51:47,236 DEBUG FinufftPlan adjusted eps=1.1920928955078125e-07 from requested 1e-08.
2021-02-27 14:51:47,483 DEBUG Corresponding type is already real float32.
2021-02-27 14:51:47,483 DEBUG nufft passed real_type for signal, converting
2021-02-27 14:51:47,502 DEBUG FinufftPlan adjusted eps=1.1920928955078125e-07 from requested 1e-08.
2021-02-27 14:51:48,325 DEBUG Corresponding type is already real float32.
2021-02-27 14:51:48,325 DEBUG nufft passed real_type for signal, converting
2021-02-27 14:51:48,338 DEBUG FinufftPlan adjusted eps=1.1920928955078125e-07 from requested 1e-08.
2021-02-27 14:51:48,579 DEBUG Corresponding type is already real float32.
2021-02-27 14:51:48,580 DEBUG nufft passed real_type for signal, converting
2021-02-27 14:51:48,598 DEBUG FinufftPlan adjusted eps=1.1920928955078125e-07 from requested 1e-08.
2021-02-27 14:51:48,834 DEBUG Corresponding type is already real float32.
2021-02-27 14:51:48,834 DEBUG nufft passed real_type for signal, converting
2021-02-27 14:51:48,851 DEBUG FinufftPlan adjusted eps=1.1920928955078125e-07 from requested 1e-08.
2021-02-27 14:51:49,085 DEBUG Corresponding type is already real float32.
2021-02-27 14:51:49,085 DEBUG nufft passed real_type for signal, converting
2021-02-27 14:51:49,103 DEBUG FinufftPlan adjusted eps=1.1920928955078125e-07 from requested 1e-08.
2021-02-27 14:51:49,336 DEBUG Corresponding type is already real float32.
2021-02-27 14:51:49,336 DEBUG nufft passed real_type for signal, converting
2021-02-27 14:51:49,353 DEBUG FinufftPlan adjusted eps=1.1920928955078125e-07 from requested 1e-08.
2021-02-27 14:51:49,586 DEBUG Corresponding type is already real float32.
2021-02-27 14:51:49,587 DEBUG nufft passed real_type for signal, converting
2021-02-27 14:51:49,604 DEBUG FinufftPlan adjusted eps=1.1920928955078125e-07 from requested 1e-08.
2021-02-27 14:51:49,865 DEBUG Corresponding type is already real float32.
2021-02-27 14:51:49,865 DEBUG nufft passed real_type for signal, converting
2021-02-27 14:51:49,884 DEBUG FinufftPlan adjusted eps=1.1920928955078125e-07 from requested 1e-08.
2021-02-27 14:51:50,256 INFO Iteration 5 | Cost = 8.505203449629321e-10 | Relative Error = 0.6265332155371787
2021-02-27 14:51:50,256 INFO Iteration 5 | Relative Error u = 0.6269968152046204 | Relative Error g = 0.0015760959301013826
2021-02-27 14:51:50,256 INFO ========= Iteration 6 =========
2021-02-27 14:51:50,257 INFO Iteration 6 | descent step u
2021-02-27 14:51:50,283 DEBUG Corresponding type is already real float32.
2021-02-27 14:51:50,283 DEBUG nufft passed real_type for signal, converting
2021-02-27 14:51:50,296 DEBUG FinufftPlan adjusted eps=1.1920928955078125e-07 from requested 1e-08.
2021-02-27 14:51:50,639 DEBUG Corresponding type is already complex complex64.
2021-02-27 14:51:50,651 DEBUG FinufftPlan adjusted eps=1.1920928955078125e-07 from requested 1e-08.
2021-02-27 14:51:50,758 INFO Determined adjoint mappings. Shape = (65, 65, 65)
2021-02-27 14:51:50,769 INFO Iteration 6 | primal-dual step g
2021-02-27 14:51:50,820 DEBUG Corresponding type is already real float32.
2021-02-27 14:51:50,820 DEBUG nufft passed real_type for signal, converting
2021-02-27 14:51:50,835 DEBUG FinufftPlan adjusted eps=1.1920928955078125e-07 from requested 1e-08.
2021-02-27 14:51:51,087 DEBUG Corresponding type is already real float32.
2021-02-27 14:51:51,088 DEBUG nufft passed real_type for signal, converting
2021-02-27 14:51:51,106 DEBUG FinufftPlan adjusted eps=1.1920928955078125e-07 from requested 1e-08.
2021-02-27 14:51:51,358 DEBUG Corresponding type is already real float32.
2021-02-27 14:51:51,358 DEBUG nufft passed real_type for signal, converting
2021-02-27 14:51:51,376 DEBUG FinufftPlan adjusted eps=1.1920928955078125e-07 from requested 1e-08.
2021-02-27 14:51:51,621 DEBUG Corresponding type is already real float32.
2021-02-27 14:51:51,621 DEBUG nufft passed real_type for signal, converting
2021-02-27 14:51:51,639 DEBUG FinufftPlan adjusted eps=1.1920928955078125e-07 from requested 1e-08.
2021-02-27 14:51:51,887 DEBUG Corresponding type is already real float32.
2021-02-27 14:51:51,887 DEBUG nufft passed real_type for signal, converting
2021-02-27 14:51:51,906 DEBUG FinufftPlan adjusted eps=1.1920928955078125e-07 from requested 1e-08.
2021-02-27 14:51:52,165 DEBUG Corresponding type is already real float32.
2021-02-27 14:51:52,165 DEBUG nufft passed real_type for signal, converting
2021-02-27 14:51:52,183 DEBUG FinufftPlan adjusted eps=1.1920928955078125e-07 from requested 1e-08.
2021-02-27 14:51:53,028 DEBUG Corresponding type is already real float32.
2021-02-27 14:51:53,028 DEBUG nufft passed real_type for signal, converting
2021-02-27 14:51:53,040 DEBUG FinufftPlan adjusted eps=1.1920928955078125e-07 from requested 1e-08.
2021-02-27 14:51:53,299 DEBUG Corresponding type is already real float32.
2021-02-27 14:51:53,299 DEBUG nufft passed real_type for signal, converting
2021-02-27 14:51:53,320 DEBUG FinufftPlan adjusted eps=1.1920928955078125e-07 from requested 1e-08.
2021-02-27 14:51:53,568 DEBUG Corresponding type is already real float32.
2021-02-27 14:51:53,568 DEBUG nufft passed real_type for signal, converting
2021-02-27 14:51:53,586 DEBUG FinufftPlan adjusted eps=1.1920928955078125e-07 from requested 1e-08.
2021-02-27 14:51:53,825 DEBUG Corresponding type is already real float32.
2021-02-27 14:51:53,826 DEBUG nufft passed real_type for signal, converting
2021-02-27 14:51:53,843 DEBUG FinufftPlan adjusted eps=1.1920928955078125e-07 from requested 1e-08.
2021-02-27 14:51:54,075 DEBUG Corresponding type is already real float32.
2021-02-27 14:51:54,075 DEBUG nufft passed real_type for signal, converting
2021-02-27 14:51:54,093 DEBUG FinufftPlan adjusted eps=1.1920928955078125e-07 from requested 1e-08.
2021-02-27 14:51:54,334 DEBUG Corresponding type is already real float32.
2021-02-27 14:51:54,334 DEBUG nufft passed real_type for signal, converting
2021-02-27 14:51:54,351 DEBUG FinufftPlan adjusted eps=1.1920928955078125e-07 from requested 1e-08.
2021-02-27 14:51:54,609 DEBUG Corresponding type is already real float32.
2021-02-27 14:51:54,609 DEBUG nufft passed real_type for signal, converting
2021-02-27 14:51:54,628 DEBUG FinufftPlan adjusted eps=1.1920928955078125e-07 from requested 1e-08.
2021-02-27 14:51:54,992 INFO Iteration 6 | Cost = 7.763379152880189e-10 | Relative Error = 0.5711160774547283
2021-02-27 14:51:54,992 INFO Iteration 6 | Relative Error u = 0.5715386867523193 | Relative Error g = 0.0015958547777342044
2021-02-27 14:51:54,992 INFO ========= Iteration 7 =========
2021-02-27 14:51:54,992 INFO Iteration 7 | descent step u
2021-02-27 14:51:55,018 DEBUG Corresponding type is already real float32.
2021-02-27 14:51:55,018 DEBUG nufft passed real_type for signal, converting
2021-02-27 14:51:55,032 DEBUG FinufftPlan adjusted eps=1.1920928955078125e-07 from requested 1e-08.
2021-02-27 14:51:55,359 DEBUG Corresponding type is already complex complex64.
2021-02-27 14:51:55,371 DEBUG FinufftPlan adjusted eps=1.1920928955078125e-07 from requested 1e-08.
2021-02-27 14:51:55,461 INFO Determined adjoint mappings. Shape = (65, 65, 65)
2021-02-27 14:51:55,473 INFO Iteration 7 | primal-dual step g
2021-02-27 14:51:55,520 DEBUG Corresponding type is already real float32.
2021-02-27 14:51:55,521 DEBUG nufft passed real_type for signal, converting
2021-02-27 14:51:55,535 DEBUG FinufftPlan adjusted eps=1.1920928955078125e-07 from requested 1e-08.
2021-02-27 14:51:55,775 DEBUG Corresponding type is already real float32.
2021-02-27 14:51:55,775 DEBUG nufft passed real_type for signal, converting
2021-02-27 14:51:55,793 DEBUG FinufftPlan adjusted eps=1.1920928955078125e-07 from requested 1e-08.
2021-02-27 14:51:56,025 DEBUG Corresponding type is already real float32.
2021-02-27 14:51:56,025 DEBUG nufft passed real_type for signal, converting
2021-02-27 14:51:56,042 DEBUG FinufftPlan adjusted eps=1.1920928955078125e-07 from requested 1e-08.
2021-02-27 14:51:56,281 DEBUG Corresponding type is already real float32.
2021-02-27 14:51:56,281 DEBUG nufft passed real_type for signal, converting
2021-02-27 14:51:56,300 DEBUG FinufftPlan adjusted eps=1.1920928955078125e-07 from requested 1e-08.
2021-02-27 14:51:56,537 DEBUG Corresponding type is already real float32.
2021-02-27 14:51:56,537 DEBUG nufft passed real_type for signal, converting
2021-02-27 14:51:56,555 DEBUG FinufftPlan adjusted eps=1.1920928955078125e-07 from requested 1e-08.
2021-02-27 14:51:56,804 DEBUG Corresponding type is already real float32.
2021-02-27 14:51:56,804 DEBUG nufft passed real_type for signal, converting
2021-02-27 14:51:56,822 DEBUG FinufftPlan adjusted eps=1.1920928955078125e-07 from requested 1e-08.
2021-02-27 14:51:57,640 DEBUG Corresponding type is already real float32.
2021-02-27 14:51:57,640 DEBUG nufft passed real_type for signal, converting
2021-02-27 14:51:57,653 DEBUG FinufftPlan adjusted eps=1.1920928955078125e-07 from requested 1e-08.
2021-02-27 14:51:57,896 DEBUG Corresponding type is already real float32.
2021-02-27 14:51:57,896 DEBUG nufft passed real_type for signal, converting
2021-02-27 14:51:57,917 DEBUG FinufftPlan adjusted eps=1.1920928955078125e-07 from requested 1e-08.
2021-02-27 14:51:58,148 DEBUG Corresponding type is already real float32.
2021-02-27 14:51:58,148 DEBUG nufft passed real_type for signal, converting
2021-02-27 14:51:58,166 DEBUG FinufftPlan adjusted eps=1.1920928955078125e-07 from requested 1e-08.
2021-02-27 14:51:58,396 DEBUG Corresponding type is already real float32.
2021-02-27 14:51:58,396 DEBUG nufft passed real_type for signal, converting
2021-02-27 14:51:58,413 DEBUG FinufftPlan adjusted eps=1.1920928955078125e-07 from requested 1e-08.
2021-02-27 14:51:58,644 DEBUG Corresponding type is already real float32.
2021-02-27 14:51:58,644 DEBUG nufft passed real_type for signal, converting
2021-02-27 14:51:58,662 DEBUG FinufftPlan adjusted eps=1.1920928955078125e-07 from requested 1e-08.
2021-02-27 14:51:58,905 DEBUG Corresponding type is already real float32.
2021-02-27 14:51:58,905 DEBUG nufft passed real_type for signal, converting
2021-02-27 14:51:58,923 DEBUG FinufftPlan adjusted eps=1.1920928955078125e-07 from requested 1e-08.
2021-02-27 14:51:59,197 DEBUG Corresponding type is already real float32.
2021-02-27 14:51:59,197 DEBUG nufft passed real_type for signal, converting
2021-02-27 14:51:59,216 DEBUG FinufftPlan adjusted eps=1.1920928955078125e-07 from requested 1e-08.
2021-02-27 14:51:59,578 INFO Iteration 7 | Cost = 7.141768003348315e-10 | Relative Error = 0.5243266231083685
2021-02-27 14:51:59,578 INFO Iteration 7 | Relative Error u = 0.5247145891189575 | Relative Error g = 0.001560654728693528
2021-02-27 14:51:59,578 INFO ========= Iteration 8 =========
2021-02-27 14:51:59,578 INFO Iteration 8 | descent step u
2021-02-27 14:51:59,603 DEBUG Corresponding type is already real float32.
2021-02-27 14:51:59,603 DEBUG nufft passed real_type for signal, converting
2021-02-27 14:51:59,616 DEBUG FinufftPlan adjusted eps=1.1920928955078125e-07 from requested 1e-08.
2021-02-27 14:51:59,932 DEBUG Corresponding type is already complex complex64.
2021-02-27 14:51:59,943 DEBUG FinufftPlan adjusted eps=1.1920928955078125e-07 from requested 1e-08.
2021-02-27 14:52:00,043 INFO Determined adjoint mappings. Shape = (65, 65, 65)
2021-02-27 14:52:00,054 INFO Iteration 8 | primal-dual step g
2021-02-27 14:52:00,102 DEBUG Corresponding type is already real float32.
2021-02-27 14:52:00,102 DEBUG nufft passed real_type for signal, converting
2021-02-27 14:52:00,117 DEBUG FinufftPlan adjusted eps=1.1920928955078125e-07 from requested 1e-08.
2021-02-27 14:52:00,352 DEBUG Corresponding type is already real float32.
2021-02-27 14:52:00,353 DEBUG nufft passed real_type for signal, converting
2021-02-27 14:52:00,374 DEBUG FinufftPlan adjusted eps=1.1920928955078125e-07 from requested 1e-08.
2021-02-27 14:52:00,604 DEBUG Corresponding type is already real float32.
2021-02-27 14:52:00,604 DEBUG nufft passed real_type for signal, converting
2021-02-27 14:52:00,623 DEBUG FinufftPlan adjusted eps=1.1920928955078125e-07 from requested 1e-08.
2021-02-27 14:52:00,872 DEBUG Corresponding type is already real float32.
2021-02-27 14:52:00,872 DEBUG nufft passed real_type for signal, converting
2021-02-27 14:52:00,889 DEBUG FinufftPlan adjusted eps=1.1920928955078125e-07 from requested 1e-08.
2021-02-27 14:52:01,122 DEBUG Corresponding type is already real float32.
2021-02-27 14:52:01,122 DEBUG nufft passed real_type for signal, converting
2021-02-27 14:52:01,139 DEBUG FinufftPlan adjusted eps=1.1920928955078125e-07 from requested 1e-08.
2021-02-27 14:52:01,384 DEBUG Corresponding type is already real float32.
2021-02-27 14:52:01,384 DEBUG nufft passed real_type for signal, converting
2021-02-27 14:52:01,403 DEBUG FinufftPlan adjusted eps=1.1920928955078125e-07 from requested 1e-08.
2021-02-27 14:52:02,235 DEBUG Corresponding type is already real float32.
2021-02-27 14:52:02,235 DEBUG nufft passed real_type for signal, converting
2021-02-27 14:52:02,247 DEBUG FinufftPlan adjusted eps=1.1920928955078125e-07 from requested 1e-08.
2021-02-27 14:52:02,481 DEBUG Corresponding type is already real float32.
2021-02-27 14:52:02,482 DEBUG nufft passed real_type for signal, converting
2021-02-27 14:52:02,500 DEBUG FinufftPlan adjusted eps=1.1920928955078125e-07 from requested 1e-08.
2021-02-27 14:52:02,731 DEBUG Corresponding type is already real float32.
2021-02-27 14:52:02,731 DEBUG nufft passed real_type for signal, converting
2021-02-27 14:52:02,750 DEBUG FinufftPlan adjusted eps=1.1920928955078125e-07 from requested 1e-08.
2021-02-27 14:52:02,993 DEBUG Corresponding type is already real float32.
2021-02-27 14:52:02,994 DEBUG nufft passed real_type for signal, converting
2021-02-27 14:52:03,012 DEBUG FinufftPlan adjusted eps=1.1920928955078125e-07 from requested 1e-08.
2021-02-27 14:52:03,252 DEBUG Corresponding type is already real float32.
2021-02-27 14:52:03,252 DEBUG nufft passed real_type for signal, converting
2021-02-27 14:52:03,270 DEBUG FinufftPlan adjusted eps=1.1920928955078125e-07 from requested 1e-08.
2021-02-27 14:52:03,520 DEBUG Corresponding type is already real float32.
2021-02-27 14:52:03,521 DEBUG nufft passed real_type for signal, converting
2021-02-27 14:52:03,541 DEBUG FinufftPlan adjusted eps=1.1920928955078125e-07 from requested 1e-08.
2021-02-27 14:52:03,830 DEBUG Corresponding type is already real float32.
2021-02-27 14:52:03,830 DEBUG nufft passed real_type for signal, converting
2021-02-27 14:52:03,849 DEBUG FinufftPlan adjusted eps=1.1920928955078125e-07 from requested 1e-08.
2021-02-27 14:52:04,245 INFO Iteration 8 | Cost = 6.615432527205733e-10 | Relative Error = 0.48435020538019274
2021-02-27 14:52:04,245 INFO Iteration 8 | Relative Error u = 0.48470860719680786 | Relative Error g = 0.0015330135134928348
2021-02-27 14:52:04,246 INFO ========= Iteration 9 =========
2021-02-27 14:52:04,246 INFO Iteration 9 | descent step u
2021-02-27 14:52:04,271 DEBUG Corresponding type is already real float32.
2021-02-27 14:52:04,271 DEBUG nufft passed real_type for signal, converting
2021-02-27 14:52:04,283 DEBUG FinufftPlan adjusted eps=1.1920928955078125e-07 from requested 1e-08.
2021-02-27 14:52:04,606 DEBUG Corresponding type is already complex complex64.
2021-02-27 14:52:04,618 DEBUG FinufftPlan adjusted eps=1.1920928955078125e-07 from requested 1e-08.
2021-02-27 14:52:04,711 INFO Determined adjoint mappings. Shape = (65, 65, 65)
2021-02-27 14:52:04,722 INFO Iteration 9 | primal-dual step g
2021-02-27 14:52:04,769 DEBUG Corresponding type is already real float32.
2021-02-27 14:52:04,769 DEBUG nufft passed real_type for signal, converting
2021-02-27 14:52:04,784 DEBUG FinufftPlan adjusted eps=1.1920928955078125e-07 from requested 1e-08.
2021-02-27 14:52:05,023 DEBUG Corresponding type is already real float32.
2021-02-27 14:52:05,024 DEBUG nufft passed real_type for signal, converting
2021-02-27 14:52:05,041 DEBUG FinufftPlan adjusted eps=1.1920928955078125e-07 from requested 1e-08.
2021-02-27 14:52:05,277 DEBUG Corresponding type is already real float32.
2021-02-27 14:52:05,277 DEBUG nufft passed real_type for signal, converting
2021-02-27 14:52:05,297 DEBUG FinufftPlan adjusted eps=1.1920928955078125e-07 from requested 1e-08.
2021-02-27 14:52:05,565 DEBUG Corresponding type is already real float32.
2021-02-27 14:52:05,565 DEBUG nufft passed real_type for signal, converting
2021-02-27 14:52:05,583 DEBUG FinufftPlan adjusted eps=1.1920928955078125e-07 from requested 1e-08.
2021-02-27 14:52:05,862 DEBUG Corresponding type is already real float32.
2021-02-27 14:52:05,862 DEBUG nufft passed real_type for signal, converting
2021-02-27 14:52:05,886 DEBUG FinufftPlan adjusted eps=1.1920928955078125e-07 from requested 1e-08.
2021-02-27 14:52:06,132 DEBUG Corresponding type is already real float32.
2021-02-27 14:52:06,132 DEBUG nufft passed real_type for signal, converting
2021-02-27 14:52:06,153 DEBUG FinufftPlan adjusted eps=1.1920928955078125e-07 from requested 1e-08.
2021-02-27 14:52:07,079 DEBUG Corresponding type is already real float32.
2021-02-27 14:52:07,079 DEBUG nufft passed real_type for signal, converting
2021-02-27 14:52:07,091 DEBUG FinufftPlan adjusted eps=1.1920928955078125e-07 from requested 1e-08.
2021-02-27 14:52:07,339 DEBUG Corresponding type is already real float32.
2021-02-27 14:52:07,339 DEBUG nufft passed real_type for signal, converting
2021-02-27 14:52:07,356 DEBUG FinufftPlan adjusted eps=1.1920928955078125e-07 from requested 1e-08.
2021-02-27 14:52:07,588 DEBUG Corresponding type is already real float32.
2021-02-27 14:52:07,588 DEBUG nufft passed real_type for signal, converting
2021-02-27 14:52:07,605 DEBUG FinufftPlan adjusted eps=1.1920928955078125e-07 from requested 1e-08.
2021-02-27 14:52:07,837 DEBUG Corresponding type is already real float32.
2021-02-27 14:52:07,837 DEBUG nufft passed real_type for signal, converting
2021-02-27 14:52:07,857 DEBUG FinufftPlan adjusted eps=1.1920928955078125e-07 from requested 1e-08.
2021-02-27 14:52:08,127 DEBUG Corresponding type is already real float32.
2021-02-27 14:52:08,128 DEBUG nufft passed real_type for signal, converting
2021-02-27 14:52:08,149 DEBUG FinufftPlan adjusted eps=1.1920928955078125e-07 from requested 1e-08.
2021-02-27 14:52:08,401 DEBUG Corresponding type is already real float32.
2021-02-27 14:52:08,401 DEBUG nufft passed real_type for signal, converting
2021-02-27 14:52:08,418 DEBUG FinufftPlan adjusted eps=1.1920928955078125e-07 from requested 1e-08.
2021-02-27 14:52:08,684 DEBUG Corresponding type is already real float32.
2021-02-27 14:52:08,684 DEBUG nufft passed real_type for signal, converting
2021-02-27 14:52:08,703 DEBUG FinufftPlan adjusted eps=1.1920928955078125e-07 from requested 1e-08.
2021-02-27 14:52:09,079 INFO Iteration 9 | Cost = 6.16581711757842e-10 | Relative Error = 0.4498115265667744
2021-02-27 14:52:09,079 INFO Iteration 9 | Relative Error u = 0.45014438033103943 | Relative Error g = 0.001500558216031864
2021-02-27 14:52:09,079 INFO ========= Iteration 10 =========
2021-02-27 14:52:09,079 INFO Iteration 10 | descent step u
2021-02-27 14:52:09,103 DEBUG Corresponding type is already real float32.
2021-02-27 14:52:09,103 DEBUG nufft passed real_type for signal, converting
2021-02-27 14:52:09,115 DEBUG FinufftPlan adjusted eps=1.1920928955078125e-07 from requested 1e-08.
2021-02-27 14:52:09,433 DEBUG Corresponding type is already complex complex64.
2021-02-27 14:52:09,445 DEBUG FinufftPlan adjusted eps=1.1920928955078125e-07 from requested 1e-08.
2021-02-27 14:52:09,535 INFO Determined adjoint mappings. Shape = (65, 65, 65)
2021-02-27 14:52:09,546 INFO Iteration 10 | primal-dual step g
2021-02-27 14:52:09,600 DEBUG Corresponding type is already real float32.
2021-02-27 14:52:09,601 DEBUG nufft passed real_type for signal, converting
2021-02-27 14:52:09,615 DEBUG FinufftPlan adjusted eps=1.1920928955078125e-07 from requested 1e-08.
2021-02-27 14:52:09,843 DEBUG Corresponding type is already real float32.
2021-02-27 14:52:09,843 DEBUG nufft passed real_type for signal, converting
2021-02-27 14:52:09,861 DEBUG FinufftPlan adjusted eps=1.1920928955078125e-07 from requested 1e-08.
2021-02-27 14:52:10,085 DEBUG Corresponding type is already real float32.
2021-02-27 14:52:10,086 DEBUG nufft passed real_type for signal, converting
2021-02-27 14:52:10,102 DEBUG FinufftPlan adjusted eps=1.1920928955078125e-07 from requested 1e-08.
2021-02-27 14:52:10,329 DEBUG Corresponding type is already real float32.
2021-02-27 14:52:10,329 DEBUG nufft passed real_type for signal, converting
2021-02-27 14:52:10,346 DEBUG FinufftPlan adjusted eps=1.1920928955078125e-07 from requested 1e-08.
2021-02-27 14:52:10,573 DEBUG Corresponding type is already real float32.
2021-02-27 14:52:10,573 DEBUG nufft passed real_type for signal, converting
2021-02-27 14:52:10,591 DEBUG FinufftPlan adjusted eps=1.1920928955078125e-07 from requested 1e-08.
2021-02-27 14:52:10,859 DEBUG Corresponding type is already real float32.
2021-02-27 14:52:10,859 DEBUG nufft passed real_type for signal, converting
2021-02-27 14:52:10,879 DEBUG FinufftPlan adjusted eps=1.1920928955078125e-07 from requested 1e-08.
2021-02-27 14:52:11,770 DEBUG Corresponding type is already real float32.
2021-02-27 14:52:11,770 DEBUG nufft passed real_type for signal, converting
2021-02-27 14:52:11,782 DEBUG FinufftPlan adjusted eps=1.1920928955078125e-07 from requested 1e-08.
2021-02-27 14:52:12,030 DEBUG Corresponding type is already real float32.
2021-02-27 14:52:12,030 DEBUG nufft passed real_type for signal, converting
2021-02-27 14:52:12,048 DEBUG FinufftPlan adjusted eps=1.1920928955078125e-07 from requested 1e-08.
2021-02-27 14:52:12,293 DEBUG Corresponding type is already real float32.
2021-02-27 14:52:12,293 DEBUG nufft passed real_type for signal, converting
2021-02-27 14:52:12,312 DEBUG FinufftPlan adjusted eps=1.1920928955078125e-07 from requested 1e-08.
2021-02-27 14:52:12,550 DEBUG Corresponding type is already real float32.
2021-02-27 14:52:12,550 DEBUG nufft passed real_type for signal, converting
2021-02-27 14:52:12,571 DEBUG FinufftPlan adjusted eps=1.1920928955078125e-07 from requested 1e-08.
2021-02-27 14:52:12,831 DEBUG Corresponding type is already real float32.
2021-02-27 14:52:12,832 DEBUG nufft passed real_type for signal, converting
2021-02-27 14:52:12,850 DEBUG FinufftPlan adjusted eps=1.1920928955078125e-07 from requested 1e-08.
2021-02-27 14:52:13,090 DEBUG Corresponding type is already real float32.
2021-02-27 14:52:13,090 DEBUG nufft passed real_type for signal, converting
2021-02-27 14:52:13,108 DEBUG FinufftPlan adjusted eps=1.1920928955078125e-07 from requested 1e-08.
2021-02-27 14:52:13,370 DEBUG Corresponding type is already real float32.
2021-02-27 14:52:13,370 DEBUG nufft passed real_type for signal, converting
2021-02-27 14:52:13,390 DEBUG FinufftPlan adjusted eps=1.1920928955078125e-07 from requested 1e-08.
2021-02-27 14:52:13,758 INFO Iteration 10 | Cost = 5.778882022519979e-10 | Relative Error = 0.41967628735638196
2021-02-27 14:52:13,758 INFO Iteration 10 | Relative Error u = 0.4199868440628052 | Relative Error g = 0.001486444577097112
2021-02-27 14:52:13,758 INFO ========= Iteration 11 =========
2021-02-27 14:52:13,758 INFO Iteration 11 | descent step u
2021-02-27 14:52:13,783 DEBUG Corresponding type is already real float32.
2021-02-27 14:52:13,783 DEBUG nufft passed real_type for signal, converting
2021-02-27 14:52:13,795 DEBUG FinufftPlan adjusted eps=1.1920928955078125e-07 from requested 1e-08.
2021-02-27 14:52:14,103 DEBUG Corresponding type is already complex complex64.
2021-02-27 14:52:14,114 DEBUG FinufftPlan adjusted eps=1.1920928955078125e-07 from requested 1e-08.
2021-02-27 14:52:14,204 INFO Determined adjoint mappings. Shape = (65, 65, 65)
2021-02-27 14:52:14,214 INFO Iteration 11 | primal-dual step g
2021-02-27 14:52:14,260 DEBUG Corresponding type is already real float32.
2021-02-27 14:52:14,261 DEBUG nufft passed real_type for signal, converting
2021-02-27 14:52:14,275 DEBUG FinufftPlan adjusted eps=1.1920928955078125e-07 from requested 1e-08.
2021-02-27 14:52:14,517 DEBUG Corresponding type is already real float32.
2021-02-27 14:52:14,517 DEBUG nufft passed real_type for signal, converting
2021-02-27 14:52:14,535 DEBUG FinufftPlan adjusted eps=1.1920928955078125e-07 from requested 1e-08.
2021-02-27 14:52:14,765 DEBUG Corresponding type is already real float32.
2021-02-27 14:52:14,765 DEBUG nufft passed real_type for signal, converting
2021-02-27 14:52:14,783 DEBUG FinufftPlan adjusted eps=1.1920928955078125e-07 from requested 1e-08.
2021-02-27 14:52:15,018 DEBUG Corresponding type is already real float32.
2021-02-27 14:52:15,018 DEBUG nufft passed real_type for signal, converting
2021-02-27 14:52:15,035 DEBUG FinufftPlan adjusted eps=1.1920928955078125e-07 from requested 1e-08.
2021-02-27 14:52:15,263 DEBUG Corresponding type is already real float32.
2021-02-27 14:52:15,264 DEBUG nufft passed real_type for signal, converting
2021-02-27 14:52:15,281 DEBUG FinufftPlan adjusted eps=1.1920928955078125e-07 from requested 1e-08.
2021-02-27 14:52:15,523 DEBUG Corresponding type is already real float32.
2021-02-27 14:52:15,524 DEBUG nufft passed real_type for signal, converting
2021-02-27 14:52:15,544 DEBUG FinufftPlan adjusted eps=1.1920928955078125e-07 from requested 1e-08.
2021-02-27 14:52:16,432 DEBUG Corresponding type is already real float32.
2021-02-27 14:52:16,433 DEBUG nufft passed real_type for signal, converting
2021-02-27 14:52:16,446 DEBUG FinufftPlan adjusted eps=1.1920928955078125e-07 from requested 1e-08.
2021-02-27 14:52:16,717 DEBUG Corresponding type is already real float32.
2021-02-27 14:52:16,717 DEBUG nufft passed real_type for signal, converting
2021-02-27 14:52:16,741 DEBUG FinufftPlan adjusted eps=1.1920928955078125e-07 from requested 1e-08.
2021-02-27 14:52:17,019 DEBUG Corresponding type is already real float32.
2021-02-27 14:52:17,019 DEBUG nufft passed real_type for signal, converting
2021-02-27 14:52:17,038 DEBUG FinufftPlan adjusted eps=1.1920928955078125e-07 from requested 1e-08.
2021-02-27 14:52:17,301 DEBUG Corresponding type is already real float32.
2021-02-27 14:52:17,302 DEBUG nufft passed real_type for signal, converting
2021-02-27 14:52:17,319 DEBUG FinufftPlan adjusted eps=1.1920928955078125e-07 from requested 1e-08.
2021-02-27 14:52:17,570 DEBUG Corresponding type is already real float32.
2021-02-27 14:52:17,570 DEBUG nufft passed real_type for signal, converting
2021-02-27 14:52:17,588 DEBUG FinufftPlan adjusted eps=1.1920928955078125e-07 from requested 1e-08.
2021-02-27 14:52:17,861 DEBUG Corresponding type is already real float32.
2021-02-27 14:52:17,861 DEBUG nufft passed real_type for signal, converting
2021-02-27 14:52:17,881 DEBUG FinufftPlan adjusted eps=1.1920928955078125e-07 from requested 1e-08.
2021-02-27 14:52:18,160 DEBUG Corresponding type is already real float32.
2021-02-27 14:52:18,160 DEBUG nufft passed real_type for signal, converting
2021-02-27 14:52:18,179 DEBUG FinufftPlan adjusted eps=1.1920928955078125e-07 from requested 1e-08.
2021-02-27 14:52:18,559 INFO Iteration 11 | Cost = 5.443748860882594e-10 | Relative Error = 0.39314996529255253
2021-02-27 14:52:18,559 INFO Iteration 11 | Relative Error u = 0.3934409022331238 | Relative Error g = 0.0014728101942021279
2021-02-27 14:52:18,559 INFO ========= Iteration 12 =========
2021-02-27 14:52:18,559 INFO Iteration 12 | descent step u
2021-02-27 14:52:18,583 DEBUG Corresponding type is already real float32.
2021-02-27 14:52:18,584 DEBUG nufft passed real_type for signal, converting
2021-02-27 14:52:18,596 DEBUG FinufftPlan adjusted eps=1.1920928955078125e-07 from requested 1e-08.
2021-02-27 14:52:18,903 DEBUG Corresponding type is already complex complex64.
2021-02-27 14:52:18,915 DEBUG FinufftPlan adjusted eps=1.1920928955078125e-07 from requested 1e-08.
2021-02-27 14:52:19,007 INFO Determined adjoint mappings. Shape = (65, 65, 65)
2021-02-27 14:52:19,018 INFO Iteration 12 | primal-dual step g
2021-02-27 14:52:19,076 DEBUG Corresponding type is already real float32.
2021-02-27 14:52:19,076 DEBUG nufft passed real_type for signal, converting
2021-02-27 14:52:19,091 DEBUG FinufftPlan adjusted eps=1.1920928955078125e-07 from requested 1e-08.
2021-02-27 14:52:19,331 DEBUG Corresponding type is already real float32.
2021-02-27 14:52:19,332 DEBUG nufft passed real_type for signal, converting
2021-02-27 14:52:19,351 DEBUG FinufftPlan adjusted eps=1.1920928955078125e-07 from requested 1e-08.
2021-02-27 14:52:19,592 DEBUG Corresponding type is already real float32.
2021-02-27 14:52:19,592 DEBUG nufft passed real_type for signal, converting
2021-02-27 14:52:19,610 DEBUG FinufftPlan adjusted eps=1.1920928955078125e-07 from requested 1e-08.
2021-02-27 14:52:19,852 DEBUG Corresponding type is already real float32.
2021-02-27 14:52:19,852 DEBUG nufft passed real_type for signal, converting
2021-02-27 14:52:19,870 DEBUG FinufftPlan adjusted eps=1.1920928955078125e-07 from requested 1e-08.
2021-02-27 14:52:20,108 DEBUG Corresponding type is already real float32.
2021-02-27 14:52:20,108 DEBUG nufft passed real_type for signal, converting
2021-02-27 14:52:20,128 DEBUG FinufftPlan adjusted eps=1.1920928955078125e-07 from requested 1e-08.
2021-02-27 14:52:20,366 DEBUG Corresponding type is already real float32.
2021-02-27 14:52:20,366 DEBUG nufft passed real_type for signal, converting
2021-02-27 14:52:20,384 DEBUG FinufftPlan adjusted eps=1.1920928955078125e-07 from requested 1e-08.
2021-02-27 14:52:21,240 DEBUG Corresponding type is already real float32.
2021-02-27 14:52:21,240 DEBUG nufft passed real_type for signal, converting
2021-02-27 14:52:21,252 DEBUG FinufftPlan adjusted eps=1.1920928955078125e-07 from requested 1e-08.
2021-02-27 14:52:21,502 DEBUG Corresponding type is already real float32.
2021-02-27 14:52:21,502 DEBUG nufft passed real_type for signal, converting
2021-02-27 14:52:21,520 DEBUG FinufftPlan adjusted eps=1.1920928955078125e-07 from requested 1e-08.
2021-02-27 14:52:21,758 DEBUG Corresponding type is already real float32.
2021-02-27 14:52:21,759 DEBUG nufft passed real_type for signal, converting
2021-02-27 14:52:21,779 DEBUG FinufftPlan adjusted eps=1.1920928955078125e-07 from requested 1e-08.
2021-02-27 14:52:22,019 DEBUG Corresponding type is already real float32.
2021-02-27 14:52:22,019 DEBUG nufft passed real_type for signal, converting
2021-02-27 14:52:22,041 DEBUG FinufftPlan adjusted eps=1.1920928955078125e-07 from requested 1e-08.
2021-02-27 14:52:22,279 DEBUG Corresponding type is already real float32.
2021-02-27 14:52:22,279 DEBUG nufft passed real_type for signal, converting
2021-02-27 14:52:22,296 DEBUG FinufftPlan adjusted eps=1.1920928955078125e-07 from requested 1e-08.
2021-02-27 14:52:22,540 DEBUG Corresponding type is already real float32.
2021-02-27 14:52:22,540 DEBUG nufft passed real_type for signal, converting
2021-02-27 14:52:22,557 DEBUG FinufftPlan adjusted eps=1.1920928955078125e-07 from requested 1e-08.
2021-02-27 14:52:22,812 DEBUG Corresponding type is already real float32.
2021-02-27 14:52:22,812 DEBUG nufft passed real_type for signal, converting
2021-02-27 14:52:22,831 DEBUG FinufftPlan adjusted eps=1.1920928955078125e-07 from requested 1e-08.
2021-02-27 14:52:23,195 INFO Iteration 12 | Cost = 5.151912737227049e-10 | Relative Error = 0.36961013124603226
2021-02-27 14:52:23,195 INFO Iteration 12 | Relative Error u = 0.36988362669944763 | Relative Error g = 0.0014375226282041635
2021-02-27 14:52:23,196 INFO ========= Iteration 13 =========
2021-02-27 14:52:23,196 INFO Iteration 13 | descent step u
2021-02-27 14:52:23,220 DEBUG Corresponding type is already real float32.
2021-02-27 14:52:23,220 DEBUG nufft passed real_type for signal, converting
2021-02-27 14:52:23,232 DEBUG FinufftPlan adjusted eps=1.1920928955078125e-07 from requested 1e-08.
2021-02-27 14:52:23,546 DEBUG Corresponding type is already complex complex64.
2021-02-27 14:52:23,558 DEBUG FinufftPlan adjusted eps=1.1920928955078125e-07 from requested 1e-08.
2021-02-27 14:52:23,655 INFO Determined adjoint mappings. Shape = (65, 65, 65)
2021-02-27 14:52:23,665 INFO Iteration 13 | primal-dual step g
2021-02-27 14:52:23,713 DEBUG Corresponding type is already real float32.
2021-02-27 14:52:23,713 DEBUG nufft passed real_type for signal, converting
2021-02-27 14:52:23,728 DEBUG FinufftPlan adjusted eps=1.1920928955078125e-07 from requested 1e-08.
2021-02-27 14:52:24,009 DEBUG Corresponding type is already real float32.
2021-02-27 14:52:24,009 DEBUG nufft passed real_type for signal, converting
2021-02-27 14:52:24,027 DEBUG FinufftPlan adjusted eps=1.1920928955078125e-07 from requested 1e-08.
2021-02-27 14:52:24,264 DEBUG Corresponding type is already real float32.
2021-02-27 14:52:24,264 DEBUG nufft passed real_type for signal, converting
2021-02-27 14:52:24,285 DEBUG FinufftPlan adjusted eps=1.1920928955078125e-07 from requested 1e-08.
2021-02-27 14:52:24,558 DEBUG Corresponding type is already real float32.
2021-02-27 14:52:24,559 DEBUG nufft passed real_type for signal, converting
2021-02-27 14:52:24,581 DEBUG FinufftPlan adjusted eps=1.1920928955078125e-07 from requested 1e-08.
2021-02-27 14:52:24,903 DEBUG Corresponding type is already real float32.
2021-02-27 14:52:24,904 DEBUG nufft passed real_type for signal, converting
2021-02-27 14:52:24,926 DEBUG FinufftPlan adjusted eps=1.1920928955078125e-07 from requested 1e-08.
2021-02-27 14:52:25,207 DEBUG Corresponding type is already real float32.
2021-02-27 14:52:25,208 DEBUG nufft passed real_type for signal, converting
2021-02-27 14:52:25,229 DEBUG FinufftPlan adjusted eps=1.1920928955078125e-07 from requested 1e-08.
2021-02-27 14:52:27,271 DEBUG Corresponding type is already real float32.
2021-02-27 14:52:27,271 DEBUG nufft passed real_type for signal, converting
2021-02-27 14:52:27,291 DEBUG FinufftPlan adjusted eps=1.1920928955078125e-07 from requested 1e-08.
2021-02-27 14:52:27,597 DEBUG Corresponding type is already real float32.
2021-02-27 14:52:27,597 DEBUG nufft passed real_type for signal, converting
2021-02-27 14:52:27,616 DEBUG FinufftPlan adjusted eps=1.1920928955078125e-07 from requested 1e-08.
2021-02-27 14:52:27,916 DEBUG Corresponding type is already real float32.
2021-02-27 14:52:27,916 DEBUG nufft passed real_type for signal, converting
2021-02-27 14:52:27,939 DEBUG FinufftPlan adjusted eps=1.1920928955078125e-07 from requested 1e-08.
2021-02-27 14:52:28,235 DEBUG Corresponding type is already real float32.
2021-02-27 14:52:28,235 DEBUG nufft passed real_type for signal, converting
2021-02-27 14:52:28,254 DEBUG FinufftPlan adjusted eps=1.1920928955078125e-07 from requested 1e-08.
2021-02-27 14:52:28,521 DEBUG Corresponding type is already real float32.
2021-02-27 14:52:28,521 DEBUG nufft passed real_type for signal, converting
2021-02-27 14:52:28,540 DEBUG FinufftPlan adjusted eps=1.1920928955078125e-07 from requested 1e-08.
2021-02-27 14:52:28,787 DEBUG Corresponding type is already real float32.
2021-02-27 14:52:28,787 DEBUG nufft passed real_type for signal, converting
2021-02-27 14:52:28,805 DEBUG FinufftPlan adjusted eps=1.1920928955078125e-07 from requested 1e-08.
2021-02-27 14:52:29,093 DEBUG Corresponding type is already real float32.
2021-02-27 14:52:29,093 DEBUG nufft passed real_type for signal, converting
2021-02-27 14:52:29,113 DEBUG FinufftPlan adjusted eps=1.1920928955078125e-07 from requested 1e-08.
2021-02-27 14:52:29,533 INFO Iteration 13 | Cost = 4.896611077126883e-10 | Relative Error = 0.34857531823219196
2021-02-27 14:52:29,533 INFO Iteration 13 | Relative Error u = 0.34883326292037964 | Relative Error g = 0.0014231373072452935
2021-02-27 14:52:29,533 INFO ========= Iteration 14 =========
2021-02-27 14:52:29,533 INFO Iteration 14 | descent step u
2021-02-27 14:52:29,558 DEBUG Corresponding type is already real float32.
2021-02-27 14:52:29,558 DEBUG nufft passed real_type for signal, converting
2021-02-27 14:52:29,571 DEBUG FinufftPlan adjusted eps=1.1920928955078125e-07 from requested 1e-08.
2021-02-27 14:52:30,004 DEBUG Corresponding type is already complex complex64.
2021-02-27 14:52:30,017 DEBUG FinufftPlan adjusted eps=1.1920928955078125e-07 from requested 1e-08.
2021-02-27 14:52:30,121 INFO Determined adjoint mappings. Shape = (65, 65, 65)
2021-02-27 14:52:30,132 INFO Iteration 14 | primal-dual step g
2021-02-27 14:52:30,184 DEBUG Corresponding type is already real float32.
2021-02-27 14:52:30,184 DEBUG nufft passed real_type for signal, converting
2021-02-27 14:52:30,199 DEBUG FinufftPlan adjusted eps=1.1920928955078125e-07 from requested 1e-08.
2021-02-27 14:52:30,480 DEBUG Corresponding type is already real float32.
2021-02-27 14:52:30,480 DEBUG nufft passed real_type for signal, converting
2021-02-27 14:52:30,500 DEBUG FinufftPlan adjusted eps=1.1920928955078125e-07 from requested 1e-08.
2021-02-27 14:52:30,819 DEBUG Corresponding type is already real float32.
2021-02-27 14:52:30,819 DEBUG nufft passed real_type for signal, converting
2021-02-27 14:52:30,841 DEBUG FinufftPlan adjusted eps=1.1920928955078125e-07 from requested 1e-08.
2021-02-27 14:52:31,100 DEBUG Corresponding type is already real float32.
2021-02-27 14:52:31,100 DEBUG nufft passed real_type for signal, converting
2021-02-27 14:52:31,118 DEBUG FinufftPlan adjusted eps=1.1920928955078125e-07 from requested 1e-08.
2021-02-27 14:52:31,390 DEBUG Corresponding type is already real float32.
2021-02-27 14:52:31,390 DEBUG nufft passed real_type for signal, converting
2021-02-27 14:52:31,410 DEBUG FinufftPlan adjusted eps=1.1920928955078125e-07 from requested 1e-08.
2021-02-27 14:52:31,679 DEBUG Corresponding type is already real float32.
2021-02-27 14:52:31,679 DEBUG nufft passed real_type for signal, converting
2021-02-27 14:52:31,700 DEBUG FinufftPlan adjusted eps=1.1920928955078125e-07 from requested 1e-08.
2021-02-27 14:52:32,921 DEBUG Corresponding type is already real float32.
2021-02-27 14:52:32,921 DEBUG nufft passed real_type for signal, converting
2021-02-27 14:52:32,940 DEBUG FinufftPlan adjusted eps=1.1920928955078125e-07 from requested 1e-08.
2021-02-27 14:52:33,197 DEBUG Corresponding type is already real float32.
2021-02-27 14:52:33,197 DEBUG nufft passed real_type for signal, converting
2021-02-27 14:52:33,216 DEBUG FinufftPlan adjusted eps=1.1920928955078125e-07 from requested 1e-08.
2021-02-27 14:52:33,471 DEBUG Corresponding type is already real float32.
2021-02-27 14:52:33,471 DEBUG nufft passed real_type for signal, converting
2021-02-27 14:52:33,493 DEBUG FinufftPlan adjusted eps=1.1920928955078125e-07 from requested 1e-08.
2021-02-27 14:52:33,737 DEBUG Corresponding type is already real float32.
2021-02-27 14:52:33,738 DEBUG nufft passed real_type for signal, converting
2021-02-27 14:52:33,755 DEBUG FinufftPlan adjusted eps=1.1920928955078125e-07 from requested 1e-08.
2021-02-27 14:52:33,990 DEBUG Corresponding type is already real float32.
2021-02-27 14:52:33,990 DEBUG nufft passed real_type for signal, converting
2021-02-27 14:52:34,009 DEBUG FinufftPlan adjusted eps=1.1920928955078125e-07 from requested 1e-08.
2021-02-27 14:52:34,244 DEBUG Corresponding type is already real float32.
2021-02-27 14:52:34,244 DEBUG nufft passed real_type for signal, converting
2021-02-27 14:52:34,264 DEBUG FinufftPlan adjusted eps=1.1920928955078125e-07 from requested 1e-08.
2021-02-27 14:52:34,554 DEBUG Corresponding type is already real float32.
2021-02-27 14:52:34,554 DEBUG nufft passed real_type for signal, converting
2021-02-27 14:52:34,573 DEBUG FinufftPlan adjusted eps=1.1920928955078125e-07 from requested 1e-08.
2021-02-27 14:52:34,976 INFO Iteration 14 | Cost = 4.672361346197611e-10 | Relative Error = 0.3296624106552919
2021-02-27 14:52:34,976 INFO Iteration 14 | Relative Error u = 0.3299063444137573 | Relative Error g = 0.0014479623743170655
2021-02-27 14:52:34,976 INFO ========= Iteration 15 =========
2021-02-27 14:52:34,976 INFO Iteration 15 | descent step u
2021-02-27 14:52:35,006 DEBUG Corresponding type is already real float32.
2021-02-27 14:52:35,007 DEBUG nufft passed real_type for signal, converting
2021-02-27 14:52:35,020 DEBUG FinufftPlan adjusted eps=1.1920928955078125e-07 from requested 1e-08.
2021-02-27 14:52:35,348 DEBUG Corresponding type is already complex complex64.
2021-02-27 14:52:35,363 DEBUG FinufftPlan adjusted eps=1.1920928955078125e-07 from requested 1e-08.
2021-02-27 14:52:35,469 INFO Determined adjoint mappings. Shape = (65, 65, 65)
2021-02-27 14:52:35,482 INFO Iteration 15 | primal-dual step g
2021-02-27 14:52:35,537 DEBUG Corresponding type is already real float32.
2021-02-27 14:52:35,537 DEBUG nufft passed real_type for signal, converting
2021-02-27 14:52:35,552 DEBUG FinufftPlan adjusted eps=1.1920928955078125e-07 from requested 1e-08.
2021-02-27 14:52:35,826 DEBUG Corresponding type is already real float32.
2021-02-27 14:52:35,826 DEBUG nufft passed real_type for signal, converting
2021-02-27 14:52:35,845 DEBUG FinufftPlan adjusted eps=1.1920928955078125e-07 from requested 1e-08.
2021-02-27 14:52:36,101 DEBUG Corresponding type is already real float32.
2021-02-27 14:52:36,101 DEBUG nufft passed real_type for signal, converting
2021-02-27 14:52:36,121 DEBUG FinufftPlan adjusted eps=1.1920928955078125e-07 from requested 1e-08.
2021-02-27 14:52:36,361 DEBUG Corresponding type is already real float32.
2021-02-27 14:52:36,361 DEBUG nufft passed real_type for signal, converting
2021-02-27 14:52:36,384 DEBUG FinufftPlan adjusted eps=1.1920928955078125e-07 from requested 1e-08.
2021-02-27 14:52:36,645 DEBUG Corresponding type is already real float32.
2021-02-27 14:52:36,645 DEBUG nufft passed real_type for signal, converting
2021-02-27 14:52:36,663 DEBUG FinufftPlan adjusted eps=1.1920928955078125e-07 from requested 1e-08.
2021-02-27 14:52:36,904 DEBUG Corresponding type is already real float32.
2021-02-27 14:52:36,905 DEBUG nufft passed real_type for signal, converting
2021-02-27 14:52:36,922 DEBUG FinufftPlan adjusted eps=1.1920928955078125e-07 from requested 1e-08.
2021-02-27 14:52:37,751 DEBUG Corresponding type is already real float32.
2021-02-27 14:52:37,751 DEBUG nufft passed real_type for signal, converting
2021-02-27 14:52:37,763 DEBUG FinufftPlan adjusted eps=1.1920928955078125e-07 from requested 1e-08.
2021-02-27 14:52:38,035 DEBUG Corresponding type is already real float32.
2021-02-27 14:52:38,036 DEBUG nufft passed real_type for signal, converting
2021-02-27 14:52:38,056 DEBUG FinufftPlan adjusted eps=1.1920928955078125e-07 from requested 1e-08.
2021-02-27 14:52:38,317 DEBUG Corresponding type is already real float32.
2021-02-27 14:52:38,318 DEBUG nufft passed real_type for signal, converting
2021-02-27 14:52:38,339 DEBUG FinufftPlan adjusted eps=1.1920928955078125e-07 from requested 1e-08.
2021-02-27 14:52:38,582 DEBUG Corresponding type is already real float32.
2021-02-27 14:52:38,582 DEBUG nufft passed real_type for signal, converting
2021-02-27 14:52:38,601 DEBUG FinufftPlan adjusted eps=1.1920928955078125e-07 from requested 1e-08.
2021-02-27 14:52:38,864 DEBUG Corresponding type is already real float32.
2021-02-27 14:52:38,864 DEBUG nufft passed real_type for signal, converting
2021-02-27 14:52:38,883 DEBUG FinufftPlan adjusted eps=1.1920928955078125e-07 from requested 1e-08.
2021-02-27 14:52:39,159 DEBUG Corresponding type is already real float32.
2021-02-27 14:52:39,162 DEBUG nufft passed real_type for signal, converting
2021-02-27 14:52:39,180 DEBUG FinufftPlan adjusted eps=1.1920928955078125e-07 from requested 1e-08.
2021-02-27 14:52:39,459 DEBUG Corresponding type is already real float32.
2021-02-27 14:52:39,459 DEBUG nufft passed real_type for signal, converting
2021-02-27 14:52:39,478 DEBUG FinufftPlan adjusted eps=1.1920928955078125e-07 from requested 1e-08.
2021-02-27 14:52:39,852 INFO Iteration 15 | Cost = 4.4747311369960226e-10 | Relative Error = 0.31255872995441836
2021-02-27 14:52:39,853 INFO Iteration 15 | Relative Error u = 0.31279000639915466 | Relative Error g = 0.001470512085719495
2021-02-27 14:52:39,853 INFO ========= Iteration 16 =========
2021-02-27 14:52:39,853 INFO Iteration 16 | descent step u
2021-02-27 14:52:39,880 DEBUG Corresponding type is already real float32.
2021-02-27 14:52:39,880 DEBUG nufft passed real_type for signal, converting
2021-02-27 14:52:39,894 DEBUG FinufftPlan adjusted eps=1.1920928955078125e-07 from requested 1e-08.
2021-02-27 14:52:40,222 DEBUG Corresponding type is already complex complex64.
2021-02-27 14:52:40,234 DEBUG FinufftPlan adjusted eps=1.1920928955078125e-07 from requested 1e-08.
2021-02-27 14:52:40,330 INFO Determined adjoint mappings. Shape = (65, 65, 65)
2021-02-27 14:52:40,341 INFO Iteration 16 | primal-dual step g
2021-02-27 14:52:40,389 DEBUG Corresponding type is already real float32.
2021-02-27 14:52:40,389 DEBUG nufft passed real_type for signal, converting
2021-02-27 14:52:40,404 DEBUG FinufftPlan adjusted eps=1.1920928955078125e-07 from requested 1e-08.
2021-02-27 14:52:40,653 DEBUG Corresponding type is already real float32.
2021-02-27 14:52:40,654 DEBUG nufft passed real_type for signal, converting
2021-02-27 14:52:40,672 DEBUG FinufftPlan adjusted eps=1.1920928955078125e-07 from requested 1e-08.
2021-02-27 14:52:40,928 DEBUG Corresponding type is already real float32.
2021-02-27 14:52:40,928 DEBUG nufft passed real_type for signal, converting
2021-02-27 14:52:40,947 DEBUG FinufftPlan adjusted eps=1.1920928955078125e-07 from requested 1e-08.
2021-02-27 14:52:41,194 DEBUG Corresponding type is already real float32.
2021-02-27 14:52:41,194 DEBUG nufft passed real_type for signal, converting
2021-02-27 14:52:41,214 DEBUG FinufftPlan adjusted eps=1.1920928955078125e-07 from requested 1e-08.
2021-02-27 14:52:41,465 DEBUG Corresponding type is already real float32.
2021-02-27 14:52:41,465 DEBUG nufft passed real_type for signal, converting
2021-02-27 14:52:41,484 DEBUG FinufftPlan adjusted eps=1.1920928955078125e-07 from requested 1e-08.
2021-02-27 14:52:41,735 DEBUG Corresponding type is already real float32.
2021-02-27 14:52:41,735 DEBUG nufft passed real_type for signal, converting
2021-02-27 14:52:41,756 DEBUG FinufftPlan adjusted eps=1.1920928955078125e-07 from requested 1e-08.
2021-02-27 14:52:42,716 DEBUG Corresponding type is already real float32.
2021-02-27 14:52:42,716 DEBUG nufft passed real_type for signal, converting
2021-02-27 14:52:42,729 DEBUG FinufftPlan adjusted eps=1.1920928955078125e-07 from requested 1e-08.
2021-02-27 14:52:42,972 DEBUG Corresponding type is already real float32.
2021-02-27 14:52:42,972 DEBUG nufft passed real_type for signal, converting
2021-02-27 14:52:42,990 DEBUG FinufftPlan adjusted eps=1.1920928955078125e-07 from requested 1e-08.
2021-02-27 14:52:43,227 DEBUG Corresponding type is already real float32.
2021-02-27 14:52:43,227 DEBUG nufft passed real_type for signal, converting
2021-02-27 14:52:43,246 DEBUG FinufftPlan adjusted eps=1.1920928955078125e-07 from requested 1e-08.
2021-02-27 14:52:43,507 DEBUG Corresponding type is already real float32.
2021-02-27 14:52:43,508 DEBUG nufft passed real_type for signal, converting
2021-02-27 14:52:43,527 DEBUG FinufftPlan adjusted eps=1.1920928955078125e-07 from requested 1e-08.
2021-02-27 14:52:43,773 DEBUG Corresponding type is already real float32.
2021-02-27 14:52:43,773 DEBUG nufft passed real_type for signal, converting
2021-02-27 14:52:43,794 DEBUG FinufftPlan adjusted eps=1.1920928955078125e-07 from requested 1e-08.
2021-02-27 14:52:44,031 DEBUG Corresponding type is already real float32.
2021-02-27 14:52:44,031 DEBUG nufft passed real_type for signal, converting
2021-02-27 14:52:44,049 DEBUG FinufftPlan adjusted eps=1.1920928955078125e-07 from requested 1e-08.
2021-02-27 14:52:44,315 DEBUG Corresponding type is already real float32.
2021-02-27 14:52:44,315 DEBUG nufft passed real_type for signal, converting
2021-02-27 14:52:44,335 DEBUG FinufftPlan adjusted eps=1.1920928955078125e-07 from requested 1e-08.
2021-02-27 14:52:44,735 INFO Iteration 16 | Cost = 4.300063466660666e-10 | Relative Error = 0.2970139764868386
2021-02-27 14:52:44,735 INFO Iteration 16 | Relative Error u = 0.2972337603569031 | Relative Error g = 0.0014283112655938
2021-02-27 14:52:44,735 INFO ========= Iteration 17 =========
2021-02-27 14:52:44,735 INFO Iteration 17 | descent step u
2021-02-27 14:52:44,760 DEBUG Corresponding type is already real float32.
2021-02-27 14:52:44,761 DEBUG nufft passed real_type for signal, converting
2021-02-27 14:52:44,773 DEBUG FinufftPlan adjusted eps=1.1920928955078125e-07 from requested 1e-08.
2021-02-27 14:52:45,092 DEBUG Corresponding type is already complex complex64.
2021-02-27 14:52:45,104 DEBUG FinufftPlan adjusted eps=1.1920928955078125e-07 from requested 1e-08.
2021-02-27 14:52:45,203 INFO Determined adjoint mappings. Shape = (65, 65, 65)
2021-02-27 14:52:45,214 INFO Iteration 17 | primal-dual step g
2021-02-27 14:52:45,269 DEBUG Corresponding type is already real float32.
2021-02-27 14:52:45,269 DEBUG nufft passed real_type for signal, converting
2021-02-27 14:52:45,285 DEBUG FinufftPlan adjusted eps=1.1920928955078125e-07 from requested 1e-08.
2021-02-27 14:52:45,545 DEBUG Corresponding type is already real float32.
2021-02-27 14:52:45,545 DEBUG nufft passed real_type for signal, converting
2021-02-27 14:52:45,564 DEBUG FinufftPlan adjusted eps=1.1920928955078125e-07 from requested 1e-08.
2021-02-27 14:52:45,837 DEBUG Corresponding type is already real float32.
2021-02-27 14:52:45,837 DEBUG nufft passed real_type for signal, converting
2021-02-27 14:52:45,857 DEBUG FinufftPlan adjusted eps=1.1920928955078125e-07 from requested 1e-08.
2021-02-27 14:52:46,121 DEBUG Corresponding type is already real float32.
2021-02-27 14:52:46,121 DEBUG nufft passed real_type for signal, converting
2021-02-27 14:52:46,144 DEBUG FinufftPlan adjusted eps=1.1920928955078125e-07 from requested 1e-08.
2021-02-27 14:52:46,399 DEBUG Corresponding type is already real float32.
2021-02-27 14:52:46,399 DEBUG nufft passed real_type for signal, converting
2021-02-27 14:52:46,417 DEBUG FinufftPlan adjusted eps=1.1920928955078125e-07 from requested 1e-08.
2021-02-27 14:52:46,699 DEBUG Corresponding type is already real float32.
2021-02-27 14:52:46,700 DEBUG nufft passed real_type for signal, converting
2021-02-27 14:52:46,721 DEBUG FinufftPlan adjusted eps=1.1920928955078125e-07 from requested 1e-08.
2021-02-27 14:52:47,664 DEBUG Corresponding type is already real float32.
2021-02-27 14:52:47,664 DEBUG nufft passed real_type for signal, converting
2021-02-27 14:52:47,677 DEBUG FinufftPlan adjusted eps=1.1920928955078125e-07 from requested 1e-08.
2021-02-27 14:52:47,927 DEBUG Corresponding type is already real float32.
2021-02-27 14:52:47,928 DEBUG nufft passed real_type for signal, converting
2021-02-27 14:52:47,953 DEBUG FinufftPlan adjusted eps=1.1920928955078125e-07 from requested 1e-08.
2021-02-27 14:52:48,314 DEBUG Corresponding type is already real float32.
2021-02-27 14:52:48,314 DEBUG nufft passed real_type for signal, converting
2021-02-27 14:52:48,334 DEBUG FinufftPlan adjusted eps=1.1920928955078125e-07 from requested 1e-08.
2021-02-27 14:52:48,631 DEBUG Corresponding type is already real float32.
2021-02-27 14:52:48,631 DEBUG nufft passed real_type for signal, converting
2021-02-27 14:52:48,654 DEBUG FinufftPlan adjusted eps=1.1920928955078125e-07 from requested 1e-08.
2021-02-27 14:52:48,999 DEBUG Corresponding type is already real float32.
2021-02-27 14:52:49,000 DEBUG nufft passed real_type for signal, converting
2021-02-27 14:52:49,040 DEBUG FinufftPlan adjusted eps=1.1920928955078125e-07 from requested 1e-08.
2021-02-27 14:52:49,384 DEBUG Corresponding type is already real float32.
2021-02-27 14:52:49,385 DEBUG nufft passed real_type for signal, converting
2021-02-27 14:52:49,404 DEBUG FinufftPlan adjusted eps=1.1920928955078125e-07 from requested 1e-08.
2021-02-27 14:52:49,684 DEBUG Corresponding type is already real float32.
2021-02-27 14:52:49,684 DEBUG nufft passed real_type for signal, converting
2021-02-27 14:52:49,703 DEBUG FinufftPlan adjusted eps=1.1920928955078125e-07 from requested 1e-08.
2021-02-27 14:52:50,061 INFO Iteration 17 | Cost = 4.14529348453606e-10 | Relative Error = 0.2828267519415851
2021-02-27 14:52:50,061 INFO Iteration 17 | Relative Error u = 0.2830360233783722 | Relative Error g = 0.0013958612459665574
2021-02-27 14:52:50,061 INFO ========= Iteration 18 =========
2021-02-27 14:52:50,062 INFO Iteration 18 | descent step u
2021-02-27 14:52:50,086 DEBUG Corresponding type is already real float32.
2021-02-27 14:52:50,086 DEBUG nufft passed real_type for signal, converting
2021-02-27 14:52:50,099 DEBUG FinufftPlan adjusted eps=1.1920928955078125e-07 from requested 1e-08.
2021-02-27 14:52:50,426 DEBUG Corresponding type is already complex complex64.
2021-02-27 14:52:50,438 DEBUG FinufftPlan adjusted eps=1.1920928955078125e-07 from requested 1e-08.
2021-02-27 14:52:50,529 INFO Determined adjoint mappings. Shape = (65, 65, 65)
2021-02-27 14:52:50,539 INFO Iteration 18 | primal-dual step g
2021-02-27 14:52:50,585 DEBUG Corresponding type is already real float32.
2021-02-27 14:52:50,585 DEBUG nufft passed real_type for signal, converting
2021-02-27 14:52:50,600 DEBUG FinufftPlan adjusted eps=1.1920928955078125e-07 from requested 1e-08.
2021-02-27 14:52:50,834 DEBUG Corresponding type is already real float32.
2021-02-27 14:52:50,834 DEBUG nufft passed real_type for signal, converting
2021-02-27 14:52:50,851 DEBUG FinufftPlan adjusted eps=1.1920928955078125e-07 from requested 1e-08.
2021-02-27 14:52:51,076 DEBUG Corresponding type is already real float32.
2021-02-27 14:52:51,076 DEBUG nufft passed real_type for signal, converting
2021-02-27 14:52:51,094 DEBUG FinufftPlan adjusted eps=1.1920928955078125e-07 from requested 1e-08.
2021-02-27 14:52:51,323 DEBUG Corresponding type is already real float32.
2021-02-27 14:52:51,323 DEBUG nufft passed real_type for signal, converting
2021-02-27 14:52:51,340 DEBUG FinufftPlan adjusted eps=1.1920928955078125e-07 from requested 1e-08.
2021-02-27 14:52:51,571 DEBUG Corresponding type is already real float32.
2021-02-27 14:52:51,571 DEBUG nufft passed real_type for signal, converting
2021-02-27 14:52:51,593 DEBUG FinufftPlan adjusted eps=1.1920928955078125e-07 from requested 1e-08.
2021-02-27 14:52:51,826 DEBUG Corresponding type is already real float32.
2021-02-27 14:52:51,826 DEBUG nufft passed real_type for signal, converting
2021-02-27 14:52:51,844 DEBUG FinufftPlan adjusted eps=1.1920928955078125e-07 from requested 1e-08.
2021-02-27 14:52:52,659 DEBUG Corresponding type is already real float32.
2021-02-27 14:52:52,660 DEBUG nufft passed real_type for signal, converting
2021-02-27 14:52:52,672 DEBUG FinufftPlan adjusted eps=1.1920928955078125e-07 from requested 1e-08.
2021-02-27 14:52:52,907 DEBUG Corresponding type is already real float32.
2021-02-27 14:52:52,907 DEBUG nufft passed real_type for signal, converting
2021-02-27 14:52:52,924 DEBUG FinufftPlan adjusted eps=1.1920928955078125e-07 from requested 1e-08.
2021-02-27 14:52:53,157 DEBUG Corresponding type is already real float32.
2021-02-27 14:52:53,157 DEBUG nufft passed real_type for signal, converting
2021-02-27 14:52:53,174 DEBUG FinufftPlan adjusted eps=1.1920928955078125e-07 from requested 1e-08.
2021-02-27 14:52:53,396 DEBUG Corresponding type is already real float32.
2021-02-27 14:52:53,396 DEBUG nufft passed real_type for signal, converting
2021-02-27 14:52:53,417 DEBUG FinufftPlan adjusted eps=1.1920928955078125e-07 from requested 1e-08.
2021-02-27 14:52:53,644 DEBUG Corresponding type is already real float32.
2021-02-27 14:52:53,645 DEBUG nufft passed real_type for signal, converting
2021-02-27 14:52:53,662 DEBUG FinufftPlan adjusted eps=1.1920928955078125e-07 from requested 1e-08.
2021-02-27 14:52:53,892 DEBUG Corresponding type is already real float32.
2021-02-27 14:52:53,892 DEBUG nufft passed real_type for signal, converting
2021-02-27 14:52:53,909 DEBUG FinufftPlan adjusted eps=1.1920928955078125e-07 from requested 1e-08.
2021-02-27 14:52:54,166 DEBUG Corresponding type is already real float32.
2021-02-27 14:52:54,166 DEBUG nufft passed real_type for signal, converting
2021-02-27 14:52:54,184 DEBUG FinufftPlan adjusted eps=1.1920928955078125e-07 from requested 1e-08.
2021-02-27 14:52:54,544 INFO Iteration 18 | Cost = 4.007859016411436e-10 | Relative Error = 0.26982258600230846
2021-02-27 14:52:54,545 INFO Iteration 18 | Relative Error u = 0.2700222432613373 | Relative Error g = 0.0013665025963811148
2021-02-27 14:52:54,545 INFO ========= Iteration 19 =========
2021-02-27 14:52:54,545 INFO Iteration 19 | descent step u
2021-02-27 14:52:54,570 DEBUG Corresponding type is already real float32.
2021-02-27 14:52:54,570 DEBUG nufft passed real_type for signal, converting
2021-02-27 14:52:54,582 DEBUG FinufftPlan adjusted eps=1.1920928955078125e-07 from requested 1e-08.
2021-02-27 14:52:54,910 DEBUG Corresponding type is already complex complex64.
2021-02-27 14:52:54,947 DEBUG FinufftPlan adjusted eps=1.1920928955078125e-07 from requested 1e-08.
2021-02-27 14:52:55,040 INFO Determined adjoint mappings. Shape = (65, 65, 65)
2021-02-27 14:52:55,050 INFO Iteration 19 | primal-dual step g
2021-02-27 14:52:55,097 DEBUG Corresponding type is already real float32.
2021-02-27 14:52:55,097 DEBUG nufft passed real_type for signal, converting
2021-02-27 14:52:55,112 DEBUG FinufftPlan adjusted eps=1.1920928955078125e-07 from requested 1e-08.
2021-02-27 14:52:55,339 DEBUG Corresponding type is already real float32.
2021-02-27 14:52:55,339 DEBUG nufft passed real_type for signal, converting
2021-02-27 14:52:55,356 DEBUG FinufftPlan adjusted eps=1.1920928955078125e-07 from requested 1e-08.
2021-02-27 14:52:55,583 DEBUG Corresponding type is already real float32.
2021-02-27 14:52:55,583 DEBUG nufft passed real_type for signal, converting
2021-02-27 14:52:55,602 DEBUG FinufftPlan adjusted eps=1.1920928955078125e-07 from requested 1e-08.
2021-02-27 14:52:55,831 DEBUG Corresponding type is already real float32.
2021-02-27 14:52:55,831 DEBUG nufft passed real_type for signal, converting
2021-02-27 14:52:55,848 DEBUG FinufftPlan adjusted eps=1.1920928955078125e-07 from requested 1e-08.
2021-02-27 14:52:56,072 DEBUG Corresponding type is already real float32.
2021-02-27 14:52:56,072 DEBUG nufft passed real_type for signal, converting
2021-02-27 14:52:56,089 DEBUG FinufftPlan adjusted eps=1.1920928955078125e-07 from requested 1e-08.
2021-02-27 14:52:56,327 DEBUG Corresponding type is already real float32.
2021-02-27 14:52:56,327 DEBUG nufft passed real_type for signal, converting
2021-02-27 14:52:56,346 DEBUG FinufftPlan adjusted eps=1.1920928955078125e-07 from requested 1e-08.
2021-02-27 14:52:57,166 DEBUG Corresponding type is already real float32.
2021-02-27 14:52:57,166 DEBUG nufft passed real_type for signal, converting
2021-02-27 14:52:57,180 DEBUG FinufftPlan adjusted eps=1.1920928955078125e-07 from requested 1e-08.
2021-02-27 14:52:57,416 DEBUG Corresponding type is already real float32.
2021-02-27 14:52:57,416 DEBUG nufft passed real_type for signal, converting
2021-02-27 14:52:57,433 DEBUG FinufftPlan adjusted eps=1.1920928955078125e-07 from requested 1e-08.
2021-02-27 14:52:57,674 DEBUG Corresponding type is already real float32.
2021-02-27 14:52:57,675 DEBUG nufft passed real_type for signal, converting
2021-02-27 14:52:57,692 DEBUG FinufftPlan adjusted eps=1.1920928955078125e-07 from requested 1e-08.
2021-02-27 14:52:57,942 DEBUG Corresponding type is already real float32.
2021-02-27 14:52:57,942 DEBUG nufft passed real_type for signal, converting
2021-02-27 14:52:57,960 DEBUG FinufftPlan adjusted eps=1.1920928955078125e-07 from requested 1e-08.
2021-02-27 14:52:58,201 DEBUG Corresponding type is already real float32.
2021-02-27 14:52:58,201 DEBUG nufft passed real_type for signal, converting
2021-02-27 14:52:58,218 DEBUG FinufftPlan adjusted eps=1.1920928955078125e-07 from requested 1e-08.
2021-02-27 14:52:58,445 DEBUG Corresponding type is already real float32.
2021-02-27 14:52:58,445 DEBUG nufft passed real_type for signal, converting
2021-02-27 14:52:58,462 DEBUG FinufftPlan adjusted eps=1.1920928955078125e-07 from requested 1e-08.
2021-02-27 14:52:58,723 DEBUG Corresponding type is already real float32.
2021-02-27 14:52:58,723 DEBUG nufft passed real_type for signal, converting
2021-02-27 14:52:58,742 DEBUG FinufftPlan adjusted eps=1.1920928955078125e-07 from requested 1e-08.
2021-02-27 14:52:59,103 INFO Iteration 19 | Cost = 3.8856234306071285e-10 | Relative Error = 0.2578610677804629
2021-02-27 14:52:59,103 INFO Iteration 19 | Relative Error u = 0.25805187225341797 | Relative Error g = 0.0013584642382211793
2021-02-27 14:52:59,103 INFO ========= Iteration 20 =========
2021-02-27 14:52:59,103 INFO Iteration 20 | descent step u
2021-02-27 14:52:59,129 DEBUG Corresponding type is already real float32.
2021-02-27 14:52:59,129 DEBUG nufft passed real_type for signal, converting
2021-02-27 14:52:59,142 DEBUG FinufftPlan adjusted eps=1.1920928955078125e-07 from requested 1e-08.
2021-02-27 14:52:59,460 DEBUG Corresponding type is already complex complex64.
2021-02-27 14:52:59,472 DEBUG FinufftPlan adjusted eps=1.1920928955078125e-07 from requested 1e-08.
2021-02-27 14:52:59,562 INFO Determined adjoint mappings. Shape = (65, 65, 65)
2021-02-27 14:52:59,572 INFO Iteration 20 | primal-dual step g
2021-02-27 14:52:59,619 DEBUG Corresponding type is already real float32.
2021-02-27 14:52:59,619 DEBUG nufft passed real_type for signal, converting
2021-02-27 14:52:59,633 DEBUG FinufftPlan adjusted eps=1.1920928955078125e-07 from requested 1e-08.
2021-02-27 14:52:59,883 DEBUG Corresponding type is already real float32.
2021-02-27 14:52:59,883 DEBUG nufft passed real_type for signal, converting
2021-02-27 14:52:59,905 DEBUG FinufftPlan adjusted eps=1.1920928955078125e-07 from requested 1e-08.
2021-02-27 14:53:00,137 DEBUG Corresponding type is already real float32.
2021-02-27 14:53:00,137 DEBUG nufft passed real_type for signal, converting
2021-02-27 14:53:00,154 DEBUG FinufftPlan adjusted eps=1.1920928955078125e-07 from requested 1e-08.
2021-02-27 14:53:00,387 DEBUG Corresponding type is already real float32.
2021-02-27 14:53:00,387 DEBUG nufft passed real_type for signal, converting
2021-02-27 14:53:00,405 DEBUG FinufftPlan adjusted eps=1.1920928955078125e-07 from requested 1e-08.
2021-02-27 14:53:00,655 DEBUG Corresponding type is already real float32.
2021-02-27 14:53:00,655 DEBUG nufft passed real_type for signal, converting
2021-02-27 14:53:00,672 DEBUG FinufftPlan adjusted eps=1.1920928955078125e-07 from requested 1e-08.
2021-02-27 14:53:00,915 DEBUG Corresponding type is already real float32.
2021-02-27 14:53:00,915 DEBUG nufft passed real_type for signal, converting
2021-02-27 14:53:00,932 DEBUG FinufftPlan adjusted eps=1.1920928955078125e-07 from requested 1e-08.
2021-02-27 14:53:01,745 DEBUG Corresponding type is already real float32.
2021-02-27 14:53:01,745 DEBUG nufft passed real_type for signal, converting
2021-02-27 14:53:01,757 DEBUG FinufftPlan adjusted eps=1.1920928955078125e-07 from requested 1e-08.
2021-02-27 14:53:01,984 DEBUG Corresponding type is already real float32.
2021-02-27 14:53:01,985 DEBUG nufft passed real_type for signal, converting
2021-02-27 14:53:02,002 DEBUG FinufftPlan adjusted eps=1.1920928955078125e-07 from requested 1e-08.
2021-02-27 14:53:02,228 DEBUG Corresponding type is already real float32.
2021-02-27 14:53:02,228 DEBUG nufft passed real_type for signal, converting
2021-02-27 14:53:02,249 DEBUG FinufftPlan adjusted eps=1.1920928955078125e-07 from requested 1e-08.
2021-02-27 14:53:02,483 DEBUG Corresponding type is already real float32.
2021-02-27 14:53:02,483 DEBUG nufft passed real_type for signal, converting
2021-02-27 14:53:02,503 DEBUG FinufftPlan adjusted eps=1.1920928955078125e-07 from requested 1e-08.
2021-02-27 14:53:02,729 DEBUG Corresponding type is already real float32.
2021-02-27 14:53:02,729 DEBUG nufft passed real_type for signal, converting
2021-02-27 14:53:02,750 DEBUG FinufftPlan adjusted eps=1.1920928955078125e-07 from requested 1e-08.
2021-02-27 14:53:02,991 DEBUG Corresponding type is already real float32.
2021-02-27 14:53:02,991 DEBUG nufft passed real_type for signal, converting
2021-02-27 14:53:03,008 DEBUG FinufftPlan adjusted eps=1.1920928955078125e-07 from requested 1e-08.
2021-02-27 14:53:03,263 DEBUG Corresponding type is already real float32.
2021-02-27 14:53:03,263 DEBUG nufft passed real_type for signal, converting
2021-02-27 14:53:03,281 DEBUG FinufftPlan adjusted eps=1.1920928955078125e-07 from requested 1e-08.
2021-02-27 14:53:03,638 INFO Iteration 20 | Cost = 3.776759909062545e-10 | Relative Error = 0.2468224536410343
2021-02-27 14:53:03,639 INFO Iteration 20 | Relative Error u = 0.24700509011745453 | Relative Error g = 0.0013644373563894729
