2021-02-16 10:38:27,985 DEBUG Using fontManager instance from /Users/wdiepeveen/.matplotlib/fontlist-v330.json
2021-02-16 10:38:28,179 INFO This script illustrates orientation refinement using lRCPA as primal-dual splitting method
2021-02-16 10:38:28,186 DEBUG Corresponding type is already real float32.
2021-02-16 10:38:28,186 DEBUG nufft passed real_type for signal, converting
2021-02-16 10:38:28,187 INFO Trying NFFT backend finufft
2021-02-16 10:38:28,192 INFO NFFT backend finufft usable.
2021-02-16 10:38:28,192 INFO Trying NFFT backend cufinufft
2021-02-16 10:38:28,193 INFO NFFT backend cufinufft not usable:
	No module named 'pycuda'
2021-02-16 10:38:28,193 INFO Trying NFFT backend pynfft
2021-02-16 10:38:28,193 INFO NFFT backend pynfft not usable:
	No module named 'pynfft'
2021-02-16 10:38:28,193 INFO Selected NFFT backend = finufft.
2021-02-16 10:38:28,196 DEBUG FinufftPlan adjusted eps=1.1920928955078125e-07 from requested 1e-08.
2021-02-16 10:38:28,375 INFO Applying forward transformations in pipeline
2021-02-16 10:38:28,375 INFO All forward transformations applied
2021-02-16 10:38:28,375 INFO Loaded 128 images
2021-02-16 10:38:28,376 WARNING PrimalDualProblem vols.dtype float64 != self.dtype float32. In the future this will raise an error.
2021-02-16 10:38:28,408 INFO Testing data fidelity
2021-02-16 10:38:28,411 WARNING Volume rot_matrices.dtype float32 != self.dtype float64. In the future this will raise an error.
2021-02-16 10:38:28,415 DEBUG Corresponding type is already real float64.
2021-02-16 10:38:28,416 WARNING nufft passed inconsistent dtypes. fourier_pts: float32 forcing precision of signal data: float64.
2021-02-16 10:38:28,416 DEBUG Corresponding type is already real float64.
2021-02-16 10:38:28,417 DEBUG nufft passed real_type for signal, converting
2021-02-16 10:38:28,557 INFO Testing grad norm fidelity
2021-02-16 10:38:28,559 INFO Testing rotation fidelity
2021-02-16 10:38:28,770 INFO Testing differential
2021-02-16 10:38:30,590 CRITICAL 'numpy.ndarray' object has no attribute 'project'
Traceback:
  File "/Users/wdiepeveen/Documents/PhD/Projects/2 - Cryo-EM/src/src/Cryo-EM/test.py", line 62, in <module>
    print(differential_forward_rot(prob, eta))
  File "/Users/wdiepeveen/Documents/PhD/Projects/2 - Cryo-EM/src/src/Cryo-EM/functions/differentials.py", line 35, in differential_forward_rot
    differential = src.forward(vol=vol)
  File "/Users/wdiepeveen/Documents/PhD/Projects/2 - Cryo-EM/src/src/Cryo-EM/problems/primal_dual_problem.py", line 131, in forward
    im = self.projections(start=start, num=num, indices=indices, vol=vol)
  File "/Users/wdiepeveen/Documents/PhD/Projects/2 - Cryo-EM/src/src/Cryo-EM/problems/primal_dual_problem.py", line 123, in projections
    im = vol.project(vol_idx=0, rot_matrices=self.rots).asnumpy()

