2021-03-01 11:14:49,189 INFO This script illustrates orientation refinement using lRCPA as primal-dual splitting method
2021-03-01 11:14:49,273 DEBUG Corresponding type is already real float32.
2021-03-01 11:14:49,273 DEBUG nufft passed real_type for signal, converting
2021-03-01 11:14:49,275 INFO Trying NFFT backend finufft
2021-03-01 11:14:49,310 INFO NFFT backend finufft usable.
2021-03-01 11:14:49,310 INFO Trying NFFT backend cufinufft
2021-03-01 11:14:49,311 INFO NFFT backend cufinufft not usable:
	No module named 'pycuda'
2021-03-01 11:14:49,311 INFO Trying NFFT backend pynfft
2021-03-01 11:14:49,311 INFO NFFT backend pynfft not usable:
	No module named 'pynfft'
2021-03-01 11:14:49,311 INFO Selected NFFT backend = finufft.
2021-03-01 11:14:49,325 DEBUG FinufftPlan adjusted eps=1.1920928955078125e-07 from requested 1e-08.
2021-03-01 11:14:49,687 INFO Applying forward transformations in pipeline
2021-03-01 11:14:49,688 INFO All forward transformations applied
2021-03-01 11:14:49,688 INFO Loaded 128 images
2021-03-01 11:14:49,704 INFO ========= Iteration 1 =========
2021-03-01 11:14:49,704 INFO Iteration 1 | descent step u
2021-03-01 11:14:49,729 DEBUG Corresponding type is already real float32.
2021-03-01 11:14:49,729 DEBUG nufft passed real_type for signal, converting
2021-03-01 11:14:49,742 DEBUG FinufftPlan adjusted eps=1.1920928955078125e-07 from requested 1e-08.
2021-03-01 11:14:50,075 DEBUG Corresponding type is already complex complex64.
2021-03-01 11:14:50,090 DEBUG FinufftPlan adjusted eps=1.1920928955078125e-07 from requested 1e-08.
2021-03-01 11:14:50,182 INFO Determined adjoint mappings. Shape = (65, 65, 65)
2021-03-01 11:14:50,193 INFO Iteration 1 | primal-dual step g
2021-03-01 11:14:50,239 DEBUG Corresponding type is already real float32.
2021-03-01 11:14:50,239 DEBUG nufft passed real_type for signal, converting
2021-03-01 11:14:50,254 DEBUG FinufftPlan adjusted eps=1.1920928955078125e-07 from requested 1e-08.
2021-03-01 11:14:50,496 DEBUG Corresponding type is already real float32.
2021-03-01 11:14:50,497 DEBUG nufft passed real_type for signal, converting
2021-03-01 11:14:50,516 DEBUG FinufftPlan adjusted eps=1.1920928955078125e-07 from requested 1e-08.
2021-03-01 11:14:50,786 DEBUG Corresponding type is already real float32.
2021-03-01 11:14:50,786 DEBUG nufft passed real_type for signal, converting
2021-03-01 11:14:50,805 DEBUG FinufftPlan adjusted eps=1.1920928955078125e-07 from requested 1e-08.
2021-03-01 11:14:51,055 DEBUG Corresponding type is already real float32.
2021-03-01 11:14:51,055 DEBUG nufft passed real_type for signal, converting
2021-03-01 11:14:51,074 DEBUG FinufftPlan adjusted eps=1.1920928955078125e-07 from requested 1e-08.
2021-03-01 11:14:51,320 DEBUG Corresponding type is already real float32.
2021-03-01 11:14:51,320 DEBUG nufft passed real_type for signal, converting
2021-03-01 11:14:51,339 DEBUG FinufftPlan adjusted eps=1.1920928955078125e-07 from requested 1e-08.
2021-03-01 11:14:51,605 DEBUG Corresponding type is already real float32.
2021-03-01 11:14:51,605 DEBUG nufft passed real_type for signal, converting
2021-03-01 11:14:51,625 DEBUG FinufftPlan adjusted eps=1.1920928955078125e-07 from requested 1e-08.
2021-03-01 11:14:52,535 DEBUG Corresponding type is already real float32.
2021-03-01 11:14:52,536 DEBUG nufft passed real_type for signal, converting
2021-03-01 11:14:52,549 DEBUG FinufftPlan adjusted eps=1.1920928955078125e-07 from requested 1e-08.
2021-03-01 11:14:52,791 DEBUG Corresponding type is already real float32.
2021-03-01 11:14:52,791 DEBUG nufft passed real_type for signal, converting
2021-03-01 11:14:52,810 DEBUG FinufftPlan adjusted eps=1.1920928955078125e-07 from requested 1e-08.
2021-03-01 11:14:53,060 DEBUG Corresponding type is already real float32.
2021-03-01 11:14:53,060 DEBUG nufft passed real_type for signal, converting
2021-03-01 11:14:53,079 DEBUG FinufftPlan adjusted eps=1.1920928955078125e-07 from requested 1e-08.
2021-03-01 11:14:53,331 DEBUG Corresponding type is already real float32.
2021-03-01 11:14:53,331 DEBUG nufft passed real_type for signal, converting
2021-03-01 11:14:53,350 DEBUG FinufftPlan adjusted eps=1.1920928955078125e-07 from requested 1e-08.
2021-03-01 11:14:53,602 DEBUG Corresponding type is already real float32.
2021-03-01 11:14:53,602 DEBUG nufft passed real_type for signal, converting
2021-03-01 11:14:53,625 DEBUG FinufftPlan adjusted eps=1.1920928955078125e-07 from requested 1e-08.
2021-03-01 11:14:53,873 DEBUG Corresponding type is already real float32.
2021-03-01 11:14:53,873 DEBUG nufft passed real_type for signal, converting
2021-03-01 11:14:53,892 DEBUG FinufftPlan adjusted eps=1.1920928955078125e-07 from requested 1e-08.
2021-03-01 11:14:54,188 DEBUG Corresponding type is already real float32.
2021-03-01 11:14:54,188 DEBUG nufft passed real_type for signal, converting
2021-03-01 11:14:54,210 DEBUG FinufftPlan adjusted eps=1.1920928955078125e-07 from requested 1e-08.
2021-03-01 11:14:54,612 INFO Iteration 1 | Cost = 4.555227485620428e-10 | Relative Error = 1.0
2021-03-01 11:14:54,612 INFO Iteration 1 | Relative Error u = 1.0 | Relative Error g = 1.0
2021-03-01 11:14:54,613 INFO ========= Iteration 2 =========
2021-03-01 11:14:54,613 INFO Iteration 2 | descent step u
2021-03-01 11:14:54,638 DEBUG Corresponding type is already real float32.
2021-03-01 11:14:54,639 DEBUG nufft passed real_type for signal, converting
2021-03-01 11:14:54,656 DEBUG FinufftPlan adjusted eps=1.1920928955078125e-07 from requested 1e-08.
2021-03-01 11:14:55,021 DEBUG Corresponding type is already complex complex64.
2021-03-01 11:14:55,034 DEBUG FinufftPlan adjusted eps=1.1920928955078125e-07 from requested 1e-08.
2021-03-01 11:14:55,135 INFO Determined adjoint mappings. Shape = (65, 65, 65)
2021-03-01 11:14:55,147 INFO Iteration 2 | primal-dual step g
2021-03-01 11:14:55,198 DEBUG Corresponding type is already real float32.
2021-03-01 11:14:55,199 DEBUG nufft passed real_type for signal, converting
2021-03-01 11:14:55,213 DEBUG FinufftPlan adjusted eps=1.1920928955078125e-07 from requested 1e-08.
2021-03-01 11:14:55,454 DEBUG Corresponding type is already real float32.
2021-03-01 11:14:55,454 DEBUG nufft passed real_type for signal, converting
2021-03-01 11:14:55,473 DEBUG FinufftPlan adjusted eps=1.1920928955078125e-07 from requested 1e-08.
2021-03-01 11:14:55,726 DEBUG Corresponding type is already real float32.
2021-03-01 11:14:55,726 DEBUG nufft passed real_type for signal, converting
2021-03-01 11:14:55,745 DEBUG FinufftPlan adjusted eps=1.1920928955078125e-07 from requested 1e-08.
2021-03-01 11:14:55,983 DEBUG Corresponding type is already real float32.
2021-03-01 11:14:55,983 DEBUG nufft passed real_type for signal, converting
2021-03-01 11:14:56,002 DEBUG FinufftPlan adjusted eps=1.1920928955078125e-07 from requested 1e-08.
2021-03-01 11:14:56,243 DEBUG Corresponding type is already real float32.
2021-03-01 11:14:56,243 DEBUG nufft passed real_type for signal, converting
2021-03-01 11:14:56,262 DEBUG FinufftPlan adjusted eps=1.1920928955078125e-07 from requested 1e-08.
2021-03-01 11:14:56,511 DEBUG Corresponding type is already real float32.
2021-03-01 11:14:56,511 DEBUG nufft passed real_type for signal, converting
2021-03-01 11:14:56,531 DEBUG FinufftPlan adjusted eps=1.1920928955078125e-07 from requested 1e-08.
2021-03-01 11:14:57,462 DEBUG Corresponding type is already real float32.
2021-03-01 11:14:57,462 DEBUG nufft passed real_type for signal, converting
2021-03-01 11:14:57,474 DEBUG FinufftPlan adjusted eps=1.1920928955078125e-07 from requested 1e-08.
2021-03-01 11:14:57,704 DEBUG Corresponding type is already real float32.
2021-03-01 11:14:57,704 DEBUG nufft passed real_type for signal, converting
2021-03-01 11:14:57,723 DEBUG FinufftPlan adjusted eps=1.1920928955078125e-07 from requested 1e-08.
2021-03-01 11:14:57,952 DEBUG Corresponding type is already real float32.
2021-03-01 11:14:57,952 DEBUG nufft passed real_type for signal, converting
2021-03-01 11:14:57,971 DEBUG FinufftPlan adjusted eps=1.1920928955078125e-07 from requested 1e-08.
2021-03-01 11:14:58,254 DEBUG Corresponding type is already real float32.
2021-03-01 11:14:58,254 DEBUG nufft passed real_type for signal, converting
2021-03-01 11:14:58,275 DEBUG FinufftPlan adjusted eps=1.1920928955078125e-07 from requested 1e-08.
2021-03-01 11:14:58,532 DEBUG Corresponding type is already real float32.
2021-03-01 11:14:58,532 DEBUG nufft passed real_type for signal, converting
2021-03-01 11:14:58,551 DEBUG FinufftPlan adjusted eps=1.1920928955078125e-07 from requested 1e-08.
2021-03-01 11:14:58,803 DEBUG Corresponding type is already real float32.
2021-03-01 11:14:58,803 DEBUG nufft passed real_type for signal, converting
2021-03-01 11:14:58,822 DEBUG FinufftPlan adjusted eps=1.1920928955078125e-07 from requested 1e-08.
2021-03-01 11:14:59,087 DEBUG Corresponding type is already real float32.
2021-03-01 11:14:59,087 DEBUG nufft passed real_type for signal, converting
2021-03-01 11:14:59,108 DEBUG FinufftPlan adjusted eps=1.1920928955078125e-07 from requested 1e-08.
2021-03-01 11:14:59,468 INFO Iteration 2 | Cost = 4.416693060537283e-10 | Relative Error = 0.9571749357954963
2021-03-01 11:14:59,468 INFO Iteration 2 | Relative Error u = 0.9697312712669373 | Relative Error g = 0.015461879969011556
