2021-02-17 09:51:30,542 DEBUG Using fontManager instance from /Users/wdiepeveen/.matplotlib/fontlist-v330.json
2021-02-17 09:51:30,965 INFO This script illustrates orientation refinement using lRCPA as primal-dual splitting method
2021-02-17 09:51:30,975 DEBUG Corresponding type is already real float32.
2021-02-17 09:51:30,975 DEBUG nufft passed real_type for signal, converting
2021-02-17 09:51:30,975 INFO Trying NFFT backend finufft
2021-02-17 09:51:31,008 INFO NFFT backend finufft usable.
2021-02-17 09:51:31,008 INFO Trying NFFT backend cufinufft
2021-02-17 09:51:31,008 INFO NFFT backend cufinufft not usable:
	No module named 'pycuda'
2021-02-17 09:51:31,008 INFO Trying NFFT backend pynfft
2021-02-17 09:51:31,009 INFO NFFT backend pynfft not usable:
	No module named 'pynfft'
2021-02-17 09:51:31,009 INFO Selected NFFT backend = finufft.
2021-02-17 09:51:31,016 DEBUG FinufftPlan adjusted eps=1.1920928955078125e-07 from requested 1e-08.
2021-02-17 09:51:31,177 INFO Applying forward transformations in pipeline
2021-02-17 09:51:31,178 INFO All forward transformations applied
2021-02-17 09:51:31,178 INFO Loaded 128 images
2021-02-17 09:51:31,179 WARNING PrimalDualProblem vols.dtype float64 != self.dtype float32. In the future this will raise an error.
2021-02-17 09:51:31,208 INFO Testing data fidelity
2021-02-17 09:51:34,382 CRITICAL 'PrimalDualProblem' object has no attribute 'vol'
Traceback:
  File "/Users/wdiepeveen/Documents/PhD/Projects/2 - Cryo-EM/src/src/Cryo-EM/test.py", line 42, in <module>
    print(l2_data_fidelity(prob))
  File "/Users/wdiepeveen/Documents/PhD/Projects/2 - Cryo-EM/src/src/Cryo-EM/functions/cost_functions.py", line 13, in l2_data_fidelity
    res = src.vol_forward(src.vol, 0, np.inf) - src.data

