2021-02-15 15:34:57,626 DEBUG Using fontManager instance from /Users/wdiepeveen/.matplotlib/fontlist-v330.json
2021-02-15 15:34:57,850 INFO This script illustrates orientation refinement using lRCPA as primal-dual splitting method
2021-02-15 15:34:57,860 DEBUG Corresponding type is already real float32.
2021-02-15 15:34:57,860 DEBUG nufft passed real_type for signal, converting
2021-02-15 15:34:57,860 INFO Trying NFFT backend finufft
2021-02-15 15:34:57,868 INFO NFFT backend finufft usable.
2021-02-15 15:34:57,868 INFO Trying NFFT backend cufinufft
2021-02-15 15:34:57,869 INFO NFFT backend cufinufft not usable:
	No module named 'pycuda'
2021-02-15 15:34:57,869 INFO Trying NFFT backend pynfft
2021-02-15 15:34:57,869 INFO NFFT backend pynfft not usable:
	No module named 'pynfft'
2021-02-15 15:34:57,869 INFO Selected NFFT backend = finufft.
2021-02-15 15:34:57,874 DEBUG FinufftPlan adjusted eps=1.1920928955078125e-07 from requested 1e-08.
2021-02-15 15:34:58,046 INFO Applying forward transformations in pipeline
2021-02-15 15:34:58,046 INFO All forward transformations applied
2021-02-15 15:34:58,046 INFO Loaded 128 images
2021-02-15 15:34:58,067 DEBUG Corresponding type is already real float32.
2021-02-15 15:34:58,067 DEBUG nufft passed real_type for signal, converting
2021-02-15 15:34:58,072 DEBUG FinufftPlan adjusted eps=1.1920928955078125e-07 from requested 1e-08.
2021-02-15 15:35:00,022 CRITICAL 'NoneType' object is not iterable
Traceback:
  File "/Users/wdiepeveen/Documents/PhD/Projects/2 - Cryo-EM/src/src/Cryo-EM/test.py", line 38, in <module>
    print(data_fidelity_l2(prob))
  File "/Users/wdiepeveen/Documents/PhD/Projects/2 - Cryo-EM/src/src/Cryo-EM/functions/cost_functions.py", line 10, in data_fidelity_l2
    Au = src.forward()  # here we should have an Image object of size n x L x L
  File "/Users/wdiepeveen/Documents/PhD/Projects/2 - Cryo-EM/src/src/Cryo-EM/problems/primal_dual_problem.py", line 130, in forward
    im = self.eval_filters(im, start=start, num=num, indices=indices)
  File "/Users/wdiepeveen/PycharmProjects/Cryo-EM/lib/python3.6/site-packages/aspire/source/__init__.py", line 323, in eval_filters
    for i, filt in enumerate(self.unique_filters):

