2021-02-17 16:18:47,729 DEBUG Using fontManager instance from /Users/wdiepeveen/.matplotlib/fontlist-v330.json
2021-02-17 16:18:47,934 INFO This script illustrates orientation refinement using lRCPA as primal-dual splitting method
2021-02-17 16:18:47,944 DEBUG Corresponding type is already real float32.
2021-02-17 16:18:47,944 DEBUG nufft passed real_type for signal, converting
2021-02-17 16:18:47,945 INFO Trying NFFT backend finufft
2021-02-17 16:18:47,951 INFO NFFT backend finufft usable.
2021-02-17 16:18:47,952 INFO Trying NFFT backend cufinufft
2021-02-17 16:18:47,952 INFO NFFT backend cufinufft not usable:
	No module named 'pycuda'
2021-02-17 16:18:47,952 INFO Trying NFFT backend pynfft
2021-02-17 16:18:47,952 INFO NFFT backend pynfft not usable:
	No module named 'pynfft'
2021-02-17 16:18:47,953 INFO Selected NFFT backend = finufft.
2021-02-17 16:18:47,957 DEBUG FinufftPlan adjusted eps=1.1920928955078125e-07 from requested 1e-08.
2021-02-17 16:18:48,137 INFO Applying forward transformations in pipeline
2021-02-17 16:18:48,137 INFO All forward transformations applied
2021-02-17 16:18:48,137 INFO Loaded 128 images
2021-02-17 16:18:48,158 INFO ========= Iteration 1 =========
2021-02-17 16:18:48,159 INFO Iteration 1 | descent step u
2021-02-17 16:18:48,164 DEBUG Corresponding type is already real float32.
2021-02-17 16:18:48,164 DEBUG nufft passed real_type for signal, converting
2021-02-17 16:18:48,168 DEBUG FinufftPlan adjusted eps=1.1920928955078125e-07 from requested 1e-08.
2021-02-17 16:18:48,294 DEBUG Corresponding type is already complex complex64.
2021-02-17 16:18:48,298 DEBUG FinufftPlan adjusted eps=1.1920928955078125e-07 from requested 1e-08.
2021-02-17 16:18:48,322 INFO Determined adjoint mappings. Shape = (33, 33, 33)
2021-02-17 16:18:48,326 INFO Iteration 1 | primal-dual step g
2021-02-17 16:18:48,334 DEBUG Corresponding type is already real float32.
2021-02-17 16:18:48,334 DEBUG nufft passed real_type for signal, converting
2021-02-17 16:18:48,337 DEBUG FinufftPlan adjusted eps=1.1920928955078125e-07 from requested 1e-08.
2021-02-17 16:18:48,436 DEBUG Corresponding type is already real float32.
2021-02-17 16:18:48,436 DEBUG nufft passed real_type for signal, converting
2021-02-17 16:18:48,441 DEBUG FinufftPlan adjusted eps=1.1920928955078125e-07 from requested 1e-08.
2021-02-17 16:18:48,529 DEBUG Corresponding type is already real float32.
2021-02-17 16:18:48,529 DEBUG nufft passed real_type for signal, converting
2021-02-17 16:18:48,533 DEBUG FinufftPlan adjusted eps=1.1920928955078125e-07 from requested 1e-08.
2021-02-17 16:18:48,619 DEBUG Corresponding type is already real float32.
2021-02-17 16:18:48,620 DEBUG nufft passed real_type for signal, converting
2021-02-17 16:18:48,625 DEBUG FinufftPlan adjusted eps=1.1920928955078125e-07 from requested 1e-08.
2021-02-17 16:18:48,716 DEBUG Corresponding type is already real float32.
2021-02-17 16:18:48,716 DEBUG nufft passed real_type for signal, converting
2021-02-17 16:18:48,721 DEBUG FinufftPlan adjusted eps=1.1920928955078125e-07 from requested 1e-08.
2021-02-17 16:18:48,809 DEBUG Corresponding type is already real float32.
2021-02-17 16:18:48,809 DEBUG nufft passed real_type for signal, converting
2021-02-17 16:18:48,813 DEBUG FinufftPlan adjusted eps=1.1920928955078125e-07 from requested 1e-08.
2021-02-17 16:18:49,504 DEBUG Corresponding type is already real float32.
2021-02-17 16:18:49,505 DEBUG nufft passed real_type for signal, converting
2021-02-17 16:18:49,508 DEBUG FinufftPlan adjusted eps=1.1920928955078125e-07 from requested 1e-08.
2021-02-17 16:18:49,603 DEBUG Corresponding type is already real float32.
2021-02-17 16:18:49,603 DEBUG nufft passed real_type for signal, converting
2021-02-17 16:18:49,608 DEBUG FinufftPlan adjusted eps=1.1920928955078125e-07 from requested 1e-08.
2021-02-17 16:18:49,693 DEBUG Corresponding type is already real float32.
2021-02-17 16:18:49,693 DEBUG nufft passed real_type for signal, converting
2021-02-17 16:18:49,698 DEBUG FinufftPlan adjusted eps=1.1920928955078125e-07 from requested 1e-08.
2021-02-17 16:18:49,780 DEBUG Corresponding type is already real float32.
2021-02-17 16:18:49,780 DEBUG nufft passed real_type for signal, converting
2021-02-17 16:18:49,785 DEBUG FinufftPlan adjusted eps=1.1920928955078125e-07 from requested 1e-08.
2021-02-17 16:18:49,869 DEBUG Corresponding type is already real float32.
2021-02-17 16:18:49,869 DEBUG nufft passed real_type for signal, converting
2021-02-17 16:18:49,874 DEBUG FinufftPlan adjusted eps=1.1920928955078125e-07 from requested 1e-08.
2021-02-17 16:18:49,955 DEBUG Corresponding type is already real float32.
2021-02-17 16:18:49,955 DEBUG nufft passed real_type for signal, converting
2021-02-17 16:18:49,960 DEBUG FinufftPlan adjusted eps=1.1920928955078125e-07 from requested 1e-08.
2021-02-17 16:18:52,014 CRITICAL 'InnerProductOperator' object has no attribute 'dtype'
Traceback:
  File "/Users/wdiepeveen/Documents/PhD/Projects/2 - Cryo-EM/src/src/Cryo-EM/test.py", line 66, in <module>
    volume = solver.solve()
  File "/Users/wdiepeveen/Documents/PhD/Projects/2 - Cryo-EM/src/src/Cryo-EM/solvers/primal_dual_solver.py", line 115, in solve
    cost = self.get_cost(self.problem)
  File "/Users/wdiepeveen/Documents/PhD/Projects/2 - Cryo-EM/src/src/Cryo-EM/test.py", line 45, in cost_function
    cost = l2_data_fidelity(src) + lam1*l2_grad_norm(src) + lam2*so3_distance(src)
  File "/Users/wdiepeveen/Documents/PhD/Projects/2 - Cryo-EM/src/src/Cryo-EM/functions/cost_functions.py", line 14, in l2_data_fidelity
    res = src.vol_forward(src.vols, 0, np.inf) - src.data
  File "/Users/wdiepeveen/PycharmProjects/Cryo-EM/lib/python3.6/site-packages/aspire/source/__init__.py", line 523, in vol_forward
    im = vol.project(0, self.rots[all_idx, :, :])
  File "/Users/wdiepeveen/PycharmProjects/Cryo-EM/lib/python3.6/site-packages/aspire/volume/__init__.py", line 152, in project
    im_f = nufft(data, pts_rot) / self.resolution
  File "/Users/wdiepeveen/PycharmProjects/Cryo-EM/lib/python3.6/site-packages/aspire/nufft/__init__.py", line 198, in nufft
    if fourier_pts.dtype != real_type(sig_f.dtype):

