2021-02-16 14:47:52,703 DEBUG Using fontManager instance from /Users/wdiepeveen/.matplotlib/fontlist-v330.json
2021-02-16 14:47:52,934 INFO This script illustrates orientation refinement using lRCPA as primal-dual splitting method
2021-02-16 14:47:52,949 DEBUG Corresponding type is already real float32.
2021-02-16 14:47:52,949 DEBUG nufft passed real_type for signal, converting
2021-02-16 14:47:52,949 INFO Trying NFFT backend finufft
2021-02-16 14:47:52,958 INFO NFFT backend finufft usable.
2021-02-16 14:47:52,958 INFO Trying NFFT backend cufinufft
2021-02-16 14:47:52,958 INFO NFFT backend cufinufft not usable:
	No module named 'pycuda'
2021-02-16 14:47:52,958 INFO Trying NFFT backend pynfft
2021-02-16 14:47:52,959 INFO NFFT backend pynfft not usable:
	No module named 'pynfft'
2021-02-16 14:47:52,959 INFO Selected NFFT backend = finufft.
2021-02-16 14:47:52,964 DEBUG FinufftPlan adjusted eps=1.1920928955078125e-07 from requested 1e-08.
2021-02-16 14:47:53,137 INFO Applying forward transformations in pipeline
2021-02-16 14:47:53,137 INFO All forward transformations applied
2021-02-16 14:47:53,137 INFO Loaded 128 images
2021-02-16 14:47:53,138 WARNING PrimalDualProblem vols.dtype float64 != self.dtype float32. In the future this will raise an error.
2021-02-16 14:47:53,171 INFO Testing data fidelity
2021-02-16 14:47:53,173 WARNING Volume rot_matrices.dtype float32 != self.dtype float64. In the future this will raise an error.
2021-02-16 14:47:53,178 DEBUG Corresponding type is already real float64.
2021-02-16 14:47:53,178 WARNING nufft passed inconsistent dtypes. fourier_pts: float32 forcing precision of signal data: float64.
2021-02-16 14:47:53,178 DEBUG Corresponding type is already real float64.
2021-02-16 14:47:53,182 DEBUG nufft passed real_type for signal, converting
2021-02-16 14:47:53,327 INFO Testing grad norm fidelity
2021-02-16 14:47:53,330 INFO Testing rotation fidelity
2021-02-16 14:47:53,521 INFO Testing differential
2021-02-16 14:47:53,528 DEBUG Corresponding type is already real float32.
2021-02-16 14:47:53,529 DEBUG nufft passed real_type for signal, converting
2021-02-16 14:47:53,532 DEBUG FinufftPlan adjusted eps=1.1920928955078125e-07 from requested 1e-08.
2021-02-16 14:47:53,627 INFO Testing adjoint differential
2021-02-16 14:47:53,636 DEBUG Corresponding type is already real float32.
2021-02-16 14:47:53,637 DEBUG nufft passed real_type for signal, converting
2021-02-16 14:47:53,641 DEBUG FinufftPlan adjusted eps=1.1920928955078125e-07 from requested 1e-08.
2021-02-16 14:47:53,741 DEBUG Corresponding type is already real float32.
2021-02-16 14:47:53,741 DEBUG nufft passed real_type for signal, converting
2021-02-16 14:47:53,746 DEBUG FinufftPlan adjusted eps=1.1920928955078125e-07 from requested 1e-08.
2021-02-16 14:47:53,839 DEBUG Corresponding type is already real float32.
2021-02-16 14:47:53,839 DEBUG nufft passed real_type for signal, converting
2021-02-16 14:47:53,844 DEBUG FinufftPlan adjusted eps=1.1920928955078125e-07 from requested 1e-08.
2021-02-16 14:47:53,938 DEBUG Corresponding type is already real float32.
2021-02-16 14:47:53,938 DEBUG nufft passed real_type for signal, converting
2021-02-16 14:47:53,943 DEBUG FinufftPlan adjusted eps=1.1920928955078125e-07 from requested 1e-08.
2021-02-16 14:47:54,029 DEBUG Corresponding type is already real float32.
2021-02-16 14:47:54,029 DEBUG nufft passed real_type for signal, converting
2021-02-16 14:47:54,033 DEBUG FinufftPlan adjusted eps=1.1920928955078125e-07 from requested 1e-08.
2021-02-16 14:47:54,123 DEBUG Corresponding type is already real float32.
2021-02-16 14:47:54,123 DEBUG nufft passed real_type for signal, converting
2021-02-16 14:47:54,129 DEBUG FinufftPlan adjusted eps=1.1920928955078125e-07 from requested 1e-08.
