2021-02-24 16:06:54,781 DEBUG Using fontManager instance from /Users/wdiepeveen/.matplotlib/fontlist-v330.json
2021-02-24 16:06:55,475 DEBUG Loaded backend module://backend_interagg version unknown.
2021-02-24 16:06:55,477 INFO This script illustrates orientation estimation using synchronization matrix and voting method
2021-02-24 16:06:55,481 INFO Initialize simulation object and CTF filters.
2021-02-24 16:06:55,481 INFO Load 3D map and downsample 3D map to desired grids of 33 x 33 x 33.
2021-02-24 16:06:56,391 INFO Use downsampled map to creat simulation object.
2021-02-24 16:06:56,416 INFO Get true rotation angles generated randomly by the simulation object.
2021-02-24 16:06:56,416 INFO Estimate rotation angles using synchronization matrix and voting method.
2021-02-24 16:06:56,423 DEBUG Corresponding type is already real float32.
2021-02-24 16:06:56,423 DEBUG nufft passed real_type for signal, converting
2021-02-24 16:06:56,423 INFO Trying NFFT backend finufft
2021-02-24 16:06:56,502 INFO NFFT backend finufft usable.
2021-02-24 16:06:56,502 INFO Trying NFFT backend cufinufft
2021-02-24 16:06:56,503 INFO NFFT backend cufinufft not usable:
	No module named 'pycuda'
2021-02-24 16:06:56,503 INFO Trying NFFT backend pynfft
2021-02-24 16:06:56,503 INFO NFFT backend pynfft not usable:
	No module named 'pynfft'
2021-02-24 16:06:56,504 INFO Selected NFFT backend = finufft.
2021-02-24 16:06:56,507 DEBUG FinufftPlan adjusted eps=1.1920928955078125e-07 from requested 1e-08.
2021-02-24 16:06:56,672 INFO Applying forward transformations in pipeline
2021-02-24 16:06:56,673 INFO All forward transformations applied
2021-02-24 16:06:56,673 INFO Loaded 128 images
2021-02-24 16:06:56,673 INFO Represent 2D image in a polar Fourier grid
2021-02-24 16:06:56,673 DEBUG Corresponding type is already real float32.
2021-02-24 16:06:56,673 DEBUG nufft passed real_type for signal, converting
2021-02-24 16:06:56,673 DEBUG FinufftPlan adjusted eps=1.1920928955078125e-07 from requested 1e-08.
2021-02-24 16:07:02,536 INFO Top 10 eigenvalues from synchronization voting matrix: [ 71.54754   66.33838   63.705856  19.602924  15.250185  14.751359
  13.775312  12.423205  12.283918 -12.384874]
2021-02-24 16:07:02,540 INFO MSE deviation of the estimated rotations using register_rotations : 0.0542492913676143
2021-02-24 16:07:02,542 INFO Expanding 3D map in a spatial-domain Fourier–Bessel basis using the direct method.
2021-02-24 16:07:15,395 DEBUG Corresponding type is already real float32.
2021-02-24 16:07:15,395 DEBUG nufft passed real_type for signal, converting
2021-02-24 16:07:15,398 DEBUG FinufftPlan adjusted eps=1.1920928955078125e-07 from requested 1e-08.
2021-02-24 16:07:15,476 INFO Applying forward transformations in pipeline
2021-02-24 16:07:15,477 INFO All forward transformations applied
2021-02-24 16:07:15,477 INFO Loaded 128 images
2021-02-24 16:07:15,526 DEBUG Corresponding type is already complex complex64.
2021-02-24 16:07:15,531 DEBUG FinufftPlan adjusted eps=1.1920928955078125e-07 from requested 1e-08.
2021-02-24 16:07:16,841 INFO Determined adjoint mappings. Shape = (9269,)
2021-02-24 16:07:16,841 INFO Computing kernel
2021-02-24 16:07:16,857 DEBUG Corresponding type is already real float32.
2021-02-24 16:07:16,857 DEBUG anufft passed real_type for signal, converting
2021-02-24 16:07:16,860 DEBUG FinufftPlan adjusted eps=1.1920928955078125e-07 from requested 1e-08.
2021-02-24 16:07:16,930 INFO Computing non-centered Fourier Transform
2021-02-24 16:07:16,940 INFO Computing Preconditioner kernel
2021-02-24 16:07:16,940 INFO Circularizing kernel
2021-02-24 16:07:16,951 INFO Circularizing dimension 0
2021-02-24 16:07:16,952 INFO Circularizing dimension 1
2021-02-24 16:07:16,952 INFO Circularizing dimension 2
2021-02-24 16:07:25,964 INFO Delta 6.094096534070559e-06 (target 2.86335689452244e-10)
2021-02-24 16:07:35,490 INFO Delta 3.3677708870527567e-06 (target 2.86335689452244e-10)
2021-02-24 16:07:44,833 INFO Delta 1.4904023828421487e-06 (target 2.86335689452244e-10)
2021-02-24 16:07:55,639 INFO Delta 8.100283253043017e-07 (target 2.86335689452244e-10)
2021-02-24 16:08:05,512 INFO Delta 4.1002562056746683e-07 (target 2.86335689452244e-10)
2021-02-24 16:08:15,479 INFO Delta 2.3435204354882444e-07 (target 2.86335689452244e-10)
2021-02-24 16:08:26,243 INFO Delta 1.3430430101379898e-07 (target 2.86335689452244e-10)
2021-02-24 16:08:36,674 INFO Delta 7.292822346016692e-08 (target 2.86335689452244e-10)
2021-02-24 16:08:47,237 INFO Delta 4.5423099948038725e-08 (target 2.86335689452244e-10)
2021-02-24 16:08:57,948 INFO Delta 2.6367102279323262e-08 (target 2.86335689452244e-10)
2021-02-24 16:09:07,707 INFO Delta 1.569492447117682e-08 (target 2.86335689452244e-10)
2021-02-24 16:09:17,964 INFO Delta 9.077721685457618e-09 (target 2.86335689452244e-10)
2021-02-24 16:09:30,099 INFO Delta 5.15702236469906e-09 (target 2.86335689452244e-10)
2021-02-24 16:09:41,059 INFO Delta 3.3522404851993315e-09 (target 2.86335689452244e-10)
2021-02-24 16:09:53,389 INFO Delta 2.2814934386161667e-09 (target 2.86335689452244e-10)
2021-02-24 16:10:03,453 INFO Delta 1.5393678554076473e-09 (target 2.86335689452244e-10)
2021-02-24 16:10:13,366 INFO Delta 1.0783949289105976e-09 (target 2.86335689452244e-10)
2021-02-24 16:10:23,107 INFO Delta 6.95634994052341e-10 (target 2.86335689452244e-10)
2021-02-24 16:10:32,641 INFO Delta 4.5878567611623566e-10 (target 2.86335689452244e-10)
2021-02-24 16:10:43,268 INFO Delta 3.019465788511866e-10 (target 2.86335689452244e-10)
2021-02-24 16:10:57,512 INFO Delta 1.9560111863548002e-10 (target 2.86335689452244e-10)
2021-02-24 16:10:59,047 DEBUG Corresponding type is already real float32.
2021-02-24 16:10:59,047 DEBUG nufft passed real_type for signal, converting
2021-02-24 16:10:59,050 DEBUG FinufftPlan adjusted eps=1.1920928955078125e-07 from requested 1e-08.
2021-02-24 16:10:59,129 INFO Applying forward transformations in pipeline
2021-02-24 16:10:59,129 INFO All forward transformations applied
2021-02-24 16:10:59,129 INFO Loaded 128 images
2021-02-24 16:10:59,180 DEBUG Corresponding type is already complex complex64.
2021-02-24 16:10:59,184 DEBUG FinufftPlan adjusted eps=1.1920928955078125e-07 from requested 1e-08.
2021-02-24 16:11:00,521 INFO Determined adjoint mappings. Shape = (9269,)
2021-02-24 16:11:00,522 INFO Computing kernel
2021-02-24 16:11:00,537 DEBUG Corresponding type is already real float32.
2021-02-24 16:11:00,538 DEBUG anufft passed real_type for signal, converting
2021-02-24 16:11:00,541 DEBUG FinufftPlan adjusted eps=1.1920928955078125e-07 from requested 1e-08.
2021-02-24 16:11:00,599 INFO Computing non-centered Fourier Transform
2021-02-24 16:11:00,608 INFO Computing Preconditioner kernel
2021-02-24 16:11:00,608 INFO Circularizing kernel
2021-02-24 16:11:00,620 INFO Circularizing dimension 0
2021-02-24 16:11:00,620 INFO Circularizing dimension 1
2021-02-24 16:11:00,621 INFO Circularizing dimension 2
2021-02-24 16:11:11,140 INFO Delta 6.094105174270226e-06 (target 2.86335689452244e-10)
2021-02-24 16:11:20,698 INFO Delta 3.3678004456305644e-06 (target 2.86335689452244e-10)
2021-02-24 16:11:30,159 INFO Delta 1.4904178442520788e-06 (target 2.86335689452244e-10)
2021-02-24 16:11:39,957 INFO Delta 8.100377613118326e-07 (target 2.86335689452244e-10)
2021-02-24 16:11:49,637 INFO Delta 4.1002834905157215e-07 (target 2.86335689452244e-10)
2021-02-24 16:11:59,511 INFO Delta 2.3435484308720334e-07 (target 2.86335689452244e-10)
2021-02-24 16:12:08,637 INFO Delta 1.343056368341422e-07 (target 2.86335689452244e-10)
2021-02-24 16:12:18,472 INFO Delta 7.293034798294684e-08 (target 2.86335689452244e-10)
2021-02-24 16:12:27,806 INFO Delta 4.54241764202834e-08 (target 2.86335689452244e-10)
2021-02-24 16:12:36,971 INFO Delta 2.6368555339217892e-08 (target 2.86335689452244e-10)
2021-02-24 16:12:47,499 INFO Delta 1.569551599800434e-08 (target 2.86335689452244e-10)
2021-02-24 16:12:57,281 INFO Delta 9.077700369175545e-09 (target 2.86335689452244e-10)
2021-02-24 16:13:06,891 INFO Delta 5.156451265975193e-09 (target 2.86335689452244e-10)
2021-02-24 16:13:16,079 INFO Delta 3.3516300845803926e-09 (target 2.86335689452244e-10)
2021-02-24 16:13:24,980 INFO Delta 2.281525190994671e-09 (target 2.86335689452244e-10)
2021-02-24 16:13:33,883 INFO Delta 1.5393298857802051e-09 (target 2.86335689452244e-10)
2021-02-24 16:13:42,805 INFO Delta 1.0793428373290226e-09 (target 2.86335689452244e-10)
2021-02-24 16:13:52,117 INFO Delta 6.950194864074888e-10 (target 2.86335689452244e-10)
2021-02-24 16:14:02,632 INFO Delta 4.5830370054567027e-10 (target 2.86335689452244e-10)
2021-02-24 16:14:13,069 INFO Delta 3.0243094140125493e-10 (target 2.86335689452244e-10)
2021-02-24 16:14:26,910 INFO Delta 1.956291517668518e-10 (target 2.86335689452244e-10)
