2021-02-15 16:40:44,153 DEBUG Using fontManager instance from /Users/wdiepeveen/.matplotlib/fontlist-v330.json
2021-02-15 16:40:44,364 INFO This script illustrates orientation refinement using lRCPA as primal-dual splitting method
2021-02-15 16:40:44,372 DEBUG Corresponding type is already real float32.
2021-02-15 16:40:44,372 DEBUG nufft passed real_type for signal, converting
2021-02-15 16:40:44,372 INFO Trying NFFT backend finufft
2021-02-15 16:40:44,379 INFO NFFT backend finufft usable.
2021-02-15 16:40:44,379 INFO Trying NFFT backend cufinufft
2021-02-15 16:40:44,380 INFO NFFT backend cufinufft not usable:
	No module named 'pycuda'
2021-02-15 16:40:44,380 INFO Trying NFFT backend pynfft
2021-02-15 16:40:44,380 INFO NFFT backend pynfft not usable:
	No module named 'pynfft'
2021-02-15 16:40:44,380 INFO Selected NFFT backend = finufft.
2021-02-15 16:40:44,384 DEBUG FinufftPlan adjusted eps=1.1920928955078125e-07 from requested 1e-08.
2021-02-15 16:40:44,556 INFO Applying forward transformations in pipeline
2021-02-15 16:40:44,556 INFO All forward transformations applied
2021-02-15 16:40:44,556 INFO Loaded 128 images
2021-02-15 16:40:44,577 INFO Testing data fidelity
2021-02-15 16:40:44,585 DEBUG Corresponding type is already real float32.
2021-02-15 16:40:44,585 DEBUG nufft passed real_type for signal, converting
2021-02-15 16:40:44,590 DEBUG FinufftPlan adjusted eps=1.1920928955078125e-07 from requested 1e-08.
2021-02-15 16:40:44,682 INFO Testing grad norm fidelity
2021-02-15 16:40:44,685 INFO Testing rotation fidelity
