2021-02-15 16:42:12,264 DEBUG Using fontManager instance from /Users/wdiepeveen/.matplotlib/fontlist-v330.json
2021-02-15 16:42:12,480 INFO This script illustrates orientation refinement using lRCPA as primal-dual splitting method
2021-02-15 16:42:12,489 DEBUG Corresponding type is already real float32.
2021-02-15 16:42:12,489 DEBUG nufft passed real_type for signal, converting
2021-02-15 16:42:12,489 INFO Trying NFFT backend finufft
2021-02-15 16:42:12,496 INFO NFFT backend finufft usable.
2021-02-15 16:42:12,496 INFO Trying NFFT backend cufinufft
2021-02-15 16:42:12,497 INFO NFFT backend cufinufft not usable:
	No module named 'pycuda'
2021-02-15 16:42:12,497 INFO Trying NFFT backend pynfft
2021-02-15 16:42:12,497 INFO NFFT backend pynfft not usable:
	No module named 'pynfft'
2021-02-15 16:42:12,497 INFO Selected NFFT backend = finufft.
2021-02-15 16:42:12,502 DEBUG FinufftPlan adjusted eps=1.1920928955078125e-07 from requested 1e-08.
2021-02-15 16:42:12,669 INFO Applying forward transformations in pipeline
2021-02-15 16:42:12,669 INFO All forward transformations applied
2021-02-15 16:42:12,669 INFO Loaded 128 images
2021-02-15 16:42:12,690 INFO Testing data fidelity
2021-02-15 16:42:12,697 DEBUG Corresponding type is already real float32.
2021-02-15 16:42:12,697 DEBUG nufft passed real_type for signal, converting
2021-02-15 16:42:12,702 DEBUG FinufftPlan adjusted eps=1.1920928955078125e-07 from requested 1e-08.
2021-02-15 16:42:12,781 INFO Testing grad norm fidelity
2021-02-15 16:42:12,784 INFO Testing rotation fidelity
