2021-02-25 14:24:29,544 INFO This script illustrates orientation estimation using synchronization matrix and voting method
2021-02-25 14:24:29,546 INFO Initialize simulation object and CTF filters.
2021-02-25 14:24:29,546 INFO Load 3D map and downsample 3D map to desired grids of 33 x 33 x 33.
2021-02-25 14:24:30,352 INFO Use downsampled map to creat simulation object.
2021-02-25 14:24:30,373 INFO Appending a NoiseAdder to generation pipeline
2021-02-25 14:24:30,375 DEBUG Corresponding type is already real float32.
2021-02-25 14:24:30,375 DEBUG nufft passed real_type for signal, converting
2021-02-25 14:24:30,375 INFO Trying NFFT backend finufft
2021-02-25 14:24:30,381 INFO NFFT backend finufft usable.
2021-02-25 14:24:30,382 INFO Trying NFFT backend cufinufft
2021-02-25 14:24:30,382 INFO NFFT backend cufinufft not usable:
	No module named 'pycuda'
2021-02-25 14:24:30,382 INFO Trying NFFT backend pynfft
2021-02-25 14:24:30,382 INFO NFFT backend pynfft not usable:
	No module named 'pynfft'
2021-02-25 14:24:30,382 INFO Selected NFFT backend = finufft.
2021-02-25 14:24:30,383 DEBUG FinufftPlan adjusted eps=1.1920928955078125e-07 from requested 1e-08.
2021-02-25 14:24:30,687 INFO Applying forward transformations in pipeline
2021-02-25 14:24:30,687 INFO All forward transformations applied
2021-02-25 14:24:30,687 INFO Loaded 3 images
2021-02-25 14:24:30,852 INFO Get true rotation angles generated randomly by the simulation object.
2021-02-25 14:24:30,853 INFO Estimate rotation angles using synchronization matrix and voting method.
2021-02-25 14:24:30,859 DEBUG Corresponding type is already real float32.
2021-02-25 14:24:30,859 DEBUG nufft passed real_type for signal, converting
2021-02-25 14:24:30,863 DEBUG FinufftPlan adjusted eps=1.1920928955078125e-07 from requested 1e-08.
2021-02-25 14:24:31,376 INFO Applying forward transformations in pipeline
2021-02-25 14:24:31,376 INFO All forward transformations applied
2021-02-25 14:24:31,376 INFO Loaded 128 images
2021-02-25 14:24:31,376 INFO Represent 2D image in a polar Fourier grid
2021-02-25 14:24:31,376 DEBUG Corresponding type is already real float32.
2021-02-25 14:24:31,376 DEBUG nufft passed real_type for signal, converting
2021-02-25 14:24:31,377 DEBUG FinufftPlan adjusted eps=1.1920928955078125e-07 from requested 1e-08.
