2021-02-17 17:06:27,163 DEBUG Using fontManager instance from /Users/wdiepeveen/.matplotlib/fontlist-v330.json
2021-02-17 17:06:27,442 INFO This script illustrates orientation refinement using lRCPA as primal-dual splitting method
2021-02-17 17:06:27,452 DEBUG Corresponding type is already real float32.
2021-02-17 17:06:27,452 DEBUG nufft passed real_type for signal, converting
2021-02-17 17:06:27,452 INFO Trying NFFT backend finufft
2021-02-17 17:06:27,459 INFO NFFT backend finufft usable.
2021-02-17 17:06:27,459 INFO Trying NFFT backend cufinufft
2021-02-17 17:06:27,460 INFO NFFT backend cufinufft not usable:
	No module named 'pycuda'
2021-02-17 17:06:27,460 INFO Trying NFFT backend pynfft
2021-02-17 17:06:27,460 INFO NFFT backend pynfft not usable:
	No module named 'pynfft'
2021-02-17 17:06:27,460 INFO Selected NFFT backend = finufft.
2021-02-17 17:06:27,465 DEBUG FinufftPlan adjusted eps=1.1920928955078125e-07 from requested 1e-08.
2021-02-17 17:06:27,636 INFO Applying forward transformations in pipeline
2021-02-17 17:06:27,636 INFO All forward transformations applied
2021-02-17 17:06:27,637 INFO Loaded 128 images
2021-02-17 17:06:27,656 INFO ========= Iteration 1 =========
2021-02-17 17:06:27,656 INFO Iteration 1 | descent step u
2021-02-17 17:06:27,660 DEBUG Corresponding type is already real float32.
2021-02-17 17:06:27,660 DEBUG nufft passed real_type for signal, converting
2021-02-17 17:06:27,664 DEBUG FinufftPlan adjusted eps=1.1920928955078125e-07 from requested 1e-08.
2021-02-17 17:06:27,791 DEBUG Corresponding type is already complex complex64.
2021-02-17 17:06:27,796 DEBUG FinufftPlan adjusted eps=1.1920928955078125e-07 from requested 1e-08.
2021-02-17 17:06:27,826 INFO Determined adjoint mappings. Shape = (33, 33, 33)
2021-02-17 17:06:27,831 INFO Iteration 1 | primal-dual step g
2021-02-17 17:06:27,840 DEBUG Corresponding type is already real float32.
2021-02-17 17:06:27,840 DEBUG nufft passed real_type for signal, converting
2021-02-17 17:06:27,844 DEBUG FinufftPlan adjusted eps=1.1920928955078125e-07 from requested 1e-08.
2021-02-17 17:06:27,934 DEBUG Corresponding type is already real float32.
2021-02-17 17:06:27,935 DEBUG nufft passed real_type for signal, converting
2021-02-17 17:06:27,939 DEBUG FinufftPlan adjusted eps=1.1920928955078125e-07 from requested 1e-08.
2021-02-17 17:06:28,022 DEBUG Corresponding type is already real float32.
2021-02-17 17:06:28,022 DEBUG nufft passed real_type for signal, converting
2021-02-17 17:06:28,027 DEBUG FinufftPlan adjusted eps=1.1920928955078125e-07 from requested 1e-08.
2021-02-17 17:06:28,137 DEBUG Corresponding type is already real float32.
2021-02-17 17:06:28,137 DEBUG nufft passed real_type for signal, converting
2021-02-17 17:06:28,144 DEBUG FinufftPlan adjusted eps=1.1920928955078125e-07 from requested 1e-08.
2021-02-17 17:06:28,239 DEBUG Corresponding type is already real float32.
2021-02-17 17:06:28,239 DEBUG nufft passed real_type for signal, converting
2021-02-17 17:06:28,244 DEBUG FinufftPlan adjusted eps=1.1920928955078125e-07 from requested 1e-08.
2021-02-17 17:06:28,325 DEBUG Corresponding type is already real float32.
2021-02-17 17:06:28,325 DEBUG nufft passed real_type for signal, converting
2021-02-17 17:06:28,330 DEBUG FinufftPlan adjusted eps=1.1920928955078125e-07 from requested 1e-08.
2021-02-17 17:06:29,040 DEBUG Corresponding type is already real float32.
2021-02-17 17:06:29,040 DEBUG nufft passed real_type for signal, converting
2021-02-17 17:06:29,043 DEBUG FinufftPlan adjusted eps=1.1920928955078125e-07 from requested 1e-08.
2021-02-17 17:06:29,146 DEBUG Corresponding type is already real float32.
2021-02-17 17:06:29,146 DEBUG nufft passed real_type for signal, converting
2021-02-17 17:06:29,151 DEBUG FinufftPlan adjusted eps=1.1920928955078125e-07 from requested 1e-08.
2021-02-17 17:06:29,250 DEBUG Corresponding type is already real float32.
2021-02-17 17:06:29,251 DEBUG nufft passed real_type for signal, converting
2021-02-17 17:06:29,256 DEBUG FinufftPlan adjusted eps=1.1920928955078125e-07 from requested 1e-08.
2021-02-17 17:06:29,351 DEBUG Corresponding type is already real float32.
2021-02-17 17:06:29,352 DEBUG nufft passed real_type for signal, converting
2021-02-17 17:06:29,356 DEBUG FinufftPlan adjusted eps=1.1920928955078125e-07 from requested 1e-08.
2021-02-17 17:06:29,439 DEBUG Corresponding type is already real float32.
2021-02-17 17:06:29,439 DEBUG nufft passed real_type for signal, converting
2021-02-17 17:06:29,443 DEBUG FinufftPlan adjusted eps=1.1920928955078125e-07 from requested 1e-08.
2021-02-17 17:06:29,532 DEBUG Corresponding type is already real float32.
2021-02-17 17:06:29,532 DEBUG nufft passed real_type for signal, converting
2021-02-17 17:06:29,536 DEBUG FinufftPlan adjusted eps=1.1920928955078125e-07 from requested 1e-08.
2021-02-17 17:06:29,628 DEBUG Corresponding type is already real float32.
2021-02-17 17:06:29,628 DEBUG nufft passed real_type for signal, converting
2021-02-17 17:06:29,633 DEBUG FinufftPlan adjusted eps=1.1920928955078125e-07 from requested 1e-08.
2021-02-17 17:06:29,915 INFO Iteration 1 | Cost = 3.085437279120795e-10 | Relative Error = 1.0
2021-02-17 17:06:29,915 INFO ========= Iteration 2 =========
2021-02-17 17:06:29,915 INFO Iteration 2 | descent step u
2021-02-17 17:06:29,923 DEBUG Corresponding type is already real float32.
2021-02-17 17:06:29,923 DEBUG nufft passed real_type for signal, converting
2021-02-17 17:06:29,926 DEBUG FinufftPlan adjusted eps=1.1920928955078125e-07 from requested 1e-08.
2021-02-17 17:06:30,061 DEBUG Corresponding type is already complex complex64.
2021-02-17 17:06:30,066 DEBUG FinufftPlan adjusted eps=1.1920928955078125e-07 from requested 1e-08.
2021-02-17 17:06:30,089 INFO Determined adjoint mappings. Shape = (33, 33, 33)
2021-02-17 17:06:30,093 INFO Iteration 2 | primal-dual step g
2021-02-17 17:06:30,102 DEBUG Corresponding type is already real float32.
2021-02-17 17:06:30,102 DEBUG nufft passed real_type for signal, converting
2021-02-17 17:06:30,106 DEBUG FinufftPlan adjusted eps=1.1920928955078125e-07 from requested 1e-08.
2021-02-17 17:06:30,204 DEBUG Corresponding type is already real float32.
2021-02-17 17:06:30,204 DEBUG nufft passed real_type for signal, converting
2021-02-17 17:06:30,209 DEBUG FinufftPlan adjusted eps=1.1920928955078125e-07 from requested 1e-08.
2021-02-17 17:06:30,292 DEBUG Corresponding type is already real float32.
2021-02-17 17:06:30,293 DEBUG nufft passed real_type for signal, converting
2021-02-17 17:06:30,298 DEBUG FinufftPlan adjusted eps=1.1920928955078125e-07 from requested 1e-08.
2021-02-17 17:06:30,380 DEBUG Corresponding type is already real float32.
2021-02-17 17:06:30,380 DEBUG nufft passed real_type for signal, converting
2021-02-17 17:06:30,385 DEBUG FinufftPlan adjusted eps=1.1920928955078125e-07 from requested 1e-08.
2021-02-17 17:06:30,482 DEBUG Corresponding type is already real float32.
2021-02-17 17:06:30,482 DEBUG nufft passed real_type for signal, converting
2021-02-17 17:06:30,487 DEBUG FinufftPlan adjusted eps=1.1920928955078125e-07 from requested 1e-08.
2021-02-17 17:06:30,569 DEBUG Corresponding type is already real float32.
2021-02-17 17:06:30,569 DEBUG nufft passed real_type for signal, converting
2021-02-17 17:06:30,573 DEBUG FinufftPlan adjusted eps=1.1920928955078125e-07 from requested 1e-08.
2021-02-17 17:06:31,244 DEBUG Corresponding type is already real float32.
2021-02-17 17:06:31,245 DEBUG nufft passed real_type for signal, converting
2021-02-17 17:06:31,248 DEBUG FinufftPlan adjusted eps=1.1920928955078125e-07 from requested 1e-08.
2021-02-17 17:06:31,347 DEBUG Corresponding type is already real float32.
2021-02-17 17:06:31,347 DEBUG nufft passed real_type for signal, converting
2021-02-17 17:06:31,352 DEBUG FinufftPlan adjusted eps=1.1920928955078125e-07 from requested 1e-08.
2021-02-17 17:06:31,446 DEBUG Corresponding type is already real float32.
2021-02-17 17:06:31,446 DEBUG nufft passed real_type for signal, converting
2021-02-17 17:06:31,450 DEBUG FinufftPlan adjusted eps=1.1920928955078125e-07 from requested 1e-08.
2021-02-17 17:06:31,533 DEBUG Corresponding type is already real float32.
2021-02-17 17:06:31,533 DEBUG nufft passed real_type for signal, converting
2021-02-17 17:06:31,538 DEBUG FinufftPlan adjusted eps=1.1920928955078125e-07 from requested 1e-08.
2021-02-17 17:06:31,619 DEBUG Corresponding type is already real float32.
2021-02-17 17:06:31,619 DEBUG nufft passed real_type for signal, converting
2021-02-17 17:06:31,624 DEBUG FinufftPlan adjusted eps=1.1920928955078125e-07 from requested 1e-08.
2021-02-17 17:06:31,707 DEBUG Corresponding type is already real float32.
2021-02-17 17:06:31,707 DEBUG nufft passed real_type for signal, converting
2021-02-17 17:06:31,712 DEBUG FinufftPlan adjusted eps=1.1920928955078125e-07 from requested 1e-08.
2021-02-17 17:06:31,801 DEBUG Corresponding type is already real float32.
2021-02-17 17:06:31,801 DEBUG nufft passed real_type for signal, converting
2021-02-17 17:06:31,805 DEBUG FinufftPlan adjusted eps=1.1920928955078125e-07 from requested 1e-08.
2021-02-17 17:06:32,070 INFO Iteration 2 | Cost = 2.4238777271419054e-10 | Relative Error = 0.8414875103992693
2021-02-17 17:06:32,070 INFO ========= Iteration 3 =========
2021-02-17 17:06:32,070 INFO Iteration 3 | descent step u
2021-02-17 17:06:32,076 DEBUG Corresponding type is already real float32.
2021-02-17 17:06:32,076 DEBUG nufft passed real_type for signal, converting
2021-02-17 17:06:32,079 DEBUG FinufftPlan adjusted eps=1.1920928955078125e-07 from requested 1e-08.
2021-02-17 17:06:32,210 DEBUG Corresponding type is already complex complex64.
2021-02-17 17:06:32,217 DEBUG FinufftPlan adjusted eps=1.1920928955078125e-07 from requested 1e-08.
2021-02-17 17:06:32,239 INFO Determined adjoint mappings. Shape = (33, 33, 33)
2021-02-17 17:06:32,244 INFO Iteration 3 | primal-dual step g
2021-02-17 17:06:32,251 DEBUG Corresponding type is already real float32.
2021-02-17 17:06:32,251 DEBUG nufft passed real_type for signal, converting
2021-02-17 17:06:32,255 DEBUG FinufftPlan adjusted eps=1.1920928955078125e-07 from requested 1e-08.
2021-02-17 17:06:32,345 DEBUG Corresponding type is already real float32.
2021-02-17 17:06:32,345 DEBUG nufft passed real_type for signal, converting
2021-02-17 17:06:32,350 DEBUG FinufftPlan adjusted eps=1.1920928955078125e-07 from requested 1e-08.
2021-02-17 17:06:32,432 DEBUG Corresponding type is already real float32.
2021-02-17 17:06:32,432 DEBUG nufft passed real_type for signal, converting
2021-02-17 17:06:32,437 DEBUG FinufftPlan adjusted eps=1.1920928955078125e-07 from requested 1e-08.
2021-02-17 17:06:32,520 DEBUG Corresponding type is already real float32.
2021-02-17 17:06:32,520 DEBUG nufft passed real_type for signal, converting
2021-02-17 17:06:32,525 DEBUG FinufftPlan adjusted eps=1.1920928955078125e-07 from requested 1e-08.
2021-02-17 17:06:32,605 DEBUG Corresponding type is already real float32.
2021-02-17 17:06:32,605 DEBUG nufft passed real_type for signal, converting
2021-02-17 17:06:32,611 DEBUG FinufftPlan adjusted eps=1.1920928955078125e-07 from requested 1e-08.
2021-02-17 17:06:32,692 DEBUG Corresponding type is already real float32.
2021-02-17 17:06:32,693 DEBUG nufft passed real_type for signal, converting
2021-02-17 17:06:32,697 DEBUG FinufftPlan adjusted eps=1.1920928955078125e-07 from requested 1e-08.
2021-02-17 17:06:33,378 DEBUG Corresponding type is already real float32.
2021-02-17 17:06:33,378 DEBUG nufft passed real_type for signal, converting
2021-02-17 17:06:33,381 DEBUG FinufftPlan adjusted eps=1.1920928955078125e-07 from requested 1e-08.
2021-02-17 17:06:33,470 DEBUG Corresponding type is already real float32.
2021-02-17 17:06:33,470 DEBUG nufft passed real_type for signal, converting
2021-02-17 17:06:33,475 DEBUG FinufftPlan adjusted eps=1.1920928955078125e-07 from requested 1e-08.
2021-02-17 17:06:33,567 DEBUG Corresponding type is already real float32.
2021-02-17 17:06:33,567 DEBUG nufft passed real_type for signal, converting
2021-02-17 17:06:33,572 DEBUG FinufftPlan adjusted eps=1.1920928955078125e-07 from requested 1e-08.
2021-02-17 17:06:33,665 DEBUG Corresponding type is already real float32.
2021-02-17 17:06:33,665 DEBUG nufft passed real_type for signal, converting
2021-02-17 17:06:33,670 DEBUG FinufftPlan adjusted eps=1.1920928955078125e-07 from requested 1e-08.
2021-02-17 17:06:33,756 DEBUG Corresponding type is already real float32.
2021-02-17 17:06:33,756 DEBUG nufft passed real_type for signal, converting
2021-02-17 17:06:33,762 DEBUG FinufftPlan adjusted eps=1.1920928955078125e-07 from requested 1e-08.
2021-02-17 17:06:33,849 DEBUG Corresponding type is already real float32.
2021-02-17 17:06:33,849 DEBUG nufft passed real_type for signal, converting
2021-02-17 17:06:33,854 DEBUG FinufftPlan adjusted eps=1.1920928955078125e-07 from requested 1e-08.
2021-02-17 17:06:33,952 DEBUG Corresponding type is already real float32.
2021-02-17 17:06:33,952 DEBUG nufft passed real_type for signal, converting
2021-02-17 17:06:33,957 DEBUG FinufftPlan adjusted eps=1.1920928955078125e-07 from requested 1e-08.
2021-02-17 17:06:34,229 INFO Iteration 3 | Cost = 1.956064924416804e-10 | Relative Error = 0.7165107848876378
2021-02-17 17:06:34,229 INFO ========= Iteration 4 =========
2021-02-17 17:06:34,229 INFO Iteration 4 | descent step u
2021-02-17 17:06:34,236 DEBUG Corresponding type is already real float32.
2021-02-17 17:06:34,236 DEBUG nufft passed real_type for signal, converting
2021-02-17 17:06:34,239 DEBUG FinufftPlan adjusted eps=1.1920928955078125e-07 from requested 1e-08.
2021-02-17 17:06:34,376 DEBUG Corresponding type is already complex complex64.
2021-02-17 17:06:34,381 DEBUG FinufftPlan adjusted eps=1.1920928955078125e-07 from requested 1e-08.
2021-02-17 17:06:34,408 INFO Determined adjoint mappings. Shape = (33, 33, 33)
2021-02-17 17:06:34,412 INFO Iteration 4 | primal-dual step g
2021-02-17 17:06:34,420 DEBUG Corresponding type is already real float32.
2021-02-17 17:06:34,421 DEBUG nufft passed real_type for signal, converting
2021-02-17 17:06:34,425 DEBUG FinufftPlan adjusted eps=1.1920928955078125e-07 from requested 1e-08.
2021-02-17 17:06:34,523 DEBUG Corresponding type is already real float32.
2021-02-17 17:06:34,523 DEBUG nufft passed real_type for signal, converting
2021-02-17 17:06:34,528 DEBUG FinufftPlan adjusted eps=1.1920928955078125e-07 from requested 1e-08.
2021-02-17 17:06:34,629 DEBUG Corresponding type is already real float32.
2021-02-17 17:06:34,630 DEBUG nufft passed real_type for signal, converting
2021-02-17 17:06:34,635 DEBUG FinufftPlan adjusted eps=1.1920928955078125e-07 from requested 1e-08.
2021-02-17 17:06:34,740 DEBUG Corresponding type is already real float32.
2021-02-17 17:06:34,740 DEBUG nufft passed real_type for signal, converting
2021-02-17 17:06:34,745 DEBUG FinufftPlan adjusted eps=1.1920928955078125e-07 from requested 1e-08.
2021-02-17 17:06:34,850 DEBUG Corresponding type is already real float32.
2021-02-17 17:06:34,850 DEBUG nufft passed real_type for signal, converting
2021-02-17 17:06:34,857 DEBUG FinufftPlan adjusted eps=1.1920928955078125e-07 from requested 1e-08.
2021-02-17 17:06:34,953 DEBUG Corresponding type is already real float32.
2021-02-17 17:06:34,954 DEBUG nufft passed real_type for signal, converting
2021-02-17 17:06:34,958 DEBUG FinufftPlan adjusted eps=1.1920928955078125e-07 from requested 1e-08.
2021-02-17 17:06:35,761 DEBUG Corresponding type is already real float32.
2021-02-17 17:06:35,761 DEBUG nufft passed real_type for signal, converting
2021-02-17 17:06:35,764 DEBUG FinufftPlan adjusted eps=1.1920928955078125e-07 from requested 1e-08.
2021-02-17 17:06:35,853 DEBUG Corresponding type is already real float32.
2021-02-17 17:06:35,853 DEBUG nufft passed real_type for signal, converting
2021-02-17 17:06:35,858 DEBUG FinufftPlan adjusted eps=1.1920928955078125e-07 from requested 1e-08.
2021-02-17 17:06:35,941 DEBUG Corresponding type is already real float32.
2021-02-17 17:06:35,941 DEBUG nufft passed real_type for signal, converting
2021-02-17 17:06:35,946 DEBUG FinufftPlan adjusted eps=1.1920928955078125e-07 from requested 1e-08.
2021-02-17 17:06:36,029 DEBUG Corresponding type is already real float32.
2021-02-17 17:06:36,029 DEBUG nufft passed real_type for signal, converting
2021-02-17 17:06:36,034 DEBUG FinufftPlan adjusted eps=1.1920928955078125e-07 from requested 1e-08.
2021-02-17 17:06:36,118 DEBUG Corresponding type is already real float32.
2021-02-17 17:06:36,118 DEBUG nufft passed real_type for signal, converting
2021-02-17 17:06:36,123 DEBUG FinufftPlan adjusted eps=1.1920928955078125e-07 from requested 1e-08.
2021-02-17 17:06:36,209 DEBUG Corresponding type is already real float32.
2021-02-17 17:06:36,209 DEBUG nufft passed real_type for signal, converting
2021-02-17 17:06:36,214 DEBUG FinufftPlan adjusted eps=1.1920928955078125e-07 from requested 1e-08.
2021-02-17 17:06:36,308 DEBUG Corresponding type is already real float32.
2021-02-17 17:06:36,308 DEBUG nufft passed real_type for signal, converting
2021-02-17 17:06:36,313 DEBUG FinufftPlan adjusted eps=1.1920928955078125e-07 from requested 1e-08.
2021-02-17 17:06:36,592 INFO Iteration 4 | Cost = 1.6209156428485252e-10 | Relative Error = 0.6162129969713532
2021-02-17 17:06:36,592 INFO ========= Iteration 5 =========
2021-02-17 17:06:36,592 INFO Iteration 5 | descent step u
2021-02-17 17:06:36,600 DEBUG Corresponding type is already real float32.
2021-02-17 17:06:36,600 DEBUG nufft passed real_type for signal, converting
2021-02-17 17:06:36,603 DEBUG FinufftPlan adjusted eps=1.1920928955078125e-07 from requested 1e-08.
2021-02-17 17:06:36,758 DEBUG Corresponding type is already complex complex64.
2021-02-17 17:06:36,764 DEBUG FinufftPlan adjusted eps=1.1920928955078125e-07 from requested 1e-08.
2021-02-17 17:06:36,790 INFO Determined adjoint mappings. Shape = (33, 33, 33)
2021-02-17 17:06:36,793 INFO Iteration 5 | primal-dual step g
2021-02-17 17:06:36,804 DEBUG Corresponding type is already real float32.
2021-02-17 17:06:36,804 DEBUG nufft passed real_type for signal, converting
2021-02-17 17:06:36,811 DEBUG FinufftPlan adjusted eps=1.1920928955078125e-07 from requested 1e-08.
2021-02-17 17:06:36,924 DEBUG Corresponding type is already real float32.
2021-02-17 17:06:36,924 DEBUG nufft passed real_type for signal, converting
2021-02-17 17:06:36,931 DEBUG FinufftPlan adjusted eps=1.1920928955078125e-07 from requested 1e-08.
2021-02-17 17:06:37,029 DEBUG Corresponding type is already real float32.
2021-02-17 17:06:37,029 DEBUG nufft passed real_type for signal, converting
2021-02-17 17:06:37,034 DEBUG FinufftPlan adjusted eps=1.1920928955078125e-07 from requested 1e-08.
2021-02-17 17:06:37,127 DEBUG Corresponding type is already real float32.
2021-02-17 17:06:37,128 DEBUG nufft passed real_type for signal, converting
2021-02-17 17:06:37,133 DEBUG FinufftPlan adjusted eps=1.1920928955078125e-07 from requested 1e-08.
2021-02-17 17:06:37,228 DEBUG Corresponding type is already real float32.
2021-02-17 17:06:37,228 DEBUG nufft passed real_type for signal, converting
2021-02-17 17:06:37,233 DEBUG FinufftPlan adjusted eps=1.1920928955078125e-07 from requested 1e-08.
2021-02-17 17:06:37,341 DEBUG Corresponding type is already real float32.
2021-02-17 17:06:37,342 DEBUG nufft passed real_type for signal, converting
2021-02-17 17:06:37,348 DEBUG FinufftPlan adjusted eps=1.1920928955078125e-07 from requested 1e-08.
2021-02-17 17:06:38,038 DEBUG Corresponding type is already real float32.
2021-02-17 17:06:38,038 DEBUG nufft passed real_type for signal, converting
2021-02-17 17:06:38,044 DEBUG FinufftPlan adjusted eps=1.1920928955078125e-07 from requested 1e-08.
2021-02-17 17:06:38,162 DEBUG Corresponding type is already real float32.
2021-02-17 17:06:38,162 DEBUG nufft passed real_type for signal, converting
2021-02-17 17:06:38,166 DEBUG FinufftPlan adjusted eps=1.1920928955078125e-07 from requested 1e-08.
2021-02-17 17:06:38,253 DEBUG Corresponding type is already real float32.
2021-02-17 17:06:38,253 DEBUG nufft passed real_type for signal, converting
2021-02-17 17:06:38,258 DEBUG FinufftPlan adjusted eps=1.1920928955078125e-07 from requested 1e-08.
2021-02-17 17:06:38,361 DEBUG Corresponding type is already real float32.
2021-02-17 17:06:38,361 DEBUG nufft passed real_type for signal, converting
2021-02-17 17:06:38,367 DEBUG FinufftPlan adjusted eps=1.1920928955078125e-07 from requested 1e-08.
2021-02-17 17:06:38,471 DEBUG Corresponding type is already real float32.
2021-02-17 17:06:38,471 DEBUG nufft passed real_type for signal, converting
2021-02-17 17:06:38,477 DEBUG FinufftPlan adjusted eps=1.1920928955078125e-07 from requested 1e-08.
2021-02-17 17:06:38,560 DEBUG Corresponding type is already real float32.
2021-02-17 17:06:38,560 DEBUG nufft passed real_type for signal, converting
2021-02-17 17:06:38,564 DEBUG FinufftPlan adjusted eps=1.1920928955078125e-07 from requested 1e-08.
2021-02-17 17:06:38,656 DEBUG Corresponding type is already real float32.
2021-02-17 17:06:38,657 DEBUG nufft passed real_type for signal, converting
2021-02-17 17:06:38,661 DEBUG FinufftPlan adjusted eps=1.1920928955078125e-07 from requested 1e-08.
2021-02-17 17:06:38,966 INFO Iteration 5 | Cost = 1.378352592821573e-10 | Relative Error = 0.534724750753477
