2021-02-24 11:10:48,195 DEBUG Using fontManager instance from /Users/wdiepeveen/.matplotlib/fontlist-v330.json
2021-02-24 11:10:48,534 INFO This script illustrates orientation refinement using lRCPA as primal-dual splitting method
2021-02-24 11:10:48,546 DEBUG Corresponding type is already real float32.
2021-02-24 11:10:48,546 DEBUG nufft passed real_type for signal, converting
2021-02-24 11:10:48,546 INFO Trying NFFT backend finufft
2021-02-24 11:10:48,558 INFO NFFT backend finufft usable.
2021-02-24 11:10:48,558 INFO Trying NFFT backend cufinufft
2021-02-24 11:10:48,559 INFO NFFT backend cufinufft not usable:
	No module named 'pycuda'
2021-02-24 11:10:48,559 INFO Trying NFFT backend pynfft
2021-02-24 11:10:48,559 INFO NFFT backend pynfft not usable:
	No module named 'pynfft'
2021-02-24 11:10:48,559 INFO Selected NFFT backend = finufft.
2021-02-24 11:10:48,564 DEBUG FinufftPlan adjusted eps=1.1920928955078125e-07 from requested 1e-08.
2021-02-24 11:10:48,733 INFO Applying forward transformations in pipeline
2021-02-24 11:10:48,733 INFO All forward transformations applied
2021-02-24 11:10:48,733 INFO Loaded 128 images
2021-02-24 11:10:48,759 INFO ========= Iteration 1 =========
2021-02-24 11:10:48,759 INFO Iteration 1 | descent step u
2021-02-24 11:10:48,765 DEBUG Corresponding type is already real float32.
2021-02-24 11:10:48,765 DEBUG nufft passed real_type for signal, converting
2021-02-24 11:10:48,770 DEBUG FinufftPlan adjusted eps=1.1920928955078125e-07 from requested 1e-08.
2021-02-24 11:10:48,928 DEBUG Corresponding type is already complex complex64.
2021-02-24 11:10:48,936 DEBUG FinufftPlan adjusted eps=1.1920928955078125e-07 from requested 1e-08.
2021-02-24 11:10:48,964 INFO Determined adjoint mappings. Shape = (33, 33, 33)
2021-02-24 11:10:48,970 INFO Iteration 1 | primal-dual step g
2021-02-24 11:10:48,979 DEBUG Corresponding type is already real float32.
2021-02-24 11:10:48,979 DEBUG nufft passed real_type for signal, converting
2021-02-24 11:10:48,984 DEBUG FinufftPlan adjusted eps=1.1920928955078125e-07 from requested 1e-08.
2021-02-24 11:10:49,079 DEBUG Corresponding type is already real float32.
2021-02-24 11:10:49,079 DEBUG nufft passed real_type for signal, converting
2021-02-24 11:10:49,085 DEBUG FinufftPlan adjusted eps=1.1920928955078125e-07 from requested 1e-08.
2021-02-24 11:10:49,174 DEBUG Corresponding type is already real float32.
2021-02-24 11:10:49,174 DEBUG nufft passed real_type for signal, converting
2021-02-24 11:10:49,180 DEBUG FinufftPlan adjusted eps=1.1920928955078125e-07 from requested 1e-08.
2021-02-24 11:10:49,277 DEBUG Corresponding type is already real float32.
2021-02-24 11:10:49,277 DEBUG nufft passed real_type for signal, converting
2021-02-24 11:10:49,283 DEBUG FinufftPlan adjusted eps=1.1920928955078125e-07 from requested 1e-08.
2021-02-24 11:10:49,386 DEBUG Corresponding type is already real float32.
2021-02-24 11:10:49,386 DEBUG nufft passed real_type for signal, converting
2021-02-24 11:10:49,392 DEBUG FinufftPlan adjusted eps=1.1920928955078125e-07 from requested 1e-08.
2021-02-24 11:10:49,476 DEBUG Corresponding type is already real float32.
2021-02-24 11:10:49,477 DEBUG nufft passed real_type for signal, converting
2021-02-24 11:10:49,482 DEBUG FinufftPlan adjusted eps=1.1920928955078125e-07 from requested 1e-08.
2021-02-24 11:10:50,198 DEBUG Corresponding type is already real float32.
2021-02-24 11:10:50,198 DEBUG nufft passed real_type for signal, converting
2021-02-24 11:10:50,201 DEBUG FinufftPlan adjusted eps=1.1920928955078125e-07 from requested 1e-08.
2021-02-24 11:10:50,316 DEBUG Corresponding type is already real float32.
2021-02-24 11:10:50,317 DEBUG nufft passed real_type for signal, converting
2021-02-24 11:10:50,322 DEBUG FinufftPlan adjusted eps=1.1920928955078125e-07 from requested 1e-08.
2021-02-24 11:10:50,417 DEBUG Corresponding type is already real float32.
2021-02-24 11:10:50,417 DEBUG nufft passed real_type for signal, converting
2021-02-24 11:10:50,421 DEBUG FinufftPlan adjusted eps=1.1920928955078125e-07 from requested 1e-08.
2021-02-24 11:10:50,506 DEBUG Corresponding type is already real float32.
2021-02-24 11:10:50,507 DEBUG nufft passed real_type for signal, converting
2021-02-24 11:10:50,511 DEBUG FinufftPlan adjusted eps=1.1920928955078125e-07 from requested 1e-08.
2021-02-24 11:10:50,594 DEBUG Corresponding type is already real float32.
2021-02-24 11:10:50,595 DEBUG nufft passed real_type for signal, converting
2021-02-24 11:10:50,599 DEBUG FinufftPlan adjusted eps=1.1920928955078125e-07 from requested 1e-08.
2021-02-24 11:10:50,686 DEBUG Corresponding type is already real float32.
2021-02-24 11:10:50,686 DEBUG nufft passed real_type for signal, converting
2021-02-24 11:10:50,690 DEBUG FinufftPlan adjusted eps=1.1920928955078125e-07 from requested 1e-08.
2021-02-24 11:10:50,781 DEBUG Corresponding type is already real float32.
2021-02-24 11:10:50,781 DEBUG nufft passed real_type for signal, converting
2021-02-24 11:10:50,785 DEBUG FinufftPlan adjusted eps=1.1920928955078125e-07 from requested 1e-08.
2021-02-24 11:10:51,043 INFO Iteration 1 | Cost = 7.567032230542901e-10 | Relative Error = 1.0
2021-02-24 11:10:51,044 INFO Iteration 1 | Relative Error u = 1.0 | Relative Error g = 1.0
2021-02-24 11:10:51,044 INFO ========= Iteration 2 =========
2021-02-24 11:10:51,044 INFO Iteration 2 | descent step u
2021-02-24 11:10:51,049 DEBUG Corresponding type is already real float32.
2021-02-24 11:10:51,050 DEBUG nufft passed real_type for signal, converting
2021-02-24 11:10:51,053 DEBUG FinufftPlan adjusted eps=1.1920928955078125e-07 from requested 1e-08.
2021-02-24 11:10:51,202 DEBUG Corresponding type is already complex complex64.
2021-02-24 11:10:51,207 DEBUG FinufftPlan adjusted eps=1.1920928955078125e-07 from requested 1e-08.
2021-02-24 11:10:51,231 INFO Determined adjoint mappings. Shape = (33, 33, 33)
2021-02-24 11:10:51,234 INFO Iteration 2 | primal-dual step g
2021-02-24 11:10:51,242 DEBUG Corresponding type is already real float32.
2021-02-24 11:10:51,242 DEBUG nufft passed real_type for signal, converting
2021-02-24 11:10:51,245 DEBUG FinufftPlan adjusted eps=1.1920928955078125e-07 from requested 1e-08.
2021-02-24 11:10:51,331 DEBUG Corresponding type is already real float32.
2021-02-24 11:10:51,331 DEBUG nufft passed real_type for signal, converting
2021-02-24 11:10:51,337 DEBUG FinufftPlan adjusted eps=1.1920928955078125e-07 from requested 1e-08.
2021-02-24 11:10:51,422 DEBUG Corresponding type is already real float32.
2021-02-24 11:10:51,422 DEBUG nufft passed real_type for signal, converting
2021-02-24 11:10:51,426 DEBUG FinufftPlan adjusted eps=1.1920928955078125e-07 from requested 1e-08.
2021-02-24 11:10:51,511 DEBUG Corresponding type is already real float32.
2021-02-24 11:10:51,511 DEBUG nufft passed real_type for signal, converting
2021-02-24 11:10:51,516 DEBUG FinufftPlan adjusted eps=1.1920928955078125e-07 from requested 1e-08.
2021-02-24 11:10:51,602 DEBUG Corresponding type is already real float32.
2021-02-24 11:10:51,602 DEBUG nufft passed real_type for signal, converting
2021-02-24 11:10:51,607 DEBUG FinufftPlan adjusted eps=1.1920928955078125e-07 from requested 1e-08.
2021-02-24 11:10:51,692 DEBUG Corresponding type is already real float32.
2021-02-24 11:10:51,692 DEBUG nufft passed real_type for signal, converting
2021-02-24 11:10:51,696 DEBUG FinufftPlan adjusted eps=1.1920928955078125e-07 from requested 1e-08.
2021-02-24 11:10:52,395 DEBUG Corresponding type is already real float32.
2021-02-24 11:10:52,395 DEBUG nufft passed real_type for signal, converting
2021-02-24 11:10:52,399 DEBUG FinufftPlan adjusted eps=1.1920928955078125e-07 from requested 1e-08.
2021-02-24 11:10:52,495 DEBUG Corresponding type is already real float32.
2021-02-24 11:10:52,496 DEBUG nufft passed real_type for signal, converting
2021-02-24 11:10:52,501 DEBUG FinufftPlan adjusted eps=1.1920928955078125e-07 from requested 1e-08.
2021-02-24 11:10:52,602 DEBUG Corresponding type is already real float32.
2021-02-24 11:10:52,602 DEBUG nufft passed real_type for signal, converting
2021-02-24 11:10:52,608 DEBUG FinufftPlan adjusted eps=1.1920928955078125e-07 from requested 1e-08.
2021-02-24 11:10:52,706 DEBUG Corresponding type is already real float32.
2021-02-24 11:10:52,706 DEBUG nufft passed real_type for signal, converting
2021-02-24 11:10:52,711 DEBUG FinufftPlan adjusted eps=1.1920928955078125e-07 from requested 1e-08.
2021-02-24 11:10:52,797 DEBUG Corresponding type is already real float32.
2021-02-24 11:10:52,797 DEBUG nufft passed real_type for signal, converting
2021-02-24 11:10:52,801 DEBUG FinufftPlan adjusted eps=1.1920928955078125e-07 from requested 1e-08.
2021-02-24 11:10:52,888 DEBUG Corresponding type is already real float32.
2021-02-24 11:10:52,888 DEBUG nufft passed real_type for signal, converting
2021-02-24 11:10:52,892 DEBUG FinufftPlan adjusted eps=1.1920928955078125e-07 from requested 1e-08.
2021-02-24 11:10:52,987 DEBUG Corresponding type is already real float32.
2021-02-24 11:10:52,987 DEBUG nufft passed real_type for signal, converting
2021-02-24 11:10:52,993 DEBUG FinufftPlan adjusted eps=1.1920928955078125e-07 from requested 1e-08.
2021-02-24 11:10:53,271 INFO Iteration 2 | Cost = 7.102193997013246e-10 | Relative Error = 0.9509512628927275
2021-02-24 11:10:53,271 INFO Iteration 2 | Relative Error u = 0.9599603414535522 | Relative Error g = 0.015596113680848225
2021-02-24 11:10:53,271 INFO ========= Iteration 3 =========
2021-02-24 11:10:53,271 INFO Iteration 3 | descent step u
2021-02-24 11:10:53,275 DEBUG Corresponding type is already real float32.
2021-02-24 11:10:53,276 DEBUG nufft passed real_type for signal, converting
2021-02-24 11:10:53,279 DEBUG FinufftPlan adjusted eps=1.1920928955078125e-07 from requested 1e-08.
2021-02-24 11:10:53,427 DEBUG Corresponding type is already complex complex64.
2021-02-24 11:10:53,432 DEBUG FinufftPlan adjusted eps=1.1920928955078125e-07 from requested 1e-08.
2021-02-24 11:10:53,453 INFO Determined adjoint mappings. Shape = (33, 33, 33)
2021-02-24 11:10:53,456 INFO Iteration 3 | primal-dual step g
2021-02-24 11:10:53,464 DEBUG Corresponding type is already real float32.
2021-02-24 11:10:53,464 DEBUG nufft passed real_type for signal, converting
2021-02-24 11:10:53,467 DEBUG FinufftPlan adjusted eps=1.1920928955078125e-07 from requested 1e-08.
2021-02-24 11:10:53,554 DEBUG Corresponding type is already real float32.
2021-02-24 11:10:53,554 DEBUG nufft passed real_type for signal, converting
2021-02-24 11:10:53,559 DEBUG FinufftPlan adjusted eps=1.1920928955078125e-07 from requested 1e-08.
2021-02-24 11:10:53,643 DEBUG Corresponding type is already real float32.
2021-02-24 11:10:53,643 DEBUG nufft passed real_type for signal, converting
2021-02-24 11:10:53,647 DEBUG FinufftPlan adjusted eps=1.1920928955078125e-07 from requested 1e-08.
2021-02-24 11:10:53,732 DEBUG Corresponding type is already real float32.
2021-02-24 11:10:53,732 DEBUG nufft passed real_type for signal, converting
2021-02-24 11:10:53,737 DEBUG FinufftPlan adjusted eps=1.1920928955078125e-07 from requested 1e-08.
2021-02-24 11:10:53,821 DEBUG Corresponding type is already real float32.
2021-02-24 11:10:53,822 DEBUG nufft passed real_type for signal, converting
2021-02-24 11:10:53,826 DEBUG FinufftPlan adjusted eps=1.1920928955078125e-07 from requested 1e-08.
2021-02-24 11:10:53,919 DEBUG Corresponding type is already real float32.
2021-02-24 11:10:53,919 DEBUG nufft passed real_type for signal, converting
2021-02-24 11:10:53,926 DEBUG FinufftPlan adjusted eps=1.1920928955078125e-07 from requested 1e-08.
2021-02-24 11:10:54,641 DEBUG Corresponding type is already real float32.
2021-02-24 11:10:54,641 DEBUG nufft passed real_type for signal, converting
2021-02-24 11:10:54,644 DEBUG FinufftPlan adjusted eps=1.1920928955078125e-07 from requested 1e-08.
2021-02-24 11:10:54,748 DEBUG Corresponding type is already real float32.
2021-02-24 11:10:54,748 DEBUG nufft passed real_type for signal, converting
2021-02-24 11:10:54,755 DEBUG FinufftPlan adjusted eps=1.1920928955078125e-07 from requested 1e-08.
2021-02-24 11:10:54,846 DEBUG Corresponding type is already real float32.
2021-02-24 11:10:54,846 DEBUG nufft passed real_type for signal, converting
2021-02-24 11:10:54,851 DEBUG FinufftPlan adjusted eps=1.1920928955078125e-07 from requested 1e-08.
2021-02-24 11:10:54,937 DEBUG Corresponding type is already real float32.
2021-02-24 11:10:54,937 DEBUG nufft passed real_type for signal, converting
2021-02-24 11:10:54,942 DEBUG FinufftPlan adjusted eps=1.1920928955078125e-07 from requested 1e-08.
2021-02-24 11:10:55,039 DEBUG Corresponding type is already real float32.
2021-02-24 11:10:55,039 DEBUG nufft passed real_type for signal, converting
2021-02-24 11:10:55,046 DEBUG FinufftPlan adjusted eps=1.1920928955078125e-07 from requested 1e-08.
2021-02-24 11:10:55,146 DEBUG Corresponding type is already real float32.
2021-02-24 11:10:55,146 DEBUG nufft passed real_type for signal, converting
2021-02-24 11:10:55,151 DEBUG FinufftPlan adjusted eps=1.1920928955078125e-07 from requested 1e-08.
2021-02-24 11:10:55,248 DEBUG Corresponding type is already real float32.
2021-02-24 11:10:55,248 DEBUG nufft passed real_type for signal, converting
2021-02-24 11:10:55,254 DEBUG FinufftPlan adjusted eps=1.1920928955078125e-07 from requested 1e-08.
2021-02-24 11:10:55,512 INFO Iteration 3 | Cost = 6.677565753627259e-10 | Relative Error = 0.9133877380604818
2021-02-24 11:10:55,513 INFO Iteration 3 | Relative Error u = 0.9220432043075562 | Relative Error g = 0.0025809723744916495
2021-02-24 11:10:55,513 INFO ========= Iteration 4 =========
2021-02-24 11:10:55,513 INFO Iteration 4 | descent step u
2021-02-24 11:10:55,517 DEBUG Corresponding type is already real float32.
2021-02-24 11:10:55,517 DEBUG nufft passed real_type for signal, converting
2021-02-24 11:10:55,521 DEBUG FinufftPlan adjusted eps=1.1920928955078125e-07 from requested 1e-08.
2021-02-24 11:10:55,667 DEBUG Corresponding type is already complex complex64.
2021-02-24 11:10:55,672 DEBUG FinufftPlan adjusted eps=1.1920928955078125e-07 from requested 1e-08.
2021-02-24 11:10:55,696 INFO Determined adjoint mappings. Shape = (33, 33, 33)
2021-02-24 11:10:55,699 INFO Iteration 4 | primal-dual step g
2021-02-24 11:10:55,706 DEBUG Corresponding type is already real float32.
2021-02-24 11:10:55,707 DEBUG nufft passed real_type for signal, converting
2021-02-24 11:10:55,710 DEBUG FinufftPlan adjusted eps=1.1920928955078125e-07 from requested 1e-08.
2021-02-24 11:10:55,795 DEBUG Corresponding type is already real float32.
2021-02-24 11:10:55,795 DEBUG nufft passed real_type for signal, converting
2021-02-24 11:10:55,800 DEBUG FinufftPlan adjusted eps=1.1920928955078125e-07 from requested 1e-08.
2021-02-24 11:10:55,886 DEBUG Corresponding type is already real float32.
2021-02-24 11:10:55,886 DEBUG nufft passed real_type for signal, converting
2021-02-24 11:10:55,891 DEBUG FinufftPlan adjusted eps=1.1920928955078125e-07 from requested 1e-08.
2021-02-24 11:10:55,989 DEBUG Corresponding type is already real float32.
2021-02-24 11:10:55,989 DEBUG nufft passed real_type for signal, converting
2021-02-24 11:10:55,994 DEBUG FinufftPlan adjusted eps=1.1920928955078125e-07 from requested 1e-08.
2021-02-24 11:10:56,090 DEBUG Corresponding type is already real float32.
2021-02-24 11:10:56,090 DEBUG nufft passed real_type for signal, converting
2021-02-24 11:10:56,095 DEBUG FinufftPlan adjusted eps=1.1920928955078125e-07 from requested 1e-08.
2021-02-24 11:10:56,189 DEBUG Corresponding type is already real float32.
2021-02-24 11:10:56,189 DEBUG nufft passed real_type for signal, converting
2021-02-24 11:10:56,194 DEBUG FinufftPlan adjusted eps=1.1920928955078125e-07 from requested 1e-08.
2021-02-24 11:10:56,892 DEBUG Corresponding type is already real float32.
2021-02-24 11:10:56,892 DEBUG nufft passed real_type for signal, converting
2021-02-24 11:10:56,896 DEBUG FinufftPlan adjusted eps=1.1920928955078125e-07 from requested 1e-08.
2021-02-24 11:10:56,994 DEBUG Corresponding type is already real float32.
2021-02-24 11:10:56,994 DEBUG nufft passed real_type for signal, converting
2021-02-24 11:10:56,999 DEBUG FinufftPlan adjusted eps=1.1920928955078125e-07 from requested 1e-08.
2021-02-24 11:10:57,090 DEBUG Corresponding type is already real float32.
2021-02-24 11:10:57,090 DEBUG nufft passed real_type for signal, converting
2021-02-24 11:10:57,095 DEBUG FinufftPlan adjusted eps=1.1920928955078125e-07 from requested 1e-08.
2021-02-24 11:10:57,182 DEBUG Corresponding type is already real float32.
2021-02-24 11:10:57,182 DEBUG nufft passed real_type for signal, converting
2021-02-24 11:10:57,187 DEBUG FinufftPlan adjusted eps=1.1920928955078125e-07 from requested 1e-08.
2021-02-24 11:10:57,275 DEBUG Corresponding type is already real float32.
2021-02-24 11:10:57,275 DEBUG nufft passed real_type for signal, converting
2021-02-24 11:10:57,279 DEBUG FinufftPlan adjusted eps=1.1920928955078125e-07 from requested 1e-08.
2021-02-24 11:10:57,365 DEBUG Corresponding type is already real float32.
2021-02-24 11:10:57,365 DEBUG nufft passed real_type for signal, converting
2021-02-24 11:10:57,369 DEBUG FinufftPlan adjusted eps=1.1920928955078125e-07 from requested 1e-08.
2021-02-24 11:10:57,460 DEBUG Corresponding type is already real float32.
2021-02-24 11:10:57,460 DEBUG nufft passed real_type for signal, converting
2021-02-24 11:10:57,465 DEBUG FinufftPlan adjusted eps=1.1920928955078125e-07 from requested 1e-08.
2021-02-24 11:10:57,721 INFO Iteration 4 | Cost = 6.289491337054187e-10 | Relative Error = 0.8777947176791555
2021-02-24 11:10:57,721 INFO Iteration 4 | Relative Error u = 0.8861128687858582 | Relative Error g = 0.0026004224829663546
2021-02-24 11:10:57,721 INFO ========= Iteration 5 =========
2021-02-24 11:10:57,721 INFO Iteration 5 | descent step u
2021-02-24 11:10:57,726 DEBUG Corresponding type is already real float32.
2021-02-24 11:10:57,726 DEBUG nufft passed real_type for signal, converting
2021-02-24 11:10:57,729 DEBUG FinufftPlan adjusted eps=1.1920928955078125e-07 from requested 1e-08.
2021-02-24 11:10:57,876 DEBUG Corresponding type is already complex complex64.
2021-02-24 11:10:57,882 DEBUG FinufftPlan adjusted eps=1.1920928955078125e-07 from requested 1e-08.
2021-02-24 11:10:57,904 INFO Determined adjoint mappings. Shape = (33, 33, 33)
2021-02-24 11:10:57,907 INFO Iteration 5 | primal-dual step g
2021-02-24 11:10:57,915 DEBUG Corresponding type is already real float32.
2021-02-24 11:10:57,915 DEBUG nufft passed real_type for signal, converting
2021-02-24 11:10:57,919 DEBUG FinufftPlan adjusted eps=1.1920928955078125e-07 from requested 1e-08.
2021-02-24 11:10:58,004 DEBUG Corresponding type is already real float32.
2021-02-24 11:10:58,005 DEBUG nufft passed real_type for signal, converting
2021-02-24 11:10:58,009 DEBUG FinufftPlan adjusted eps=1.1920928955078125e-07 from requested 1e-08.
2021-02-24 11:10:58,094 DEBUG Corresponding type is already real float32.
2021-02-24 11:10:58,094 DEBUG nufft passed real_type for signal, converting
2021-02-24 11:10:58,099 DEBUG FinufftPlan adjusted eps=1.1920928955078125e-07 from requested 1e-08.
2021-02-24 11:10:58,187 DEBUG Corresponding type is already real float32.
2021-02-24 11:10:58,187 DEBUG nufft passed real_type for signal, converting
2021-02-24 11:10:58,192 DEBUG FinufftPlan adjusted eps=1.1920928955078125e-07 from requested 1e-08.
2021-02-24 11:10:58,275 DEBUG Corresponding type is already real float32.
2021-02-24 11:10:58,275 DEBUG nufft passed real_type for signal, converting
2021-02-24 11:10:58,279 DEBUG FinufftPlan adjusted eps=1.1920928955078125e-07 from requested 1e-08.
2021-02-24 11:10:58,365 DEBUG Corresponding type is already real float32.
2021-02-24 11:10:58,365 DEBUG nufft passed real_type for signal, converting
2021-02-24 11:10:58,369 DEBUG FinufftPlan adjusted eps=1.1920928955078125e-07 from requested 1e-08.
2021-02-24 11:10:59,068 DEBUG Corresponding type is already real float32.
2021-02-24 11:10:59,069 DEBUG nufft passed real_type for signal, converting
2021-02-24 11:10:59,072 DEBUG FinufftPlan adjusted eps=1.1920928955078125e-07 from requested 1e-08.
2021-02-24 11:10:59,166 DEBUG Corresponding type is already real float32.
2021-02-24 11:10:59,166 DEBUG nufft passed real_type for signal, converting
2021-02-24 11:10:59,170 DEBUG FinufftPlan adjusted eps=1.1920928955078125e-07 from requested 1e-08.
2021-02-24 11:10:59,266 DEBUG Corresponding type is already real float32.
2021-02-24 11:10:59,267 DEBUG nufft passed real_type for signal, converting
2021-02-24 11:10:59,271 DEBUG FinufftPlan adjusted eps=1.1920928955078125e-07 from requested 1e-08.
2021-02-24 11:10:59,359 DEBUG Corresponding type is already real float32.
2021-02-24 11:10:59,359 DEBUG nufft passed real_type for signal, converting
2021-02-24 11:10:59,364 DEBUG FinufftPlan adjusted eps=1.1920928955078125e-07 from requested 1e-08.
2021-02-24 11:10:59,449 DEBUG Corresponding type is already real float32.
2021-02-24 11:10:59,449 DEBUG nufft passed real_type for signal, converting
2021-02-24 11:10:59,453 DEBUG FinufftPlan adjusted eps=1.1920928955078125e-07 from requested 1e-08.
2021-02-24 11:10:59,538 DEBUG Corresponding type is already real float32.
2021-02-24 11:10:59,539 DEBUG nufft passed real_type for signal, converting
2021-02-24 11:10:59,543 DEBUG FinufftPlan adjusted eps=1.1920928955078125e-07 from requested 1e-08.
2021-02-24 11:10:59,636 DEBUG Corresponding type is already real float32.
2021-02-24 11:10:59,636 DEBUG nufft passed real_type for signal, converting
2021-02-24 11:10:59,641 DEBUG FinufftPlan adjusted eps=1.1920928955078125e-07 from requested 1e-08.
2021-02-24 11:10:59,893 INFO Iteration 5 | Cost = 5.934673391249149e-10 | Relative Error = 0.8440428075696528
2021-02-24 11:10:59,893 INFO Iteration 5 | Relative Error u = 0.8520411252975464 | Relative Error g = 0.0026223662300660206
