2021-02-27 14:12:51,387 INFO This script illustrates images at different SNR levels
2021-02-27 14:12:51,389 INFO Initialize simulation object and CTF filters.
2021-02-27 14:12:51,389 INFO Load 3D map and downsample 3D map to desired grids of 33 x 33 x 33.
2021-02-27 14:12:52,036 INFO Use downsampled map to creat simulation object.
2021-02-27 14:12:52,057 DEBUG Corresponding type is already real float32.
2021-02-27 14:12:52,057 DEBUG nufft passed real_type for signal, converting
2021-02-27 14:12:52,057 INFO Trying NFFT backend finufft
2021-02-27 14:12:52,062 INFO NFFT backend finufft usable.
2021-02-27 14:12:52,062 INFO Trying NFFT backend cufinufft
2021-02-27 14:12:52,063 INFO NFFT backend cufinufft not usable:
	No module named 'pycuda'
2021-02-27 14:12:52,063 INFO Trying NFFT backend pynfft
2021-02-27 14:12:52,063 INFO NFFT backend pynfft not usable:
	No module named 'pynfft'
2021-02-27 14:12:52,063 INFO Selected NFFT backend = finufft.
2021-02-27 14:12:52,067 DEBUG FinufftPlan adjusted eps=1.1920928955078125e-07 from requested 1e-08.
2021-02-27 14:12:52,211 DEBUG Corresponding type is already real float32.
2021-02-27 14:12:52,211 DEBUG nufft passed real_type for signal, converting
2021-02-27 14:12:52,215 DEBUG FinufftPlan adjusted eps=1.1920928955078125e-07 from requested 1e-08.
2021-02-27 14:12:52,725 INFO Applying forward transformations in pipeline
2021-02-27 14:12:52,725 INFO All forward transformations applied
2021-02-27 14:12:52,725 INFO Loaded 128 images
2021-02-27 14:12:52,730 DEBUG Corresponding type is already real float32.
2021-02-27 14:12:52,730 DEBUG nufft passed real_type for signal, converting
2021-02-27 14:12:52,733 DEBUG FinufftPlan adjusted eps=1.1920928955078125e-07 from requested 1e-08.
2021-02-27 14:12:52,813 DEBUG Corresponding type is already real float32.
2021-02-27 14:12:52,814 DEBUG nufft passed real_type for signal, converting
2021-02-27 14:12:52,814 DEBUG FinufftPlan adjusted eps=1.1920928955078125e-07 from requested 1e-08.
2021-02-27 14:12:52,984 INFO Applying forward transformations in pipeline
2021-02-27 14:12:52,985 INFO All forward transformations applied
2021-02-27 14:12:52,985 INFO Loaded 3 images
