2021-02-17 17:10:57,565 DEBUG Using fontManager instance from /Users/wdiepeveen/.matplotlib/fontlist-v330.json
2021-02-17 17:10:57,756 INFO This script illustrates orientation refinement using lRCPA as primal-dual splitting method
2021-02-17 17:10:57,763 DEBUG Corresponding type is already real float32.
2021-02-17 17:10:57,763 DEBUG nufft passed real_type for signal, converting
2021-02-17 17:10:57,764 INFO Trying NFFT backend finufft
2021-02-17 17:10:57,770 INFO NFFT backend finufft usable.
2021-02-17 17:10:57,770 INFO Trying NFFT backend cufinufft
2021-02-17 17:10:57,770 INFO NFFT backend cufinufft not usable:
	No module named 'pycuda'
2021-02-17 17:10:57,770 INFO Trying NFFT backend pynfft
2021-02-17 17:10:57,771 INFO NFFT backend pynfft not usable:
	No module named 'pynfft'
2021-02-17 17:10:57,771 INFO Selected NFFT backend = finufft.
2021-02-17 17:10:57,774 DEBUG FinufftPlan adjusted eps=1.1920928955078125e-07 from requested 1e-08.
2021-02-17 17:10:57,944 INFO Applying forward transformations in pipeline
2021-02-17 17:10:57,945 INFO All forward transformations applied
2021-02-17 17:10:57,945 INFO Loaded 128 images
2021-02-17 17:10:57,962 INFO ========= Iteration 1 =========
2021-02-17 17:10:57,962 INFO Iteration 1 | descent step u
2021-02-17 17:10:57,969 DEBUG Corresponding type is already real float32.
2021-02-17 17:10:57,969 DEBUG nufft passed real_type for signal, converting
2021-02-17 17:10:57,974 DEBUG FinufftPlan adjusted eps=1.1920928955078125e-07 from requested 1e-08.
2021-02-17 17:10:58,104 DEBUG Corresponding type is already complex complex64.
2021-02-17 17:10:58,109 DEBUG FinufftPlan adjusted eps=1.1920928955078125e-07 from requested 1e-08.
2021-02-17 17:10:58,133 INFO Determined adjoint mappings. Shape = (33, 33, 33)
2021-02-17 17:10:58,137 INFO Iteration 1 | primal-dual step g
2021-02-17 17:10:58,147 DEBUG Corresponding type is already real float32.
2021-02-17 17:10:58,147 DEBUG nufft passed real_type for signal, converting
2021-02-17 17:10:58,151 DEBUG FinufftPlan adjusted eps=1.1920928955078125e-07 from requested 1e-08.
2021-02-17 17:10:58,244 DEBUG Corresponding type is already real float32.
2021-02-17 17:10:58,244 DEBUG nufft passed real_type for signal, converting
2021-02-17 17:10:58,250 DEBUG FinufftPlan adjusted eps=1.1920928955078125e-07 from requested 1e-08.
2021-02-17 17:10:58,397 DEBUG Corresponding type is already real float32.
2021-02-17 17:10:58,397 DEBUG nufft passed real_type for signal, converting
2021-02-17 17:10:58,403 DEBUG FinufftPlan adjusted eps=1.1920928955078125e-07 from requested 1e-08.
2021-02-17 17:10:58,500 DEBUG Corresponding type is already real float32.
2021-02-17 17:10:58,500 DEBUG nufft passed real_type for signal, converting
2021-02-17 17:10:58,505 DEBUG FinufftPlan adjusted eps=1.1920928955078125e-07 from requested 1e-08.
2021-02-17 17:10:58,593 DEBUG Corresponding type is already real float32.
2021-02-17 17:10:58,593 DEBUG nufft passed real_type for signal, converting
2021-02-17 17:10:58,599 DEBUG FinufftPlan adjusted eps=1.1920928955078125e-07 from requested 1e-08.
2021-02-17 17:10:58,691 DEBUG Corresponding type is already real float32.
2021-02-17 17:10:58,691 DEBUG nufft passed real_type for signal, converting
2021-02-17 17:10:58,696 DEBUG FinufftPlan adjusted eps=1.1920928955078125e-07 from requested 1e-08.
2021-02-17 17:10:59,401 DEBUG Corresponding type is already real float32.
2021-02-17 17:10:59,401 DEBUG nufft passed real_type for signal, converting
2021-02-17 17:10:59,404 DEBUG FinufftPlan adjusted eps=1.1920928955078125e-07 from requested 1e-08.
2021-02-17 17:10:59,493 DEBUG Corresponding type is already real float32.
2021-02-17 17:10:59,493 DEBUG nufft passed real_type for signal, converting
2021-02-17 17:10:59,498 DEBUG FinufftPlan adjusted eps=1.1920928955078125e-07 from requested 1e-08.
2021-02-17 17:10:59,597 DEBUG Corresponding type is already real float32.
2021-02-17 17:10:59,597 DEBUG nufft passed real_type for signal, converting
2021-02-17 17:10:59,603 DEBUG FinufftPlan adjusted eps=1.1920928955078125e-07 from requested 1e-08.
2021-02-17 17:10:59,690 DEBUG Corresponding type is already real float32.
2021-02-17 17:10:59,691 DEBUG nufft passed real_type for signal, converting
2021-02-17 17:10:59,696 DEBUG FinufftPlan adjusted eps=1.1920928955078125e-07 from requested 1e-08.
2021-02-17 17:10:59,778 DEBUG Corresponding type is already real float32.
2021-02-17 17:10:59,778 DEBUG nufft passed real_type for signal, converting
2021-02-17 17:10:59,782 DEBUG FinufftPlan adjusted eps=1.1920928955078125e-07 from requested 1e-08.
2021-02-17 17:10:59,867 DEBUG Corresponding type is already real float32.
2021-02-17 17:10:59,867 DEBUG nufft passed real_type for signal, converting
2021-02-17 17:10:59,872 DEBUG FinufftPlan adjusted eps=1.1920928955078125e-07 from requested 1e-08.
2021-02-17 17:10:59,964 DEBUG Corresponding type is already real float32.
2021-02-17 17:10:59,964 DEBUG nufft passed real_type for signal, converting
2021-02-17 17:10:59,969 DEBUG FinufftPlan adjusted eps=1.1920928955078125e-07 from requested 1e-08.
2021-02-17 17:11:00,244 INFO Iteration 1 | Cost = 9.471008166142678e-11 | Relative Error = 1.0
2021-02-17 17:11:00,244 INFO ========= Iteration 2 =========
2021-02-17 17:11:00,244 INFO Iteration 2 | descent step u
2021-02-17 17:11:00,248 DEBUG Corresponding type is already real float32.
2021-02-17 17:11:00,248 DEBUG nufft passed real_type for signal, converting
2021-02-17 17:11:00,253 DEBUG FinufftPlan adjusted eps=1.1920928955078125e-07 from requested 1e-08.
2021-02-17 17:11:00,402 DEBUG Corresponding type is already complex complex64.
2021-02-17 17:11:00,407 DEBUG FinufftPlan adjusted eps=1.1920928955078125e-07 from requested 1e-08.
2021-02-17 17:11:00,433 INFO Determined adjoint mappings. Shape = (33, 33, 33)
2021-02-17 17:11:00,437 INFO Iteration 2 | primal-dual step g
2021-02-17 17:11:00,450 DEBUG Corresponding type is already real float32.
2021-02-17 17:11:00,450 DEBUG nufft passed real_type for signal, converting
2021-02-17 17:11:00,454 DEBUG FinufftPlan adjusted eps=1.1920928955078125e-07 from requested 1e-08.
2021-02-17 17:11:00,537 DEBUG Corresponding type is already real float32.
2021-02-17 17:11:00,537 DEBUG nufft passed real_type for signal, converting
2021-02-17 17:11:00,541 DEBUG FinufftPlan adjusted eps=1.1920928955078125e-07 from requested 1e-08.
2021-02-17 17:11:00,622 DEBUG Corresponding type is already real float32.
2021-02-17 17:11:00,623 DEBUG nufft passed real_type for signal, converting
2021-02-17 17:11:00,627 DEBUG FinufftPlan adjusted eps=1.1920928955078125e-07 from requested 1e-08.
2021-02-17 17:11:00,714 DEBUG Corresponding type is already real float32.
2021-02-17 17:11:00,714 DEBUG nufft passed real_type for signal, converting
2021-02-17 17:11:00,719 DEBUG FinufftPlan adjusted eps=1.1920928955078125e-07 from requested 1e-08.
2021-02-17 17:11:00,807 DEBUG Corresponding type is already real float32.
2021-02-17 17:11:00,808 DEBUG nufft passed real_type for signal, converting
2021-02-17 17:11:00,813 DEBUG FinufftPlan adjusted eps=1.1920928955078125e-07 from requested 1e-08.
2021-02-17 17:11:00,905 DEBUG Corresponding type is already real float32.
2021-02-17 17:11:00,905 DEBUG nufft passed real_type for signal, converting
2021-02-17 17:11:00,910 DEBUG FinufftPlan adjusted eps=1.1920928955078125e-07 from requested 1e-08.
2021-02-17 17:11:01,693 DEBUG Corresponding type is already real float32.
2021-02-17 17:11:01,693 DEBUG nufft passed real_type for signal, converting
2021-02-17 17:11:01,697 DEBUG FinufftPlan adjusted eps=1.1920928955078125e-07 from requested 1e-08.
2021-02-17 17:11:01,811 DEBUG Corresponding type is already real float32.
2021-02-17 17:11:01,811 DEBUG nufft passed real_type for signal, converting
2021-02-17 17:11:01,818 DEBUG FinufftPlan adjusted eps=1.1920928955078125e-07 from requested 1e-08.
2021-02-17 17:11:01,923 DEBUG Corresponding type is already real float32.
2021-02-17 17:11:01,923 DEBUG nufft passed real_type for signal, converting
2021-02-17 17:11:01,927 DEBUG FinufftPlan adjusted eps=1.1920928955078125e-07 from requested 1e-08.
2021-02-17 17:11:02,017 DEBUG Corresponding type is already real float32.
2021-02-17 17:11:02,018 DEBUG nufft passed real_type for signal, converting
2021-02-17 17:11:02,023 DEBUG FinufftPlan adjusted eps=1.1920928955078125e-07 from requested 1e-08.
2021-02-17 17:11:02,132 DEBUG Corresponding type is already real float32.
2021-02-17 17:11:02,132 DEBUG nufft passed real_type for signal, converting
2021-02-17 17:11:02,137 DEBUG FinufftPlan adjusted eps=1.1920928955078125e-07 from requested 1e-08.
2021-02-17 17:11:02,233 DEBUG Corresponding type is already real float32.
2021-02-17 17:11:02,233 DEBUG nufft passed real_type for signal, converting
2021-02-17 17:11:02,238 DEBUG FinufftPlan adjusted eps=1.1920928955078125e-07 from requested 1e-08.
2021-02-17 17:11:02,347 DEBUG Corresponding type is already real float32.
2021-02-17 17:11:02,347 DEBUG nufft passed real_type for signal, converting
2021-02-17 17:11:02,353 DEBUG FinufftPlan adjusted eps=1.1920928955078125e-07 from requested 1e-08.
2021-02-17 17:11:02,655 INFO Iteration 2 | Cost = 8.898241336768506e-11 | Relative Error = 0.9509512628927275
2021-02-17 17:11:02,656 INFO ========= Iteration 3 =========
2021-02-17 17:11:02,656 INFO Iteration 3 | descent step u
2021-02-17 17:11:02,665 DEBUG Corresponding type is already real float32.
2021-02-17 17:11:02,665 DEBUG nufft passed real_type for signal, converting
2021-02-17 17:11:02,670 DEBUG FinufftPlan adjusted eps=1.1920928955078125e-07 from requested 1e-08.
2021-02-17 17:11:02,824 DEBUG Corresponding type is already complex complex64.
2021-02-17 17:11:02,830 DEBUG FinufftPlan adjusted eps=1.1920928955078125e-07 from requested 1e-08.
2021-02-17 17:11:02,856 INFO Determined adjoint mappings. Shape = (33, 33, 33)
2021-02-17 17:11:02,861 INFO Iteration 3 | primal-dual step g
2021-02-17 17:11:02,876 DEBUG Corresponding type is already real float32.
2021-02-17 17:11:02,877 DEBUG nufft passed real_type for signal, converting
2021-02-17 17:11:02,881 DEBUG FinufftPlan adjusted eps=1.1920928955078125e-07 from requested 1e-08.
2021-02-17 17:11:02,991 DEBUG Corresponding type is already real float32.
2021-02-17 17:11:02,992 DEBUG nufft passed real_type for signal, converting
2021-02-17 17:11:02,996 DEBUG FinufftPlan adjusted eps=1.1920928955078125e-07 from requested 1e-08.
2021-02-17 17:11:03,094 DEBUG Corresponding type is already real float32.
2021-02-17 17:11:03,095 DEBUG nufft passed real_type for signal, converting
2021-02-17 17:11:03,099 DEBUG FinufftPlan adjusted eps=1.1920928955078125e-07 from requested 1e-08.
2021-02-17 17:11:03,185 DEBUG Corresponding type is already real float32.
2021-02-17 17:11:03,185 DEBUG nufft passed real_type for signal, converting
2021-02-17 17:11:03,190 DEBUG FinufftPlan adjusted eps=1.1920928955078125e-07 from requested 1e-08.
2021-02-17 17:11:03,289 DEBUG Corresponding type is already real float32.
2021-02-17 17:11:03,289 DEBUG nufft passed real_type for signal, converting
2021-02-17 17:11:03,294 DEBUG FinufftPlan adjusted eps=1.1920928955078125e-07 from requested 1e-08.
2021-02-17 17:11:03,396 DEBUG Corresponding type is already real float32.
2021-02-17 17:11:03,397 DEBUG nufft passed real_type for signal, converting
2021-02-17 17:11:03,402 DEBUG FinufftPlan adjusted eps=1.1920928955078125e-07 from requested 1e-08.
2021-02-17 17:11:04,241 DEBUG Corresponding type is already real float32.
2021-02-17 17:11:04,241 DEBUG nufft passed real_type for signal, converting
2021-02-17 17:11:04,245 DEBUG FinufftPlan adjusted eps=1.1920928955078125e-07 from requested 1e-08.
2021-02-17 17:11:04,350 DEBUG Corresponding type is already real float32.
2021-02-17 17:11:04,350 DEBUG nufft passed real_type for signal, converting
2021-02-17 17:11:04,355 DEBUG FinufftPlan adjusted eps=1.1920928955078125e-07 from requested 1e-08.
2021-02-17 17:11:04,453 DEBUG Corresponding type is already real float32.
2021-02-17 17:11:04,453 DEBUG nufft passed real_type for signal, converting
2021-02-17 17:11:04,459 DEBUG FinufftPlan adjusted eps=1.1920928955078125e-07 from requested 1e-08.
2021-02-17 17:11:04,555 DEBUG Corresponding type is already real float32.
2021-02-17 17:11:04,555 DEBUG nufft passed real_type for signal, converting
2021-02-17 17:11:04,560 DEBUG FinufftPlan adjusted eps=1.1920928955078125e-07 from requested 1e-08.
2021-02-17 17:11:04,652 DEBUG Corresponding type is already real float32.
2021-02-17 17:11:04,652 DEBUG nufft passed real_type for signal, converting
2021-02-17 17:11:04,657 DEBUG FinufftPlan adjusted eps=1.1920928955078125e-07 from requested 1e-08.
2021-02-17 17:11:04,754 DEBUG Corresponding type is already real float32.
2021-02-17 17:11:04,754 DEBUG nufft passed real_type for signal, converting
2021-02-17 17:11:04,759 DEBUG FinufftPlan adjusted eps=1.1920928955078125e-07 from requested 1e-08.
2021-02-17 17:11:04,863 DEBUG Corresponding type is already real float32.
2021-02-17 17:11:04,864 DEBUG nufft passed real_type for signal, converting
2021-02-17 17:11:04,868 DEBUG FinufftPlan adjusted eps=1.1920928955078125e-07 from requested 1e-08.
2021-02-17 17:11:05,120 INFO Iteration 3 | Cost = 8.380542763194658e-11 | Relative Error = 0.9133878222678465
2021-02-17 17:11:05,120 INFO ========= Iteration 4 =========
2021-02-17 17:11:05,120 INFO Iteration 4 | descent step u
2021-02-17 17:11:05,124 DEBUG Corresponding type is already real float32.
2021-02-17 17:11:05,124 DEBUG nufft passed real_type for signal, converting
2021-02-17 17:11:05,127 DEBUG FinufftPlan adjusted eps=1.1920928955078125e-07 from requested 1e-08.
2021-02-17 17:11:05,255 DEBUG Corresponding type is already complex complex64.
2021-02-17 17:11:05,259 DEBUG FinufftPlan adjusted eps=1.1920928955078125e-07 from requested 1e-08.
2021-02-17 17:11:05,282 INFO Determined adjoint mappings. Shape = (33, 33, 33)
2021-02-17 17:11:05,285 INFO Iteration 4 | primal-dual step g
2021-02-17 17:11:05,295 DEBUG Corresponding type is already real float32.
2021-02-17 17:11:05,295 DEBUG nufft passed real_type for signal, converting
2021-02-17 17:11:05,299 DEBUG FinufftPlan adjusted eps=1.1920928955078125e-07 from requested 1e-08.
2021-02-17 17:11:05,382 DEBUG Corresponding type is already real float32.
2021-02-17 17:11:05,382 DEBUG nufft passed real_type for signal, converting
2021-02-17 17:11:05,386 DEBUG FinufftPlan adjusted eps=1.1920928955078125e-07 from requested 1e-08.
2021-02-17 17:11:05,468 DEBUG Corresponding type is already real float32.
2021-02-17 17:11:05,468 DEBUG nufft passed real_type for signal, converting
2021-02-17 17:11:05,472 DEBUG FinufftPlan adjusted eps=1.1920928955078125e-07 from requested 1e-08.
2021-02-17 17:11:05,556 DEBUG Corresponding type is already real float32.
2021-02-17 17:11:05,556 DEBUG nufft passed real_type for signal, converting
2021-02-17 17:11:05,561 DEBUG FinufftPlan adjusted eps=1.1920928955078125e-07 from requested 1e-08.
2021-02-17 17:11:05,642 DEBUG Corresponding type is already real float32.
2021-02-17 17:11:05,642 DEBUG nufft passed real_type for signal, converting
2021-02-17 17:11:05,646 DEBUG FinufftPlan adjusted eps=1.1920928955078125e-07 from requested 1e-08.
2021-02-17 17:11:05,728 DEBUG Corresponding type is already real float32.
2021-02-17 17:11:05,728 DEBUG nufft passed real_type for signal, converting
2021-02-17 17:11:05,734 DEBUG FinufftPlan adjusted eps=1.1920928955078125e-07 from requested 1e-08.
2021-02-17 17:11:06,413 DEBUG Corresponding type is already real float32.
2021-02-17 17:11:06,413 DEBUG nufft passed real_type for signal, converting
2021-02-17 17:11:06,416 DEBUG FinufftPlan adjusted eps=1.1920928955078125e-07 from requested 1e-08.
2021-02-17 17:11:06,503 DEBUG Corresponding type is already real float32.
2021-02-17 17:11:06,503 DEBUG nufft passed real_type for signal, converting
2021-02-17 17:11:06,507 DEBUG FinufftPlan adjusted eps=1.1920928955078125e-07 from requested 1e-08.
2021-02-17 17:11:06,589 DEBUG Corresponding type is already real float32.
2021-02-17 17:11:06,589 DEBUG nufft passed real_type for signal, converting
2021-02-17 17:11:06,593 DEBUG FinufftPlan adjusted eps=1.1920928955078125e-07 from requested 1e-08.
2021-02-17 17:11:06,676 DEBUG Corresponding type is already real float32.
2021-02-17 17:11:06,676 DEBUG nufft passed real_type for signal, converting
2021-02-17 17:11:06,680 DEBUG FinufftPlan adjusted eps=1.1920928955078125e-07 from requested 1e-08.
2021-02-17 17:11:06,761 DEBUG Corresponding type is already real float32.
2021-02-17 17:11:06,761 DEBUG nufft passed real_type for signal, converting
2021-02-17 17:11:06,765 DEBUG FinufftPlan adjusted eps=1.1920928955078125e-07 from requested 1e-08.
2021-02-17 17:11:06,848 DEBUG Corresponding type is already real float32.
2021-02-17 17:11:06,848 DEBUG nufft passed real_type for signal, converting
2021-02-17 17:11:06,852 DEBUG FinufftPlan adjusted eps=1.1920928955078125e-07 from requested 1e-08.
2021-02-17 17:11:06,942 DEBUG Corresponding type is already real float32.
2021-02-17 17:11:06,943 DEBUG nufft passed real_type for signal, converting
2021-02-17 17:11:06,948 DEBUG FinufftPlan adjusted eps=1.1920928955078125e-07 from requested 1e-08.
2021-02-17 17:11:07,196 INFO Iteration 4 | Cost = 7.91285486534141e-11 | Relative Error = 0.8777947176791555
2021-02-17 17:11:07,196 INFO ========= Iteration 5 =========
2021-02-17 17:11:07,197 INFO Iteration 5 | descent step u
2021-02-17 17:11:07,201 DEBUG Corresponding type is already real float32.
2021-02-17 17:11:07,201 DEBUG nufft passed real_type for signal, converting
2021-02-17 17:11:07,204 DEBUG FinufftPlan adjusted eps=1.1920928955078125e-07 from requested 1e-08.
2021-02-17 17:11:07,333 DEBUG Corresponding type is already complex complex64.
2021-02-17 17:11:07,338 DEBUG FinufftPlan adjusted eps=1.1920928955078125e-07 from requested 1e-08.
2021-02-17 17:11:07,361 INFO Determined adjoint mappings. Shape = (33, 33, 33)
2021-02-17 17:11:07,364 INFO Iteration 5 | primal-dual step g
2021-02-17 17:11:07,374 DEBUG Corresponding type is already real float32.
2021-02-17 17:11:07,374 DEBUG nufft passed real_type for signal, converting
2021-02-17 17:11:07,377 DEBUG FinufftPlan adjusted eps=1.1920928955078125e-07 from requested 1e-08.
2021-02-17 17:11:07,461 DEBUG Corresponding type is already real float32.
2021-02-17 17:11:07,461 DEBUG nufft passed real_type for signal, converting
2021-02-17 17:11:07,466 DEBUG FinufftPlan adjusted eps=1.1920928955078125e-07 from requested 1e-08.
2021-02-17 17:11:07,548 DEBUG Corresponding type is already real float32.
2021-02-17 17:11:07,548 DEBUG nufft passed real_type for signal, converting
2021-02-17 17:11:07,552 DEBUG FinufftPlan adjusted eps=1.1920928955078125e-07 from requested 1e-08.
2021-02-17 17:11:07,635 DEBUG Corresponding type is already real float32.
2021-02-17 17:11:07,636 DEBUG nufft passed real_type for signal, converting
2021-02-17 17:11:07,640 DEBUG FinufftPlan adjusted eps=1.1920928955078125e-07 from requested 1e-08.
2021-02-17 17:11:07,723 DEBUG Corresponding type is already real float32.
2021-02-17 17:11:07,723 DEBUG nufft passed real_type for signal, converting
2021-02-17 17:11:07,727 DEBUG FinufftPlan adjusted eps=1.1920928955078125e-07 from requested 1e-08.
2021-02-17 17:11:07,807 DEBUG Corresponding type is already real float32.
2021-02-17 17:11:07,807 DEBUG nufft passed real_type for signal, converting
2021-02-17 17:11:07,811 DEBUG FinufftPlan adjusted eps=1.1920928955078125e-07 from requested 1e-08.
2021-02-17 17:11:08,494 DEBUG Corresponding type is already real float32.
2021-02-17 17:11:08,494 DEBUG nufft passed real_type for signal, converting
2021-02-17 17:11:08,497 DEBUG FinufftPlan adjusted eps=1.1920928955078125e-07 from requested 1e-08.
2021-02-17 17:11:08,587 DEBUG Corresponding type is already real float32.
2021-02-17 17:11:08,587 DEBUG nufft passed real_type for signal, converting
2021-02-17 17:11:08,591 DEBUG FinufftPlan adjusted eps=1.1920928955078125e-07 from requested 1e-08.
2021-02-17 17:11:08,675 DEBUG Corresponding type is already real float32.
2021-02-17 17:11:08,675 DEBUG nufft passed real_type for signal, converting
2021-02-17 17:11:08,679 DEBUG FinufftPlan adjusted eps=1.1920928955078125e-07 from requested 1e-08.
2021-02-17 17:11:08,761 DEBUG Corresponding type is already real float32.
2021-02-17 17:11:08,761 DEBUG nufft passed real_type for signal, converting
2021-02-17 17:11:08,766 DEBUG FinufftPlan adjusted eps=1.1920928955078125e-07 from requested 1e-08.
2021-02-17 17:11:08,852 DEBUG Corresponding type is already real float32.
2021-02-17 17:11:08,852 DEBUG nufft passed real_type for signal, converting
2021-02-17 17:11:08,857 DEBUG FinufftPlan adjusted eps=1.1920928955078125e-07 from requested 1e-08.
2021-02-17 17:11:08,944 DEBUG Corresponding type is already real float32.
2021-02-17 17:11:08,944 DEBUG nufft passed real_type for signal, converting
2021-02-17 17:11:08,949 DEBUG FinufftPlan adjusted eps=1.1920928955078125e-07 from requested 1e-08.
2021-02-17 17:11:09,043 DEBUG Corresponding type is already real float32.
2021-02-17 17:11:09,043 DEBUG nufft passed real_type for signal, converting
2021-02-17 17:11:09,049 DEBUG FinufftPlan adjusted eps=1.1920928955078125e-07 from requested 1e-08.
2021-02-17 17:11:09,301 INFO Iteration 5 | Cost = 7.490560162300483e-11 | Relative Error = 0.8440428075696528
