2021-02-17 14:14:38,283 DEBUG Using fontManager instance from /Users/wdiepeveen/.matplotlib/fontlist-v330.json
2021-02-17 14:14:38,506 INFO This script illustrates orientation refinement using lRCPA as primal-dual splitting method
2021-02-17 14:14:38,515 DEBUG Corresponding type is already real float32.
2021-02-17 14:14:38,515 DEBUG nufft passed real_type for signal, converting
2021-02-17 14:14:38,515 INFO Trying NFFT backend finufft
2021-02-17 14:14:38,522 INFO NFFT backend finufft usable.
2021-02-17 14:14:38,522 INFO Trying NFFT backend cufinufft
2021-02-17 14:14:38,522 INFO NFFT backend cufinufft not usable:
	No module named 'pycuda'
2021-02-17 14:14:38,522 INFO Trying NFFT backend pynfft
2021-02-17 14:14:38,523 INFO NFFT backend pynfft not usable:
	No module named 'pynfft'
2021-02-17 14:14:38,523 INFO Selected NFFT backend = finufft.
2021-02-17 14:14:38,526 DEBUG FinufftPlan adjusted eps=1.1920928955078125e-07 from requested 1e-08.
2021-02-17 14:14:38,691 INFO Applying forward transformations in pipeline
2021-02-17 14:14:38,691 INFO All forward transformations applied
2021-02-17 14:14:38,691 INFO Loaded 128 images
2021-02-17 14:14:38,710 INFO ========= Iteration 1 =========
2021-02-17 14:14:38,710 INFO Iteration 1 | descent step u
2021-02-17 14:14:38,715 DEBUG Corresponding type is already real float32.
2021-02-17 14:14:38,715 DEBUG nufft passed real_type for signal, converting
2021-02-17 14:14:38,722 DEBUG FinufftPlan adjusted eps=1.1920928955078125e-07 from requested 1e-08.
2021-02-17 14:14:38,858 DEBUG Corresponding type is already complex complex64.
2021-02-17 14:14:38,863 DEBUG FinufftPlan adjusted eps=1.1920928955078125e-07 from requested 1e-08.
2021-02-17 14:14:38,885 INFO Determined adjoint mappings. Shape = (33, 33, 33)
2021-02-17 14:14:38,886 INFO Iteration 1 | primal-dual step g
2021-02-17 14:14:38,895 DEBUG Corresponding type is already real float32.
2021-02-17 14:14:38,895 DEBUG nufft passed real_type for signal, converting
2021-02-17 14:14:38,899 DEBUG FinufftPlan adjusted eps=1.1920928955078125e-07 from requested 1e-08.
2021-02-17 14:14:38,988 DEBUG Corresponding type is already real float32.
2021-02-17 14:14:38,989 DEBUG nufft passed real_type for signal, converting
2021-02-17 14:14:38,993 DEBUG FinufftPlan adjusted eps=1.1920928955078125e-07 from requested 1e-08.
2021-02-17 14:14:39,079 DEBUG Corresponding type is already real float32.
2021-02-17 14:14:39,079 DEBUG nufft passed real_type for signal, converting
2021-02-17 14:14:39,084 DEBUG FinufftPlan adjusted eps=1.1920928955078125e-07 from requested 1e-08.
2021-02-17 14:14:39,173 DEBUG Corresponding type is already real float32.
2021-02-17 14:14:39,173 DEBUG nufft passed real_type for signal, converting
2021-02-17 14:14:39,178 DEBUG FinufftPlan adjusted eps=1.1920928955078125e-07 from requested 1e-08.
2021-02-17 14:14:39,259 DEBUG Corresponding type is already real float32.
2021-02-17 14:14:39,259 DEBUG nufft passed real_type for signal, converting
2021-02-17 14:14:39,264 DEBUG FinufftPlan adjusted eps=1.1920928955078125e-07 from requested 1e-08.
2021-02-17 14:14:39,344 DEBUG Corresponding type is already real float32.
2021-02-17 14:14:39,344 DEBUG nufft passed real_type for signal, converting
2021-02-17 14:14:39,349 DEBUG FinufftPlan adjusted eps=1.1920928955078125e-07 from requested 1e-08.
2021-02-17 14:14:42,041 CRITICAL eta is not 3-by-3
Traceback:
  File "/Users/wdiepeveen/Documents/PhD/Projects/2 - Cryo-EM/src/src/Cryo-EM/test.py", line 55, in <module>
    volume = solver.solve()
  File "/Users/wdiepeveen/Documents/PhD/Projects/2 - Cryo-EM/src/src/Cryo-EM/solvers/primal_dual_solver.py", line 110, in solve
    self.primal_dual_step_g()
  File "/Users/wdiepeveen/Documents/PhD/Projects/2 - Cryo-EM/src/src/Cryo-EM/solvers/primal_dual_solver.py", line 147, in primal_dual_step_g
    manifold.log(m, new_rots))
  File "/Users/wdiepeveen/Documents/PhD/Projects/2 - Cryo-EM/src/src/Cryo-EM/functions/differentials.py", line 10, in differential_forward_rot
    raise RuntimeError("eta is not 3-by-3")

