2021-02-25 13:37:01,479 INFO This script illustrates orientation estimation using synchronization matrix and voting method
2021-02-25 13:37:01,483 INFO Initialize simulation object and CTF filters.
2021-02-25 13:37:01,483 INFO Load 3D map and downsample 3D map to desired grids of 33 x 33 x 33.
2021-02-25 13:37:02,095 INFO Use downsampled map to creat simulation object.
2021-02-25 13:37:02,125 DEBUG Corresponding type is already real float32.
2021-02-25 13:37:02,125 DEBUG nufft passed real_type for signal, converting
2021-02-25 13:37:02,125 INFO Trying NFFT backend finufft
2021-02-25 13:37:02,137 INFO NFFT backend finufft usable.
2021-02-25 13:37:02,137 INFO Trying NFFT backend cufinufft
2021-02-25 13:37:02,138 INFO NFFT backend cufinufft not usable:
	No module named 'pycuda'
2021-02-25 13:37:02,138 INFO Trying NFFT backend pynfft
2021-02-25 13:37:02,138 INFO NFFT backend pynfft not usable:
	No module named 'pynfft'
2021-02-25 13:37:02,139 INFO Selected NFFT backend = finufft.
2021-02-25 13:37:02,139 DEBUG FinufftPlan adjusted eps=1.1920928955078125e-07 from requested 1e-08.
2021-02-25 13:37:02,282 INFO Applying forward transformations in pipeline
2021-02-25 13:37:02,283 INFO All forward transformations applied
2021-02-25 13:37:02,283 INFO Loaded 1 images
2021-02-25 13:37:02,727 INFO Get true rotation angles generated randomly by the simulation object.
2021-02-25 13:37:02,727 INFO Estimate rotation angles using synchronization matrix and voting method.
2021-02-25 13:37:02,735 DEBUG Corresponding type is already real float32.
2021-02-25 13:37:02,735 DEBUG nufft passed real_type for signal, converting
2021-02-25 13:37:02,739 DEBUG FinufftPlan adjusted eps=1.1920928955078125e-07 from requested 1e-08.
2021-02-25 13:37:02,904 INFO Applying forward transformations in pipeline
2021-02-25 13:37:02,904 INFO All forward transformations applied
2021-02-25 13:37:02,904 INFO Loaded 128 images
2021-02-25 13:37:02,904 INFO Represent 2D image in a polar Fourier grid
2021-02-25 13:37:02,904 DEBUG Corresponding type is already real float32.
2021-02-25 13:37:02,904 DEBUG nufft passed real_type for signal, converting
2021-02-25 13:37:02,905 DEBUG FinufftPlan adjusted eps=1.1920928955078125e-07 from requested 1e-08.
2021-02-25 13:37:08,592 INFO Top 10 eigenvalues from synchronization voting matrix: [ 71.54754   66.33838   63.705856  19.602924  15.250185  14.751359
  13.775312  12.423205  12.283918 -12.384874]
2021-02-25 13:37:08,596 INFO MSE deviation of the estimated rotations using register_rotations : 0.0542492913676143
2021-02-25 13:37:08,598 INFO Expanding 3D map in a spatial-domain Fourier–Bessel basis using the direct method.
