2021-02-25 14:42:07,831 INFO This script illustrates images at different SNR levels
2021-02-25 14:42:07,834 INFO Initialize simulation object and CTF filters.
2021-02-25 14:42:07,834 INFO Load 3D map and downsample 3D map to desired grids of 33 x 33 x 33.
2021-02-25 14:42:08,557 INFO Use downsampled map to creat simulation object.
2021-02-25 14:42:08,574 INFO Appending a NoiseAdder to generation pipeline
2021-02-25 14:42:08,577 DEBUG Corresponding type is already real float32.
2021-02-25 14:42:08,577 DEBUG nufft passed real_type for signal, converting
2021-02-25 14:42:08,577 INFO Trying NFFT backend finufft
2021-02-25 14:42:08,583 INFO NFFT backend finufft usable.
2021-02-25 14:42:08,583 INFO Trying NFFT backend cufinufft
2021-02-25 14:42:08,583 INFO NFFT backend cufinufft not usable:
	No module named 'pycuda'
2021-02-25 14:42:08,584 INFO Trying NFFT backend pynfft
2021-02-25 14:42:08,584 INFO NFFT backend pynfft not usable:
	No module named 'pynfft'
2021-02-25 14:42:08,584 INFO Selected NFFT backend = finufft.
2021-02-25 14:42:08,584 DEBUG FinufftPlan adjusted eps=1.1920928955078125e-07 from requested 1e-08.
2021-02-25 14:42:08,889 INFO Applying forward transformations in pipeline
2021-02-25 14:42:08,890 INFO All forward transformations applied
2021-02-25 14:42:08,890 INFO Loaded 3 images
