2021-02-25 11:10:25,726 DEBUG Using fontManager instance from /Users/wdiepeveen/.matplotlib/fontlist-v330.json
2021-02-25 11:10:26,073 DEBUG Loaded backend module://backend_interagg version unknown.
2021-02-25 11:10:26,551 INFO This script illustrates orientation refinement using lRCPA as primal-dual splitting method
2021-02-25 11:10:26,561 DEBUG Corresponding type is already real float32.
2021-02-25 11:10:26,561 DEBUG nufft passed real_type for signal, converting
2021-02-25 11:10:26,561 INFO Trying NFFT backend finufft
2021-02-25 11:10:26,591 INFO NFFT backend finufft usable.
2021-02-25 11:10:26,592 INFO Trying NFFT backend cufinufft
2021-02-25 11:10:26,592 INFO NFFT backend cufinufft not usable:
	No module named 'pycuda'
2021-02-25 11:10:26,592 INFO Trying NFFT backend pynfft
2021-02-25 11:10:26,592 INFO NFFT backend pynfft not usable:
	No module named 'pynfft'
2021-02-25 11:10:26,593 INFO Selected NFFT backend = finufft.
2021-02-25 11:10:26,596 DEBUG FinufftPlan adjusted eps=1.1920928955078125e-07 from requested 1e-08.
2021-02-25 11:10:26,763 INFO Applying forward transformations in pipeline
2021-02-25 11:10:26,764 INFO All forward transformations applied
2021-02-25 11:10:26,764 INFO Loaded 128 images
2021-02-25 11:10:26,783 INFO ========= Iteration 1 =========
2021-02-25 11:10:26,783 INFO Iteration 1 | descent step u
2021-02-25 11:10:26,790 DEBUG Corresponding type is already real float32.
2021-02-25 11:10:26,790 DEBUG nufft passed real_type for signal, converting
2021-02-25 11:10:26,796 DEBUG FinufftPlan adjusted eps=1.1920928955078125e-07 from requested 1e-08.
2021-02-25 11:10:26,924 DEBUG Corresponding type is already complex complex64.
2021-02-25 11:10:26,929 DEBUG FinufftPlan adjusted eps=1.1920928955078125e-07 from requested 1e-08.
2021-02-25 11:10:26,950 INFO Determined adjoint mappings. Shape = (33, 33, 33)
2021-02-25 11:10:26,954 INFO Iteration 1 | primal-dual step g
2021-02-25 11:10:26,962 DEBUG Corresponding type is already real float32.
2021-02-25 11:10:26,962 DEBUG nufft passed real_type for signal, converting
2021-02-25 11:10:26,965 DEBUG FinufftPlan adjusted eps=1.1920928955078125e-07 from requested 1e-08.
2021-02-25 11:10:27,064 DEBUG Corresponding type is already real float32.
2021-02-25 11:10:27,064 DEBUG nufft passed real_type for signal, converting
2021-02-25 11:10:27,069 DEBUG FinufftPlan adjusted eps=1.1920928955078125e-07 from requested 1e-08.
2021-02-25 11:10:27,153 DEBUG Corresponding type is already real float32.
2021-02-25 11:10:27,153 DEBUG nufft passed real_type for signal, converting
2021-02-25 11:10:27,157 DEBUG FinufftPlan adjusted eps=1.1920928955078125e-07 from requested 1e-08.
2021-02-25 11:10:27,244 DEBUG Corresponding type is already real float32.
2021-02-25 11:10:27,244 DEBUG nufft passed real_type for signal, converting
2021-02-25 11:10:27,248 DEBUG FinufftPlan adjusted eps=1.1920928955078125e-07 from requested 1e-08.
2021-02-25 11:10:27,334 DEBUG Corresponding type is already real float32.
2021-02-25 11:10:27,334 DEBUG nufft passed real_type for signal, converting
2021-02-25 11:10:27,339 DEBUG FinufftPlan adjusted eps=1.1920928955078125e-07 from requested 1e-08.
2021-02-25 11:10:27,421 DEBUG Corresponding type is already real float32.
2021-02-25 11:10:27,421 DEBUG nufft passed real_type for signal, converting
2021-02-25 11:10:27,425 DEBUG FinufftPlan adjusted eps=1.1920928955078125e-07 from requested 1e-08.
2021-02-25 11:10:29,529 CRITICAL 'PrimalDualProblem' object has no attribute '_rots'
Traceback:
  File "/Users/wdiepeveen/Documents/PhD/Projects/2 - Cryo-EM/src/src/Cryo-EM/test.py", line 70, in <module>
    volume = solver.solve()
  File "/Users/wdiepeveen/Documents/PhD/Projects/2 - Cryo-EM/src/src/Cryo-EM/solvers/primal_dual_solver.py", line 111, in solve
    self.primal_dual_step_g()
  File "/Users/wdiepeveen/Documents/PhD/Projects/2 - Cryo-EM/src/src/Cryo-EM/solvers/primal_dual_solver.py", line 141, in primal_dual_step_g
    self.adjoint_g(self.problem, self.xi_)
  File "/Users/wdiepeveen/Documents/PhD/Projects/2 - Cryo-EM/src/src/Cryo-EM/test.py", line 55, in prox_primal_g
    prox = prox_so3_distance(src, a*lam2, x)
  File "/Users/wdiepeveen/Documents/PhD/Projects/2 - Cryo-EM/src/src/Cryo-EM/functions/proximal_maps.py", line 17, in prox_so3_distance
    d = manifold.dist(x, src._rots)

