2021-02-25 11:12:44,090 DEBUG Using fontManager instance from /Users/wdiepeveen/.matplotlib/fontlist-v330.json
2021-02-25 11:12:44,474 DEBUG Loaded backend module://backend_interagg version unknown.
2021-02-25 11:12:44,893 INFO This script illustrates orientation refinement using lRCPA as primal-dual splitting method
2021-02-25 11:12:44,901 DEBUG Corresponding type is already real float32.
2021-02-25 11:12:44,901 DEBUG nufft passed real_type for signal, converting
2021-02-25 11:12:44,902 INFO Trying NFFT backend finufft
2021-02-25 11:12:44,908 INFO NFFT backend finufft usable.
2021-02-25 11:12:44,908 INFO Trying NFFT backend cufinufft
2021-02-25 11:12:44,909 INFO NFFT backend cufinufft not usable:
	No module named 'pycuda'
2021-02-25 11:12:44,909 INFO Trying NFFT backend pynfft
2021-02-25 11:12:44,909 INFO NFFT backend pynfft not usable:
	No module named 'pynfft'
2021-02-25 11:12:44,909 INFO Selected NFFT backend = finufft.
2021-02-25 11:12:44,913 DEBUG FinufftPlan adjusted eps=1.1920928955078125e-07 from requested 1e-08.
2021-02-25 11:12:45,077 INFO Applying forward transformations in pipeline
2021-02-25 11:12:45,077 INFO All forward transformations applied
2021-02-25 11:12:45,077 INFO Loaded 128 images
2021-02-25 11:12:45,094 INFO ========= Iteration 1 =========
2021-02-25 11:12:45,095 INFO Iteration 1 | descent step u
2021-02-25 11:12:45,100 DEBUG Corresponding type is already real float32.
2021-02-25 11:12:45,100 DEBUG nufft passed real_type for signal, converting
2021-02-25 11:12:45,105 DEBUG FinufftPlan adjusted eps=1.1920928955078125e-07 from requested 1e-08.
2021-02-25 11:12:45,236 DEBUG Corresponding type is already complex complex64.
2021-02-25 11:12:45,241 DEBUG FinufftPlan adjusted eps=1.1920928955078125e-07 from requested 1e-08.
2021-02-25 11:12:45,263 INFO Determined adjoint mappings. Shape = (33, 33, 33)
2021-02-25 11:12:45,266 INFO Iteration 1 | primal-dual step g
2021-02-25 11:12:45,274 DEBUG Corresponding type is already real float32.
2021-02-25 11:12:45,274 DEBUG nufft passed real_type for signal, converting
2021-02-25 11:12:45,278 DEBUG FinufftPlan adjusted eps=1.1920928955078125e-07 from requested 1e-08.
2021-02-25 11:12:45,365 DEBUG Corresponding type is already real float32.
2021-02-25 11:12:45,365 DEBUG nufft passed real_type for signal, converting
2021-02-25 11:12:45,370 DEBUG FinufftPlan adjusted eps=1.1920928955078125e-07 from requested 1e-08.
2021-02-25 11:12:45,454 DEBUG Corresponding type is already real float32.
2021-02-25 11:12:45,454 DEBUG nufft passed real_type for signal, converting
2021-02-25 11:12:45,458 DEBUG FinufftPlan adjusted eps=1.1920928955078125e-07 from requested 1e-08.
2021-02-25 11:12:45,544 DEBUG Corresponding type is already real float32.
2021-02-25 11:12:45,545 DEBUG nufft passed real_type for signal, converting
2021-02-25 11:12:45,549 DEBUG FinufftPlan adjusted eps=1.1920928955078125e-07 from requested 1e-08.
2021-02-25 11:12:45,632 DEBUG Corresponding type is already real float32.
2021-02-25 11:12:45,632 DEBUG nufft passed real_type for signal, converting
2021-02-25 11:12:45,636 DEBUG FinufftPlan adjusted eps=1.1920928955078125e-07 from requested 1e-08.
2021-02-25 11:12:45,725 DEBUG Corresponding type is already real float32.
2021-02-25 11:12:45,725 DEBUG nufft passed real_type for signal, converting
2021-02-25 11:12:45,729 DEBUG FinufftPlan adjusted eps=1.1920928955078125e-07 from requested 1e-08.
2021-02-25 11:12:47,819 CRITICAL 'PrimalDualProblem' object has no attribute '_rots'
Traceback:
  File "/Users/wdiepeveen/Documents/PhD/Projects/2 - Cryo-EM/src/src/Cryo-EM/test.py", line 70, in <module>
    volume = solver.solve()
  File "/Users/wdiepeveen/Documents/PhD/Projects/2 - Cryo-EM/src/src/Cryo-EM/solvers/primal_dual_solver.py", line 111, in solve
    self.primal_dual_step_g()
  File "/Users/wdiepeveen/Documents/PhD/Projects/2 - Cryo-EM/src/src/Cryo-EM/solvers/primal_dual_solver.py", line 141, in primal_dual_step_g
    self.adjoint_g(self.problem, self.xi_)
  File "/Users/wdiepeveen/Documents/PhD/Projects/2 - Cryo-EM/src/src/Cryo-EM/test.py", line 55, in prox_primal_g
    prox = prox_so3_distance(src, a*lam2, x)
  File "/Users/wdiepeveen/Documents/PhD/Projects/2 - Cryo-EM/src/src/Cryo-EM/functions/proximal_maps.py", line 17, in prox_so3_distance
    d = manifold.dist(x, src._rots)

