2021-02-15 16:41:55,284 DEBUG Using fontManager instance from /Users/wdiepeveen/.matplotlib/fontlist-v330.json
2021-02-15 16:41:55,476 INFO This script illustrates orientation refinement using lRCPA as primal-dual splitting method
2021-02-15 16:41:55,488 DEBUG Corresponding type is already real float32.
2021-02-15 16:41:55,488 DEBUG nufft passed real_type for signal, converting
2021-02-15 16:41:55,488 INFO Trying NFFT backend finufft
2021-02-15 16:41:55,495 INFO NFFT backend finufft usable.
2021-02-15 16:41:55,495 INFO Trying NFFT backend cufinufft
2021-02-15 16:41:55,495 INFO NFFT backend cufinufft not usable:
	No module named 'pycuda'
2021-02-15 16:41:55,496 INFO Trying NFFT backend pynfft
2021-02-15 16:41:55,496 INFO NFFT backend pynfft not usable:
	No module named 'pynfft'
2021-02-15 16:41:55,496 INFO Selected NFFT backend = finufft.
2021-02-15 16:41:55,500 DEBUG FinufftPlan adjusted eps=1.1920928955078125e-07 from requested 1e-08.
2021-02-15 16:41:55,660 INFO Applying forward transformations in pipeline
2021-02-15 16:41:55,661 INFO All forward transformations applied
2021-02-15 16:41:55,661 INFO Loaded 128 images
2021-02-15 16:41:55,679 INFO Testing data fidelity
2021-02-15 16:41:55,686 DEBUG Corresponding type is already real float32.
2021-02-15 16:41:55,686 DEBUG nufft passed real_type for signal, converting
2021-02-15 16:41:55,690 DEBUG FinufftPlan adjusted eps=1.1920928955078125e-07 from requested 1e-08.
2021-02-15 16:41:55,769 INFO Testing grad norm fidelity
2021-02-15 16:41:55,772 INFO Testing rotation fidelity
