2021-02-17 16:25:23,617 DEBUG Using fontManager instance from /Users/wdiepeveen/.matplotlib/fontlist-v330.json
2021-02-17 16:25:23,860 INFO This script illustrates orientation refinement using lRCPA as primal-dual splitting method
2021-02-17 16:25:23,872 DEBUG Corresponding type is already real float32.
2021-02-17 16:25:23,872 DEBUG nufft passed real_type for signal, converting
2021-02-17 16:25:23,873 INFO Trying NFFT backend finufft
2021-02-17 16:25:23,886 INFO NFFT backend finufft usable.
2021-02-17 16:25:23,886 INFO Trying NFFT backend cufinufft
2021-02-17 16:25:23,887 INFO NFFT backend cufinufft not usable:
	No module named 'pycuda'
2021-02-17 16:25:23,888 INFO Trying NFFT backend pynfft
2021-02-17 16:25:23,889 INFO NFFT backend pynfft not usable:
	No module named 'pynfft'
2021-02-17 16:25:23,889 INFO Selected NFFT backend = finufft.
2021-02-17 16:25:23,892 DEBUG FinufftPlan adjusted eps=1.1920928955078125e-07 from requested 1e-08.
2021-02-17 16:25:24,054 INFO Applying forward transformations in pipeline
2021-02-17 16:25:24,055 INFO All forward transformations applied
2021-02-17 16:25:24,055 INFO Loaded 128 images
2021-02-17 16:25:24,077 INFO ========= Iteration 1 =========
2021-02-17 16:25:24,077 INFO Iteration 1 | descent step u
2021-02-17 16:25:24,084 DEBUG Corresponding type is already real float32.
2021-02-17 16:25:24,084 DEBUG nufft passed real_type for signal, converting
2021-02-17 16:25:24,088 DEBUG FinufftPlan adjusted eps=1.1920928955078125e-07 from requested 1e-08.
2021-02-17 16:25:24,215 DEBUG Corresponding type is already complex complex64.
2021-02-17 16:25:24,220 DEBUG FinufftPlan adjusted eps=1.1920928955078125e-07 from requested 1e-08.
2021-02-17 16:25:24,241 INFO Determined adjoint mappings. Shape = (33, 33, 33)
2021-02-17 16:25:24,252 INFO Iteration 1 | primal-dual step g
2021-02-17 16:25:24,261 DEBUG Corresponding type is already real float32.
2021-02-17 16:25:24,261 DEBUG nufft passed real_type for signal, converting
2021-02-17 16:25:24,265 DEBUG FinufftPlan adjusted eps=1.1920928955078125e-07 from requested 1e-08.
2021-02-17 16:25:24,364 DEBUG Corresponding type is already real float32.
2021-02-17 16:25:24,364 DEBUG nufft passed real_type for signal, converting
2021-02-17 16:25:24,369 DEBUG FinufftPlan adjusted eps=1.1920928955078125e-07 from requested 1e-08.
2021-02-17 16:25:24,456 DEBUG Corresponding type is already real float32.
2021-02-17 16:25:24,456 DEBUG nufft passed real_type for signal, converting
2021-02-17 16:25:24,460 DEBUG FinufftPlan adjusted eps=1.1920928955078125e-07 from requested 1e-08.
2021-02-17 16:25:24,540 DEBUG Corresponding type is already real float32.
2021-02-17 16:25:24,540 DEBUG nufft passed real_type for signal, converting
2021-02-17 16:25:24,545 DEBUG FinufftPlan adjusted eps=1.1920928955078125e-07 from requested 1e-08.
2021-02-17 16:25:24,627 DEBUG Corresponding type is already real float32.
2021-02-17 16:25:24,627 DEBUG nufft passed real_type for signal, converting
2021-02-17 16:25:24,631 DEBUG FinufftPlan adjusted eps=1.1920928955078125e-07 from requested 1e-08.
2021-02-17 16:25:24,728 DEBUG Corresponding type is already real float32.
2021-02-17 16:25:24,728 DEBUG nufft passed real_type for signal, converting
2021-02-17 16:25:24,733 DEBUG FinufftPlan adjusted eps=1.1920928955078125e-07 from requested 1e-08.
2021-02-17 16:25:25,431 DEBUG Corresponding type is already real float32.
2021-02-17 16:25:25,431 DEBUG nufft passed real_type for signal, converting
2021-02-17 16:25:25,434 DEBUG FinufftPlan adjusted eps=1.1920928955078125e-07 from requested 1e-08.
2021-02-17 16:25:25,528 DEBUG Corresponding type is already real float32.
2021-02-17 16:25:25,529 DEBUG nufft passed real_type for signal, converting
2021-02-17 16:25:25,534 DEBUG FinufftPlan adjusted eps=1.1920928955078125e-07 from requested 1e-08.
2021-02-17 16:25:25,617 DEBUG Corresponding type is already real float32.
2021-02-17 16:25:25,617 DEBUG nufft passed real_type for signal, converting
2021-02-17 16:25:25,622 DEBUG FinufftPlan adjusted eps=1.1920928955078125e-07 from requested 1e-08.
2021-02-17 16:25:25,706 DEBUG Corresponding type is already real float32.
2021-02-17 16:25:25,706 DEBUG nufft passed real_type for signal, converting
2021-02-17 16:25:25,711 DEBUG FinufftPlan adjusted eps=1.1920928955078125e-07 from requested 1e-08.
2021-02-17 16:25:25,815 DEBUG Corresponding type is already real float32.
2021-02-17 16:25:25,815 DEBUG nufft passed real_type for signal, converting
2021-02-17 16:25:25,822 DEBUG FinufftPlan adjusted eps=1.1920928955078125e-07 from requested 1e-08.
2021-02-17 16:25:25,922 DEBUG Corresponding type is already real float32.
2021-02-17 16:25:25,922 DEBUG nufft passed real_type for signal, converting
2021-02-17 16:25:25,927 DEBUG FinufftPlan adjusted eps=1.1920928955078125e-07 from requested 1e-08.
2021-02-17 16:25:28,444 CRITICAL 'InnerProductOperator' object has no attribute 'dtype'
Traceback:
  File "/Users/wdiepeveen/Documents/PhD/Projects/2 - Cryo-EM/src/src/Cryo-EM/test.py", line 66, in <module>
    volume = solver.solve()
  File "/Users/wdiepeveen/Documents/PhD/Projects/2 - Cryo-EM/src/src/Cryo-EM/solvers/primal_dual_solver.py", line 115, in solve
    cost = self.get_cost(self.problem)
  File "/Users/wdiepeveen/Documents/PhD/Projects/2 - Cryo-EM/src/src/Cryo-EM/test.py", line 45, in cost_function
    cost = l2_data_fidelity(src) + lam1*l2_grad_norm(src) + lam2*so3_distance(src)
  File "/Users/wdiepeveen/Documents/PhD/Projects/2 - Cryo-EM/src/src/Cryo-EM/functions/cost_functions.py", line 14, in l2_data_fidelity
    res = src.vol_forward(src.vols, 0, np.inf) - src.data
  File "/Users/wdiepeveen/PycharmProjects/Cryo-EM/lib/python3.6/site-packages/aspire/source/__init__.py", line 523, in vol_forward
    im = vol.project(0, self.rots[all_idx, :, :])
  File "/Users/wdiepeveen/PycharmProjects/Cryo-EM/lib/python3.6/site-packages/aspire/volume/__init__.py", line 152, in project
    im_f = nufft(data, pts_rot) / self.resolution
  File "/Users/wdiepeveen/PycharmProjects/Cryo-EM/lib/python3.6/site-packages/aspire/nufft/__init__.py", line 198, in nufft
    if fourier_pts.dtype != real_type(sig_f.dtype):

