2021-02-25 17:29:17,813 INFO This script illustrates images at different SNR levels
2021-02-25 17:29:17,815 INFO Initialize simulation object and CTF filters.
2021-02-25 17:29:17,815 INFO Load 3D map and downsample 3D map to desired grids of 33 x 33 x 33.
2021-02-25 17:29:18,567 INFO Use downsampled map to creat simulation object.
2021-02-25 17:29:18,588 DEBUG Corresponding type is already real float32.
2021-02-25 17:29:18,589 DEBUG nufft passed real_type for signal, converting
2021-02-25 17:29:18,589 INFO Trying NFFT backend finufft
2021-02-25 17:29:18,594 INFO NFFT backend finufft usable.
2021-02-25 17:29:18,594 INFO Trying NFFT backend cufinufft
2021-02-25 17:29:18,595 INFO NFFT backend cufinufft not usable:
	No module named 'pycuda'
2021-02-25 17:29:18,595 INFO Trying NFFT backend pynfft
2021-02-25 17:29:18,595 INFO NFFT backend pynfft not usable:
	No module named 'pynfft'
2021-02-25 17:29:18,595 INFO Selected NFFT backend = finufft.
2021-02-25 17:29:18,599 DEBUG FinufftPlan adjusted eps=1.1920928955078125e-07 from requested 1e-08.
2021-02-25 17:29:19,180 INFO Applying forward transformations in pipeline
2021-02-25 17:29:19,180 INFO All forward transformations applied
2021-02-25 17:29:19,180 INFO Loaded 128 images
2021-02-25 17:29:19,186 DEBUG Corresponding type is already real float32.
2021-02-25 17:29:19,186 DEBUG nufft passed real_type for signal, converting
2021-02-25 17:29:19,190 DEBUG FinufftPlan adjusted eps=1.1920928955078125e-07 from requested 1e-08.
2021-02-25 17:29:19,608 INFO Applying forward transformations in pipeline
2021-02-25 17:29:19,609 INFO All forward transformations applied
2021-02-25 17:29:19,609 INFO Loaded 128 images
2021-02-25 17:29:19,614 DEBUG Corresponding type is already real float32.
2021-02-25 17:29:19,614 DEBUG nufft passed real_type for signal, converting
2021-02-25 17:29:19,617 DEBUG FinufftPlan adjusted eps=1.1920928955078125e-07 from requested 1e-08.
2021-02-25 17:29:19,703 DEBUG Corresponding type is already real float32.
2021-02-25 17:29:19,703 DEBUG nufft passed real_type for signal, converting
2021-02-25 17:29:19,704 DEBUG FinufftPlan adjusted eps=1.1920928955078125e-07 from requested 1e-08.
2021-02-25 17:29:19,887 INFO Applying forward transformations in pipeline
2021-02-25 17:29:19,888 INFO All forward transformations applied
2021-02-25 17:29:19,888 INFO Loaded 3 images
