2021-02-16 11:02:51,009 DEBUG Using fontManager instance from /Users/wdiepeveen/.matplotlib/fontlist-v330.json
2021-02-16 11:02:51,224 INFO This script illustrates orientation refinement using lRCPA as primal-dual splitting method
2021-02-16 11:02:51,234 DEBUG Corresponding type is already real float32.
2021-02-16 11:02:51,234 DEBUG nufft passed real_type for signal, converting
2021-02-16 11:02:51,234 INFO Trying NFFT backend finufft
2021-02-16 11:02:51,240 INFO NFFT backend finufft usable.
2021-02-16 11:02:51,240 INFO Trying NFFT backend cufinufft
2021-02-16 11:02:51,241 INFO NFFT backend cufinufft not usable:
	No module named 'pycuda'
2021-02-16 11:02:51,241 INFO Trying NFFT backend pynfft
2021-02-16 11:02:51,241 INFO NFFT backend pynfft not usable:
	No module named 'pynfft'
2021-02-16 11:02:51,241 INFO Selected NFFT backend = finufft.
2021-02-16 11:02:51,245 DEBUG FinufftPlan adjusted eps=1.1920928955078125e-07 from requested 1e-08.
2021-02-16 11:02:51,415 INFO Applying forward transformations in pipeline
2021-02-16 11:02:51,416 INFO All forward transformations applied
2021-02-16 11:02:51,416 INFO Loaded 128 images
2021-02-16 11:02:51,416 WARNING PrimalDualProblem vols.dtype float64 != self.dtype float32. In the future this will raise an error.
2021-02-16 11:02:51,434 INFO Testing data fidelity
2021-02-16 11:02:51,437 WARNING Volume rot_matrices.dtype float32 != self.dtype float64. In the future this will raise an error.
2021-02-16 11:02:51,441 DEBUG Corresponding type is already real float64.
2021-02-16 11:02:51,442 WARNING nufft passed inconsistent dtypes. fourier_pts: float32 forcing precision of signal data: float64.
2021-02-16 11:02:51,442 DEBUG Corresponding type is already real float64.
2021-02-16 11:02:51,444 DEBUG nufft passed real_type for signal, converting
2021-02-16 11:02:51,590 INFO Testing grad norm fidelity
2021-02-16 11:02:51,595 INFO Testing rotation fidelity
2021-02-16 11:02:51,796 INFO Testing differential
2021-02-16 11:02:51,803 DEBUG Corresponding type is already real float32.
2021-02-16 11:02:51,803 DEBUG nufft passed real_type for signal, converting
2021-02-16 11:02:51,806 DEBUG FinufftPlan adjusted eps=1.1920928955078125e-07 from requested 1e-08.
