2021-02-25 11:59:09,216 INFO This script illustrates orientation refinement using lRCPA as primal-dual splitting method
2021-02-25 11:59:09,288 DEBUG Corresponding type is already real float32.
2021-02-25 11:59:09,288 DEBUG nufft passed real_type for signal, converting
2021-02-25 11:59:09,290 INFO Trying NFFT backend finufft
2021-02-25 11:59:09,298 INFO NFFT backend finufft usable.
2021-02-25 11:59:09,298 INFO Trying NFFT backend cufinufft
2021-02-25 11:59:09,298 INFO NFFT backend cufinufft not usable:
	No module named 'pycuda'
2021-02-25 11:59:09,299 INFO Trying NFFT backend pynfft
2021-02-25 11:59:09,299 INFO NFFT backend pynfft not usable:
	No module named 'pynfft'
2021-02-25 11:59:09,299 INFO Selected NFFT backend = finufft.
2021-02-25 11:59:09,314 DEBUG FinufftPlan adjusted eps=1.1920928955078125e-07 from requested 1e-08.
2021-02-25 11:59:09,625 INFO Applying forward transformations in pipeline
2021-02-25 11:59:09,625 INFO All forward transformations applied
2021-02-25 11:59:09,625 INFO Loaded 128 images
2021-02-25 11:59:09,650 INFO ========= Iteration 1 =========
2021-02-25 11:59:09,650 INFO Iteration 1 | descent step u
2021-02-25 11:59:09,682 DEBUG Corresponding type is already real float32.
2021-02-25 11:59:09,682 DEBUG nufft passed real_type for signal, converting
2021-02-25 11:59:09,698 DEBUG FinufftPlan adjusted eps=1.1920928955078125e-07 from requested 1e-08.
2021-02-25 11:59:10,034 DEBUG Corresponding type is already complex complex64.
2021-02-25 11:59:10,046 DEBUG FinufftPlan adjusted eps=1.1920928955078125e-07 from requested 1e-08.
2021-02-25 11:59:10,158 INFO Determined adjoint mappings. Shape = (65, 65, 65)
2021-02-25 11:59:10,172 INFO Iteration 1 | primal-dual step g
2021-02-25 11:59:10,230 DEBUG Corresponding type is already real float32.
2021-02-25 11:59:10,230 DEBUG nufft passed real_type for signal, converting
2021-02-25 11:59:10,245 DEBUG FinufftPlan adjusted eps=1.1920928955078125e-07 from requested 1e-08.
2021-02-25 11:59:10,516 DEBUG Corresponding type is already real float32.
2021-02-25 11:59:10,516 DEBUG nufft passed real_type for signal, converting
2021-02-25 11:59:10,537 DEBUG FinufftPlan adjusted eps=1.1920928955078125e-07 from requested 1e-08.
2021-02-25 11:59:10,801 DEBUG Corresponding type is already real float32.
2021-02-25 11:59:10,801 DEBUG nufft passed real_type for signal, converting
2021-02-25 11:59:10,824 DEBUG FinufftPlan adjusted eps=1.1920928955078125e-07 from requested 1e-08.
2021-02-25 11:59:11,105 DEBUG Corresponding type is already real float32.
2021-02-25 11:59:11,105 DEBUG nufft passed real_type for signal, converting
2021-02-25 11:59:11,124 DEBUG FinufftPlan adjusted eps=1.1920928955078125e-07 from requested 1e-08.
2021-02-25 11:59:11,368 DEBUG Corresponding type is already real float32.
2021-02-25 11:59:11,368 DEBUG nufft passed real_type for signal, converting
2021-02-25 11:59:11,389 DEBUG FinufftPlan adjusted eps=1.1920928955078125e-07 from requested 1e-08.
2021-02-25 11:59:11,645 DEBUG Corresponding type is already real float32.
2021-02-25 11:59:11,645 DEBUG nufft passed real_type for signal, converting
2021-02-25 11:59:11,664 DEBUG FinufftPlan adjusted eps=1.1920928955078125e-07 from requested 1e-08.
2021-02-25 11:59:12,517 DEBUG Corresponding type is already real float32.
2021-02-25 11:59:12,517 DEBUG nufft passed real_type for signal, converting
2021-02-25 11:59:12,535 DEBUG FinufftPlan adjusted eps=1.1920928955078125e-07 from requested 1e-08.
2021-02-25 11:59:12,782 DEBUG Corresponding type is already real float32.
2021-02-25 11:59:12,782 DEBUG nufft passed real_type for signal, converting
2021-02-25 11:59:12,801 DEBUG FinufftPlan adjusted eps=1.1920928955078125e-07 from requested 1e-08.
2021-02-25 11:59:13,042 DEBUG Corresponding type is already real float32.
2021-02-25 11:59:13,042 DEBUG nufft passed real_type for signal, converting
2021-02-25 11:59:13,060 DEBUG FinufftPlan adjusted eps=1.1920928955078125e-07 from requested 1e-08.
2021-02-25 11:59:13,302 DEBUG Corresponding type is already real float32.
2021-02-25 11:59:13,302 DEBUG nufft passed real_type for signal, converting
2021-02-25 11:59:13,321 DEBUG FinufftPlan adjusted eps=1.1920928955078125e-07 from requested 1e-08.
2021-02-25 11:59:13,561 DEBUG Corresponding type is already real float32.
2021-02-25 11:59:13,561 DEBUG nufft passed real_type for signal, converting
2021-02-25 11:59:13,580 DEBUG FinufftPlan adjusted eps=1.1920928955078125e-07 from requested 1e-08.
2021-02-25 11:59:13,823 DEBUG Corresponding type is already real float32.
2021-02-25 11:59:13,823 DEBUG nufft passed real_type for signal, converting
2021-02-25 11:59:13,842 DEBUG FinufftPlan adjusted eps=1.1920928955078125e-07 from requested 1e-08.
2021-02-25 11:59:14,116 DEBUG Corresponding type is already real float32.
2021-02-25 11:59:14,116 DEBUG nufft passed real_type for signal, converting
2021-02-25 11:59:14,136 DEBUG FinufftPlan adjusted eps=1.1920928955078125e-07 from requested 1e-08.
2021-02-25 11:59:14,534 INFO Iteration 1 | Cost = 7.050898349581262e-10 | Relative Error = 1.0
2021-02-25 11:59:14,535 INFO Iteration 1 | Relative Error u = 1.0 | Relative Error g = 1.0
2021-02-25 11:59:14,535 INFO ========= Iteration 2 =========
2021-02-25 11:59:14,535 INFO Iteration 2 | descent step u
2021-02-25 11:59:14,561 DEBUG Corresponding type is already real float32.
2021-02-25 11:59:14,561 DEBUG nufft passed real_type for signal, converting
2021-02-25 11:59:14,578 DEBUG FinufftPlan adjusted eps=1.1920928955078125e-07 from requested 1e-08.
2021-02-25 11:59:14,921 DEBUG Corresponding type is already complex complex64.
2021-02-25 11:59:14,934 DEBUG FinufftPlan adjusted eps=1.1920928955078125e-07 from requested 1e-08.
2021-02-25 11:59:15,043 INFO Determined adjoint mappings. Shape = (65, 65, 65)
2021-02-25 11:59:15,054 INFO Iteration 2 | primal-dual step g
2021-02-25 11:59:15,103 DEBUG Corresponding type is already real float32.
2021-02-25 11:59:15,103 DEBUG nufft passed real_type for signal, converting
2021-02-25 11:59:15,117 DEBUG FinufftPlan adjusted eps=1.1920928955078125e-07 from requested 1e-08.
2021-02-25 11:59:15,368 DEBUG Corresponding type is already real float32.
2021-02-25 11:59:15,368 DEBUG nufft passed real_type for signal, converting
2021-02-25 11:59:15,387 DEBUG FinufftPlan adjusted eps=1.1920928955078125e-07 from requested 1e-08.
2021-02-25 11:59:15,621 DEBUG Corresponding type is already real float32.
2021-02-25 11:59:15,621 DEBUG nufft passed real_type for signal, converting
2021-02-25 11:59:15,641 DEBUG FinufftPlan adjusted eps=1.1920928955078125e-07 from requested 1e-08.
2021-02-25 11:59:15,907 DEBUG Corresponding type is already real float32.
2021-02-25 11:59:15,907 DEBUG nufft passed real_type for signal, converting
2021-02-25 11:59:15,928 DEBUG FinufftPlan adjusted eps=1.1920928955078125e-07 from requested 1e-08.
2021-02-25 11:59:16,166 DEBUG Corresponding type is already real float32.
2021-02-25 11:59:16,166 DEBUG nufft passed real_type for signal, converting
2021-02-25 11:59:16,185 DEBUG FinufftPlan adjusted eps=1.1920928955078125e-07 from requested 1e-08.
2021-02-25 11:59:16,433 DEBUG Corresponding type is already real float32.
2021-02-25 11:59:16,433 DEBUG nufft passed real_type for signal, converting
2021-02-25 11:59:16,452 DEBUG FinufftPlan adjusted eps=1.1920928955078125e-07 from requested 1e-08.
2021-02-25 11:59:17,295 DEBUG Corresponding type is already real float32.
2021-02-25 11:59:17,295 DEBUG nufft passed real_type for signal, converting
2021-02-25 11:59:17,307 DEBUG FinufftPlan adjusted eps=1.1920928955078125e-07 from requested 1e-08.
2021-02-25 11:59:17,552 DEBUG Corresponding type is already real float32.
2021-02-25 11:59:17,552 DEBUG nufft passed real_type for signal, converting
2021-02-25 11:59:17,571 DEBUG FinufftPlan adjusted eps=1.1920928955078125e-07 from requested 1e-08.
2021-02-25 11:59:17,802 DEBUG Corresponding type is already real float32.
2021-02-25 11:59:17,802 DEBUG nufft passed real_type for signal, converting
2021-02-25 11:59:17,822 DEBUG FinufftPlan adjusted eps=1.1920928955078125e-07 from requested 1e-08.
2021-02-25 11:59:18,059 DEBUG Corresponding type is already real float32.
2021-02-25 11:59:18,059 DEBUG nufft passed real_type for signal, converting
2021-02-25 11:59:18,078 DEBUG FinufftPlan adjusted eps=1.1920928955078125e-07 from requested 1e-08.
2021-02-25 11:59:18,312 DEBUG Corresponding type is already real float32.
2021-02-25 11:59:18,312 DEBUG nufft passed real_type for signal, converting
2021-02-25 11:59:18,334 DEBUG FinufftPlan adjusted eps=1.1920928955078125e-07 from requested 1e-08.
2021-02-25 11:59:18,579 DEBUG Corresponding type is already real float32.
2021-02-25 11:59:18,579 DEBUG nufft passed real_type for signal, converting
2021-02-25 11:59:18,601 DEBUG FinufftPlan adjusted eps=1.1920928955078125e-07 from requested 1e-08.
2021-02-25 11:59:18,877 DEBUG Corresponding type is already real float32.
2021-02-25 11:59:18,877 DEBUG nufft passed real_type for signal, converting
2021-02-25 11:59:18,896 DEBUG FinufftPlan adjusted eps=1.1920928955078125e-07 from requested 1e-08.
2021-02-25 11:59:19,264 INFO Iteration 2 | Cost = 6.512680027715503e-10 | Relative Error = 0.8949840632498568
2021-02-25 11:59:19,264 INFO Iteration 2 | Relative Error u = 0.897140622138977 | Relative Error g = 0.015487879018164298
2021-02-25 11:59:19,264 INFO ========= Iteration 3 =========
2021-02-25 11:59:19,264 INFO Iteration 3 | descent step u
2021-02-25 11:59:19,288 DEBUG Corresponding type is already real float32.
2021-02-25 11:59:19,288 DEBUG nufft passed real_type for signal, converting
2021-02-25 11:59:19,302 DEBUG FinufftPlan adjusted eps=1.1920928955078125e-07 from requested 1e-08.
2021-02-25 11:59:19,639 DEBUG Corresponding type is already complex complex64.
2021-02-25 11:59:19,651 DEBUG FinufftPlan adjusted eps=1.1920928955078125e-07 from requested 1e-08.
2021-02-25 11:59:19,744 INFO Determined adjoint mappings. Shape = (65, 65, 65)
2021-02-25 11:59:19,755 INFO Iteration 3 | primal-dual step g
2021-02-25 11:59:19,801 DEBUG Corresponding type is already real float32.
2021-02-25 11:59:19,801 DEBUG nufft passed real_type for signal, converting
2021-02-25 11:59:19,815 DEBUG FinufftPlan adjusted eps=1.1920928955078125e-07 from requested 1e-08.
2021-02-25 11:59:20,066 DEBUG Corresponding type is already real float32.
2021-02-25 11:59:20,067 DEBUG nufft passed real_type for signal, converting
2021-02-25 11:59:20,085 DEBUG FinufftPlan adjusted eps=1.1920928955078125e-07 from requested 1e-08.
2021-02-25 11:59:20,316 DEBUG Corresponding type is already real float32.
2021-02-25 11:59:20,316 DEBUG nufft passed real_type for signal, converting
2021-02-25 11:59:20,335 DEBUG FinufftPlan adjusted eps=1.1920928955078125e-07 from requested 1e-08.
2021-02-25 11:59:20,572 DEBUG Corresponding type is already real float32.
2021-02-25 11:59:20,572 DEBUG nufft passed real_type for signal, converting
2021-02-25 11:59:20,591 DEBUG FinufftPlan adjusted eps=1.1920928955078125e-07 from requested 1e-08.
2021-02-25 11:59:20,824 DEBUG Corresponding type is already real float32.
2021-02-25 11:59:20,824 DEBUG nufft passed real_type for signal, converting
2021-02-25 11:59:20,843 DEBUG FinufftPlan adjusted eps=1.1920928955078125e-07 from requested 1e-08.
2021-02-25 11:59:21,095 DEBUG Corresponding type is already real float32.
2021-02-25 11:59:21,095 DEBUG nufft passed real_type for signal, converting
2021-02-25 11:59:21,115 DEBUG FinufftPlan adjusted eps=1.1920928955078125e-07 from requested 1e-08.
2021-02-25 11:59:21,940 DEBUG Corresponding type is already real float32.
2021-02-25 11:59:21,941 DEBUG nufft passed real_type for signal, converting
2021-02-25 11:59:21,953 DEBUG FinufftPlan adjusted eps=1.1920928955078125e-07 from requested 1e-08.
2021-02-25 11:59:22,190 DEBUG Corresponding type is already real float32.
2021-02-25 11:59:22,190 DEBUG nufft passed real_type for signal, converting
2021-02-25 11:59:22,214 DEBUG FinufftPlan adjusted eps=1.1920928955078125e-07 from requested 1e-08.
2021-02-25 11:59:22,460 DEBUG Corresponding type is already real float32.
2021-02-25 11:59:22,460 DEBUG nufft passed real_type for signal, converting
2021-02-25 11:59:22,479 DEBUG FinufftPlan adjusted eps=1.1920928955078125e-07 from requested 1e-08.
2021-02-25 11:59:22,717 DEBUG Corresponding type is already real float32.
2021-02-25 11:59:22,717 DEBUG nufft passed real_type for signal, converting
2021-02-25 11:59:22,736 DEBUG FinufftPlan adjusted eps=1.1920928955078125e-07 from requested 1e-08.
2021-02-25 11:59:22,982 DEBUG Corresponding type is already real float32.
2021-02-25 11:59:22,982 DEBUG nufft passed real_type for signal, converting
2021-02-25 11:59:23,002 DEBUG FinufftPlan adjusted eps=1.1920928955078125e-07 from requested 1e-08.
2021-02-25 11:59:23,246 DEBUG Corresponding type is already real float32.
2021-02-25 11:59:23,246 DEBUG nufft passed real_type for signal, converting
2021-02-25 11:59:23,265 DEBUG FinufftPlan adjusted eps=1.1920928955078125e-07 from requested 1e-08.
2021-02-25 11:59:23,531 DEBUG Corresponding type is already real float32.
2021-02-25 11:59:23,531 DEBUG nufft passed real_type for signal, converting
2021-02-25 11:59:23,550 DEBUG FinufftPlan adjusted eps=1.1920928955078125e-07 from requested 1e-08.
2021-02-25 11:59:23,918 INFO Iteration 3 | Cost = 6.070887929968778e-10 | Relative Error = 0.8147738182153054
2021-02-25 11:59:23,918 INFO Iteration 3 | Relative Error u = 0.816737711429596 | Relative Error g = 0.0018044695307712433
2021-02-25 11:59:23,918 INFO ========= Iteration 4 =========
2021-02-25 11:59:23,918 INFO Iteration 4 | descent step u
2021-02-25 11:59:23,942 DEBUG Corresponding type is already real float32.
2021-02-25 11:59:23,942 DEBUG nufft passed real_type for signal, converting
2021-02-25 11:59:23,956 DEBUG FinufftPlan adjusted eps=1.1920928955078125e-07 from requested 1e-08.
2021-02-25 11:59:24,278 DEBUG Corresponding type is already complex complex64.
2021-02-25 11:59:24,290 DEBUG FinufftPlan adjusted eps=1.1920928955078125e-07 from requested 1e-08.
2021-02-25 11:59:24,383 INFO Determined adjoint mappings. Shape = (65, 65, 65)
2021-02-25 11:59:24,395 INFO Iteration 4 | primal-dual step g
2021-02-25 11:59:24,441 DEBUG Corresponding type is already real float32.
2021-02-25 11:59:24,442 DEBUG nufft passed real_type for signal, converting
2021-02-25 11:59:24,456 DEBUG FinufftPlan adjusted eps=1.1920928955078125e-07 from requested 1e-08.
2021-02-25 11:59:24,690 DEBUG Corresponding type is already real float32.
2021-02-25 11:59:24,690 DEBUG nufft passed real_type for signal, converting
2021-02-25 11:59:24,709 DEBUG FinufftPlan adjusted eps=1.1920928955078125e-07 from requested 1e-08.
2021-02-25 11:59:24,950 DEBUG Corresponding type is already real float32.
2021-02-25 11:59:24,950 DEBUG nufft passed real_type for signal, converting
2021-02-25 11:59:24,969 DEBUG FinufftPlan adjusted eps=1.1920928955078125e-07 from requested 1e-08.
2021-02-25 11:59:25,218 DEBUG Corresponding type is already real float32.
2021-02-25 11:59:25,218 DEBUG nufft passed real_type for signal, converting
2021-02-25 11:59:25,238 DEBUG FinufftPlan adjusted eps=1.1920928955078125e-07 from requested 1e-08.
2021-02-25 11:59:25,477 DEBUG Corresponding type is already real float32.
2021-02-25 11:59:25,477 DEBUG nufft passed real_type for signal, converting
2021-02-25 11:59:25,496 DEBUG FinufftPlan adjusted eps=1.1920928955078125e-07 from requested 1e-08.
2021-02-25 11:59:25,747 DEBUG Corresponding type is already real float32.
2021-02-25 11:59:25,747 DEBUG nufft passed real_type for signal, converting
2021-02-25 11:59:25,769 DEBUG FinufftPlan adjusted eps=1.1920928955078125e-07 from requested 1e-08.
2021-02-25 11:59:26,874 DEBUG Corresponding type is already real float32.
2021-02-25 11:59:26,874 DEBUG nufft passed real_type for signal, converting
2021-02-25 11:59:26,888 DEBUG FinufftPlan adjusted eps=1.1920928955078125e-07 from requested 1e-08.
2021-02-25 11:59:27,211 DEBUG Corresponding type is already real float32.
2021-02-25 11:59:27,211 DEBUG nufft passed real_type for signal, converting
2021-02-25 11:59:27,234 DEBUG FinufftPlan adjusted eps=1.1920928955078125e-07 from requested 1e-08.
2021-02-25 11:59:27,567 DEBUG Corresponding type is already real float32.
2021-02-25 11:59:27,567 DEBUG nufft passed real_type for signal, converting
2021-02-25 11:59:27,591 DEBUG FinufftPlan adjusted eps=1.1920928955078125e-07 from requested 1e-08.
2021-02-25 11:59:27,886 DEBUG Corresponding type is already real float32.
2021-02-25 11:59:27,887 DEBUG nufft passed real_type for signal, converting
2021-02-25 11:59:27,907 DEBUG FinufftPlan adjusted eps=1.1920928955078125e-07 from requested 1e-08.
2021-02-25 11:59:28,318 DEBUG Corresponding type is already real float32.
2021-02-25 11:59:28,318 DEBUG nufft passed real_type for signal, converting
2021-02-25 11:59:28,333 DEBUG FinufftPlan adjusted eps=1.1920928955078125e-07 from requested 1e-08.
2021-02-25 11:59:28,631 DEBUG Corresponding type is already real float32.
2021-02-25 11:59:28,632 DEBUG nufft passed real_type for signal, converting
2021-02-25 11:59:28,653 DEBUG FinufftPlan adjusted eps=1.1920928955078125e-07 from requested 1e-08.
2021-02-25 11:59:29,079 DEBUG Corresponding type is already real float32.
2021-02-25 11:59:29,079 DEBUG nufft passed real_type for signal, converting
2021-02-25 11:59:29,093 DEBUG FinufftPlan adjusted eps=1.1920928955078125e-07 from requested 1e-08.
2021-02-25 11:59:29,464 INFO Iteration 4 | Cost = 5.700161548259005e-10 | Relative Error = 0.7510527566506012
2021-02-25 11:59:29,464 INFO Iteration 4 | Relative Error u = 0.7528630495071411 | Relative Error g = 0.0018057530736093922
2021-02-25 11:59:29,464 INFO ========= Iteration 5 =========
2021-02-25 11:59:29,464 INFO Iteration 5 | descent step u
2021-02-25 11:59:29,496 DEBUG Corresponding type is already real float32.
2021-02-25 11:59:29,496 DEBUG nufft passed real_type for signal, converting
2021-02-25 11:59:29,512 DEBUG FinufftPlan adjusted eps=1.1920928955078125e-07 from requested 1e-08.
2021-02-25 11:59:29,851 DEBUG Corresponding type is already complex complex64.
2021-02-25 11:59:29,864 DEBUG FinufftPlan adjusted eps=1.1920928955078125e-07 from requested 1e-08.
2021-02-25 11:59:29,961 INFO Determined adjoint mappings. Shape = (65, 65, 65)
2021-02-25 11:59:29,972 INFO Iteration 5 | primal-dual step g
2021-02-25 11:59:30,022 DEBUG Corresponding type is already real float32.
2021-02-25 11:59:30,022 DEBUG nufft passed real_type for signal, converting
2021-02-25 11:59:30,037 DEBUG FinufftPlan adjusted eps=1.1920928955078125e-07 from requested 1e-08.
2021-02-25 11:59:30,280 DEBUG Corresponding type is already real float32.
2021-02-25 11:59:30,280 DEBUG nufft passed real_type for signal, converting
2021-02-25 11:59:30,299 DEBUG FinufftPlan adjusted eps=1.1920928955078125e-07 from requested 1e-08.
2021-02-25 11:59:30,540 DEBUG Corresponding type is already real float32.
2021-02-25 11:59:30,540 DEBUG nufft passed real_type for signal, converting
2021-02-25 11:59:30,559 DEBUG FinufftPlan adjusted eps=1.1920928955078125e-07 from requested 1e-08.
2021-02-25 11:59:30,796 DEBUG Corresponding type is already real float32.
2021-02-25 11:59:30,796 DEBUG nufft passed real_type for signal, converting
2021-02-25 11:59:30,815 DEBUG FinufftPlan adjusted eps=1.1920928955078125e-07 from requested 1e-08.
2021-02-25 11:59:31,069 DEBUG Corresponding type is already real float32.
2021-02-25 11:59:31,069 DEBUG nufft passed real_type for signal, converting
2021-02-25 11:59:31,088 DEBUG FinufftPlan adjusted eps=1.1920928955078125e-07 from requested 1e-08.
2021-02-25 11:59:31,345 DEBUG Corresponding type is already real float32.
2021-02-25 11:59:31,345 DEBUG nufft passed real_type for signal, converting
2021-02-25 11:59:31,364 DEBUG FinufftPlan adjusted eps=1.1920928955078125e-07 from requested 1e-08.
2021-02-25 11:59:32,236 DEBUG Corresponding type is already real float32.
2021-02-25 11:59:32,236 DEBUG nufft passed real_type for signal, converting
2021-02-25 11:59:32,249 DEBUG FinufftPlan adjusted eps=1.1920928955078125e-07 from requested 1e-08.
2021-02-25 11:59:32,504 DEBUG Corresponding type is already real float32.
2021-02-25 11:59:32,504 DEBUG nufft passed real_type for signal, converting
2021-02-25 11:59:32,523 DEBUG FinufftPlan adjusted eps=1.1920928955078125e-07 from requested 1e-08.
2021-02-25 11:59:32,759 DEBUG Corresponding type is already real float32.
2021-02-25 11:59:32,760 DEBUG nufft passed real_type for signal, converting
2021-02-25 11:59:32,778 DEBUG FinufftPlan adjusted eps=1.1920928955078125e-07 from requested 1e-08.
2021-02-25 11:59:33,013 DEBUG Corresponding type is already real float32.
2021-02-25 11:59:33,014 DEBUG nufft passed real_type for signal, converting
2021-02-25 11:59:33,033 DEBUG FinufftPlan adjusted eps=1.1920928955078125e-07 from requested 1e-08.
2021-02-25 11:59:33,271 DEBUG Corresponding type is already real float32.
2021-02-25 11:59:33,271 DEBUG nufft passed real_type for signal, converting
2021-02-25 11:59:33,290 DEBUG FinufftPlan adjusted eps=1.1920928955078125e-07 from requested 1e-08.
2021-02-25 11:59:33,522 DEBUG Corresponding type is already real float32.
2021-02-25 11:59:33,523 DEBUG nufft passed real_type for signal, converting
2021-02-25 11:59:33,541 DEBUG FinufftPlan adjusted eps=1.1920928955078125e-07 from requested 1e-08.
2021-02-25 11:59:33,797 DEBUG Corresponding type is already real float32.
2021-02-25 11:59:33,797 DEBUG nufft passed real_type for signal, converting
2021-02-25 11:59:33,817 DEBUG FinufftPlan adjusted eps=1.1920928955078125e-07 from requested 1e-08.
2021-02-25 11:59:34,182 INFO Iteration 5 | Cost = 5.383399386855016e-10 | Relative Error = 0.6994691370770902
2021-02-25 11:59:34,182 INFO Iteration 5 | Relative Error u = 0.7011550664901733 | Relative Error g = 0.0017894878969940452
2021-02-25 11:59:34,182 INFO ========= Iteration 6 =========
2021-02-25 11:59:34,182 INFO Iteration 6 | descent step u
2021-02-25 11:59:34,207 DEBUG Corresponding type is already real float32.
2021-02-25 11:59:34,207 DEBUG nufft passed real_type for signal, converting
2021-02-25 11:59:34,221 DEBUG FinufftPlan adjusted eps=1.1920928955078125e-07 from requested 1e-08.
2021-02-25 11:59:34,550 DEBUG Corresponding type is already complex complex64.
2021-02-25 11:59:34,562 DEBUG FinufftPlan adjusted eps=1.1920928955078125e-07 from requested 1e-08.
2021-02-25 11:59:34,660 INFO Determined adjoint mappings. Shape = (65, 65, 65)
2021-02-25 11:59:34,671 INFO Iteration 6 | primal-dual step g
2021-02-25 11:59:34,718 DEBUG Corresponding type is already real float32.
2021-02-25 11:59:34,719 DEBUG nufft passed real_type for signal, converting
2021-02-25 11:59:34,733 DEBUG FinufftPlan adjusted eps=1.1920928955078125e-07 from requested 1e-08.
2021-02-25 11:59:34,976 DEBUG Corresponding type is already real float32.
2021-02-25 11:59:34,976 DEBUG nufft passed real_type for signal, converting
2021-02-25 11:59:34,995 DEBUG FinufftPlan adjusted eps=1.1920928955078125e-07 from requested 1e-08.
2021-02-25 11:59:35,226 DEBUG Corresponding type is already real float32.
2021-02-25 11:59:35,226 DEBUG nufft passed real_type for signal, converting
2021-02-25 11:59:35,245 DEBUG FinufftPlan adjusted eps=1.1920928955078125e-07 from requested 1e-08.
2021-02-25 11:59:35,499 DEBUG Corresponding type is already real float32.
2021-02-25 11:59:35,499 DEBUG nufft passed real_type for signal, converting
2021-02-25 11:59:35,520 DEBUG FinufftPlan adjusted eps=1.1920928955078125e-07 from requested 1e-08.
2021-02-25 11:59:35,750 DEBUG Corresponding type is already real float32.
2021-02-25 11:59:35,750 DEBUG nufft passed real_type for signal, converting
2021-02-25 11:59:35,770 DEBUG FinufftPlan adjusted eps=1.1920928955078125e-07 from requested 1e-08.
2021-02-25 11:59:36,016 DEBUG Corresponding type is already real float32.
2021-02-25 11:59:36,016 DEBUG nufft passed real_type for signal, converting
2021-02-25 11:59:36,035 DEBUG FinufftPlan adjusted eps=1.1920928955078125e-07 from requested 1e-08.
2021-02-25 11:59:36,868 DEBUG Corresponding type is already real float32.
2021-02-25 11:59:36,869 DEBUG nufft passed real_type for signal, converting
2021-02-25 11:59:36,880 DEBUG FinufftPlan adjusted eps=1.1920928955078125e-07 from requested 1e-08.
2021-02-25 11:59:37,120 DEBUG Corresponding type is already real float32.
2021-02-25 11:59:37,120 DEBUG nufft passed real_type for signal, converting
2021-02-25 11:59:37,141 DEBUG FinufftPlan adjusted eps=1.1920928955078125e-07 from requested 1e-08.
2021-02-25 11:59:37,381 DEBUG Corresponding type is already real float32.
2021-02-25 11:59:37,381 DEBUG nufft passed real_type for signal, converting
2021-02-25 11:59:37,400 DEBUG FinufftPlan adjusted eps=1.1920928955078125e-07 from requested 1e-08.
2021-02-25 11:59:37,634 DEBUG Corresponding type is already real float32.
2021-02-25 11:59:37,634 DEBUG nufft passed real_type for signal, converting
2021-02-25 11:59:37,653 DEBUG FinufftPlan adjusted eps=1.1920928955078125e-07 from requested 1e-08.
2021-02-25 11:59:37,899 DEBUG Corresponding type is already real float32.
2021-02-25 11:59:37,899 DEBUG nufft passed real_type for signal, converting
2021-02-25 11:59:37,918 DEBUG FinufftPlan adjusted eps=1.1920928955078125e-07 from requested 1e-08.
2021-02-25 11:59:38,148 DEBUG Corresponding type is already real float32.
2021-02-25 11:59:38,148 DEBUG nufft passed real_type for signal, converting
2021-02-25 11:59:38,166 DEBUG FinufftPlan adjusted eps=1.1920928955078125e-07 from requested 1e-08.
2021-02-25 11:59:38,430 DEBUG Corresponding type is already real float32.
2021-02-25 11:59:38,430 DEBUG nufft passed real_type for signal, converting
2021-02-25 11:59:38,449 DEBUG FinufftPlan adjusted eps=1.1920928955078125e-07 from requested 1e-08.
2021-02-25 11:59:38,818 INFO Iteration 6 | Cost = 5.108840925484953e-10 | Relative Error = 0.6568286509784875
2021-02-25 11:59:38,818 INFO Iteration 6 | Relative Error u = 0.6584118008613586 | Relative Error g = 0.0017566386964635431
2021-02-25 11:59:38,818 INFO ========= Iteration 7 =========
2021-02-25 11:59:38,818 INFO Iteration 7 | descent step u
2021-02-25 11:59:38,842 DEBUG Corresponding type is already real float32.
2021-02-25 11:59:38,842 DEBUG nufft passed real_type for signal, converting
2021-02-25 11:59:38,856 DEBUG FinufftPlan adjusted eps=1.1920928955078125e-07 from requested 1e-08.
2021-02-25 11:59:39,181 DEBUG Corresponding type is already complex complex64.
2021-02-25 11:59:39,193 DEBUG FinufftPlan adjusted eps=1.1920928955078125e-07 from requested 1e-08.
2021-02-25 11:59:39,284 INFO Determined adjoint mappings. Shape = (65, 65, 65)
2021-02-25 11:59:39,295 INFO Iteration 7 | primal-dual step g
2021-02-25 11:59:39,341 DEBUG Corresponding type is already real float32.
2021-02-25 11:59:39,341 DEBUG nufft passed real_type for signal, converting
2021-02-25 11:59:39,356 DEBUG FinufftPlan adjusted eps=1.1920928955078125e-07 from requested 1e-08.
2021-02-25 11:59:39,589 DEBUG Corresponding type is already real float32.
2021-02-25 11:59:39,589 DEBUG nufft passed real_type for signal, converting
2021-02-25 11:59:39,607 DEBUG FinufftPlan adjusted eps=1.1920928955078125e-07 from requested 1e-08.
2021-02-25 11:59:39,851 DEBUG Corresponding type is already real float32.
2021-02-25 11:59:39,851 DEBUG nufft passed real_type for signal, converting
2021-02-25 11:59:39,875 DEBUG FinufftPlan adjusted eps=1.1920928955078125e-07 from requested 1e-08.
2021-02-25 11:59:40,128 DEBUG Corresponding type is already real float32.
2021-02-25 11:59:40,128 DEBUG nufft passed real_type for signal, converting
2021-02-25 11:59:40,148 DEBUG FinufftPlan adjusted eps=1.1920928955078125e-07 from requested 1e-08.
2021-02-25 11:59:40,380 DEBUG Corresponding type is already real float32.
2021-02-25 11:59:40,380 DEBUG nufft passed real_type for signal, converting
2021-02-25 11:59:40,399 DEBUG FinufftPlan adjusted eps=1.1920928955078125e-07 from requested 1e-08.
2021-02-25 11:59:40,648 DEBUG Corresponding type is already real float32.
2021-02-25 11:59:40,648 DEBUG nufft passed real_type for signal, converting
2021-02-25 11:59:40,669 DEBUG FinufftPlan adjusted eps=1.1920928955078125e-07 from requested 1e-08.
2021-02-25 11:59:41,526 DEBUG Corresponding type is already real float32.
2021-02-25 11:59:41,526 DEBUG nufft passed real_type for signal, converting
2021-02-25 11:59:41,538 DEBUG FinufftPlan adjusted eps=1.1920928955078125e-07 from requested 1e-08.
2021-02-25 11:59:41,772 DEBUG Corresponding type is already real float32.
2021-02-25 11:59:41,772 DEBUG nufft passed real_type for signal, converting
2021-02-25 11:59:41,790 DEBUG FinufftPlan adjusted eps=1.1920928955078125e-07 from requested 1e-08.
2021-02-25 11:59:42,022 DEBUG Corresponding type is already real float32.
2021-02-25 11:59:42,022 DEBUG nufft passed real_type for signal, converting
2021-02-25 11:59:42,041 DEBUG FinufftPlan adjusted eps=1.1920928955078125e-07 from requested 1e-08.
2021-02-25 11:59:42,270 DEBUG Corresponding type is already real float32.
2021-02-25 11:59:42,270 DEBUG nufft passed real_type for signal, converting
2021-02-25 11:59:42,290 DEBUG FinufftPlan adjusted eps=1.1920928955078125e-07 from requested 1e-08.
2021-02-25 11:59:42,540 DEBUG Corresponding type is already real float32.
2021-02-25 11:59:42,540 DEBUG nufft passed real_type for signal, converting
2021-02-25 11:59:42,559 DEBUG FinufftPlan adjusted eps=1.1920928955078125e-07 from requested 1e-08.
2021-02-25 11:59:42,788 DEBUG Corresponding type is already real float32.
2021-02-25 11:59:42,788 DEBUG nufft passed real_type for signal, converting
2021-02-25 11:59:42,807 DEBUG FinufftPlan adjusted eps=1.1920928955078125e-07 from requested 1e-08.
2021-02-25 11:59:43,062 DEBUG Corresponding type is already real float32.
2021-02-25 11:59:43,062 DEBUG nufft passed real_type for signal, converting
2021-02-25 11:59:43,082 DEBUG FinufftPlan adjusted eps=1.1920928955078125e-07 from requested 1e-08.
2021-02-25 11:59:43,450 INFO Iteration 7 | Cost = 4.868168141660692e-10 | Relative Error = 0.6208191663698088
2021-02-25 11:59:43,450 INFO Iteration 7 | Relative Error u = 0.622315526008606 | Relative Error g = 0.0017554626653692356
2021-02-25 11:59:43,450 INFO ========= Iteration 8 =========
2021-02-25 11:59:43,450 INFO Iteration 8 | descent step u
2021-02-25 11:59:43,474 DEBUG Corresponding type is already real float32.
2021-02-25 11:59:43,474 DEBUG nufft passed real_type for signal, converting
2021-02-25 11:59:43,488 DEBUG FinufftPlan adjusted eps=1.1920928955078125e-07 from requested 1e-08.
2021-02-25 11:59:43,809 DEBUG Corresponding type is already complex complex64.
2021-02-25 11:59:43,821 DEBUG FinufftPlan adjusted eps=1.1920928955078125e-07 from requested 1e-08.
2021-02-25 11:59:43,914 INFO Determined adjoint mappings. Shape = (65, 65, 65)
2021-02-25 11:59:43,925 INFO Iteration 8 | primal-dual step g
2021-02-25 11:59:43,973 DEBUG Corresponding type is already real float32.
2021-02-25 11:59:43,973 DEBUG nufft passed real_type for signal, converting
2021-02-25 11:59:43,987 DEBUG FinufftPlan adjusted eps=1.1920928955078125e-07 from requested 1e-08.
2021-02-25 11:59:44,218 DEBUG Corresponding type is already real float32.
2021-02-25 11:59:44,218 DEBUG nufft passed real_type for signal, converting
2021-02-25 11:59:44,236 DEBUG FinufftPlan adjusted eps=1.1920928955078125e-07 from requested 1e-08.
2021-02-25 11:59:44,468 DEBUG Corresponding type is already real float32.
2021-02-25 11:59:44,468 DEBUG nufft passed real_type for signal, converting
2021-02-25 11:59:44,486 DEBUG FinufftPlan adjusted eps=1.1920928955078125e-07 from requested 1e-08.
2021-02-25 11:59:44,725 DEBUG Corresponding type is already real float32.
2021-02-25 11:59:44,725 DEBUG nufft passed real_type for signal, converting
2021-02-25 11:59:44,744 DEBUG FinufftPlan adjusted eps=1.1920928955078125e-07 from requested 1e-08.
2021-02-25 11:59:44,998 DEBUG Corresponding type is already real float32.
2021-02-25 11:59:44,998 DEBUG nufft passed real_type for signal, converting
2021-02-25 11:59:45,017 DEBUG FinufftPlan adjusted eps=1.1920928955078125e-07 from requested 1e-08.
2021-02-25 11:59:45,266 DEBUG Corresponding type is already real float32.
2021-02-25 11:59:45,266 DEBUG nufft passed real_type for signal, converting
2021-02-25 11:59:45,288 DEBUG FinufftPlan adjusted eps=1.1920928955078125e-07 from requested 1e-08.
2021-02-25 11:59:46,128 DEBUG Corresponding type is already real float32.
2021-02-25 11:59:46,129 DEBUG nufft passed real_type for signal, converting
2021-02-25 11:59:46,141 DEBUG FinufftPlan adjusted eps=1.1920928955078125e-07 from requested 1e-08.
2021-02-25 11:59:46,381 DEBUG Corresponding type is already real float32.
2021-02-25 11:59:46,381 DEBUG nufft passed real_type for signal, converting
2021-02-25 11:59:46,401 DEBUG FinufftPlan adjusted eps=1.1920928955078125e-07 from requested 1e-08.
2021-02-25 11:59:46,642 DEBUG Corresponding type is already real float32.
2021-02-25 11:59:46,642 DEBUG nufft passed real_type for signal, converting
2021-02-25 11:59:46,661 DEBUG FinufftPlan adjusted eps=1.1920928955078125e-07 from requested 1e-08.
2021-02-25 11:59:46,898 DEBUG Corresponding type is already real float32.
2021-02-25 11:59:46,899 DEBUG nufft passed real_type for signal, converting
2021-02-25 11:59:46,919 DEBUG FinufftPlan adjusted eps=1.1920928955078125e-07 from requested 1e-08.
2021-02-25 11:59:47,158 DEBUG Corresponding type is already real float32.
2021-02-25 11:59:47,158 DEBUG nufft passed real_type for signal, converting
2021-02-25 11:59:47,177 DEBUG FinufftPlan adjusted eps=1.1920928955078125e-07 from requested 1e-08.
2021-02-25 11:59:47,423 DEBUG Corresponding type is already real float32.
2021-02-25 11:59:47,423 DEBUG nufft passed real_type for signal, converting
2021-02-25 11:59:47,444 DEBUG FinufftPlan adjusted eps=1.1920928955078125e-07 from requested 1e-08.
2021-02-25 11:59:47,723 DEBUG Corresponding type is already real float32.
2021-02-25 11:59:47,723 DEBUG nufft passed real_type for signal, converting
2021-02-25 11:59:47,742 DEBUG FinufftPlan adjusted eps=1.1920928955078125e-07 from requested 1e-08.
2021-02-25 11:59:48,110 INFO Iteration 8 | Cost = 4.655383341509143e-10 | Relative Error = 0.5897592497626183
2021-02-25 11:59:48,110 INFO Iteration 8 | Relative Error u = 0.5911807417869568 | Relative Error g = 0.001692645360106704
2021-02-25 11:59:48,110 INFO ========= Iteration 9 =========
2021-02-25 11:59:48,110 INFO Iteration 9 | descent step u
2021-02-25 11:59:48,134 DEBUG Corresponding type is already real float32.
2021-02-25 11:59:48,135 DEBUG nufft passed real_type for signal, converting
2021-02-25 11:59:48,148 DEBUG FinufftPlan adjusted eps=1.1920928955078125e-07 from requested 1e-08.
2021-02-25 11:59:48,492 DEBUG Corresponding type is already complex complex64.
2021-02-25 11:59:48,504 DEBUG FinufftPlan adjusted eps=1.1920928955078125e-07 from requested 1e-08.
2021-02-25 11:59:48,624 INFO Determined adjoint mappings. Shape = (65, 65, 65)
2021-02-25 11:59:48,636 INFO Iteration 9 | primal-dual step g
2021-02-25 11:59:48,692 DEBUG Corresponding type is already real float32.
2021-02-25 11:59:48,692 DEBUG nufft passed real_type for signal, converting
2021-02-25 11:59:48,707 DEBUG FinufftPlan adjusted eps=1.1920928955078125e-07 from requested 1e-08.
2021-02-25 11:59:48,940 DEBUG Corresponding type is already real float32.
2021-02-25 11:59:48,941 DEBUG nufft passed real_type for signal, converting
2021-02-25 11:59:48,962 DEBUG FinufftPlan adjusted eps=1.1920928955078125e-07 from requested 1e-08.
2021-02-25 11:59:49,193 DEBUG Corresponding type is already real float32.
2021-02-25 11:59:49,193 DEBUG nufft passed real_type for signal, converting
2021-02-25 11:59:49,213 DEBUG FinufftPlan adjusted eps=1.1920928955078125e-07 from requested 1e-08.
2021-02-25 11:59:49,445 DEBUG Corresponding type is already real float32.
2021-02-25 11:59:49,446 DEBUG nufft passed real_type for signal, converting
2021-02-25 11:59:49,465 DEBUG FinufftPlan adjusted eps=1.1920928955078125e-07 from requested 1e-08.
2021-02-25 11:59:49,708 DEBUG Corresponding type is already real float32.
2021-02-25 11:59:49,708 DEBUG nufft passed real_type for signal, converting
2021-02-25 11:59:49,728 DEBUG FinufftPlan adjusted eps=1.1920928955078125e-07 from requested 1e-08.
2021-02-25 11:59:49,981 DEBUG Corresponding type is already real float32.
2021-02-25 11:59:49,981 DEBUG nufft passed real_type for signal, converting
2021-02-25 11:59:50,000 DEBUG FinufftPlan adjusted eps=1.1920928955078125e-07 from requested 1e-08.
2021-02-25 11:59:50,842 DEBUG Corresponding type is already real float32.
2021-02-25 11:59:50,842 DEBUG nufft passed real_type for signal, converting
2021-02-25 11:59:50,854 DEBUG FinufftPlan adjusted eps=1.1920928955078125e-07 from requested 1e-08.
2021-02-25 11:59:51,091 DEBUG Corresponding type is already real float32.
2021-02-25 11:59:51,091 DEBUG nufft passed real_type for signal, converting
2021-02-25 11:59:51,111 DEBUG FinufftPlan adjusted eps=1.1920928955078125e-07 from requested 1e-08.
2021-02-25 11:59:51,343 DEBUG Corresponding type is already real float32.
2021-02-25 11:59:51,344 DEBUG nufft passed real_type for signal, converting
2021-02-25 11:59:51,362 DEBUG FinufftPlan adjusted eps=1.1920928955078125e-07 from requested 1e-08.
2021-02-25 11:59:51,595 DEBUG Corresponding type is already real float32.
2021-02-25 11:59:51,595 DEBUG nufft passed real_type for signal, converting
2021-02-25 11:59:51,614 DEBUG FinufftPlan adjusted eps=1.1920928955078125e-07 from requested 1e-08.
2021-02-25 11:59:51,847 DEBUG Corresponding type is already real float32.
2021-02-25 11:59:51,847 DEBUG nufft passed real_type for signal, converting
2021-02-25 11:59:51,866 DEBUG FinufftPlan adjusted eps=1.1920928955078125e-07 from requested 1e-08.
2021-02-25 11:59:52,109 DEBUG Corresponding type is already real float32.
2021-02-25 11:59:52,109 DEBUG nufft passed real_type for signal, converting
2021-02-25 11:59:52,128 DEBUG FinufftPlan adjusted eps=1.1920928955078125e-07 from requested 1e-08.
2021-02-25 11:59:52,389 DEBUG Corresponding type is already real float32.
2021-02-25 11:59:52,390 DEBUG nufft passed real_type for signal, converting
2021-02-25 11:59:52,408 DEBUG FinufftPlan adjusted eps=1.1920928955078125e-07 from requested 1e-08.
2021-02-25 11:59:52,783 INFO Iteration 9 | Cost = 4.4660410553143457e-10 | Relative Error = 0.5624533883265301
2021-02-25 11:59:52,783 INFO Iteration 9 | Relative Error u = 0.5638090968132019 | Relative Error g = 0.0016876310774711347
2021-02-25 11:59:52,783 INFO ========= Iteration 10 =========
2021-02-25 11:59:52,783 INFO Iteration 10 | descent step u
2021-02-25 11:59:52,808 DEBUG Corresponding type is already real float32.
2021-02-25 11:59:52,808 DEBUG nufft passed real_type for signal, converting
2021-02-25 11:59:52,822 DEBUG FinufftPlan adjusted eps=1.1920928955078125e-07 from requested 1e-08.
2021-02-25 11:59:53,143 DEBUG Corresponding type is already complex complex64.
2021-02-25 11:59:53,155 DEBUG FinufftPlan adjusted eps=1.1920928955078125e-07 from requested 1e-08.
2021-02-25 11:59:53,248 INFO Determined adjoint mappings. Shape = (65, 65, 65)
2021-02-25 11:59:53,260 INFO Iteration 10 | primal-dual step g
2021-02-25 11:59:53,323 DEBUG Corresponding type is already real float32.
2021-02-25 11:59:53,323 DEBUG nufft passed real_type for signal, converting
2021-02-25 11:59:53,340 DEBUG FinufftPlan adjusted eps=1.1920928955078125e-07 from requested 1e-08.
2021-02-25 11:59:53,624 DEBUG Corresponding type is already real float32.
2021-02-25 11:59:53,624 DEBUG nufft passed real_type for signal, converting
2021-02-25 11:59:53,643 DEBUG FinufftPlan adjusted eps=1.1920928955078125e-07 from requested 1e-08.
2021-02-25 11:59:53,909 DEBUG Corresponding type is already real float32.
2021-02-25 11:59:53,909 DEBUG nufft passed real_type for signal, converting
2021-02-25 11:59:53,932 DEBUG FinufftPlan adjusted eps=1.1920928955078125e-07 from requested 1e-08.
2021-02-25 11:59:54,200 DEBUG Corresponding type is already real float32.
2021-02-25 11:59:54,200 DEBUG nufft passed real_type for signal, converting
2021-02-25 11:59:54,219 DEBUG FinufftPlan adjusted eps=1.1920928955078125e-07 from requested 1e-08.
2021-02-25 11:59:54,462 DEBUG Corresponding type is already real float32.
2021-02-25 11:59:54,463 DEBUG nufft passed real_type for signal, converting
2021-02-25 11:59:54,482 DEBUG FinufftPlan adjusted eps=1.1920928955078125e-07 from requested 1e-08.
2021-02-25 11:59:54,729 DEBUG Corresponding type is already real float32.
2021-02-25 11:59:54,730 DEBUG nufft passed real_type for signal, converting
2021-02-25 11:59:54,748 DEBUG FinufftPlan adjusted eps=1.1920928955078125e-07 from requested 1e-08.
2021-02-25 11:59:55,635 DEBUG Corresponding type is already real float32.
2021-02-25 11:59:55,635 DEBUG nufft passed real_type for signal, converting
2021-02-25 11:59:55,648 DEBUG FinufftPlan adjusted eps=1.1920928955078125e-07 from requested 1e-08.
2021-02-25 11:59:55,890 DEBUG Corresponding type is already real float32.
2021-02-25 11:59:55,890 DEBUG nufft passed real_type for signal, converting
2021-02-25 11:59:55,909 DEBUG FinufftPlan adjusted eps=1.1920928955078125e-07 from requested 1e-08.
2021-02-25 11:59:56,161 DEBUG Corresponding type is already real float32.
2021-02-25 11:59:56,162 DEBUG nufft passed real_type for signal, converting
2021-02-25 11:59:56,183 DEBUG FinufftPlan adjusted eps=1.1920928955078125e-07 from requested 1e-08.
2021-02-25 11:59:56,418 DEBUG Corresponding type is already real float32.
2021-02-25 11:59:56,418 DEBUG nufft passed real_type for signal, converting
2021-02-25 11:59:56,437 DEBUG FinufftPlan adjusted eps=1.1920928955078125e-07 from requested 1e-08.
2021-02-25 11:59:56,677 DEBUG Corresponding type is already real float32.
2021-02-25 11:59:56,677 DEBUG nufft passed real_type for signal, converting
2021-02-25 11:59:56,696 DEBUG FinufftPlan adjusted eps=1.1920928955078125e-07 from requested 1e-08.
2021-02-25 11:59:56,934 DEBUG Corresponding type is already real float32.
2021-02-25 11:59:56,934 DEBUG nufft passed real_type for signal, converting
2021-02-25 11:59:56,954 DEBUG FinufftPlan adjusted eps=1.1920928955078125e-07 from requested 1e-08.
2021-02-25 11:59:57,227 DEBUG Corresponding type is already real float32.
2021-02-25 11:59:57,227 DEBUG nufft passed real_type for signal, converting
2021-02-25 11:59:57,246 DEBUG FinufftPlan adjusted eps=1.1920928955078125e-07 from requested 1e-08.
2021-02-25 11:59:57,619 INFO Iteration 10 | Cost = 4.2967525344742683e-10 | Relative Error = 0.5380478286159796
2021-02-25 11:59:57,619 INFO Iteration 10 | Relative Error u = 0.5393446683883667 | Relative Error g = 0.001657413014052007
2021-02-25 11:59:57,619 INFO ========= Iteration 11 =========
2021-02-25 11:59:57,619 INFO Iteration 11 | descent step u
2021-02-25 11:59:57,644 DEBUG Corresponding type is already real float32.
2021-02-25 11:59:57,644 DEBUG nufft passed real_type for signal, converting
2021-02-25 11:59:57,658 DEBUG FinufftPlan adjusted eps=1.1920928955078125e-07 from requested 1e-08.
2021-02-25 11:59:57,980 DEBUG Corresponding type is already complex complex64.
2021-02-25 11:59:57,994 DEBUG FinufftPlan adjusted eps=1.1920928955078125e-07 from requested 1e-08.
2021-02-25 11:59:58,087 INFO Determined adjoint mappings. Shape = (65, 65, 65)
2021-02-25 11:59:58,098 INFO Iteration 11 | primal-dual step g
2021-02-25 11:59:58,146 DEBUG Corresponding type is already real float32.
2021-02-25 11:59:58,146 DEBUG nufft passed real_type for signal, converting
2021-02-25 11:59:58,160 DEBUG FinufftPlan adjusted eps=1.1920928955078125e-07 from requested 1e-08.
2021-02-25 11:59:58,401 DEBUG Corresponding type is already real float32.
2021-02-25 11:59:58,402 DEBUG nufft passed real_type for signal, converting
2021-02-25 11:59:58,422 DEBUG FinufftPlan adjusted eps=1.1920928955078125e-07 from requested 1e-08.
2021-02-25 11:59:58,685 DEBUG Corresponding type is already real float32.
2021-02-25 11:59:58,685 DEBUG nufft passed real_type for signal, converting
2021-02-25 11:59:58,709 DEBUG FinufftPlan adjusted eps=1.1920928955078125e-07 from requested 1e-08.
2021-02-25 11:59:58,947 DEBUG Corresponding type is already real float32.
2021-02-25 11:59:58,947 DEBUG nufft passed real_type for signal, converting
2021-02-25 11:59:58,966 DEBUG FinufftPlan adjusted eps=1.1920928955078125e-07 from requested 1e-08.
2021-02-25 11:59:59,212 DEBUG Corresponding type is already real float32.
2021-02-25 11:59:59,212 DEBUG nufft passed real_type for signal, converting
2021-02-25 11:59:59,231 DEBUG FinufftPlan adjusted eps=1.1920928955078125e-07 from requested 1e-08.
2021-02-25 11:59:59,477 DEBUG Corresponding type is already real float32.
2021-02-25 11:59:59,477 DEBUG nufft passed real_type for signal, converting
2021-02-25 11:59:59,499 DEBUG FinufftPlan adjusted eps=1.1920928955078125e-07 from requested 1e-08.
2021-02-25 12:00:00,372 DEBUG Corresponding type is already real float32.
2021-02-25 12:00:00,372 DEBUG nufft passed real_type for signal, converting
2021-02-25 12:00:00,385 DEBUG FinufftPlan adjusted eps=1.1920928955078125e-07 from requested 1e-08.
2021-02-25 12:00:00,619 DEBUG Corresponding type is already real float32.
2021-02-25 12:00:00,619 DEBUG nufft passed real_type for signal, converting
2021-02-25 12:00:00,638 DEBUG FinufftPlan adjusted eps=1.1920928955078125e-07 from requested 1e-08.
2021-02-25 12:00:00,872 DEBUG Corresponding type is already real float32.
2021-02-25 12:00:00,872 DEBUG nufft passed real_type for signal, converting
2021-02-25 12:00:00,891 DEBUG FinufftPlan adjusted eps=1.1920928955078125e-07 from requested 1e-08.
2021-02-25 12:00:01,131 DEBUG Corresponding type is already real float32.
2021-02-25 12:00:01,131 DEBUG nufft passed real_type for signal, converting
2021-02-25 12:00:01,150 DEBUG FinufftPlan adjusted eps=1.1920928955078125e-07 from requested 1e-08.
2021-02-25 12:00:01,406 DEBUG Corresponding type is already real float32.
2021-02-25 12:00:01,407 DEBUG nufft passed real_type for signal, converting
2021-02-25 12:00:01,430 DEBUG FinufftPlan adjusted eps=1.1920928955078125e-07 from requested 1e-08.
2021-02-25 12:00:01,667 DEBUG Corresponding type is already real float32.
2021-02-25 12:00:01,667 DEBUG nufft passed real_type for signal, converting
2021-02-25 12:00:01,687 DEBUG FinufftPlan adjusted eps=1.1920928955078125e-07 from requested 1e-08.
2021-02-25 12:00:01,947 DEBUG Corresponding type is already real float32.
2021-02-25 12:00:01,947 DEBUG nufft passed real_type for signal, converting
2021-02-25 12:00:01,966 DEBUG FinufftPlan adjusted eps=1.1920928955078125e-07 from requested 1e-08.
2021-02-25 12:00:02,330 INFO Iteration 11 | Cost = 4.144861607107911e-10 | Relative Error = 0.5159313075081072
2021-02-25 12:00:02,330 INFO Iteration 11 | Relative Error u = 0.5171748399734497 | Relative Error g = 0.0016390456478459457
2021-02-25 12:00:02,330 INFO ========= Iteration 12 =========
2021-02-25 12:00:02,330 INFO Iteration 12 | descent step u
2021-02-25 12:00:02,355 DEBUG Corresponding type is already real float32.
2021-02-25 12:00:02,355 DEBUG nufft passed real_type for signal, converting
2021-02-25 12:00:02,370 DEBUG FinufftPlan adjusted eps=1.1920928955078125e-07 from requested 1e-08.
2021-02-25 12:00:02,711 DEBUG Corresponding type is already complex complex64.
2021-02-25 12:00:02,725 DEBUG FinufftPlan adjusted eps=1.1920928955078125e-07 from requested 1e-08.
2021-02-25 12:00:02,826 INFO Determined adjoint mappings. Shape = (65, 65, 65)
2021-02-25 12:00:02,838 INFO Iteration 12 | primal-dual step g
2021-02-25 12:00:02,887 DEBUG Corresponding type is already real float32.
2021-02-25 12:00:02,887 DEBUG nufft passed real_type for signal, converting
2021-02-25 12:00:02,901 DEBUG FinufftPlan adjusted eps=1.1920928955078125e-07 from requested 1e-08.
2021-02-25 12:00:03,143 DEBUG Corresponding type is already real float32.
2021-02-25 12:00:03,143 DEBUG nufft passed real_type for signal, converting
2021-02-25 12:00:03,162 DEBUG FinufftPlan adjusted eps=1.1920928955078125e-07 from requested 1e-08.
2021-02-25 12:00:03,404 DEBUG Corresponding type is already real float32.
2021-02-25 12:00:03,404 DEBUG nufft passed real_type for signal, converting
2021-02-25 12:00:03,423 DEBUG FinufftPlan adjusted eps=1.1920928955078125e-07 from requested 1e-08.
2021-02-25 12:00:03,660 DEBUG Corresponding type is already real float32.
2021-02-25 12:00:03,660 DEBUG nufft passed real_type for signal, converting
2021-02-25 12:00:03,680 DEBUG FinufftPlan adjusted eps=1.1920928955078125e-07 from requested 1e-08.
2021-02-25 12:00:03,926 DEBUG Corresponding type is already real float32.
2021-02-25 12:00:03,926 DEBUG nufft passed real_type for signal, converting
2021-02-25 12:00:03,945 DEBUG FinufftPlan adjusted eps=1.1920928955078125e-07 from requested 1e-08.
2021-02-25 12:00:04,191 DEBUG Corresponding type is already real float32.
2021-02-25 12:00:04,191 DEBUG nufft passed real_type for signal, converting
2021-02-25 12:00:04,212 DEBUG FinufftPlan adjusted eps=1.1920928955078125e-07 from requested 1e-08.
2021-02-25 12:00:05,052 DEBUG Corresponding type is already real float32.
2021-02-25 12:00:05,052 DEBUG nufft passed real_type for signal, converting
2021-02-25 12:00:05,065 DEBUG FinufftPlan adjusted eps=1.1920928955078125e-07 from requested 1e-08.
2021-02-25 12:00:05,303 DEBUG Corresponding type is already real float32.
2021-02-25 12:00:05,303 DEBUG nufft passed real_type for signal, converting
2021-02-25 12:00:05,323 DEBUG FinufftPlan adjusted eps=1.1920928955078125e-07 from requested 1e-08.
2021-02-25 12:00:05,567 DEBUG Corresponding type is already real float32.
2021-02-25 12:00:05,567 DEBUG nufft passed real_type for signal, converting
2021-02-25 12:00:05,586 DEBUG FinufftPlan adjusted eps=1.1920928955078125e-07 from requested 1e-08.
2021-02-25 12:00:05,820 DEBUG Corresponding type is already real float32.
2021-02-25 12:00:05,820 DEBUG nufft passed real_type for signal, converting
2021-02-25 12:00:05,839 DEBUG FinufftPlan adjusted eps=1.1920928955078125e-07 from requested 1e-08.
2021-02-25 12:00:06,081 DEBUG Corresponding type is already real float32.
2021-02-25 12:00:06,081 DEBUG nufft passed real_type for signal, converting
2021-02-25 12:00:06,100 DEBUG FinufftPlan adjusted eps=1.1920928955078125e-07 from requested 1e-08.
2021-02-25 12:00:06,341 DEBUG Corresponding type is already real float32.
2021-02-25 12:00:06,341 DEBUG nufft passed real_type for signal, converting
2021-02-25 12:00:06,362 DEBUG FinufftPlan adjusted eps=1.1920928955078125e-07 from requested 1e-08.
2021-02-25 12:00:06,644 DEBUG Corresponding type is already real float32.
2021-02-25 12:00:06,644 DEBUG nufft passed real_type for signal, converting
2021-02-25 12:00:06,663 DEBUG FinufftPlan adjusted eps=1.1920928955078125e-07 from requested 1e-08.
2021-02-25 12:00:07,035 INFO Iteration 12 | Cost = 4.008246297093307e-10 | Relative Error = 0.4956569363892106
2021-02-25 12:00:07,035 INFO Iteration 12 | Relative Error u = 0.4968516230583191 | Relative Error g = 0.0015660347345159505
2021-02-25 12:00:07,035 INFO ========= Iteration 13 =========
2021-02-25 12:00:07,035 INFO Iteration 13 | descent step u
2021-02-25 12:00:07,060 DEBUG Corresponding type is already real float32.
2021-02-25 12:00:07,060 DEBUG nufft passed real_type for signal, converting
2021-02-25 12:00:07,074 DEBUG FinufftPlan adjusted eps=1.1920928955078125e-07 from requested 1e-08.
2021-02-25 12:00:07,399 DEBUG Corresponding type is already complex complex64.
2021-02-25 12:00:07,414 DEBUG FinufftPlan adjusted eps=1.1920928955078125e-07 from requested 1e-08.
2021-02-25 12:00:07,541 INFO Determined adjoint mappings. Shape = (65, 65, 65)
2021-02-25 12:00:07,557 INFO Iteration 13 | primal-dual step g
2021-02-25 12:00:07,613 DEBUG Corresponding type is already real float32.
2021-02-25 12:00:07,614 DEBUG nufft passed real_type for signal, converting
2021-02-25 12:00:07,628 DEBUG FinufftPlan adjusted eps=1.1920928955078125e-07 from requested 1e-08.
2021-02-25 12:00:07,863 DEBUG Corresponding type is already real float32.
2021-02-25 12:00:07,863 DEBUG nufft passed real_type for signal, converting
2021-02-25 12:00:07,883 DEBUG FinufftPlan adjusted eps=1.1920928955078125e-07 from requested 1e-08.
2021-02-25 12:00:08,165 DEBUG Corresponding type is already real float32.
2021-02-25 12:00:08,165 DEBUG nufft passed real_type for signal, converting
2021-02-25 12:00:08,187 DEBUG FinufftPlan adjusted eps=1.1920928955078125e-07 from requested 1e-08.
2021-02-25 12:00:08,429 DEBUG Corresponding type is already real float32.
2021-02-25 12:00:08,429 DEBUG nufft passed real_type for signal, converting
2021-02-25 12:00:08,450 DEBUG FinufftPlan adjusted eps=1.1920928955078125e-07 from requested 1e-08.
2021-02-25 12:00:08,712 DEBUG Corresponding type is already real float32.
2021-02-25 12:00:08,712 DEBUG nufft passed real_type for signal, converting
2021-02-25 12:00:08,731 DEBUG FinufftPlan adjusted eps=1.1920928955078125e-07 from requested 1e-08.
2021-02-25 12:00:09,008 DEBUG Corresponding type is already real float32.
2021-02-25 12:00:09,008 DEBUG nufft passed real_type for signal, converting
2021-02-25 12:00:09,033 DEBUG FinufftPlan adjusted eps=1.1920928955078125e-07 from requested 1e-08.
2021-02-25 12:00:09,927 DEBUG Corresponding type is already real float32.
2021-02-25 12:00:09,927 DEBUG nufft passed real_type for signal, converting
2021-02-25 12:00:09,942 DEBUG FinufftPlan adjusted eps=1.1920928955078125e-07 from requested 1e-08.
2021-02-25 12:00:10,191 DEBUG Corresponding type is already real float32.
2021-02-25 12:00:10,191 DEBUG nufft passed real_type for signal, converting
2021-02-25 12:00:10,210 DEBUG FinufftPlan adjusted eps=1.1920928955078125e-07 from requested 1e-08.
2021-02-25 12:00:10,462 DEBUG Corresponding type is already real float32.
2021-02-25 12:00:10,462 DEBUG nufft passed real_type for signal, converting
2021-02-25 12:00:10,481 DEBUG FinufftPlan adjusted eps=1.1920928955078125e-07 from requested 1e-08.
2021-02-25 12:00:10,723 DEBUG Corresponding type is already real float32.
2021-02-25 12:00:10,723 DEBUG nufft passed real_type for signal, converting
2021-02-25 12:00:10,742 DEBUG FinufftPlan adjusted eps=1.1920928955078125e-07 from requested 1e-08.
2021-02-25 12:00:10,976 DEBUG Corresponding type is already real float32.
2021-02-25 12:00:10,976 DEBUG nufft passed real_type for signal, converting
2021-02-25 12:00:10,995 DEBUG FinufftPlan adjusted eps=1.1920928955078125e-07 from requested 1e-08.
2021-02-25 12:00:11,244 DEBUG Corresponding type is already real float32.
2021-02-25 12:00:11,244 DEBUG nufft passed real_type for signal, converting
2021-02-25 12:00:11,263 DEBUG FinufftPlan adjusted eps=1.1920928955078125e-07 from requested 1e-08.
2021-02-25 12:00:11,532 DEBUG Corresponding type is already real float32.
2021-02-25 12:00:11,532 DEBUG nufft passed real_type for signal, converting
2021-02-25 12:00:11,551 DEBUG FinufftPlan adjusted eps=1.1920928955078125e-07 from requested 1e-08.
2021-02-25 12:00:11,938 INFO Iteration 13 | Cost = 3.8851582201916665e-10 | Relative Error = 0.4769055265676314
2021-02-25 12:00:11,938 INFO Iteration 13 | Relative Error u = 0.47805503010749817 | Relative Error g = 0.0015568750855589673
2021-02-25 12:00:11,938 INFO ========= Iteration 14 =========
2021-02-25 12:00:11,939 INFO Iteration 14 | descent step u
2021-02-25 12:00:11,964 DEBUG Corresponding type is already real float32.
2021-02-25 12:00:11,964 DEBUG nufft passed real_type for signal, converting
2021-02-25 12:00:11,979 DEBUG FinufftPlan adjusted eps=1.1920928955078125e-07 from requested 1e-08.
2021-02-25 12:00:12,309 DEBUG Corresponding type is already complex complex64.
2021-02-25 12:00:12,321 DEBUG FinufftPlan adjusted eps=1.1920928955078125e-07 from requested 1e-08.
2021-02-25 12:00:12,430 INFO Determined adjoint mappings. Shape = (65, 65, 65)
2021-02-25 12:00:12,442 INFO Iteration 14 | primal-dual step g
2021-02-25 12:00:12,488 DEBUG Corresponding type is already real float32.
2021-02-25 12:00:12,489 DEBUG nufft passed real_type for signal, converting
2021-02-25 12:00:12,503 DEBUG FinufftPlan adjusted eps=1.1920928955078125e-07 from requested 1e-08.
2021-02-25 12:00:12,751 DEBUG Corresponding type is already real float32.
2021-02-25 12:00:12,752 DEBUG nufft passed real_type for signal, converting
2021-02-25 12:00:12,775 DEBUG FinufftPlan adjusted eps=1.1920928955078125e-07 from requested 1e-08.
2021-02-25 12:00:13,030 DEBUG Corresponding type is already real float32.
2021-02-25 12:00:13,030 DEBUG nufft passed real_type for signal, converting
2021-02-25 12:00:13,052 DEBUG FinufftPlan adjusted eps=1.1920928955078125e-07 from requested 1e-08.
2021-02-25 12:00:13,299 DEBUG Corresponding type is already real float32.
2021-02-25 12:00:13,299 DEBUG nufft passed real_type for signal, converting
2021-02-25 12:00:13,321 DEBUG FinufftPlan adjusted eps=1.1920928955078125e-07 from requested 1e-08.
2021-02-25 12:00:13,608 DEBUG Corresponding type is already real float32.
2021-02-25 12:00:13,608 DEBUG nufft passed real_type for signal, converting
2021-02-25 12:00:13,628 DEBUG FinufftPlan adjusted eps=1.1920928955078125e-07 from requested 1e-08.
2021-02-25 12:00:13,908 DEBUG Corresponding type is already real float32.
2021-02-25 12:00:13,908 DEBUG nufft passed real_type for signal, converting
2021-02-25 12:00:13,927 DEBUG FinufftPlan adjusted eps=1.1920928955078125e-07 from requested 1e-08.
2021-02-25 12:00:14,821 DEBUG Corresponding type is already real float32.
2021-02-25 12:00:14,821 DEBUG nufft passed real_type for signal, converting
2021-02-25 12:00:14,838 DEBUG FinufftPlan adjusted eps=1.1920928955078125e-07 from requested 1e-08.
2021-02-25 12:00:15,091 DEBUG Corresponding type is already real float32.
2021-02-25 12:00:15,091 DEBUG nufft passed real_type for signal, converting
2021-02-25 12:00:15,110 DEBUG FinufftPlan adjusted eps=1.1920928955078125e-07 from requested 1e-08.
2021-02-25 12:00:15,370 DEBUG Corresponding type is already real float32.
2021-02-25 12:00:15,370 DEBUG nufft passed real_type for signal, converting
2021-02-25 12:00:15,389 DEBUG FinufftPlan adjusted eps=1.1920928955078125e-07 from requested 1e-08.
2021-02-25 12:00:15,641 DEBUG Corresponding type is already real float32.
2021-02-25 12:00:15,641 DEBUG nufft passed real_type for signal, converting
2021-02-25 12:00:15,660 DEBUG FinufftPlan adjusted eps=1.1920928955078125e-07 from requested 1e-08.
2021-02-25 12:00:15,902 DEBUG Corresponding type is already real float32.
2021-02-25 12:00:15,903 DEBUG nufft passed real_type for signal, converting
2021-02-25 12:00:15,921 DEBUG FinufftPlan adjusted eps=1.1920928955078125e-07 from requested 1e-08.
2021-02-25 12:00:16,173 DEBUG Corresponding type is already real float32.
2021-02-25 12:00:16,174 DEBUG nufft passed real_type for signal, converting
2021-02-25 12:00:16,192 DEBUG FinufftPlan adjusted eps=1.1920928955078125e-07 from requested 1e-08.
2021-02-25 12:00:16,545 DEBUG Corresponding type is already real float32.
2021-02-25 12:00:16,546 DEBUG nufft passed real_type for signal, converting
2021-02-25 12:00:16,569 DEBUG FinufftPlan adjusted eps=1.1920928955078125e-07 from requested 1e-08.
2021-02-25 12:00:17,163 INFO Iteration 14 | Cost = 3.7741232954749367e-10 | Relative Error = 0.45944075315883437
2021-02-25 12:00:17,163 INFO Iteration 14 | Relative Error u = 0.46054816246032715 | Relative Error g = 0.0015041121484988755
2021-02-25 12:00:17,164 INFO ========= Iteration 15 =========
2021-02-25 12:00:17,164 INFO Iteration 15 | descent step u
2021-02-25 12:00:17,206 DEBUG Corresponding type is already real float32.
2021-02-25 12:00:17,206 DEBUG nufft passed real_type for signal, converting
2021-02-25 12:00:17,225 DEBUG FinufftPlan adjusted eps=1.1920928955078125e-07 from requested 1e-08.
2021-02-25 12:00:17,625 DEBUG Corresponding type is already complex complex64.
2021-02-25 12:00:17,639 DEBUG FinufftPlan adjusted eps=1.1920928955078125e-07 from requested 1e-08.
2021-02-25 12:00:17,743 INFO Determined adjoint mappings. Shape = (65, 65, 65)
2021-02-25 12:00:17,754 INFO Iteration 15 | primal-dual step g
2021-02-25 12:00:17,804 DEBUG Corresponding type is already real float32.
2021-02-25 12:00:17,805 DEBUG nufft passed real_type for signal, converting
2021-02-25 12:00:17,819 DEBUG FinufftPlan adjusted eps=1.1920928955078125e-07 from requested 1e-08.
2021-02-25 12:00:18,123 DEBUG Corresponding type is already real float32.
2021-02-25 12:00:18,123 DEBUG nufft passed real_type for signal, converting
2021-02-25 12:00:18,142 DEBUG FinufftPlan adjusted eps=1.1920928955078125e-07 from requested 1e-08.
2021-02-25 12:00:18,529 DEBUG Corresponding type is already real float32.
2021-02-25 12:00:18,529 DEBUG nufft passed real_type for signal, converting
2021-02-25 12:00:18,546 DEBUG FinufftPlan adjusted eps=1.1920928955078125e-07 from requested 1e-08.
2021-02-25 12:00:18,833 DEBUG Corresponding type is already real float32.
2021-02-25 12:00:18,834 DEBUG nufft passed real_type for signal, converting
2021-02-25 12:00:18,854 DEBUG FinufftPlan adjusted eps=1.1920928955078125e-07 from requested 1e-08.
2021-02-25 12:00:19,262 DEBUG Corresponding type is already real float32.
2021-02-25 12:00:19,262 DEBUG nufft passed real_type for signal, converting
2021-02-25 12:00:19,282 DEBUG FinufftPlan adjusted eps=1.1920928955078125e-07 from requested 1e-08.
2021-02-25 12:00:19,524 DEBUG Corresponding type is already real float32.
2021-02-25 12:00:19,524 DEBUG nufft passed real_type for signal, converting
2021-02-25 12:00:19,545 DEBUG FinufftPlan adjusted eps=1.1920928955078125e-07 from requested 1e-08.
2021-02-25 12:00:20,468 DEBUG Corresponding type is already real float32.
2021-02-25 12:00:20,468 DEBUG nufft passed real_type for signal, converting
2021-02-25 12:00:20,484 DEBUG FinufftPlan adjusted eps=1.1920928955078125e-07 from requested 1e-08.
2021-02-25 12:00:20,782 DEBUG Corresponding type is already real float32.
2021-02-25 12:00:20,782 DEBUG nufft passed real_type for signal, converting
2021-02-25 12:00:20,802 DEBUG FinufftPlan adjusted eps=1.1920928955078125e-07 from requested 1e-08.
2021-02-25 12:00:21,044 DEBUG Corresponding type is already real float32.
2021-02-25 12:00:21,045 DEBUG nufft passed real_type for signal, converting
2021-02-25 12:00:21,067 DEBUG FinufftPlan adjusted eps=1.1920928955078125e-07 from requested 1e-08.
2021-02-25 12:00:21,339 DEBUG Corresponding type is already real float32.
2021-02-25 12:00:21,339 DEBUG nufft passed real_type for signal, converting
2021-02-25 12:00:21,359 DEBUG FinufftPlan adjusted eps=1.1920928955078125e-07 from requested 1e-08.
2021-02-25 12:00:21,758 DEBUG Corresponding type is already real float32.
2021-02-25 12:00:21,758 DEBUG nufft passed real_type for signal, converting
2021-02-25 12:00:21,773 DEBUG FinufftPlan adjusted eps=1.1920928955078125e-07 from requested 1e-08.
2021-02-25 12:00:22,059 DEBUG Corresponding type is already real float32.
2021-02-25 12:00:22,059 DEBUG nufft passed real_type for signal, converting
2021-02-25 12:00:22,083 DEBUG FinufftPlan adjusted eps=1.1920928955078125e-07 from requested 1e-08.
2021-02-25 12:00:22,534 DEBUG Corresponding type is already real float32.
2021-02-25 12:00:22,535 DEBUG nufft passed real_type for signal, converting
2021-02-25 12:00:22,549 DEBUG FinufftPlan adjusted eps=1.1920928955078125e-07 from requested 1e-08.
2021-02-25 12:00:22,937 INFO Iteration 15 | Cost = 3.6739072363599466e-10 | Relative Error = 0.4430807903812513
2021-02-25 12:00:22,937 INFO Iteration 15 | Relative Error u = 0.4441487491130829 | Relative Error g = 0.0015037510916283143
2021-02-25 12:00:22,937 INFO ========= Iteration 16 =========
2021-02-25 12:00:22,937 INFO Iteration 16 | descent step u
2021-02-25 12:00:22,964 DEBUG Corresponding type is already real float32.
2021-02-25 12:00:22,964 DEBUG nufft passed real_type for signal, converting
2021-02-25 12:00:22,979 DEBUG FinufftPlan adjusted eps=1.1920928955078125e-07 from requested 1e-08.
2021-02-25 12:00:23,321 DEBUG Corresponding type is already complex complex64.
2021-02-25 12:00:23,334 DEBUG FinufftPlan adjusted eps=1.1920928955078125e-07 from requested 1e-08.
2021-02-25 12:00:23,441 INFO Determined adjoint mappings. Shape = (65, 65, 65)
2021-02-25 12:00:23,454 INFO Iteration 16 | primal-dual step g
2021-02-25 12:00:23,508 DEBUG Corresponding type is already real float32.
2021-02-25 12:00:23,508 DEBUG nufft passed real_type for signal, converting
2021-02-25 12:00:23,523 DEBUG FinufftPlan adjusted eps=1.1920928955078125e-07 from requested 1e-08.
2021-02-25 12:00:23,767 DEBUG Corresponding type is already real float32.
2021-02-25 12:00:23,767 DEBUG nufft passed real_type for signal, converting
2021-02-25 12:00:23,786 DEBUG FinufftPlan adjusted eps=1.1920928955078125e-07 from requested 1e-08.
2021-02-25 12:00:24,027 DEBUG Corresponding type is already real float32.
2021-02-25 12:00:24,027 DEBUG nufft passed real_type for signal, converting
2021-02-25 12:00:24,046 DEBUG FinufftPlan adjusted eps=1.1920928955078125e-07 from requested 1e-08.
2021-02-25 12:00:24,291 DEBUG Corresponding type is already real float32.
2021-02-25 12:00:24,291 DEBUG nufft passed real_type for signal, converting
2021-02-25 12:00:24,311 DEBUG FinufftPlan adjusted eps=1.1920928955078125e-07 from requested 1e-08.
2021-02-25 12:00:24,565 DEBUG Corresponding type is already real float32.
2021-02-25 12:00:24,565 DEBUG nufft passed real_type for signal, converting
2021-02-25 12:00:24,585 DEBUG FinufftPlan adjusted eps=1.1920928955078125e-07 from requested 1e-08.
2021-02-25 12:00:24,843 DEBUG Corresponding type is already real float32.
2021-02-25 12:00:24,843 DEBUG nufft passed real_type for signal, converting
2021-02-25 12:00:24,862 DEBUG FinufftPlan adjusted eps=1.1920928955078125e-07 from requested 1e-08.
2021-02-25 12:00:25,742 DEBUG Corresponding type is already real float32.
2021-02-25 12:00:25,742 DEBUG nufft passed real_type for signal, converting
2021-02-25 12:00:25,754 DEBUG FinufftPlan adjusted eps=1.1920928955078125e-07 from requested 1e-08.
2021-02-25 12:00:26,113 DEBUG Corresponding type is already real float32.
2021-02-25 12:00:26,113 DEBUG nufft passed real_type for signal, converting
2021-02-25 12:00:26,129 DEBUG FinufftPlan adjusted eps=1.1920928955078125e-07 from requested 1e-08.
2021-02-25 12:00:26,428 DEBUG Corresponding type is already real float32.
2021-02-25 12:00:26,428 DEBUG nufft passed real_type for signal, converting
2021-02-25 12:00:26,452 DEBUG FinufftPlan adjusted eps=1.1920928955078125e-07 from requested 1e-08.
2021-02-25 12:00:26,764 DEBUG Corresponding type is already real float32.
2021-02-25 12:00:26,765 DEBUG nufft passed real_type for signal, converting
2021-02-25 12:00:26,785 DEBUG FinufftPlan adjusted eps=1.1920928955078125e-07 from requested 1e-08.
2021-02-25 12:00:27,242 DEBUG Corresponding type is already real float32.
2021-02-25 12:00:27,242 DEBUG nufft passed real_type for signal, converting
2021-02-25 12:00:27,265 DEBUG FinufftPlan adjusted eps=1.1920928955078125e-07 from requested 1e-08.
2021-02-25 12:00:27,676 DEBUG Corresponding type is already real float32.
2021-02-25 12:00:27,676 DEBUG nufft passed real_type for signal, converting
2021-02-25 12:00:27,732 DEBUG FinufftPlan adjusted eps=1.1920928955078125e-07 from requested 1e-08.
2021-02-25 12:00:28,032 DEBUG Corresponding type is already real float32.
2021-02-25 12:00:28,032 DEBUG nufft passed real_type for signal, converting
2021-02-25 12:00:28,051 DEBUG FinufftPlan adjusted eps=1.1920928955078125e-07 from requested 1e-08.
2021-02-25 12:00:28,449 INFO Iteration 16 | Cost = 3.58341894614015e-10 | Relative Error = 0.4276933420162062
2021-02-25 12:00:28,449 INFO Iteration 16 | Relative Error u = 0.4287241995334625 | Relative Error g = 0.0014807640790815864
2021-02-25 12:00:28,449 INFO ========= Iteration 17 =========
2021-02-25 12:00:28,449 INFO Iteration 17 | descent step u
2021-02-25 12:00:28,477 DEBUG Corresponding type is already real float32.
2021-02-25 12:00:28,477 DEBUG nufft passed real_type for signal, converting
2021-02-25 12:00:28,491 DEBUG FinufftPlan adjusted eps=1.1920928955078125e-07 from requested 1e-08.
2021-02-25 12:00:28,856 DEBUG Corresponding type is already complex complex64.
2021-02-25 12:00:28,885 DEBUG FinufftPlan adjusted eps=1.1920928955078125e-07 from requested 1e-08.
2021-02-25 12:00:29,026 INFO Determined adjoint mappings. Shape = (65, 65, 65)
2021-02-25 12:00:29,038 INFO Iteration 17 | primal-dual step g
2021-02-25 12:00:29,092 DEBUG Corresponding type is already real float32.
2021-02-25 12:00:29,092 DEBUG nufft passed real_type for signal, converting
2021-02-25 12:00:29,107 DEBUG FinufftPlan adjusted eps=1.1920928955078125e-07 from requested 1e-08.
2021-02-25 12:00:29,528 DEBUG Corresponding type is already real float32.
2021-02-25 12:00:29,528 DEBUG nufft passed real_type for signal, converting
2021-02-25 12:00:29,551 DEBUG FinufftPlan adjusted eps=1.1920928955078125e-07 from requested 1e-08.
2021-02-25 12:00:29,855 DEBUG Corresponding type is already real float32.
2021-02-25 12:00:29,855 DEBUG nufft passed real_type for signal, converting
2021-02-25 12:00:29,918 DEBUG FinufftPlan adjusted eps=1.1920928955078125e-07 from requested 1e-08.
2021-02-25 12:00:30,245 DEBUG Corresponding type is already real float32.
2021-02-25 12:00:30,246 DEBUG nufft passed real_type for signal, converting
2021-02-25 12:00:30,268 DEBUG FinufftPlan adjusted eps=1.1920928955078125e-07 from requested 1e-08.
2021-02-25 12:00:30,562 DEBUG Corresponding type is already real float32.
2021-02-25 12:00:30,562 DEBUG nufft passed real_type for signal, converting
2021-02-25 12:00:30,588 DEBUG FinufftPlan adjusted eps=1.1920928955078125e-07 from requested 1e-08.
2021-02-25 12:00:30,879 DEBUG Corresponding type is already real float32.
2021-02-25 12:00:30,879 DEBUG nufft passed real_type for signal, converting
2021-02-25 12:00:30,898 DEBUG FinufftPlan adjusted eps=1.1920928955078125e-07 from requested 1e-08.
2021-02-25 12:00:31,872 DEBUG Corresponding type is already real float32.
2021-02-25 12:00:31,872 DEBUG nufft passed real_type for signal, converting
2021-02-25 12:00:31,884 DEBUG FinufftPlan adjusted eps=1.1920928955078125e-07 from requested 1e-08.
2021-02-25 12:00:32,128 DEBUG Corresponding type is already real float32.
2021-02-25 12:00:32,128 DEBUG nufft passed real_type for signal, converting
2021-02-25 12:00:32,150 DEBUG FinufftPlan adjusted eps=1.1920928955078125e-07 from requested 1e-08.
2021-02-25 12:00:32,403 DEBUG Corresponding type is already real float32.
2021-02-25 12:00:32,403 DEBUG nufft passed real_type for signal, converting
2021-02-25 12:00:32,425 DEBUG FinufftPlan adjusted eps=1.1920928955078125e-07 from requested 1e-08.
2021-02-25 12:00:32,692 DEBUG Corresponding type is already real float32.
2021-02-25 12:00:32,692 DEBUG nufft passed real_type for signal, converting
2021-02-25 12:00:32,714 DEBUG FinufftPlan adjusted eps=1.1920928955078125e-07 from requested 1e-08.
2021-02-25 12:00:33,039 DEBUG Corresponding type is already real float32.
2021-02-25 12:00:33,039 DEBUG nufft passed real_type for signal, converting
2021-02-25 12:00:33,059 DEBUG FinufftPlan adjusted eps=1.1920928955078125e-07 from requested 1e-08.
2021-02-25 12:00:33,357 DEBUG Corresponding type is already real float32.
2021-02-25 12:00:33,357 DEBUG nufft passed real_type for signal, converting
2021-02-25 12:00:33,379 DEBUG FinufftPlan adjusted eps=1.1920928955078125e-07 from requested 1e-08.
2021-02-25 12:00:33,686 DEBUG Corresponding type is already real float32.
2021-02-25 12:00:33,687 DEBUG nufft passed real_type for signal, converting
2021-02-25 12:00:33,706 DEBUG FinufftPlan adjusted eps=1.1920928955078125e-07 from requested 1e-08.
2021-02-25 12:00:34,268 INFO Iteration 17 | Cost = 3.501733490310428e-10 | Relative Error = 0.41316651700963664
2021-02-25 12:00:34,269 INFO Iteration 17 | Relative Error u = 0.41416236758232117 | Relative Error g = 0.001475221523316836
2021-02-25 12:00:34,269 INFO ========= Iteration 18 =========
2021-02-25 12:00:34,269 INFO Iteration 18 | descent step u
2021-02-25 12:00:34,313 DEBUG Corresponding type is already real float32.
2021-02-25 12:00:34,313 DEBUG nufft passed real_type for signal, converting
2021-02-25 12:00:34,327 DEBUG FinufftPlan adjusted eps=1.1920928955078125e-07 from requested 1e-08.
2021-02-25 12:00:34,656 DEBUG Corresponding type is already complex complex64.
2021-02-25 12:00:34,668 DEBUG FinufftPlan adjusted eps=1.1920928955078125e-07 from requested 1e-08.
2021-02-25 12:00:34,811 INFO Determined adjoint mappings. Shape = (65, 65, 65)
2021-02-25 12:00:34,828 INFO Iteration 18 | primal-dual step g
2021-02-25 12:00:34,879 DEBUG Corresponding type is already real float32.
2021-02-25 12:00:34,880 DEBUG nufft passed real_type for signal, converting
2021-02-25 12:00:34,896 DEBUG FinufftPlan adjusted eps=1.1920928955078125e-07 from requested 1e-08.
2021-02-25 12:00:35,140 DEBUG Corresponding type is already real float32.
2021-02-25 12:00:35,140 DEBUG nufft passed real_type for signal, converting
2021-02-25 12:00:35,161 DEBUG FinufftPlan adjusted eps=1.1920928955078125e-07 from requested 1e-08.
2021-02-25 12:00:35,416 DEBUG Corresponding type is already real float32.
2021-02-25 12:00:35,416 DEBUG nufft passed real_type for signal, converting
2021-02-25 12:00:35,438 DEBUG FinufftPlan adjusted eps=1.1920928955078125e-07 from requested 1e-08.
2021-02-25 12:00:35,709 DEBUG Corresponding type is already real float32.
2021-02-25 12:00:35,709 DEBUG nufft passed real_type for signal, converting
2021-02-25 12:00:35,735 DEBUG FinufftPlan adjusted eps=1.1920928955078125e-07 from requested 1e-08.
2021-02-25 12:00:35,990 DEBUG Corresponding type is already real float32.
2021-02-25 12:00:35,990 DEBUG nufft passed real_type for signal, converting
2021-02-25 12:00:36,010 DEBUG FinufftPlan adjusted eps=1.1920928955078125e-07 from requested 1e-08.
2021-02-25 12:00:36,301 DEBUG Corresponding type is already real float32.
2021-02-25 12:00:36,301 DEBUG nufft passed real_type for signal, converting
2021-02-25 12:00:36,323 DEBUG FinufftPlan adjusted eps=1.1920928955078125e-07 from requested 1e-08.
2021-02-25 12:00:37,318 DEBUG Corresponding type is already real float32.
2021-02-25 12:00:37,318 DEBUG nufft passed real_type for signal, converting
2021-02-25 12:00:37,333 DEBUG FinufftPlan adjusted eps=1.1920928955078125e-07 from requested 1e-08.
2021-02-25 12:00:37,596 DEBUG Corresponding type is already real float32.
2021-02-25 12:00:37,596 DEBUG nufft passed real_type for signal, converting
2021-02-25 12:00:37,619 DEBUG FinufftPlan adjusted eps=1.1920928955078125e-07 from requested 1e-08.
2021-02-25 12:00:37,863 DEBUG Corresponding type is already real float32.
2021-02-25 12:00:37,864 DEBUG nufft passed real_type for signal, converting
2021-02-25 12:00:37,883 DEBUG FinufftPlan adjusted eps=1.1920928955078125e-07 from requested 1e-08.
2021-02-25 12:00:38,124 DEBUG Corresponding type is already real float32.
2021-02-25 12:00:38,124 DEBUG nufft passed real_type for signal, converting
2021-02-25 12:00:38,145 DEBUG FinufftPlan adjusted eps=1.1920928955078125e-07 from requested 1e-08.
2021-02-25 12:00:38,388 DEBUG Corresponding type is already real float32.
2021-02-25 12:00:38,388 DEBUG nufft passed real_type for signal, converting
2021-02-25 12:00:38,407 DEBUG FinufftPlan adjusted eps=1.1920928955078125e-07 from requested 1e-08.
2021-02-25 12:00:38,646 DEBUG Corresponding type is already real float32.
2021-02-25 12:00:38,646 DEBUG nufft passed real_type for signal, converting
2021-02-25 12:00:38,666 DEBUG FinufftPlan adjusted eps=1.1920928955078125e-07 from requested 1e-08.
2021-02-25 12:00:38,940 DEBUG Corresponding type is already real float32.
2021-02-25 12:00:38,940 DEBUG nufft passed real_type for signal, converting
2021-02-25 12:00:38,958 DEBUG FinufftPlan adjusted eps=1.1920928955078125e-07 from requested 1e-08.
2021-02-25 12:00:39,340 INFO Iteration 18 | Cost = 3.428013939597348e-10 | Relative Error = 0.39942073866404393
2021-02-25 12:00:39,340 INFO Iteration 18 | Relative Error u = 0.40038347244262695 | Relative Error g = 0.0014208608932632554
2021-02-25 12:00:39,340 INFO ========= Iteration 19 =========
2021-02-25 12:00:39,340 INFO Iteration 19 | descent step u
2021-02-25 12:00:39,366 DEBUG Corresponding type is already real float32.
2021-02-25 12:00:39,366 DEBUG nufft passed real_type for signal, converting
2021-02-25 12:00:39,380 DEBUG FinufftPlan adjusted eps=1.1920928955078125e-07 from requested 1e-08.
2021-02-25 12:00:39,701 DEBUG Corresponding type is already complex complex64.
2021-02-25 12:00:39,714 DEBUG FinufftPlan adjusted eps=1.1920928955078125e-07 from requested 1e-08.
2021-02-25 12:00:39,814 INFO Determined adjoint mappings. Shape = (65, 65, 65)
2021-02-25 12:00:39,826 INFO Iteration 19 | primal-dual step g
2021-02-25 12:00:39,872 DEBUG Corresponding type is already real float32.
2021-02-25 12:00:39,872 DEBUG nufft passed real_type for signal, converting
2021-02-25 12:00:39,887 DEBUG FinufftPlan adjusted eps=1.1920928955078125e-07 from requested 1e-08.
2021-02-25 12:00:40,127 DEBUG Corresponding type is already real float32.
2021-02-25 12:00:40,127 DEBUG nufft passed real_type for signal, converting
2021-02-25 12:00:40,146 DEBUG FinufftPlan adjusted eps=1.1920928955078125e-07 from requested 1e-08.
2021-02-25 12:00:40,408 DEBUG Corresponding type is already real float32.
2021-02-25 12:00:40,408 DEBUG nufft passed real_type for signal, converting
2021-02-25 12:00:40,427 DEBUG FinufftPlan adjusted eps=1.1920928955078125e-07 from requested 1e-08.
2021-02-25 12:00:40,661 DEBUG Corresponding type is already real float32.
2021-02-25 12:00:40,661 DEBUG nufft passed real_type for signal, converting
2021-02-25 12:00:40,680 DEBUG FinufftPlan adjusted eps=1.1920928955078125e-07 from requested 1e-08.
2021-02-25 12:00:40,913 DEBUG Corresponding type is already real float32.
2021-02-25 12:00:40,913 DEBUG nufft passed real_type for signal, converting
2021-02-25 12:00:40,936 DEBUG FinufftPlan adjusted eps=1.1920928955078125e-07 from requested 1e-08.
2021-02-25 12:00:41,201 DEBUG Corresponding type is already real float32.
2021-02-25 12:00:41,201 DEBUG nufft passed real_type for signal, converting
2021-02-25 12:00:41,220 DEBUG FinufftPlan adjusted eps=1.1920928955078125e-07 from requested 1e-08.
2021-02-25 12:00:42,076 DEBUG Corresponding type is already real float32.
2021-02-25 12:00:42,076 DEBUG nufft passed real_type for signal, converting
2021-02-25 12:00:42,088 DEBUG FinufftPlan adjusted eps=1.1920928955078125e-07 from requested 1e-08.
2021-02-25 12:00:42,328 DEBUG Corresponding type is already real float32.
2021-02-25 12:00:42,328 DEBUG nufft passed real_type for signal, converting
2021-02-25 12:00:42,347 DEBUG FinufftPlan adjusted eps=1.1920928955078125e-07 from requested 1e-08.
2021-02-25 12:00:42,586 DEBUG Corresponding type is already real float32.
2021-02-25 12:00:42,586 DEBUG nufft passed real_type for signal, converting
2021-02-25 12:00:42,605 DEBUG FinufftPlan adjusted eps=1.1920928955078125e-07 from requested 1e-08.
2021-02-25 12:00:42,853 DEBUG Corresponding type is already real float32.
2021-02-25 12:00:42,853 DEBUG nufft passed real_type for signal, converting
2021-02-25 12:00:42,875 DEBUG FinufftPlan adjusted eps=1.1920928955078125e-07 from requested 1e-08.
2021-02-25 12:00:43,114 DEBUG Corresponding type is already real float32.
2021-02-25 12:00:43,115 DEBUG nufft passed real_type for signal, converting
2021-02-25 12:00:43,133 DEBUG FinufftPlan adjusted eps=1.1920928955078125e-07 from requested 1e-08.
2021-02-25 12:00:43,374 DEBUG Corresponding type is already real float32.
2021-02-25 12:00:43,374 DEBUG nufft passed real_type for signal, converting
2021-02-25 12:00:43,395 DEBUG FinufftPlan adjusted eps=1.1920928955078125e-07 from requested 1e-08.
2021-02-25 12:00:43,654 DEBUG Corresponding type is already real float32.
2021-02-25 12:00:43,654 DEBUG nufft passed real_type for signal, converting
2021-02-25 12:00:43,673 DEBUG FinufftPlan adjusted eps=1.1920928955078125e-07 from requested 1e-08.
2021-02-25 12:00:44,045 INFO Iteration 19 | Cost = 3.361494165220069e-10 | Relative Error = 0.3863814222469081
2021-02-25 12:00:44,045 INFO Iteration 19 | Relative Error u = 0.38731271028518677 | Relative Error g = 0.0013785304867291162
2021-02-25 12:00:44,045 INFO ========= Iteration 20 =========
2021-02-25 12:00:44,045 INFO Iteration 20 | descent step u
2021-02-25 12:00:44,072 DEBUG Corresponding type is already real float32.
2021-02-25 12:00:44,073 DEBUG nufft passed real_type for signal, converting
2021-02-25 12:00:44,090 DEBUG FinufftPlan adjusted eps=1.1920928955078125e-07 from requested 1e-08.
2021-02-25 12:00:44,420 DEBUG Corresponding type is already complex complex64.
2021-02-25 12:00:44,432 DEBUG FinufftPlan adjusted eps=1.1920928955078125e-07 from requested 1e-08.
2021-02-25 12:00:44,527 INFO Determined adjoint mappings. Shape = (65, 65, 65)
2021-02-25 12:00:44,538 INFO Iteration 20 | primal-dual step g
2021-02-25 12:00:44,585 DEBUG Corresponding type is already real float32.
2021-02-25 12:00:44,585 DEBUG nufft passed real_type for signal, converting
2021-02-25 12:00:44,600 DEBUG FinufftPlan adjusted eps=1.1920928955078125e-07 from requested 1e-08.
2021-02-25 12:00:44,839 DEBUG Corresponding type is already real float32.
2021-02-25 12:00:44,839 DEBUG nufft passed real_type for signal, converting
2021-02-25 12:00:44,858 DEBUG FinufftPlan adjusted eps=1.1920928955078125e-07 from requested 1e-08.
2021-02-25 12:00:45,096 DEBUG Corresponding type is already real float32.
2021-02-25 12:00:45,097 DEBUG nufft passed real_type for signal, converting
2021-02-25 12:00:45,115 DEBUG FinufftPlan adjusted eps=1.1920928955078125e-07 from requested 1e-08.
2021-02-25 12:00:45,356 DEBUG Corresponding type is already real float32.
2021-02-25 12:00:45,356 DEBUG nufft passed real_type for signal, converting
2021-02-25 12:00:45,376 DEBUG FinufftPlan adjusted eps=1.1920928955078125e-07 from requested 1e-08.
2021-02-25 12:00:45,614 DEBUG Corresponding type is already real float32.
2021-02-25 12:00:45,614 DEBUG nufft passed real_type for signal, converting
2021-02-25 12:00:45,635 DEBUG FinufftPlan adjusted eps=1.1920928955078125e-07 from requested 1e-08.
2021-02-25 12:00:45,881 DEBUG Corresponding type is already real float32.
2021-02-25 12:00:45,881 DEBUG nufft passed real_type for signal, converting
2021-02-25 12:00:45,901 DEBUG FinufftPlan adjusted eps=1.1920928955078125e-07 from requested 1e-08.
2021-02-25 12:00:46,740 DEBUG Corresponding type is already real float32.
2021-02-25 12:00:46,740 DEBUG nufft passed real_type for signal, converting
2021-02-25 12:00:46,753 DEBUG FinufftPlan adjusted eps=1.1920928955078125e-07 from requested 1e-08.
2021-02-25 12:00:47,001 DEBUG Corresponding type is already real float32.
2021-02-25 12:00:47,002 DEBUG nufft passed real_type for signal, converting
2021-02-25 12:00:47,021 DEBUG FinufftPlan adjusted eps=1.1920928955078125e-07 from requested 1e-08.
2021-02-25 12:00:47,260 DEBUG Corresponding type is already real float32.
2021-02-25 12:00:47,260 DEBUG nufft passed real_type for signal, converting
2021-02-25 12:00:47,283 DEBUG FinufftPlan adjusted eps=1.1920928955078125e-07 from requested 1e-08.
2021-02-25 12:00:47,527 DEBUG Corresponding type is already real float32.
2021-02-25 12:00:47,527 DEBUG nufft passed real_type for signal, converting
2021-02-25 12:00:47,546 DEBUG FinufftPlan adjusted eps=1.1920928955078125e-07 from requested 1e-08.
2021-02-25 12:00:47,808 DEBUG Corresponding type is already real float32.
2021-02-25 12:00:47,808 DEBUG nufft passed real_type for signal, converting
2021-02-25 12:00:47,830 DEBUG FinufftPlan adjusted eps=1.1920928955078125e-07 from requested 1e-08.
2021-02-25 12:00:48,083 DEBUG Corresponding type is already real float32.
2021-02-25 12:00:48,083 DEBUG nufft passed real_type for signal, converting
2021-02-25 12:00:48,106 DEBUG FinufftPlan adjusted eps=1.1920928955078125e-07 from requested 1e-08.
2021-02-25 12:00:48,380 DEBUG Corresponding type is already real float32.
2021-02-25 12:00:48,381 DEBUG nufft passed real_type for signal, converting
2021-02-25 12:00:48,403 DEBUG FinufftPlan adjusted eps=1.1920928955078125e-07 from requested 1e-08.
2021-02-25 12:00:48,815 INFO Iteration 20 | Cost = 3.3015470449587774e-10 | Relative Error = 0.37399307926236935
2021-02-25 12:00:48,815 INFO Iteration 20 | Relative Error u = 0.37489452958106995 | Relative Error g = 0.0013583400071653195
