2021-02-15 14:53:24,223 DEBUG Using fontManager instance from /Users/wdiepeveen/.matplotlib/fontlist-v330.json
2021-02-15 14:53:24,466 INFO This script illustrates orientation refinement using lRCPA as primal-dual splitting method
2021-02-15 14:53:24,474 DEBUG Corresponding type is already real float32.
2021-02-15 14:53:24,474 DEBUG nufft passed real_type for signal, converting
2021-02-15 14:53:24,475 INFO Trying NFFT backend finufft
2021-02-15 14:53:24,485 INFO NFFT backend finufft usable.
2021-02-15 14:53:24,485 INFO Trying NFFT backend cufinufft
2021-02-15 14:53:24,485 INFO NFFT backend cufinufft not usable:
	No module named 'pycuda'
2021-02-15 14:53:24,485 INFO Trying NFFT backend pynfft
2021-02-15 14:53:24,486 INFO NFFT backend pynfft not usable:
	No module named 'pynfft'
2021-02-15 14:53:24,486 INFO Selected NFFT backend = finufft.
2021-02-15 14:53:24,489 DEBUG FinufftPlan adjusted eps=1.1920928955078125e-07 from requested 1e-08.
2021-02-15 14:53:24,651 INFO Applying forward transformations in pipeline
2021-02-15 14:53:24,651 INFO All forward transformations applied
2021-02-15 14:53:24,652 INFO Loaded 128 images
2021-02-15 14:53:27,215 CRITICAL 'PrimalDualProblem' object has no attribute '_rotations'
Traceback:
  File "/Users/wdiepeveen/Documents/PhD/Projects/2 - Cryo-EM/src/src/Cryo-EM/test.py", line 38, in <module>
    print(prob.rots)
  File "/Users/wdiepeveen/PycharmProjects/Cryo-EM/lib/python3.6/site-packages/aspire/source/__init__.py", line 190, in rots
    return self._rotations.as_matrix().astype(self.dtype)

