2021-02-27 14:02:07,895 INFO This script illustrates images at different SNR levels
2021-02-27 14:02:07,897 INFO Initialize simulation object and CTF filters.
2021-02-27 14:02:07,897 INFO Load 3D map and downsample 3D map to desired grids of 33 x 33 x 33.
2021-02-27 14:02:08,593 INFO Use downsampled map to creat simulation object.
2021-02-27 14:02:08,613 DEBUG Corresponding type is already real float32.
2021-02-27 14:02:08,613 DEBUG nufft passed real_type for signal, converting
2021-02-27 14:02:08,613 INFO Trying NFFT backend finufft
2021-02-27 14:02:08,619 INFO NFFT backend finufft usable.
2021-02-27 14:02:08,619 INFO Trying NFFT backend cufinufft
2021-02-27 14:02:08,619 INFO NFFT backend cufinufft not usable:
	No module named 'pycuda'
2021-02-27 14:02:08,620 INFO Trying NFFT backend pynfft
2021-02-27 14:02:08,620 INFO NFFT backend pynfft not usable:
	No module named 'pynfft'
2021-02-27 14:02:08,620 INFO Selected NFFT backend = finufft.
2021-02-27 14:02:08,624 DEBUG FinufftPlan adjusted eps=1.1920928955078125e-07 from requested 1e-08.
2021-02-27 14:02:09,200 INFO Applying forward transformations in pipeline
2021-02-27 14:02:09,200 INFO All forward transformations applied
2021-02-27 14:02:09,200 INFO Loaded 128 images
2021-02-27 14:02:09,205 DEBUG Corresponding type is already real float32.
2021-02-27 14:02:09,205 DEBUG nufft passed real_type for signal, converting
2021-02-27 14:02:09,208 DEBUG FinufftPlan adjusted eps=1.1920928955078125e-07 from requested 1e-08.
2021-02-27 14:02:09,620 INFO Applying forward transformations in pipeline
2021-02-27 14:02:09,620 INFO All forward transformations applied
2021-02-27 14:02:09,620 INFO Loaded 128 images
2021-02-27 14:02:09,626 DEBUG Corresponding type is already real float32.
2021-02-27 14:02:09,626 DEBUG nufft passed real_type for signal, converting
2021-02-27 14:02:09,629 DEBUG FinufftPlan adjusted eps=1.1920928955078125e-07 from requested 1e-08.
2021-02-27 14:02:09,710 DEBUG Corresponding type is already real float32.
2021-02-27 14:02:09,710 DEBUG nufft passed real_type for signal, converting
2021-02-27 14:02:09,711 DEBUG FinufftPlan adjusted eps=1.1920928955078125e-07 from requested 1e-08.
2021-02-27 14:02:09,900 INFO Applying forward transformations in pipeline
2021-02-27 14:02:09,900 INFO All forward transformations applied
2021-02-27 14:02:09,900 INFO Loaded 3 images
