2021-02-16 10:54:56,762 DEBUG Using fontManager instance from /Users/wdiepeveen/.matplotlib/fontlist-v330.json
2021-02-16 10:54:57,003 INFO This script illustrates orientation refinement using lRCPA as primal-dual splitting method
2021-02-16 10:54:57,012 DEBUG Corresponding type is already real float32.
2021-02-16 10:54:57,012 DEBUG nufft passed real_type for signal, converting
2021-02-16 10:54:57,012 INFO Trying NFFT backend finufft
2021-02-16 10:54:57,018 INFO NFFT backend finufft usable.
2021-02-16 10:54:57,019 INFO Trying NFFT backend cufinufft
2021-02-16 10:54:57,019 INFO NFFT backend cufinufft not usable:
	No module named 'pycuda'
2021-02-16 10:54:57,019 INFO Trying NFFT backend pynfft
2021-02-16 10:54:57,019 INFO NFFT backend pynfft not usable:
	No module named 'pynfft'
2021-02-16 10:54:57,019 INFO Selected NFFT backend = finufft.
2021-02-16 10:54:57,023 DEBUG FinufftPlan adjusted eps=1.1920928955078125e-07 from requested 1e-08.
2021-02-16 10:54:57,203 INFO Applying forward transformations in pipeline
2021-02-16 10:54:57,203 INFO All forward transformations applied
2021-02-16 10:54:57,203 INFO Loaded 128 images
2021-02-16 10:54:57,204 WARNING PrimalDualProblem vols.dtype float64 != self.dtype float32. In the future this will raise an error.
2021-02-16 10:54:57,232 INFO Testing data fidelity
2021-02-16 10:54:57,235 WARNING Volume rot_matrices.dtype float32 != self.dtype float64. In the future this will raise an error.
2021-02-16 10:54:57,240 DEBUG Corresponding type is already real float64.
2021-02-16 10:54:57,241 WARNING nufft passed inconsistent dtypes. fourier_pts: float32 forcing precision of signal data: float64.
2021-02-16 10:54:57,241 DEBUG Corresponding type is already real float64.
2021-02-16 10:54:57,243 DEBUG nufft passed real_type for signal, converting
2021-02-16 10:54:57,380 INFO Testing grad norm fidelity
2021-02-16 10:54:57,383 INFO Testing rotation fidelity
2021-02-16 10:54:57,581 INFO Testing differential
2021-02-16 10:54:59,614 CRITICAL 'DiscreteLpElement' object has no attribute 'project'
Traceback:
  File "/Users/wdiepeveen/Documents/PhD/Projects/2 - Cryo-EM/src/src/Cryo-EM/test.py", line 62, in <module>
    print(differential_forward_rot(prob, eta))
  File "/Users/wdiepeveen/Documents/PhD/Projects/2 - Cryo-EM/src/src/Cryo-EM/functions/differentials.py", line 41, in differential_forward_rot
    differential = src.forward(vol=vol12)
  File "/Users/wdiepeveen/Documents/PhD/Projects/2 - Cryo-EM/src/src/Cryo-EM/problems/primal_dual_problem.py", line 131, in forward
    im = self.projections(start=start, num=num, indices=indices, vol=vol)
  File "/Users/wdiepeveen/Documents/PhD/Projects/2 - Cryo-EM/src/src/Cryo-EM/problems/primal_dual_problem.py", line 123, in projections
    im = vol.project(vol_idx=0, rot_matrices=self.rots).asnumpy()

