2021-02-27 14:30:19,311 INFO This script illustrates images at different SNR levels
2021-02-27 14:30:19,313 INFO Initialize simulation object and CTF filters.
2021-02-27 14:30:19,313 INFO Load 3D map and downsample 3D map to desired grids of 33 x 33 x 33.
2021-02-27 14:30:19,944 INFO Use downsampled map to creat simulation object.
2021-02-27 14:30:19,963 DEBUG Corresponding type is already real float32.
2021-02-27 14:30:19,963 DEBUG nufft passed real_type for signal, converting
2021-02-27 14:30:19,963 INFO Trying NFFT backend finufft
2021-02-27 14:30:19,969 INFO NFFT backend finufft usable.
2021-02-27 14:30:19,969 INFO Trying NFFT backend cufinufft
2021-02-27 14:30:19,970 INFO NFFT backend cufinufft not usable:
	No module named 'pycuda'
2021-02-27 14:30:19,970 INFO Trying NFFT backend pynfft
2021-02-27 14:30:19,970 INFO NFFT backend pynfft not usable:
	No module named 'pynfft'
2021-02-27 14:30:19,970 INFO Selected NFFT backend = finufft.
2021-02-27 14:30:19,974 DEBUG FinufftPlan adjusted eps=1.1920928955078125e-07 from requested 1e-08.
2021-02-27 14:30:20,142 DEBUG Corresponding type is already real float32.
2021-02-27 14:30:20,142 DEBUG nufft passed real_type for signal, converting
2021-02-27 14:30:20,146 DEBUG FinufftPlan adjusted eps=1.1920928955078125e-07 from requested 1e-08.
2021-02-27 14:30:20,712 INFO Applying forward transformations in pipeline
2021-02-27 14:30:20,713 INFO All forward transformations applied
2021-02-27 14:30:20,713 INFO Loaded 128 images
2021-02-27 14:30:20,717 DEBUG Corresponding type is already real float32.
2021-02-27 14:30:20,717 DEBUG nufft passed real_type for signal, converting
2021-02-27 14:30:20,720 DEBUG FinufftPlan adjusted eps=1.1920928955078125e-07 from requested 1e-08.
2021-02-27 14:30:20,800 DEBUG Corresponding type is already real float32.
2021-02-27 14:30:20,801 DEBUG nufft passed real_type for signal, converting
2021-02-27 14:30:20,801 DEBUG FinufftPlan adjusted eps=1.1920928955078125e-07 from requested 1e-08.
2021-02-27 14:30:20,982 INFO Applying forward transformations in pipeline
2021-02-27 14:30:20,982 INFO All forward transformations applied
2021-02-27 14:30:20,982 INFO Loaded 3 images
