2021-02-27 14:04:37,198 INFO This script illustrates images at different SNR levels
2021-02-27 14:04:37,200 INFO Initialize simulation object and CTF filters.
2021-02-27 14:04:37,201 INFO Load 3D map and downsample 3D map to desired grids of 33 x 33 x 33.
2021-02-27 14:04:37,890 INFO Use downsampled map to creat simulation object.
2021-02-27 14:04:37,912 DEBUG Corresponding type is already real float32.
2021-02-27 14:04:37,912 DEBUG nufft passed real_type for signal, converting
2021-02-27 14:04:37,912 INFO Trying NFFT backend finufft
2021-02-27 14:04:37,917 INFO NFFT backend finufft usable.
2021-02-27 14:04:37,918 INFO Trying NFFT backend cufinufft
2021-02-27 14:04:37,918 INFO NFFT backend cufinufft not usable:
	No module named 'pycuda'
2021-02-27 14:04:37,918 INFO Trying NFFT backend pynfft
2021-02-27 14:04:37,918 INFO NFFT backend pynfft not usable:
	No module named 'pynfft'
2021-02-27 14:04:37,918 INFO Selected NFFT backend = finufft.
2021-02-27 14:04:37,922 DEBUG FinufftPlan adjusted eps=1.1920928955078125e-07 from requested 1e-08.
2021-02-27 14:04:38,483 INFO Applying forward transformations in pipeline
2021-02-27 14:04:38,483 INFO All forward transformations applied
2021-02-27 14:04:38,483 INFO Loaded 128 images
2021-02-27 14:04:38,488 DEBUG Corresponding type is already real float32.
2021-02-27 14:04:38,488 DEBUG nufft passed real_type for signal, converting
2021-02-27 14:04:38,491 DEBUG FinufftPlan adjusted eps=1.1920928955078125e-07 from requested 1e-08.
2021-02-27 14:04:38,897 INFO Applying forward transformations in pipeline
2021-02-27 14:04:38,897 INFO All forward transformations applied
2021-02-27 14:04:38,897 INFO Loaded 128 images
2021-02-27 14:04:38,902 DEBUG Corresponding type is already real float32.
2021-02-27 14:04:38,902 DEBUG nufft passed real_type for signal, converting
2021-02-27 14:04:38,906 DEBUG FinufftPlan adjusted eps=1.1920928955078125e-07 from requested 1e-08.
2021-02-27 14:04:38,986 DEBUG Corresponding type is already real float32.
2021-02-27 14:04:38,987 DEBUG nufft passed real_type for signal, converting
2021-02-27 14:04:38,987 DEBUG FinufftPlan adjusted eps=1.1920928955078125e-07 from requested 1e-08.
2021-02-27 14:04:39,163 INFO Applying forward transformations in pipeline
2021-02-27 14:04:39,163 INFO All forward transformations applied
2021-02-27 14:04:39,163 INFO Loaded 3 images
