2021-02-17 16:48:18,038 DEBUG Using fontManager instance from /Users/wdiepeveen/.matplotlib/fontlist-v330.json
2021-02-17 16:48:18,258 INFO This script illustrates orientation refinement using lRCPA as primal-dual splitting method
2021-02-17 16:48:18,268 DEBUG Corresponding type is already real float32.
2021-02-17 16:48:18,268 DEBUG nufft passed real_type for signal, converting
2021-02-17 16:48:18,268 INFO Trying NFFT backend finufft
2021-02-17 16:48:18,274 INFO NFFT backend finufft usable.
2021-02-17 16:48:18,274 INFO Trying NFFT backend cufinufft
2021-02-17 16:48:18,274 INFO NFFT backend cufinufft not usable:
	No module named 'pycuda'
2021-02-17 16:48:18,274 INFO Trying NFFT backend pynfft
2021-02-17 16:48:18,275 INFO NFFT backend pynfft not usable:
	No module named 'pynfft'
2021-02-17 16:48:18,275 INFO Selected NFFT backend = finufft.
2021-02-17 16:48:18,280 DEBUG FinufftPlan adjusted eps=1.1920928955078125e-07 from requested 1e-08.
2021-02-17 16:48:18,448 INFO Applying forward transformations in pipeline
2021-02-17 16:48:18,448 INFO All forward transformations applied
2021-02-17 16:48:18,448 INFO Loaded 128 images
2021-02-17 16:48:18,474 INFO ========= Iteration 1 =========
2021-02-17 16:48:18,474 INFO Iteration 1 | descent step u
2021-02-17 16:48:18,481 DEBUG Corresponding type is already real float32.
2021-02-17 16:48:18,481 DEBUG nufft passed real_type for signal, converting
2021-02-17 16:48:18,485 DEBUG FinufftPlan adjusted eps=1.1920928955078125e-07 from requested 1e-08.
2021-02-17 16:48:18,611 DEBUG Corresponding type is already complex complex64.
2021-02-17 16:48:18,616 DEBUG FinufftPlan adjusted eps=1.1920928955078125e-07 from requested 1e-08.
2021-02-17 16:48:18,637 INFO Determined adjoint mappings. Shape = (33, 33, 33)
2021-02-17 16:48:18,641 INFO Iteration 1 | primal-dual step g
2021-02-17 16:48:18,648 DEBUG Corresponding type is already real float32.
2021-02-17 16:48:18,648 DEBUG nufft passed real_type for signal, converting
2021-02-17 16:48:18,652 DEBUG FinufftPlan adjusted eps=1.1920928955078125e-07 from requested 1e-08.
2021-02-17 16:48:18,745 DEBUG Corresponding type is already real float32.
2021-02-17 16:48:18,745 DEBUG nufft passed real_type for signal, converting
2021-02-17 16:48:18,750 DEBUG FinufftPlan adjusted eps=1.1920928955078125e-07 from requested 1e-08.
2021-02-17 16:48:18,831 DEBUG Corresponding type is already real float32.
2021-02-17 16:48:18,831 DEBUG nufft passed real_type for signal, converting
2021-02-17 16:48:18,835 DEBUG FinufftPlan adjusted eps=1.1920928955078125e-07 from requested 1e-08.
2021-02-17 16:48:18,921 DEBUG Corresponding type is already real float32.
2021-02-17 16:48:18,921 DEBUG nufft passed real_type for signal, converting
2021-02-17 16:48:18,925 DEBUG FinufftPlan adjusted eps=1.1920928955078125e-07 from requested 1e-08.
2021-02-17 16:48:19,013 DEBUG Corresponding type is already real float32.
2021-02-17 16:48:19,013 DEBUG nufft passed real_type for signal, converting
2021-02-17 16:48:19,017 DEBUG FinufftPlan adjusted eps=1.1920928955078125e-07 from requested 1e-08.
2021-02-17 16:48:19,107 DEBUG Corresponding type is already real float32.
2021-02-17 16:48:19,108 DEBUG nufft passed real_type for signal, converting
2021-02-17 16:48:19,112 DEBUG FinufftPlan adjusted eps=1.1920928955078125e-07 from requested 1e-08.
2021-02-17 16:48:19,789 DEBUG Corresponding type is already real float32.
2021-02-17 16:48:19,790 DEBUG nufft passed real_type for signal, converting
2021-02-17 16:48:19,793 DEBUG FinufftPlan adjusted eps=1.1920928955078125e-07 from requested 1e-08.
2021-02-17 16:48:19,891 DEBUG Corresponding type is already real float32.
2021-02-17 16:48:19,891 DEBUG nufft passed real_type for signal, converting
2021-02-17 16:48:19,896 DEBUG FinufftPlan adjusted eps=1.1920928955078125e-07 from requested 1e-08.
2021-02-17 16:48:19,976 DEBUG Corresponding type is already real float32.
2021-02-17 16:48:19,976 DEBUG nufft passed real_type for signal, converting
2021-02-17 16:48:19,981 DEBUG FinufftPlan adjusted eps=1.1920928955078125e-07 from requested 1e-08.
2021-02-17 16:48:20,062 DEBUG Corresponding type is already real float32.
2021-02-17 16:48:20,062 DEBUG nufft passed real_type for signal, converting
2021-02-17 16:48:20,067 DEBUG FinufftPlan adjusted eps=1.1920928955078125e-07 from requested 1e-08.
2021-02-17 16:48:20,149 DEBUG Corresponding type is already real float32.
2021-02-17 16:48:20,149 DEBUG nufft passed real_type for signal, converting
2021-02-17 16:48:20,153 DEBUG FinufftPlan adjusted eps=1.1920928955078125e-07 from requested 1e-08.
2021-02-17 16:48:20,240 DEBUG Corresponding type is already real float32.
2021-02-17 16:48:20,240 DEBUG nufft passed real_type for signal, converting
2021-02-17 16:48:20,244 DEBUG FinufftPlan adjusted eps=1.1920928955078125e-07 from requested 1e-08.
2021-02-17 16:48:20,334 DEBUG Corresponding type is already real float32.
2021-02-17 16:48:20,334 DEBUG nufft passed real_type for signal, converting
2021-02-17 16:48:20,339 DEBUG FinufftPlan adjusted eps=1.1920928955078125e-07 from requested 1e-08.
2021-02-17 16:48:20,599 INFO Iteration 1 | Cost = 3.0854372791207735e-10 | Relative Error = 1.0
2021-02-17 16:48:20,599 INFO ========= Iteration 2 =========
2021-02-17 16:48:20,600 INFO Iteration 2 | descent step u
2021-02-17 16:48:20,605 DEBUG Corresponding type is already real float32.
2021-02-17 16:48:20,605 DEBUG nufft passed real_type for signal, converting
2021-02-17 16:48:20,608 DEBUG FinufftPlan adjusted eps=1.1920928955078125e-07 from requested 1e-08.
2021-02-17 16:48:20,746 DEBUG Corresponding type is already complex complex64.
2021-02-17 16:48:20,751 DEBUG FinufftPlan adjusted eps=1.1920928955078125e-07 from requested 1e-08.
2021-02-17 16:48:20,779 INFO Determined adjoint mappings. Shape = (33, 33, 33)
2021-02-17 16:48:20,783 INFO Iteration 2 | primal-dual step g
2021-02-17 16:48:20,794 DEBUG Corresponding type is already real float32.
2021-02-17 16:48:20,794 DEBUG nufft passed real_type for signal, converting
2021-02-17 16:48:20,798 DEBUG FinufftPlan adjusted eps=1.1920928955078125e-07 from requested 1e-08.
2021-02-17 16:48:20,886 DEBUG Corresponding type is already real float32.
2021-02-17 16:48:20,886 DEBUG nufft passed real_type for signal, converting
2021-02-17 16:48:20,891 DEBUG FinufftPlan adjusted eps=1.1920928955078125e-07 from requested 1e-08.
2021-02-17 16:48:20,970 DEBUG Corresponding type is already real float32.
2021-02-17 16:48:20,970 DEBUG nufft passed real_type for signal, converting
2021-02-17 16:48:20,975 DEBUG FinufftPlan adjusted eps=1.1920928955078125e-07 from requested 1e-08.
2021-02-17 16:48:21,055 DEBUG Corresponding type is already real float32.
2021-02-17 16:48:21,055 DEBUG nufft passed real_type for signal, converting
2021-02-17 16:48:21,059 DEBUG FinufftPlan adjusted eps=1.1920928955078125e-07 from requested 1e-08.
2021-02-17 16:48:21,139 DEBUG Corresponding type is already real float32.
2021-02-17 16:48:21,139 DEBUG nufft passed real_type for signal, converting
2021-02-17 16:48:21,145 DEBUG FinufftPlan adjusted eps=1.1920928955078125e-07 from requested 1e-08.
2021-02-17 16:48:21,227 DEBUG Corresponding type is already real float32.
2021-02-17 16:48:21,227 DEBUG nufft passed real_type for signal, converting
2021-02-17 16:48:21,231 DEBUG FinufftPlan adjusted eps=1.1920928955078125e-07 from requested 1e-08.
2021-02-17 16:48:21,887 DEBUG Corresponding type is already real float32.
2021-02-17 16:48:21,888 DEBUG nufft passed real_type for signal, converting
2021-02-17 16:48:21,891 DEBUG FinufftPlan adjusted eps=1.1920928955078125e-07 from requested 1e-08.
2021-02-17 16:48:21,978 DEBUG Corresponding type is already real float32.
2021-02-17 16:48:21,978 DEBUG nufft passed real_type for signal, converting
2021-02-17 16:48:21,982 DEBUG FinufftPlan adjusted eps=1.1920928955078125e-07 from requested 1e-08.
2021-02-17 16:48:22,078 DEBUG Corresponding type is already real float32.
2021-02-17 16:48:22,078 DEBUG nufft passed real_type for signal, converting
2021-02-17 16:48:22,084 DEBUG FinufftPlan adjusted eps=1.1920928955078125e-07 from requested 1e-08.
2021-02-17 16:48:22,172 DEBUG Corresponding type is already real float32.
2021-02-17 16:48:22,172 DEBUG nufft passed real_type for signal, converting
2021-02-17 16:48:22,177 DEBUG FinufftPlan adjusted eps=1.1920928955078125e-07 from requested 1e-08.
2021-02-17 16:48:22,259 DEBUG Corresponding type is already real float32.
2021-02-17 16:48:22,259 DEBUG nufft passed real_type for signal, converting
2021-02-17 16:48:22,265 DEBUG FinufftPlan adjusted eps=1.1920928955078125e-07 from requested 1e-08.
2021-02-17 16:48:22,349 DEBUG Corresponding type is already real float32.
2021-02-17 16:48:22,349 DEBUG nufft passed real_type for signal, converting
2021-02-17 16:48:22,354 DEBUG FinufftPlan adjusted eps=1.1920928955078125e-07 from requested 1e-08.
2021-02-17 16:48:22,444 DEBUG Corresponding type is already real float32.
2021-02-17 16:48:22,444 DEBUG nufft passed real_type for signal, converting
2021-02-17 16:48:22,448 DEBUG FinufftPlan adjusted eps=1.1920928955078125e-07 from requested 1e-08.
2021-02-17 16:48:22,702 INFO Iteration 2 | Cost = 2.423877731223523e-10 | Relative Error = 0.8414875103990979
2021-02-17 16:48:22,702 INFO ========= Iteration 3 =========
2021-02-17 16:48:22,702 INFO Iteration 3 | descent step u
2021-02-17 16:48:22,709 DEBUG Corresponding type is already real float32.
2021-02-17 16:48:22,709 DEBUG nufft passed real_type for signal, converting
2021-02-17 16:48:22,712 DEBUG FinufftPlan adjusted eps=1.1920928955078125e-07 from requested 1e-08.
2021-02-17 16:48:22,844 DEBUG Corresponding type is already complex complex64.
2021-02-17 16:48:22,848 DEBUG FinufftPlan adjusted eps=1.1920928955078125e-07 from requested 1e-08.
2021-02-17 16:48:22,873 INFO Determined adjoint mappings. Shape = (33, 33, 33)
2021-02-17 16:48:22,876 INFO Iteration 3 | primal-dual step g
2021-02-17 16:48:22,884 DEBUG Corresponding type is already real float32.
2021-02-17 16:48:22,884 DEBUG nufft passed real_type for signal, converting
2021-02-17 16:48:22,888 DEBUG FinufftPlan adjusted eps=1.1920928955078125e-07 from requested 1e-08.
2021-02-17 16:48:22,977 DEBUG Corresponding type is already real float32.
2021-02-17 16:48:22,977 DEBUG nufft passed real_type for signal, converting
2021-02-17 16:48:22,982 DEBUG FinufftPlan adjusted eps=1.1920928955078125e-07 from requested 1e-08.
2021-02-17 16:48:23,063 DEBUG Corresponding type is already real float32.
2021-02-17 16:48:23,063 DEBUG nufft passed real_type for signal, converting
2021-02-17 16:48:23,069 DEBUG FinufftPlan adjusted eps=1.1920928955078125e-07 from requested 1e-08.
2021-02-17 16:48:23,152 DEBUG Corresponding type is already real float32.
2021-02-17 16:48:23,152 DEBUG nufft passed real_type for signal, converting
2021-02-17 16:48:23,156 DEBUG FinufftPlan adjusted eps=1.1920928955078125e-07 from requested 1e-08.
2021-02-17 16:48:23,241 DEBUG Corresponding type is already real float32.
2021-02-17 16:48:23,241 DEBUG nufft passed real_type for signal, converting
2021-02-17 16:48:23,245 DEBUG FinufftPlan adjusted eps=1.1920928955078125e-07 from requested 1e-08.
2021-02-17 16:48:23,326 DEBUG Corresponding type is already real float32.
2021-02-17 16:48:23,326 DEBUG nufft passed real_type for signal, converting
2021-02-17 16:48:23,331 DEBUG FinufftPlan adjusted eps=1.1920928955078125e-07 from requested 1e-08.
2021-02-17 16:48:24,046 DEBUG Corresponding type is already real float32.
2021-02-17 16:48:24,046 DEBUG nufft passed real_type for signal, converting
2021-02-17 16:48:24,049 DEBUG FinufftPlan adjusted eps=1.1920928955078125e-07 from requested 1e-08.
2021-02-17 16:48:24,146 DEBUG Corresponding type is already real float32.
2021-02-17 16:48:24,146 DEBUG nufft passed real_type for signal, converting
2021-02-17 16:48:24,152 DEBUG FinufftPlan adjusted eps=1.1920928955078125e-07 from requested 1e-08.
2021-02-17 16:48:24,243 DEBUG Corresponding type is already real float32.
2021-02-17 16:48:24,243 DEBUG nufft passed real_type for signal, converting
2021-02-17 16:48:24,247 DEBUG FinufftPlan adjusted eps=1.1920928955078125e-07 from requested 1e-08.
2021-02-17 16:48:24,329 DEBUG Corresponding type is already real float32.
2021-02-17 16:48:24,329 DEBUG nufft passed real_type for signal, converting
2021-02-17 16:48:24,334 DEBUG FinufftPlan adjusted eps=1.1920928955078125e-07 from requested 1e-08.
2021-02-17 16:48:24,416 DEBUG Corresponding type is already real float32.
2021-02-17 16:48:24,416 DEBUG nufft passed real_type for signal, converting
2021-02-17 16:48:24,421 DEBUG FinufftPlan adjusted eps=1.1920928955078125e-07 from requested 1e-08.
2021-02-17 16:48:24,512 DEBUG Corresponding type is already real float32.
2021-02-17 16:48:24,512 DEBUG nufft passed real_type for signal, converting
2021-02-17 16:48:24,518 DEBUG FinufftPlan adjusted eps=1.1920928955078125e-07 from requested 1e-08.
2021-02-17 16:48:24,626 DEBUG Corresponding type is already real float32.
2021-02-17 16:48:24,626 DEBUG nufft passed real_type for signal, converting
2021-02-17 16:48:24,630 DEBUG FinufftPlan adjusted eps=1.1920928955078125e-07 from requested 1e-08.
2021-02-17 16:48:24,902 INFO Iteration 3 | Cost = 1.9560649244180133e-10 | Relative Error = 0.7165107848874941
2021-02-17 16:48:24,903 INFO ========= Iteration 4 =========
2021-02-17 16:48:24,903 INFO Iteration 4 | descent step u
2021-02-17 16:48:24,908 DEBUG Corresponding type is already real float32.
2021-02-17 16:48:24,908 DEBUG nufft passed real_type for signal, converting
2021-02-17 16:48:24,911 DEBUG FinufftPlan adjusted eps=1.1920928955078125e-07 from requested 1e-08.
2021-02-17 16:48:25,064 DEBUG Corresponding type is already complex complex64.
2021-02-17 16:48:25,071 DEBUG FinufftPlan adjusted eps=1.1920928955078125e-07 from requested 1e-08.
2021-02-17 16:48:25,096 INFO Determined adjoint mappings. Shape = (33, 33, 33)
2021-02-17 16:48:25,099 INFO Iteration 4 | primal-dual step g
2021-02-17 16:48:25,108 DEBUG Corresponding type is already real float32.
2021-02-17 16:48:25,109 DEBUG nufft passed real_type for signal, converting
2021-02-17 16:48:25,112 DEBUG FinufftPlan adjusted eps=1.1920928955078125e-07 from requested 1e-08.
2021-02-17 16:48:25,195 DEBUG Corresponding type is already real float32.
2021-02-17 16:48:25,195 DEBUG nufft passed real_type for signal, converting
2021-02-17 16:48:25,199 DEBUG FinufftPlan adjusted eps=1.1920928955078125e-07 from requested 1e-08.
2021-02-17 16:48:25,281 DEBUG Corresponding type is already real float32.
2021-02-17 16:48:25,281 DEBUG nufft passed real_type for signal, converting
2021-02-17 16:48:25,287 DEBUG FinufftPlan adjusted eps=1.1920928955078125e-07 from requested 1e-08.
2021-02-17 16:48:25,387 DEBUG Corresponding type is already real float32.
2021-02-17 16:48:25,387 DEBUG nufft passed real_type for signal, converting
2021-02-17 16:48:25,394 DEBUG FinufftPlan adjusted eps=1.1920928955078125e-07 from requested 1e-08.
2021-02-17 16:48:25,497 DEBUG Corresponding type is already real float32.
2021-02-17 16:48:25,497 DEBUG nufft passed real_type for signal, converting
2021-02-17 16:48:25,504 DEBUG FinufftPlan adjusted eps=1.1920928955078125e-07 from requested 1e-08.
2021-02-17 16:48:25,594 DEBUG Corresponding type is already real float32.
2021-02-17 16:48:25,594 DEBUG nufft passed real_type for signal, converting
2021-02-17 16:48:25,600 DEBUG FinufftPlan adjusted eps=1.1920928955078125e-07 from requested 1e-08.
2021-02-17 16:48:26,373 DEBUG Corresponding type is already real float32.
2021-02-17 16:48:26,373 DEBUG nufft passed real_type for signal, converting
2021-02-17 16:48:26,379 DEBUG FinufftPlan adjusted eps=1.1920928955078125e-07 from requested 1e-08.
2021-02-17 16:48:26,474 DEBUG Corresponding type is already real float32.
2021-02-17 16:48:26,474 DEBUG nufft passed real_type for signal, converting
2021-02-17 16:48:26,478 DEBUG FinufftPlan adjusted eps=1.1920928955078125e-07 from requested 1e-08.
2021-02-17 16:48:26,564 DEBUG Corresponding type is already real float32.
2021-02-17 16:48:26,565 DEBUG nufft passed real_type for signal, converting
2021-02-17 16:48:26,569 DEBUG FinufftPlan adjusted eps=1.1920928955078125e-07 from requested 1e-08.
2021-02-17 16:48:26,653 DEBUG Corresponding type is already real float32.
2021-02-17 16:48:26,653 DEBUG nufft passed real_type for signal, converting
2021-02-17 16:48:26,658 DEBUG FinufftPlan adjusted eps=1.1920928955078125e-07 from requested 1e-08.
2021-02-17 16:48:26,742 DEBUG Corresponding type is already real float32.
2021-02-17 16:48:26,742 DEBUG nufft passed real_type for signal, converting
2021-02-17 16:48:26,746 DEBUG FinufftPlan adjusted eps=1.1920928955078125e-07 from requested 1e-08.
2021-02-17 16:48:26,827 DEBUG Corresponding type is already real float32.
2021-02-17 16:48:26,828 DEBUG nufft passed real_type for signal, converting
2021-02-17 16:48:26,832 DEBUG FinufftPlan adjusted eps=1.1920928955078125e-07 from requested 1e-08.
2021-02-17 16:48:26,924 DEBUG Corresponding type is already real float32.
2021-02-17 16:48:26,925 DEBUG nufft passed real_type for signal, converting
2021-02-17 16:48:26,929 DEBUG FinufftPlan adjusted eps=1.1920928955078125e-07 from requested 1e-08.
2021-02-17 16:48:27,206 INFO Iteration 4 | Cost = 1.6209156428622275e-10 | Relative Error = 0.6162129969712298
2021-02-17 16:48:27,207 INFO ========= Iteration 5 =========
2021-02-17 16:48:27,207 INFO Iteration 5 | descent step u
2021-02-17 16:48:27,212 DEBUG Corresponding type is already real float32.
2021-02-17 16:48:27,212 DEBUG nufft passed real_type for signal, converting
2021-02-17 16:48:27,216 DEBUG FinufftPlan adjusted eps=1.1920928955078125e-07 from requested 1e-08.
2021-02-17 16:48:27,350 DEBUG Corresponding type is already complex complex64.
2021-02-17 16:48:27,355 DEBUG FinufftPlan adjusted eps=1.1920928955078125e-07 from requested 1e-08.
2021-02-17 16:48:27,384 INFO Determined adjoint mappings. Shape = (33, 33, 33)
2021-02-17 16:48:27,389 INFO Iteration 5 | primal-dual step g
2021-02-17 16:48:27,397 DEBUG Corresponding type is already real float32.
2021-02-17 16:48:27,398 DEBUG nufft passed real_type for signal, converting
2021-02-17 16:48:27,401 DEBUG FinufftPlan adjusted eps=1.1920928955078125e-07 from requested 1e-08.
2021-02-17 16:48:27,488 DEBUG Corresponding type is already real float32.
2021-02-17 16:48:27,489 DEBUG nufft passed real_type for signal, converting
2021-02-17 16:48:27,493 DEBUG FinufftPlan adjusted eps=1.1920928955078125e-07 from requested 1e-08.
2021-02-17 16:48:27,574 DEBUG Corresponding type is already real float32.
2021-02-17 16:48:27,575 DEBUG nufft passed real_type for signal, converting
2021-02-17 16:48:27,579 DEBUG FinufftPlan adjusted eps=1.1920928955078125e-07 from requested 1e-08.
2021-02-17 16:48:27,667 DEBUG Corresponding type is already real float32.
2021-02-17 16:48:27,667 DEBUG nufft passed real_type for signal, converting
2021-02-17 16:48:27,671 DEBUG FinufftPlan adjusted eps=1.1920928955078125e-07 from requested 1e-08.
2021-02-17 16:48:27,754 DEBUG Corresponding type is already real float32.
2021-02-17 16:48:27,754 DEBUG nufft passed real_type for signal, converting
2021-02-17 16:48:27,759 DEBUG FinufftPlan adjusted eps=1.1920928955078125e-07 from requested 1e-08.
2021-02-17 16:48:27,840 DEBUG Corresponding type is already real float32.
2021-02-17 16:48:27,840 DEBUG nufft passed real_type for signal, converting
2021-02-17 16:48:27,844 DEBUG FinufftPlan adjusted eps=1.1920928955078125e-07 from requested 1e-08.
2021-02-17 16:48:28,546 DEBUG Corresponding type is already real float32.
2021-02-17 16:48:28,546 DEBUG nufft passed real_type for signal, converting
2021-02-17 16:48:28,549 DEBUG FinufftPlan adjusted eps=1.1920928955078125e-07 from requested 1e-08.
2021-02-17 16:48:28,647 DEBUG Corresponding type is already real float32.
2021-02-17 16:48:28,647 DEBUG nufft passed real_type for signal, converting
2021-02-17 16:48:28,652 DEBUG FinufftPlan adjusted eps=1.1920928955078125e-07 from requested 1e-08.
2021-02-17 16:48:28,743 DEBUG Corresponding type is already real float32.
2021-02-17 16:48:28,743 DEBUG nufft passed real_type for signal, converting
2021-02-17 16:48:28,747 DEBUG FinufftPlan adjusted eps=1.1920928955078125e-07 from requested 1e-08.
2021-02-17 16:48:28,831 DEBUG Corresponding type is already real float32.
2021-02-17 16:48:28,831 DEBUG nufft passed real_type for signal, converting
2021-02-17 16:48:28,835 DEBUG FinufftPlan adjusted eps=1.1920928955078125e-07 from requested 1e-08.
2021-02-17 16:48:28,925 DEBUG Corresponding type is already real float32.
2021-02-17 16:48:28,925 DEBUG nufft passed real_type for signal, converting
2021-02-17 16:48:28,930 DEBUG FinufftPlan adjusted eps=1.1920928955078125e-07 from requested 1e-08.
2021-02-17 16:48:29,015 DEBUG Corresponding type is already real float32.
2021-02-17 16:48:29,015 DEBUG nufft passed real_type for signal, converting
2021-02-17 16:48:29,019 DEBUG FinufftPlan adjusted eps=1.1920928955078125e-07 from requested 1e-08.
2021-02-17 16:48:29,114 DEBUG Corresponding type is already real float32.
2021-02-17 16:48:29,114 DEBUG nufft passed real_type for signal, converting
2021-02-17 16:48:29,119 DEBUG FinufftPlan adjusted eps=1.1920928955078125e-07 from requested 1e-08.
2021-02-17 16:48:29,394 INFO Iteration 5 | Cost = 1.3783526254118638e-10 | Relative Error = 0.53472475075337
