2021-02-16 09:37:13,586 DEBUG Using fontManager instance from /Users/wdiepeveen/.matplotlib/fontlist-v330.json
2021-02-16 09:37:13,823 INFO This script illustrates orientation refinement using lRCPA as primal-dual splitting method
2021-02-16 09:37:13,831 DEBUG Corresponding type is already real float32.
2021-02-16 09:37:13,831 DEBUG nufft passed real_type for signal, converting
2021-02-16 09:37:13,831 INFO Trying NFFT backend finufft
2021-02-16 09:37:13,836 INFO NFFT backend finufft usable.
2021-02-16 09:37:13,837 INFO Trying NFFT backend cufinufft
2021-02-16 09:37:13,837 INFO NFFT backend cufinufft not usable:
	No module named 'pycuda'
2021-02-16 09:37:13,837 INFO Trying NFFT backend pynfft
2021-02-16 09:37:13,837 INFO NFFT backend pynfft not usable:
	No module named 'pynfft'
2021-02-16 09:37:13,837 INFO Selected NFFT backend = finufft.
2021-02-16 09:37:13,841 DEBUG FinufftPlan adjusted eps=1.1920928955078125e-07 from requested 1e-08.
2021-02-16 09:37:14,009 INFO Applying forward transformations in pipeline
2021-02-16 09:37:14,009 INFO All forward transformations applied
2021-02-16 09:37:14,009 INFO Loaded 128 images
2021-02-16 09:37:14,027 INFO Testing data fidelity
2021-02-16 09:37:14,035 DEBUG Corresponding type is already real float32.
2021-02-16 09:37:14,035 DEBUG nufft passed real_type for signal, converting
2021-02-16 09:37:14,041 DEBUG FinufftPlan adjusted eps=1.1920928955078125e-07 from requested 1e-08.
2021-02-16 09:37:14,136 INFO Testing grad norm fidelity
2021-02-16 09:37:14,139 INFO Testing rotation fidelity
2021-02-16 09:37:14,326 INFO Testing differential
