2021-02-17 14:51:13,673 DEBUG Using fontManager instance from /Users/wdiepeveen/.matplotlib/fontlist-v330.json
2021-02-17 14:51:13,890 INFO This script illustrates orientation refinement using lRCPA as primal-dual splitting method
2021-02-17 14:51:13,899 DEBUG Corresponding type is already real float32.
2021-02-17 14:51:13,899 DEBUG nufft passed real_type for signal, converting
2021-02-17 14:51:13,899 INFO Trying NFFT backend finufft
2021-02-17 14:51:13,906 INFO NFFT backend finufft usable.
2021-02-17 14:51:13,906 INFO Trying NFFT backend cufinufft
2021-02-17 14:51:13,906 INFO NFFT backend cufinufft not usable:
	No module named 'pycuda'
2021-02-17 14:51:13,906 INFO Trying NFFT backend pynfft
2021-02-17 14:51:13,906 INFO NFFT backend pynfft not usable:
	No module named 'pynfft'
2021-02-17 14:51:13,907 INFO Selected NFFT backend = finufft.
2021-02-17 14:51:13,911 DEBUG FinufftPlan adjusted eps=1.1920928955078125e-07 from requested 1e-08.
2021-02-17 14:51:14,094 INFO Applying forward transformations in pipeline
2021-02-17 14:51:14,095 INFO All forward transformations applied
2021-02-17 14:51:14,095 INFO Loaded 128 images
2021-02-17 14:51:14,115 INFO ========= Iteration 1 =========
2021-02-17 14:51:14,115 INFO Iteration 1 | descent step u
2021-02-17 14:51:14,120 DEBUG Corresponding type is already real float32.
2021-02-17 14:51:14,120 DEBUG nufft passed real_type for signal, converting
2021-02-17 14:51:14,125 DEBUG FinufftPlan adjusted eps=1.1920928955078125e-07 from requested 1e-08.
2021-02-17 14:51:14,248 DEBUG Corresponding type is already complex complex64.
2021-02-17 14:51:14,253 DEBUG FinufftPlan adjusted eps=1.1920928955078125e-07 from requested 1e-08.
2021-02-17 14:51:14,276 INFO Determined adjoint mappings. Shape = (33, 33, 33)
2021-02-17 14:51:14,277 INFO Iteration 1 | primal-dual step g
2021-02-17 14:51:14,285 DEBUG Corresponding type is already real float32.
2021-02-17 14:51:14,285 DEBUG nufft passed real_type for signal, converting
2021-02-17 14:51:14,289 DEBUG FinufftPlan adjusted eps=1.1920928955078125e-07 from requested 1e-08.
2021-02-17 14:51:14,377 DEBUG Corresponding type is already real float32.
2021-02-17 14:51:14,378 DEBUG nufft passed real_type for signal, converting
2021-02-17 14:51:14,382 DEBUG FinufftPlan adjusted eps=1.1920928955078125e-07 from requested 1e-08.
2021-02-17 14:51:14,475 DEBUG Corresponding type is already real float32.
2021-02-17 14:51:14,476 DEBUG nufft passed real_type for signal, converting
2021-02-17 14:51:14,480 DEBUG FinufftPlan adjusted eps=1.1920928955078125e-07 from requested 1e-08.
2021-02-17 14:51:14,570 DEBUG Corresponding type is already real float32.
2021-02-17 14:51:14,570 DEBUG nufft passed real_type for signal, converting
2021-02-17 14:51:14,575 DEBUG FinufftPlan adjusted eps=1.1920928955078125e-07 from requested 1e-08.
2021-02-17 14:51:14,668 DEBUG Corresponding type is already real float32.
2021-02-17 14:51:14,668 DEBUG nufft passed real_type for signal, converting
2021-02-17 14:51:14,674 DEBUG FinufftPlan adjusted eps=1.1920928955078125e-07 from requested 1e-08.
2021-02-17 14:51:14,762 DEBUG Corresponding type is already real float32.
2021-02-17 14:51:14,762 DEBUG nufft passed real_type for signal, converting
2021-02-17 14:51:14,767 DEBUG FinufftPlan adjusted eps=1.1920928955078125e-07 from requested 1e-08.
2021-02-17 14:51:15,471 DEBUG Corresponding type is already real float32.
2021-02-17 14:51:15,471 DEBUG nufft passed real_type for signal, converting
2021-02-17 14:51:15,474 DEBUG FinufftPlan adjusted eps=1.1920928955078125e-07 from requested 1e-08.
2021-02-17 14:51:15,568 DEBUG Corresponding type is already real float32.
2021-02-17 14:51:15,569 DEBUG nufft passed real_type for signal, converting
2021-02-17 14:51:15,573 DEBUG FinufftPlan adjusted eps=1.1920928955078125e-07 from requested 1e-08.
2021-02-17 14:51:15,654 DEBUG Corresponding type is already real float32.
2021-02-17 14:51:15,654 DEBUG nufft passed real_type for signal, converting
2021-02-17 14:51:15,659 DEBUG FinufftPlan adjusted eps=1.1920928955078125e-07 from requested 1e-08.
2021-02-17 14:51:15,745 DEBUG Corresponding type is already real float32.
2021-02-17 14:51:15,745 DEBUG nufft passed real_type for signal, converting
2021-02-17 14:51:15,751 DEBUG FinufftPlan adjusted eps=1.1920928955078125e-07 from requested 1e-08.
2021-02-17 14:51:15,834 DEBUG Corresponding type is already real float32.
2021-02-17 14:51:15,834 DEBUG nufft passed real_type for signal, converting
2021-02-17 14:51:15,839 DEBUG FinufftPlan adjusted eps=1.1920928955078125e-07 from requested 1e-08.
2021-02-17 14:51:15,921 DEBUG Corresponding type is already real float32.
2021-02-17 14:51:15,921 DEBUG nufft passed real_type for signal, converting
2021-02-17 14:51:15,926 DEBUG FinufftPlan adjusted eps=1.1920928955078125e-07 from requested 1e-08.
2021-02-17 14:51:16,177 DEBUG Corresponding type is already real float32.
2021-02-17 14:51:16,178 DEBUG nufft passed real_type for signal, converting
2021-02-17 14:51:16,181 DEBUG FinufftPlan adjusted eps=1.1920928955078125e-07 from requested 1e-08.
2021-02-17 14:51:16,277 DEBUG Corresponding type is already real float32.
2021-02-17 14:51:16,278 DEBUG nufft passed real_type for signal, converting
2021-02-17 14:51:16,283 DEBUG FinufftPlan adjusted eps=1.1920928955078125e-07 from requested 1e-08.
2021-02-17 14:51:16,371 DEBUG Corresponding type is already real float32.
2021-02-17 14:51:16,371 DEBUG nufft passed real_type for signal, converting
2021-02-17 14:51:16,375 DEBUG FinufftPlan adjusted eps=1.1920928955078125e-07 from requested 1e-08.
2021-02-17 14:51:16,464 DEBUG Corresponding type is already real float32.
2021-02-17 14:51:16,464 DEBUG nufft passed real_type for signal, converting
2021-02-17 14:51:16,468 DEBUG FinufftPlan adjusted eps=1.1920928955078125e-07 from requested 1e-08.
2021-02-17 14:51:16,559 DEBUG Corresponding type is already real float32.
2021-02-17 14:51:16,559 DEBUG nufft passed real_type for signal, converting
2021-02-17 14:51:16,563 DEBUG FinufftPlan adjusted eps=1.1920928955078125e-07 from requested 1e-08.
2021-02-17 14:51:16,650 DEBUG Corresponding type is already real float32.
2021-02-17 14:51:16,650 DEBUG nufft passed real_type for signal, converting
2021-02-17 14:51:16,656 DEBUG FinufftPlan adjusted eps=1.1920928955078125e-07 from requested 1e-08.
2021-02-17 14:51:18,679 CRITICAL unsupported operand type(s) for +: 'float' and 'Image'
Traceback:
  File "/Users/wdiepeveen/Documents/PhD/Projects/2 - Cryo-EM/src/src/Cryo-EM/test.py", line 56, in <module>
    volume = solver.solve()
  File "/Users/wdiepeveen/Documents/PhD/Projects/2 - Cryo-EM/src/src/Cryo-EM/solvers/primal_dual_solver.py", line 110, in solve
    self.primal_dual_step_g()
  File "/Users/wdiepeveen/Documents/PhD/Projects/2 - Cryo-EM/src/src/Cryo-EM/solvers/primal_dual_solver.py", line 149, in primal_dual_step_g
    self.tau * manifold.log(m, new_rots))

