2021-02-25 13:41:33,023 INFO This script illustrates orientation estimation using synchronization matrix and voting method
2021-02-25 13:41:33,025 INFO Initialize simulation object and CTF filters.
2021-02-25 13:41:33,025 INFO Load 3D map and downsample 3D map to desired grids of 33 x 33 x 33.
2021-02-25 13:41:33,722 INFO Use downsampled map to creat simulation object.
2021-02-25 13:41:33,746 DEBUG Corresponding type is already real float32.
2021-02-25 13:41:33,746 DEBUG nufft passed real_type for signal, converting
2021-02-25 13:41:33,746 INFO Trying NFFT backend finufft
2021-02-25 13:41:33,752 INFO NFFT backend finufft usable.
2021-02-25 13:41:33,752 INFO Trying NFFT backend cufinufft
2021-02-25 13:41:33,753 INFO NFFT backend cufinufft not usable:
	No module named 'pycuda'
2021-02-25 13:41:33,753 INFO Trying NFFT backend pynfft
2021-02-25 13:41:33,753 INFO NFFT backend pynfft not usable:
	No module named 'pynfft'
2021-02-25 13:41:33,753 INFO Selected NFFT backend = finufft.
2021-02-25 13:41:33,753 DEBUG FinufftPlan adjusted eps=1.1920928955078125e-07 from requested 1e-08.
2021-02-25 13:41:33,943 INFO Applying forward transformations in pipeline
2021-02-25 13:41:33,943 INFO All forward transformations applied
2021-02-25 13:41:33,943 INFO Loaded 3 images
2021-02-25 13:41:36,628 CRITICAL too many indices for array
Traceback:
  File "/Users/wdiepeveen/Documents/PhD/Projects/2 - Cryo-EM/src/src/Cryo-EM/orient3d_and_reconstruction_simulation.py", line 87, in <module>
    axarr[0,i].imshow(images.asnumpy()[i])

