2021-02-17 16:29:45,978 DEBUG Using fontManager instance from /Users/wdiepeveen/.matplotlib/fontlist-v330.json
2021-02-17 16:29:46,185 INFO This script illustrates orientation refinement using lRCPA as primal-dual splitting method
2021-02-17 16:29:46,194 DEBUG Corresponding type is already real float32.
2021-02-17 16:29:46,194 DEBUG nufft passed real_type for signal, converting
2021-02-17 16:29:46,194 INFO Trying NFFT backend finufft
2021-02-17 16:29:46,200 INFO NFFT backend finufft usable.
2021-02-17 16:29:46,201 INFO Trying NFFT backend cufinufft
2021-02-17 16:29:46,202 INFO NFFT backend cufinufft not usable:
	No module named 'pycuda'
2021-02-17 16:29:46,202 INFO Trying NFFT backend pynfft
2021-02-17 16:29:46,203 INFO NFFT backend pynfft not usable:
	No module named 'pynfft'
2021-02-17 16:29:46,203 INFO Selected NFFT backend = finufft.
2021-02-17 16:29:46,208 DEBUG FinufftPlan adjusted eps=1.1920928955078125e-07 from requested 1e-08.
2021-02-17 16:29:46,376 INFO Applying forward transformations in pipeline
2021-02-17 16:29:46,376 INFO All forward transformations applied
2021-02-17 16:29:46,376 INFO Loaded 128 images
2021-02-17 16:29:46,404 INFO ========= Iteration 1 =========
2021-02-17 16:29:46,404 INFO Iteration 1 | descent step u
2021-02-17 16:29:46,410 DEBUG Corresponding type is already real float32.
2021-02-17 16:29:46,410 DEBUG nufft passed real_type for signal, converting
2021-02-17 16:29:46,417 DEBUG FinufftPlan adjusted eps=1.1920928955078125e-07 from requested 1e-08.
2021-02-17 16:29:46,562 DEBUG Corresponding type is already complex complex64.
2021-02-17 16:29:46,568 DEBUG FinufftPlan adjusted eps=1.1920928955078125e-07 from requested 1e-08.
2021-02-17 16:29:46,590 INFO Determined adjoint mappings. Shape = (33, 33, 33)
2021-02-17 16:29:46,594 INFO Iteration 1 | primal-dual step g
2021-02-17 16:29:46,601 DEBUG Corresponding type is already real float32.
2021-02-17 16:29:46,601 DEBUG nufft passed real_type for signal, converting
2021-02-17 16:29:46,605 DEBUG FinufftPlan adjusted eps=1.1920928955078125e-07 from requested 1e-08.
2021-02-17 16:29:46,693 DEBUG Corresponding type is already real float32.
2021-02-17 16:29:46,694 DEBUG nufft passed real_type for signal, converting
2021-02-17 16:29:46,699 DEBUG FinufftPlan adjusted eps=1.1920928955078125e-07 from requested 1e-08.
2021-02-17 16:29:46,787 DEBUG Corresponding type is already real float32.
2021-02-17 16:29:46,787 DEBUG nufft passed real_type for signal, converting
2021-02-17 16:29:46,792 DEBUG FinufftPlan adjusted eps=1.1920928955078125e-07 from requested 1e-08.
2021-02-17 16:29:46,875 DEBUG Corresponding type is already real float32.
2021-02-17 16:29:46,875 DEBUG nufft passed real_type for signal, converting
2021-02-17 16:29:46,879 DEBUG FinufftPlan adjusted eps=1.1920928955078125e-07 from requested 1e-08.
2021-02-17 16:29:46,963 DEBUG Corresponding type is already real float32.
2021-02-17 16:29:46,964 DEBUG nufft passed real_type for signal, converting
2021-02-17 16:29:46,968 DEBUG FinufftPlan adjusted eps=1.1920928955078125e-07 from requested 1e-08.
2021-02-17 16:29:47,048 DEBUG Corresponding type is already real float32.
2021-02-17 16:29:47,049 DEBUG nufft passed real_type for signal, converting
2021-02-17 16:29:47,054 DEBUG FinufftPlan adjusted eps=1.1920928955078125e-07 from requested 1e-08.
2021-02-17 16:29:47,721 DEBUG Corresponding type is already real float32.
2021-02-17 16:29:47,722 DEBUG nufft passed real_type for signal, converting
2021-02-17 16:29:47,725 DEBUG FinufftPlan adjusted eps=1.1920928955078125e-07 from requested 1e-08.
2021-02-17 16:29:47,834 DEBUG Corresponding type is already real float32.
2021-02-17 16:29:47,834 DEBUG nufft passed real_type for signal, converting
2021-02-17 16:29:47,840 DEBUG FinufftPlan adjusted eps=1.1920928955078125e-07 from requested 1e-08.
2021-02-17 16:29:47,932 DEBUG Corresponding type is already real float32.
2021-02-17 16:29:47,932 DEBUG nufft passed real_type for signal, converting
2021-02-17 16:29:47,937 DEBUG FinufftPlan adjusted eps=1.1920928955078125e-07 from requested 1e-08.
2021-02-17 16:29:48,022 DEBUG Corresponding type is already real float32.
2021-02-17 16:29:48,023 DEBUG nufft passed real_type for signal, converting
2021-02-17 16:29:48,027 DEBUG FinufftPlan adjusted eps=1.1920928955078125e-07 from requested 1e-08.
2021-02-17 16:29:48,117 DEBUG Corresponding type is already real float32.
2021-02-17 16:29:48,117 DEBUG nufft passed real_type for signal, converting
2021-02-17 16:29:48,122 DEBUG FinufftPlan adjusted eps=1.1920928955078125e-07 from requested 1e-08.
2021-02-17 16:29:48,205 DEBUG Corresponding type is already real float32.
2021-02-17 16:29:48,205 DEBUG nufft passed real_type for signal, converting
2021-02-17 16:29:48,210 DEBUG FinufftPlan adjusted eps=1.1920928955078125e-07 from requested 1e-08.
2021-02-17 16:29:48,312 DEBUG Corresponding type is already real float32.
2021-02-17 16:29:48,312 DEBUG nufft passed real_type for signal, converting
2021-02-17 16:29:48,317 DEBUG FinufftPlan adjusted eps=1.1920928955078125e-07 from requested 1e-08.
2021-02-17 16:29:48,583 INFO Iteration 1 | Cost = 8.363555076853658 | Relative Error = 1.0
2021-02-17 16:29:48,583 INFO ========= Iteration 2 =========
2021-02-17 16:29:48,583 INFO Iteration 2 | descent step u
2021-02-17 16:29:48,589 DEBUG Corresponding type is already real float32.
2021-02-17 16:29:48,589 DEBUG nufft passed real_type for signal, converting
2021-02-17 16:29:48,592 DEBUG FinufftPlan adjusted eps=1.1920928955078125e-07 from requested 1e-08.
2021-02-17 16:29:48,733 DEBUG Corresponding type is already complex complex64.
2021-02-17 16:29:48,739 DEBUG FinufftPlan adjusted eps=1.1920928955078125e-07 from requested 1e-08.
2021-02-17 16:29:48,775 INFO Determined adjoint mappings. Shape = (33, 33, 33)
2021-02-17 16:29:48,779 INFO Iteration 2 | primal-dual step g
2021-02-17 16:29:48,790 DEBUG Corresponding type is already real float32.
2021-02-17 16:29:48,790 DEBUG nufft passed real_type for signal, converting
2021-02-17 16:29:48,796 DEBUG FinufftPlan adjusted eps=1.1920928955078125e-07 from requested 1e-08.
2021-02-17 16:29:48,885 DEBUG Corresponding type is already real float32.
2021-02-17 16:29:48,885 DEBUG nufft passed real_type for signal, converting
2021-02-17 16:29:48,889 DEBUG FinufftPlan adjusted eps=1.1920928955078125e-07 from requested 1e-08.
2021-02-17 16:29:48,976 DEBUG Corresponding type is already real float32.
2021-02-17 16:29:48,976 DEBUG nufft passed real_type for signal, converting
2021-02-17 16:29:48,982 DEBUG FinufftPlan adjusted eps=1.1920928955078125e-07 from requested 1e-08.
2021-02-17 16:29:49,071 DEBUG Corresponding type is already real float32.
2021-02-17 16:29:49,071 DEBUG nufft passed real_type for signal, converting
2021-02-17 16:29:49,076 DEBUG FinufftPlan adjusted eps=1.1920928955078125e-07 from requested 1e-08.
2021-02-17 16:29:49,158 DEBUG Corresponding type is already real float32.
2021-02-17 16:29:49,158 DEBUG nufft passed real_type for signal, converting
2021-02-17 16:29:49,162 DEBUG FinufftPlan adjusted eps=1.1920928955078125e-07 from requested 1e-08.
2021-02-17 16:29:49,250 DEBUG Corresponding type is already real float32.
2021-02-17 16:29:49,250 DEBUG nufft passed real_type for signal, converting
2021-02-17 16:29:49,255 DEBUG FinufftPlan adjusted eps=1.1920928955078125e-07 from requested 1e-08.
2021-02-17 16:29:50,027 DEBUG Corresponding type is already real float32.
2021-02-17 16:29:50,028 DEBUG nufft passed real_type for signal, converting
2021-02-17 16:29:50,031 DEBUG FinufftPlan adjusted eps=1.1920928955078125e-07 from requested 1e-08.
2021-02-17 16:29:50,128 DEBUG Corresponding type is already real float32.
2021-02-17 16:29:50,128 DEBUG nufft passed real_type for signal, converting
2021-02-17 16:29:50,133 DEBUG FinufftPlan adjusted eps=1.1920928955078125e-07 from requested 1e-08.
2021-02-17 16:29:50,215 DEBUG Corresponding type is already real float32.
2021-02-17 16:29:50,216 DEBUG nufft passed real_type for signal, converting
2021-02-17 16:29:50,221 DEBUG FinufftPlan adjusted eps=1.1920928955078125e-07 from requested 1e-08.
2021-02-17 16:29:50,305 DEBUG Corresponding type is already real float32.
2021-02-17 16:29:50,305 DEBUG nufft passed real_type for signal, converting
2021-02-17 16:29:50,310 DEBUG FinufftPlan adjusted eps=1.1920928955078125e-07 from requested 1e-08.
2021-02-17 16:29:50,398 DEBUG Corresponding type is already real float32.
2021-02-17 16:29:50,398 DEBUG nufft passed real_type for signal, converting
2021-02-17 16:29:50,404 DEBUG FinufftPlan adjusted eps=1.1920928955078125e-07 from requested 1e-08.
2021-02-17 16:29:50,489 DEBUG Corresponding type is already real float32.
2021-02-17 16:29:50,489 DEBUG nufft passed real_type for signal, converting
2021-02-17 16:29:50,494 DEBUG FinufftPlan adjusted eps=1.1920928955078125e-07 from requested 1e-08.
2021-02-17 16:29:50,589 DEBUG Corresponding type is already real float32.
2021-02-17 16:29:50,589 DEBUG nufft passed real_type for signal, converting
2021-02-17 16:29:50,593 DEBUG FinufftPlan adjusted eps=1.1920928955078125e-07 from requested 1e-08.
2021-02-17 16:29:50,877 INFO Iteration 2 | Cost = 32876538.208822254 | Relative Error = 1729.9464539274309
2021-02-17 16:29:50,877 INFO ========= Iteration 3 =========
2021-02-17 16:29:50,877 INFO Iteration 3 | descent step u
2021-02-17 16:29:50,883 DEBUG Corresponding type is already real float32.
2021-02-17 16:29:50,883 DEBUG nufft passed real_type for signal, converting
2021-02-17 16:29:50,887 DEBUG FinufftPlan adjusted eps=1.1920928955078125e-07 from requested 1e-08.
2021-02-17 16:29:51,022 DEBUG Corresponding type is already complex complex64.
2021-02-17 16:29:51,027 DEBUG FinufftPlan adjusted eps=1.1920928955078125e-07 from requested 1e-08.
2021-02-17 16:29:51,053 INFO Determined adjoint mappings. Shape = (33, 33, 33)
2021-02-17 16:29:51,056 INFO Iteration 3 | primal-dual step g
2021-02-17 16:29:51,064 DEBUG Corresponding type is already real float32.
2021-02-17 16:29:51,065 DEBUG nufft passed real_type for signal, converting
2021-02-17 16:29:51,068 DEBUG FinufftPlan adjusted eps=1.1920928955078125e-07 from requested 1e-08.
2021-02-17 16:29:51,152 DEBUG Corresponding type is already real float32.
2021-02-17 16:29:51,152 DEBUG nufft passed real_type for signal, converting
2021-02-17 16:29:51,157 DEBUG FinufftPlan adjusted eps=1.1920928955078125e-07 from requested 1e-08.
2021-02-17 16:29:51,241 DEBUG Corresponding type is already real float32.
2021-02-17 16:29:51,241 DEBUG nufft passed real_type for signal, converting
2021-02-17 16:29:51,246 DEBUG FinufftPlan adjusted eps=1.1920928955078125e-07 from requested 1e-08.
2021-02-17 16:29:51,328 DEBUG Corresponding type is already real float32.
2021-02-17 16:29:51,328 DEBUG nufft passed real_type for signal, converting
2021-02-17 16:29:51,333 DEBUG FinufftPlan adjusted eps=1.1920928955078125e-07 from requested 1e-08.
2021-02-17 16:29:51,414 DEBUG Corresponding type is already real float32.
2021-02-17 16:29:51,414 DEBUG nufft passed real_type for signal, converting
2021-02-17 16:29:51,418 DEBUG FinufftPlan adjusted eps=1.1920928955078125e-07 from requested 1e-08.
2021-02-17 16:29:51,500 DEBUG Corresponding type is already real float32.
2021-02-17 16:29:51,500 DEBUG nufft passed real_type for signal, converting
2021-02-17 16:29:51,504 DEBUG FinufftPlan adjusted eps=1.1920928955078125e-07 from requested 1e-08.
2021-02-17 16:29:52,461 DEBUG Corresponding type is already real float32.
2021-02-17 16:29:52,461 DEBUG nufft passed real_type for signal, converting
2021-02-17 16:29:52,464 DEBUG FinufftPlan adjusted eps=1.1920928955078125e-07 from requested 1e-08.
2021-02-17 16:29:52,552 DEBUG Corresponding type is already real float32.
2021-02-17 16:29:52,552 DEBUG nufft passed real_type for signal, converting
2021-02-17 16:29:52,556 DEBUG FinufftPlan adjusted eps=1.1920928955078125e-07 from requested 1e-08.
2021-02-17 16:29:52,645 DEBUG Corresponding type is already real float32.
2021-02-17 16:29:52,645 DEBUG nufft passed real_type for signal, converting
2021-02-17 16:29:52,650 DEBUG FinufftPlan adjusted eps=1.1920928955078125e-07 from requested 1e-08.
2021-02-17 16:29:52,733 DEBUG Corresponding type is already real float32.
2021-02-17 16:29:52,733 DEBUG nufft passed real_type for signal, converting
2021-02-17 16:29:52,738 DEBUG FinufftPlan adjusted eps=1.1920928955078125e-07 from requested 1e-08.
2021-02-17 16:29:52,822 DEBUG Corresponding type is already real float32.
2021-02-17 16:29:52,823 DEBUG nufft passed real_type for signal, converting
2021-02-17 16:29:52,827 DEBUG FinufftPlan adjusted eps=1.1920928955078125e-07 from requested 1e-08.
2021-02-17 16:29:52,916 DEBUG Corresponding type is already real float32.
2021-02-17 16:29:52,916 DEBUG nufft passed real_type for signal, converting
2021-02-17 16:29:52,921 DEBUG FinufftPlan adjusted eps=1.1920928955078125e-07 from requested 1e-08.
2021-02-17 16:29:53,011 DEBUG Corresponding type is already real float32.
2021-02-17 16:29:53,011 DEBUG nufft passed real_type for signal, converting
2021-02-17 16:29:53,016 DEBUG FinufftPlan adjusted eps=1.1920928955078125e-07 from requested 1e-08.
2021-02-17 16:29:53,356 INFO Iteration 3 | Cost = 195099109520650.62 | Relative Error = 3833082.9530456313
2021-02-17 16:29:53,356 INFO ========= Iteration 4 =========
2021-02-17 16:29:53,356 INFO Iteration 4 | descent step u
2021-02-17 16:29:53,361 DEBUG Corresponding type is already real float32.
2021-02-17 16:29:53,361 DEBUG nufft passed real_type for signal, converting
2021-02-17 16:29:53,364 DEBUG FinufftPlan adjusted eps=1.1920928955078125e-07 from requested 1e-08.
2021-02-17 16:29:53,508 DEBUG Corresponding type is already complex complex64.
2021-02-17 16:29:53,513 DEBUG FinufftPlan adjusted eps=1.1920928955078125e-07 from requested 1e-08.
2021-02-17 16:29:53,545 INFO Determined adjoint mappings. Shape = (33, 33, 33)
2021-02-17 16:29:53,548 INFO Iteration 4 | primal-dual step g
2021-02-17 16:29:53,557 DEBUG Corresponding type is already real float32.
2021-02-17 16:29:53,557 DEBUG nufft passed real_type for signal, converting
2021-02-17 16:29:53,561 DEBUG FinufftPlan adjusted eps=1.1920928955078125e-07 from requested 1e-08.
2021-02-17 16:29:53,651 DEBUG Corresponding type is already real float32.
2021-02-17 16:29:53,651 DEBUG nufft passed real_type for signal, converting
2021-02-17 16:29:53,655 DEBUG FinufftPlan adjusted eps=1.1920928955078125e-07 from requested 1e-08.
2021-02-17 16:29:53,738 DEBUG Corresponding type is already real float32.
2021-02-17 16:29:53,738 DEBUG nufft passed real_type for signal, converting
2021-02-17 16:29:53,743 DEBUG FinufftPlan adjusted eps=1.1920928955078125e-07 from requested 1e-08.
2021-02-17 16:29:53,826 DEBUG Corresponding type is already real float32.
2021-02-17 16:29:53,826 DEBUG nufft passed real_type for signal, converting
2021-02-17 16:29:53,832 DEBUG FinufftPlan adjusted eps=1.1920928955078125e-07 from requested 1e-08.
2021-02-17 16:29:53,916 DEBUG Corresponding type is already real float32.
2021-02-17 16:29:53,916 DEBUG nufft passed real_type for signal, converting
2021-02-17 16:29:53,920 DEBUG FinufftPlan adjusted eps=1.1920928955078125e-07 from requested 1e-08.
2021-02-17 16:29:54,003 DEBUG Corresponding type is already real float32.
2021-02-17 16:29:54,003 DEBUG nufft passed real_type for signal, converting
2021-02-17 16:29:54,008 DEBUG FinufftPlan adjusted eps=1.1920928955078125e-07 from requested 1e-08.
2021-02-17 16:29:55,085 DEBUG Corresponding type is already real float32.
2021-02-17 16:29:55,085 DEBUG nufft passed real_type for signal, converting
2021-02-17 16:29:55,088 DEBUG FinufftPlan adjusted eps=1.1920928955078125e-07 from requested 1e-08.
2021-02-17 16:29:55,177 DEBUG Corresponding type is already real float32.
2021-02-17 16:29:55,177 DEBUG nufft passed real_type for signal, converting
2021-02-17 16:29:55,182 DEBUG FinufftPlan adjusted eps=1.1920928955078125e-07 from requested 1e-08.
2021-02-17 16:29:55,265 DEBUG Corresponding type is already real float32.
2021-02-17 16:29:55,266 DEBUG nufft passed real_type for signal, converting
2021-02-17 16:29:55,270 DEBUG FinufftPlan adjusted eps=1.1920928955078125e-07 from requested 1e-08.
2021-02-17 16:29:55,352 DEBUG Corresponding type is already real float32.
2021-02-17 16:29:55,352 DEBUG nufft passed real_type for signal, converting
2021-02-17 16:29:55,356 DEBUG FinufftPlan adjusted eps=1.1920928955078125e-07 from requested 1e-08.
2021-02-17 16:29:55,441 DEBUG Corresponding type is already real float32.
2021-02-17 16:29:55,441 DEBUG nufft passed real_type for signal, converting
2021-02-17 16:29:55,445 DEBUG FinufftPlan adjusted eps=1.1920928955078125e-07 from requested 1e-08.
2021-02-17 16:29:55,532 DEBUG Corresponding type is already real float32.
2021-02-17 16:29:55,532 DEBUG nufft passed real_type for signal, converting
2021-02-17 16:29:55,536 DEBUG FinufftPlan adjusted eps=1.1920928955078125e-07 from requested 1e-08.
2021-02-17 16:29:55,629 DEBUG Corresponding type is already real float32.
2021-02-17 16:29:55,629 DEBUG nufft passed real_type for signal, converting
2021-02-17 16:29:55,633 DEBUG FinufftPlan adjusted eps=1.1920928955078125e-07 from requested 1e-08.
2021-02-17 16:29:56,021 INFO Iteration 4 | Cost = 1.582214343521435e+21 | Relative Error = 10147883892.585764
2021-02-17 16:29:56,021 INFO ========= Iteration 5 =========
2021-02-17 16:29:56,021 INFO Iteration 5 | descent step u
2021-02-17 16:29:56,026 DEBUG Corresponding type is already real float32.
2021-02-17 16:29:56,026 DEBUG nufft passed real_type for signal, converting
2021-02-17 16:29:56,029 DEBUG FinufftPlan adjusted eps=1.1920928955078125e-07 from requested 1e-08.
2021-02-17 16:29:56,171 DEBUG Corresponding type is already complex complex64.
2021-02-17 16:29:56,176 DEBUG FinufftPlan adjusted eps=1.1920928955078125e-07 from requested 1e-08.
2021-02-17 16:29:56,197 INFO Determined adjoint mappings. Shape = (33, 33, 33)
2021-02-17 16:29:56,200 INFO Iteration 5 | primal-dual step g
2021-02-17 16:29:56,207 DEBUG Corresponding type is already real float32.
2021-02-17 16:29:56,207 DEBUG nufft passed real_type for signal, converting
2021-02-17 16:29:56,211 DEBUG FinufftPlan adjusted eps=1.1920928955078125e-07 from requested 1e-08.
2021-02-17 16:29:56,307 DEBUG Corresponding type is already real float32.
2021-02-17 16:29:56,307 DEBUG nufft passed real_type for signal, converting
2021-02-17 16:29:56,313 DEBUG FinufftPlan adjusted eps=1.1920928955078125e-07 from requested 1e-08.
2021-02-17 16:29:56,403 DEBUG Corresponding type is already real float32.
2021-02-17 16:29:56,404 DEBUG nufft passed real_type for signal, converting
2021-02-17 16:29:56,410 DEBUG FinufftPlan adjusted eps=1.1920928955078125e-07 from requested 1e-08.
2021-02-17 16:29:56,497 DEBUG Corresponding type is already real float32.
2021-02-17 16:29:56,498 DEBUG nufft passed real_type for signal, converting
2021-02-17 16:29:56,502 DEBUG FinufftPlan adjusted eps=1.1920928955078125e-07 from requested 1e-08.
2021-02-17 16:29:56,585 DEBUG Corresponding type is already real float32.
2021-02-17 16:29:56,585 DEBUG nufft passed real_type for signal, converting
2021-02-17 16:29:56,590 DEBUG FinufftPlan adjusted eps=1.1920928955078125e-07 from requested 1e-08.
2021-02-17 16:29:56,672 DEBUG Corresponding type is already real float32.
2021-02-17 16:29:56,672 DEBUG nufft passed real_type for signal, converting
2021-02-17 16:29:56,677 DEBUG FinufftPlan adjusted eps=1.1920928955078125e-07 from requested 1e-08.
2021-02-17 16:29:57,913 DEBUG Corresponding type is already real float32.
2021-02-17 16:29:57,914 DEBUG nufft passed real_type for signal, converting
2021-02-17 16:29:57,919 DEBUG FinufftPlan adjusted eps=1.1920928955078125e-07 from requested 1e-08.
2021-02-17 16:29:58,020 DEBUG Corresponding type is already real float32.
2021-02-17 16:29:58,020 DEBUG nufft passed real_type for signal, converting
2021-02-17 16:29:58,025 DEBUG FinufftPlan adjusted eps=1.1920928955078125e-07 from requested 1e-08.
2021-02-17 16:29:58,110 DEBUG Corresponding type is already real float32.
2021-02-17 16:29:58,110 DEBUG nufft passed real_type for signal, converting
2021-02-17 16:29:58,115 DEBUG FinufftPlan adjusted eps=1.1920928955078125e-07 from requested 1e-08.
2021-02-17 16:29:58,198 DEBUG Corresponding type is already real float32.
2021-02-17 16:29:58,199 DEBUG nufft passed real_type for signal, converting
2021-02-17 16:29:58,203 DEBUG FinufftPlan adjusted eps=1.1920928955078125e-07 from requested 1e-08.
2021-02-17 16:29:58,288 DEBUG Corresponding type is already real float32.
2021-02-17 16:29:58,288 DEBUG nufft passed real_type for signal, converting
2021-02-17 16:29:58,294 DEBUG FinufftPlan adjusted eps=1.1920928955078125e-07 from requested 1e-08.
2021-02-17 16:29:58,376 DEBUG Corresponding type is already real float32.
2021-02-17 16:29:58,376 DEBUG nufft passed real_type for signal, converting
2021-02-17 16:29:58,381 DEBUG FinufftPlan adjusted eps=1.1920928955078125e-07 from requested 1e-08.
2021-02-17 16:29:58,475 DEBUG Corresponding type is already real float32.
2021-02-17 16:29:58,475 DEBUG nufft passed real_type for signal, converting
2021-02-17 16:29:58,480 DEBUG FinufftPlan adjusted eps=1.1920928955078125e-07 from requested 1e-08.
2021-02-17 16:29:58,865 INFO Iteration 5 | Cost = 1.6683320881276979e+28 | Relative Error = 42414635764284.79
