2021-02-15 15:26:12,017 DEBUG Using fontManager instance from /Users/wdiepeveen/.matplotlib/fontlist-v330.json
2021-02-15 15:26:12,225 INFO This script illustrates orientation refinement using lRCPA as primal-dual splitting method
2021-02-15 15:26:12,235 DEBUG Corresponding type is already real float32.
2021-02-15 15:26:12,235 DEBUG nufft passed real_type for signal, converting
2021-02-15 15:26:12,235 INFO Trying NFFT backend finufft
2021-02-15 15:26:12,241 INFO NFFT backend finufft usable.
2021-02-15 15:26:12,242 INFO Trying NFFT backend cufinufft
2021-02-15 15:26:12,242 INFO NFFT backend cufinufft not usable:
	No module named 'pycuda'
2021-02-15 15:26:12,242 INFO Trying NFFT backend pynfft
2021-02-15 15:26:12,243 INFO NFFT backend pynfft not usable:
	No module named 'pynfft'
2021-02-15 15:26:12,243 INFO Selected NFFT backend = finufft.
2021-02-15 15:26:12,248 DEBUG FinufftPlan adjusted eps=1.1920928955078125e-07 from requested 1e-08.
2021-02-15 15:26:12,407 INFO Applying forward transformations in pipeline
2021-02-15 15:26:12,408 INFO All forward transformations applied
2021-02-15 15:26:12,408 INFO Loaded 128 images
2021-02-15 15:26:14,351 CRITICAL only integers, slices (`:`), ellipsis (`...`), numpy.newaxis (`None`) and integer or boolean arrays are valid indices
Traceback:
  File "/Users/wdiepeveen/Documents/PhD/Projects/2 - Cryo-EM/src/src/Cryo-EM/test.py", line 38, in <module>
    print(data_fidelity_l2(prob))
  File "/Users/wdiepeveen/Documents/PhD/Projects/2 - Cryo-EM/src/src/Cryo-EM/functions/cost_functions.py", line 10, in data_fidelity_l2
    Au = src.forward()  # here we should have an Image object of size n x L x L
  File "/Users/wdiepeveen/Documents/PhD/Projects/2 - Cryo-EM/src/src/Cryo-EM/problems/primal_dual_problem.py", line 129, in forward
    im = self.projections(start=start, num=num, indices=indices)
  File "/Users/wdiepeveen/Documents/PhD/Projects/2 - Cryo-EM/src/src/Cryo-EM/problems/primal_dual_problem.py", line 120, in projections
    im_k = self.vols.project(vol_idx=k - 1, rot_matrices=rot)
  File "/Users/wdiepeveen/PycharmProjects/Cryo-EM/lib/python3.6/site-packages/aspire/volume/__init__.py", line 143, in project
    data = self[vol_idx].T  # RCOPT
  File "/Users/wdiepeveen/PycharmProjects/Cryo-EM/lib/python3.6/site-packages/aspire/volume/__init__.py", line 93, in __getitem__
    return self._data[item]

