2021-02-27 14:01:29,479 INFO This script illustrates images at different SNR levels
2021-02-27 14:01:29,486 INFO Initialize simulation object and CTF filters.
2021-02-27 14:01:29,486 INFO Load 3D map and downsample 3D map to desired grids of 33 x 33 x 33.
2021-02-27 14:01:30,145 INFO Use downsampled map to creat simulation object.
2021-02-27 14:01:30,164 DEBUG Corresponding type is already real float32.
2021-02-27 14:01:30,164 DEBUG nufft passed real_type for signal, converting
2021-02-27 14:01:30,164 INFO Trying NFFT backend finufft
2021-02-27 14:01:30,202 INFO NFFT backend finufft usable.
2021-02-27 14:01:30,202 INFO Trying NFFT backend cufinufft
2021-02-27 14:01:30,203 INFO NFFT backend cufinufft not usable:
	No module named 'pycuda'
2021-02-27 14:01:30,203 INFO Trying NFFT backend pynfft
2021-02-27 14:01:30,203 INFO NFFT backend pynfft not usable:
	No module named 'pynfft'
2021-02-27 14:01:30,203 INFO Selected NFFT backend = finufft.
2021-02-27 14:01:30,211 DEBUG FinufftPlan adjusted eps=1.1920928955078125e-07 from requested 1e-08.
2021-02-27 14:01:30,795 INFO Applying forward transformations in pipeline
2021-02-27 14:01:30,795 INFO All forward transformations applied
2021-02-27 14:01:30,796 INFO Loaded 128 images
2021-02-27 14:01:30,801 DEBUG Corresponding type is already real float32.
2021-02-27 14:01:30,801 DEBUG nufft passed real_type for signal, converting
2021-02-27 14:01:30,804 DEBUG FinufftPlan adjusted eps=1.1920928955078125e-07 from requested 1e-08.
2021-02-27 14:01:31,208 INFO Applying forward transformations in pipeline
2021-02-27 14:01:31,208 INFO All forward transformations applied
2021-02-27 14:01:31,208 INFO Loaded 128 images
2021-02-27 14:01:31,213 DEBUG Corresponding type is already real float32.
2021-02-27 14:01:31,213 DEBUG nufft passed real_type for signal, converting
2021-02-27 14:01:31,216 DEBUG FinufftPlan adjusted eps=1.1920928955078125e-07 from requested 1e-08.
2021-02-27 14:01:31,296 DEBUG Corresponding type is already real float32.
2021-02-27 14:01:31,296 DEBUG nufft passed real_type for signal, converting
2021-02-27 14:01:31,296 DEBUG FinufftPlan adjusted eps=1.1920928955078125e-07 from requested 1e-08.
2021-02-27 14:01:31,479 INFO Applying forward transformations in pipeline
2021-02-27 14:01:31,479 INFO All forward transformations applied
2021-02-27 14:01:31,479 INFO Loaded 3 images
