2021-02-17 16:17:48,472 DEBUG Using fontManager instance from /Users/wdiepeveen/.matplotlib/fontlist-v330.json
2021-02-17 16:17:48,688 INFO This script illustrates orientation refinement using lRCPA as primal-dual splitting method
2021-02-17 16:17:48,695 DEBUG Corresponding type is already real float32.
2021-02-17 16:17:48,695 DEBUG nufft passed real_type for signal, converting
2021-02-17 16:17:48,695 INFO Trying NFFT backend finufft
2021-02-17 16:17:48,702 INFO NFFT backend finufft usable.
2021-02-17 16:17:48,702 INFO Trying NFFT backend cufinufft
2021-02-17 16:17:48,702 INFO NFFT backend cufinufft not usable:
	No module named 'pycuda'
2021-02-17 16:17:48,702 INFO Trying NFFT backend pynfft
2021-02-17 16:17:48,702 INFO NFFT backend pynfft not usable:
	No module named 'pynfft'
2021-02-17 16:17:48,703 INFO Selected NFFT backend = finufft.
2021-02-17 16:17:48,706 DEBUG FinufftPlan adjusted eps=1.1920928955078125e-07 from requested 1e-08.
2021-02-17 16:17:48,876 INFO Applying forward transformations in pipeline
2021-02-17 16:17:48,877 INFO All forward transformations applied
2021-02-17 16:17:48,877 INFO Loaded 128 images
2021-02-17 16:17:48,898 INFO ========= Iteration 1 =========
2021-02-17 16:17:48,899 INFO Iteration 1 | descent step u
2021-02-17 16:17:48,903 DEBUG Corresponding type is already real float32.
2021-02-17 16:17:48,904 DEBUG nufft passed real_type for signal, converting
2021-02-17 16:17:48,908 DEBUG FinufftPlan adjusted eps=1.1920928955078125e-07 from requested 1e-08.
2021-02-17 16:17:49,036 DEBUG Corresponding type is already complex complex64.
2021-02-17 16:17:49,040 DEBUG FinufftPlan adjusted eps=1.1920928955078125e-07 from requested 1e-08.
2021-02-17 16:17:49,065 INFO Determined adjoint mappings. Shape = (33, 33, 33)
2021-02-17 16:17:49,072 INFO Iteration 1 | primal-dual step g
2021-02-17 16:17:49,080 DEBUG Corresponding type is already real float32.
2021-02-17 16:17:49,080 DEBUG nufft passed real_type for signal, converting
2021-02-17 16:17:49,085 DEBUG FinufftPlan adjusted eps=1.1920928955078125e-07 from requested 1e-08.
2021-02-17 16:17:49,200 DEBUG Corresponding type is already real float32.
2021-02-17 16:17:49,200 DEBUG nufft passed real_type for signal, converting
2021-02-17 16:17:49,205 DEBUG FinufftPlan adjusted eps=1.1920928955078125e-07 from requested 1e-08.
2021-02-17 16:17:49,295 DEBUG Corresponding type is already real float32.
2021-02-17 16:17:49,295 DEBUG nufft passed real_type for signal, converting
2021-02-17 16:17:49,300 DEBUG FinufftPlan adjusted eps=1.1920928955078125e-07 from requested 1e-08.
2021-02-17 16:17:49,390 DEBUG Corresponding type is already real float32.
2021-02-17 16:17:49,390 DEBUG nufft passed real_type for signal, converting
2021-02-17 16:17:49,395 DEBUG FinufftPlan adjusted eps=1.1920928955078125e-07 from requested 1e-08.
2021-02-17 16:17:49,484 DEBUG Corresponding type is already real float32.
2021-02-17 16:17:49,484 DEBUG nufft passed real_type for signal, converting
2021-02-17 16:17:49,489 DEBUG FinufftPlan adjusted eps=1.1920928955078125e-07 from requested 1e-08.
2021-02-17 16:17:49,581 DEBUG Corresponding type is already real float32.
2021-02-17 16:17:49,581 DEBUG nufft passed real_type for signal, converting
2021-02-17 16:17:49,586 DEBUG FinufftPlan adjusted eps=1.1920928955078125e-07 from requested 1e-08.
2021-02-17 16:17:50,342 DEBUG Corresponding type is already real float32.
2021-02-17 16:17:50,343 DEBUG nufft passed real_type for signal, converting
2021-02-17 16:17:50,346 DEBUG FinufftPlan adjusted eps=1.1920928955078125e-07 from requested 1e-08.
2021-02-17 16:17:50,444 DEBUG Corresponding type is already real float32.
2021-02-17 16:17:50,444 DEBUG nufft passed real_type for signal, converting
2021-02-17 16:17:50,450 DEBUG FinufftPlan adjusted eps=1.1920928955078125e-07 from requested 1e-08.
2021-02-17 16:17:50,545 DEBUG Corresponding type is already real float32.
2021-02-17 16:17:50,545 DEBUG nufft passed real_type for signal, converting
2021-02-17 16:17:50,550 DEBUG FinufftPlan adjusted eps=1.1920928955078125e-07 from requested 1e-08.
2021-02-17 16:17:50,638 DEBUG Corresponding type is already real float32.
2021-02-17 16:17:50,638 DEBUG nufft passed real_type for signal, converting
2021-02-17 16:17:50,643 DEBUG FinufftPlan adjusted eps=1.1920928955078125e-07 from requested 1e-08.
2021-02-17 16:17:50,726 DEBUG Corresponding type is already real float32.
2021-02-17 16:17:50,726 DEBUG nufft passed real_type for signal, converting
2021-02-17 16:17:50,730 DEBUG FinufftPlan adjusted eps=1.1920928955078125e-07 from requested 1e-08.
2021-02-17 16:17:50,820 DEBUG Corresponding type is already real float32.
2021-02-17 16:17:50,820 DEBUG nufft passed real_type for signal, converting
2021-02-17 16:17:50,824 DEBUG FinufftPlan adjusted eps=1.1920928955078125e-07 from requested 1e-08.
2021-02-17 16:17:52,916 CRITICAL 'InnerProductOperator' object has no attribute 'dtype'
Traceback:
  File "/Users/wdiepeveen/Documents/PhD/Projects/2 - Cryo-EM/src/src/Cryo-EM/test.py", line 66, in <module>
    volume = solver.solve()
  File "/Users/wdiepeveen/Documents/PhD/Projects/2 - Cryo-EM/src/src/Cryo-EM/solvers/primal_dual_solver.py", line 115, in solve
    cost = self.get_cost(self.problem)
  File "/Users/wdiepeveen/Documents/PhD/Projects/2 - Cryo-EM/src/src/Cryo-EM/test.py", line 45, in cost_function
    cost = l2_data_fidelity(src) + lam1*l2_grad_norm(src) + lam2*so3_distance(src)
  File "/Users/wdiepeveen/Documents/PhD/Projects/2 - Cryo-EM/src/src/Cryo-EM/functions/cost_functions.py", line 14, in l2_data_fidelity
    res = src.vol_forward(src.vols, 0, np.inf) - src.data
  File "/Users/wdiepeveen/PycharmProjects/Cryo-EM/lib/python3.6/site-packages/aspire/source/__init__.py", line 523, in vol_forward
    im = vol.project(0, self.rots[all_idx, :, :])
  File "/Users/wdiepeveen/PycharmProjects/Cryo-EM/lib/python3.6/site-packages/aspire/volume/__init__.py", line 152, in project
    im_f = nufft(data, pts_rot) / self.resolution
  File "/Users/wdiepeveen/PycharmProjects/Cryo-EM/lib/python3.6/site-packages/aspire/nufft/__init__.py", line 198, in nufft
    if fourier_pts.dtype != real_type(sig_f.dtype):

