2021-02-16 10:45:37,611 DEBUG Using fontManager instance from /Users/wdiepeveen/.matplotlib/fontlist-v330.json
2021-02-16 10:45:37,811 INFO This script illustrates orientation refinement using lRCPA as primal-dual splitting method
2021-02-16 10:45:37,819 DEBUG Corresponding type is already real float32.
2021-02-16 10:45:37,819 DEBUG nufft passed real_type for signal, converting
2021-02-16 10:45:37,819 INFO Trying NFFT backend finufft
2021-02-16 10:45:37,824 INFO NFFT backend finufft usable.
2021-02-16 10:45:37,825 INFO Trying NFFT backend cufinufft
2021-02-16 10:45:37,825 INFO NFFT backend cufinufft not usable:
	No module named 'pycuda'
2021-02-16 10:45:37,825 INFO Trying NFFT backend pynfft
2021-02-16 10:45:37,825 INFO NFFT backend pynfft not usable:
	No module named 'pynfft'
2021-02-16 10:45:37,825 INFO Selected NFFT backend = finufft.
2021-02-16 10:45:37,829 DEBUG FinufftPlan adjusted eps=1.1920928955078125e-07 from requested 1e-08.
2021-02-16 10:45:38,003 INFO Applying forward transformations in pipeline
2021-02-16 10:45:38,004 INFO All forward transformations applied
2021-02-16 10:45:38,004 INFO Loaded 128 images
2021-02-16 10:45:38,005 WARNING PrimalDualProblem vols.dtype float64 != self.dtype float32. In the future this will raise an error.
2021-02-16 10:45:38,032 INFO Testing data fidelity
2021-02-16 10:45:38,035 WARNING Volume rot_matrices.dtype float32 != self.dtype float64. In the future this will raise an error.
2021-02-16 10:45:38,040 DEBUG Corresponding type is already real float64.
2021-02-16 10:45:38,041 WARNING nufft passed inconsistent dtypes. fourier_pts: float32 forcing precision of signal data: float64.
2021-02-16 10:45:38,041 DEBUG Corresponding type is already real float64.
2021-02-16 10:45:38,043 DEBUG nufft passed real_type for signal, converting
2021-02-16 10:45:38,209 INFO Testing grad norm fidelity
2021-02-16 10:45:38,212 INFO Testing rotation fidelity
2021-02-16 10:45:38,382 INFO Testing differential
2021-02-16 10:45:38,387 WARNING Volume rot_matrices.dtype float32 != self.dtype float64. In the future this will raise an error.
2021-02-16 10:45:38,391 DEBUG Corresponding type is already real float64.
2021-02-16 10:45:38,391 WARNING nufft passed inconsistent dtypes. fourier_pts: float32 forcing precision of signal data: float64.
2021-02-16 10:45:38,391 DEBUG Corresponding type is already real float64.
2021-02-16 10:45:38,393 DEBUG nufft passed real_type for signal, converting
