2021-02-15 14:58:16,599 DEBUG Using fontManager instance from /Users/wdiepeveen/.matplotlib/fontlist-v330.json
2021-02-15 14:58:16,792 INFO This script illustrates orientation refinement using lRCPA as primal-dual splitting method
2021-02-15 14:58:16,803 DEBUG Corresponding type is already real float32.
2021-02-15 14:58:16,803 DEBUG nufft passed real_type for signal, converting
2021-02-15 14:58:16,803 INFO Trying NFFT backend finufft
2021-02-15 14:58:16,810 INFO NFFT backend finufft usable.
2021-02-15 14:58:16,810 INFO Trying NFFT backend cufinufft
2021-02-15 14:58:16,811 INFO NFFT backend cufinufft not usable:
	No module named 'pycuda'
2021-02-15 14:58:16,811 INFO Trying NFFT backend pynfft
2021-02-15 14:58:16,811 INFO NFFT backend pynfft not usable:
	No module named 'pynfft'
2021-02-15 14:58:16,811 INFO Selected NFFT backend = finufft.
2021-02-15 14:58:16,815 DEBUG FinufftPlan adjusted eps=1.1920928955078125e-07 from requested 1e-08.
2021-02-15 14:58:16,995 INFO Applying forward transformations in pipeline
2021-02-15 14:58:16,996 INFO All forward transformations applied
2021-02-15 14:58:16,996 INFO Loaded 128 images
2021-02-15 14:58:18,852 CRITICAL as_euler() missing 1 required positional argument: 'seq'
Traceback:
  File "/Users/wdiepeveen/Documents/PhD/Projects/2 - Cryo-EM/src/src/Cryo-EM/test.py", line 39, in <module>
    print(sim.angles)
  File "/Users/wdiepeveen/PycharmProjects/Cryo-EM/lib/python3.6/site-packages/aspire/source/__init__.py", line 183, in angles
    return self._rotations.as_euler().astype(self.dtype)

