2021-02-27 14:31:11,522 INFO This script illustrates images at different SNR levels
2021-02-27 14:31:11,524 INFO Initialize simulation object and CTF filters.
2021-02-27 14:31:11,524 INFO Load 3D map and downsample 3D map to desired grids of 33 x 33 x 33.
2021-02-27 14:31:12,279 INFO Use downsampled map to creat simulation object.
2021-02-27 14:31:12,298 DEBUG Corresponding type is already real float32.
2021-02-27 14:31:12,298 DEBUG nufft passed real_type for signal, converting
2021-02-27 14:31:12,298 INFO Trying NFFT backend finufft
2021-02-27 14:31:12,303 INFO NFFT backend finufft usable.
2021-02-27 14:31:12,303 INFO Trying NFFT backend cufinufft
2021-02-27 14:31:12,304 INFO NFFT backend cufinufft not usable:
	No module named 'pycuda'
2021-02-27 14:31:12,304 INFO Trying NFFT backend pynfft
2021-02-27 14:31:12,304 INFO NFFT backend pynfft not usable:
	No module named 'pynfft'
2021-02-27 14:31:12,304 INFO Selected NFFT backend = finufft.
2021-02-27 14:31:12,307 DEBUG FinufftPlan adjusted eps=1.1920928955078125e-07 from requested 1e-08.
2021-02-27 14:31:12,461 DEBUG Corresponding type is already real float32.
2021-02-27 14:31:12,461 DEBUG nufft passed real_type for signal, converting
2021-02-27 14:31:12,465 DEBUG FinufftPlan adjusted eps=1.1920928955078125e-07 from requested 1e-08.
2021-02-27 14:31:13,020 INFO Applying forward transformations in pipeline
2021-02-27 14:31:13,020 INFO All forward transformations applied
2021-02-27 14:31:13,020 INFO Loaded 128 images
2021-02-27 14:31:13,025 DEBUG Corresponding type is already real float32.
2021-02-27 14:31:13,025 DEBUG nufft passed real_type for signal, converting
2021-02-27 14:31:13,028 DEBUG FinufftPlan adjusted eps=1.1920928955078125e-07 from requested 1e-08.
2021-02-27 14:31:13,109 DEBUG Corresponding type is already real float32.
2021-02-27 14:31:13,109 DEBUG nufft passed real_type for signal, converting
2021-02-27 14:31:13,109 DEBUG FinufftPlan adjusted eps=1.1920928955078125e-07 from requested 1e-08.
2021-02-27 14:31:13,296 INFO Applying forward transformations in pipeline
2021-02-27 14:31:13,296 INFO All forward transformations applied
2021-02-27 14:31:13,296 INFO Loaded 3 images
