2021-02-25 14:41:45,821 INFO This script illustrates images at different SNR levels
2021-02-25 14:41:45,823 INFO Initialize simulation object and CTF filters.
2021-02-25 14:41:45,823 INFO Load 3D map and downsample 3D map to desired grids of 33 x 33 x 33.
2021-02-25 14:41:46,538 INFO Use downsampled map to creat simulation object.
2021-02-25 14:41:46,562 INFO Appending a NoiseAdder to generation pipeline
2021-02-25 14:41:46,564 DEBUG Corresponding type is already real float32.
2021-02-25 14:41:46,564 DEBUG nufft passed real_type for signal, converting
2021-02-25 14:41:46,564 INFO Trying NFFT backend finufft
2021-02-25 14:41:46,569 INFO NFFT backend finufft usable.
2021-02-25 14:41:46,570 INFO Trying NFFT backend cufinufft
2021-02-25 14:41:46,570 INFO NFFT backend cufinufft not usable:
	No module named 'pycuda'
2021-02-25 14:41:46,570 INFO Trying NFFT backend pynfft
2021-02-25 14:41:46,570 INFO NFFT backend pynfft not usable:
	No module named 'pynfft'
2021-02-25 14:41:46,570 INFO Selected NFFT backend = finufft.
2021-02-25 14:41:46,570 DEBUG FinufftPlan adjusted eps=1.1920928955078125e-07 from requested 1e-08.
2021-02-25 14:41:46,864 INFO Applying forward transformations in pipeline
2021-02-25 14:41:46,865 INFO All forward transformations applied
2021-02-25 14:41:46,865 INFO Loaded 3 images
