2021-02-15 16:33:41,002 DEBUG Using fontManager instance from /Users/wdiepeveen/.matplotlib/fontlist-v330.json
2021-02-15 16:33:41,216 INFO This script illustrates orientation refinement using lRCPA as primal-dual splitting method
2021-02-15 16:33:41,226 DEBUG Corresponding type is already real float32.
2021-02-15 16:33:41,226 DEBUG nufft passed real_type for signal, converting
2021-02-15 16:33:41,227 INFO Trying NFFT backend finufft
2021-02-15 16:33:41,233 INFO NFFT backend finufft usable.
2021-02-15 16:33:41,233 INFO Trying NFFT backend cufinufft
2021-02-15 16:33:41,234 INFO NFFT backend cufinufft not usable:
	No module named 'pycuda'
2021-02-15 16:33:41,234 INFO Trying NFFT backend pynfft
2021-02-15 16:33:41,234 INFO NFFT backend pynfft not usable:
	No module named 'pynfft'
2021-02-15 16:33:41,234 INFO Selected NFFT backend = finufft.
2021-02-15 16:33:41,238 DEBUG FinufftPlan adjusted eps=1.1920928955078125e-07 from requested 1e-08.
2021-02-15 16:33:41,407 INFO Applying forward transformations in pipeline
2021-02-15 16:33:41,407 INFO All forward transformations applied
2021-02-15 16:33:41,407 INFO Loaded 128 images
2021-02-15 16:33:41,426 INFO Testing data fidelity
2021-02-15 16:33:41,433 DEBUG Corresponding type is already real float32.
2021-02-15 16:33:41,433 DEBUG nufft passed real_type for signal, converting
2021-02-15 16:33:41,438 DEBUG FinufftPlan adjusted eps=1.1920928955078125e-07 from requested 1e-08.
2021-02-15 16:33:41,517 INFO Testing grad norm fidelity
