2021-02-25 14:13:59,516 INFO This script illustrates orientation estimation using synchronization matrix and voting method
2021-02-25 14:13:59,517 INFO Initialize simulation object and CTF filters.
2021-02-25 14:13:59,517 INFO Load 3D map and downsample 3D map to desired grids of 33 x 33 x 33.
2021-02-25 14:14:00,181 INFO Use downsampled map to creat simulation object.
2021-02-25 14:14:00,201 DEBUG Corresponding type is already real float32.
2021-02-25 14:14:00,201 DEBUG nufft passed real_type for signal, converting
2021-02-25 14:14:00,202 INFO Trying NFFT backend finufft
2021-02-25 14:14:00,207 INFO NFFT backend finufft usable.
2021-02-25 14:14:00,207 INFO Trying NFFT backend cufinufft
2021-02-25 14:14:00,208 INFO NFFT backend cufinufft not usable:
	No module named 'pycuda'
2021-02-25 14:14:00,208 INFO Trying NFFT backend pynfft
2021-02-25 14:14:00,208 INFO NFFT backend pynfft not usable:
	No module named 'pynfft'
2021-02-25 14:14:00,208 INFO Selected NFFT backend = finufft.
2021-02-25 14:14:00,208 DEBUG FinufftPlan adjusted eps=1.1920928955078125e-07 from requested 1e-08.
2021-02-25 14:14:00,398 INFO Applying forward transformations in pipeline
2021-02-25 14:14:00,398 INFO All forward transformations applied
2021-02-25 14:14:00,398 INFO Loaded 3 images
2021-02-25 14:14:00,568 INFO Get true rotation angles generated randomly by the simulation object.
2021-02-25 14:14:00,568 INFO Estimate rotation angles using synchronization matrix and voting method.
2021-02-25 14:14:00,574 DEBUG Corresponding type is already real float32.
2021-02-25 14:14:00,574 DEBUG nufft passed real_type for signal, converting
2021-02-25 14:14:00,579 DEBUG FinufftPlan adjusted eps=1.1920928955078125e-07 from requested 1e-08.
2021-02-25 14:14:00,720 INFO Applying forward transformations in pipeline
2021-02-25 14:14:00,721 INFO All forward transformations applied
2021-02-25 14:14:00,721 INFO Loaded 128 images
2021-02-25 14:14:00,721 INFO Represent 2D image in a polar Fourier grid
2021-02-25 14:14:00,721 DEBUG Corresponding type is already real float32.
2021-02-25 14:14:00,722 DEBUG nufft passed real_type for signal, converting
2021-02-25 14:14:00,722 DEBUG FinufftPlan adjusted eps=1.1920928955078125e-07 from requested 1e-08.
