2021-02-17 15:21:38,413 DEBUG Using fontManager instance from /Users/wdiepeveen/.matplotlib/fontlist-v330.json
2021-02-17 15:21:38,613 INFO This script illustrates orientation refinement using lRCPA as primal-dual splitting method
2021-02-17 15:21:38,623 DEBUG Corresponding type is already real float32.
2021-02-17 15:21:38,623 DEBUG nufft passed real_type for signal, converting
2021-02-17 15:21:38,624 INFO Trying NFFT backend finufft
2021-02-17 15:21:38,630 INFO NFFT backend finufft usable.
2021-02-17 15:21:38,630 INFO Trying NFFT backend cufinufft
2021-02-17 15:21:38,631 INFO NFFT backend cufinufft not usable:
	No module named 'pycuda'
2021-02-17 15:21:38,631 INFO Trying NFFT backend pynfft
2021-02-17 15:21:38,631 INFO NFFT backend pynfft not usable:
	No module named 'pynfft'
2021-02-17 15:21:38,631 INFO Selected NFFT backend = finufft.
2021-02-17 15:21:38,636 DEBUG FinufftPlan adjusted eps=1.1920928955078125e-07 from requested 1e-08.
2021-02-17 15:21:38,793 INFO Applying forward transformations in pipeline
2021-02-17 15:21:38,794 INFO All forward transformations applied
2021-02-17 15:21:38,794 INFO Loaded 128 images
2021-02-17 15:21:38,811 INFO ========= Iteration 1 =========
2021-02-17 15:21:38,811 INFO Iteration 1 | descent step u
2021-02-17 15:21:38,816 DEBUG Corresponding type is already real float32.
2021-02-17 15:21:38,817 DEBUG nufft passed real_type for signal, converting
2021-02-17 15:21:38,821 DEBUG FinufftPlan adjusted eps=1.1920928955078125e-07 from requested 1e-08.
2021-02-17 15:21:38,952 DEBUG Corresponding type is already complex complex64.
2021-02-17 15:21:38,957 DEBUG FinufftPlan adjusted eps=1.1920928955078125e-07 from requested 1e-08.
2021-02-17 15:21:38,983 INFO Determined adjoint mappings. Shape = (33, 33, 33)
2021-02-17 15:21:38,983 INFO Iteration 1 | primal-dual step g
2021-02-17 15:21:38,991 DEBUG Corresponding type is already real float32.
2021-02-17 15:21:38,992 DEBUG nufft passed real_type for signal, converting
2021-02-17 15:21:38,995 DEBUG FinufftPlan adjusted eps=1.1920928955078125e-07 from requested 1e-08.
2021-02-17 15:21:39,085 DEBUG Corresponding type is already real float32.
2021-02-17 15:21:39,085 DEBUG nufft passed real_type for signal, converting
2021-02-17 15:21:39,090 DEBUG FinufftPlan adjusted eps=1.1920928955078125e-07 from requested 1e-08.
2021-02-17 15:21:39,176 DEBUG Corresponding type is already real float32.
2021-02-17 15:21:39,176 DEBUG nufft passed real_type for signal, converting
2021-02-17 15:21:39,180 DEBUG FinufftPlan adjusted eps=1.1920928955078125e-07 from requested 1e-08.
2021-02-17 15:21:39,264 DEBUG Corresponding type is already real float32.
2021-02-17 15:21:39,264 DEBUG nufft passed real_type for signal, converting
2021-02-17 15:21:39,268 DEBUG FinufftPlan adjusted eps=1.1920928955078125e-07 from requested 1e-08.
2021-02-17 15:21:39,352 DEBUG Corresponding type is already real float32.
2021-02-17 15:21:39,352 DEBUG nufft passed real_type for signal, converting
2021-02-17 15:21:39,357 DEBUG FinufftPlan adjusted eps=1.1920928955078125e-07 from requested 1e-08.
2021-02-17 15:21:39,445 DEBUG Corresponding type is already real float32.
2021-02-17 15:21:39,445 DEBUG nufft passed real_type for signal, converting
2021-02-17 15:21:39,450 DEBUG FinufftPlan adjusted eps=1.1920928955078125e-07 from requested 1e-08.
2021-02-17 15:21:40,103 DEBUG Corresponding type is already real float32.
2021-02-17 15:21:40,103 DEBUG nufft passed real_type for signal, converting
2021-02-17 15:21:40,106 DEBUG FinufftPlan adjusted eps=1.1920928955078125e-07 from requested 1e-08.
2021-02-17 15:21:40,197 DEBUG Corresponding type is already real float32.
2021-02-17 15:21:40,198 DEBUG nufft passed real_type for signal, converting
2021-02-17 15:21:40,202 DEBUG FinufftPlan adjusted eps=1.1920928955078125e-07 from requested 1e-08.
2021-02-17 15:21:40,286 DEBUG Corresponding type is already real float32.
2021-02-17 15:21:40,286 DEBUG nufft passed real_type for signal, converting
2021-02-17 15:21:40,290 DEBUG FinufftPlan adjusted eps=1.1920928955078125e-07 from requested 1e-08.
2021-02-17 15:21:40,372 DEBUG Corresponding type is already real float32.
2021-02-17 15:21:40,372 DEBUG nufft passed real_type for signal, converting
2021-02-17 15:21:40,377 DEBUG FinufftPlan adjusted eps=1.1920928955078125e-07 from requested 1e-08.
2021-02-17 15:21:40,463 DEBUG Corresponding type is already real float32.
2021-02-17 15:21:40,463 DEBUG nufft passed real_type for signal, converting
2021-02-17 15:21:40,468 DEBUG FinufftPlan adjusted eps=1.1920928955078125e-07 from requested 1e-08.
2021-02-17 15:21:40,548 DEBUG Corresponding type is already real float32.
2021-02-17 15:21:40,548 DEBUG nufft passed real_type for signal, converting
2021-02-17 15:21:40,552 DEBUG FinufftPlan adjusted eps=1.1920928955078125e-07 from requested 1e-08.
2021-02-17 15:21:40,813 DEBUG Corresponding type is already real float32.
2021-02-17 15:21:40,813 DEBUG nufft passed real_type for signal, converting
2021-02-17 15:21:40,816 DEBUG FinufftPlan adjusted eps=1.1920928955078125e-07 from requested 1e-08.
2021-02-17 15:21:40,913 DEBUG Corresponding type is already real float32.
2021-02-17 15:21:40,913 DEBUG nufft passed real_type for signal, converting
2021-02-17 15:21:40,918 DEBUG FinufftPlan adjusted eps=1.1920928955078125e-07 from requested 1e-08.
2021-02-17 15:21:41,005 DEBUG Corresponding type is already real float32.
2021-02-17 15:21:41,005 DEBUG nufft passed real_type for signal, converting
2021-02-17 15:21:41,009 DEBUG FinufftPlan adjusted eps=1.1920928955078125e-07 from requested 1e-08.
2021-02-17 15:21:41,094 DEBUG Corresponding type is already real float32.
2021-02-17 15:21:41,094 DEBUG nufft passed real_type for signal, converting
2021-02-17 15:21:41,100 DEBUG FinufftPlan adjusted eps=1.1920928955078125e-07 from requested 1e-08.
2021-02-17 15:21:41,192 DEBUG Corresponding type is already real float32.
2021-02-17 15:21:41,192 DEBUG nufft passed real_type for signal, converting
2021-02-17 15:21:41,197 DEBUG FinufftPlan adjusted eps=1.1920928955078125e-07 from requested 1e-08.
2021-02-17 15:21:41,279 DEBUG Corresponding type is already real float32.
2021-02-17 15:21:41,279 DEBUG nufft passed real_type for signal, converting
2021-02-17 15:21:41,283 DEBUG FinufftPlan adjusted eps=1.1920928955078125e-07 from requested 1e-08.
2021-02-17 15:21:43,158 CRITICAL unsupported operand type(s) for *: 'float' and 'Image'
Traceback:
  File "/Users/wdiepeveen/Documents/PhD/Projects/2 - Cryo-EM/src/src/Cryo-EM/test.py", line 56, in <module>
    volume = solver.solve()
  File "/Users/wdiepeveen/Documents/PhD/Projects/2 - Cryo-EM/src/src/Cryo-EM/solvers/primal_dual_solver.py", line 110, in solve
    self.primal_dual_step_g()
  File "/Users/wdiepeveen/Documents/PhD/Projects/2 - Cryo-EM/src/src/Cryo-EM/solvers/primal_dual_solver.py", line 149, in primal_dual_step_g
    manifold.log(m, new_rots))
  File "/Users/wdiepeveen/Documents/PhD/Projects/2 - Cryo-EM/src/src/Cryo-EM/functions/proximal_maps.py", line 11, in prox_dual_l2_data_fidelity
    dual_prox_res = 1 / (1 + a * src.n) * (xi.data - a * src.data)

