2021-02-25 17:23:18,937 INFO This script illustrates images at different SNR levels
2021-02-25 17:23:18,939 INFO Initialize simulation object and CTF filters.
2021-02-25 17:23:18,939 INFO Load 3D map and downsample 3D map to desired grids of 33 x 33 x 33.
2021-02-25 17:23:19,610 INFO Use downsampled map to creat simulation object.
2021-02-25 17:23:19,629 DEBUG Corresponding type is already real float32.
2021-02-25 17:23:19,629 DEBUG nufft passed real_type for signal, converting
2021-02-25 17:23:19,629 INFO Trying NFFT backend finufft
2021-02-25 17:23:19,634 INFO NFFT backend finufft usable.
2021-02-25 17:23:19,634 INFO Trying NFFT backend cufinufft
2021-02-25 17:23:19,635 INFO NFFT backend cufinufft not usable:
	No module named 'pycuda'
2021-02-25 17:23:19,635 INFO Trying NFFT backend pynfft
2021-02-25 17:23:19,635 INFO NFFT backend pynfft not usable:
	No module named 'pynfft'
2021-02-25 17:23:19,635 INFO Selected NFFT backend = finufft.
2021-02-25 17:23:19,635 DEBUG FinufftPlan adjusted eps=1.1920928955078125e-07 from requested 1e-08.
2021-02-25 17:23:21,815 CRITICAL unsupported operand type(s) for *: 'float' and 'NoneType'
Traceback:
  File "/Users/wdiepeveen/Documents/PhD/Projects/2 - Cryo-EM/src/src/Cryo-EM/SNR_test.py", line 84, in <module>
    images = sim.images(0,num_plts,enable_noise=True)
  File "/Users/wdiepeveen/PycharmProjects/Cryo-EM/lib/python3.6/site-packages/aspire/source/__init__.py", line 367, in images
    im = self._images(indices=indices, *args, **kwargs)
  File "/Users/wdiepeveen/PycharmProjects/Cryo-EM/lib/python3.6/site-packages/aspire/source/simulation.py", line 188, in _images
    im = self.noise_adder.forward(im, indices=indices)
  File "/Users/wdiepeveen/PycharmProjects/Cryo-EM/lib/python3.6/site-packages/aspire/image/xform.py", line 67, in forward
    return self._forward(im, indices=indices)
  File "/Users/wdiepeveen/Documents/PhD/Projects/2 - Cryo-EM/src/src/Cryo-EM/noise/noise.py", line 39, in _forward
    im_s = Image(np.sqrt(im_var / (ims_var * self.snr)) * im_s).filter(self.noise_filter)[0]

