2021-02-27 14:55:25,611 INFO This script illustrates orientation refinement using lRCPA as primal-dual splitting method
2021-02-27 14:55:25,683 DEBUG Corresponding type is already real float32.
2021-02-27 14:55:25,683 DEBUG nufft passed real_type for signal, converting
2021-02-27 14:55:25,684 INFO Trying NFFT backend finufft
2021-02-27 14:55:25,691 INFO NFFT backend finufft usable.
2021-02-27 14:55:25,691 INFO Trying NFFT backend cufinufft
2021-02-27 14:55:25,691 INFO NFFT backend cufinufft not usable:
	No module named 'pycuda'
2021-02-27 14:55:25,691 INFO Trying NFFT backend pynfft
2021-02-27 14:55:25,692 INFO NFFT backend pynfft not usable:
	No module named 'pynfft'
2021-02-27 14:55:25,692 INFO Selected NFFT backend = finufft.
2021-02-27 14:55:25,705 DEBUG FinufftPlan adjusted eps=1.1920928955078125e-07 from requested 1e-08.
2021-02-27 14:55:26,014 INFO Applying forward transformations in pipeline
2021-02-27 14:55:26,015 INFO All forward transformations applied
2021-02-27 14:55:26,015 INFO Loaded 128 images
2021-02-27 14:55:26,036 INFO ========= Iteration 1 =========
2021-02-27 14:55:26,036 INFO Iteration 1 | descent step u
2021-02-27 14:55:26,064 DEBUG Corresponding type is already real float32.
2021-02-27 14:55:26,064 DEBUG nufft passed real_type for signal, converting
2021-02-27 14:55:26,078 DEBUG FinufftPlan adjusted eps=1.1920928955078125e-07 from requested 1e-08.
2021-02-27 14:55:26,419 DEBUG Corresponding type is already complex complex64.
2021-02-27 14:55:26,432 DEBUG FinufftPlan adjusted eps=1.1920928955078125e-07 from requested 1e-08.
2021-02-27 14:55:26,540 INFO Determined adjoint mappings. Shape = (65, 65, 65)
2021-02-27 14:55:26,552 INFO Iteration 1 | primal-dual step g
2021-02-27 14:55:26,604 DEBUG Corresponding type is already real float32.
2021-02-27 14:55:26,604 DEBUG nufft passed real_type for signal, converting
2021-02-27 14:55:26,619 DEBUG FinufftPlan adjusted eps=1.1920928955078125e-07 from requested 1e-08.
2021-02-27 14:55:26,849 DEBUG Corresponding type is already real float32.
2021-02-27 14:55:26,849 DEBUG nufft passed real_type for signal, converting
2021-02-27 14:55:26,871 DEBUG FinufftPlan adjusted eps=1.1920928955078125e-07 from requested 1e-08.
2021-02-27 14:55:27,127 DEBUG Corresponding type is already real float32.
2021-02-27 14:55:27,127 DEBUG nufft passed real_type for signal, converting
2021-02-27 14:55:27,148 DEBUG FinufftPlan adjusted eps=1.1920928955078125e-07 from requested 1e-08.
2021-02-27 14:55:27,435 DEBUG Corresponding type is already real float32.
2021-02-27 14:55:27,436 DEBUG nufft passed real_type for signal, converting
2021-02-27 14:55:27,458 DEBUG FinufftPlan adjusted eps=1.1920928955078125e-07 from requested 1e-08.
2021-02-27 14:55:27,715 DEBUG Corresponding type is already real float32.
2021-02-27 14:55:27,715 DEBUG nufft passed real_type for signal, converting
2021-02-27 14:55:27,733 DEBUG FinufftPlan adjusted eps=1.1920928955078125e-07 from requested 1e-08.
2021-02-27 14:55:27,986 DEBUG Corresponding type is already real float32.
2021-02-27 14:55:27,986 DEBUG nufft passed real_type for signal, converting
2021-02-27 14:55:28,008 DEBUG FinufftPlan adjusted eps=1.1920928955078125e-07 from requested 1e-08.
2021-02-27 14:55:28,875 DEBUG Corresponding type is already real float32.
2021-02-27 14:55:28,875 DEBUG nufft passed real_type for signal, converting
2021-02-27 14:55:28,889 DEBUG FinufftPlan adjusted eps=1.1920928955078125e-07 from requested 1e-08.
2021-02-27 14:55:29,137 DEBUG Corresponding type is already real float32.
2021-02-27 14:55:29,137 DEBUG nufft passed real_type for signal, converting
2021-02-27 14:55:29,156 DEBUG FinufftPlan adjusted eps=1.1920928955078125e-07 from requested 1e-08.
2021-02-27 14:55:29,392 DEBUG Corresponding type is already real float32.
2021-02-27 14:55:29,392 DEBUG nufft passed real_type for signal, converting
2021-02-27 14:55:29,411 DEBUG FinufftPlan adjusted eps=1.1920928955078125e-07 from requested 1e-08.
2021-02-27 14:55:29,644 DEBUG Corresponding type is already real float32.
2021-02-27 14:55:29,645 DEBUG nufft passed real_type for signal, converting
2021-02-27 14:55:29,664 DEBUG FinufftPlan adjusted eps=1.1920928955078125e-07 from requested 1e-08.
2021-02-27 14:55:29,917 DEBUG Corresponding type is already real float32.
2021-02-27 14:55:29,917 DEBUG nufft passed real_type for signal, converting
2021-02-27 14:55:29,941 DEBUG FinufftPlan adjusted eps=1.1920928955078125e-07 from requested 1e-08.
2021-02-27 14:55:30,214 DEBUG Corresponding type is already real float32.
2021-02-27 14:55:30,214 DEBUG nufft passed real_type for signal, converting
2021-02-27 14:55:30,233 DEBUG FinufftPlan adjusted eps=1.1920928955078125e-07 from requested 1e-08.
2021-02-27 14:55:30,504 DEBUG Corresponding type is already real float32.
2021-02-27 14:55:30,504 DEBUG nufft passed real_type for signal, converting
2021-02-27 14:55:30,527 DEBUG FinufftPlan adjusted eps=1.1920928955078125e-07 from requested 1e-08.
2021-02-27 14:55:30,926 INFO Iteration 1 | Cost = 1.2415876859001966e-10 | Relative Error = 1.0
2021-02-27 14:55:30,926 INFO Iteration 1 | Relative Error u = 1.0 | Relative Error g = 1.0
2021-02-27 14:55:30,927 INFO ========= Iteration 2 =========
2021-02-27 14:55:30,927 INFO Iteration 2 | descent step u
2021-02-27 14:55:30,955 DEBUG Corresponding type is already real float32.
2021-02-27 14:55:30,956 DEBUG nufft passed real_type for signal, converting
2021-02-27 14:55:30,973 DEBUG FinufftPlan adjusted eps=1.1920928955078125e-07 from requested 1e-08.
2021-02-27 14:55:31,304 DEBUG Corresponding type is already complex complex64.
2021-02-27 14:55:31,315 DEBUG FinufftPlan adjusted eps=1.1920928955078125e-07 from requested 1e-08.
2021-02-27 14:55:31,410 INFO Determined adjoint mappings. Shape = (65, 65, 65)
2021-02-27 14:55:31,421 INFO Iteration 2 | primal-dual step g
2021-02-27 14:55:31,470 DEBUG Corresponding type is already real float32.
2021-02-27 14:55:31,470 DEBUG nufft passed real_type for signal, converting
2021-02-27 14:55:31,485 DEBUG FinufftPlan adjusted eps=1.1920928955078125e-07 from requested 1e-08.
2021-02-27 14:55:31,715 DEBUG Corresponding type is already real float32.
2021-02-27 14:55:31,715 DEBUG nufft passed real_type for signal, converting
2021-02-27 14:55:31,735 DEBUG FinufftPlan adjusted eps=1.1920928955078125e-07 from requested 1e-08.
2021-02-27 14:55:31,983 DEBUG Corresponding type is already real float32.
2021-02-27 14:55:31,983 DEBUG nufft passed real_type for signal, converting
2021-02-27 14:55:32,002 DEBUG FinufftPlan adjusted eps=1.1920928955078125e-07 from requested 1e-08.
2021-02-27 14:55:32,233 DEBUG Corresponding type is already real float32.
2021-02-27 14:55:32,233 DEBUG nufft passed real_type for signal, converting
2021-02-27 14:55:32,252 DEBUG FinufftPlan adjusted eps=1.1920928955078125e-07 from requested 1e-08.
2021-02-27 14:55:32,497 DEBUG Corresponding type is already real float32.
2021-02-27 14:55:32,497 DEBUG nufft passed real_type for signal, converting
2021-02-27 14:55:32,516 DEBUG FinufftPlan adjusted eps=1.1920928955078125e-07 from requested 1e-08.
2021-02-27 14:55:32,769 DEBUG Corresponding type is already real float32.
2021-02-27 14:55:32,770 DEBUG nufft passed real_type for signal, converting
2021-02-27 14:55:32,793 DEBUG FinufftPlan adjusted eps=1.1920928955078125e-07 from requested 1e-08.
2021-02-27 14:55:33,617 DEBUG Corresponding type is already real float32.
2021-02-27 14:55:33,617 DEBUG nufft passed real_type for signal, converting
2021-02-27 14:55:33,630 DEBUG FinufftPlan adjusted eps=1.1920928955078125e-07 from requested 1e-08.
2021-02-27 14:55:33,872 DEBUG Corresponding type is already real float32.
2021-02-27 14:55:33,872 DEBUG nufft passed real_type for signal, converting
2021-02-27 14:55:33,892 DEBUG FinufftPlan adjusted eps=1.1920928955078125e-07 from requested 1e-08.
2021-02-27 14:55:34,130 DEBUG Corresponding type is already real float32.
2021-02-27 14:55:34,130 DEBUG nufft passed real_type for signal, converting
2021-02-27 14:55:34,150 DEBUG FinufftPlan adjusted eps=1.1920928955078125e-07 from requested 1e-08.
2021-02-27 14:55:34,383 DEBUG Corresponding type is already real float32.
2021-02-27 14:55:34,384 DEBUG nufft passed real_type for signal, converting
2021-02-27 14:55:34,402 DEBUG FinufftPlan adjusted eps=1.1920928955078125e-07 from requested 1e-08.
2021-02-27 14:55:34,640 DEBUG Corresponding type is already real float32.
2021-02-27 14:55:34,640 DEBUG nufft passed real_type for signal, converting
2021-02-27 14:55:34,659 DEBUG FinufftPlan adjusted eps=1.1920928955078125e-07 from requested 1e-08.
2021-02-27 14:55:34,891 DEBUG Corresponding type is already real float32.
2021-02-27 14:55:34,891 DEBUG nufft passed real_type for signal, converting
2021-02-27 14:55:34,911 DEBUG FinufftPlan adjusted eps=1.1920928955078125e-07 from requested 1e-08.
2021-02-27 14:55:35,176 DEBUG Corresponding type is already real float32.
2021-02-27 14:55:35,177 DEBUG nufft passed real_type for signal, converting
2021-02-27 14:55:35,195 DEBUG FinufftPlan adjusted eps=1.1920928955078125e-07 from requested 1e-08.
2021-02-27 14:55:35,561 INFO Iteration 2 | Cost = 1.2414536535789576e-10 | Relative Error = 0.09846432104259921
2021-02-27 14:55:35,561 INFO Iteration 2 | Relative Error u = 0.9999321103096008 | Relative Error g = 0.015461879968605043
2021-02-27 14:55:35,561 INFO ========= Iteration 3 =========
2021-02-27 14:55:35,561 INFO Iteration 3 | descent step u
2021-02-27 14:55:35,585 DEBUG Corresponding type is already real float32.
2021-02-27 14:55:35,585 DEBUG nufft passed real_type for signal, converting
2021-02-27 14:55:35,599 DEBUG FinufftPlan adjusted eps=1.1920928955078125e-07 from requested 1e-08.
2021-02-27 14:55:35,925 DEBUG Corresponding type is already complex complex64.
2021-02-27 14:55:35,937 DEBUG FinufftPlan adjusted eps=1.1920928955078125e-07 from requested 1e-08.
2021-02-27 14:55:36,031 INFO Determined adjoint mappings. Shape = (65, 65, 65)
2021-02-27 14:55:36,042 INFO Iteration 3 | primal-dual step g
2021-02-27 14:55:36,089 DEBUG Corresponding type is already real float32.
2021-02-27 14:55:36,089 DEBUG nufft passed real_type for signal, converting
2021-02-27 14:55:36,104 DEBUG FinufftPlan adjusted eps=1.1920928955078125e-07 from requested 1e-08.
2021-02-27 14:55:36,345 DEBUG Corresponding type is already real float32.
2021-02-27 14:55:36,346 DEBUG nufft passed real_type for signal, converting
2021-02-27 14:55:36,366 DEBUG FinufftPlan adjusted eps=1.1920928955078125e-07 from requested 1e-08.
2021-02-27 14:55:36,597 DEBUG Corresponding type is already real float32.
2021-02-27 14:55:36,597 DEBUG nufft passed real_type for signal, converting
2021-02-27 14:55:36,616 DEBUG FinufftPlan adjusted eps=1.1920928955078125e-07 from requested 1e-08.
2021-02-27 14:55:36,847 DEBUG Corresponding type is already real float32.
2021-02-27 14:55:36,848 DEBUG nufft passed real_type for signal, converting
2021-02-27 14:55:36,866 DEBUG FinufftPlan adjusted eps=1.1920928955078125e-07 from requested 1e-08.
2021-02-27 14:55:37,107 DEBUG Corresponding type is already real float32.
2021-02-27 14:55:37,107 DEBUG nufft passed real_type for signal, converting
2021-02-27 14:55:37,126 DEBUG FinufftPlan adjusted eps=1.1920928955078125e-07 from requested 1e-08.
2021-02-27 14:55:37,372 DEBUG Corresponding type is already real float32.
2021-02-27 14:55:37,372 DEBUG nufft passed real_type for signal, converting
2021-02-27 14:55:37,397 DEBUG FinufftPlan adjusted eps=1.1920928955078125e-07 from requested 1e-08.
2021-02-27 14:55:38,216 DEBUG Corresponding type is already real float32.
2021-02-27 14:55:38,216 DEBUG nufft passed real_type for signal, converting
2021-02-27 14:55:38,229 DEBUG FinufftPlan adjusted eps=1.1920928955078125e-07 from requested 1e-08.
2021-02-27 14:55:38,471 DEBUG Corresponding type is already real float32.
2021-02-27 14:55:38,471 DEBUG nufft passed real_type for signal, converting
2021-02-27 14:55:38,492 DEBUG FinufftPlan adjusted eps=1.1920928955078125e-07 from requested 1e-08.
2021-02-27 14:55:38,719 DEBUG Corresponding type is already real float32.
2021-02-27 14:55:38,719 DEBUG nufft passed real_type for signal, converting
2021-02-27 14:55:38,738 DEBUG FinufftPlan adjusted eps=1.1920928955078125e-07 from requested 1e-08.
2021-02-27 14:55:38,978 DEBUG Corresponding type is already real float32.
2021-02-27 14:55:38,978 DEBUG nufft passed real_type for signal, converting
2021-02-27 14:55:38,998 DEBUG FinufftPlan adjusted eps=1.1920928955078125e-07 from requested 1e-08.
2021-02-27 14:55:39,232 DEBUG Corresponding type is already real float32.
2021-02-27 14:55:39,232 DEBUG nufft passed real_type for signal, converting
2021-02-27 14:55:39,251 DEBUG FinufftPlan adjusted eps=1.1920928955078125e-07 from requested 1e-08.
2021-02-27 14:55:39,501 DEBUG Corresponding type is already real float32.
2021-02-27 14:55:39,501 DEBUG nufft passed real_type for signal, converting
2021-02-27 14:55:39,520 DEBUG FinufftPlan adjusted eps=1.1920928955078125e-07 from requested 1e-08.
2021-02-27 14:55:39,786 DEBUG Corresponding type is already real float32.
2021-02-27 14:55:39,786 DEBUG nufft passed real_type for signal, converting
2021-02-27 14:55:39,806 DEBUG FinufftPlan adjusted eps=1.1920928955078125e-07 from requested 1e-08.
2021-02-27 14:55:40,178 INFO Iteration 3 | Cost = 1.2413298463208707e-10 | Relative Error = 0.09725864079756949
2021-02-27 14:55:40,179 INFO Iteration 3 | Relative Error u = 0.9998620748519897 | Relative Error g = 0.0014745552861394437
2021-02-27 14:55:40,179 INFO ========= Iteration 4 =========
2021-02-27 14:55:40,179 INFO Iteration 4 | descent step u
2021-02-27 14:55:40,204 DEBUG Corresponding type is already real float32.
2021-02-27 14:55:40,204 DEBUG nufft passed real_type for signal, converting
2021-02-27 14:55:40,218 DEBUG FinufftPlan adjusted eps=1.1920928955078125e-07 from requested 1e-08.
2021-02-27 14:55:40,544 DEBUG Corresponding type is already complex complex64.
2021-02-27 14:55:40,556 DEBUG FinufftPlan adjusted eps=1.1920928955078125e-07 from requested 1e-08.
2021-02-27 14:55:40,650 INFO Determined adjoint mappings. Shape = (65, 65, 65)
2021-02-27 14:55:40,660 INFO Iteration 4 | primal-dual step g
2021-02-27 14:55:40,708 DEBUG Corresponding type is already real float32.
2021-02-27 14:55:40,708 DEBUG nufft passed real_type for signal, converting
2021-02-27 14:55:40,722 DEBUG FinufftPlan adjusted eps=1.1920928955078125e-07 from requested 1e-08.
2021-02-27 14:55:40,956 DEBUG Corresponding type is already real float32.
2021-02-27 14:55:40,956 DEBUG nufft passed real_type for signal, converting
2021-02-27 14:55:40,975 DEBUG FinufftPlan adjusted eps=1.1920928955078125e-07 from requested 1e-08.
2021-02-27 14:55:41,211 DEBUG Corresponding type is already real float32.
2021-02-27 14:55:41,211 DEBUG nufft passed real_type for signal, converting
2021-02-27 14:55:41,230 DEBUG FinufftPlan adjusted eps=1.1920928955078125e-07 from requested 1e-08.
2021-02-27 14:55:41,468 DEBUG Corresponding type is already real float32.
2021-02-27 14:55:41,468 DEBUG nufft passed real_type for signal, converting
2021-02-27 14:55:41,487 DEBUG FinufftPlan adjusted eps=1.1920928955078125e-07 from requested 1e-08.
2021-02-27 14:55:41,718 DEBUG Corresponding type is already real float32.
2021-02-27 14:55:41,718 DEBUG nufft passed real_type for signal, converting
2021-02-27 14:55:41,738 DEBUG FinufftPlan adjusted eps=1.1920928955078125e-07 from requested 1e-08.
2021-02-27 14:55:41,994 DEBUG Corresponding type is already real float32.
2021-02-27 14:55:41,995 DEBUG nufft passed real_type for signal, converting
2021-02-27 14:55:42,016 DEBUG FinufftPlan adjusted eps=1.1920928955078125e-07 from requested 1e-08.
2021-02-27 14:55:42,832 DEBUG Corresponding type is already real float32.
2021-02-27 14:55:42,832 DEBUG nufft passed real_type for signal, converting
2021-02-27 14:55:42,844 DEBUG FinufftPlan adjusted eps=1.1920928955078125e-07 from requested 1e-08.
2021-02-27 14:55:43,088 DEBUG Corresponding type is already real float32.
2021-02-27 14:55:43,088 DEBUG nufft passed real_type for signal, converting
2021-02-27 14:55:43,108 DEBUG FinufftPlan adjusted eps=1.1920928955078125e-07 from requested 1e-08.
2021-02-27 14:55:43,336 DEBUG Corresponding type is already real float32.
2021-02-27 14:55:43,337 DEBUG nufft passed real_type for signal, converting
2021-02-27 14:55:43,360 DEBUG FinufftPlan adjusted eps=1.1920928955078125e-07 from requested 1e-08.
2021-02-27 14:55:43,603 DEBUG Corresponding type is already real float32.
2021-02-27 14:55:43,603 DEBUG nufft passed real_type for signal, converting
2021-02-27 14:55:43,624 DEBUG FinufftPlan adjusted eps=1.1920928955078125e-07 from requested 1e-08.
2021-02-27 14:55:43,873 DEBUG Corresponding type is already real float32.
2021-02-27 14:55:43,873 DEBUG nufft passed real_type for signal, converting
2021-02-27 14:55:43,892 DEBUG FinufftPlan adjusted eps=1.1920928955078125e-07 from requested 1e-08.
2021-02-27 14:55:44,131 DEBUG Corresponding type is already real float32.
2021-02-27 14:55:44,131 DEBUG nufft passed real_type for signal, converting
2021-02-27 14:55:44,154 DEBUG FinufftPlan adjusted eps=1.1920928955078125e-07 from requested 1e-08.
2021-02-27 14:55:44,409 DEBUG Corresponding type is already real float32.
2021-02-27 14:55:44,409 DEBUG nufft passed real_type for signal, converting
2021-02-27 14:55:44,428 DEBUG FinufftPlan adjusted eps=1.1920928955078125e-07 from requested 1e-08.
2021-02-27 14:55:44,786 INFO Iteration 4 | Cost = 1.241201214673431e-10 | Relative Error = 0.09725336949826124
2021-02-27 14:55:44,787 INFO Iteration 4 | Relative Error u = 0.9997935891151428 | Relative Error g = 0.0015645526640084989
2021-02-27 14:55:44,787 INFO ========= Iteration 5 =========
2021-02-27 14:55:44,787 INFO Iteration 5 | descent step u
2021-02-27 14:55:44,812 DEBUG Corresponding type is already real float32.
2021-02-27 14:55:44,812 DEBUG nufft passed real_type for signal, converting
2021-02-27 14:55:44,825 DEBUG FinufftPlan adjusted eps=1.1920928955078125e-07 from requested 1e-08.
2021-02-27 14:55:45,148 DEBUG Corresponding type is already complex complex64.
2021-02-27 14:55:45,159 DEBUG FinufftPlan adjusted eps=1.1920928955078125e-07 from requested 1e-08.
2021-02-27 14:55:45,254 INFO Determined adjoint mappings. Shape = (65, 65, 65)
2021-02-27 14:55:45,264 INFO Iteration 5 | primal-dual step g
2021-02-27 14:55:45,312 DEBUG Corresponding type is already real float32.
2021-02-27 14:55:45,312 DEBUG nufft passed real_type for signal, converting
2021-02-27 14:55:45,327 DEBUG FinufftPlan adjusted eps=1.1920928955078125e-07 from requested 1e-08.
2021-02-27 14:55:45,558 DEBUG Corresponding type is already real float32.
2021-02-27 14:55:45,558 DEBUG nufft passed real_type for signal, converting
2021-02-27 14:55:45,577 DEBUG FinufftPlan adjusted eps=1.1920928955078125e-07 from requested 1e-08.
2021-02-27 14:55:45,810 DEBUG Corresponding type is already real float32.
2021-02-27 14:55:45,810 DEBUG nufft passed real_type for signal, converting
2021-02-27 14:55:45,829 DEBUG FinufftPlan adjusted eps=1.1920928955078125e-07 from requested 1e-08.
2021-02-27 14:55:46,061 DEBUG Corresponding type is already real float32.
2021-02-27 14:55:46,061 DEBUG nufft passed real_type for signal, converting
2021-02-27 14:55:46,084 DEBUG FinufftPlan adjusted eps=1.1920928955078125e-07 from requested 1e-08.
2021-02-27 14:55:46,311 DEBUG Corresponding type is already real float32.
2021-02-27 14:55:46,311 DEBUG nufft passed real_type for signal, converting
2021-02-27 14:55:46,330 DEBUG FinufftPlan adjusted eps=1.1920928955078125e-07 from requested 1e-08.
2021-02-27 14:55:46,581 DEBUG Corresponding type is already real float32.
2021-02-27 14:55:46,581 DEBUG nufft passed real_type for signal, converting
2021-02-27 14:55:46,603 DEBUG FinufftPlan adjusted eps=1.1920928955078125e-07 from requested 1e-08.
2021-02-27 14:55:47,429 DEBUG Corresponding type is already real float32.
2021-02-27 14:55:47,429 DEBUG nufft passed real_type for signal, converting
2021-02-27 14:55:47,442 DEBUG FinufftPlan adjusted eps=1.1920928955078125e-07 from requested 1e-08.
2021-02-27 14:55:47,688 DEBUG Corresponding type is already real float32.
2021-02-27 14:55:47,688 DEBUG nufft passed real_type for signal, converting
2021-02-27 14:55:47,711 DEBUG FinufftPlan adjusted eps=1.1920928955078125e-07 from requested 1e-08.
2021-02-27 14:55:47,946 DEBUG Corresponding type is already real float32.
2021-02-27 14:55:47,946 DEBUG nufft passed real_type for signal, converting
2021-02-27 14:55:47,965 DEBUG FinufftPlan adjusted eps=1.1920928955078125e-07 from requested 1e-08.
2021-02-27 14:55:48,198 DEBUG Corresponding type is already real float32.
2021-02-27 14:55:48,198 DEBUG nufft passed real_type for signal, converting
2021-02-27 14:55:48,217 DEBUG FinufftPlan adjusted eps=1.1920928955078125e-07 from requested 1e-08.
2021-02-27 14:55:48,456 DEBUG Corresponding type is already real float32.
2021-02-27 14:55:48,457 DEBUG nufft passed real_type for signal, converting
2021-02-27 14:55:48,475 DEBUG FinufftPlan adjusted eps=1.1920928955078125e-07 from requested 1e-08.
2021-02-27 14:55:48,709 DEBUG Corresponding type is already real float32.
2021-02-27 14:55:48,710 DEBUG nufft passed real_type for signal, converting
2021-02-27 14:55:48,728 DEBUG FinufftPlan adjusted eps=1.1920928955078125e-07 from requested 1e-08.
2021-02-27 14:55:48,987 DEBUG Corresponding type is already real float32.
2021-02-27 14:55:48,987 DEBUG nufft passed real_type for signal, converting
2021-02-27 14:55:49,006 DEBUG FinufftPlan adjusted eps=1.1920928955078125e-07 from requested 1e-08.
2021-02-27 14:55:49,368 INFO Iteration 5 | Cost = 1.2410666767564295e-10 | Relative Error = 0.09724702484603932
2021-02-27 14:55:49,368 INFO Iteration 5 | Relative Error u = 0.999726414680481 | Relative Error g = 0.0015760959256320732
2021-02-27 14:55:49,368 INFO ========= Iteration 6 =========
2021-02-27 14:55:49,368 INFO Iteration 6 | descent step u
2021-02-27 14:55:49,393 DEBUG Corresponding type is already real float32.
2021-02-27 14:55:49,393 DEBUG nufft passed real_type for signal, converting
2021-02-27 14:55:49,406 DEBUG FinufftPlan adjusted eps=1.1920928955078125e-07 from requested 1e-08.
2021-02-27 14:55:49,732 DEBUG Corresponding type is already complex complex64.
2021-02-27 14:55:49,744 DEBUG FinufftPlan adjusted eps=1.1920928955078125e-07 from requested 1e-08.
2021-02-27 14:55:49,845 INFO Determined adjoint mappings. Shape = (65, 65, 65)
2021-02-27 14:55:49,856 INFO Iteration 6 | primal-dual step g
2021-02-27 14:55:49,904 DEBUG Corresponding type is already real float32.
2021-02-27 14:55:49,904 DEBUG nufft passed real_type for signal, converting
2021-02-27 14:55:49,919 DEBUG FinufftPlan adjusted eps=1.1920928955078125e-07 from requested 1e-08.
2021-02-27 14:55:50,167 DEBUG Corresponding type is already real float32.
2021-02-27 14:55:50,167 DEBUG nufft passed real_type for signal, converting
2021-02-27 14:55:50,188 DEBUG FinufftPlan adjusted eps=1.1920928955078125e-07 from requested 1e-08.
2021-02-27 14:55:50,435 DEBUG Corresponding type is already real float32.
2021-02-27 14:55:50,435 DEBUG nufft passed real_type for signal, converting
2021-02-27 14:55:50,454 DEBUG FinufftPlan adjusted eps=1.1920928955078125e-07 from requested 1e-08.
2021-02-27 14:55:50,698 DEBUG Corresponding type is already real float32.
2021-02-27 14:55:50,698 DEBUG nufft passed real_type for signal, converting
2021-02-27 14:55:50,721 DEBUG FinufftPlan adjusted eps=1.1920928955078125e-07 from requested 1e-08.
2021-02-27 14:55:50,964 DEBUG Corresponding type is already real float32.
2021-02-27 14:55:50,964 DEBUG nufft passed real_type for signal, converting
2021-02-27 14:55:50,986 DEBUG FinufftPlan adjusted eps=1.1920928955078125e-07 from requested 1e-08.
2021-02-27 14:55:51,232 DEBUG Corresponding type is already real float32.
2021-02-27 14:55:51,232 DEBUG nufft passed real_type for signal, converting
2021-02-27 14:55:51,251 DEBUG FinufftPlan adjusted eps=1.1920928955078125e-07 from requested 1e-08.
2021-02-27 14:55:52,071 DEBUG Corresponding type is already real float32.
2021-02-27 14:55:52,071 DEBUG nufft passed real_type for signal, converting
2021-02-27 14:55:52,083 DEBUG FinufftPlan adjusted eps=1.1920928955078125e-07 from requested 1e-08.
2021-02-27 14:55:52,321 DEBUG Corresponding type is already real float32.
2021-02-27 14:55:52,321 DEBUG nufft passed real_type for signal, converting
2021-02-27 14:55:52,340 DEBUG FinufftPlan adjusted eps=1.1920928955078125e-07 from requested 1e-08.
2021-02-27 14:55:52,584 DEBUG Corresponding type is already real float32.
2021-02-27 14:55:52,584 DEBUG nufft passed real_type for signal, converting
2021-02-27 14:55:52,603 DEBUG FinufftPlan adjusted eps=1.1920928955078125e-07 from requested 1e-08.
2021-02-27 14:55:52,837 DEBUG Corresponding type is already real float32.
2021-02-27 14:55:52,837 DEBUG nufft passed real_type for signal, converting
2021-02-27 14:55:52,857 DEBUG FinufftPlan adjusted eps=1.1920928955078125e-07 from requested 1e-08.
2021-02-27 14:55:53,099 DEBUG Corresponding type is already real float32.
2021-02-27 14:55:53,099 DEBUG nufft passed real_type for signal, converting
2021-02-27 14:55:53,123 DEBUG FinufftPlan adjusted eps=1.1920928955078125e-07 from requested 1e-08.
2021-02-27 14:55:53,356 DEBUG Corresponding type is already real float32.
2021-02-27 14:55:53,356 DEBUG nufft passed real_type for signal, converting
2021-02-27 14:55:53,375 DEBUG FinufftPlan adjusted eps=1.1920928955078125e-07 from requested 1e-08.
2021-02-27 14:55:53,633 DEBUG Corresponding type is already real float32.
2021-02-27 14:55:53,633 DEBUG nufft passed real_type for signal, converting
2021-02-27 14:55:53,651 DEBUG FinufftPlan adjusted eps=1.1920928955078125e-07 from requested 1e-08.
2021-02-27 14:55:54,010 INFO Iteration 6 | Cost = 1.2409453375324988e-10 | Relative Error = 0.09724083823002132
2021-02-27 14:55:54,010 INFO Iteration 6 | Relative Error u = 0.999659538269043 | Relative Error g = 0.001595854778993018
2021-02-27 14:55:54,011 INFO ========= Iteration 7 =========
2021-02-27 14:55:54,011 INFO Iteration 7 | descent step u
2021-02-27 14:55:54,036 DEBUG Corresponding type is already real float32.
2021-02-27 14:55:54,036 DEBUG nufft passed real_type for signal, converting
2021-02-27 14:55:54,051 DEBUG FinufftPlan adjusted eps=1.1920928955078125e-07 from requested 1e-08.
2021-02-27 14:55:54,370 DEBUG Corresponding type is already complex complex64.
2021-02-27 14:55:54,381 DEBUG FinufftPlan adjusted eps=1.1920928955078125e-07 from requested 1e-08.
2021-02-27 14:55:54,473 INFO Determined adjoint mappings. Shape = (65, 65, 65)
2021-02-27 14:55:54,484 INFO Iteration 7 | primal-dual step g
2021-02-27 14:55:54,532 DEBUG Corresponding type is already real float32.
2021-02-27 14:55:54,532 DEBUG nufft passed real_type for signal, converting
2021-02-27 14:55:54,547 DEBUG FinufftPlan adjusted eps=1.1920928955078125e-07 from requested 1e-08.
2021-02-27 14:55:54,778 DEBUG Corresponding type is already real float32.
2021-02-27 14:55:54,778 DEBUG nufft passed real_type for signal, converting
2021-02-27 14:55:54,798 DEBUG FinufftPlan adjusted eps=1.1920928955078125e-07 from requested 1e-08.
2021-02-27 14:55:55,045 DEBUG Corresponding type is already real float32.
2021-02-27 14:55:55,045 DEBUG nufft passed real_type for signal, converting
2021-02-27 14:55:55,068 DEBUG FinufftPlan adjusted eps=1.1920928955078125e-07 from requested 1e-08.
2021-02-27 14:55:55,306 DEBUG Corresponding type is already real float32.
2021-02-27 14:55:55,306 DEBUG nufft passed real_type for signal, converting
2021-02-27 14:55:55,325 DEBUG FinufftPlan adjusted eps=1.1920928955078125e-07 from requested 1e-08.
2021-02-27 14:55:55,568 DEBUG Corresponding type is already real float32.
2021-02-27 14:55:55,568 DEBUG nufft passed real_type for signal, converting
2021-02-27 14:55:55,590 DEBUG FinufftPlan adjusted eps=1.1920928955078125e-07 from requested 1e-08.
2021-02-27 14:55:55,835 DEBUG Corresponding type is already real float32.
2021-02-27 14:55:55,835 DEBUG nufft passed real_type for signal, converting
2021-02-27 14:55:55,854 DEBUG FinufftPlan adjusted eps=1.1920928955078125e-07 from requested 1e-08.
2021-02-27 14:55:56,676 DEBUG Corresponding type is already real float32.
2021-02-27 14:55:56,676 DEBUG nufft passed real_type for signal, converting
2021-02-27 14:55:56,688 DEBUG FinufftPlan adjusted eps=1.1920928955078125e-07 from requested 1e-08.
2021-02-27 14:55:56,921 DEBUG Corresponding type is already real float32.
2021-02-27 14:55:56,921 DEBUG nufft passed real_type for signal, converting
2021-02-27 14:55:56,940 DEBUG FinufftPlan adjusted eps=1.1920928955078125e-07 from requested 1e-08.
2021-02-27 14:55:57,170 DEBUG Corresponding type is already real float32.
2021-02-27 14:55:57,170 DEBUG nufft passed real_type for signal, converting
2021-02-27 14:55:57,189 DEBUG FinufftPlan adjusted eps=1.1920928955078125e-07 from requested 1e-08.
2021-02-27 14:55:57,425 DEBUG Corresponding type is already real float32.
2021-02-27 14:55:57,425 DEBUG nufft passed real_type for signal, converting
2021-02-27 14:55:57,444 DEBUG FinufftPlan adjusted eps=1.1920928955078125e-07 from requested 1e-08.
2021-02-27 14:55:57,672 DEBUG Corresponding type is already real float32.
2021-02-27 14:55:57,673 DEBUG nufft passed real_type for signal, converting
2021-02-27 14:55:57,691 DEBUG FinufftPlan adjusted eps=1.1920928955078125e-07 from requested 1e-08.
2021-02-27 14:55:57,923 DEBUG Corresponding type is already real float32.
2021-02-27 14:55:57,924 DEBUG nufft passed real_type for signal, converting
2021-02-27 14:55:57,942 DEBUG FinufftPlan adjusted eps=1.1920928955078125e-07 from requested 1e-08.
2021-02-27 14:55:58,203 DEBUG Corresponding type is already real float32.
2021-02-27 14:55:58,203 DEBUG nufft passed real_type for signal, converting
2021-02-27 14:55:58,221 DEBUG FinufftPlan adjusted eps=1.1920928955078125e-07 from requested 1e-08.
2021-02-27 14:55:58,585 INFO Iteration 7 | Cost = 1.2408250443532926e-10 | Relative Error = 0.09723373130951003
2021-02-27 14:55:58,585 INFO Iteration 7 | Relative Error u = 0.9995923042297363 | Relative Error g = 0.0015606547285499314
2021-02-27 14:55:58,585 INFO ========= Iteration 8 =========
2021-02-27 14:55:58,585 INFO Iteration 8 | descent step u
2021-02-27 14:55:58,609 DEBUG Corresponding type is already real float32.
2021-02-27 14:55:58,609 DEBUG nufft passed real_type for signal, converting
2021-02-27 14:55:58,623 DEBUG FinufftPlan adjusted eps=1.1920928955078125e-07 from requested 1e-08.
2021-02-27 14:55:58,952 DEBUG Corresponding type is already complex complex64.
2021-02-27 14:55:58,966 DEBUG FinufftPlan adjusted eps=1.1920928955078125e-07 from requested 1e-08.
2021-02-27 14:55:59,067 INFO Determined adjoint mappings. Shape = (65, 65, 65)
2021-02-27 14:55:59,079 INFO Iteration 8 | primal-dual step g
2021-02-27 14:55:59,128 DEBUG Corresponding type is already real float32.
2021-02-27 14:55:59,128 DEBUG nufft passed real_type for signal, converting
2021-02-27 14:55:59,142 DEBUG FinufftPlan adjusted eps=1.1920928955078125e-07 from requested 1e-08.
2021-02-27 14:55:59,377 DEBUG Corresponding type is already real float32.
2021-02-27 14:55:59,377 DEBUG nufft passed real_type for signal, converting
2021-02-27 14:55:59,399 DEBUG FinufftPlan adjusted eps=1.1920928955078125e-07 from requested 1e-08.
2021-02-27 14:55:59,636 DEBUG Corresponding type is already real float32.
2021-02-27 14:55:59,637 DEBUG nufft passed real_type for signal, converting
2021-02-27 14:55:59,656 DEBUG FinufftPlan adjusted eps=1.1920928955078125e-07 from requested 1e-08.
2021-02-27 14:55:59,900 DEBUG Corresponding type is already real float32.
2021-02-27 14:55:59,900 DEBUG nufft passed real_type for signal, converting
2021-02-27 14:55:59,923 DEBUG FinufftPlan adjusted eps=1.1920928955078125e-07 from requested 1e-08.
2021-02-27 14:56:00,168 DEBUG Corresponding type is already real float32.
2021-02-27 14:56:00,169 DEBUG nufft passed real_type for signal, converting
2021-02-27 14:56:00,187 DEBUG FinufftPlan adjusted eps=1.1920928955078125e-07 from requested 1e-08.
2021-02-27 14:56:00,433 DEBUG Corresponding type is already real float32.
2021-02-27 14:56:00,433 DEBUG nufft passed real_type for signal, converting
2021-02-27 14:56:00,452 DEBUG FinufftPlan adjusted eps=1.1920928955078125e-07 from requested 1e-08.
2021-02-27 14:56:01,270 DEBUG Corresponding type is already real float32.
2021-02-27 14:56:01,270 DEBUG nufft passed real_type for signal, converting
2021-02-27 14:56:01,282 DEBUG FinufftPlan adjusted eps=1.1920928955078125e-07 from requested 1e-08.
2021-02-27 14:56:01,516 DEBUG Corresponding type is already real float32.
2021-02-27 14:56:01,516 DEBUG nufft passed real_type for signal, converting
2021-02-27 14:56:01,535 DEBUG FinufftPlan adjusted eps=1.1920928955078125e-07 from requested 1e-08.
2021-02-27 14:56:01,766 DEBUG Corresponding type is already real float32.
2021-02-27 14:56:01,766 DEBUG nufft passed real_type for signal, converting
2021-02-27 14:56:01,784 DEBUG FinufftPlan adjusted eps=1.1920928955078125e-07 from requested 1e-08.
2021-02-27 14:56:02,014 DEBUG Corresponding type is already real float32.
2021-02-27 14:56:02,015 DEBUG nufft passed real_type for signal, converting
2021-02-27 14:56:02,033 DEBUG FinufftPlan adjusted eps=1.1920928955078125e-07 from requested 1e-08.
2021-02-27 14:56:02,263 DEBUG Corresponding type is already real float32.
2021-02-27 14:56:02,263 DEBUG nufft passed real_type for signal, converting
2021-02-27 14:56:02,284 DEBUG FinufftPlan adjusted eps=1.1920928955078125e-07 from requested 1e-08.
2021-02-27 14:56:02,513 DEBUG Corresponding type is already real float32.
2021-02-27 14:56:02,513 DEBUG nufft passed real_type for signal, converting
2021-02-27 14:56:02,532 DEBUG FinufftPlan adjusted eps=1.1920928955078125e-07 from requested 1e-08.
2021-02-27 14:56:02,793 DEBUG Corresponding type is already real float32.
2021-02-27 14:56:02,794 DEBUG nufft passed real_type for signal, converting
2021-02-27 14:56:02,812 DEBUG FinufftPlan adjusted eps=1.1920928955078125e-07 from requested 1e-08.
2021-02-27 14:56:03,172 INFO Iteration 8 | Cost = 1.2406979324070963e-10 | Relative Error = 0.09722681917049932
2021-02-27 14:56:03,172 INFO Iteration 8 | Relative Error u = 0.9995256662368774 | Relative Error g = 0.0015330135180552588
2021-02-27 14:56:03,172 INFO ========= Iteration 9 =========
2021-02-27 14:56:03,173 INFO Iteration 9 | descent step u
2021-02-27 14:56:03,197 DEBUG Corresponding type is already real float32.
2021-02-27 14:56:03,197 DEBUG nufft passed real_type for signal, converting
2021-02-27 14:56:03,211 DEBUG FinufftPlan adjusted eps=1.1920928955078125e-07 from requested 1e-08.
2021-02-27 14:56:03,527 DEBUG Corresponding type is already complex complex64.
2021-02-27 14:56:03,539 DEBUG FinufftPlan adjusted eps=1.1920928955078125e-07 from requested 1e-08.
2021-02-27 14:56:03,633 INFO Determined adjoint mappings. Shape = (65, 65, 65)
2021-02-27 14:56:03,643 INFO Iteration 9 | primal-dual step g
2021-02-27 14:56:03,690 DEBUG Corresponding type is already real float32.
2021-02-27 14:56:03,690 DEBUG nufft passed real_type for signal, converting
2021-02-27 14:56:03,705 DEBUG FinufftPlan adjusted eps=1.1920928955078125e-07 from requested 1e-08.
2021-02-27 14:56:03,934 DEBUG Corresponding type is already real float32.
2021-02-27 14:56:03,934 DEBUG nufft passed real_type for signal, converting
2021-02-27 14:56:03,953 DEBUG FinufftPlan adjusted eps=1.1920928955078125e-07 from requested 1e-08.
2021-02-27 14:56:04,201 DEBUG Corresponding type is already real float32.
2021-02-27 14:56:04,201 DEBUG nufft passed real_type for signal, converting
2021-02-27 14:56:04,220 DEBUG FinufftPlan adjusted eps=1.1920928955078125e-07 from requested 1e-08.
2021-02-27 14:56:04,450 DEBUG Corresponding type is already real float32.
2021-02-27 14:56:04,450 DEBUG nufft passed real_type for signal, converting
2021-02-27 14:56:04,468 DEBUG FinufftPlan adjusted eps=1.1920928955078125e-07 from requested 1e-08.
2021-02-27 14:56:04,717 DEBUG Corresponding type is already real float32.
2021-02-27 14:56:04,717 DEBUG nufft passed real_type for signal, converting
2021-02-27 14:56:04,737 DEBUG FinufftPlan adjusted eps=1.1920928955078125e-07 from requested 1e-08.
2021-02-27 14:56:04,980 DEBUG Corresponding type is already real float32.
2021-02-27 14:56:04,980 DEBUG nufft passed real_type for signal, converting
2021-02-27 14:56:05,002 DEBUG FinufftPlan adjusted eps=1.1920928955078125e-07 from requested 1e-08.
2021-02-27 14:56:05,829 DEBUG Corresponding type is already real float32.
2021-02-27 14:56:05,829 DEBUG nufft passed real_type for signal, converting
2021-02-27 14:56:05,842 DEBUG FinufftPlan adjusted eps=1.1920928955078125e-07 from requested 1e-08.
2021-02-27 14:56:06,077 DEBUG Corresponding type is already real float32.
2021-02-27 14:56:06,077 DEBUG nufft passed real_type for signal, converting
2021-02-27 14:56:06,096 DEBUG FinufftPlan adjusted eps=1.1920928955078125e-07 from requested 1e-08.
2021-02-27 14:56:06,335 DEBUG Corresponding type is already real float32.
2021-02-27 14:56:06,336 DEBUG nufft passed real_type for signal, converting
2021-02-27 14:56:06,354 DEBUG FinufftPlan adjusted eps=1.1920928955078125e-07 from requested 1e-08.
2021-02-27 14:56:06,583 DEBUG Corresponding type is already real float32.
2021-02-27 14:56:06,583 DEBUG nufft passed real_type for signal, converting
2021-02-27 14:56:06,603 DEBUG FinufftPlan adjusted eps=1.1920928955078125e-07 from requested 1e-08.
2021-02-27 14:56:06,834 DEBUG Corresponding type is already real float32.
2021-02-27 14:56:06,834 DEBUG nufft passed real_type for signal, converting
2021-02-27 14:56:06,853 DEBUG FinufftPlan adjusted eps=1.1920928955078125e-07 from requested 1e-08.
2021-02-27 14:56:07,080 DEBUG Corresponding type is already real float32.
2021-02-27 14:56:07,080 DEBUG nufft passed real_type for signal, converting
2021-02-27 14:56:07,099 DEBUG FinufftPlan adjusted eps=1.1920928955078125e-07 from requested 1e-08.
2021-02-27 14:56:07,357 DEBUG Corresponding type is already real float32.
2021-02-27 14:56:07,357 DEBUG nufft passed real_type for signal, converting
2021-02-27 14:56:07,376 DEBUG FinufftPlan adjusted eps=1.1920928955078125e-07 from requested 1e-08.
2021-02-27 14:56:07,734 INFO Iteration 9 | Cost = 1.2405713041290312e-10 | Relative Error = 0.09721995826060001
2021-02-27 14:56:07,734 INFO Iteration 9 | Relative Error u = 0.9994602799415588 | Relative Error g = 0.0015005582195275423
2021-02-27 14:56:07,735 INFO ========= Iteration 10 =========
2021-02-27 14:56:07,735 INFO Iteration 10 | descent step u
2021-02-27 14:56:07,759 DEBUG Corresponding type is already real float32.
2021-02-27 14:56:07,759 DEBUG nufft passed real_type for signal, converting
2021-02-27 14:56:07,772 DEBUG FinufftPlan adjusted eps=1.1920928955078125e-07 from requested 1e-08.
2021-02-27 14:56:08,092 DEBUG Corresponding type is already complex complex64.
2021-02-27 14:56:08,103 DEBUG FinufftPlan adjusted eps=1.1920928955078125e-07 from requested 1e-08.
2021-02-27 14:56:08,200 INFO Determined adjoint mappings. Shape = (65, 65, 65)
2021-02-27 14:56:08,211 INFO Iteration 10 | primal-dual step g
2021-02-27 14:56:08,256 DEBUG Corresponding type is already real float32.
2021-02-27 14:56:08,257 DEBUG nufft passed real_type for signal, converting
2021-02-27 14:56:08,271 DEBUG FinufftPlan adjusted eps=1.1920928955078125e-07 from requested 1e-08.
2021-02-27 14:56:08,503 DEBUG Corresponding type is already real float32.
2021-02-27 14:56:08,503 DEBUG nufft passed real_type for signal, converting
2021-02-27 14:56:08,522 DEBUG FinufftPlan adjusted eps=1.1920928955078125e-07 from requested 1e-08.
2021-02-27 14:56:08,767 DEBUG Corresponding type is already real float32.
2021-02-27 14:56:08,768 DEBUG nufft passed real_type for signal, converting
2021-02-27 14:56:08,786 DEBUG FinufftPlan adjusted eps=1.1920928955078125e-07 from requested 1e-08.
2021-02-27 14:56:09,020 DEBUG Corresponding type is already real float32.
2021-02-27 14:56:09,020 DEBUG nufft passed real_type for signal, converting
2021-02-27 14:56:09,038 DEBUG FinufftPlan adjusted eps=1.1920928955078125e-07 from requested 1e-08.
2021-02-27 14:56:09,269 DEBUG Corresponding type is already real float32.
2021-02-27 14:56:09,269 DEBUG nufft passed real_type for signal, converting
2021-02-27 14:56:09,288 DEBUG FinufftPlan adjusted eps=1.1920928955078125e-07 from requested 1e-08.
2021-02-27 14:56:09,534 DEBUG Corresponding type is already real float32.
2021-02-27 14:56:09,534 DEBUG nufft passed real_type for signal, converting
2021-02-27 14:56:09,555 DEBUG FinufftPlan adjusted eps=1.1920928955078125e-07 from requested 1e-08.
2021-02-27 14:56:10,386 DEBUG Corresponding type is already real float32.
2021-02-27 14:56:10,386 DEBUG nufft passed real_type for signal, converting
2021-02-27 14:56:10,398 DEBUG FinufftPlan adjusted eps=1.1920928955078125e-07 from requested 1e-08.
2021-02-27 14:56:10,637 DEBUG Corresponding type is already real float32.
2021-02-27 14:56:10,638 DEBUG nufft passed real_type for signal, converting
2021-02-27 14:56:10,659 DEBUG FinufftPlan adjusted eps=1.1920928955078125e-07 from requested 1e-08.
2021-02-27 14:56:10,886 DEBUG Corresponding type is already real float32.
2021-02-27 14:56:10,887 DEBUG nufft passed real_type for signal, converting
2021-02-27 14:56:10,905 DEBUG FinufftPlan adjusted eps=1.1920928955078125e-07 from requested 1e-08.
2021-02-27 14:56:11,152 DEBUG Corresponding type is already real float32.
2021-02-27 14:56:11,152 DEBUG nufft passed real_type for signal, converting
2021-02-27 14:56:11,175 DEBUG FinufftPlan adjusted eps=1.1920928955078125e-07 from requested 1e-08.
2021-02-27 14:56:11,404 DEBUG Corresponding type is already real float32.
2021-02-27 14:56:11,404 DEBUG nufft passed real_type for signal, converting
2021-02-27 14:56:11,422 DEBUG FinufftPlan adjusted eps=1.1920928955078125e-07 from requested 1e-08.
2021-02-27 14:56:11,665 DEBUG Corresponding type is already real float32.
2021-02-27 14:56:11,665 DEBUG nufft passed real_type for signal, converting
2021-02-27 14:56:11,684 DEBUG FinufftPlan adjusted eps=1.1920928955078125e-07 from requested 1e-08.
2021-02-27 14:56:11,938 DEBUG Corresponding type is already real float32.
2021-02-27 14:56:11,938 DEBUG nufft passed real_type for signal, converting
2021-02-27 14:56:11,957 DEBUG FinufftPlan adjusted eps=1.1920928955078125e-07 from requested 1e-08.
2021-02-27 14:56:12,317 INFO Iteration 10 | Cost = 1.2404561626522458e-10 | Relative Error = 0.09721327860130523
2021-02-27 14:56:12,317 INFO Iteration 10 | Relative Error u = 0.9993938207626343 | Relative Error g = 0.0014864445811135136
2021-02-27 14:56:12,317 INFO ========= Iteration 11 =========
2021-02-27 14:56:12,317 INFO Iteration 11 | descent step u
2021-02-27 14:56:12,342 DEBUG Corresponding type is already real float32.
2021-02-27 14:56:12,342 DEBUG nufft passed real_type for signal, converting
2021-02-27 14:56:12,355 DEBUG FinufftPlan adjusted eps=1.1920928955078125e-07 from requested 1e-08.
2021-02-27 14:56:12,675 DEBUG Corresponding type is already complex complex64.
2021-02-27 14:56:12,686 DEBUG FinufftPlan adjusted eps=1.1920928955078125e-07 from requested 1e-08.
2021-02-27 14:56:12,778 INFO Determined adjoint mappings. Shape = (65, 65, 65)
2021-02-27 14:56:12,788 INFO Iteration 11 | primal-dual step g
2021-02-27 14:56:12,836 DEBUG Corresponding type is already real float32.
2021-02-27 14:56:12,836 DEBUG nufft passed real_type for signal, converting
2021-02-27 14:56:12,850 DEBUG FinufftPlan adjusted eps=1.1920928955078125e-07 from requested 1e-08.
2021-02-27 14:56:13,088 DEBUG Corresponding type is already real float32.
2021-02-27 14:56:13,088 DEBUG nufft passed real_type for signal, converting
2021-02-27 14:56:13,111 DEBUG FinufftPlan adjusted eps=1.1920928955078125e-07 from requested 1e-08.
2021-02-27 14:56:13,344 DEBUG Corresponding type is already real float32.
2021-02-27 14:56:13,344 DEBUG nufft passed real_type for signal, converting
2021-02-27 14:56:13,367 DEBUG FinufftPlan adjusted eps=1.1920928955078125e-07 from requested 1e-08.
2021-02-27 14:56:13,598 DEBUG Corresponding type is already real float32.
2021-02-27 14:56:13,598 DEBUG nufft passed real_type for signal, converting
2021-02-27 14:56:13,618 DEBUG FinufftPlan adjusted eps=1.1920928955078125e-07 from requested 1e-08.
2021-02-27 14:56:13,851 DEBUG Corresponding type is already real float32.
2021-02-27 14:56:13,851 DEBUG nufft passed real_type for signal, converting
2021-02-27 14:56:13,873 DEBUG FinufftPlan adjusted eps=1.1920928955078125e-07 from requested 1e-08.
2021-02-27 14:56:14,116 DEBUG Corresponding type is already real float32.
2021-02-27 14:56:14,116 DEBUG nufft passed real_type for signal, converting
2021-02-27 14:56:14,135 DEBUG FinufftPlan adjusted eps=1.1920928955078125e-07 from requested 1e-08.
2021-02-27 14:56:14,964 DEBUG Corresponding type is already real float32.
2021-02-27 14:56:14,964 DEBUG nufft passed real_type for signal, converting
2021-02-27 14:56:14,976 DEBUG FinufftPlan adjusted eps=1.1920928955078125e-07 from requested 1e-08.
2021-02-27 14:56:15,216 DEBUG Corresponding type is already real float32.
2021-02-27 14:56:15,216 DEBUG nufft passed real_type for signal, converting
2021-02-27 14:56:15,239 DEBUG FinufftPlan adjusted eps=1.1920928955078125e-07 from requested 1e-08.
2021-02-27 14:56:15,467 DEBUG Corresponding type is already real float32.
2021-02-27 14:56:15,468 DEBUG nufft passed real_type for signal, converting
2021-02-27 14:56:15,486 DEBUG FinufftPlan adjusted eps=1.1920928955078125e-07 from requested 1e-08.
2021-02-27 14:56:15,721 DEBUG Corresponding type is already real float32.
2021-02-27 14:56:15,721 DEBUG nufft passed real_type for signal, converting
2021-02-27 14:56:15,744 DEBUG FinufftPlan adjusted eps=1.1920928955078125e-07 from requested 1e-08.
2021-02-27 14:56:15,972 DEBUG Corresponding type is already real float32.
2021-02-27 14:56:15,972 DEBUG nufft passed real_type for signal, converting
2021-02-27 14:56:15,990 DEBUG FinufftPlan adjusted eps=1.1920928955078125e-07 from requested 1e-08.
2021-02-27 14:56:16,228 DEBUG Corresponding type is already real float32.
2021-02-27 14:56:16,228 DEBUG nufft passed real_type for signal, converting
2021-02-27 14:56:16,247 DEBUG FinufftPlan adjusted eps=1.1920928955078125e-07 from requested 1e-08.
2021-02-27 14:56:16,514 DEBUG Corresponding type is already real float32.
2021-02-27 14:56:16,515 DEBUG nufft passed real_type for signal, converting
2021-02-27 14:56:16,533 DEBUG FinufftPlan adjusted eps=1.1920928955078125e-07 from requested 1e-08.
2021-02-27 14:56:16,892 INFO Iteration 11 | Cost = 1.2403396321332994e-10 | Relative Error = 0.09720696566794576
2021-02-27 14:56:16,892 INFO Iteration 11 | Relative Error u = 0.999330997467041 | Relative Error g = 0.0014728102042044998
2021-02-27 14:56:16,892 INFO ========= Iteration 12 =========
2021-02-27 14:56:16,892 INFO Iteration 12 | descent step u
2021-02-27 14:56:16,916 DEBUG Corresponding type is already real float32.
2021-02-27 14:56:16,916 DEBUG nufft passed real_type for signal, converting
2021-02-27 14:56:16,931 DEBUG FinufftPlan adjusted eps=1.1920928955078125e-07 from requested 1e-08.
2021-02-27 14:56:17,255 DEBUG Corresponding type is already complex complex64.
2021-02-27 14:56:17,267 DEBUG FinufftPlan adjusted eps=1.1920928955078125e-07 from requested 1e-08.
2021-02-27 14:56:17,359 INFO Determined adjoint mappings. Shape = (65, 65, 65)
2021-02-27 14:56:17,369 INFO Iteration 12 | primal-dual step g
2021-02-27 14:56:17,416 DEBUG Corresponding type is already real float32.
2021-02-27 14:56:17,416 DEBUG nufft passed real_type for signal, converting
2021-02-27 14:56:17,430 DEBUG FinufftPlan adjusted eps=1.1920928955078125e-07 from requested 1e-08.
2021-02-27 14:56:17,670 DEBUG Corresponding type is already real float32.
2021-02-27 14:56:17,670 DEBUG nufft passed real_type for signal, converting
2021-02-27 14:56:17,693 DEBUG FinufftPlan adjusted eps=1.1920928955078125e-07 from requested 1e-08.
2021-02-27 14:56:17,924 DEBUG Corresponding type is already real float32.
2021-02-27 14:56:17,924 DEBUG nufft passed real_type for signal, converting
2021-02-27 14:56:17,943 DEBUG FinufftPlan adjusted eps=1.1920928955078125e-07 from requested 1e-08.
2021-02-27 14:56:18,193 DEBUG Corresponding type is already real float32.
2021-02-27 14:56:18,194 DEBUG nufft passed real_type for signal, converting
2021-02-27 14:56:18,216 DEBUG FinufftPlan adjusted eps=1.1920928955078125e-07 from requested 1e-08.
2021-02-27 14:56:18,441 DEBUG Corresponding type is already real float32.
2021-02-27 14:56:18,441 DEBUG nufft passed real_type for signal, converting
2021-02-27 14:56:18,459 DEBUG FinufftPlan adjusted eps=1.1920928955078125e-07 from requested 1e-08.
2021-02-27 14:56:18,721 DEBUG Corresponding type is already real float32.
2021-02-27 14:56:18,721 DEBUG nufft passed real_type for signal, converting
2021-02-27 14:56:18,740 DEBUG FinufftPlan adjusted eps=1.1920928955078125e-07 from requested 1e-08.
2021-02-27 14:56:19,559 DEBUG Corresponding type is already real float32.
2021-02-27 14:56:19,559 DEBUG nufft passed real_type for signal, converting
2021-02-27 14:56:19,571 DEBUG FinufftPlan adjusted eps=1.1920928955078125e-07 from requested 1e-08.
2021-02-27 14:56:19,804 DEBUG Corresponding type is already real float32.
2021-02-27 14:56:19,804 DEBUG nufft passed real_type for signal, converting
2021-02-27 14:56:19,823 DEBUG FinufftPlan adjusted eps=1.1920928955078125e-07 from requested 1e-08.
2021-02-27 14:56:20,052 DEBUG Corresponding type is already real float32.
2021-02-27 14:56:20,053 DEBUG nufft passed real_type for signal, converting
2021-02-27 14:56:20,071 DEBUG FinufftPlan adjusted eps=1.1920928955078125e-07 from requested 1e-08.
2021-02-27 14:56:20,302 DEBUG Corresponding type is already real float32.
2021-02-27 14:56:20,302 DEBUG nufft passed real_type for signal, converting
2021-02-27 14:56:20,321 DEBUG FinufftPlan adjusted eps=1.1920928955078125e-07 from requested 1e-08.
2021-02-27 14:56:20,551 DEBUG Corresponding type is already real float32.
2021-02-27 14:56:20,551 DEBUG nufft passed real_type for signal, converting
2021-02-27 14:56:20,569 DEBUG FinufftPlan adjusted eps=1.1920928955078125e-07 from requested 1e-08.
2021-02-27 14:56:20,801 DEBUG Corresponding type is already real float32.
2021-02-27 14:56:20,801 DEBUG nufft passed real_type for signal, converting
2021-02-27 14:56:20,819 DEBUG FinufftPlan adjusted eps=1.1920928955078125e-07 from requested 1e-08.
2021-02-27 14:56:21,080 DEBUG Corresponding type is already real float32.
2021-02-27 14:56:21,080 DEBUG nufft passed real_type for signal, converting
2021-02-27 14:56:21,098 DEBUG FinufftPlan adjusted eps=1.1920928955078125e-07 from requested 1e-08.
2021-02-27 14:56:21,458 INFO Iteration 12 | Cost = 1.2402229694589058e-10 | Relative Error = 0.09720012400415359
2021-02-27 14:56:21,458 INFO Iteration 12 | Relative Error u = 0.9992660284042358 | Relative Error g = 0.0014375226380227116
2021-02-27 14:56:21,458 INFO ========= Iteration 13 =========
2021-02-27 14:56:21,458 INFO Iteration 13 | descent step u
2021-02-27 14:56:21,482 DEBUG Corresponding type is already real float32.
2021-02-27 14:56:21,482 DEBUG nufft passed real_type for signal, converting
2021-02-27 14:56:21,496 DEBUG FinufftPlan adjusted eps=1.1920928955078125e-07 from requested 1e-08.
2021-02-27 14:56:21,814 DEBUG Corresponding type is already complex complex64.
2021-02-27 14:56:21,825 DEBUG FinufftPlan adjusted eps=1.1920928955078125e-07 from requested 1e-08.
2021-02-27 14:56:21,916 INFO Determined adjoint mappings. Shape = (65, 65, 65)
2021-02-27 14:56:21,927 INFO Iteration 13 | primal-dual step g
2021-02-27 14:56:21,975 DEBUG Corresponding type is already real float32.
2021-02-27 14:56:21,975 DEBUG nufft passed real_type for signal, converting
2021-02-27 14:56:21,990 DEBUG FinufftPlan adjusted eps=1.1920928955078125e-07 from requested 1e-08.
2021-02-27 14:56:22,229 DEBUG Corresponding type is already real float32.
2021-02-27 14:56:22,229 DEBUG nufft passed real_type for signal, converting
2021-02-27 14:56:22,251 DEBUG FinufftPlan adjusted eps=1.1920928955078125e-07 from requested 1e-08.
2021-02-27 14:56:22,481 DEBUG Corresponding type is already real float32.
2021-02-27 14:56:22,481 DEBUG nufft passed real_type for signal, converting
2021-02-27 14:56:22,499 DEBUG FinufftPlan adjusted eps=1.1920928955078125e-07 from requested 1e-08.
2021-02-27 14:56:22,730 DEBUG Corresponding type is already real float32.
2021-02-27 14:56:22,730 DEBUG nufft passed real_type for signal, converting
2021-02-27 14:56:22,748 DEBUG FinufftPlan adjusted eps=1.1920928955078125e-07 from requested 1e-08.
2021-02-27 14:56:22,979 DEBUG Corresponding type is already real float32.
2021-02-27 14:56:22,979 DEBUG nufft passed real_type for signal, converting
2021-02-27 14:56:22,997 DEBUG FinufftPlan adjusted eps=1.1920928955078125e-07 from requested 1e-08.
2021-02-27 14:56:23,236 DEBUG Corresponding type is already real float32.
2021-02-27 14:56:23,237 DEBUG nufft passed real_type for signal, converting
2021-02-27 14:56:23,257 DEBUG FinufftPlan adjusted eps=1.1920928955078125e-07 from requested 1e-08.
2021-02-27 14:56:24,071 DEBUG Corresponding type is already real float32.
2021-02-27 14:56:24,071 DEBUG nufft passed real_type for signal, converting
2021-02-27 14:56:24,084 DEBUG FinufftPlan adjusted eps=1.1920928955078125e-07 from requested 1e-08.
2021-02-27 14:56:24,318 DEBUG Corresponding type is already real float32.
2021-02-27 14:56:24,318 DEBUG nufft passed real_type for signal, converting
2021-02-27 14:56:24,337 DEBUG FinufftPlan adjusted eps=1.1920928955078125e-07 from requested 1e-08.
2021-02-27 14:56:24,574 DEBUG Corresponding type is already real float32.
2021-02-27 14:56:24,574 DEBUG nufft passed real_type for signal, converting
2021-02-27 14:56:24,593 DEBUG FinufftPlan adjusted eps=1.1920928955078125e-07 from requested 1e-08.
2021-02-27 14:56:24,828 DEBUG Corresponding type is already real float32.
2021-02-27 14:56:24,829 DEBUG nufft passed real_type for signal, converting
2021-02-27 14:56:24,847 DEBUG FinufftPlan adjusted eps=1.1920928955078125e-07 from requested 1e-08.
2021-02-27 14:56:25,080 DEBUG Corresponding type is already real float32.
2021-02-27 14:56:25,080 DEBUG nufft passed real_type for signal, converting
2021-02-27 14:56:25,098 DEBUG FinufftPlan adjusted eps=1.1920928955078125e-07 from requested 1e-08.
2021-02-27 14:56:25,331 DEBUG Corresponding type is already real float32.
2021-02-27 14:56:25,331 DEBUG nufft passed real_type for signal, converting
2021-02-27 14:56:25,354 DEBUG FinufftPlan adjusted eps=1.1920928955078125e-07 from requested 1e-08.
2021-02-27 14:56:25,614 DEBUG Corresponding type is already real float32.
2021-02-27 14:56:25,614 DEBUG nufft passed real_type for signal, converting
2021-02-27 14:56:25,635 DEBUG FinufftPlan adjusted eps=1.1920928955078125e-07 from requested 1e-08.
2021-02-27 14:56:25,995 INFO Iteration 13 | Cost = 1.2401013138604837e-10 | Relative Error = 0.09719376587208363
2021-02-27 14:56:25,995 INFO Iteration 13 | Relative Error u = 0.9992027878761292 | Relative Error g = 0.0014231373161092908
2021-02-27 14:56:25,995 INFO ========= Iteration 14 =========
2021-02-27 14:56:25,995 INFO Iteration 14 | descent step u
2021-02-27 14:56:26,020 DEBUG Corresponding type is already real float32.
2021-02-27 14:56:26,020 DEBUG nufft passed real_type for signal, converting
2021-02-27 14:56:26,035 DEBUG FinufftPlan adjusted eps=1.1920928955078125e-07 from requested 1e-08.
2021-02-27 14:56:26,352 DEBUG Corresponding type is already complex complex64.
2021-02-27 14:56:26,364 DEBUG FinufftPlan adjusted eps=1.1920928955078125e-07 from requested 1e-08.
2021-02-27 14:56:26,459 INFO Determined adjoint mappings. Shape = (65, 65, 65)
2021-02-27 14:56:26,470 INFO Iteration 14 | primal-dual step g
2021-02-27 14:56:26,517 DEBUG Corresponding type is already real float32.
2021-02-27 14:56:26,517 DEBUG nufft passed real_type for signal, converting
2021-02-27 14:56:26,531 DEBUG FinufftPlan adjusted eps=1.1920928955078125e-07 from requested 1e-08.
2021-02-27 14:56:26,767 DEBUG Corresponding type is already real float32.
2021-02-27 14:56:26,767 DEBUG nufft passed real_type for signal, converting
2021-02-27 14:56:26,785 DEBUG FinufftPlan adjusted eps=1.1920928955078125e-07 from requested 1e-08.
2021-02-27 14:56:27,013 DEBUG Corresponding type is already real float32.
2021-02-27 14:56:27,014 DEBUG nufft passed real_type for signal, converting
2021-02-27 14:56:27,032 DEBUG FinufftPlan adjusted eps=1.1920928955078125e-07 from requested 1e-08.
2021-02-27 14:56:27,266 DEBUG Corresponding type is already real float32.
2021-02-27 14:56:27,266 DEBUG nufft passed real_type for signal, converting
2021-02-27 14:56:27,287 DEBUG FinufftPlan adjusted eps=1.1920928955078125e-07 from requested 1e-08.
2021-02-27 14:56:27,518 DEBUG Corresponding type is already real float32.
2021-02-27 14:56:27,518 DEBUG nufft passed real_type for signal, converting
2021-02-27 14:56:27,537 DEBUG FinufftPlan adjusted eps=1.1920928955078125e-07 from requested 1e-08.
2021-02-27 14:56:27,795 DEBUG Corresponding type is already real float32.
2021-02-27 14:56:27,796 DEBUG nufft passed real_type for signal, converting
2021-02-27 14:56:27,814 DEBUG FinufftPlan adjusted eps=1.1920928955078125e-07 from requested 1e-08.
2021-02-27 14:56:28,657 DEBUG Corresponding type is already real float32.
2021-02-27 14:56:28,658 DEBUG nufft passed real_type for signal, converting
2021-02-27 14:56:28,670 DEBUG FinufftPlan adjusted eps=1.1920928955078125e-07 from requested 1e-08.
2021-02-27 14:56:28,909 DEBUG Corresponding type is already real float32.
2021-02-27 14:56:28,910 DEBUG nufft passed real_type for signal, converting
2021-02-27 14:56:28,928 DEBUG FinufftPlan adjusted eps=1.1920928955078125e-07 from requested 1e-08.
2021-02-27 14:56:29,159 DEBUG Corresponding type is already real float32.
2021-02-27 14:56:29,160 DEBUG nufft passed real_type for signal, converting
2021-02-27 14:56:29,180 DEBUG FinufftPlan adjusted eps=1.1920928955078125e-07 from requested 1e-08.
2021-02-27 14:56:29,430 DEBUG Corresponding type is already real float32.
2021-02-27 14:56:29,430 DEBUG nufft passed real_type for signal, converting
2021-02-27 14:56:29,449 DEBUG FinufftPlan adjusted eps=1.1920928955078125e-07 from requested 1e-08.
2021-02-27 14:56:29,679 DEBUG Corresponding type is already real float32.
2021-02-27 14:56:29,679 DEBUG nufft passed real_type for signal, converting
2021-02-27 14:56:29,697 DEBUG FinufftPlan adjusted eps=1.1920928955078125e-07 from requested 1e-08.
2021-02-27 14:56:29,931 DEBUG Corresponding type is already real float32.
2021-02-27 14:56:29,931 DEBUG nufft passed real_type for signal, converting
2021-02-27 14:56:29,954 DEBUG FinufftPlan adjusted eps=1.1920928955078125e-07 from requested 1e-08.
2021-02-27 14:56:30,213 DEBUG Corresponding type is already real float32.
2021-02-27 14:56:30,213 DEBUG nufft passed real_type for signal, converting
2021-02-27 14:56:30,232 DEBUG FinufftPlan adjusted eps=1.1920928955078125e-07 from requested 1e-08.
2021-02-27 14:56:30,593 INFO Iteration 14 | Cost = 1.2399809349327708e-10 | Relative Error = 0.0971878458336293
2021-02-27 14:56:30,593 INFO Iteration 14 | Relative Error u = 0.9991382360458374 | Relative Error g = 0.0014479623867974481
2021-02-27 14:56:30,593 INFO ========= Iteration 15 =========
2021-02-27 14:56:30,593 INFO Iteration 15 | descent step u
2021-02-27 14:56:30,618 DEBUG Corresponding type is already real float32.
2021-02-27 14:56:30,618 DEBUG nufft passed real_type for signal, converting
2021-02-27 14:56:30,632 DEBUG FinufftPlan adjusted eps=1.1920928955078125e-07 from requested 1e-08.
2021-02-27 14:56:30,958 DEBUG Corresponding type is already complex complex64.
2021-02-27 14:56:30,970 DEBUG FinufftPlan adjusted eps=1.1920928955078125e-07 from requested 1e-08.
2021-02-27 14:56:31,069 INFO Determined adjoint mappings. Shape = (65, 65, 65)
2021-02-27 14:56:31,080 INFO Iteration 15 | primal-dual step g
2021-02-27 14:56:31,134 DEBUG Corresponding type is already real float32.
2021-02-27 14:56:31,134 DEBUG nufft passed real_type for signal, converting
2021-02-27 14:56:31,149 DEBUG FinufftPlan adjusted eps=1.1920928955078125e-07 from requested 1e-08.
2021-02-27 14:56:31,385 DEBUG Corresponding type is already real float32.
2021-02-27 14:56:31,385 DEBUG nufft passed real_type for signal, converting
2021-02-27 14:56:31,407 DEBUG FinufftPlan adjusted eps=1.1920928955078125e-07 from requested 1e-08.
2021-02-27 14:56:31,639 DEBUG Corresponding type is already real float32.
2021-02-27 14:56:31,639 DEBUG nufft passed real_type for signal, converting
2021-02-27 14:56:31,660 DEBUG FinufftPlan adjusted eps=1.1920928955078125e-07 from requested 1e-08.
2021-02-27 14:56:31,896 DEBUG Corresponding type is already real float32.
2021-02-27 14:56:31,896 DEBUG nufft passed real_type for signal, converting
2021-02-27 14:56:31,914 DEBUG FinufftPlan adjusted eps=1.1920928955078125e-07 from requested 1e-08.
2021-02-27 14:56:32,146 DEBUG Corresponding type is already real float32.
2021-02-27 14:56:32,146 DEBUG nufft passed real_type for signal, converting
2021-02-27 14:56:32,164 DEBUG FinufftPlan adjusted eps=1.1920928955078125e-07 from requested 1e-08.
2021-02-27 14:56:32,407 DEBUG Corresponding type is already real float32.
2021-02-27 14:56:32,408 DEBUG nufft passed real_type for signal, converting
2021-02-27 14:56:32,431 DEBUG FinufftPlan adjusted eps=1.1920928955078125e-07 from requested 1e-08.
2021-02-27 14:56:33,248 DEBUG Corresponding type is already real float32.
2021-02-27 14:56:33,248 DEBUG nufft passed real_type for signal, converting
2021-02-27 14:56:33,261 DEBUG FinufftPlan adjusted eps=1.1920928955078125e-07 from requested 1e-08.
2021-02-27 14:56:33,493 DEBUG Corresponding type is already real float32.
2021-02-27 14:56:33,493 DEBUG nufft passed real_type for signal, converting
2021-02-27 14:56:33,511 DEBUG FinufftPlan adjusted eps=1.1920928955078125e-07 from requested 1e-08.
2021-02-27 14:56:33,745 DEBUG Corresponding type is already real float32.
2021-02-27 14:56:33,745 DEBUG nufft passed real_type for signal, converting
2021-02-27 14:56:33,764 DEBUG FinufftPlan adjusted eps=1.1920928955078125e-07 from requested 1e-08.
2021-02-27 14:56:34,009 DEBUG Corresponding type is already real float32.
2021-02-27 14:56:34,009 DEBUG nufft passed real_type for signal, converting
2021-02-27 14:56:34,032 DEBUG FinufftPlan adjusted eps=1.1920928955078125e-07 from requested 1e-08.
2021-02-27 14:56:34,266 DEBUG Corresponding type is already real float32.
2021-02-27 14:56:34,266 DEBUG nufft passed real_type for signal, converting
2021-02-27 14:56:34,289 DEBUG FinufftPlan adjusted eps=1.1920928955078125e-07 from requested 1e-08.
2021-02-27 14:56:34,532 DEBUG Corresponding type is already real float32.
2021-02-27 14:56:34,532 DEBUG nufft passed real_type for signal, converting
2021-02-27 14:56:34,551 DEBUG FinufftPlan adjusted eps=1.1920928955078125e-07 from requested 1e-08.
2021-02-27 14:56:34,807 DEBUG Corresponding type is already real float32.
2021-02-27 14:56:34,807 DEBUG nufft passed real_type for signal, converting
2021-02-27 14:56:34,826 DEBUG FinufftPlan adjusted eps=1.1920928955078125e-07 from requested 1e-08.
2021-02-27 14:56:35,205 INFO Iteration 15 | Cost = 1.2398600151716662e-10 | Relative Error = 0.09718222621969473
2021-02-27 14:56:35,205 INFO Iteration 15 | Relative Error u = 0.9990769624710083 | Relative Error g = 0.0014705121041852364
2021-02-27 14:56:35,205 INFO ========= Iteration 16 =========
2021-02-27 14:56:35,205 INFO Iteration 16 | descent step u
2021-02-27 14:56:35,230 DEBUG Corresponding type is already real float32.
2021-02-27 14:56:35,230 DEBUG nufft passed real_type for signal, converting
2021-02-27 14:56:35,243 DEBUG FinufftPlan adjusted eps=1.1920928955078125e-07 from requested 1e-08.
2021-02-27 14:56:35,561 DEBUG Corresponding type is already complex complex64.
2021-02-27 14:56:35,572 DEBUG FinufftPlan adjusted eps=1.1920928955078125e-07 from requested 1e-08.
2021-02-27 14:56:35,664 INFO Determined adjoint mappings. Shape = (65, 65, 65)
2021-02-27 14:56:35,675 INFO Iteration 16 | primal-dual step g
2021-02-27 14:56:35,721 DEBUG Corresponding type is already real float32.
2021-02-27 14:56:35,722 DEBUG nufft passed real_type for signal, converting
2021-02-27 14:56:35,736 DEBUG FinufftPlan adjusted eps=1.1920928955078125e-07 from requested 1e-08.
2021-02-27 14:56:35,981 DEBUG Corresponding type is already real float32.
2021-02-27 14:56:35,981 DEBUG nufft passed real_type for signal, converting
2021-02-27 14:56:36,004 DEBUG FinufftPlan adjusted eps=1.1920928955078125e-07 from requested 1e-08.
2021-02-27 14:56:36,236 DEBUG Corresponding type is already real float32.
2021-02-27 14:56:36,236 DEBUG nufft passed real_type for signal, converting
2021-02-27 14:56:36,256 DEBUG FinufftPlan adjusted eps=1.1920928955078125e-07 from requested 1e-08.
2021-02-27 14:56:36,487 DEBUG Corresponding type is already real float32.
2021-02-27 14:56:36,487 DEBUG nufft passed real_type for signal, converting
2021-02-27 14:56:36,506 DEBUG FinufftPlan adjusted eps=1.1920928955078125e-07 from requested 1e-08.
2021-02-27 14:56:36,747 DEBUG Corresponding type is already real float32.
2021-02-27 14:56:36,748 DEBUG nufft passed real_type for signal, converting
2021-02-27 14:56:36,772 DEBUG FinufftPlan adjusted eps=1.1920928955078125e-07 from requested 1e-08.
2021-02-27 14:56:37,024 DEBUG Corresponding type is already real float32.
2021-02-27 14:56:37,024 DEBUG nufft passed real_type for signal, converting
2021-02-27 14:56:37,044 DEBUG FinufftPlan adjusted eps=1.1920928955078125e-07 from requested 1e-08.
2021-02-27 14:56:38,200 DEBUG Corresponding type is already real float32.
2021-02-27 14:56:38,200 DEBUG nufft passed real_type for signal, converting
2021-02-27 14:56:38,213 DEBUG FinufftPlan adjusted eps=1.1920928955078125e-07 from requested 1e-08.
2021-02-27 14:56:38,505 DEBUG Corresponding type is already real float32.
2021-02-27 14:56:38,505 DEBUG nufft passed real_type for signal, converting
2021-02-27 14:56:38,531 DEBUG FinufftPlan adjusted eps=1.1920928955078125e-07 from requested 1e-08.
2021-02-27 14:56:38,807 DEBUG Corresponding type is already real float32.
2021-02-27 14:56:38,807 DEBUG nufft passed real_type for signal, converting
2021-02-27 14:56:38,830 DEBUG FinufftPlan adjusted eps=1.1920928955078125e-07 from requested 1e-08.
2021-02-27 14:56:39,105 DEBUG Corresponding type is already real float32.
2021-02-27 14:56:39,105 DEBUG nufft passed real_type for signal, converting
2021-02-27 14:56:39,126 DEBUG FinufftPlan adjusted eps=1.1920928955078125e-07 from requested 1e-08.
2021-02-27 14:56:39,379 DEBUG Corresponding type is already real float32.
2021-02-27 14:56:39,379 DEBUG nufft passed real_type for signal, converting
2021-02-27 14:56:39,401 DEBUG FinufftPlan adjusted eps=1.1920928955078125e-07 from requested 1e-08.
2021-02-27 14:56:39,669 DEBUG Corresponding type is already real float32.
2021-02-27 14:56:39,669 DEBUG nufft passed real_type for signal, converting
2021-02-27 14:56:39,691 DEBUG FinufftPlan adjusted eps=1.1920928955078125e-07 from requested 1e-08.
2021-02-27 14:56:39,974 DEBUG Corresponding type is already real float32.
2021-02-27 14:56:39,974 DEBUG nufft passed real_type for signal, converting
2021-02-27 14:56:39,997 DEBUG FinufftPlan adjusted eps=1.1920928955078125e-07 from requested 1e-08.
2021-02-27 14:56:40,443 INFO Iteration 16 | Cost = 1.2397330003080667e-10 | Relative Error = 0.09717554224673582
2021-02-27 14:56:40,443 INFO Iteration 16 | Relative Error u = 0.999014675617218 | Relative Error g = 0.0014283112806401902
2021-02-27 14:56:40,443 INFO ========= Iteration 17 =========
2021-02-27 14:56:40,443 INFO Iteration 17 | descent step u
2021-02-27 14:56:40,489 DEBUG Corresponding type is already real float32.
2021-02-27 14:56:40,489 DEBUG nufft passed real_type for signal, converting
2021-02-27 14:56:40,505 DEBUG FinufftPlan adjusted eps=1.1920928955078125e-07 from requested 1e-08.
2021-02-27 14:56:40,890 DEBUG Corresponding type is already complex complex64.
2021-02-27 14:56:40,902 DEBUG FinufftPlan adjusted eps=1.1920928955078125e-07 from requested 1e-08.
2021-02-27 14:56:40,995 INFO Determined adjoint mappings. Shape = (65, 65, 65)
2021-02-27 14:56:41,006 INFO Iteration 17 | primal-dual step g
2021-02-27 14:56:41,055 DEBUG Corresponding type is already real float32.
2021-02-27 14:56:41,055 DEBUG nufft passed real_type for signal, converting
2021-02-27 14:56:41,069 DEBUG FinufftPlan adjusted eps=1.1920928955078125e-07 from requested 1e-08.
2021-02-27 14:56:41,334 DEBUG Corresponding type is already real float32.
2021-02-27 14:56:41,334 DEBUG nufft passed real_type for signal, converting
2021-02-27 14:56:41,359 DEBUG FinufftPlan adjusted eps=1.1920928955078125e-07 from requested 1e-08.
2021-02-27 14:56:41,610 DEBUG Corresponding type is already real float32.
2021-02-27 14:56:41,610 DEBUG nufft passed real_type for signal, converting
2021-02-27 14:56:41,630 DEBUG FinufftPlan adjusted eps=1.1920928955078125e-07 from requested 1e-08.
2021-02-27 14:56:41,871 DEBUG Corresponding type is already real float32.
2021-02-27 14:56:41,871 DEBUG nufft passed real_type for signal, converting
2021-02-27 14:56:41,892 DEBUG FinufftPlan adjusted eps=1.1920928955078125e-07 from requested 1e-08.
2021-02-27 14:56:42,141 DEBUG Corresponding type is already real float32.
2021-02-27 14:56:42,141 DEBUG nufft passed real_type for signal, converting
2021-02-27 14:56:42,162 DEBUG FinufftPlan adjusted eps=1.1920928955078125e-07 from requested 1e-08.
2021-02-27 14:56:42,416 DEBUG Corresponding type is already real float32.
2021-02-27 14:56:42,417 DEBUG nufft passed real_type for signal, converting
2021-02-27 14:56:42,435 DEBUG FinufftPlan adjusted eps=1.1920928955078125e-07 from requested 1e-08.
2021-02-27 14:56:43,296 DEBUG Corresponding type is already real float32.
2021-02-27 14:56:43,297 DEBUG nufft passed real_type for signal, converting
2021-02-27 14:56:43,309 DEBUG FinufftPlan adjusted eps=1.1920928955078125e-07 from requested 1e-08.
2021-02-27 14:56:43,557 DEBUG Corresponding type is already real float32.
2021-02-27 14:56:43,557 DEBUG nufft passed real_type for signal, converting
2021-02-27 14:56:43,576 DEBUG FinufftPlan adjusted eps=1.1920928955078125e-07 from requested 1e-08.
2021-02-27 14:56:43,830 DEBUG Corresponding type is already real float32.
2021-02-27 14:56:43,830 DEBUG nufft passed real_type for signal, converting
2021-02-27 14:56:43,850 DEBUG FinufftPlan adjusted eps=1.1920928955078125e-07 from requested 1e-08.
2021-02-27 14:56:44,100 DEBUG Corresponding type is already real float32.
2021-02-27 14:56:44,101 DEBUG nufft passed real_type for signal, converting
2021-02-27 14:56:44,120 DEBUG FinufftPlan adjusted eps=1.1920928955078125e-07 from requested 1e-08.
2021-02-27 14:56:44,369 DEBUG Corresponding type is already real float32.
2021-02-27 14:56:44,370 DEBUG nufft passed real_type for signal, converting
2021-02-27 14:56:44,389 DEBUG FinufftPlan adjusted eps=1.1920928955078125e-07 from requested 1e-08.
2021-02-27 14:56:44,639 DEBUG Corresponding type is already real float32.
2021-02-27 14:56:44,639 DEBUG nufft passed real_type for signal, converting
2021-02-27 14:56:44,658 DEBUG FinufftPlan adjusted eps=1.1920928955078125e-07 from requested 1e-08.
2021-02-27 14:56:44,961 DEBUG Corresponding type is already real float32.
2021-02-27 14:56:44,962 DEBUG nufft passed real_type for signal, converting
2021-02-27 14:56:44,981 DEBUG FinufftPlan adjusted eps=1.1920928955078125e-07 from requested 1e-08.
2021-02-27 14:56:45,371 INFO Iteration 17 | Cost = 1.2396172312263867e-10 | Relative Error = 0.09716916700328439
2021-02-27 14:56:45,371 INFO Iteration 17 | Relative Error u = 0.9989538788795471 | Relative Error g = 0.0013958612566858796
2021-02-27 14:56:45,371 INFO ========= Iteration 18 =========
2021-02-27 14:56:45,371 INFO Iteration 18 | descent step u
2021-02-27 14:56:45,400 DEBUG Corresponding type is already real float32.
2021-02-27 14:56:45,400 DEBUG nufft passed real_type for signal, converting
2021-02-27 14:56:45,415 DEBUG FinufftPlan adjusted eps=1.1920928955078125e-07 from requested 1e-08.
2021-02-27 14:56:45,737 DEBUG Corresponding type is already complex complex64.
2021-02-27 14:56:45,750 DEBUG FinufftPlan adjusted eps=1.1920928955078125e-07 from requested 1e-08.
2021-02-27 14:56:45,856 INFO Determined adjoint mappings. Shape = (65, 65, 65)
2021-02-27 14:56:45,867 INFO Iteration 18 | primal-dual step g
2021-02-27 14:56:45,919 DEBUG Corresponding type is already real float32.
2021-02-27 14:56:45,919 DEBUG nufft passed real_type for signal, converting
2021-02-27 14:56:45,934 DEBUG FinufftPlan adjusted eps=1.1920928955078125e-07 from requested 1e-08.
2021-02-27 14:56:46,183 DEBUG Corresponding type is already real float32.
2021-02-27 14:56:46,183 DEBUG nufft passed real_type for signal, converting
2021-02-27 14:56:46,202 DEBUG FinufftPlan adjusted eps=1.1920928955078125e-07 from requested 1e-08.
2021-02-27 14:56:46,465 DEBUG Corresponding type is already real float32.
2021-02-27 14:56:46,465 DEBUG nufft passed real_type for signal, converting
2021-02-27 14:56:46,485 DEBUG FinufftPlan adjusted eps=1.1920928955078125e-07 from requested 1e-08.
2021-02-27 14:56:46,757 DEBUG Corresponding type is already real float32.
2021-02-27 14:56:46,757 DEBUG nufft passed real_type for signal, converting
2021-02-27 14:56:46,780 DEBUG FinufftPlan adjusted eps=1.1920928955078125e-07 from requested 1e-08.
2021-02-27 14:56:47,229 DEBUG Corresponding type is already real float32.
2021-02-27 14:56:47,229 DEBUG nufft passed real_type for signal, converting
2021-02-27 14:56:47,244 DEBUG FinufftPlan adjusted eps=1.1920928955078125e-07 from requested 1e-08.
2021-02-27 14:56:47,565 DEBUG Corresponding type is already real float32.
2021-02-27 14:56:47,565 DEBUG nufft passed real_type for signal, converting
2021-02-27 14:56:47,587 DEBUG FinufftPlan adjusted eps=1.1920928955078125e-07 from requested 1e-08.
2021-02-27 14:56:49,023 DEBUG Corresponding type is already real float32.
2021-02-27 14:56:49,023 DEBUG nufft passed real_type for signal, converting
2021-02-27 14:56:49,039 DEBUG FinufftPlan adjusted eps=1.1920928955078125e-07 from requested 1e-08.
2021-02-27 14:56:49,360 DEBUG Corresponding type is already real float32.
2021-02-27 14:56:49,361 DEBUG nufft passed real_type for signal, converting
2021-02-27 14:56:49,382 DEBUG FinufftPlan adjusted eps=1.1920928955078125e-07 from requested 1e-08.
2021-02-27 14:56:49,648 DEBUG Corresponding type is already real float32.
2021-02-27 14:56:49,648 DEBUG nufft passed real_type for signal, converting
2021-02-27 14:56:49,673 DEBUG FinufftPlan adjusted eps=1.1920928955078125e-07 from requested 1e-08.
2021-02-27 14:56:49,968 DEBUG Corresponding type is already real float32.
2021-02-27 14:56:49,968 DEBUG nufft passed real_type for signal, converting
2021-02-27 14:56:49,991 DEBUG FinufftPlan adjusted eps=1.1920928955078125e-07 from requested 1e-08.
2021-02-27 14:56:50,298 DEBUG Corresponding type is already real float32.
2021-02-27 14:56:50,298 DEBUG nufft passed real_type for signal, converting
2021-02-27 14:56:50,319 DEBUG FinufftPlan adjusted eps=1.1920928955078125e-07 from requested 1e-08.
2021-02-27 14:56:50,577 DEBUG Corresponding type is already real float32.
2021-02-27 14:56:50,578 DEBUG nufft passed real_type for signal, converting
2021-02-27 14:56:50,598 DEBUG FinufftPlan adjusted eps=1.1920928955078125e-07 from requested 1e-08.
2021-02-27 14:56:50,929 DEBUG Corresponding type is already real float32.
2021-02-27 14:56:50,929 DEBUG nufft passed real_type for signal, converting
2021-02-27 14:56:50,956 DEBUG FinufftPlan adjusted eps=1.1920928955078125e-07 from requested 1e-08.
2021-02-27 14:56:51,525 INFO Iteration 18 | Cost = 1.2395080035152471e-10 | Relative Error = 0.0971627985627844
2021-02-27 14:56:51,526 INFO Iteration 18 | Relative Error u = 0.9988926649093628 | Relative Error g = 0.0013665026110779564
2021-02-27 14:56:51,526 INFO ========= Iteration 19 =========
2021-02-27 14:56:51,526 INFO Iteration 19 | descent step u
2021-02-27 14:56:51,560 DEBUG Corresponding type is already real float32.
2021-02-27 14:56:51,560 DEBUG nufft passed real_type for signal, converting
2021-02-27 14:56:51,574 DEBUG FinufftPlan adjusted eps=1.1920928955078125e-07 from requested 1e-08.
2021-02-27 14:56:51,956 DEBUG Corresponding type is already complex complex64.
2021-02-27 14:56:51,973 DEBUG FinufftPlan adjusted eps=1.1920928955078125e-07 from requested 1e-08.
2021-02-27 14:56:52,109 INFO Determined adjoint mappings. Shape = (65, 65, 65)
2021-02-27 14:56:52,124 INFO Iteration 19 | primal-dual step g
2021-02-27 14:56:52,177 DEBUG Corresponding type is already real float32.
2021-02-27 14:56:52,177 DEBUG nufft passed real_type for signal, converting
2021-02-27 14:56:52,193 DEBUG FinufftPlan adjusted eps=1.1920928955078125e-07 from requested 1e-08.
2021-02-27 14:56:52,444 DEBUG Corresponding type is already real float32.
2021-02-27 14:56:52,444 DEBUG nufft passed real_type for signal, converting
2021-02-27 14:56:52,463 DEBUG FinufftPlan adjusted eps=1.1920928955078125e-07 from requested 1e-08.
2021-02-27 14:56:52,756 DEBUG Corresponding type is already real float32.
2021-02-27 14:56:52,756 DEBUG nufft passed real_type for signal, converting
2021-02-27 14:56:52,779 DEBUG FinufftPlan adjusted eps=1.1920928955078125e-07 from requested 1e-08.
2021-02-27 14:56:53,038 DEBUG Corresponding type is already real float32.
2021-02-27 14:56:53,038 DEBUG nufft passed real_type for signal, converting
2021-02-27 14:56:53,059 DEBUG FinufftPlan adjusted eps=1.1920928955078125e-07 from requested 1e-08.
2021-02-27 14:56:53,334 DEBUG Corresponding type is already real float32.
2021-02-27 14:56:53,334 DEBUG nufft passed real_type for signal, converting
2021-02-27 14:56:53,358 DEBUG FinufftPlan adjusted eps=1.1920928955078125e-07 from requested 1e-08.
2021-02-27 14:56:53,697 DEBUG Corresponding type is already real float32.
2021-02-27 14:56:53,697 DEBUG nufft passed real_type for signal, converting
2021-02-27 14:56:53,715 DEBUG FinufftPlan adjusted eps=1.1920928955078125e-07 from requested 1e-08.
2021-02-27 14:56:54,958 DEBUG Corresponding type is already real float32.
2021-02-27 14:56:54,958 DEBUG nufft passed real_type for signal, converting
2021-02-27 14:56:54,970 DEBUG FinufftPlan adjusted eps=1.1920928955078125e-07 from requested 1e-08.
2021-02-27 14:56:55,241 DEBUG Corresponding type is already real float32.
2021-02-27 14:56:55,241 DEBUG nufft passed real_type for signal, converting
2021-02-27 14:56:55,260 DEBUG FinufftPlan adjusted eps=1.1920928955078125e-07 from requested 1e-08.
2021-02-27 14:56:55,520 DEBUG Corresponding type is already real float32.
2021-02-27 14:56:55,521 DEBUG nufft passed real_type for signal, converting
2021-02-27 14:56:55,542 DEBUG FinufftPlan adjusted eps=1.1920928955078125e-07 from requested 1e-08.
2021-02-27 14:56:55,835 DEBUG Corresponding type is already real float32.
2021-02-27 14:56:55,835 DEBUG nufft passed real_type for signal, converting
2021-02-27 14:56:55,856 DEBUG FinufftPlan adjusted eps=1.1920928955078125e-07 from requested 1e-08.
2021-02-27 14:56:56,109 DEBUG Corresponding type is already real float32.
2021-02-27 14:56:56,109 DEBUG nufft passed real_type for signal, converting
2021-02-27 14:56:56,132 DEBUG FinufftPlan adjusted eps=1.1920928955078125e-07 from requested 1e-08.
2021-02-27 14:56:56,392 DEBUG Corresponding type is already real float32.
2021-02-27 14:56:56,392 DEBUG nufft passed real_type for signal, converting
2021-02-27 14:56:56,411 DEBUG FinufftPlan adjusted eps=1.1920928955078125e-07 from requested 1e-08.
2021-02-27 14:56:56,703 DEBUG Corresponding type is already real float32.
2021-02-27 14:56:56,703 DEBUG nufft passed real_type for signal, converting
2021-02-27 14:56:56,722 DEBUG FinufftPlan adjusted eps=1.1920928955078125e-07 from requested 1e-08.
2021-02-27 14:56:57,120 INFO Iteration 19 | Cost = 1.2393974459241264e-10 | Relative Error = 0.09715646806653817
2021-02-27 14:56:57,120 INFO Iteration 19 | Relative Error u = 0.9988287091255188 | Relative Error g = 0.001358464247479448
2021-02-27 14:56:57,121 INFO ========= Iteration 20 =========
2021-02-27 14:56:57,121 INFO Iteration 20 | descent step u
2021-02-27 14:56:57,154 DEBUG Corresponding type is already real float32.
2021-02-27 14:56:57,154 DEBUG nufft passed real_type for signal, converting
2021-02-27 14:56:57,170 DEBUG FinufftPlan adjusted eps=1.1920928955078125e-07 from requested 1e-08.
2021-02-27 14:56:57,494 DEBUG Corresponding type is already complex complex64.
2021-02-27 14:56:57,505 DEBUG FinufftPlan adjusted eps=1.1920928955078125e-07 from requested 1e-08.
2021-02-27 14:56:57,598 INFO Determined adjoint mappings. Shape = (65, 65, 65)
2021-02-27 14:56:57,608 INFO Iteration 20 | primal-dual step g
2021-02-27 14:56:57,659 DEBUG Corresponding type is already real float32.
2021-02-27 14:56:57,659 DEBUG nufft passed real_type for signal, converting
2021-02-27 14:56:57,674 DEBUG FinufftPlan adjusted eps=1.1920928955078125e-07 from requested 1e-08.
2021-02-27 14:56:57,908 DEBUG Corresponding type is already real float32.
2021-02-27 14:56:57,908 DEBUG nufft passed real_type for signal, converting
2021-02-27 14:56:57,927 DEBUG FinufftPlan adjusted eps=1.1920928955078125e-07 from requested 1e-08.
2021-02-27 14:56:58,159 DEBUG Corresponding type is already real float32.
2021-02-27 14:56:58,159 DEBUG nufft passed real_type for signal, converting
2021-02-27 14:56:58,178 DEBUG FinufftPlan adjusted eps=1.1920928955078125e-07 from requested 1e-08.
2021-02-27 14:56:58,438 DEBUG Corresponding type is already real float32.
2021-02-27 14:56:58,438 DEBUG nufft passed real_type for signal, converting
2021-02-27 14:56:58,457 DEBUG FinufftPlan adjusted eps=1.1920928955078125e-07 from requested 1e-08.
2021-02-27 14:56:58,732 DEBUG Corresponding type is already real float32.
2021-02-27 14:56:58,733 DEBUG nufft passed real_type for signal, converting
2021-02-27 14:56:58,756 DEBUG FinufftPlan adjusted eps=1.1920928955078125e-07 from requested 1e-08.
2021-02-27 14:56:59,006 DEBUG Corresponding type is already real float32.
2021-02-27 14:56:59,006 DEBUG nufft passed real_type for signal, converting
2021-02-27 14:56:59,025 DEBUG FinufftPlan adjusted eps=1.1920928955078125e-07 from requested 1e-08.
2021-02-27 14:56:59,966 DEBUG Corresponding type is already real float32.
2021-02-27 14:56:59,966 DEBUG nufft passed real_type for signal, converting
2021-02-27 14:56:59,978 DEBUG FinufftPlan adjusted eps=1.1920928955078125e-07 from requested 1e-08.
2021-02-27 14:57:00,218 DEBUG Corresponding type is already real float32.
2021-02-27 14:57:00,219 DEBUG nufft passed real_type for signal, converting
2021-02-27 14:57:00,238 DEBUG FinufftPlan adjusted eps=1.1920928955078125e-07 from requested 1e-08.
2021-02-27 14:57:00,477 DEBUG Corresponding type is already real float32.
2021-02-27 14:57:00,477 DEBUG nufft passed real_type for signal, converting
2021-02-27 14:57:00,496 DEBUG FinufftPlan adjusted eps=1.1920928955078125e-07 from requested 1e-08.
2021-02-27 14:57:00,781 DEBUG Corresponding type is already real float32.
2021-02-27 14:57:00,781 DEBUG nufft passed real_type for signal, converting
2021-02-27 14:57:00,801 DEBUG FinufftPlan adjusted eps=1.1920928955078125e-07 from requested 1e-08.
2021-02-27 14:57:01,041 DEBUG Corresponding type is already real float32.
2021-02-27 14:57:01,041 DEBUG nufft passed real_type for signal, converting
2021-02-27 14:57:01,062 DEBUG FinufftPlan adjusted eps=1.1920928955078125e-07 from requested 1e-08.
2021-02-27 14:57:01,355 DEBUG Corresponding type is already real float32.
2021-02-27 14:57:01,355 DEBUG nufft passed real_type for signal, converting
2021-02-27 14:57:01,381 DEBUG FinufftPlan adjusted eps=1.1920928955078125e-07 from requested 1e-08.
2021-02-27 14:57:01,692 DEBUG Corresponding type is already real float32.
2021-02-27 14:57:01,692 DEBUG nufft passed real_type for signal, converting
2021-02-27 14:57:01,711 DEBUG FinufftPlan adjusted eps=1.1920928955078125e-07 from requested 1e-08.
2021-02-27 14:57:02,074 INFO Iteration 20 | Cost = 1.239278353421059e-10 | Relative Error = 0.09715080104210931
2021-02-27 14:57:02,074 INFO Iteration 20 | Relative Error u = 0.9987695813179016 | Relative Error g = 0.0013644373676422955
