2021-02-27 14:59:57,549 INFO This script illustrates orientation refinement using lRCPA as primal-dual splitting method
2021-02-27 14:59:57,632 DEBUG Corresponding type is already real float32.
2021-02-27 14:59:57,632 DEBUG nufft passed real_type for signal, converting
2021-02-27 14:59:57,633 INFO Trying NFFT backend finufft
2021-02-27 14:59:57,639 INFO NFFT backend finufft usable.
2021-02-27 14:59:57,639 INFO Trying NFFT backend cufinufft
2021-02-27 14:59:57,640 INFO NFFT backend cufinufft not usable:
	No module named 'pycuda'
2021-02-27 14:59:57,640 INFO Trying NFFT backend pynfft
2021-02-27 14:59:57,640 INFO NFFT backend pynfft not usable:
	No module named 'pynfft'
2021-02-27 14:59:57,640 INFO Selected NFFT backend = finufft.
2021-02-27 14:59:57,653 DEBUG FinufftPlan adjusted eps=1.1920928955078125e-07 from requested 1e-08.
2021-02-27 14:59:57,948 INFO Applying forward transformations in pipeline
2021-02-27 14:59:57,949 INFO All forward transformations applied
2021-02-27 14:59:57,949 INFO Loaded 128 images
2021-02-27 14:59:57,970 INFO ========= Iteration 1 =========
2021-02-27 14:59:57,970 INFO Iteration 1 | descent step u
2021-02-27 14:59:58,001 DEBUG Corresponding type is already real float32.
2021-02-27 14:59:58,002 DEBUG nufft passed real_type for signal, converting
2021-02-27 14:59:58,016 DEBUG FinufftPlan adjusted eps=1.1920928955078125e-07 from requested 1e-08.
2021-02-27 14:59:58,361 DEBUG Corresponding type is already complex complex64.
2021-02-27 14:59:58,376 DEBUG FinufftPlan adjusted eps=1.1920928955078125e-07 from requested 1e-08.
2021-02-27 14:59:58,499 INFO Determined adjoint mappings. Shape = (65, 65, 65)
2021-02-27 14:59:58,511 INFO Iteration 1 | primal-dual step g
2021-02-27 14:59:58,568 DEBUG Corresponding type is already real float32.
2021-02-27 14:59:58,568 DEBUG nufft passed real_type for signal, converting
2021-02-27 14:59:58,583 DEBUG FinufftPlan adjusted eps=1.1920928955078125e-07 from requested 1e-08.
2021-02-27 14:59:58,828 DEBUG Corresponding type is already real float32.
2021-02-27 14:59:58,829 DEBUG nufft passed real_type for signal, converting
2021-02-27 14:59:58,850 DEBUG FinufftPlan adjusted eps=1.1920928955078125e-07 from requested 1e-08.
2021-02-27 14:59:59,085 DEBUG Corresponding type is already real float32.
2021-02-27 14:59:59,085 DEBUG nufft passed real_type for signal, converting
2021-02-27 14:59:59,103 DEBUG FinufftPlan adjusted eps=1.1920928955078125e-07 from requested 1e-08.
2021-02-27 14:59:59,409 DEBUG Corresponding type is already real float32.
2021-02-27 14:59:59,409 DEBUG nufft passed real_type for signal, converting
2021-02-27 14:59:59,426 DEBUG FinufftPlan adjusted eps=1.1920928955078125e-07 from requested 1e-08.
2021-02-27 14:59:59,664 DEBUG Corresponding type is already real float32.
2021-02-27 14:59:59,665 DEBUG nufft passed real_type for signal, converting
2021-02-27 14:59:59,683 DEBUG FinufftPlan adjusted eps=1.1920928955078125e-07 from requested 1e-08.
2021-02-27 14:59:59,939 DEBUG Corresponding type is already real float32.
2021-02-27 14:59:59,939 DEBUG nufft passed real_type for signal, converting
2021-02-27 14:59:59,958 DEBUG FinufftPlan adjusted eps=1.1920928955078125e-07 from requested 1e-08.
2021-02-27 15:00:00,857 DEBUG Corresponding type is already real float32.
2021-02-27 15:00:00,857 DEBUG nufft passed real_type for signal, converting
2021-02-27 15:00:00,870 DEBUG FinufftPlan adjusted eps=1.1920928955078125e-07 from requested 1e-08.
2021-02-27 15:00:01,115 DEBUG Corresponding type is already real float32.
2021-02-27 15:00:01,115 DEBUG nufft passed real_type for signal, converting
2021-02-27 15:00:01,134 DEBUG FinufftPlan adjusted eps=1.1920928955078125e-07 from requested 1e-08.
2021-02-27 15:00:01,361 DEBUG Corresponding type is already real float32.
2021-02-27 15:00:01,361 DEBUG nufft passed real_type for signal, converting
2021-02-27 15:00:01,384 DEBUG FinufftPlan adjusted eps=1.1920928955078125e-07 from requested 1e-08.
2021-02-27 15:00:01,611 DEBUG Corresponding type is already real float32.
2021-02-27 15:00:01,612 DEBUG nufft passed real_type for signal, converting
2021-02-27 15:00:01,630 DEBUG FinufftPlan adjusted eps=1.1920928955078125e-07 from requested 1e-08.
2021-02-27 15:00:01,861 DEBUG Corresponding type is already real float32.
2021-02-27 15:00:01,861 DEBUG nufft passed real_type for signal, converting
2021-02-27 15:00:01,879 DEBUG FinufftPlan adjusted eps=1.1920928955078125e-07 from requested 1e-08.
2021-02-27 15:00:02,110 DEBUG Corresponding type is already real float32.
2021-02-27 15:00:02,110 DEBUG nufft passed real_type for signal, converting
2021-02-27 15:00:02,129 DEBUG FinufftPlan adjusted eps=1.1920928955078125e-07 from requested 1e-08.
2021-02-27 15:00:02,378 DEBUG Corresponding type is already real float32.
2021-02-27 15:00:02,378 DEBUG nufft passed real_type for signal, converting
2021-02-27 15:00:02,396 DEBUG FinufftPlan adjusted eps=1.1920928955078125e-07 from requested 1e-08.
2021-02-27 15:00:02,777 INFO Iteration 1 | Cost = 4.555227683470014e-10 | Relative Error = 1.0
2021-02-27 15:00:02,777 INFO Iteration 1 | Relative Error u = 1.0 | Relative Error g = 1.0
2021-02-27 15:00:02,777 INFO ========= Iteration 2 =========
2021-02-27 15:00:02,777 INFO Iteration 2 | descent step u
2021-02-27 15:00:02,801 DEBUG Corresponding type is already real float32.
2021-02-27 15:00:02,802 DEBUG nufft passed real_type for signal, converting
2021-02-27 15:00:02,815 DEBUG FinufftPlan adjusted eps=1.1920928955078125e-07 from requested 1e-08.
2021-02-27 15:00:03,140 DEBUG Corresponding type is already complex complex64.
2021-02-27 15:00:03,151 DEBUG FinufftPlan adjusted eps=1.1920928955078125e-07 from requested 1e-08.
2021-02-27 15:00:03,260 INFO Determined adjoint mappings. Shape = (65, 65, 65)
2021-02-27 15:00:03,270 INFO Iteration 2 | primal-dual step g
2021-02-27 15:00:03,317 DEBUG Corresponding type is already real float32.
2021-02-27 15:00:03,318 DEBUG nufft passed real_type for signal, converting
2021-02-27 15:00:03,332 DEBUG FinufftPlan adjusted eps=1.1920928955078125e-07 from requested 1e-08.
2021-02-27 15:00:03,571 DEBUG Corresponding type is already real float32.
2021-02-27 15:00:03,571 DEBUG nufft passed real_type for signal, converting
2021-02-27 15:00:03,589 DEBUG FinufftPlan adjusted eps=1.1920928955078125e-07 from requested 1e-08.
2021-02-27 15:00:03,824 DEBUG Corresponding type is already real float32.
2021-02-27 15:00:03,824 DEBUG nufft passed real_type for signal, converting
2021-02-27 15:00:03,845 DEBUG FinufftPlan adjusted eps=1.1920928955078125e-07 from requested 1e-08.
2021-02-27 15:00:04,076 DEBUG Corresponding type is already real float32.
2021-02-27 15:00:04,076 DEBUG nufft passed real_type for signal, converting
2021-02-27 15:00:04,095 DEBUG FinufftPlan adjusted eps=1.1920928955078125e-07 from requested 1e-08.
2021-02-27 15:00:04,325 DEBUG Corresponding type is already real float32.
2021-02-27 15:00:04,325 DEBUG nufft passed real_type for signal, converting
2021-02-27 15:00:04,344 DEBUG FinufftPlan adjusted eps=1.1920928955078125e-07 from requested 1e-08.
2021-02-27 15:00:04,585 DEBUG Corresponding type is already real float32.
2021-02-27 15:00:04,585 DEBUG nufft passed real_type for signal, converting
2021-02-27 15:00:04,605 DEBUG FinufftPlan adjusted eps=1.1920928955078125e-07 from requested 1e-08.
2021-02-27 15:00:05,432 DEBUG Corresponding type is already real float32.
2021-02-27 15:00:05,432 DEBUG nufft passed real_type for signal, converting
2021-02-27 15:00:05,444 DEBUG FinufftPlan adjusted eps=1.1920928955078125e-07 from requested 1e-08.
2021-02-27 15:00:05,678 DEBUG Corresponding type is already real float32.
2021-02-27 15:00:05,678 DEBUG nufft passed real_type for signal, converting
2021-02-27 15:00:05,700 DEBUG FinufftPlan adjusted eps=1.1920928955078125e-07 from requested 1e-08.
2021-02-27 15:00:05,932 DEBUG Corresponding type is already real float32.
2021-02-27 15:00:05,932 DEBUG nufft passed real_type for signal, converting
2021-02-27 15:00:05,952 DEBUG FinufftPlan adjusted eps=1.1920928955078125e-07 from requested 1e-08.
2021-02-27 15:00:06,181 DEBUG Corresponding type is already real float32.
2021-02-27 15:00:06,181 DEBUG nufft passed real_type for signal, converting
2021-02-27 15:00:06,200 DEBUG FinufftPlan adjusted eps=1.1920928955078125e-07 from requested 1e-08.
2021-02-27 15:00:06,425 DEBUG Corresponding type is already real float32.
2021-02-27 15:00:06,426 DEBUG nufft passed real_type for signal, converting
2021-02-27 15:00:06,446 DEBUG FinufftPlan adjusted eps=1.1920928955078125e-07 from requested 1e-08.
2021-02-27 15:00:06,678 DEBUG Corresponding type is already real float32.
2021-02-27 15:00:06,679 DEBUG nufft passed real_type for signal, converting
2021-02-27 15:00:06,697 DEBUG FinufftPlan adjusted eps=1.1920928955078125e-07 from requested 1e-08.
2021-02-27 15:00:06,949 DEBUG Corresponding type is already real float32.
2021-02-27 15:00:06,949 DEBUG nufft passed real_type for signal, converting
2021-02-27 15:00:06,973 DEBUG FinufftPlan adjusted eps=1.1920928955078125e-07 from requested 1e-08.
2021-02-27 15:00:07,330 INFO Iteration 2 | Cost = 4.4166932570334617e-10 | Relative Error = 0.9571749357954963
2021-02-27 15:00:07,331 INFO Iteration 2 | Relative Error u = 0.9697312712669373 | Relative Error g = 0.015461879969011551
2021-02-27 15:00:07,331 INFO ========= Iteration 3 =========
2021-02-27 15:00:07,331 INFO Iteration 3 | descent step u
2021-02-27 15:00:07,357 DEBUG Corresponding type is already real float32.
2021-02-27 15:00:07,357 DEBUG nufft passed real_type for signal, converting
2021-02-27 15:00:07,370 DEBUG FinufftPlan adjusted eps=1.1920928955078125e-07 from requested 1e-08.
2021-02-27 15:00:07,690 DEBUG Corresponding type is already complex complex64.
2021-02-27 15:00:07,701 DEBUG FinufftPlan adjusted eps=1.1920928955078125e-07 from requested 1e-08.
2021-02-27 15:00:07,797 INFO Determined adjoint mappings. Shape = (65, 65, 65)
2021-02-27 15:00:07,808 INFO Iteration 3 | primal-dual step g
2021-02-27 15:00:07,859 DEBUG Corresponding type is already real float32.
2021-02-27 15:00:07,859 DEBUG nufft passed real_type for signal, converting
2021-02-27 15:00:07,874 DEBUG FinufftPlan adjusted eps=1.1920928955078125e-07 from requested 1e-08.
2021-02-27 15:00:08,126 DEBUG Corresponding type is already real float32.
2021-02-27 15:00:08,127 DEBUG nufft passed real_type for signal, converting
2021-02-27 15:00:08,150 DEBUG FinufftPlan adjusted eps=1.1920928955078125e-07 from requested 1e-08.
2021-02-27 15:00:08,392 DEBUG Corresponding type is already real float32.
2021-02-27 15:00:08,392 DEBUG nufft passed real_type for signal, converting
2021-02-27 15:00:08,410 DEBUG FinufftPlan adjusted eps=1.1920928955078125e-07 from requested 1e-08.
2021-02-27 15:00:08,645 DEBUG Corresponding type is already real float32.
2021-02-27 15:00:08,645 DEBUG nufft passed real_type for signal, converting
2021-02-27 15:00:08,666 DEBUG FinufftPlan adjusted eps=1.1920928955078125e-07 from requested 1e-08.
2021-02-27 15:00:08,907 DEBUG Corresponding type is already real float32.
2021-02-27 15:00:08,907 DEBUG nufft passed real_type for signal, converting
2021-02-27 15:00:08,925 DEBUG FinufftPlan adjusted eps=1.1920928955078125e-07 from requested 1e-08.
2021-02-27 15:00:09,168 DEBUG Corresponding type is already real float32.
2021-02-27 15:00:09,168 DEBUG nufft passed real_type for signal, converting
2021-02-27 15:00:09,187 DEBUG FinufftPlan adjusted eps=1.1920928955078125e-07 from requested 1e-08.
2021-02-27 15:00:09,996 DEBUG Corresponding type is already real float32.
2021-02-27 15:00:09,996 DEBUG nufft passed real_type for signal, converting
2021-02-27 15:00:10,008 DEBUG FinufftPlan adjusted eps=1.1920928955078125e-07 from requested 1e-08.
2021-02-27 15:00:10,241 DEBUG Corresponding type is already real float32.
2021-02-27 15:00:10,241 DEBUG nufft passed real_type for signal, converting
2021-02-27 15:00:10,259 DEBUG FinufftPlan adjusted eps=1.1920928955078125e-07 from requested 1e-08.
2021-02-27 15:00:10,505 DEBUG Corresponding type is already real float32.
2021-02-27 15:00:10,505 DEBUG nufft passed real_type for signal, converting
2021-02-27 15:00:10,523 DEBUG FinufftPlan adjusted eps=1.1920928955078125e-07 from requested 1e-08.
2021-02-27 15:00:10,751 DEBUG Corresponding type is already real float32.
2021-02-27 15:00:10,751 DEBUG nufft passed real_type for signal, converting
2021-02-27 15:00:10,769 DEBUG FinufftPlan adjusted eps=1.1920928955078125e-07 from requested 1e-08.
2021-02-27 15:00:10,998 DEBUG Corresponding type is already real float32.
2021-02-27 15:00:10,998 DEBUG nufft passed real_type for signal, converting
2021-02-27 15:00:11,017 DEBUG FinufftPlan adjusted eps=1.1920928955078125e-07 from requested 1e-08.
2021-02-27 15:00:11,246 DEBUG Corresponding type is already real float32.
2021-02-27 15:00:11,246 DEBUG nufft passed real_type for signal, converting
2021-02-27 15:00:11,265 DEBUG FinufftPlan adjusted eps=1.1920928955078125e-07 from requested 1e-08.
2021-02-27 15:00:11,517 DEBUG Corresponding type is already real float32.
2021-02-27 15:00:11,517 DEBUG nufft passed real_type for signal, converting
2021-02-27 15:00:11,536 DEBUG FinufftPlan adjusted eps=1.1920928955078125e-07 from requested 1e-08.
2021-02-27 15:00:11,893 INFO Iteration 3 | Cost = 4.2863119076023593e-10 | Relative Error = 0.9287703340866533
2021-02-27 15:00:11,893 INFO Iteration 3 | Relative Error u = 0.9409571886062622 | Relative Error g = 0.0014745552875189312
2021-02-27 15:00:11,893 INFO ========= Iteration 4 =========
2021-02-27 15:00:11,893 INFO Iteration 4 | descent step u
2021-02-27 15:00:11,917 DEBUG Corresponding type is already real float32.
2021-02-27 15:00:11,918 DEBUG nufft passed real_type for signal, converting
2021-02-27 15:00:11,931 DEBUG FinufftPlan adjusted eps=1.1920928955078125e-07 from requested 1e-08.
2021-02-27 15:00:12,266 DEBUG Corresponding type is already complex complex64.
2021-02-27 15:00:12,278 DEBUG FinufftPlan adjusted eps=1.1920928955078125e-07 from requested 1e-08.
2021-02-27 15:00:12,378 INFO Determined adjoint mappings. Shape = (65, 65, 65)
2021-02-27 15:00:12,389 INFO Iteration 4 | primal-dual step g
2021-02-27 15:00:12,435 DEBUG Corresponding type is already real float32.
2021-02-27 15:00:12,435 DEBUG nufft passed real_type for signal, converting
2021-02-27 15:00:12,450 DEBUG FinufftPlan adjusted eps=1.1920928955078125e-07 from requested 1e-08.
2021-02-27 15:00:12,683 DEBUG Corresponding type is already real float32.
2021-02-27 15:00:12,683 DEBUG nufft passed real_type for signal, converting
2021-02-27 15:00:12,702 DEBUG FinufftPlan adjusted eps=1.1920928955078125e-07 from requested 1e-08.
2021-02-27 15:00:12,929 DEBUG Corresponding type is already real float32.
2021-02-27 15:00:12,929 DEBUG nufft passed real_type for signal, converting
2021-02-27 15:00:12,948 DEBUG FinufftPlan adjusted eps=1.1920928955078125e-07 from requested 1e-08.
2021-02-27 15:00:13,175 DEBUG Corresponding type is already real float32.
2021-02-27 15:00:13,175 DEBUG nufft passed real_type for signal, converting
2021-02-27 15:00:13,194 DEBUG FinufftPlan adjusted eps=1.1920928955078125e-07 from requested 1e-08.
2021-02-27 15:00:13,429 DEBUG Corresponding type is already real float32.
2021-02-27 15:00:13,430 DEBUG nufft passed real_type for signal, converting
2021-02-27 15:00:13,452 DEBUG FinufftPlan adjusted eps=1.1920928955078125e-07 from requested 1e-08.
2021-02-27 15:00:13,707 DEBUG Corresponding type is already real float32.
2021-02-27 15:00:13,707 DEBUG nufft passed real_type for signal, converting
2021-02-27 15:00:13,726 DEBUG FinufftPlan adjusted eps=1.1920928955078125e-07 from requested 1e-08.
2021-02-27 15:00:14,538 DEBUG Corresponding type is already real float32.
2021-02-27 15:00:14,539 DEBUG nufft passed real_type for signal, converting
2021-02-27 15:00:14,551 DEBUG FinufftPlan adjusted eps=1.1920928955078125e-07 from requested 1e-08.
2021-02-27 15:00:14,778 DEBUG Corresponding type is already real float32.
2021-02-27 15:00:14,778 DEBUG nufft passed real_type for signal, converting
2021-02-27 15:00:14,796 DEBUG FinufftPlan adjusted eps=1.1920928955078125e-07 from requested 1e-08.
2021-02-27 15:00:15,026 DEBUG Corresponding type is already real float32.
2021-02-27 15:00:15,026 DEBUG nufft passed real_type for signal, converting
2021-02-27 15:00:15,046 DEBUG FinufftPlan adjusted eps=1.1920928955078125e-07 from requested 1e-08.
2021-02-27 15:00:15,276 DEBUG Corresponding type is already real float32.
2021-02-27 15:00:15,276 DEBUG nufft passed real_type for signal, converting
2021-02-27 15:00:15,294 DEBUG FinufftPlan adjusted eps=1.1920928955078125e-07 from requested 1e-08.
2021-02-27 15:00:15,522 DEBUG Corresponding type is already real float32.
2021-02-27 15:00:15,522 DEBUG nufft passed real_type for signal, converting
2021-02-27 15:00:15,542 DEBUG FinufftPlan adjusted eps=1.1920928955078125e-07 from requested 1e-08.
2021-02-27 15:00:15,776 DEBUG Corresponding type is already real float32.
2021-02-27 15:00:15,776 DEBUG nufft passed real_type for signal, converting
2021-02-27 15:00:15,794 DEBUG FinufftPlan adjusted eps=1.1920928955078125e-07 from requested 1e-08.
2021-02-27 15:00:16,049 DEBUG Corresponding type is already real float32.
2021-02-27 15:00:16,049 DEBUG nufft passed real_type for signal, converting
2021-02-27 15:00:16,068 DEBUG FinufftPlan adjusted eps=1.1920928955078125e-07 from requested 1e-08.
2021-02-27 15:00:16,432 INFO Iteration 4 | Cost = 4.1635053044230846e-10 | Relative Error = 0.9017475331243592
2021-02-27 15:00:16,432 INFO Iteration 4 | Relative Error u = 0.9135797619819641 | Relative Error g = 0.0015645526643504049
2021-02-27 15:00:16,433 INFO ========= Iteration 5 =========
2021-02-27 15:00:16,433 INFO Iteration 5 | descent step u
2021-02-27 15:00:16,457 DEBUG Corresponding type is already real float32.
2021-02-27 15:00:16,457 DEBUG nufft passed real_type for signal, converting
2021-02-27 15:00:16,471 DEBUG FinufftPlan adjusted eps=1.1920928955078125e-07 from requested 1e-08.
2021-02-27 15:00:16,794 DEBUG Corresponding type is already complex complex64.
2021-02-27 15:00:16,805 DEBUG FinufftPlan adjusted eps=1.1920928955078125e-07 from requested 1e-08.
2021-02-27 15:00:16,895 INFO Determined adjoint mappings. Shape = (65, 65, 65)
2021-02-27 15:00:16,905 INFO Iteration 5 | primal-dual step g
2021-02-27 15:00:16,952 DEBUG Corresponding type is already real float32.
2021-02-27 15:00:16,952 DEBUG nufft passed real_type for signal, converting
2021-02-27 15:00:16,966 DEBUG FinufftPlan adjusted eps=1.1920928955078125e-07 from requested 1e-08.
2021-02-27 15:00:17,195 DEBUG Corresponding type is already real float32.
2021-02-27 15:00:17,195 DEBUG nufft passed real_type for signal, converting
2021-02-27 15:00:17,214 DEBUG FinufftPlan adjusted eps=1.1920928955078125e-07 from requested 1e-08.
2021-02-27 15:00:17,439 DEBUG Corresponding type is already real float32.
2021-02-27 15:00:17,439 DEBUG nufft passed real_type for signal, converting
2021-02-27 15:00:17,458 DEBUG FinufftPlan adjusted eps=1.1920928955078125e-07 from requested 1e-08.
2021-02-27 15:00:17,685 DEBUG Corresponding type is already real float32.
2021-02-27 15:00:17,686 DEBUG nufft passed real_type for signal, converting
2021-02-27 15:00:17,704 DEBUG FinufftPlan adjusted eps=1.1920928955078125e-07 from requested 1e-08.
2021-02-27 15:00:17,934 DEBUG Corresponding type is already real float32.
2021-02-27 15:00:17,934 DEBUG nufft passed real_type for signal, converting
2021-02-27 15:00:17,953 DEBUG FinufftPlan adjusted eps=1.1920928955078125e-07 from requested 1e-08.
2021-02-27 15:00:18,199 DEBUG Corresponding type is already real float32.
2021-02-27 15:00:18,199 DEBUG nufft passed real_type for signal, converting
2021-02-27 15:00:18,218 DEBUG FinufftPlan adjusted eps=1.1920928955078125e-07 from requested 1e-08.
2021-02-27 15:00:19,048 DEBUG Corresponding type is already real float32.
2021-02-27 15:00:19,049 DEBUG nufft passed real_type for signal, converting
2021-02-27 15:00:19,061 DEBUG FinufftPlan adjusted eps=1.1920928955078125e-07 from requested 1e-08.
2021-02-27 15:00:19,291 DEBUG Corresponding type is already real float32.
2021-02-27 15:00:19,291 DEBUG nufft passed real_type for signal, converting
2021-02-27 15:00:19,309 DEBUG FinufftPlan adjusted eps=1.1920928955078125e-07 from requested 1e-08.
2021-02-27 15:00:19,557 DEBUG Corresponding type is already real float32.
2021-02-27 15:00:19,557 DEBUG nufft passed real_type for signal, converting
2021-02-27 15:00:19,576 DEBUG FinufftPlan adjusted eps=1.1920928955078125e-07 from requested 1e-08.
2021-02-27 15:00:19,810 DEBUG Corresponding type is already real float32.
2021-02-27 15:00:19,810 DEBUG nufft passed real_type for signal, converting
2021-02-27 15:00:19,828 DEBUG FinufftPlan adjusted eps=1.1920928955078125e-07 from requested 1e-08.
2021-02-27 15:00:20,061 DEBUG Corresponding type is already real float32.
2021-02-27 15:00:20,061 DEBUG nufft passed real_type for signal, converting
2021-02-27 15:00:20,080 DEBUG FinufftPlan adjusted eps=1.1920928955078125e-07 from requested 1e-08.
2021-02-27 15:00:20,307 DEBUG Corresponding type is already real float32.
2021-02-27 15:00:20,307 DEBUG nufft passed real_type for signal, converting
2021-02-27 15:00:20,330 DEBUG FinufftPlan adjusted eps=1.1920928955078125e-07 from requested 1e-08.
2021-02-27 15:00:20,590 DEBUG Corresponding type is already real float32.
2021-02-27 15:00:20,590 DEBUG nufft passed real_type for signal, converting
2021-02-27 15:00:20,608 DEBUG FinufftPlan adjusted eps=1.1920928955078125e-07 from requested 1e-08.
2021-02-27 15:00:20,972 INFO Iteration 5 | Cost = 4.04771560110664e-10 | Relative Error = 0.8760232173213199
2021-02-27 15:00:20,972 INFO Iteration 5 | Relative Error u = 0.8875179290771484 | Relative Error g = 0.0015760959268239767
2021-02-27 15:00:20,972 INFO ========= Iteration 6 =========
2021-02-27 15:00:20,972 INFO Iteration 6 | descent step u
2021-02-27 15:00:20,996 DEBUG Corresponding type is already real float32.
2021-02-27 15:00:20,996 DEBUG nufft passed real_type for signal, converting
2021-02-27 15:00:21,010 DEBUG FinufftPlan adjusted eps=1.1920928955078125e-07 from requested 1e-08.
2021-02-27 15:00:21,331 DEBUG Corresponding type is already complex complex64.
2021-02-27 15:00:21,343 DEBUG FinufftPlan adjusted eps=1.1920928955078125e-07 from requested 1e-08.
2021-02-27 15:00:21,434 INFO Determined adjoint mappings. Shape = (65, 65, 65)
2021-02-27 15:00:21,445 INFO Iteration 6 | primal-dual step g
2021-02-27 15:00:21,491 DEBUG Corresponding type is already real float32.
2021-02-27 15:00:21,491 DEBUG nufft passed real_type for signal, converting
2021-02-27 15:00:21,506 DEBUG FinufftPlan adjusted eps=1.1920928955078125e-07 from requested 1e-08.
2021-02-27 15:00:21,735 DEBUG Corresponding type is already real float32.
2021-02-27 15:00:21,735 DEBUG nufft passed real_type for signal, converting
2021-02-27 15:00:21,754 DEBUG FinufftPlan adjusted eps=1.1920928955078125e-07 from requested 1e-08.
2021-02-27 15:00:21,982 DEBUG Corresponding type is already real float32.
2021-02-27 15:00:21,982 DEBUG nufft passed real_type for signal, converting
2021-02-27 15:00:22,001 DEBUG FinufftPlan adjusted eps=1.1920928955078125e-07 from requested 1e-08.
2021-02-27 15:00:22,233 DEBUG Corresponding type is already real float32.
2021-02-27 15:00:22,233 DEBUG nufft passed real_type for signal, converting
2021-02-27 15:00:22,252 DEBUG FinufftPlan adjusted eps=1.1920928955078125e-07 from requested 1e-08.
2021-02-27 15:00:22,488 DEBUG Corresponding type is already real float32.
2021-02-27 15:00:22,488 DEBUG nufft passed real_type for signal, converting
2021-02-27 15:00:22,506 DEBUG FinufftPlan adjusted eps=1.1920928955078125e-07 from requested 1e-08.
2021-02-27 15:00:22,749 DEBUG Corresponding type is already real float32.
2021-02-27 15:00:22,749 DEBUG nufft passed real_type for signal, converting
2021-02-27 15:00:22,770 DEBUG FinufftPlan adjusted eps=1.1920928955078125e-07 from requested 1e-08.
2021-02-27 15:00:23,588 DEBUG Corresponding type is already real float32.
2021-02-27 15:00:23,588 DEBUG nufft passed real_type for signal, converting
2021-02-27 15:00:23,600 DEBUG FinufftPlan adjusted eps=1.1920928955078125e-07 from requested 1e-08.
2021-02-27 15:00:23,840 DEBUG Corresponding type is already real float32.
2021-02-27 15:00:23,840 DEBUG nufft passed real_type for signal, converting
2021-02-27 15:00:23,863 DEBUG FinufftPlan adjusted eps=1.1920928955078125e-07 from requested 1e-08.
2021-02-27 15:00:24,092 DEBUG Corresponding type is already real float32.
2021-02-27 15:00:24,093 DEBUG nufft passed real_type for signal, converting
2021-02-27 15:00:24,111 DEBUG FinufftPlan adjusted eps=1.1920928955078125e-07 from requested 1e-08.
2021-02-27 15:00:24,343 DEBUG Corresponding type is already real float32.
2021-02-27 15:00:24,343 DEBUG nufft passed real_type for signal, converting
2021-02-27 15:00:24,361 DEBUG FinufftPlan adjusted eps=1.1920928955078125e-07 from requested 1e-08.
2021-02-27 15:00:24,598 DEBUG Corresponding type is already real float32.
2021-02-27 15:00:24,598 DEBUG nufft passed real_type for signal, converting
2021-02-27 15:00:24,620 DEBUG FinufftPlan adjusted eps=1.1920928955078125e-07 from requested 1e-08.
2021-02-27 15:00:24,858 DEBUG Corresponding type is already real float32.
2021-02-27 15:00:24,858 DEBUG nufft passed real_type for signal, converting
2021-02-27 15:00:24,877 DEBUG FinufftPlan adjusted eps=1.1920928955078125e-07 from requested 1e-08.
2021-02-27 15:00:25,138 DEBUG Corresponding type is already real float32.
2021-02-27 15:00:25,138 DEBUG nufft passed real_type for signal, converting
2021-02-27 15:00:25,156 DEBUG FinufftPlan adjusted eps=1.1920928955078125e-07 from requested 1e-08.
2021-02-27 15:00:25,517 INFO Iteration 6 | Cost = 3.938470955660082e-10 | Relative Error = 0.8515185969771262
2021-02-27 15:00:25,517 INFO Iteration 6 | Relative Error u = 0.8626917600631714 | Relative Error g = 0.0015958547768252583
2021-02-27 15:00:25,517 INFO ========= Iteration 7 =========
2021-02-27 15:00:25,517 INFO Iteration 7 | descent step u
2021-02-27 15:00:25,542 DEBUG Corresponding type is already real float32.
2021-02-27 15:00:25,543 DEBUG nufft passed real_type for signal, converting
2021-02-27 15:00:25,556 DEBUG FinufftPlan adjusted eps=1.1920928955078125e-07 from requested 1e-08.
2021-02-27 15:00:25,881 DEBUG Corresponding type is already complex complex64.
2021-02-27 15:00:25,893 DEBUG FinufftPlan adjusted eps=1.1920928955078125e-07 from requested 1e-08.
2021-02-27 15:00:25,982 INFO Determined adjoint mappings. Shape = (65, 65, 65)
2021-02-27 15:00:25,993 INFO Iteration 7 | primal-dual step g
2021-02-27 15:00:26,040 DEBUG Corresponding type is already real float32.
2021-02-27 15:00:26,041 DEBUG nufft passed real_type for signal, converting
2021-02-27 15:00:26,055 DEBUG FinufftPlan adjusted eps=1.1920928955078125e-07 from requested 1e-08.
2021-02-27 15:00:26,286 DEBUG Corresponding type is already real float32.
2021-02-27 15:00:26,287 DEBUG nufft passed real_type for signal, converting
2021-02-27 15:00:26,305 DEBUG FinufftPlan adjusted eps=1.1920928955078125e-07 from requested 1e-08.
2021-02-27 15:00:26,533 DEBUG Corresponding type is already real float32.
2021-02-27 15:00:26,533 DEBUG nufft passed real_type for signal, converting
2021-02-27 15:00:26,551 DEBUG FinufftPlan adjusted eps=1.1920928955078125e-07 from requested 1e-08.
2021-02-27 15:00:26,804 DEBUG Corresponding type is already real float32.
2021-02-27 15:00:26,804 DEBUG nufft passed real_type for signal, converting
2021-02-27 15:00:26,822 DEBUG FinufftPlan adjusted eps=1.1920928955078125e-07 from requested 1e-08.
2021-02-27 15:00:27,050 DEBUG Corresponding type is already real float32.
2021-02-27 15:00:27,050 DEBUG nufft passed real_type for signal, converting
2021-02-27 15:00:27,075 DEBUG FinufftPlan adjusted eps=1.1920928955078125e-07 from requested 1e-08.
2021-02-27 15:00:27,321 DEBUG Corresponding type is already real float32.
2021-02-27 15:00:27,321 DEBUG nufft passed real_type for signal, converting
2021-02-27 15:00:27,343 DEBUG FinufftPlan adjusted eps=1.1920928955078125e-07 from requested 1e-08.
2021-02-27 15:00:28,186 DEBUG Corresponding type is already real float32.
2021-02-27 15:00:28,186 DEBUG nufft passed real_type for signal, converting
2021-02-27 15:00:28,199 DEBUG FinufftPlan adjusted eps=1.1920928955078125e-07 from requested 1e-08.
2021-02-27 15:00:28,428 DEBUG Corresponding type is already real float32.
2021-02-27 15:00:28,428 DEBUG nufft passed real_type for signal, converting
2021-02-27 15:00:28,447 DEBUG FinufftPlan adjusted eps=1.1920928955078125e-07 from requested 1e-08.
2021-02-27 15:00:28,678 DEBUG Corresponding type is already real float32.
2021-02-27 15:00:28,678 DEBUG nufft passed real_type for signal, converting
2021-02-27 15:00:28,699 DEBUG FinufftPlan adjusted eps=1.1920928955078125e-07 from requested 1e-08.
2021-02-27 15:00:28,932 DEBUG Corresponding type is already real float32.
2021-02-27 15:00:28,932 DEBUG nufft passed real_type for signal, converting
2021-02-27 15:00:28,951 DEBUG FinufftPlan adjusted eps=1.1920928955078125e-07 from requested 1e-08.
2021-02-27 15:00:29,185 DEBUG Corresponding type is already real float32.
2021-02-27 15:00:29,185 DEBUG nufft passed real_type for signal, converting
2021-02-27 15:00:29,203 DEBUG FinufftPlan adjusted eps=1.1920928955078125e-07 from requested 1e-08.
2021-02-27 15:00:29,429 DEBUG Corresponding type is already real float32.
2021-02-27 15:00:29,429 DEBUG nufft passed real_type for signal, converting
2021-02-27 15:00:29,447 DEBUG FinufftPlan adjusted eps=1.1920928955078125e-07 from requested 1e-08.
2021-02-27 15:00:29,702 DEBUG Corresponding type is already real float32.
2021-02-27 15:00:29,703 DEBUG nufft passed real_type for signal, converting
2021-02-27 15:00:29,721 DEBUG FinufftPlan adjusted eps=1.1920928955078125e-07 from requested 1e-08.
2021-02-27 15:00:30,086 INFO Iteration 7 | Cost = 3.835298843584613e-10 | Relative Error = 0.8281552989235479
2021-02-27 15:00:30,086 INFO Iteration 7 | Relative Error u = 0.8390219211578369 | Relative Error g = 0.0015606547279885458
2021-02-27 15:00:30,086 INFO ========= Iteration 8 =========
2021-02-27 15:00:30,086 INFO Iteration 8 | descent step u
2021-02-27 15:00:30,110 DEBUG Corresponding type is already real float32.
2021-02-27 15:00:30,110 DEBUG nufft passed real_type for signal, converting
2021-02-27 15:00:30,124 DEBUG FinufftPlan adjusted eps=1.1920928955078125e-07 from requested 1e-08.
2021-02-27 15:00:30,446 DEBUG Corresponding type is already complex complex64.
2021-02-27 15:00:30,457 DEBUG FinufftPlan adjusted eps=1.1920928955078125e-07 from requested 1e-08.
2021-02-27 15:00:30,548 INFO Determined adjoint mappings. Shape = (65, 65, 65)
2021-02-27 15:00:30,558 INFO Iteration 8 | primal-dual step g
2021-02-27 15:00:30,607 DEBUG Corresponding type is already real float32.
2021-02-27 15:00:30,607 DEBUG nufft passed real_type for signal, converting
2021-02-27 15:00:30,622 DEBUG FinufftPlan adjusted eps=1.1920928955078125e-07 from requested 1e-08.
2021-02-27 15:00:30,852 DEBUG Corresponding type is already real float32.
2021-02-27 15:00:30,852 DEBUG nufft passed real_type for signal, converting
2021-02-27 15:00:30,871 DEBUG FinufftPlan adjusted eps=1.1920928955078125e-07 from requested 1e-08.
2021-02-27 15:00:31,104 DEBUG Corresponding type is already real float32.
2021-02-27 15:00:31,105 DEBUG nufft passed real_type for signal, converting
2021-02-27 15:00:31,123 DEBUG FinufftPlan adjusted eps=1.1920928955078125e-07 from requested 1e-08.
2021-02-27 15:00:31,358 DEBUG Corresponding type is already real float32.
2021-02-27 15:00:31,358 DEBUG nufft passed real_type for signal, converting
2021-02-27 15:00:31,376 DEBUG FinufftPlan adjusted eps=1.1920928955078125e-07 from requested 1e-08.
2021-02-27 15:00:31,606 DEBUG Corresponding type is already real float32.
2021-02-27 15:00:31,606 DEBUG nufft passed real_type for signal, converting
2021-02-27 15:00:31,625 DEBUG FinufftPlan adjusted eps=1.1920928955078125e-07 from requested 1e-08.
2021-02-27 15:00:31,867 DEBUG Corresponding type is already real float32.
2021-02-27 15:00:31,867 DEBUG nufft passed real_type for signal, converting
2021-02-27 15:00:31,889 DEBUG FinufftPlan adjusted eps=1.1920928955078125e-07 from requested 1e-08.
2021-02-27 15:00:32,704 DEBUG Corresponding type is already real float32.
2021-02-27 15:00:32,704 DEBUG nufft passed real_type for signal, converting
2021-02-27 15:00:32,716 DEBUG FinufftPlan adjusted eps=1.1920928955078125e-07 from requested 1e-08.
2021-02-27 15:00:32,944 DEBUG Corresponding type is already real float32.
2021-02-27 15:00:32,944 DEBUG nufft passed real_type for signal, converting
2021-02-27 15:00:32,962 DEBUG FinufftPlan adjusted eps=1.1920928955078125e-07 from requested 1e-08.
2021-02-27 15:00:33,204 DEBUG Corresponding type is already real float32.
2021-02-27 15:00:33,204 DEBUG nufft passed real_type for signal, converting
2021-02-27 15:00:33,223 DEBUG FinufftPlan adjusted eps=1.1920928955078125e-07 from requested 1e-08.
2021-02-27 15:00:33,450 DEBUG Corresponding type is already real float32.
2021-02-27 15:00:33,450 DEBUG nufft passed real_type for signal, converting
2021-02-27 15:00:33,473 DEBUG FinufftPlan adjusted eps=1.1920928955078125e-07 from requested 1e-08.
2021-02-27 15:00:33,726 DEBUG Corresponding type is already real float32.
2021-02-27 15:00:33,726 DEBUG nufft passed real_type for signal, converting
2021-02-27 15:00:33,744 DEBUG FinufftPlan adjusted eps=1.1920928955078125e-07 from requested 1e-08.
2021-02-27 15:00:33,977 DEBUG Corresponding type is already real float32.
2021-02-27 15:00:33,978 DEBUG nufft passed real_type for signal, converting
2021-02-27 15:00:33,996 DEBUG FinufftPlan adjusted eps=1.1920928955078125e-07 from requested 1e-08.
2021-02-27 15:00:34,249 DEBUG Corresponding type is already real float32.
2021-02-27 15:00:34,249 DEBUG nufft passed real_type for signal, converting
2021-02-27 15:00:34,268 DEBUG FinufftPlan adjusted eps=1.1920928955078125e-07 from requested 1e-08.
2021-02-27 15:00:34,638 INFO Iteration 8 | Cost = 3.737776995393067e-10 | Relative Error = 0.8058682595936744
2021-02-27 15:00:34,639 INFO Iteration 8 | Relative Error u = 0.8164424300193787 | Relative Error g = 0.0015330135159119514
2021-02-27 15:00:34,639 INFO ========= Iteration 9 =========
2021-02-27 15:00:34,639 INFO Iteration 9 | descent step u
2021-02-27 15:00:34,663 DEBUG Corresponding type is already real float32.
2021-02-27 15:00:34,664 DEBUG nufft passed real_type for signal, converting
2021-02-27 15:00:34,677 DEBUG FinufftPlan adjusted eps=1.1920928955078125e-07 from requested 1e-08.
2021-02-27 15:00:34,995 DEBUG Corresponding type is already complex complex64.
2021-02-27 15:00:35,007 DEBUG FinufftPlan adjusted eps=1.1920928955078125e-07 from requested 1e-08.
2021-02-27 15:00:35,098 INFO Determined adjoint mappings. Shape = (65, 65, 65)
2021-02-27 15:00:35,110 INFO Iteration 9 | primal-dual step g
2021-02-27 15:00:35,157 DEBUG Corresponding type is already real float32.
2021-02-27 15:00:35,158 DEBUG nufft passed real_type for signal, converting
2021-02-27 15:00:35,172 DEBUG FinufftPlan adjusted eps=1.1920928955078125e-07 from requested 1e-08.
2021-02-27 15:00:35,417 DEBUG Corresponding type is already real float32.
2021-02-27 15:00:35,417 DEBUG nufft passed real_type for signal, converting
2021-02-27 15:00:35,436 DEBUG FinufftPlan adjusted eps=1.1920928955078125e-07 from requested 1e-08.
2021-02-27 15:00:35,670 DEBUG Corresponding type is already real float32.
2021-02-27 15:00:35,671 DEBUG nufft passed real_type for signal, converting
2021-02-27 15:00:35,689 DEBUG FinufftPlan adjusted eps=1.1920928955078125e-07 from requested 1e-08.
2021-02-27 15:00:35,916 DEBUG Corresponding type is already real float32.
2021-02-27 15:00:35,917 DEBUG nufft passed real_type for signal, converting
2021-02-27 15:00:35,936 DEBUG FinufftPlan adjusted eps=1.1920928955078125e-07 from requested 1e-08.
2021-02-27 15:00:36,164 DEBUG Corresponding type is already real float32.
2021-02-27 15:00:36,164 DEBUG nufft passed real_type for signal, converting
2021-02-27 15:00:36,183 DEBUG FinufftPlan adjusted eps=1.1920928955078125e-07 from requested 1e-08.
2021-02-27 15:00:36,420 DEBUG Corresponding type is already real float32.
2021-02-27 15:00:36,420 DEBUG nufft passed real_type for signal, converting
2021-02-27 15:00:36,440 DEBUG FinufftPlan adjusted eps=1.1920928955078125e-07 from requested 1e-08.
2021-02-27 15:00:37,263 DEBUG Corresponding type is already real float32.
2021-02-27 15:00:37,263 DEBUG nufft passed real_type for signal, converting
2021-02-27 15:00:37,275 DEBUG FinufftPlan adjusted eps=1.1920928955078125e-07 from requested 1e-08.
2021-02-27 15:00:37,511 DEBUG Corresponding type is already real float32.
2021-02-27 15:00:37,511 DEBUG nufft passed real_type for signal, converting
2021-02-27 15:00:37,530 DEBUG FinufftPlan adjusted eps=1.1920928955078125e-07 from requested 1e-08.
2021-02-27 15:00:37,758 DEBUG Corresponding type is already real float32.
2021-02-27 15:00:37,759 DEBUG nufft passed real_type for signal, converting
2021-02-27 15:00:37,778 DEBUG FinufftPlan adjusted eps=1.1920928955078125e-07 from requested 1e-08.
2021-02-27 15:00:38,005 DEBUG Corresponding type is already real float32.
2021-02-27 15:00:38,005 DEBUG nufft passed real_type for signal, converting
2021-02-27 15:00:38,023 DEBUG FinufftPlan adjusted eps=1.1920928955078125e-07 from requested 1e-08.
2021-02-27 15:00:38,250 DEBUG Corresponding type is already real float32.
2021-02-27 15:00:38,250 DEBUG nufft passed real_type for signal, converting
2021-02-27 15:00:38,270 DEBUG FinufftPlan adjusted eps=1.1920928955078125e-07 from requested 1e-08.
2021-02-27 15:00:38,498 DEBUG Corresponding type is already real float32.
2021-02-27 15:00:38,498 DEBUG nufft passed real_type for signal, converting
2021-02-27 15:00:38,517 DEBUG FinufftPlan adjusted eps=1.1920928955078125e-07 from requested 1e-08.
2021-02-27 15:00:38,782 DEBUG Corresponding type is already real float32.
2021-02-27 15:00:38,783 DEBUG nufft passed real_type for signal, converting
2021-02-27 15:00:38,801 DEBUG FinufftPlan adjusted eps=1.1920928955078125e-07 from requested 1e-08.
2021-02-27 15:00:39,165 INFO Iteration 9 | Cost = 3.6455414897666165e-10 | Relative Error = 0.7845976728156703
2021-02-27 15:00:39,165 INFO Iteration 9 | Relative Error u = 0.7948927283287048 | Relative Error g = 0.001500558217491928
2021-02-27 15:00:39,165 INFO ========= Iteration 10 =========
2021-02-27 15:00:39,166 INFO Iteration 10 | descent step u
2021-02-27 15:00:39,190 DEBUG Corresponding type is already real float32.
2021-02-27 15:00:39,190 DEBUG nufft passed real_type for signal, converting
2021-02-27 15:00:39,204 DEBUG FinufftPlan adjusted eps=1.1920928955078125e-07 from requested 1e-08.
2021-02-27 15:00:39,528 DEBUG Corresponding type is already complex complex64.
2021-02-27 15:00:39,540 DEBUG FinufftPlan adjusted eps=1.1920928955078125e-07 from requested 1e-08.
2021-02-27 15:00:39,634 INFO Determined adjoint mappings. Shape = (65, 65, 65)
2021-02-27 15:00:39,644 INFO Iteration 10 | primal-dual step g
2021-02-27 15:00:39,691 DEBUG Corresponding type is already real float32.
2021-02-27 15:00:39,691 DEBUG nufft passed real_type for signal, converting
2021-02-27 15:00:39,705 DEBUG FinufftPlan adjusted eps=1.1920928955078125e-07 from requested 1e-08.
2021-02-27 15:00:39,937 DEBUG Corresponding type is already real float32.
2021-02-27 15:00:39,937 DEBUG nufft passed real_type for signal, converting
2021-02-27 15:00:39,956 DEBUG FinufftPlan adjusted eps=1.1920928955078125e-07 from requested 1e-08.
2021-02-27 15:00:40,186 DEBUG Corresponding type is already real float32.
2021-02-27 15:00:40,186 DEBUG nufft passed real_type for signal, converting
2021-02-27 15:00:40,204 DEBUG FinufftPlan adjusted eps=1.1920928955078125e-07 from requested 1e-08.
2021-02-27 15:00:40,437 DEBUG Corresponding type is already real float32.
2021-02-27 15:00:40,437 DEBUG nufft passed real_type for signal, converting
2021-02-27 15:00:40,456 DEBUG FinufftPlan adjusted eps=1.1920928955078125e-07 from requested 1e-08.
2021-02-27 15:00:40,683 DEBUG Corresponding type is already real float32.
2021-02-27 15:00:40,683 DEBUG nufft passed real_type for signal, converting
2021-02-27 15:00:40,702 DEBUG FinufftPlan adjusted eps=1.1920928955078125e-07 from requested 1e-08.
2021-02-27 15:00:40,951 DEBUG Corresponding type is already real float32.
2021-02-27 15:00:40,951 DEBUG nufft passed real_type for signal, converting
2021-02-27 15:00:40,973 DEBUG FinufftPlan adjusted eps=1.1920928955078125e-07 from requested 1e-08.
2021-02-27 15:00:41,794 DEBUG Corresponding type is already real float32.
2021-02-27 15:00:41,794 DEBUG nufft passed real_type for signal, converting
2021-02-27 15:00:41,807 DEBUG FinufftPlan adjusted eps=1.1920928955078125e-07 from requested 1e-08.
2021-02-27 15:00:42,038 DEBUG Corresponding type is already real float32.
2021-02-27 15:00:42,039 DEBUG nufft passed real_type for signal, converting
2021-02-27 15:00:42,058 DEBUG FinufftPlan adjusted eps=1.1920928955078125e-07 from requested 1e-08.
2021-02-27 15:00:42,299 DEBUG Corresponding type is already real float32.
2021-02-27 15:00:42,299 DEBUG nufft passed real_type for signal, converting
2021-02-27 15:00:42,321 DEBUG FinufftPlan adjusted eps=1.1920928955078125e-07 from requested 1e-08.
2021-02-27 15:00:42,553 DEBUG Corresponding type is already real float32.
2021-02-27 15:00:42,553 DEBUG nufft passed real_type for signal, converting
2021-02-27 15:00:42,572 DEBUG FinufftPlan adjusted eps=1.1920928955078125e-07 from requested 1e-08.
2021-02-27 15:00:42,805 DEBUG Corresponding type is already real float32.
2021-02-27 15:00:42,805 DEBUG nufft passed real_type for signal, converting
2021-02-27 15:00:42,824 DEBUG FinufftPlan adjusted eps=1.1920928955078125e-07 from requested 1e-08.
2021-02-27 15:00:43,052 DEBUG Corresponding type is already real float32.
2021-02-27 15:00:43,052 DEBUG nufft passed real_type for signal, converting
2021-02-27 15:00:43,070 DEBUG FinufftPlan adjusted eps=1.1920928955078125e-07 from requested 1e-08.
2021-02-27 15:00:43,333 DEBUG Corresponding type is already real float32.
2021-02-27 15:00:43,334 DEBUG nufft passed real_type for signal, converting
2021-02-27 15:00:43,354 DEBUG FinufftPlan adjusted eps=1.1920928955078125e-07 from requested 1e-08.
2021-02-27 15:00:43,721 INFO Iteration 10 | Cost = 3.5582218316273434e-10 | Relative Error = 0.7642818595727102
2021-02-27 15:00:43,721 INFO Iteration 10 | Relative Error u = 0.7743103504180908 | Relative Error g = 0.0014864445825127606
2021-02-27 15:00:43,721 INFO ========= Iteration 11 =========
2021-02-27 15:00:43,721 INFO Iteration 11 | descent step u
2021-02-27 15:00:43,746 DEBUG Corresponding type is already real float32.
2021-02-27 15:00:43,746 DEBUG nufft passed real_type for signal, converting
2021-02-27 15:00:43,761 DEBUG FinufftPlan adjusted eps=1.1920928955078125e-07 from requested 1e-08.
2021-02-27 15:00:44,078 DEBUG Corresponding type is already complex complex64.
2021-02-27 15:00:44,089 DEBUG FinufftPlan adjusted eps=1.1920928955078125e-07 from requested 1e-08.
2021-02-27 15:00:44,186 INFO Determined adjoint mappings. Shape = (65, 65, 65)
2021-02-27 15:00:44,196 INFO Iteration 11 | primal-dual step g
2021-02-27 15:00:44,243 DEBUG Corresponding type is already real float32.
2021-02-27 15:00:44,243 DEBUG nufft passed real_type for signal, converting
2021-02-27 15:00:44,257 DEBUG FinufftPlan adjusted eps=1.1920928955078125e-07 from requested 1e-08.
2021-02-27 15:00:44,506 DEBUG Corresponding type is already real float32.
2021-02-27 15:00:44,507 DEBUG nufft passed real_type for signal, converting
2021-02-27 15:00:44,525 DEBUG FinufftPlan adjusted eps=1.1920928955078125e-07 from requested 1e-08.
2021-02-27 15:00:44,760 DEBUG Corresponding type is already real float32.
2021-02-27 15:00:44,760 DEBUG nufft passed real_type for signal, converting
2021-02-27 15:00:44,782 DEBUG FinufftPlan adjusted eps=1.1920928955078125e-07 from requested 1e-08.
2021-02-27 15:00:45,025 DEBUG Corresponding type is already real float32.
2021-02-27 15:00:45,025 DEBUG nufft passed real_type for signal, converting
2021-02-27 15:00:45,044 DEBUG FinufftPlan adjusted eps=1.1920928955078125e-07 from requested 1e-08.
2021-02-27 15:00:45,273 DEBUG Corresponding type is already real float32.
2021-02-27 15:00:45,274 DEBUG nufft passed real_type for signal, converting
2021-02-27 15:00:45,292 DEBUG FinufftPlan adjusted eps=1.1920928955078125e-07 from requested 1e-08.
2021-02-27 15:00:45,544 DEBUG Corresponding type is already real float32.
2021-02-27 15:00:45,544 DEBUG nufft passed real_type for signal, converting
2021-02-27 15:00:45,565 DEBUG FinufftPlan adjusted eps=1.1920928955078125e-07 from requested 1e-08.
2021-02-27 15:00:46,390 DEBUG Corresponding type is already real float32.
2021-02-27 15:00:46,390 DEBUG nufft passed real_type for signal, converting
2021-02-27 15:00:46,402 DEBUG FinufftPlan adjusted eps=1.1920928955078125e-07 from requested 1e-08.
2021-02-27 15:00:46,637 DEBUG Corresponding type is already real float32.
2021-02-27 15:00:46,637 DEBUG nufft passed real_type for signal, converting
2021-02-27 15:00:46,658 DEBUG FinufftPlan adjusted eps=1.1920928955078125e-07 from requested 1e-08.
2021-02-27 15:00:46,885 DEBUG Corresponding type is already real float32.
2021-02-27 15:00:46,885 DEBUG nufft passed real_type for signal, converting
2021-02-27 15:00:46,903 DEBUG FinufftPlan adjusted eps=1.1920928955078125e-07 from requested 1e-08.
2021-02-27 15:00:47,130 DEBUG Corresponding type is already real float32.
2021-02-27 15:00:47,130 DEBUG nufft passed real_type for signal, converting
2021-02-27 15:00:47,148 DEBUG FinufftPlan adjusted eps=1.1920928955078125e-07 from requested 1e-08.
2021-02-27 15:00:47,383 DEBUG Corresponding type is already real float32.
2021-02-27 15:00:47,383 DEBUG nufft passed real_type for signal, converting
2021-02-27 15:00:47,402 DEBUG FinufftPlan adjusted eps=1.1920928955078125e-07 from requested 1e-08.
2021-02-27 15:00:47,628 DEBUG Corresponding type is already real float32.
2021-02-27 15:00:47,628 DEBUG nufft passed real_type for signal, converting
2021-02-27 15:00:47,647 DEBUG FinufftPlan adjusted eps=1.1920928955078125e-07 from requested 1e-08.
2021-02-27 15:00:47,905 DEBUG Corresponding type is already real float32.
2021-02-27 15:00:47,905 DEBUG nufft passed real_type for signal, converting
2021-02-27 15:00:47,924 DEBUG FinufftPlan adjusted eps=1.1920928955078125e-07 from requested 1e-08.
2021-02-27 15:00:48,286 INFO Iteration 11 | Cost = 3.4755197435359094e-10 | Relative Error = 0.7448674837951565
2021-02-27 15:00:48,286 INFO Iteration 11 | Relative Error u = 0.7546412348747253 | Relative Error g = 0.001472810197835102
2021-02-27 15:00:48,286 INFO ========= Iteration 12 =========
2021-02-27 15:00:48,286 INFO Iteration 12 | descent step u
2021-02-27 15:00:48,311 DEBUG Corresponding type is already real float32.
2021-02-27 15:00:48,311 DEBUG nufft passed real_type for signal, converting
2021-02-27 15:00:48,325 DEBUG FinufftPlan adjusted eps=1.1920928955078125e-07 from requested 1e-08.
2021-02-27 15:00:48,651 DEBUG Corresponding type is already complex complex64.
2021-02-27 15:00:48,664 DEBUG FinufftPlan adjusted eps=1.1920928955078125e-07 from requested 1e-08.
2021-02-27 15:00:48,754 INFO Determined adjoint mappings. Shape = (65, 65, 65)
2021-02-27 15:00:48,764 INFO Iteration 12 | primal-dual step g
2021-02-27 15:00:48,811 DEBUG Corresponding type is already real float32.
2021-02-27 15:00:48,811 DEBUG nufft passed real_type for signal, converting
2021-02-27 15:00:48,825 DEBUG FinufftPlan adjusted eps=1.1920928955078125e-07 from requested 1e-08.
2021-02-27 15:00:49,062 DEBUG Corresponding type is already real float32.
2021-02-27 15:00:49,062 DEBUG nufft passed real_type for signal, converting
2021-02-27 15:00:49,084 DEBUG FinufftPlan adjusted eps=1.1920928955078125e-07 from requested 1e-08.
2021-02-27 15:00:49,311 DEBUG Corresponding type is already real float32.
2021-02-27 15:00:49,311 DEBUG nufft passed real_type for signal, converting
2021-02-27 15:00:49,329 DEBUG FinufftPlan adjusted eps=1.1920928955078125e-07 from requested 1e-08.
2021-02-27 15:00:49,563 DEBUG Corresponding type is already real float32.
2021-02-27 15:00:49,563 DEBUG nufft passed real_type for signal, converting
2021-02-27 15:00:49,581 DEBUG FinufftPlan adjusted eps=1.1920928955078125e-07 from requested 1e-08.
2021-02-27 15:00:49,816 DEBUG Corresponding type is already real float32.
2021-02-27 15:00:49,816 DEBUG nufft passed real_type for signal, converting
2021-02-27 15:00:49,835 DEBUG FinufftPlan adjusted eps=1.1920928955078125e-07 from requested 1e-08.
2021-02-27 15:00:50,076 DEBUG Corresponding type is already real float32.
2021-02-27 15:00:50,076 DEBUG nufft passed real_type for signal, converting
2021-02-27 15:00:50,097 DEBUG FinufftPlan adjusted eps=1.1920928955078125e-07 from requested 1e-08.
2021-02-27 15:00:50,923 DEBUG Corresponding type is already real float32.
2021-02-27 15:00:50,923 DEBUG nufft passed real_type for signal, converting
2021-02-27 15:00:50,935 DEBUG FinufftPlan adjusted eps=1.1920928955078125e-07 from requested 1e-08.
2021-02-27 15:00:51,175 DEBUG Corresponding type is already real float32.
2021-02-27 15:00:51,175 DEBUG nufft passed real_type for signal, converting
2021-02-27 15:00:51,193 DEBUG FinufftPlan adjusted eps=1.1920928955078125e-07 from requested 1e-08.
2021-02-27 15:00:51,424 DEBUG Corresponding type is already real float32.
2021-02-27 15:00:51,424 DEBUG nufft passed real_type for signal, converting
2021-02-27 15:00:51,443 DEBUG FinufftPlan adjusted eps=1.1920928955078125e-07 from requested 1e-08.
2021-02-27 15:00:51,668 DEBUG Corresponding type is already real float32.
2021-02-27 15:00:51,668 DEBUG nufft passed real_type for signal, converting
2021-02-27 15:00:51,689 DEBUG FinufftPlan adjusted eps=1.1920928955078125e-07 from requested 1e-08.
2021-02-27 15:00:51,922 DEBUG Corresponding type is already real float32.
2021-02-27 15:00:51,922 DEBUG nufft passed real_type for signal, converting
2021-02-27 15:00:51,941 DEBUG FinufftPlan adjusted eps=1.1920928955078125e-07 from requested 1e-08.
2021-02-27 15:00:52,167 DEBUG Corresponding type is already real float32.
2021-02-27 15:00:52,167 DEBUG nufft passed real_type for signal, converting
2021-02-27 15:00:52,186 DEBUG FinufftPlan adjusted eps=1.1920928955078125e-07 from requested 1e-08.
2021-02-27 15:00:52,443 DEBUG Corresponding type is already real float32.
2021-02-27 15:00:52,443 DEBUG nufft passed real_type for signal, converting
2021-02-27 15:00:52,462 DEBUG FinufftPlan adjusted eps=1.1920928955078125e-07 from requested 1e-08.
2021-02-27 15:00:52,822 INFO Iteration 12 | Cost = 3.397117191363153e-10 | Relative Error = 0.726301571971417
2021-02-27 15:00:52,822 INFO Iteration 12 | Relative Error u = 0.7358316779136658 | Relative Error g = 0.001437522638348495
2021-02-27 15:00:52,822 INFO ========= Iteration 13 =========
2021-02-27 15:00:52,822 INFO Iteration 13 | descent step u
2021-02-27 15:00:52,846 DEBUG Corresponding type is already real float32.
2021-02-27 15:00:52,846 DEBUG nufft passed real_type for signal, converting
2021-02-27 15:00:52,860 DEBUG FinufftPlan adjusted eps=1.1920928955078125e-07 from requested 1e-08.
2021-02-27 15:00:53,184 DEBUG Corresponding type is already complex complex64.
2021-02-27 15:00:53,195 DEBUG FinufftPlan adjusted eps=1.1920928955078125e-07 from requested 1e-08.
2021-02-27 15:00:53,291 INFO Determined adjoint mappings. Shape = (65, 65, 65)
2021-02-27 15:00:53,302 INFO Iteration 13 | primal-dual step g
2021-02-27 15:00:53,348 DEBUG Corresponding type is already real float32.
2021-02-27 15:00:53,348 DEBUG nufft passed real_type for signal, converting
2021-02-27 15:00:53,363 DEBUG FinufftPlan adjusted eps=1.1920928955078125e-07 from requested 1e-08.
2021-02-27 15:00:53,594 DEBUG Corresponding type is already real float32.
2021-02-27 15:00:53,594 DEBUG nufft passed real_type for signal, converting
2021-02-27 15:00:53,613 DEBUG FinufftPlan adjusted eps=1.1920928955078125e-07 from requested 1e-08.
2021-02-27 15:00:53,852 DEBUG Corresponding type is already real float32.
2021-02-27 15:00:53,853 DEBUG nufft passed real_type for signal, converting
2021-02-27 15:00:53,872 DEBUG FinufftPlan adjusted eps=1.1920928955078125e-07 from requested 1e-08.
2021-02-27 15:00:54,101 DEBUG Corresponding type is already real float32.
2021-02-27 15:00:54,101 DEBUG nufft passed real_type for signal, converting
2021-02-27 15:00:54,119 DEBUG FinufftPlan adjusted eps=1.1920928955078125e-07 from requested 1e-08.
2021-02-27 15:00:54,350 DEBUG Corresponding type is already real float32.
2021-02-27 15:00:54,350 DEBUG nufft passed real_type for signal, converting
2021-02-27 15:00:54,371 DEBUG FinufftPlan adjusted eps=1.1920928955078125e-07 from requested 1e-08.
2021-02-27 15:00:54,620 DEBUG Corresponding type is already real float32.
2021-02-27 15:00:54,620 DEBUG nufft passed real_type for signal, converting
2021-02-27 15:00:54,641 DEBUG FinufftPlan adjusted eps=1.1920928955078125e-07 from requested 1e-08.
2021-02-27 15:00:55,461 DEBUG Corresponding type is already real float32.
2021-02-27 15:00:55,461 DEBUG nufft passed real_type for signal, converting
2021-02-27 15:00:55,474 DEBUG FinufftPlan adjusted eps=1.1920928955078125e-07 from requested 1e-08.
2021-02-27 15:00:55,707 DEBUG Corresponding type is already real float32.
2021-02-27 15:00:55,707 DEBUG nufft passed real_type for signal, converting
2021-02-27 15:00:55,726 DEBUG FinufftPlan adjusted eps=1.1920928955078125e-07 from requested 1e-08.
2021-02-27 15:00:55,960 DEBUG Corresponding type is already real float32.
2021-02-27 15:00:55,961 DEBUG nufft passed real_type for signal, converting
2021-02-27 15:00:55,979 DEBUG FinufftPlan adjusted eps=1.1920928955078125e-07 from requested 1e-08.
2021-02-27 15:00:56,209 DEBUG Corresponding type is already real float32.
2021-02-27 15:00:56,209 DEBUG nufft passed real_type for signal, converting
2021-02-27 15:00:56,228 DEBUG FinufftPlan adjusted eps=1.1920928955078125e-07 from requested 1e-08.
2021-02-27 15:00:56,464 DEBUG Corresponding type is already real float32.
2021-02-27 15:00:56,464 DEBUG nufft passed real_type for signal, converting
2021-02-27 15:00:56,482 DEBUG FinufftPlan adjusted eps=1.1920928955078125e-07 from requested 1e-08.
2021-02-27 15:00:56,714 DEBUG Corresponding type is already real float32.
2021-02-27 15:00:56,714 DEBUG nufft passed real_type for signal, converting
2021-02-27 15:00:56,734 DEBUG FinufftPlan adjusted eps=1.1920928955078125e-07 from requested 1e-08.
2021-02-27 15:00:56,995 DEBUG Corresponding type is already real float32.
2021-02-27 15:00:56,995 DEBUG nufft passed real_type for signal, converting
2021-02-27 15:00:57,018 DEBUG FinufftPlan adjusted eps=1.1920928955078125e-07 from requested 1e-08.
2021-02-27 15:00:57,380 INFO Iteration 13 | Cost = 3.3227752950764387e-10 | Relative Error = 0.7085368986123807
2021-02-27 15:00:57,380 INFO Iteration 13 | Relative Error u = 0.717833936214447 | Relative Error g = 0.001423137310886834
2021-02-27 15:00:57,380 INFO ========= Iteration 14 =========
2021-02-27 15:00:57,380 INFO Iteration 14 | descent step u
2021-02-27 15:00:57,405 DEBUG Corresponding type is already real float32.
2021-02-27 15:00:57,405 DEBUG nufft passed real_type for signal, converting
2021-02-27 15:00:57,419 DEBUG FinufftPlan adjusted eps=1.1920928955078125e-07 from requested 1e-08.
2021-02-27 15:00:57,737 DEBUG Corresponding type is already complex complex64.
2021-02-27 15:00:57,749 DEBUG FinufftPlan adjusted eps=1.1920928955078125e-07 from requested 1e-08.
2021-02-27 15:00:57,840 INFO Determined adjoint mappings. Shape = (65, 65, 65)
2021-02-27 15:00:57,850 INFO Iteration 14 | primal-dual step g
2021-02-27 15:00:57,898 DEBUG Corresponding type is already real float32.
2021-02-27 15:00:57,898 DEBUG nufft passed real_type for signal, converting
2021-02-27 15:00:57,913 DEBUG FinufftPlan adjusted eps=1.1920928955078125e-07 from requested 1e-08.
2021-02-27 15:00:58,143 DEBUG Corresponding type is already real float32.
2021-02-27 15:00:58,143 DEBUG nufft passed real_type for signal, converting
2021-02-27 15:00:58,162 DEBUG FinufftPlan adjusted eps=1.1920928955078125e-07 from requested 1e-08.
2021-02-27 15:00:58,397 DEBUG Corresponding type is already real float32.
2021-02-27 15:00:58,397 DEBUG nufft passed real_type for signal, converting
2021-02-27 15:00:58,416 DEBUG FinufftPlan adjusted eps=1.1920928955078125e-07 from requested 1e-08.
2021-02-27 15:00:58,651 DEBUG Corresponding type is already real float32.
2021-02-27 15:00:58,651 DEBUG nufft passed real_type for signal, converting
2021-02-27 15:00:58,670 DEBUG FinufftPlan adjusted eps=1.1920928955078125e-07 from requested 1e-08.
2021-02-27 15:00:58,902 DEBUG Corresponding type is already real float32.
2021-02-27 15:00:58,903 DEBUG nufft passed real_type for signal, converting
2021-02-27 15:00:58,921 DEBUG FinufftPlan adjusted eps=1.1920928955078125e-07 from requested 1e-08.
2021-02-27 15:00:59,163 DEBUG Corresponding type is already real float32.
2021-02-27 15:00:59,163 DEBUG nufft passed real_type for signal, converting
2021-02-27 15:00:59,186 DEBUG FinufftPlan adjusted eps=1.1920928955078125e-07 from requested 1e-08.
2021-02-27 15:01:00,006 DEBUG Corresponding type is already real float32.
2021-02-27 15:01:00,006 DEBUG nufft passed real_type for signal, converting
2021-02-27 15:01:00,018 DEBUG FinufftPlan adjusted eps=1.1920928955078125e-07 from requested 1e-08.
2021-02-27 15:01:00,254 DEBUG Corresponding type is already real float32.
2021-02-27 15:01:00,254 DEBUG nufft passed real_type for signal, converting
2021-02-27 15:01:00,274 DEBUG FinufftPlan adjusted eps=1.1920928955078125e-07 from requested 1e-08.
2021-02-27 15:01:00,513 DEBUG Corresponding type is already real float32.
2021-02-27 15:01:00,513 DEBUG nufft passed real_type for signal, converting
2021-02-27 15:01:00,531 DEBUG FinufftPlan adjusted eps=1.1920928955078125e-07 from requested 1e-08.
2021-02-27 15:01:00,764 DEBUG Corresponding type is already real float32.
2021-02-27 15:01:00,765 DEBUG nufft passed real_type for signal, converting
2021-02-27 15:01:00,787 DEBUG FinufftPlan adjusted eps=1.1920928955078125e-07 from requested 1e-08.
2021-02-27 15:01:01,036 DEBUG Corresponding type is already real float32.
2021-02-27 15:01:01,037 DEBUG nufft passed real_type for signal, converting
2021-02-27 15:01:01,055 DEBUG FinufftPlan adjusted eps=1.1920928955078125e-07 from requested 1e-08.
2021-02-27 15:01:01,287 DEBUG Corresponding type is already real float32.
2021-02-27 15:01:01,287 DEBUG nufft passed real_type for signal, converting
2021-02-27 15:01:01,307 DEBUG FinufftPlan adjusted eps=1.1920928955078125e-07 from requested 1e-08.
2021-02-27 15:01:01,565 DEBUG Corresponding type is already real float32.
2021-02-27 15:01:01,565 DEBUG nufft passed real_type for signal, converting
2021-02-27 15:01:01,587 DEBUG FinufftPlan adjusted eps=1.1920928955078125e-07 from requested 1e-08.
2021-02-27 15:01:01,959 INFO Iteration 14 | Cost = 3.2521872820261363e-10 | Relative Error = 0.691526055678653
2021-02-27 15:01:01,959 INFO Iteration 14 | Relative Error u = 0.7005998492240906 | Relative Error g = 0.0014479623846313746
2021-02-27 15:01:01,959 INFO ========= Iteration 15 =========
2021-02-27 15:01:01,959 INFO Iteration 15 | descent step u
2021-02-27 15:01:01,983 DEBUG Corresponding type is already real float32.
2021-02-27 15:01:01,983 DEBUG nufft passed real_type for signal, converting
2021-02-27 15:01:01,997 DEBUG FinufftPlan adjusted eps=1.1920928955078125e-07 from requested 1e-08.
2021-02-27 15:01:02,322 DEBUG Corresponding type is already complex complex64.
2021-02-27 15:01:02,333 DEBUG FinufftPlan adjusted eps=1.1920928955078125e-07 from requested 1e-08.
2021-02-27 15:01:02,426 INFO Determined adjoint mappings. Shape = (65, 65, 65)
2021-02-27 15:01:02,436 INFO Iteration 15 | primal-dual step g
2021-02-27 15:01:02,482 DEBUG Corresponding type is already real float32.
2021-02-27 15:01:02,482 DEBUG nufft passed real_type for signal, converting
2021-02-27 15:01:02,497 DEBUG FinufftPlan adjusted eps=1.1920928955078125e-07 from requested 1e-08.
2021-02-27 15:01:02,728 DEBUG Corresponding type is already real float32.
2021-02-27 15:01:02,728 DEBUG nufft passed real_type for signal, converting
2021-02-27 15:01:02,747 DEBUG FinufftPlan adjusted eps=1.1920928955078125e-07 from requested 1e-08.
2021-02-27 15:01:02,980 DEBUG Corresponding type is already real float32.
2021-02-27 15:01:02,981 DEBUG nufft passed real_type for signal, converting
2021-02-27 15:01:02,999 DEBUG FinufftPlan adjusted eps=1.1920928955078125e-07 from requested 1e-08.
2021-02-27 15:01:03,233 DEBUG Corresponding type is already real float32.
2021-02-27 15:01:03,233 DEBUG nufft passed real_type for signal, converting
2021-02-27 15:01:03,254 DEBUG FinufftPlan adjusted eps=1.1920928955078125e-07 from requested 1e-08.
2021-02-27 15:01:03,483 DEBUG Corresponding type is already real float32.
2021-02-27 15:01:03,483 DEBUG nufft passed real_type for signal, converting
2021-02-27 15:01:03,502 DEBUG FinufftPlan adjusted eps=1.1920928955078125e-07 from requested 1e-08.
2021-02-27 15:01:03,755 DEBUG Corresponding type is already real float32.
2021-02-27 15:01:03,755 DEBUG nufft passed real_type for signal, converting
2021-02-27 15:01:03,774 DEBUG FinufftPlan adjusted eps=1.1920928955078125e-07 from requested 1e-08.
2021-02-27 15:01:04,592 DEBUG Corresponding type is already real float32.
2021-02-27 15:01:04,592 DEBUG nufft passed real_type for signal, converting
2021-02-27 15:01:04,608 DEBUG FinufftPlan adjusted eps=1.1920928955078125e-07 from requested 1e-08.
2021-02-27 15:01:04,839 DEBUG Corresponding type is already real float32.
2021-02-27 15:01:04,839 DEBUG nufft passed real_type for signal, converting
2021-02-27 15:01:04,858 DEBUG FinufftPlan adjusted eps=1.1920928955078125e-07 from requested 1e-08.
2021-02-27 15:01:05,090 DEBUG Corresponding type is already real float32.
2021-02-27 15:01:05,090 DEBUG nufft passed real_type for signal, converting
2021-02-27 15:01:05,108 DEBUG FinufftPlan adjusted eps=1.1920928955078125e-07 from requested 1e-08.
2021-02-27 15:01:05,347 DEBUG Corresponding type is already real float32.
2021-02-27 15:01:05,347 DEBUG nufft passed real_type for signal, converting
2021-02-27 15:01:05,366 DEBUG FinufftPlan adjusted eps=1.1920928955078125e-07 from requested 1e-08.
2021-02-27 15:01:05,596 DEBUG Corresponding type is already real float32.
2021-02-27 15:01:05,596 DEBUG nufft passed real_type for signal, converting
2021-02-27 15:01:05,614 DEBUG FinufftPlan adjusted eps=1.1920928955078125e-07 from requested 1e-08.
2021-02-27 15:01:05,850 DEBUG Corresponding type is already real float32.
2021-02-27 15:01:05,851 DEBUG nufft passed real_type for signal, converting
2021-02-27 15:01:05,869 DEBUG FinufftPlan adjusted eps=1.1920928955078125e-07 from requested 1e-08.
2021-02-27 15:01:06,130 DEBUG Corresponding type is already real float32.
2021-02-27 15:01:06,130 DEBUG nufft passed real_type for signal, converting
2021-02-27 15:01:06,148 DEBUG FinufftPlan adjusted eps=1.1920928955078125e-07 from requested 1e-08.
2021-02-27 15:01:06,514 INFO Iteration 15 | Cost = 3.1851754676175494e-10 | Relative Error = 0.6752298560286207
2021-02-27 15:01:06,514 INFO Iteration 15 | Relative Error u = 0.6840898394584656 | Relative Error g = 0.0014705120976410062
2021-02-27 15:01:06,514 INFO ========= Iteration 16 =========
2021-02-27 15:01:06,514 INFO Iteration 16 | descent step u
2021-02-27 15:01:06,541 DEBUG Corresponding type is already real float32.
2021-02-27 15:01:06,541 DEBUG nufft passed real_type for signal, converting
2021-02-27 15:01:06,554 DEBUG FinufftPlan adjusted eps=1.1920928955078125e-07 from requested 1e-08.
2021-02-27 15:01:06,878 DEBUG Corresponding type is already complex complex64.
2021-02-27 15:01:06,890 DEBUG FinufftPlan adjusted eps=1.1920928955078125e-07 from requested 1e-08.
2021-02-27 15:01:06,981 INFO Determined adjoint mappings. Shape = (65, 65, 65)
2021-02-27 15:01:06,992 INFO Iteration 16 | primal-dual step g
2021-02-27 15:01:07,038 DEBUG Corresponding type is already real float32.
2021-02-27 15:01:07,039 DEBUG nufft passed real_type for signal, converting
2021-02-27 15:01:07,053 DEBUG FinufftPlan adjusted eps=1.1920928955078125e-07 from requested 1e-08.
2021-02-27 15:01:07,289 DEBUG Corresponding type is already real float32.
2021-02-27 15:01:07,289 DEBUG nufft passed real_type for signal, converting
2021-02-27 15:01:07,312 DEBUG FinufftPlan adjusted eps=1.1920928955078125e-07 from requested 1e-08.
2021-02-27 15:01:07,542 DEBUG Corresponding type is already real float32.
2021-02-27 15:01:07,542 DEBUG nufft passed real_type for signal, converting
2021-02-27 15:01:07,561 DEBUG FinufftPlan adjusted eps=1.1920928955078125e-07 from requested 1e-08.
2021-02-27 15:01:07,795 DEBUG Corresponding type is already real float32.
2021-02-27 15:01:07,795 DEBUG nufft passed real_type for signal, converting
2021-02-27 15:01:07,813 DEBUG FinufftPlan adjusted eps=1.1920928955078125e-07 from requested 1e-08.
2021-02-27 15:01:08,062 DEBUG Corresponding type is already real float32.
2021-02-27 15:01:08,062 DEBUG nufft passed real_type for signal, converting
2021-02-27 15:01:08,081 DEBUG FinufftPlan adjusted eps=1.1920928955078125e-07 from requested 1e-08.
2021-02-27 15:01:08,331 DEBUG Corresponding type is already real float32.
2021-02-27 15:01:08,331 DEBUG nufft passed real_type for signal, converting
2021-02-27 15:01:08,352 DEBUG FinufftPlan adjusted eps=1.1920928955078125e-07 from requested 1e-08.
2021-02-27 15:01:09,174 DEBUG Corresponding type is already real float32.
2021-02-27 15:01:09,174 DEBUG nufft passed real_type for signal, converting
2021-02-27 15:01:09,187 DEBUG FinufftPlan adjusted eps=1.1920928955078125e-07 from requested 1e-08.
2021-02-27 15:01:09,427 DEBUG Corresponding type is already real float32.
2021-02-27 15:01:09,427 DEBUG nufft passed real_type for signal, converting
2021-02-27 15:01:09,449 DEBUG FinufftPlan adjusted eps=1.1920928955078125e-07 from requested 1e-08.
2021-02-27 15:01:09,686 DEBUG Corresponding type is already real float32.
2021-02-27 15:01:09,687 DEBUG nufft passed real_type for signal, converting
2021-02-27 15:01:09,709 DEBUG FinufftPlan adjusted eps=1.1920928955078125e-07 from requested 1e-08.
2021-02-27 15:01:09,943 DEBUG Corresponding type is already real float32.
2021-02-27 15:01:09,944 DEBUG nufft passed real_type for signal, converting
2021-02-27 15:01:09,962 DEBUG FinufftPlan adjusted eps=1.1920928955078125e-07 from requested 1e-08.
2021-02-27 15:01:10,197 DEBUG Corresponding type is already real float32.
2021-02-27 15:01:10,198 DEBUG nufft passed real_type for signal, converting
2021-02-27 15:01:10,216 DEBUG FinufftPlan adjusted eps=1.1920928955078125e-07 from requested 1e-08.
2021-02-27 15:01:10,445 DEBUG Corresponding type is already real float32.
2021-02-27 15:01:10,445 DEBUG nufft passed real_type for signal, converting
2021-02-27 15:01:10,464 DEBUG FinufftPlan adjusted eps=1.1920928955078125e-07 from requested 1e-08.
2021-02-27 15:01:10,720 DEBUG Corresponding type is already real float32.
2021-02-27 15:01:10,720 DEBUG nufft passed real_type for signal, converting
2021-02-27 15:01:10,739 DEBUG FinufftPlan adjusted eps=1.1920928955078125e-07 from requested 1e-08.
2021-02-27 15:01:11,098 INFO Iteration 16 | Cost = 3.1215095802002646e-10 | Relative Error = 0.6596059060960976
2021-02-27 15:01:11,098 INFO Iteration 16 | Relative Error u = 0.6682608723640442 | Relative Error g = 0.00142831127544296
2021-02-27 15:01:11,098 INFO ========= Iteration 17 =========
2021-02-27 15:01:11,098 INFO Iteration 17 | descent step u
2021-02-27 15:01:11,123 DEBUG Corresponding type is already real float32.
2021-02-27 15:01:11,124 DEBUG nufft passed real_type for signal, converting
2021-02-27 15:01:11,138 DEBUG FinufftPlan adjusted eps=1.1920928955078125e-07 from requested 1e-08.
2021-02-27 15:01:11,457 DEBUG Corresponding type is already complex complex64.
2021-02-27 15:01:11,468 DEBUG FinufftPlan adjusted eps=1.1920928955078125e-07 from requested 1e-08.
2021-02-27 15:01:11,568 INFO Determined adjoint mappings. Shape = (65, 65, 65)
2021-02-27 15:01:11,579 INFO Iteration 17 | primal-dual step g
2021-02-27 15:01:11,626 DEBUG Corresponding type is already real float32.
2021-02-27 15:01:11,626 DEBUG nufft passed real_type for signal, converting
2021-02-27 15:01:11,641 DEBUG FinufftPlan adjusted eps=1.1920928955078125e-07 from requested 1e-08.
2021-02-27 15:01:11,873 DEBUG Corresponding type is already real float32.
2021-02-27 15:01:11,873 DEBUG nufft passed real_type for signal, converting
2021-02-27 15:01:11,894 DEBUG FinufftPlan adjusted eps=1.1920928955078125e-07 from requested 1e-08.
2021-02-27 15:01:12,135 DEBUG Corresponding type is already real float32.
2021-02-27 15:01:12,135 DEBUG nufft passed real_type for signal, converting
2021-02-27 15:01:12,154 DEBUG FinufftPlan adjusted eps=1.1920928955078125e-07 from requested 1e-08.
2021-02-27 15:01:12,384 DEBUG Corresponding type is already real float32.
2021-02-27 15:01:12,385 DEBUG nufft passed real_type for signal, converting
2021-02-27 15:01:12,403 DEBUG FinufftPlan adjusted eps=1.1920928955078125e-07 from requested 1e-08.
2021-02-27 15:01:12,634 DEBUG Corresponding type is already real float32.
2021-02-27 15:01:12,634 DEBUG nufft passed real_type for signal, converting
2021-02-27 15:01:12,652 DEBUG FinufftPlan adjusted eps=1.1920928955078125e-07 from requested 1e-08.
2021-02-27 15:01:12,896 DEBUG Corresponding type is already real float32.
2021-02-27 15:01:12,896 DEBUG nufft passed real_type for signal, converting
2021-02-27 15:01:12,916 DEBUG FinufftPlan adjusted eps=1.1920928955078125e-07 from requested 1e-08.
2021-02-27 15:01:13,737 DEBUG Corresponding type is already real float32.
2021-02-27 15:01:13,737 DEBUG nufft passed real_type for signal, converting
2021-02-27 15:01:13,756 DEBUG FinufftPlan adjusted eps=1.1920928955078125e-07 from requested 1e-08.
2021-02-27 15:01:13,989 DEBUG Corresponding type is already real float32.
2021-02-27 15:01:13,989 DEBUG nufft passed real_type for signal, converting
2021-02-27 15:01:14,009 DEBUG FinufftPlan adjusted eps=1.1920928955078125e-07 from requested 1e-08.
2021-02-27 15:01:14,241 DEBUG Corresponding type is already real float32.
2021-02-27 15:01:14,242 DEBUG nufft passed real_type for signal, converting
2021-02-27 15:01:14,260 DEBUG FinufftPlan adjusted eps=1.1920928955078125e-07 from requested 1e-08.
2021-02-27 15:01:14,502 DEBUG Corresponding type is already real float32.
2021-02-27 15:01:14,502 DEBUG nufft passed real_type for signal, converting
2021-02-27 15:01:14,521 DEBUG FinufftPlan adjusted eps=1.1920928955078125e-07 from requested 1e-08.
2021-02-27 15:01:14,749 DEBUG Corresponding type is already real float32.
2021-02-27 15:01:14,749 DEBUG nufft passed real_type for signal, converting
2021-02-27 15:01:14,767 DEBUG FinufftPlan adjusted eps=1.1920928955078125e-07 from requested 1e-08.
2021-02-27 15:01:14,996 DEBUG Corresponding type is already real float32.
2021-02-27 15:01:14,996 DEBUG nufft passed real_type for signal, converting
2021-02-27 15:01:15,016 DEBUG FinufftPlan adjusted eps=1.1920928955078125e-07 from requested 1e-08.
2021-02-27 15:01:15,286 DEBUG Corresponding type is already real float32.
2021-02-27 15:01:15,286 DEBUG nufft passed real_type for signal, converting
2021-02-27 15:01:15,306 DEBUG FinufftPlan adjusted eps=1.1920928955078125e-07 from requested 1e-08.
2021-02-27 15:01:15,673 INFO Iteration 17 | Cost = 3.06097569792396e-10 | Relative Error = 0.6446193183708885
2021-02-27 15:01:15,673 INFO Iteration 17 | Relative Error u = 0.6530776619911194 | Relative Error g = 0.0013958612540963173
2021-02-27 15:01:15,673 INFO ========= Iteration 18 =========
2021-02-27 15:01:15,673 INFO Iteration 18 | descent step u
2021-02-27 15:01:15,699 DEBUG Corresponding type is already real float32.
2021-02-27 15:01:15,699 DEBUG nufft passed real_type for signal, converting
2021-02-27 15:01:15,713 DEBUG FinufftPlan adjusted eps=1.1920928955078125e-07 from requested 1e-08.
2021-02-27 15:01:16,031 DEBUG Corresponding type is already complex complex64.
2021-02-27 15:01:16,043 DEBUG FinufftPlan adjusted eps=1.1920928955078125e-07 from requested 1e-08.
2021-02-27 15:01:16,135 INFO Determined adjoint mappings. Shape = (65, 65, 65)
2021-02-27 15:01:16,146 INFO Iteration 18 | primal-dual step g
2021-02-27 15:01:16,193 DEBUG Corresponding type is already real float32.
2021-02-27 15:01:16,194 DEBUG nufft passed real_type for signal, converting
2021-02-27 15:01:16,208 DEBUG FinufftPlan adjusted eps=1.1920928955078125e-07 from requested 1e-08.
2021-02-27 15:01:16,446 DEBUG Corresponding type is already real float32.
2021-02-27 15:01:16,446 DEBUG nufft passed real_type for signal, converting
2021-02-27 15:01:16,465 DEBUG FinufftPlan adjusted eps=1.1920928955078125e-07 from requested 1e-08.
2021-02-27 15:01:16,696 DEBUG Corresponding type is already real float32.
2021-02-27 15:01:16,696 DEBUG nufft passed real_type for signal, converting
2021-02-27 15:01:16,715 DEBUG FinufftPlan adjusted eps=1.1920928955078125e-07 from requested 1e-08.
2021-02-27 15:01:16,945 DEBUG Corresponding type is already real float32.
2021-02-27 15:01:16,945 DEBUG nufft passed real_type for signal, converting
2021-02-27 15:01:16,963 DEBUG FinufftPlan adjusted eps=1.1920928955078125e-07 from requested 1e-08.
2021-02-27 15:01:17,205 DEBUG Corresponding type is already real float32.
2021-02-27 15:01:17,205 DEBUG nufft passed real_type for signal, converting
2021-02-27 15:01:17,223 DEBUG FinufftPlan adjusted eps=1.1920928955078125e-07 from requested 1e-08.
2021-02-27 15:01:17,470 DEBUG Corresponding type is already real float32.
2021-02-27 15:01:17,470 DEBUG nufft passed real_type for signal, converting
2021-02-27 15:01:17,490 DEBUG FinufftPlan adjusted eps=1.1920928955078125e-07 from requested 1e-08.
2021-02-27 15:01:18,325 DEBUG Corresponding type is already real float32.
2021-02-27 15:01:18,325 DEBUG nufft passed real_type for signal, converting
2021-02-27 15:01:18,338 DEBUG FinufftPlan adjusted eps=1.1920928955078125e-07 from requested 1e-08.
2021-02-27 15:01:18,598 DEBUG Corresponding type is already real float32.
2021-02-27 15:01:18,598 DEBUG nufft passed real_type for signal, converting
2021-02-27 15:01:18,617 DEBUG FinufftPlan adjusted eps=1.1920928955078125e-07 from requested 1e-08.
2021-02-27 15:01:18,875 DEBUG Corresponding type is already real float32.
2021-02-27 15:01:18,875 DEBUG nufft passed real_type for signal, converting
2021-02-27 15:01:18,894 DEBUG FinufftPlan adjusted eps=1.1920928955078125e-07 from requested 1e-08.
2021-02-27 15:01:19,137 DEBUG Corresponding type is already real float32.
2021-02-27 15:01:19,137 DEBUG nufft passed real_type for signal, converting
2021-02-27 15:01:19,156 DEBUG FinufftPlan adjusted eps=1.1920928955078125e-07 from requested 1e-08.
2021-02-27 15:01:19,409 DEBUG Corresponding type is already real float32.
2021-02-27 15:01:19,410 DEBUG nufft passed real_type for signal, converting
2021-02-27 15:01:19,428 DEBUG FinufftPlan adjusted eps=1.1920928955078125e-07 from requested 1e-08.
2021-02-27 15:01:19,704 DEBUG Corresponding type is already real float32.
2021-02-27 15:01:19,704 DEBUG nufft passed real_type for signal, converting
2021-02-27 15:01:19,723 DEBUG FinufftPlan adjusted eps=1.1920928955078125e-07 from requested 1e-08.
2021-02-27 15:01:20,004 DEBUG Corresponding type is already real float32.
2021-02-27 15:01:20,004 DEBUG nufft passed real_type for signal, converting
2021-02-27 15:01:20,023 DEBUG FinufftPlan adjusted eps=1.1920928955078125e-07 from requested 1e-08.
2021-02-27 15:01:20,421 INFO Iteration 18 | Cost = 3.0033948418917435e-10 | Relative Error = 0.6302386476927033
2021-02-27 15:01:20,421 INFO Iteration 18 | Relative Error u = 0.6385082602500916 | Relative Error g = 0.0013665026058322532
2021-02-27 15:01:20,421 INFO ========= Iteration 19 =========
2021-02-27 15:01:20,421 INFO Iteration 19 | descent step u
2021-02-27 15:01:20,448 DEBUG Corresponding type is already real float32.
2021-02-27 15:01:20,448 DEBUG nufft passed real_type for signal, converting
2021-02-27 15:01:20,464 DEBUG FinufftPlan adjusted eps=1.1920928955078125e-07 from requested 1e-08.
2021-02-27 15:01:20,810 DEBUG Corresponding type is already complex complex64.
2021-02-27 15:01:20,821 DEBUG FinufftPlan adjusted eps=1.1920928955078125e-07 from requested 1e-08.
2021-02-27 15:01:20,933 INFO Determined adjoint mappings. Shape = (65, 65, 65)
2021-02-27 15:01:20,945 INFO Iteration 19 | primal-dual step g
2021-02-27 15:01:21,006 DEBUG Corresponding type is already real float32.
2021-02-27 15:01:21,007 DEBUG nufft passed real_type for signal, converting
2021-02-27 15:01:21,022 DEBUG FinufftPlan adjusted eps=1.1920928955078125e-07 from requested 1e-08.
2021-02-27 15:01:21,274 DEBUG Corresponding type is already real float32.
2021-02-27 15:01:21,274 DEBUG nufft passed real_type for signal, converting
2021-02-27 15:01:21,292 DEBUG FinufftPlan adjusted eps=1.1920928955078125e-07 from requested 1e-08.
2021-02-27 15:01:21,548 DEBUG Corresponding type is already real float32.
2021-02-27 15:01:21,549 DEBUG nufft passed real_type for signal, converting
2021-02-27 15:01:21,570 DEBUG FinufftPlan adjusted eps=1.1920928955078125e-07 from requested 1e-08.
2021-02-27 15:01:21,812 DEBUG Corresponding type is already real float32.
2021-02-27 15:01:21,812 DEBUG nufft passed real_type for signal, converting
2021-02-27 15:01:21,832 DEBUG FinufftPlan adjusted eps=1.1920928955078125e-07 from requested 1e-08.
2021-02-27 15:01:22,069 DEBUG Corresponding type is already real float32.
2021-02-27 15:01:22,069 DEBUG nufft passed real_type for signal, converting
2021-02-27 15:01:22,087 DEBUG FinufftPlan adjusted eps=1.1920928955078125e-07 from requested 1e-08.
2021-02-27 15:01:22,348 DEBUG Corresponding type is already real float32.
2021-02-27 15:01:22,348 DEBUG nufft passed real_type for signal, converting
2021-02-27 15:01:22,367 DEBUG FinufftPlan adjusted eps=1.1920928955078125e-07 from requested 1e-08.
2021-02-27 15:01:23,208 DEBUG Corresponding type is already real float32.
2021-02-27 15:01:23,208 DEBUG nufft passed real_type for signal, converting
2021-02-27 15:01:23,220 DEBUG FinufftPlan adjusted eps=1.1920928955078125e-07 from requested 1e-08.
2021-02-27 15:01:23,463 DEBUG Corresponding type is already real float32.
2021-02-27 15:01:23,463 DEBUG nufft passed real_type for signal, converting
2021-02-27 15:01:23,482 DEBUG FinufftPlan adjusted eps=1.1920928955078125e-07 from requested 1e-08.
2021-02-27 15:01:23,712 DEBUG Corresponding type is already real float32.
2021-02-27 15:01:23,712 DEBUG nufft passed real_type for signal, converting
2021-02-27 15:01:23,730 DEBUG FinufftPlan adjusted eps=1.1920928955078125e-07 from requested 1e-08.
2021-02-27 15:01:23,961 DEBUG Corresponding type is already real float32.
2021-02-27 15:01:23,961 DEBUG nufft passed real_type for signal, converting
2021-02-27 15:01:23,979 DEBUG FinufftPlan adjusted eps=1.1920928955078125e-07 from requested 1e-08.
2021-02-27 15:01:24,208 DEBUG Corresponding type is already real float32.
2021-02-27 15:01:24,208 DEBUG nufft passed real_type for signal, converting
2021-02-27 15:01:24,227 DEBUG FinufftPlan adjusted eps=1.1920928955078125e-07 from requested 1e-08.
2021-02-27 15:01:24,462 DEBUG Corresponding type is already real float32.
2021-02-27 15:01:24,462 DEBUG nufft passed real_type for signal, converting
2021-02-27 15:01:24,481 DEBUG FinufftPlan adjusted eps=1.1920928955078125e-07 from requested 1e-08.
2021-02-27 15:01:24,774 DEBUG Corresponding type is already real float32.
2021-02-27 15:01:24,774 DEBUG nufft passed real_type for signal, converting
2021-02-27 15:01:24,794 DEBUG FinufftPlan adjusted eps=1.1920928955078125e-07 from requested 1e-08.
2021-02-27 15:01:25,218 INFO Iteration 19 | Cost = 2.948614231262897e-10 | Relative Error = 0.6164251333407084
2021-02-27 15:01:25,218 INFO Iteration 19 | Relative Error u = 0.6245135068893433 | Relative Error g = 0.0013584642475693274
2021-02-27 15:01:25,218 INFO ========= Iteration 20 =========
2021-02-27 15:01:25,218 INFO Iteration 20 | descent step u
2021-02-27 15:01:25,258 DEBUG Corresponding type is already real float32.
2021-02-27 15:01:25,259 DEBUG nufft passed real_type for signal, converting
2021-02-27 15:01:25,276 DEBUG FinufftPlan adjusted eps=1.1920928955078125e-07 from requested 1e-08.
2021-02-27 15:01:25,620 DEBUG Corresponding type is already complex complex64.
2021-02-27 15:01:25,635 DEBUG FinufftPlan adjusted eps=1.1920928955078125e-07 from requested 1e-08.
2021-02-27 15:01:25,732 INFO Determined adjoint mappings. Shape = (65, 65, 65)
2021-02-27 15:01:25,743 INFO Iteration 20 | primal-dual step g
2021-02-27 15:01:25,790 DEBUG Corresponding type is already real float32.
2021-02-27 15:01:25,790 DEBUG nufft passed real_type for signal, converting
2021-02-27 15:01:25,805 DEBUG FinufftPlan adjusted eps=1.1920928955078125e-07 from requested 1e-08.
2021-02-27 15:01:26,092 DEBUG Corresponding type is already real float32.
2021-02-27 15:01:26,092 DEBUG nufft passed real_type for signal, converting
2021-02-27 15:01:26,116 DEBUG FinufftPlan adjusted eps=1.1920928955078125e-07 from requested 1e-08.
2021-02-27 15:01:26,367 DEBUG Corresponding type is already real float32.
2021-02-27 15:01:26,367 DEBUG nufft passed real_type for signal, converting
2021-02-27 15:01:26,386 DEBUG FinufftPlan adjusted eps=1.1920928955078125e-07 from requested 1e-08.
2021-02-27 15:01:26,685 DEBUG Corresponding type is already real float32.
2021-02-27 15:01:26,685 DEBUG nufft passed real_type for signal, converting
2021-02-27 15:01:26,705 DEBUG FinufftPlan adjusted eps=1.1920928955078125e-07 from requested 1e-08.
2021-02-27 15:01:26,954 DEBUG Corresponding type is already real float32.
2021-02-27 15:01:26,954 DEBUG nufft passed real_type for signal, converting
2021-02-27 15:01:26,978 DEBUG FinufftPlan adjusted eps=1.1920928955078125e-07 from requested 1e-08.
2021-02-27 15:01:27,236 DEBUG Corresponding type is already real float32.
2021-02-27 15:01:27,236 DEBUG nufft passed real_type for signal, converting
2021-02-27 15:01:27,255 DEBUG FinufftPlan adjusted eps=1.1920928955078125e-07 from requested 1e-08.
2021-02-27 15:01:28,173 DEBUG Corresponding type is already real float32.
2021-02-27 15:01:28,173 DEBUG nufft passed real_type for signal, converting
2021-02-27 15:01:28,189 DEBUG FinufftPlan adjusted eps=1.1920928955078125e-07 from requested 1e-08.
2021-02-27 15:01:28,419 DEBUG Corresponding type is already real float32.
2021-02-27 15:01:28,419 DEBUG nufft passed real_type for signal, converting
2021-02-27 15:01:28,440 DEBUG FinufftPlan adjusted eps=1.1920928955078125e-07 from requested 1e-08.
2021-02-27 15:01:28,679 DEBUG Corresponding type is already real float32.
2021-02-27 15:01:28,680 DEBUG nufft passed real_type for signal, converting
2021-02-27 15:01:28,698 DEBUG FinufftPlan adjusted eps=1.1920928955078125e-07 from requested 1e-08.
2021-02-27 15:01:28,925 DEBUG Corresponding type is already real float32.
2021-02-27 15:01:28,925 DEBUG nufft passed real_type for signal, converting
2021-02-27 15:01:28,944 DEBUG FinufftPlan adjusted eps=1.1920928955078125e-07 from requested 1e-08.
2021-02-27 15:01:29,175 DEBUG Corresponding type is already real float32.
2021-02-27 15:01:29,175 DEBUG nufft passed real_type for signal, converting
2021-02-27 15:01:29,193 DEBUG FinufftPlan adjusted eps=1.1920928955078125e-07 from requested 1e-08.
2021-02-27 15:01:29,424 DEBUG Corresponding type is already real float32.
2021-02-27 15:01:29,424 DEBUG nufft passed real_type for signal, converting
2021-02-27 15:01:29,444 DEBUG FinufftPlan adjusted eps=1.1920928955078125e-07 from requested 1e-08.
2021-02-27 15:01:29,705 DEBUG Corresponding type is already real float32.
2021-02-27 15:01:29,705 DEBUG nufft passed real_type for signal, converting
2021-02-27 15:01:29,726 DEBUG FinufftPlan adjusted eps=1.1920928955078125e-07 from requested 1e-08.
2021-02-27 15:01:30,088 INFO Iteration 20 | Cost = 2.896459165781618e-10 | Relative Error = 0.6031508979315516
2021-02-27 15:01:30,088 INFO Iteration 20 | Relative Error u = 0.6110650897026062 | Relative Error g = 0.0013644373660839477
