2021-02-16 11:00:14,070 DEBUG Using fontManager instance from /Users/wdiepeveen/.matplotlib/fontlist-v330.json
2021-02-16 11:00:14,262 INFO This script illustrates orientation refinement using lRCPA as primal-dual splitting method
2021-02-16 11:00:14,273 DEBUG Corresponding type is already real float32.
2021-02-16 11:00:14,273 DEBUG nufft passed real_type for signal, converting
2021-02-16 11:00:14,273 INFO Trying NFFT backend finufft
2021-02-16 11:00:14,279 INFO NFFT backend finufft usable.
2021-02-16 11:00:14,280 INFO Trying NFFT backend cufinufft
2021-02-16 11:00:14,280 INFO NFFT backend cufinufft not usable:
	No module named 'pycuda'
2021-02-16 11:00:14,281 INFO Trying NFFT backend pynfft
2021-02-16 11:00:14,281 INFO NFFT backend pynfft not usable:
	No module named 'pynfft'
2021-02-16 11:00:14,281 INFO Selected NFFT backend = finufft.
2021-02-16 11:00:14,287 DEBUG FinufftPlan adjusted eps=1.1920928955078125e-07 from requested 1e-08.
2021-02-16 11:00:14,480 INFO Applying forward transformations in pipeline
2021-02-16 11:00:14,480 INFO All forward transformations applied
2021-02-16 11:00:14,480 INFO Loaded 128 images
2021-02-16 11:00:14,481 WARNING PrimalDualProblem vols.dtype float64 != self.dtype float32. In the future this will raise an error.
2021-02-16 11:00:14,504 INFO Testing data fidelity
2021-02-16 11:00:14,506 WARNING Volume rot_matrices.dtype float32 != self.dtype float64. In the future this will raise an error.
2021-02-16 11:00:14,512 DEBUG Corresponding type is already real float64.
2021-02-16 11:00:14,512 WARNING nufft passed inconsistent dtypes. fourier_pts: float32 forcing precision of signal data: float64.
2021-02-16 11:00:14,512 DEBUG Corresponding type is already real float64.
2021-02-16 11:00:14,515 DEBUG nufft passed real_type for signal, converting
2021-02-16 11:00:14,650 INFO Testing grad norm fidelity
2021-02-16 11:00:14,653 INFO Testing rotation fidelity
2021-02-16 11:00:14,861 INFO Testing differential
2021-02-16 11:00:14,868 WARNING Volume rot_matrices.dtype float32 != self.dtype float64. In the future this will raise an error.
2021-02-16 11:00:14,872 DEBUG Corresponding type is already real float64.
2021-02-16 11:00:14,872 WARNING nufft passed inconsistent dtypes. fourier_pts: float32 forcing precision of signal data: float64.
2021-02-16 11:00:14,872 DEBUG Corresponding type is already real float64.
2021-02-16 11:00:14,874 DEBUG nufft passed real_type for signal, converting
