2021-03-01 17:09:55,231 DEBUG Using fontManager instance from /Users/wdiepeveen/.matplotlib/fontlist-v330.json
2021-03-01 17:09:55,999 DEBUG Loaded backend module://backend_interagg version unknown.
2021-03-01 17:09:56,501 INFO Results folder is results/pd_vol_rot_reconstruction_21-03-01_17-09-56
2021-03-01 17:09:56,509 INFO Start Postprocessing
2021-03-01 17:09:56,509 INFO Postprocessing started
2021-03-01 17:09:56,518 DEBUG Corresponding type is already real float32.
2021-03-01 17:09:56,518 DEBUG nufft passed real_type for signal, converting
2021-03-01 17:09:56,518 INFO Trying NFFT backend finufft
2021-03-01 17:09:56,552 INFO NFFT backend finufft usable.
2021-03-01 17:09:56,552 INFO Trying NFFT backend cufinufft
2021-03-01 17:09:56,553 INFO NFFT backend cufinufft not usable:
	No module named 'pycuda'
2021-03-01 17:09:56,553 INFO Trying NFFT backend pynfft
2021-03-01 17:09:56,554 INFO NFFT backend pynfft not usable:
	No module named 'pynfft'
2021-03-01 17:09:56,554 INFO Selected NFFT backend = finufft.
2021-03-01 17:09:56,554 DEBUG FinufftPlan adjusted eps=1.1920928955078125e-07 from requested 1e-08.
2021-03-01 17:09:56,702 INFO Applying forward transformations in pipeline
2021-03-01 17:09:56,702 INFO All forward transformations applied
2021-03-01 17:09:56,702 INFO Loaded 1 images
2021-03-01 17:09:56,721 DEBUG Corresponding type is already real float32.
2021-03-01 17:09:56,722 DEBUG nufft passed real_type for signal, converting
2021-03-01 17:09:56,722 DEBUG FinufftPlan adjusted eps=1.1920928955078125e-07 from requested 1e-08.
2021-03-01 17:09:56,828 INFO Applying forward transformations in pipeline
2021-03-01 17:09:56,829 INFO All forward transformations applied
2021-03-01 17:09:56,829 INFO Loaded 1 images
2021-03-01 17:09:56,834 INFO MSE deviation of the estimated rotations using register_rotations : 2.7283983232920304
2021-03-01 17:10:00,315 CRITICAL Argument given by name ('axis') and position (2)
Traceback:
  File "/Users/wdiepeveen/Documents/PhD/Projects/2 - Cryo-EM/src/src/Cryo-EM/main.py", line 4, in <module>
    run_experiment()
  File "/Users/wdiepeveen/Documents/PhD/Projects/2 - Cryo-EM/src/src/Cryo-EM/experiments/primal_dual_volume_and_rotation_reconstruction/__init__.py", line 82, in run_experiment
    results_folder=results_folder
  File "/Users/wdiepeveen/Documents/PhD/Projects/2 - Cryo-EM/src/src/Cryo-EM/experiments/primal_dual_volume_and_rotation_reconstruction/postprocessing.py", line 86, in postprocessing
    rot_mse_values = np.concatenate(np.array(snr_range), rots_mse, axis=1)

