2021-02-25 11:34:21,232 DEBUG Using fontManager instance from /Users/wdiepeveen/.matplotlib/fontlist-v330.json
2021-02-25 11:34:21,521 DEBUG Loaded backend module://backend_interagg version unknown.
2021-02-25 11:34:21,523 INFO This script illustrates orientation estimation using synchronization matrix and voting method
2021-02-25 11:34:21,524 INFO Initialize simulation object and CTF filters.
2021-02-25 11:34:21,524 INFO Load 3D map and downsample 3D map to desired grids of 33 x 33 x 33.
2021-02-25 11:34:22,200 INFO Use downsampled map to creat simulation object.
2021-02-25 11:34:22,218 INFO Get true rotation angles generated randomly by the simulation object.
2021-02-25 11:34:22,219 INFO Estimate rotation angles using synchronization matrix and voting method.
2021-02-25 11:34:22,224 DEBUG Corresponding type is already real float32.
2021-02-25 11:34:22,224 DEBUG nufft passed real_type for signal, converting
2021-02-25 11:34:22,224 INFO Trying NFFT backend finufft
2021-02-25 11:34:22,231 INFO NFFT backend finufft usable.
2021-02-25 11:34:22,232 INFO Trying NFFT backend cufinufft
2021-02-25 11:34:22,232 INFO NFFT backend cufinufft not usable:
	No module named 'pycuda'
2021-02-25 11:34:22,232 INFO Trying NFFT backend pynfft
2021-02-25 11:34:22,233 INFO NFFT backend pynfft not usable:
	No module named 'pynfft'
2021-02-25 11:34:22,234 INFO Selected NFFT backend = finufft.
2021-02-25 11:34:22,238 DEBUG FinufftPlan adjusted eps=1.1920928955078125e-07 from requested 1e-08.
2021-02-25 11:34:22,384 INFO Applying forward transformations in pipeline
2021-02-25 11:34:22,384 INFO All forward transformations applied
2021-02-25 11:34:22,384 INFO Loaded 128 images
2021-02-25 11:34:22,384 INFO Represent 2D image in a polar Fourier grid
2021-02-25 11:34:22,385 DEBUG Corresponding type is already real float32.
2021-02-25 11:34:22,385 DEBUG nufft passed real_type for signal, converting
2021-02-25 11:34:22,385 DEBUG FinufftPlan adjusted eps=1.1920928955078125e-07 from requested 1e-08.
2021-02-25 11:34:27,884 INFO Top 10 eigenvalues from synchronization voting matrix: [ 71.54754   66.33838   63.705856  19.602924  15.250185  14.751359
  13.775312  12.423205  12.283918 -12.384874]
2021-02-25 11:34:27,890 INFO MSE deviation of the estimated rotations using register_rotations : 0.0542492913676143
2021-02-25 11:34:27,892 INFO Expanding 3D map in a spatial-domain Fourier–Bessel basis using the direct method.
2021-02-25 11:34:40,606 DEBUG Corresponding type is already real float32.
2021-02-25 11:34:40,606 DEBUG nufft passed real_type for signal, converting
2021-02-25 11:34:40,610 DEBUG FinufftPlan adjusted eps=1.1920928955078125e-07 from requested 1e-08.
2021-02-25 11:34:40,700 INFO Applying forward transformations in pipeline
2021-02-25 11:34:40,700 INFO All forward transformations applied
2021-02-25 11:34:40,700 INFO Loaded 128 images
2021-02-25 11:34:40,758 DEBUG Corresponding type is already complex complex64.
2021-02-25 11:34:40,764 DEBUG FinufftPlan adjusted eps=1.1920928955078125e-07 from requested 1e-08.
2021-02-25 11:34:42,227 INFO Determined adjoint mappings. Shape = (9269,)
2021-02-25 11:34:42,228 INFO Computing kernel
2021-02-25 11:34:42,243 DEBUG Corresponding type is already real float32.
2021-02-25 11:34:42,243 DEBUG anufft passed real_type for signal, converting
2021-02-25 11:34:42,246 DEBUG FinufftPlan adjusted eps=1.1920928955078125e-07 from requested 1e-08.
2021-02-25 11:34:42,317 INFO Computing non-centered Fourier Transform
2021-02-25 11:34:42,327 INFO Computing Preconditioner kernel
2021-02-25 11:34:42,327 INFO Circularizing kernel
2021-02-25 11:34:42,340 INFO Circularizing dimension 0
2021-02-25 11:34:42,341 INFO Circularizing dimension 1
2021-02-25 11:34:42,341 INFO Circularizing dimension 2
2021-02-25 11:34:51,349 INFO Delta 6.094114269217243e-06 (target 2.8633570764213803e-10)
2021-02-25 11:35:00,140 INFO Delta 3.367814088051091e-06 (target 2.8633570764213803e-10)
2021-02-25 11:35:08,636 INFO Delta 1.4904212548572104e-06 (target 2.8633570764213803e-10)
2021-02-25 11:35:17,153 INFO Delta 8.100378749986703e-07 (target 2.8633570764213803e-10)
2021-02-25 11:35:26,761 INFO Delta 4.1003096384883975e-07 (target 2.8633570764213803e-10)
2021-02-25 11:35:36,146 INFO Delta 2.343550988825882e-07 (target 2.8633570764213803e-10)
2021-02-25 11:35:45,048 INFO Delta 1.3430617684662138e-07 (target 2.8633570764213803e-10)
2021-02-25 11:35:55,073 INFO Delta 7.293150616760613e-08 (target 2.8633570764213803e-10)
2021-02-25 11:36:04,702 INFO Delta 4.542489406844652e-08 (target 2.8633570764213803e-10)
2021-02-25 11:36:14,546 INFO Delta 2.636915574782961e-08 (target 2.8633570764213803e-10)
2021-02-25 11:36:23,279 INFO Delta 1.5696111077545538e-08 (target 2.8633570764213803e-10)
2021-02-25 11:36:32,243 INFO Delta 9.077946394597802e-09 (target 2.8633570764213803e-10)
2021-02-25 11:36:41,258 INFO Delta 5.1564783554169935e-09 (target 2.8633570764213803e-10)
2021-02-25 11:36:49,905 INFO Delta 3.3516034392278016e-09 (target 2.8633570764213803e-10)
2021-02-25 11:36:58,389 INFO Delta 2.281780098201125e-09 (target 2.8633570764213803e-10)
2021-02-25 11:37:06,833 INFO Delta 1.539919414206281e-09 (target 2.8633570764213803e-10)
2021-02-25 11:37:15,323 INFO Delta 1.0791871840609701e-09 (target 2.8633570764213803e-10)
2021-02-25 11:37:23,762 INFO Delta 6.952863840226087e-10 (target 2.8633570764213803e-10)
2021-02-25 11:37:32,148 INFO Delta 4.581641455114749e-10 (target 2.8633570764213803e-10)
2021-02-25 11:37:40,584 INFO Delta 3.027963990653859e-10 (target 2.8633570764213803e-10)
2021-02-25 11:37:51,859 INFO Delta 1.9613372037596832e-10 (target 2.8633570764213803e-10)
