2021-02-17 16:14:43,212 DEBUG Using fontManager instance from /Users/wdiepeveen/.matplotlib/fontlist-v330.json
2021-02-17 16:14:43,445 INFO This script illustrates orientation refinement using lRCPA as primal-dual splitting method
2021-02-17 16:14:43,455 DEBUG Corresponding type is already real float32.
2021-02-17 16:14:43,455 DEBUG nufft passed real_type for signal, converting
2021-02-17 16:14:43,455 INFO Trying NFFT backend finufft
2021-02-17 16:14:43,462 INFO NFFT backend finufft usable.
2021-02-17 16:14:43,463 INFO Trying NFFT backend cufinufft
2021-02-17 16:14:43,463 INFO NFFT backend cufinufft not usable:
	No module named 'pycuda'
2021-02-17 16:14:43,463 INFO Trying NFFT backend pynfft
2021-02-17 16:14:43,463 INFO NFFT backend pynfft not usable:
	No module named 'pynfft'
2021-02-17 16:14:43,464 INFO Selected NFFT backend = finufft.
2021-02-17 16:14:43,469 DEBUG FinufftPlan adjusted eps=1.1920928955078125e-07 from requested 1e-08.
2021-02-17 16:14:43,639 INFO Applying forward transformations in pipeline
2021-02-17 16:14:43,640 INFO All forward transformations applied
2021-02-17 16:14:43,640 INFO Loaded 128 images
2021-02-17 16:14:43,659 INFO ========= Iteration 1 =========
2021-02-17 16:14:43,659 INFO Iteration 1 | descent step u
2021-02-17 16:14:43,665 DEBUG Corresponding type is already real float32.
2021-02-17 16:14:43,665 DEBUG nufft passed real_type for signal, converting
2021-02-17 16:14:43,669 DEBUG FinufftPlan adjusted eps=1.1920928955078125e-07 from requested 1e-08.
2021-02-17 16:14:43,792 DEBUG Corresponding type is already complex complex64.
2021-02-17 16:14:43,796 DEBUG FinufftPlan adjusted eps=1.1920928955078125e-07 from requested 1e-08.
2021-02-17 16:14:43,818 INFO Determined adjoint mappings. Shape = (33, 33, 33)
2021-02-17 16:14:43,822 INFO Iteration 1 | primal-dual step g
2021-02-17 16:14:43,829 DEBUG Corresponding type is already real float32.
2021-02-17 16:14:43,829 DEBUG nufft passed real_type for signal, converting
2021-02-17 16:14:43,833 DEBUG FinufftPlan adjusted eps=1.1920928955078125e-07 from requested 1e-08.
2021-02-17 16:14:43,918 DEBUG Corresponding type is already real float32.
2021-02-17 16:14:43,918 DEBUG nufft passed real_type for signal, converting
2021-02-17 16:14:43,923 DEBUG FinufftPlan adjusted eps=1.1920928955078125e-07 from requested 1e-08.
2021-02-17 16:14:44,033 DEBUG Corresponding type is already real float32.
2021-02-17 16:14:44,033 DEBUG nufft passed real_type for signal, converting
2021-02-17 16:14:44,038 DEBUG FinufftPlan adjusted eps=1.1920928955078125e-07 from requested 1e-08.
2021-02-17 16:14:44,125 DEBUG Corresponding type is already real float32.
2021-02-17 16:14:44,125 DEBUG nufft passed real_type for signal, converting
2021-02-17 16:14:44,129 DEBUG FinufftPlan adjusted eps=1.1920928955078125e-07 from requested 1e-08.
2021-02-17 16:14:44,209 DEBUG Corresponding type is already real float32.
2021-02-17 16:14:44,209 DEBUG nufft passed real_type for signal, converting
2021-02-17 16:14:44,214 DEBUG FinufftPlan adjusted eps=1.1920928955078125e-07 from requested 1e-08.
2021-02-17 16:14:44,314 DEBUG Corresponding type is already real float32.
2021-02-17 16:14:44,314 DEBUG nufft passed real_type for signal, converting
2021-02-17 16:14:44,319 DEBUG FinufftPlan adjusted eps=1.1920928955078125e-07 from requested 1e-08.
2021-02-17 16:14:45,009 DEBUG Corresponding type is already real float32.
2021-02-17 16:14:45,009 DEBUG nufft passed real_type for signal, converting
2021-02-17 16:14:45,012 DEBUG FinufftPlan adjusted eps=1.1920928955078125e-07 from requested 1e-08.
2021-02-17 16:14:45,105 DEBUG Corresponding type is already real float32.
2021-02-17 16:14:45,105 DEBUG nufft passed real_type for signal, converting
2021-02-17 16:14:45,109 DEBUG FinufftPlan adjusted eps=1.1920928955078125e-07 from requested 1e-08.
2021-02-17 16:14:45,195 DEBUG Corresponding type is already real float32.
2021-02-17 16:14:45,195 DEBUG nufft passed real_type for signal, converting
2021-02-17 16:14:45,199 DEBUG FinufftPlan adjusted eps=1.1920928955078125e-07 from requested 1e-08.
2021-02-17 16:14:45,282 DEBUG Corresponding type is already real float32.
2021-02-17 16:14:45,282 DEBUG nufft passed real_type for signal, converting
2021-02-17 16:14:45,287 DEBUG FinufftPlan adjusted eps=1.1920928955078125e-07 from requested 1e-08.
2021-02-17 16:14:45,368 DEBUG Corresponding type is already real float32.
2021-02-17 16:14:45,368 DEBUG nufft passed real_type for signal, converting
2021-02-17 16:14:45,373 DEBUG FinufftPlan adjusted eps=1.1920928955078125e-07 from requested 1e-08.
2021-02-17 16:14:45,472 DEBUG Corresponding type is already real float32.
2021-02-17 16:14:45,472 DEBUG nufft passed real_type for signal, converting
2021-02-17 16:14:45,478 DEBUG FinufftPlan adjusted eps=1.1920928955078125e-07 from requested 1e-08.
2021-02-17 16:14:45,565 WARNING Volume.dtype float64 inconsistent with float32
2021-02-17 16:14:45,566 WARNING Volume rot_matrices.dtype float32 != self.dtype float64. In the future this will raise an error.
2021-02-17 16:14:47,444 CRITICAL 'InnerProductOperator' object has no attribute 'dtype'
Traceback:
  File "/Users/wdiepeveen/Documents/PhD/Projects/2 - Cryo-EM/src/src/Cryo-EM/test.py", line 66, in <module>
    volume = solver.solve()
  File "/Users/wdiepeveen/Documents/PhD/Projects/2 - Cryo-EM/src/src/Cryo-EM/solvers/primal_dual_solver.py", line 115, in solve
    cost = self.get_cost(self.problem)
  File "/Users/wdiepeveen/Documents/PhD/Projects/2 - Cryo-EM/src/src/Cryo-EM/test.py", line 45, in cost_function
    cost = l2_data_fidelity(src) + lam1*l2_grad_norm(src) + lam2*so3_distance(src)
  File "/Users/wdiepeveen/Documents/PhD/Projects/2 - Cryo-EM/src/src/Cryo-EM/functions/cost_functions.py", line 14, in l2_data_fidelity
    res = src.vol_forward(src.vols, 0, np.inf) - src.data
  File "/Users/wdiepeveen/PycharmProjects/Cryo-EM/lib/python3.6/site-packages/aspire/source/__init__.py", line 523, in vol_forward
    im = vol.project(0, self.rots[all_idx, :, :])
  File "/Users/wdiepeveen/PycharmProjects/Cryo-EM/lib/python3.6/site-packages/aspire/volume/__init__.py", line 152, in project
    im_f = nufft(data, pts_rot) / self.resolution
  File "/Users/wdiepeveen/PycharmProjects/Cryo-EM/lib/python3.6/site-packages/aspire/nufft/__init__.py", line 198, in nufft
    if fourier_pts.dtype != real_type(sig_f.dtype):

