2021-02-25 23:20:30,341 INFO This script illustrates images at different SNR levels
2021-02-25 23:20:30,347 INFO Initialize simulation object and CTF filters.
2021-02-25 23:20:30,347 INFO Load 3D map and downsample 3D map to desired grids of 33 x 33 x 33.
2021-02-25 23:20:30,980 INFO Use downsampled map to creat simulation object.
2021-02-25 23:20:31,002 DEBUG Corresponding type is already real float32.
2021-02-25 23:20:31,002 DEBUG nufft passed real_type for signal, converting
2021-02-25 23:20:31,002 INFO Trying NFFT backend finufft
2021-02-25 23:20:31,036 INFO NFFT backend finufft usable.
2021-02-25 23:20:31,036 INFO Trying NFFT backend cufinufft
2021-02-25 23:20:31,036 INFO NFFT backend cufinufft not usable:
	No module named 'pycuda'
2021-02-25 23:20:31,037 INFO Trying NFFT backend pynfft
2021-02-25 23:20:31,037 INFO NFFT backend pynfft not usable:
	No module named 'pynfft'
2021-02-25 23:20:31,037 INFO Selected NFFT backend = finufft.
2021-02-25 23:20:31,042 DEBUG FinufftPlan adjusted eps=1.1920928955078125e-07 from requested 1e-08.
2021-02-25 23:20:31,629 INFO Applying forward transformations in pipeline
2021-02-25 23:20:31,629 INFO All forward transformations applied
2021-02-25 23:20:31,629 INFO Loaded 128 images
2021-02-25 23:20:31,634 DEBUG Corresponding type is already real float32.
2021-02-25 23:20:31,635 DEBUG nufft passed real_type for signal, converting
2021-02-25 23:20:31,638 DEBUG FinufftPlan adjusted eps=1.1920928955078125e-07 from requested 1e-08.
2021-02-25 23:20:32,044 INFO Applying forward transformations in pipeline
2021-02-25 23:20:32,044 INFO All forward transformations applied
2021-02-25 23:20:32,044 INFO Loaded 128 images
2021-02-25 23:20:32,051 DEBUG Corresponding type is already real float32.
2021-02-25 23:20:32,051 DEBUG nufft passed real_type for signal, converting
2021-02-25 23:20:32,054 DEBUG FinufftPlan adjusted eps=1.1920928955078125e-07 from requested 1e-08.
2021-02-25 23:20:32,138 DEBUG Corresponding type is already real float32.
2021-02-25 23:20:32,138 DEBUG nufft passed real_type for signal, converting
2021-02-25 23:20:32,139 DEBUG FinufftPlan adjusted eps=1.1920928955078125e-07 from requested 1e-08.
2021-02-25 23:20:32,329 INFO Applying forward transformations in pipeline
2021-02-25 23:20:32,329 INFO All forward transformations applied
2021-02-25 23:20:32,329 INFO Loaded 3 images
