2021-02-17 15:19:28,783 DEBUG Using fontManager instance from /Users/wdiepeveen/.matplotlib/fontlist-v330.json
2021-02-17 15:19:29,007 INFO This script illustrates orientation refinement using lRCPA as primal-dual splitting method
2021-02-17 15:19:29,015 DEBUG Corresponding type is already real float32.
2021-02-17 15:19:29,016 DEBUG nufft passed real_type for signal, converting
2021-02-17 15:19:29,016 INFO Trying NFFT backend finufft
2021-02-17 15:19:29,022 INFO NFFT backend finufft usable.
2021-02-17 15:19:29,022 INFO Trying NFFT backend cufinufft
2021-02-17 15:19:29,022 INFO NFFT backend cufinufft not usable:
	No module named 'pycuda'
2021-02-17 15:19:29,022 INFO Trying NFFT backend pynfft
2021-02-17 15:19:29,022 INFO NFFT backend pynfft not usable:
	No module named 'pynfft'
2021-02-17 15:19:29,023 INFO Selected NFFT backend = finufft.
2021-02-17 15:19:29,026 DEBUG FinufftPlan adjusted eps=1.1920928955078125e-07 from requested 1e-08.
2021-02-17 15:19:29,191 INFO Applying forward transformations in pipeline
2021-02-17 15:19:29,191 INFO All forward transformations applied
2021-02-17 15:19:29,191 INFO Loaded 128 images
2021-02-17 15:19:29,211 INFO ========= Iteration 1 =========
2021-02-17 15:19:29,211 INFO Iteration 1 | descent step u
2021-02-17 15:19:29,217 DEBUG Corresponding type is already real float32.
2021-02-17 15:19:29,218 DEBUG nufft passed real_type for signal, converting
2021-02-17 15:19:29,223 DEBUG FinufftPlan adjusted eps=1.1920928955078125e-07 from requested 1e-08.
2021-02-17 15:19:29,365 DEBUG Corresponding type is already complex complex64.
2021-02-17 15:19:29,369 DEBUG FinufftPlan adjusted eps=1.1920928955078125e-07 from requested 1e-08.
2021-02-17 15:19:29,391 INFO Determined adjoint mappings. Shape = (33, 33, 33)
2021-02-17 15:19:29,392 INFO Iteration 1 | primal-dual step g
2021-02-17 15:19:29,400 DEBUG Corresponding type is already real float32.
2021-02-17 15:19:29,400 DEBUG nufft passed real_type for signal, converting
2021-02-17 15:19:29,404 DEBUG FinufftPlan adjusted eps=1.1920928955078125e-07 from requested 1e-08.
2021-02-17 15:19:29,498 DEBUG Corresponding type is already real float32.
2021-02-17 15:19:29,499 DEBUG nufft passed real_type for signal, converting
2021-02-17 15:19:29,503 DEBUG FinufftPlan adjusted eps=1.1920928955078125e-07 from requested 1e-08.
2021-02-17 15:19:29,594 DEBUG Corresponding type is already real float32.
2021-02-17 15:19:29,594 DEBUG nufft passed real_type for signal, converting
2021-02-17 15:19:29,599 DEBUG FinufftPlan adjusted eps=1.1920928955078125e-07 from requested 1e-08.
2021-02-17 15:19:29,698 DEBUG Corresponding type is already real float32.
2021-02-17 15:19:29,698 DEBUG nufft passed real_type for signal, converting
2021-02-17 15:19:29,702 DEBUG FinufftPlan adjusted eps=1.1920928955078125e-07 from requested 1e-08.
2021-02-17 15:19:29,794 DEBUG Corresponding type is already real float32.
2021-02-17 15:19:29,794 DEBUG nufft passed real_type for signal, converting
2021-02-17 15:19:29,799 DEBUG FinufftPlan adjusted eps=1.1920928955078125e-07 from requested 1e-08.
2021-02-17 15:19:29,901 DEBUG Corresponding type is already real float32.
2021-02-17 15:19:29,901 DEBUG nufft passed real_type for signal, converting
2021-02-17 15:19:29,906 DEBUG FinufftPlan adjusted eps=1.1920928955078125e-07 from requested 1e-08.
2021-02-17 15:19:30,637 DEBUG Corresponding type is already real float32.
2021-02-17 15:19:30,637 DEBUG nufft passed real_type for signal, converting
2021-02-17 15:19:30,640 DEBUG FinufftPlan adjusted eps=1.1920928955078125e-07 from requested 1e-08.
2021-02-17 15:19:30,737 DEBUG Corresponding type is already real float32.
2021-02-17 15:19:30,737 DEBUG nufft passed real_type for signal, converting
2021-02-17 15:19:30,741 DEBUG FinufftPlan adjusted eps=1.1920928955078125e-07 from requested 1e-08.
2021-02-17 15:19:30,831 DEBUG Corresponding type is already real float32.
2021-02-17 15:19:30,831 DEBUG nufft passed real_type for signal, converting
2021-02-17 15:19:30,837 DEBUG FinufftPlan adjusted eps=1.1920928955078125e-07 from requested 1e-08.
2021-02-17 15:19:30,923 DEBUG Corresponding type is already real float32.
2021-02-17 15:19:30,923 DEBUG nufft passed real_type for signal, converting
2021-02-17 15:19:30,928 DEBUG FinufftPlan adjusted eps=1.1920928955078125e-07 from requested 1e-08.
2021-02-17 15:19:31,026 DEBUG Corresponding type is already real float32.
2021-02-17 15:19:31,026 DEBUG nufft passed real_type for signal, converting
2021-02-17 15:19:31,031 DEBUG FinufftPlan adjusted eps=1.1920928955078125e-07 from requested 1e-08.
2021-02-17 15:19:31,124 DEBUG Corresponding type is already real float32.
2021-02-17 15:19:31,124 DEBUG nufft passed real_type for signal, converting
2021-02-17 15:19:31,128 DEBUG FinufftPlan adjusted eps=1.1920928955078125e-07 from requested 1e-08.
2021-02-17 15:19:31,396 DEBUG Corresponding type is already real float32.
2021-02-17 15:19:31,397 DEBUG nufft passed real_type for signal, converting
2021-02-17 15:19:31,400 DEBUG FinufftPlan adjusted eps=1.1920928955078125e-07 from requested 1e-08.
2021-02-17 15:19:31,512 DEBUG Corresponding type is already real float32.
2021-02-17 15:19:31,512 DEBUG nufft passed real_type for signal, converting
2021-02-17 15:19:31,517 DEBUG FinufftPlan adjusted eps=1.1920928955078125e-07 from requested 1e-08.
2021-02-17 15:19:31,614 DEBUG Corresponding type is already real float32.
2021-02-17 15:19:31,614 DEBUG nufft passed real_type for signal, converting
2021-02-17 15:19:31,619 DEBUG FinufftPlan adjusted eps=1.1920928955078125e-07 from requested 1e-08.
2021-02-17 15:19:31,710 DEBUG Corresponding type is already real float32.
2021-02-17 15:19:31,710 DEBUG nufft passed real_type for signal, converting
2021-02-17 15:19:31,714 DEBUG FinufftPlan adjusted eps=1.1920928955078125e-07 from requested 1e-08.
2021-02-17 15:19:31,804 DEBUG Corresponding type is already real float32.
2021-02-17 15:19:31,804 DEBUG nufft passed real_type for signal, converting
2021-02-17 15:19:31,809 DEBUG FinufftPlan adjusted eps=1.1920928955078125e-07 from requested 1e-08.
2021-02-17 15:19:31,903 DEBUG Corresponding type is already real float32.
2021-02-17 15:19:31,903 DEBUG nufft passed real_type for signal, converting
2021-02-17 15:19:31,907 DEBUG FinufftPlan adjusted eps=1.1920928955078125e-07 from requested 1e-08.
2021-02-17 15:19:33,991 CRITICAL unsupported operand type(s) for *: 'float' and 'Image'
Traceback:
  File "/Users/wdiepeveen/Documents/PhD/Projects/2 - Cryo-EM/src/src/Cryo-EM/test.py", line 56, in <module>
    volume = solver.solve()
  File "/Users/wdiepeveen/Documents/PhD/Projects/2 - Cryo-EM/src/src/Cryo-EM/solvers/primal_dual_solver.py", line 110, in solve
    self.primal_dual_step_g()
  File "/Users/wdiepeveen/Documents/PhD/Projects/2 - Cryo-EM/src/src/Cryo-EM/solvers/primal_dual_solver.py", line 149, in primal_dual_step_g
    manifold.log(m, new_rots))
  File "/Users/wdiepeveen/Documents/PhD/Projects/2 - Cryo-EM/src/src/Cryo-EM/functions/proximal_maps.py", line 10, in prox_dual_l2_data_fidelity
    dual_prox_res = 1 / (1 + a * src.n) * (xi - a * src.data)

