2021-03-01 17:10:42,509 DEBUG Using fontManager instance from /Users/wdiepeveen/.matplotlib/fontlist-v330.json
2021-03-01 17:10:42,837 DEBUG Loaded backend module://backend_interagg version unknown.
2021-03-01 17:10:43,115 INFO Results folder is results/pd_vol_rot_reconstruction_21-03-01_17-10-43
2021-03-01 17:10:43,117 INFO Start Postprocessing
2021-03-01 17:10:43,118 INFO Postprocessing started
2021-03-01 17:10:43,123 DEBUG Corresponding type is already real float32.
2021-03-01 17:10:43,123 DEBUG nufft passed real_type for signal, converting
2021-03-01 17:10:43,123 INFO Trying NFFT backend finufft
2021-03-01 17:10:43,130 INFO NFFT backend finufft usable.
2021-03-01 17:10:43,130 INFO Trying NFFT backend cufinufft
2021-03-01 17:10:43,130 INFO NFFT backend cufinufft not usable:
	No module named 'pycuda'
2021-03-01 17:10:43,130 INFO Trying NFFT backend pynfft
2021-03-01 17:10:43,131 INFO NFFT backend pynfft not usable:
	No module named 'pynfft'
2021-03-01 17:10:43,131 INFO Selected NFFT backend = finufft.
2021-03-01 17:10:43,131 DEBUG FinufftPlan adjusted eps=1.1920928955078125e-07 from requested 1e-08.
2021-03-01 17:10:43,270 INFO Applying forward transformations in pipeline
2021-03-01 17:10:43,270 INFO All forward transformations applied
2021-03-01 17:10:43,270 INFO Loaded 1 images
2021-03-01 17:10:43,282 DEBUG Corresponding type is already real float32.
2021-03-01 17:10:43,282 DEBUG nufft passed real_type for signal, converting
2021-03-01 17:10:43,283 DEBUG FinufftPlan adjusted eps=1.1920928955078125e-07 from requested 1e-08.
2021-03-01 17:10:43,378 INFO Applying forward transformations in pipeline
2021-03-01 17:10:43,378 INFO All forward transformations applied
2021-03-01 17:10:43,378 INFO Loaded 1 images
2021-03-01 17:10:43,384 INFO MSE deviation of the estimated rotations using register_rotations : 2.7283983232920304
2021-03-01 17:10:45,582 CRITICAL axis 1 is out of bounds for array of dimension 1
Traceback:
  File "/Users/wdiepeveen/Documents/PhD/Projects/2 - Cryo-EM/src/src/Cryo-EM/main.py", line 4, in <module>
    run_experiment()
  File "/Users/wdiepeveen/Documents/PhD/Projects/2 - Cryo-EM/src/src/Cryo-EM/experiments/primal_dual_volume_and_rotation_reconstruction/__init__.py", line 82, in run_experiment
    results_folder=results_folder
  File "/Users/wdiepeveen/Documents/PhD/Projects/2 - Cryo-EM/src/src/Cryo-EM/experiments/primal_dual_volume_and_rotation_reconstruction/postprocessing.py", line 86, in postprocessing
    rot_mse_values = np.concatenate((np.array(snr_range), rots_mse), axis=1)

