2021-02-16 14:46:13,657 DEBUG Using fontManager instance from /Users/wdiepeveen/.matplotlib/fontlist-v330.json
2021-02-16 14:46:13,975 INFO This script illustrates orientation refinement using lRCPA as primal-dual splitting method
2021-02-16 14:46:13,985 DEBUG Corresponding type is already real float32.
2021-02-16 14:46:13,985 DEBUG nufft passed real_type for signal, converting
2021-02-16 14:46:13,985 INFO Trying NFFT backend finufft
2021-02-16 14:46:13,997 INFO NFFT backend finufft usable.
2021-02-16 14:46:13,997 INFO Trying NFFT backend cufinufft
2021-02-16 14:46:13,997 INFO NFFT backend cufinufft not usable:
	No module named 'pycuda'
2021-02-16 14:46:13,997 INFO Trying NFFT backend pynfft
2021-02-16 14:46:13,997 INFO NFFT backend pynfft not usable:
	No module named 'pynfft'
2021-02-16 14:46:13,998 INFO Selected NFFT backend = finufft.
2021-02-16 14:46:14,001 DEBUG FinufftPlan adjusted eps=1.1920928955078125e-07 from requested 1e-08.
2021-02-16 14:46:14,162 INFO Applying forward transformations in pipeline
2021-02-16 14:46:14,162 INFO All forward transformations applied
2021-02-16 14:46:14,162 INFO Loaded 128 images
2021-02-16 14:46:14,163 WARNING PrimalDualProblem vols.dtype float64 != self.dtype float32. In the future this will raise an error.
2021-02-16 14:46:14,190 INFO Testing data fidelity
2021-02-16 14:46:14,193 WARNING Volume rot_matrices.dtype float32 != self.dtype float64. In the future this will raise an error.
2021-02-16 14:46:14,198 DEBUG Corresponding type is already real float64.
2021-02-16 14:46:14,198 WARNING nufft passed inconsistent dtypes. fourier_pts: float32 forcing precision of signal data: float64.
2021-02-16 14:46:14,198 DEBUG Corresponding type is already real float64.
2021-02-16 14:46:14,202 DEBUG nufft passed real_type for signal, converting
2021-02-16 14:46:14,338 INFO Testing grad norm fidelity
2021-02-16 14:46:14,341 INFO Testing rotation fidelity
2021-02-16 14:46:14,547 INFO Testing differential
2021-02-16 14:46:14,555 DEBUG Corresponding type is already real float32.
2021-02-16 14:46:14,555 DEBUG nufft passed real_type for signal, converting
2021-02-16 14:46:14,558 DEBUG FinufftPlan adjusted eps=1.1920928955078125e-07 from requested 1e-08.
2021-02-16 14:46:14,654 INFO Testing adjoint differential
2021-02-16 14:46:14,666 DEBUG Corresponding type is already real float32.
2021-02-16 14:46:14,666 DEBUG nufft passed real_type for signal, converting
2021-02-16 14:46:14,671 DEBUG FinufftPlan adjusted eps=1.1920928955078125e-07 from requested 1e-08.
2021-02-16 14:46:14,774 DEBUG Corresponding type is already real float32.
2021-02-16 14:46:14,775 DEBUG nufft passed real_type for signal, converting
2021-02-16 14:46:14,779 DEBUG FinufftPlan adjusted eps=1.1920928955078125e-07 from requested 1e-08.
2021-02-16 14:46:14,873 DEBUG Corresponding type is already real float32.
2021-02-16 14:46:14,873 DEBUG nufft passed real_type for signal, converting
2021-02-16 14:46:14,880 DEBUG FinufftPlan adjusted eps=1.1920928955078125e-07 from requested 1e-08.
2021-02-16 14:46:14,975 DEBUG Corresponding type is already real float32.
2021-02-16 14:46:14,975 DEBUG nufft passed real_type for signal, converting
2021-02-16 14:46:14,980 DEBUG FinufftPlan adjusted eps=1.1920928955078125e-07 from requested 1e-08.
2021-02-16 14:46:15,070 DEBUG Corresponding type is already real float32.
2021-02-16 14:46:15,070 DEBUG nufft passed real_type for signal, converting
2021-02-16 14:46:15,075 DEBUG FinufftPlan adjusted eps=1.1920928955078125e-07 from requested 1e-08.
2021-02-16 14:46:15,162 DEBUG Corresponding type is already real float32.
2021-02-16 14:46:15,162 DEBUG nufft passed real_type for signal, converting
2021-02-16 14:46:15,168 DEBUG FinufftPlan adjusted eps=1.1920928955078125e-07 from requested 1e-08.
2021-02-16 14:46:17,538 CRITICAL axis 1 is out of bounds for array of dimension 0
Traceback:
  File "/Users/wdiepeveen/Documents/PhD/Projects/2 - Cryo-EM/src/src/Cryo-EM/test.py", line 70, in <module>
    print(adjoint_differential_forward_rot(prob,xi))
  File "/Users/wdiepeveen/Documents/PhD/Projects/2 - Cryo-EM/src/src/Cryo-EM/functions/differentials.py", line 79, in adjoint_differential_forward_rot
    K12 = -1 / (src.L ** 2) * ainner(xi, im12, axes=(1, 2))
  File "/Users/wdiepeveen/PycharmProjects/Cryo-EM/lib/python3.6/site-packages/aspire/utils/matrix.py", line 345, in ainner
    return np.sum(x * y, axis=axes)
  File "/Users/wdiepeveen/PycharmProjects/Cryo-EM/lib/python3.6/site-packages/numpy/core/fromnumeric.py", line 2076, in sum
    initial=initial)
  File "/Users/wdiepeveen/PycharmProjects/Cryo-EM/lib/python3.6/site-packages/numpy/core/fromnumeric.py", line 86, in _wrapreduction
    return ufunc.reduce(obj, axis, dtype, out, **passkwargs)

