2021-02-16 10:47:43,897 DEBUG Using fontManager instance from /Users/wdiepeveen/.matplotlib/fontlist-v330.json
2021-02-16 10:47:44,166 INFO This script illustrates orientation refinement using lRCPA as primal-dual splitting method
2021-02-16 10:47:44,177 DEBUG Corresponding type is already real float32.
2021-02-16 10:47:44,177 DEBUG nufft passed real_type for signal, converting
2021-02-16 10:47:44,178 INFO Trying NFFT backend finufft
2021-02-16 10:47:44,183 INFO NFFT backend finufft usable.
2021-02-16 10:47:44,184 INFO Trying NFFT backend cufinufft
2021-02-16 10:47:44,184 INFO NFFT backend cufinufft not usable:
	No module named 'pycuda'
2021-02-16 10:47:44,184 INFO Trying NFFT backend pynfft
2021-02-16 10:47:44,184 INFO NFFT backend pynfft not usable:
	No module named 'pynfft'
2021-02-16 10:47:44,184 INFO Selected NFFT backend = finufft.
2021-02-16 10:47:44,190 DEBUG FinufftPlan adjusted eps=1.1920928955078125e-07 from requested 1e-08.
2021-02-16 10:47:44,357 INFO Applying forward transformations in pipeline
2021-02-16 10:47:44,357 INFO All forward transformations applied
2021-02-16 10:47:44,357 INFO Loaded 128 images
2021-02-16 10:47:44,358 WARNING PrimalDualProblem vols.dtype float64 != self.dtype float32. In the future this will raise an error.
2021-02-16 10:47:44,384 INFO Testing data fidelity
2021-02-16 10:47:44,387 WARNING Volume rot_matrices.dtype float32 != self.dtype float64. In the future this will raise an error.
2021-02-16 10:47:44,392 DEBUG Corresponding type is already real float64.
2021-02-16 10:47:44,392 WARNING nufft passed inconsistent dtypes. fourier_pts: float32 forcing precision of signal data: float64.
2021-02-16 10:47:44,393 DEBUG Corresponding type is already real float64.
2021-02-16 10:47:44,395 DEBUG nufft passed real_type for signal, converting
2021-02-16 10:47:44,539 INFO Testing grad norm fidelity
2021-02-16 10:47:44,542 INFO Testing rotation fidelity
2021-02-16 10:47:44,770 INFO Testing differential
2021-02-16 10:47:44,775 WARNING Volume rot_matrices.dtype float32 != self.dtype float64. In the future this will raise an error.
2021-02-16 10:47:44,780 DEBUG Corresponding type is already real float64.
2021-02-16 10:47:44,780 WARNING nufft passed inconsistent dtypes. fourier_pts: float32 forcing precision of signal data: float64.
2021-02-16 10:47:44,780 DEBUG Corresponding type is already real float64.
2021-02-16 10:47:44,782 DEBUG nufft passed real_type for signal, converting
