2021-02-15 15:06:01,925 DEBUG Using fontManager instance from /Users/wdiepeveen/.matplotlib/fontlist-v330.json
2021-02-15 15:06:02,134 INFO This script illustrates orientation refinement using lRCPA as primal-dual splitting method
2021-02-15 15:06:02,143 DEBUG Corresponding type is already real float32.
2021-02-15 15:06:02,143 DEBUG nufft passed real_type for signal, converting
2021-02-15 15:06:02,143 INFO Trying NFFT backend finufft
2021-02-15 15:06:02,149 INFO NFFT backend finufft usable.
2021-02-15 15:06:02,149 INFO Trying NFFT backend cufinufft
2021-02-15 15:06:02,150 INFO NFFT backend cufinufft not usable:
	No module named 'pycuda'
2021-02-15 15:06:02,150 INFO Trying NFFT backend pynfft
2021-02-15 15:06:02,150 INFO NFFT backend pynfft not usable:
	No module named 'pynfft'
2021-02-15 15:06:02,150 INFO Selected NFFT backend = finufft.
2021-02-15 15:06:02,154 DEBUG FinufftPlan adjusted eps=1.1920928955078125e-07 from requested 1e-08.
2021-02-15 15:06:02,338 INFO Applying forward transformations in pipeline
2021-02-15 15:06:02,338 INFO All forward transformations applied
2021-02-15 15:06:02,338 INFO Loaded 128 images
2021-02-15 15:06:04,250 CRITICAL Shape of passed values is (128, 3), indices imply (1024, 3)
Traceback:
  File "/Users/wdiepeveen/Documents/PhD/Projects/2 - Cryo-EM/src/src/Cryo-EM/test.py", line 38, in <module>
    prob.rots = sim.rots
  File "/Users/wdiepeveen/PycharmProjects/Cryo-EM/lib/python3.6/site-packages/aspire/source/__init__.py", line 214, in rots
    self._rotations.as_euler("ZYZ", degrees=True),
  File "/Users/wdiepeveen/PycharmProjects/Cryo-EM/lib/python3.6/site-packages/aspire/source/__init__.py", line 235, in set_metadata
    df = pd.DataFrame(values, columns=metadata_fields, index=indices)
  File "/Users/wdiepeveen/PycharmProjects/Cryo-EM/lib/python3.6/site-packages/pandas/core/frame.py", line 440, in __init__
    mgr = init_ndarray(data, index, columns, dtype=dtype, copy=copy)
  File "/Users/wdiepeveen/PycharmProjects/Cryo-EM/lib/python3.6/site-packages/pandas/core/internals/construction.py", line 213, in init_ndarray
    return create_block_manager_from_blocks(block_values, [columns, index])
  File "/Users/wdiepeveen/PycharmProjects/Cryo-EM/lib/python3.6/site-packages/pandas/core/internals/managers.py", line 1688, in create_block_manager_from_blocks
    construction_error(tot_items, blocks[0].shape[1:], axes, e)
  File "/Users/wdiepeveen/PycharmProjects/Cryo-EM/lib/python3.6/site-packages/pandas/core/internals/managers.py", line 1719, in construction_error
    "Shape of passed values is {0}, indices imply {1}".format(passed, implied)

