2022-11-22 11:20:00,689 INFO Results folder is /Users/wdiepeveen/Documents/PhD/Projects/2 - Cryo-EM/src/src/Cryo-EM/tools/../results/Demo_SNR64_N2048_lambd30_r3_22-11-22_11-20-00
2022-11-22 11:20:00,730 INFO Load 3D map and downsample 3D map to desired grids of 91 x 91 x 91.
2022-11-22 11:20:00,732 INFO Initialize simulation object and CTF filters.
2022-11-22 11:20:00,734 INFO Use downsampled map to creat simulation object.
2022-11-22 11:20:00,777 INFO Get true rotation angles generated randomly by the simulation object.
2022-11-22 11:20:02,260 DEBUG Corresponding type is already real float64.
2022-11-22 11:20:02,260 DEBUG nufft passed real_type for signal, converting
2022-11-22 11:20:02,264 INFO Trying NFFT backend finufft
2022-11-22 11:20:02,274 INFO NFFT backend finufft usable.
2022-11-22 11:20:02,275 INFO Trying NFFT backend cufinufft
2022-11-22 11:20:02,277 INFO NFFT backend cufinufft not usable:
	No module named 'pycuda'
2022-11-22 11:20:02,278 INFO Trying NFFT backend pynfft
2022-11-22 11:20:02,280 INFO NFFT backend pynfft not usable:
	No module named 'pynfft'
2022-11-22 11:20:02,280 INFO Selected NFFT backend = finufft.
2022-11-22 11:20:16,979 INFO Applying forward transformations in pipeline
2022-11-22 11:20:16,980 INFO All forward transformations applied
2022-11-22 11:20:16,981 INFO Loaded 2048 images
2022-11-22 11:20:18,747 DEBUG Corresponding type is already real float64.
2022-11-22 11:20:18,747 DEBUG nufft passed real_type for signal, converting
2022-11-22 11:20:32,439 INFO Applying forward transformations in pipeline
2022-11-22 11:20:32,440 INFO All forward transformations applied
2022-11-22 11:20:32,441 INFO Loaded 2048 images
2022-11-22 11:20:32,442 INFO Initializing density
2022-11-22 11:20:55,113 DEBUG Corresponding type is already real float64.
2022-11-22 11:20:55,113 DEBUG nufft passed real_type for signal, converting
2022-11-22 11:21:35,004 DEBUG Corresponding type is already real float64.
2022-11-22 11:21:35,004 DEBUG nufft passed real_type for signal, converting
2022-11-22 11:23:38,987 DEBUG Corresponding type is already real float64.
2022-11-22 11:23:38,987 DEBUG nufft passed real_type for signal, converting
2022-11-22 11:24:40,140 DEBUG Corresponding type is already real float64.
2022-11-22 11:24:40,140 DEBUG nufft passed real_type for signal, converting
2022-11-22 11:25:47,016 DEBUG Corresponding type is already real float64.
2022-11-22 11:25:47,017 DEBUG nufft passed real_type for signal, converting
2022-11-22 11:29:05,978 DEBUG Corresponding type is already real float64.
2022-11-22 11:29:05,979 DEBUG nufft passed real_type for signal, converting
2022-11-22 11:33:07,137 DEBUG Corresponding type is already real float64.
2022-11-22 11:33:07,137 DEBUG nufft passed real_type for signal, converting
2022-11-22 11:37:39,938 DEBUG Corresponding type is already real float64.
2022-11-22 11:37:39,938 DEBUG nufft passed real_type for signal, converting
2022-11-22 11:37:50,695 DEBUG Corresponding type is already real float64.
2022-11-22 11:37:50,695 DEBUG nufft passed real_type for signal, converting
2022-11-22 11:38:35,256 DEBUG Corresponding type is already real float64.
2022-11-22 11:38:35,256 DEBUG nufft passed real_type for signal, converting
2022-11-22 11:41:13,056 DEBUG Corresponding type is already real float64.
2022-11-22 11:41:13,056 DEBUG nufft passed real_type for signal, converting
2022-11-22 11:41:32,566 DEBUG Corresponding type is already real float64.
2022-11-22 11:41:32,566 DEBUG nufft passed real_type for signal, converting
2022-11-22 11:43:23,862 DEBUG Corresponding type is already real float64.
2022-11-22 11:43:23,862 DEBUG nufft passed real_type for signal, converting
2022-11-22 11:44:26,979 DEBUG Corresponding type is already real float64.
2022-11-22 11:44:26,980 DEBUG nufft passed real_type for signal, converting
2022-11-22 11:44:40,057 DEBUG Corresponding type is already real float64.
2022-11-22 11:44:40,057 DEBUG nufft passed real_type for signal, converting
