2021-12-15 14:30:05,097 DEBUG Using fontManager instance from /Users/wdiepeveen/.matplotlib/fontlist-v330.json
2021-12-15 14:30:05,428 DEBUG Loaded backend module://backend_interagg version unknown.
2021-12-15 14:30:06,278 INFO Results folder is /Users/wdiepeveen/Documents/PhD/Projects/2 - Cryo-EM/src/src/Cryo-EM/tools/../results/expB1_21-12-15_14-30-06_L65_N512_r1_k90_lamV10_lamD500
2021-12-15 14:30:06,279 INFO Start Experiment
2021-12-15 14:30:06,280 INFO This experiment illustrates orientation refinement using a lifting approach
2021-12-15 14:30:06,438 INFO Computing 512 means of 14761 points in at most 20 steps...
2021-12-15 14:30:36,222 INFO Compute adjoint forward mapping on the images
2021-12-15 14:30:36,223 INFO Running through projections 0/512 = 0.0%
2021-12-15 14:30:36,460 DEBUG Corresponding type is already complex complex64.
2021-12-15 14:30:36,461 INFO Trying NFFT backend finufft
2021-12-15 14:30:36,469 INFO NFFT backend finufft usable.
2021-12-15 14:30:36,469 INFO Trying NFFT backend cufinufft
2021-12-15 14:30:36,470 INFO NFFT backend cufinufft not usable:
	No module named 'pycuda'
2021-12-15 14:30:36,470 INFO Trying NFFT backend pynfft
2021-12-15 14:30:36,470 INFO NFFT backend pynfft not usable:
	No module named 'pynfft'
2021-12-15 14:30:36,470 INFO Selected NFFT backend = finufft.
2021-12-15 14:30:36,528 DEBUG FinufftPlan adjusted eps=1.1920928955078125e-07 from requested 1e-08.
2021-12-15 14:30:36,812 INFO Determined adjoint mappings. Shape = (65, 65, 65)
2021-12-15 14:30:36,815 INFO Running through projections 0/512 = 0.0%
2021-12-15 14:30:37,013 DEBUG Corresponding type is already real float32.
2021-12-15 14:30:37,013 DEBUG anufft passed real_type for signal, converting
2021-12-15 14:30:37,058 DEBUG FinufftPlan adjusted eps=1.1920928955078125e-07 from requested 1e-08.
2021-12-15 14:30:37,596 INFO Computing non-centered Fourier Transform
2021-12-15 14:30:37,871 INFO Start Postprocessing
2021-12-15 14:30:37,871 INFO Postprocessing started
2021-12-15 14:30:41,267 CRITICAL 'SNR'
Traceback:
  File "/Users/wdiepeveen/Documents/PhD/Projects/2 - Cryo-EM/src/src/Cryo-EM/projects/lifting_v2/experiments/experimentB1/experiment.py", line 53, in <module>
    data_filename=data_filename,
  File "/Users/wdiepeveen/Documents/PhD/Projects/2 - Cryo-EM/src/src/Cryo-EM/projects/lifting_v2/experiments/experimentB1/E2_post_processing.py", line 50, in post_processing
    snr = solver_data["SNR"]

